[2025-02-01T19:58:47.717+0000] {local_task_job_runner.py:123} INFO - ::group::Pre task execution logs
[2025-02-01T19:58:47.735+0000] {taskinstance.py:2613} INFO - Dependencies all met for dep_context=non-requeueable deps ti=<TaskInstance: dag_with_postgres_operator_v03.create_postgres_table scheduled__2025-01-28T00:00:00+00:00 [queued]>
[2025-02-01T19:58:47.746+0000] {taskinstance.py:2613} INFO - Dependencies all met for dep_context=requeueable deps ti=<TaskInstance: dag_with_postgres_operator_v03.create_postgres_table scheduled__2025-01-28T00:00:00+00:00 [queued]>
[2025-02-01T19:58:47.747+0000] {taskinstance.py:2866} INFO - Starting attempt 1 of 6
[2025-02-01T19:58:47.781+0000] {taskinstance.py:2889} INFO - Executing <Task(PostgresOperator): create_postgres_table> on 2025-01-28 00:00:00+00:00
[2025-02-01T19:58:47.786+0000] {standard_task_runner.py:72} INFO - Started process 190 to run task
[2025-02-01T19:58:47.789+0000] {standard_task_runner.py:104} INFO - Running: ['airflow', 'tasks', 'run', 'dag_with_postgres_operator_v03', 'create_postgres_table', 'scheduled__2025-01-28T00:00:00+00:00', '--job-id', '91', '--raw', '--subdir', 'DAGS_FOLDER/dag_with_postgres_operator.py', '--cfg-path', '/tmp/tmp5nnnjdzd']
[2025-02-01T19:58:47.792+0000] {standard_task_runner.py:105} INFO - Job 91: Subtask create_postgres_table
[2025-02-01T19:58:47.863+0000] {task_command.py:467} INFO - Running <TaskInstance: dag_with_postgres_operator_v03.create_postgres_table scheduled__2025-01-28T00:00:00+00:00 [running]> on host ba586a51095f
[2025-02-01T19:58:47.978+0000] {taskinstance.py:3132} INFO - Exporting env vars: AIRFLOW_CTX_DAG_OWNER='coder2j' AIRFLOW_CTX_DAG_ID='dag_with_postgres_operator_v03' AIRFLOW_CTX_TASK_ID='create_postgres_table' AIRFLOW_CTX_EXECUTION_DATE='2025-01-28T00:00:00+00:00' AIRFLOW_CTX_TRY_NUMBER='1' AIRFLOW_CTX_DAG_RUN_ID='scheduled__2025-01-28T00:00:00+00:00'
[2025-02-01T19:58:47.979+0000] {taskinstance.py:731} INFO - ::endgroup::
[2025-02-01T19:58:47.996+0000] {sql.py:278} INFO - Executing: 
            create table if not exists dag_runs (
                dt date,
                dag_id character varying,
                primary key (dt, dag_id)
            )
        
[2025-02-01T19:58:48.009+0000] {base.py:84} INFO - Retrieving connection 'postgres_localhost'
[2025-02-01T19:58:48.093+0000] {base.py:84} INFO - Retrieving connection 'postgres_localhost'
[2025-02-01T19:58:48.107+0000] {sql.py:553} INFO - Running statement: 
            create table if not exists dag_runs (
                dt date,
                dag_id character varying,
                primary key (dt, dag_id)
            )
        , parameters: None
[2025-02-01T19:58:48.123+0000] {taskinstance.py:340} INFO - ::group::Post task execution logs
[2025-02-01T19:58:48.124+0000] {taskinstance.py:352} INFO - Marking task as SUCCESS. dag_id=dag_with_postgres_operator_v03, task_id=create_postgres_table, run_id=scheduled__2025-01-28T00:00:00+00:00, execution_date=20250128T000000, start_date=20250201T195847, end_date=20250201T195848
[2025-02-01T19:58:48.178+0000] {local_task_job_runner.py:266} INFO - Task exited with return code 0
[2025-02-01T19:58:48.223+0000] {taskinstance.py:3895} INFO - 1 downstream tasks scheduled from follow-on schedule check
[2025-02-01T19:58:48.231+0000] {local_task_job_runner.py:245} INFO - ::endgroup::
