[2025-02-10T08:38:31.852+0000] {local_task_job_runner.py:123} INFO - ::group::Pre task execution logs
[2025-02-10T08:38:31.980+0000] {taskinstance.py:2613} INFO - Dependencies all met for dep_context=non-requeueable deps ti=<TaskInstance: Temp_elt_postgres.extract_weather_data scheduled__2025-02-09T00:00:00+00:00 [queued]>
[2025-02-10T08:38:32.020+0000] {taskinstance.py:2613} INFO - Dependencies all met for dep_context=requeueable deps ti=<TaskInstance: Temp_elt_postgres.extract_weather_data scheduled__2025-02-09T00:00:00+00:00 [queued]>
[2025-02-10T08:38:32.025+0000] {taskinstance.py:2866} INFO - Starting attempt 1 of 2
[2025-02-10T08:38:32.250+0000] {taskinstance.py:2889} INFO - Executing <Task(PythonOperator): extract_weather_data> on 2025-02-09 00:00:00+00:00
[2025-02-10T08:38:32.283+0000] {standard_task_runner.py:104} INFO - Running: ['airflow', 'tasks', 'run', 'Temp_elt_postgres', 'extract_weather_data', 'scheduled__2025-02-09T00:00:00+00:00', '--job-id', '258', '--raw', '--subdir', 'DAGS_FOLDER/weather_etl_postgres.py', '--cfg-path', '/tmp/tmpjjasljx2']
[2025-02-10T08:38:32.289+0000] {standard_task_runner.py:105} INFO - Job 258: Subtask extract_weather_data
[2025-02-10T08:38:32.318+0000] {logging_mixin.py:190} WARNING - /home/airflow/.local/lib/python3.12/site-packages/airflow/task/task_runner/standard_task_runner.py:70 DeprecationWarning: This process (pid=573) is multi-threaded, use of fork() may lead to deadlocks in the child.
[2025-02-10T08:38:32.321+0000] {standard_task_runner.py:72} INFO - Started process 583 to run task
[2025-02-10T08:38:32.717+0000] {task_command.py:467} INFO - Running <TaskInstance: Temp_elt_postgres.extract_weather_data scheduled__2025-02-09T00:00:00+00:00 [running]> on host 5b749ffe9c98
[2025-02-10T08:38:33.370+0000] {taskinstance.py:3132} INFO - Exporting env vars: AIRFLOW_CTX_DAG_OWNER='zalihat' AIRFLOW_CTX_DAG_ID='Temp_elt_postgres' AIRFLOW_CTX_TASK_ID='extract_weather_data' AIRFLOW_CTX_EXECUTION_DATE='2025-02-09T00:00:00+00:00' AIRFLOW_CTX_TRY_NUMBER='1' AIRFLOW_CTX_DAG_RUN_ID='scheduled__2025-02-09T00:00:00+00:00'
[2025-02-10T08:38:33.399+0000] {taskinstance.py:731} INFO - ::endgroup::
[2025-02-10T08:38:34.881+0000] {logging_mixin.py:190} INFO - {'location': {'name': 'Gwagwaldda', 'region': 'Federal Capital Territory', 'country': 'Nigeria', 'lat': 8.9414, 'lon': 7.0919, 'tz_id': 'Africa/Lagos', 'localtime_epoch': 1739176214, 'localtime': '2025-02-10 09:30'}, 'current': {'last_updated_epoch': 1739176200, 'last_updated': '2025-02-10 09:30', 'temp_c': 28.3, 'temp_f': 82.9, 'is_day': 1, 'condition': {'text': 'Mist', 'icon': '//cdn.weatherapi.com/weather/64x64/day/143.png', 'code': 1030}, 'wind_mph': 3.8, 'wind_kph': 6.1, 'wind_degree': 131, 'wind_dir': 'SE', 'pressure_mb': 1010.0, 'pressure_in': 29.83, 'precip_mm': 0.0, 'precip_in': 0.0, 'humidity': 33, 'cloud': 0, 'feelslike_c': 26.3, 'feelslike_f': 79.3, 'windchill_c': 30.1, 'windchill_f': 86.1, 'heatindex_c': 27.8, 'heatindex_f': 82.1, 'dewpoint_c': -1.0, 'dewpoint_f': 30.2, 'vis_km': 5.0, 'vis_miles': 3.0, 'uv': 2.0, 'gust_mph': 4.4, 'gust_kph': 7.1}}
[2025-02-10T08:38:35.214+0000] {logging_mixin.py:190} INFO -   location.name            location.region  ... current.gust_mph  current.gust_kph
0    Gwagwaldda  Federal Capital Territory  ...              4.4               7.1

[1 rows x 39 columns]
[2025-02-10T08:38:35.291+0000] {logging_mixin.py:190} INFO - Raw data saved partitioned by date.
[2025-02-10T08:38:35.323+0000] {python.py:240} INFO - Done. Returned value was: None
[2025-02-10T08:38:35.392+0000] {taskinstance.py:340} INFO - ::group::Post task execution logs
[2025-02-10T08:38:35.394+0000] {taskinstance.py:352} INFO - Marking task as SUCCESS. dag_id=Temp_elt_postgres, task_id=extract_weather_data, run_id=scheduled__2025-02-09T00:00:00+00:00, execution_date=20250209T000000, start_date=20250210T083831, end_date=20250210T083835
[2025-02-10T08:38:35.518+0000] {local_task_job_runner.py:266} INFO - Task exited with return code 0
[2025-02-10T08:38:35.667+0000] {taskinstance.py:3895} INFO - 1 downstream tasks scheduled from follow-on schedule check
[2025-02-10T08:38:35.715+0000] {local_task_job_runner.py:245} INFO - ::endgroup::
