[2025-01-26T16:40:31.855+0000] {local_task_job_runner.py:123} INFO - ::group::Pre task execution logs
[2025-01-26T16:40:31.869+0000] {taskinstance.py:2613} INFO - Dependencies all met for dep_context=non-requeueable deps ti=<TaskInstance: dag_with_postgres_operator_v03.create_postgres_table scheduled__2025-01-23T00:00:00+00:00 [queued]>
[2025-01-26T16:40:31.876+0000] {taskinstance.py:2613} INFO - Dependencies all met for dep_context=requeueable deps ti=<TaskInstance: dag_with_postgres_operator_v03.create_postgres_table scheduled__2025-01-23T00:00:00+00:00 [queued]>
[2025-01-26T16:40:31.877+0000] {taskinstance.py:2866} INFO - Starting attempt 1 of 6
[2025-01-26T16:40:31.961+0000] {taskinstance.py:2889} INFO - Executing <Task(PostgresOperator): create_postgres_table> on 2025-01-23 00:00:00+00:00
[2025-01-26T16:40:32.010+0000] {standard_task_runner.py:72} INFO - Started process 588 to run task
[2025-01-26T16:40:32.016+0000] {standard_task_runner.py:104} INFO - Running: ['airflow', 'tasks', 'run', 'dag_with_postgres_operator_v03', 'create_postgres_table', 'scheduled__2025-01-23T00:00:00+00:00', '--job-id', '26', '--raw', '--subdir', 'DAGS_FOLDER/dag_with_postgres_operator.py', '--cfg-path', '/tmp/tmpxiva_243']
[2025-01-26T16:40:32.024+0000] {standard_task_runner.py:105} INFO - Job 26: Subtask create_postgres_table
[2025-01-26T16:40:32.088+0000] {task_command.py:467} INFO - Running <TaskInstance: dag_with_postgres_operator_v03.create_postgres_table scheduled__2025-01-23T00:00:00+00:00 [running]> on host e707c27216fc
[2025-01-26T16:40:32.187+0000] {taskinstance.py:3132} INFO - Exporting env vars: AIRFLOW_CTX_DAG_OWNER='coder2j' AIRFLOW_CTX_DAG_ID='dag_with_postgres_operator_v03' AIRFLOW_CTX_TASK_ID='create_postgres_table' AIRFLOW_CTX_EXECUTION_DATE='2025-01-23T00:00:00+00:00' AIRFLOW_CTX_TRY_NUMBER='1' AIRFLOW_CTX_DAG_RUN_ID='scheduled__2025-01-23T00:00:00+00:00'
[2025-01-26T16:40:32.188+0000] {taskinstance.py:731} INFO - ::endgroup::
[2025-01-26T16:40:32.205+0000] {sql.py:278} INFO - Executing: 
            create table if not exists dag_runs (
                dt date,
                dag_id character varying,
                primary key (dt, dag_id)
            )
        
[2025-01-26T16:40:32.214+0000] {base.py:84} INFO - Retrieving connection 'postgres_localhost'
[2025-01-26T16:40:32.285+0000] {base.py:84} INFO - Retrieving connection 'postgres_localhost'
[2025-01-26T16:40:32.297+0000] {sql.py:553} INFO - Running statement: 
            create table if not exists dag_runs (
                dt date,
                dag_id character varying,
                primary key (dt, dag_id)
            )
        , parameters: None
[2025-01-26T16:40:32.309+0000] {taskinstance.py:340} INFO - ::group::Post task execution logs
[2025-01-26T16:40:32.309+0000] {taskinstance.py:352} INFO - Marking task as SUCCESS. dag_id=dag_with_postgres_operator_v03, task_id=create_postgres_table, run_id=scheduled__2025-01-23T00:00:00+00:00, execution_date=20250123T000000, start_date=20250126T164031, end_date=20250126T164032
[2025-01-26T16:40:32.371+0000] {local_task_job_runner.py:266} INFO - Task exited with return code 0
[2025-01-26T16:40:32.408+0000] {taskinstance.py:3895} INFO - 1 downstream tasks scheduled from follow-on schedule check
[2025-01-26T16:40:32.414+0000] {local_task_job_runner.py:245} INFO - ::endgroup::
