[2025-01-31T19:08:58.007+0000] {local_task_job_runner.py:123} INFO - ::group::Pre task execution logs
[2025-01-31T19:08:58.026+0000] {taskinstance.py:2613} INFO - Dependencies all met for dep_context=non-requeueable deps ti=<TaskInstance: hello_world_dag.task_1 manual__2025-01-31T19:08:56.658335+00:00 [queued]>
[2025-01-31T19:08:58.039+0000] {taskinstance.py:2613} INFO - Dependencies all met for dep_context=requeueable deps ti=<TaskInstance: hello_world_dag.task_1 manual__2025-01-31T19:08:56.658335+00:00 [queued]>
[2025-01-31T19:08:58.040+0000] {taskinstance.py:2866} INFO - Starting attempt 1 of 2
[2025-01-31T19:08:58.059+0000] {taskinstance.py:2889} INFO - Executing <Task(PythonOperator): task_1> on 2025-01-31 19:08:56.658335+00:00
[2025-01-31T19:08:58.066+0000] {logging_mixin.py:190} WARNING - /home/***/.local/lib/python3.12/site-packages/***/task/task_runner/standard_task_runner.py:70 DeprecationWarning: This process (pid=371) is multi-threaded, use of fork() may lead to deadlocks in the child.
[2025-01-31T19:08:58.068+0000] {standard_task_runner.py:72} INFO - Started process 372 to run task
[2025-01-31T19:08:58.067+0000] {standard_task_runner.py:104} INFO - Running: ['***', 'tasks', 'run', 'hello_world_dag', 'task_1', 'manual__2025-01-31T19:08:56.658335+00:00', '--job-id', '5', '--raw', '--subdir', 'DAGS_FOLDER/sample.py', '--cfg-path', '/tmp/tmp_1s8k7_v']
[2025-01-31T19:08:58.069+0000] {standard_task_runner.py:105} INFO - Job 5: Subtask task_1
[2025-01-31T19:08:58.087+0000] {logging_mixin.py:190} WARNING - /home/***/.local/lib/python3.12/site-packages/***/settings.py:209 DeprecationWarning: The sql_alchemy_conn option in [core] has been moved to the sql_alchemy_conn option in [database] - the old setting has been used, but please update your config.
[2025-01-31T19:08:58.136+0000] {task_command.py:467} INFO - Running <TaskInstance: hello_world_dag.task_1 manual__2025-01-31T19:08:56.658335+00:00 [running]> on host d4185a3e91b9
[2025-01-31T19:08:58.255+0000] {taskinstance.py:3132} INFO - Exporting env vars: AIRFLOW_CTX_DAG_OWNER='***' AIRFLOW_CTX_DAG_ID='hello_world_dag' AIRFLOW_CTX_TASK_ID='task_1' AIRFLOW_CTX_EXECUTION_DATE='2025-01-31T19:08:56.658335+00:00' AIRFLOW_CTX_TRY_NUMBER='1' AIRFLOW_CTX_DAG_RUN_ID='manual__2025-01-31T19:08:56.658335+00:00'
[2025-01-31T19:08:58.257+0000] {taskinstance.py:731} INFO - ::endgroup::
[2025-01-31T19:08:58.313+0000] {logging_mixin.py:190} INFO - Task 1: Hello
[2025-01-31T19:08:58.314+0000] {python.py:240} INFO - Done. Returned value was: None
[2025-01-31T19:08:58.328+0000] {taskinstance.py:340} INFO - ::group::Post task execution logs
[2025-01-31T19:08:58.329+0000] {taskinstance.py:352} INFO - Marking task as SUCCESS. dag_id=hello_world_dag, task_id=task_1, run_id=manual__2025-01-31T19:08:56.658335+00:00, execution_date=20250131T190856, start_date=20250131T190858, end_date=20250131T190858
[2025-01-31T19:08:58.375+0000] {local_task_job_runner.py:266} INFO - Task exited with return code 0
[2025-01-31T19:08:58.410+0000] {taskinstance.py:3895} INFO - 1 downstream tasks scheduled from follow-on schedule check
[2025-01-31T19:08:58.413+0000] {local_task_job_runner.py:245} INFO - ::endgroup::
