[2025-02-02T19:36:57.824+0000] {manager.py:483} INFO - Processing files using up to 1 processes at a time 
[2025-02-02T19:36:57.825+0000] {manager.py:484} INFO - Process each file at most once every 30 seconds
[2025-02-02T19:36:57.826+0000] {manager.py:485} INFO - Checking for new files in /opt/airflow/dags every 300 seconds
[2025-02-02T19:36:57.826+0000] {manager.py:821} INFO - Searching for files in /opt/airflow/dags
[2025-02-02T19:36:57.832+0000] {manager.py:824} INFO - There are 0 files in /opt/airflow/dags
[2025-02-02T19:42:23.919+0000] {manager.py:483} INFO - Processing files using up to 1 processes at a time 
[2025-02-02T19:42:23.920+0000] {manager.py:484} INFO - Process each file at most once every 30 seconds
[2025-02-02T19:42:23.920+0000] {manager.py:485} INFO - Checking for new files in /opt/airflow/dags every 300 seconds
[2025-02-02T19:42:23.921+0000] {manager.py:821} INFO - Searching for files in /opt/airflow/dags
[2025-02-02T19:42:23.923+0000] {manager.py:824} INFO - There are 0 files in /opt/airflow/dags
[2025-02-02T19:47:24.245+0000] {manager.py:821} INFO - Searching for files in /opt/airflow/dags
[2025-02-02T19:47:24.247+0000] {manager.py:824} INFO - There are 0 files in /opt/airflow/dags
[2025-02-02T19:52:21.058+0000] {manager.py:483} INFO - Processing files using up to 1 processes at a time 
[2025-02-02T19:52:21.059+0000] {manager.py:484} INFO - Process each file at most once every 30 seconds
[2025-02-02T19:52:21.060+0000] {manager.py:485} INFO - Checking for new files in /opt/airflow/dags every 300 seconds
[2025-02-02T19:52:21.061+0000] {manager.py:821} INFO - Searching for files in /opt/airflow/dags
[2025-02-02T19:52:21.067+0000] {manager.py:824} INFO - There are 0 files in /opt/airflow/dags
[2025-02-02T19:57:39.016+0000] {manager.py:483} INFO - Processing files using up to 1 processes at a time 
[2025-02-02T19:57:39.017+0000] {manager.py:484} INFO - Process each file at most once every 30 seconds
[2025-02-02T19:57:39.018+0000] {manager.py:485} INFO - Checking for new files in /opt/airflow/dags every 300 seconds
[2025-02-02T19:57:39.019+0000] {manager.py:821} INFO - Searching for files in /opt/airflow/dags
[2025-02-02T19:57:39.024+0000] {manager.py:824} INFO - There are 0 files in /opt/airflow/dags
[2025-02-02T20:01:40.876+0000] {manager.py:483} INFO - Processing files using up to 1 processes at a time 
[2025-02-02T20:01:40.877+0000] {manager.py:484} INFO - Process each file at most once every 30 seconds
[2025-02-02T20:01:40.878+0000] {manager.py:485} INFO - Checking for new files in /opt/airflow/dags every 300 seconds
[2025-02-02T20:01:40.878+0000] {manager.py:821} INFO - Searching for files in /opt/airflow/dags
[2025-02-02T20:01:40.881+0000] {manager.py:824} INFO - There are 0 files in /opt/airflow/dags
[2025-02-02T20:06:41.286+0000] {manager.py:821} INFO - Searching for files in /opt/airflow/dags
[2025-02-02T20:06:41.298+0000] {manager.py:824} INFO - There are 1 files in /opt/airflow/dags
[2025-02-02T20:06:42.565+0000] {manager.py:997} INFO - 
================================================================================
DAG File Processing Stats

File Path                    PID    Runtime      # DAGs    # Errors  Last Runtime    Last Run               Last # of DB Queries
---------------------------  -----  ---------  --------  ----------  --------------  -------------------  ----------------------
/opt/airflow/dags/sample.py                           1           0  0.41s           2025-02-02T20:06:41                      43
================================================================================
[2025-02-02T20:07:12.722+0000] {manager.py:997} INFO - 
================================================================================
DAG File Processing Stats

File Path                    PID    Runtime      # DAGs    # Errors  Last Runtime    Last Run               Last # of DB Queries
---------------------------  -----  ---------  --------  ----------  --------------  -------------------  ----------------------
/opt/airflow/dags/sample.py                           1           0  0.21s           2025-02-02T20:07:12                      10
================================================================================
[2025-02-02T20:07:43.156+0000] {manager.py:997} INFO - 
================================================================================
DAG File Processing Stats

File Path                    PID    Runtime      # DAGs    # Errors  Last Runtime    Last Run               Last # of DB Queries
---------------------------  -----  ---------  --------  ----------  --------------  -------------------  ----------------------
/opt/airflow/dags/sample.py                           1           0  0.21s           2025-02-02T20:07:43                      10
================================================================================
[2025-02-02T20:08:13.578+0000] {manager.py:997} INFO - 
================================================================================
DAG File Processing Stats

File Path                    PID    Runtime      # DAGs    # Errors  Last Runtime    Last Run               Last # of DB Queries
---------------------------  -----  ---------  --------  ----------  --------------  -------------------  ----------------------
/opt/airflow/dags/sample.py                           1           0  0.21s           2025-02-02T20:08:13                      10
================================================================================
[2025-02-02T20:08:43.938+0000] {manager.py:997} INFO - 
================================================================================
DAG File Processing Stats

File Path                    PID    Runtime      # DAGs    # Errors  Last Runtime    Last Run               Last # of DB Queries
---------------------------  -----  ---------  --------  ----------  --------------  -------------------  ----------------------
/opt/airflow/dags/sample.py                           1           0  0.21s           2025-02-02T20:08:43                      10
================================================================================
[2025-02-02T20:09:14.224+0000] {manager.py:997} INFO - 
================================================================================
DAG File Processing Stats

File Path                    PID    Runtime      # DAGs    # Errors  Last Runtime    Last Run               Last # of DB Queries
---------------------------  -----  ---------  --------  ----------  --------------  -------------------  ----------------------
/opt/airflow/dags/sample.py                           1           0  0.21s           2025-02-02T20:09:14                      10
================================================================================
[2025-02-02T20:09:44.576+0000] {manager.py:997} INFO - 
================================================================================
DAG File Processing Stats

File Path                    PID    Runtime      # DAGs    # Errors  Last Runtime    Last Run               Last # of DB Queries
---------------------------  -----  ---------  --------  ----------  --------------  -------------------  ----------------------
/opt/airflow/dags/sample.py                           1           0  0.20s           2025-02-02T20:09:44                      10
================================================================================
[2025-02-02T20:10:14.983+0000] {manager.py:997} INFO - 
================================================================================
DAG File Processing Stats

File Path                    PID    Runtime      # DAGs    # Errors  Last Runtime    Last Run               Last # of DB Queries
---------------------------  -----  ---------  --------  ----------  --------------  -------------------  ----------------------
/opt/airflow/dags/sample.py                           1           0  0.20s           2025-02-02T20:10:14                      10
================================================================================
[2025-02-02T20:10:45.360+0000] {manager.py:997} INFO - 
================================================================================
DAG File Processing Stats

File Path                    PID    Runtime      # DAGs    # Errors  Last Runtime    Last Run               Last # of DB Queries
---------------------------  -----  ---------  --------  ----------  --------------  -------------------  ----------------------
/opt/airflow/dags/sample.py                           1           0  0.21s           2025-02-02T20:10:45                      10
================================================================================
[2025-02-02T20:11:15.733+0000] {manager.py:997} INFO - 
================================================================================
DAG File Processing Stats

File Path                    PID    Runtime      # DAGs    # Errors  Last Runtime    Last Run               Last # of DB Queries
---------------------------  -----  ---------  --------  ----------  --------------  -------------------  ----------------------
/opt/airflow/dags/sample.py                           1           0  0.21s           2025-02-02T20:11:15                      10
================================================================================
[2025-02-02T20:11:42.170+0000] {manager.py:821} INFO - Searching for files in /opt/airflow/dags
[2025-02-02T20:11:42.184+0000] {manager.py:824} INFO - There are 1 files in /opt/airflow/dags
[2025-02-02T20:11:46.115+0000] {manager.py:997} INFO - 
================================================================================
DAG File Processing Stats

File Path                    PID    Runtime      # DAGs    # Errors  Last Runtime    Last Run               Last # of DB Queries
---------------------------  -----  ---------  --------  ----------  --------------  -------------------  ----------------------
/opt/airflow/dags/sample.py                           1           0  0.21s           2025-02-02T20:11:46                      10
================================================================================
[2025-02-02T20:12:16.521+0000] {manager.py:997} INFO - 
================================================================================
DAG File Processing Stats

File Path                    PID    Runtime      # DAGs    # Errors  Last Runtime    Last Run               Last # of DB Queries
---------------------------  -----  ---------  --------  ----------  --------------  -------------------  ----------------------
/opt/airflow/dags/sample.py                           1           0  0.21s           2025-02-02T20:12:16                      10
================================================================================
[2025-02-02T20:12:46.968+0000] {manager.py:997} INFO - 
================================================================================
DAG File Processing Stats

File Path                    PID    Runtime      # DAGs    # Errors  Last Runtime    Last Run               Last # of DB Queries
---------------------------  -----  ---------  --------  ----------  --------------  -------------------  ----------------------
/opt/airflow/dags/sample.py                           1           0  0.21s           2025-02-02T20:12:46                      10
================================================================================
[2025-02-02T20:13:17.240+0000] {manager.py:997} INFO - 
================================================================================
DAG File Processing Stats

File Path                    PID    Runtime      # DAGs    # Errors  Last Runtime    Last Run               Last # of DB Queries
---------------------------  -----  ---------  --------  ----------  --------------  -------------------  ----------------------
/opt/airflow/dags/sample.py                           1           0  0.21s           2025-02-02T20:13:17                      10
================================================================================
[2025-02-02T20:13:47.649+0000] {manager.py:997} INFO - 
================================================================================
DAG File Processing Stats

File Path                    PID    Runtime      # DAGs    # Errors  Last Runtime    Last Run               Last # of DB Queries
---------------------------  -----  ---------  --------  ----------  --------------  -------------------  ----------------------
/opt/airflow/dags/sample.py                           1           0  0.21s           2025-02-02T20:13:47                      10
================================================================================
[2025-02-02T20:14:18.037+0000] {manager.py:997} INFO - 
================================================================================
DAG File Processing Stats

File Path                    PID    Runtime      # DAGs    # Errors  Last Runtime    Last Run               Last # of DB Queries
---------------------------  -----  ---------  --------  ----------  --------------  -------------------  ----------------------
/opt/airflow/dags/sample.py                           1           0  0.21s           2025-02-02T20:14:18                      10
================================================================================
[2025-02-02T20:14:48.386+0000] {manager.py:997} INFO - 
================================================================================
DAG File Processing Stats

File Path                    PID    Runtime      # DAGs    # Errors  Last Runtime    Last Run               Last # of DB Queries
---------------------------  -----  ---------  --------  ----------  --------------  -------------------  ----------------------
/opt/airflow/dags/sample.py                           1           0  0.21s           2025-02-02T20:14:48                      10
================================================================================
[2025-02-02T20:15:18.778+0000] {manager.py:997} INFO - 
================================================================================
DAG File Processing Stats

File Path                    PID    Runtime      # DAGs    # Errors  Last Runtime    Last Run               Last # of DB Queries
---------------------------  -----  ---------  --------  ----------  --------------  -------------------  ----------------------
/opt/airflow/dags/sample.py                           1           0  0.21s           2025-02-02T20:15:18                      10
================================================================================
[2025-02-02T20:15:49.142+0000] {manager.py:997} INFO - 
================================================================================
DAG File Processing Stats

File Path                    PID    Runtime      # DAGs    # Errors  Last Runtime    Last Run               Last # of DB Queries
---------------------------  -----  ---------  --------  ----------  --------------  -------------------  ----------------------
/opt/airflow/dags/sample.py                           1           0  0.20s           2025-02-02T20:15:49                      10
================================================================================
[2025-02-02T20:16:19.510+0000] {manager.py:997} INFO - 
================================================================================
DAG File Processing Stats

File Path                    PID    Runtime      # DAGs    # Errors  Last Runtime    Last Run               Last # of DB Queries
---------------------------  -----  ---------  --------  ----------  --------------  -------------------  ----------------------
/opt/airflow/dags/sample.py                           1           0  0.21s           2025-02-02T20:16:19                      10
================================================================================
[2025-02-02T20:31:22.145+0000] {manager.py:821} INFO - Searching for files in /opt/airflow/dags
[2025-02-02T20:31:22.394+0000] {manager.py:824} INFO - There are 1 files in /opt/airflow/dags
[2025-02-02T20:31:22.718+0000] {manager.py:997} INFO - 
================================================================================
DAG File Processing Stats

File Path                    PID    Runtime      # DAGs    # Errors  Last Runtime    Last Run               Last # of DB Queries
---------------------------  -----  ---------  --------  ----------  --------------  -------------------  ----------------------
/opt/airflow/dags/sample.py                           1           0  0.21s           2025-02-02T20:31:22                      10
================================================================================
[2025-02-02T20:31:53.486+0000] {manager.py:997} INFO - 
================================================================================
DAG File Processing Stats

File Path                    PID    Runtime      # DAGs    # Errors  Last Runtime    Last Run               Last # of DB Queries
---------------------------  -----  ---------  --------  ----------  --------------  -------------------  ----------------------
/opt/airflow/dags/sample.py                           1           0  0.21s           2025-02-02T20:31:53                      10
================================================================================
[2025-02-02T20:47:08.579+0000] {manager.py:821} INFO - Searching for files in /opt/airflow/dags
[2025-02-02T20:47:08.708+0000] {manager.py:824} INFO - There are 1 files in /opt/airflow/dags
[2025-02-02T20:47:09.183+0000] {manager.py:997} INFO - 
================================================================================
DAG File Processing Stats

File Path                    PID    Runtime      # DAGs    # Errors  Last Runtime    Last Run               Last # of DB Queries
---------------------------  -----  ---------  --------  ----------  --------------  -------------------  ----------------------
/opt/airflow/dags/sample.py                           1           0  0.21s           2025-02-02T20:47:09                      10
================================================================================
[2025-02-02T20:47:49.267+0000] {manager.py:997} INFO - 
================================================================================
DAG File Processing Stats

File Path                    PID    Runtime      # DAGs    # Errors  Last Runtime    Last Run               Last # of DB Queries
---------------------------  -----  ---------  --------  ----------  --------------  -------------------  ----------------------
/opt/airflow/dags/sample.py                           1           0  6.73s           2025-02-02T20:47:49                      10
================================================================================
[2025-02-02T21:01:44.879+0000] {manager.py:821} INFO - Searching for files in /opt/airflow/dags
[2025-02-02T21:01:44.926+0000] {manager.py:824} INFO - There are 1 files in /opt/airflow/dags
[2025-02-02T21:01:45.182+0000] {manager.py:997} INFO - 
================================================================================
DAG File Processing Stats

File Path                    PID    Runtime      # DAGs    # Errors  Last Runtime    Last Run               Last # of DB Queries
---------------------------  -----  ---------  --------  ----------  --------------  -------------------  ----------------------
/opt/airflow/dags/sample.py                           1           0  0.21s           2025-02-02T21:01:45                      10
================================================================================
[2025-02-02T21:02:29.931+0000] {manager.py:997} INFO - 
================================================================================
DAG File Processing Stats

File Path                    PID    Runtime      # DAGs    # Errors  Last Runtime    Last Run               Last # of DB Queries
---------------------------  -----  ---------  --------  ----------  --------------  -------------------  ----------------------
/opt/airflow/dags/sample.py                           1           0  8.72s           2025-02-02T21:02:29                      10
================================================================================
[2025-02-02T21:16:22.004+0000] {manager.py:821} INFO - Searching for files in /opt/airflow/dags
[2025-02-02T21:16:22.479+0000] {manager.py:824} INFO - There are 1 files in /opt/airflow/dags
[2025-02-02T21:16:23.059+0000] {manager.py:997} INFO - 
================================================================================
DAG File Processing Stats

File Path                    PID    Runtime      # DAGs    # Errors  Last Runtime    Last Run               Last # of DB Queries
---------------------------  -----  ---------  --------  ----------  --------------  -------------------  ----------------------
/opt/airflow/dags/sample.py                           1           0  0.31s           2025-02-02T21:16:23                      10
================================================================================
[2025-02-02T21:17:04.181+0000] {manager.py:997} INFO - 
================================================================================
DAG File Processing Stats

File Path                    PID    Runtime      # DAGs    # Errors  Last Runtime    Last Run               Last # of DB Queries
---------------------------  -----  ---------  --------  ----------  --------------  -------------------  ----------------------
/opt/airflow/dags/sample.py                           1           0  8.57s           2025-02-02T21:17:04                      10
================================================================================
[2025-02-02T21:21:18.800+0000] {manager.py:997} INFO - 
================================================================================
DAG File Processing Stats

File Path                    PID    Runtime      # DAGs    # Errors  Last Runtime    Last Run               Last # of DB Queries
---------------------------  -----  ---------  --------  ----------  --------------  -------------------  ----------------------
/opt/airflow/dags/sample.py                           1           0  0.52s           2025-02-02T21:21:18                      10
================================================================================
[2025-02-02T21:21:22.196+0000] {manager.py:821} INFO - Searching for files in /opt/airflow/dags
[2025-02-02T21:21:22.208+0000] {manager.py:824} INFO - There are 1 files in /opt/airflow/dags
[2025-02-02T21:21:59.895+0000] {manager.py:997} INFO - 
================================================================================
DAG File Processing Stats

File Path                    PID    Runtime      # DAGs    # Errors  Last Runtime    Last Run               Last # of DB Queries
---------------------------  -----  ---------  --------  ----------  --------------  -------------------  ----------------------
/opt/airflow/dags/sample.py                           1           0  6.90s           2025-02-02T21:21:59                      10
================================================================================
[2025-02-02T21:26:05.025+0000] {manager.py:997} INFO - 
================================================================================
DAG File Processing Stats

File Path                    PID    Runtime      # DAGs    # Errors  Last Runtime    Last Run               Last # of DB Queries
---------------------------  -----  ---------  --------  ----------  --------------  -------------------  ----------------------
/opt/airflow/dags/sample.py                           1           0  0.50s           2025-02-02T21:26:05                      10
================================================================================
[2025-02-02T21:26:23.751+0000] {manager.py:821} INFO - Searching for files in /opt/airflow/dags
[2025-02-02T21:26:24.031+0000] {manager.py:824} INFO - There are 1 files in /opt/airflow/dags
[2025-02-02T21:26:45.091+0000] {manager.py:997} INFO - 
================================================================================
DAG File Processing Stats

File Path                    PID    Runtime      # DAGs    # Errors  Last Runtime    Last Run               Last # of DB Queries
---------------------------  -----  ---------  --------  ----------  --------------  -------------------  ----------------------
/opt/airflow/dags/sample.py                           1           0  8.51s           2025-02-02T21:26:45                      10
================================================================================
[2025-02-02T21:41:51.202+0000] {manager.py:821} INFO - Searching for files in /opt/airflow/dags
[2025-02-02T21:41:51.820+0000] {manager.py:824} INFO - There are 1 files in /opt/airflow/dags
[2025-02-02T21:41:52.316+0000] {manager.py:997} INFO - 
================================================================================
DAG File Processing Stats

File Path                    PID    Runtime      # DAGs    # Errors  Last Runtime    Last Run               Last # of DB Queries
---------------------------  -----  ---------  --------  ----------  --------------  -------------------  ----------------------
/opt/airflow/dags/sample.py                           1           0  0.32s           2025-02-02T21:41:52                      10
================================================================================
[2025-02-02T21:42:33.837+0000] {manager.py:997} INFO - 
================================================================================
DAG File Processing Stats

File Path                    PID    Runtime      # DAGs    # Errors  Last Runtime    Last Run               Last # of DB Queries
---------------------------  -----  ---------  --------  ----------  --------------  -------------------  ----------------------
/opt/airflow/dags/sample.py                           1           0  7.34s           2025-02-02T21:42:33                      10
================================================================================
[2025-02-02T21:43:05.077+0000] {manager.py:997} INFO - 
================================================================================
DAG File Processing Stats

File Path                    PID    Runtime      # DAGs    # Errors  Last Runtime    Last Run               Last # of DB Queries
---------------------------  -----  ---------  --------  ----------  --------------  -------------------  ----------------------
/opt/airflow/dags/sample.py                           1           0  0.52s           2025-02-02T21:43:05                      10
================================================================================
[2025-02-02T21:43:35.850+0000] {manager.py:997} INFO - 
================================================================================
DAG File Processing Stats

File Path                    PID    Runtime      # DAGs    # Errors  Last Runtime    Last Run               Last # of DB Queries
---------------------------  -----  ---------  --------  ----------  --------------  -------------------  ----------------------
/opt/airflow/dags/sample.py                           1           0  0.32s           2025-02-02T21:43:35                      10
================================================================================
[2025-02-02T21:52:19.147+0000] {manager.py:821} INFO - Searching for files in /opt/airflow/dags
[2025-02-02T21:52:19.726+0000] {manager.py:824} INFO - There are 1 files in /opt/airflow/dags
[2025-02-02T21:52:20.236+0000] {manager.py:997} INFO - 
================================================================================
DAG File Processing Stats

File Path                    PID    Runtime      # DAGs    # Errors  Last Runtime    Last Run               Last # of DB Queries
---------------------------  -----  ---------  --------  ----------  --------------  -------------------  ----------------------
/opt/airflow/dags/sample.py                           1           0  0.31s           2025-02-02T21:52:20                      10
================================================================================
[2025-02-02T21:53:00.281+0000] {manager.py:997} INFO - 
================================================================================
DAG File Processing Stats

File Path                    PID    Runtime      # DAGs    # Errors  Last Runtime    Last Run               Last # of DB Queries
---------------------------  -----  ---------  --------  ----------  --------------  -------------------  ----------------------
/opt/airflow/dags/sample.py                           1           0  7.67s           2025-02-02T21:53:00                      10
================================================================================
[2025-02-02T22:11:34.021+0000] {manager.py:821} INFO - Searching for files in /opt/airflow/dags
[2025-02-02T22:11:34.043+0000] {manager.py:824} INFO - There are 1 files in /opt/airflow/dags
[2025-02-02T22:11:34.607+0000] {manager.py:997} INFO - 
================================================================================
DAG File Processing Stats

File Path                    PID    Runtime      # DAGs    # Errors  Last Runtime    Last Run               Last # of DB Queries
---------------------------  -----  ---------  --------  ----------  --------------  -------------------  ----------------------
/opt/airflow/dags/sample.py                           1           0  0.32s           2025-02-02T22:11:34                      10
================================================================================
[2025-02-02T22:12:17.267+0000] {manager.py:997} INFO - 
================================================================================
DAG File Processing Stats

File Path                    PID    Runtime      # DAGs    # Errors  Last Runtime    Last Run               Last # of DB Queries
---------------------------  -----  ---------  --------  ----------  --------------  -------------------  ----------------------
/opt/airflow/dags/sample.py                           1           0  7.52s           2025-02-02T22:12:17                      10
================================================================================
[2025-02-02T22:27:23.295+0000] {manager.py:821} INFO - Searching for files in /opt/airflow/dags
[2025-02-02T22:27:23.307+0000] {manager.py:824} INFO - There are 1 files in /opt/airflow/dags
[2025-02-02T22:27:23.566+0000] {manager.py:997} INFO - 
================================================================================
DAG File Processing Stats

File Path                    PID    Runtime      # DAGs    # Errors  Last Runtime    Last Run               Last # of DB Queries
---------------------------  -----  ---------  --------  ----------  --------------  -------------------  ----------------------
/opt/airflow/dags/sample.py                           1           0  0.21s           2025-02-02T22:27:23                      10
================================================================================
[2025-02-02T22:28:05.200+0000] {manager.py:997} INFO - 
================================================================================
DAG File Processing Stats

File Path                    PID    Runtime      # DAGs    # Errors  Last Runtime    Last Run               Last # of DB Queries
---------------------------  -----  ---------  --------  ----------  --------------  -------------------  ----------------------
/opt/airflow/dags/sample.py                           1           0  7.57s           2025-02-02T22:28:05                      10
================================================================================
[2025-02-02T22:28:35.539+0000] {manager.py:997} INFO - 
================================================================================
DAG File Processing Stats

File Path                    PID    Runtime      # DAGs    # Errors  Last Runtime    Last Run               Last # of DB Queries
---------------------------  -----  ---------  --------  ----------  --------------  -------------------  ----------------------
/opt/airflow/dags/sample.py                           1           0  0.31s           2025-02-02T22:28:35                      10
================================================================================
[2025-02-02T22:29:06.388+0000] {manager.py:997} INFO - 
================================================================================
DAG File Processing Stats

File Path                    PID    Runtime      # DAGs    # Errors  Last Runtime    Last Run               Last # of DB Queries
---------------------------  -----  ---------  --------  ----------  --------------  -------------------  ----------------------
/opt/airflow/dags/sample.py                           1           0  0.21s           2025-02-02T22:29:06                      10
================================================================================
[2025-02-02T22:29:37.040+0000] {manager.py:997} INFO - 
================================================================================
DAG File Processing Stats

File Path                    PID    Runtime      # DAGs    # Errors  Last Runtime    Last Run               Last # of DB Queries
---------------------------  -----  ---------  --------  ----------  --------------  -------------------  ----------------------
/opt/airflow/dags/sample.py                           1           0  0.41s           2025-02-02T22:29:37                      10
================================================================================
[2025-02-02T22:30:08.297+0000] {manager.py:997} INFO - 
================================================================================
DAG File Processing Stats

File Path                    PID    Runtime      # DAGs    # Errors  Last Runtime    Last Run               Last # of DB Queries
---------------------------  -----  ---------  --------  ----------  --------------  -------------------  ----------------------
/opt/airflow/dags/sample.py                           1           0  0.21s           2025-02-02T22:30:08                      10
================================================================================
[2025-02-02T22:30:38.524+0000] {manager.py:997} INFO - 
================================================================================
DAG File Processing Stats

File Path                    PID    Runtime      # DAGs    # Errors  Last Runtime    Last Run               Last # of DB Queries
---------------------------  -----  ---------  --------  ----------  --------------  -------------------  ----------------------
/opt/airflow/dags/sample.py                           1           0  0.21s           2025-02-02T22:30:38                      10
================================================================================
[2025-02-02T22:31:08.788+0000] {manager.py:997} INFO - 
================================================================================
DAG File Processing Stats

File Path                    PID    Runtime      # DAGs    # Errors  Last Runtime    Last Run               Last # of DB Queries
---------------------------  -----  ---------  --------  ----------  --------------  -------------------  ----------------------
/opt/airflow/dags/sample.py                           1           0  0.21s           2025-02-02T22:31:08                      10
================================================================================
[2025-02-02T22:32:22.772+0000] {manager.py:997} INFO - 
================================================================================
DAG File Processing Stats

File Path                    PID    Runtime      # DAGs    # Errors  Last Runtime    Last Run               Last # of DB Queries
---------------------------  -----  ---------  --------  ----------  --------------  -------------------  ----------------------
/opt/airflow/dags/sample.py                           1           0  0.51s           2025-02-02T22:32:22                      10
================================================================================
[2025-02-02T22:32:24.051+0000] {manager.py:821} INFO - Searching for files in /opt/airflow/dags
[2025-02-02T22:32:24.061+0000] {manager.py:824} INFO - There are 1 files in /opt/airflow/dags
[2025-02-02T22:33:03.623+0000] {manager.py:997} INFO - 
================================================================================
DAG File Processing Stats

File Path                    PID    Runtime      # DAGs    # Errors  Last Runtime    Last Run               Last # of DB Queries
---------------------------  -----  ---------  --------  ----------  --------------  -------------------  ----------------------
/opt/airflow/dags/sample.py                           1           0  7.65s           2025-02-02T22:33:03                      10
================================================================================
[2025-02-02T22:37:44.036+0000] {manager.py:997} INFO - 
================================================================================
DAG File Processing Stats

File Path                    PID    Runtime      # DAGs    # Errors  Last Runtime    Last Run               Last # of DB Queries
---------------------------  -----  ---------  --------  ----------  --------------  -------------------  ----------------------
/opt/airflow/dags/sample.py                           1           0  7.65s           2025-02-02T22:33:03                      10
================================================================================
[2025-02-02T22:37:45.756+0000] {manager.py:821} INFO - Searching for files in /opt/airflow/dags
[2025-02-02T22:37:45.765+0000] {manager.py:824} INFO - There are 1 files in /opt/airflow/dags
[2025-02-02T22:38:29.141+0000] {manager.py:997} INFO - 
================================================================================
DAG File Processing Stats

File Path                    PID    Runtime      # DAGs    # Errors  Last Runtime    Last Run               Last # of DB Queries
---------------------------  -----  ---------  --------  ----------  --------------  -------------------  ----------------------
/opt/airflow/dags/sample.py                           1           0  9.52s           2025-02-02T22:38:29                      10
================================================================================
[2025-02-02T23:12:34.714+0000] {manager.py:465} INFO - Exiting gracefully upon receiving signal 15
[2025-02-02T23:12:36.065+0000] {manager.py:483} INFO - Processing files using up to 1 processes at a time 
[2025-02-02T23:12:36.066+0000] {manager.py:484} INFO - Process each file at most once every 30 seconds
[2025-02-02T23:12:36.067+0000] {manager.py:485} INFO - Checking for new files in /opt/airflow/dags every 300 seconds
[2025-02-02T23:12:36.068+0000] {manager.py:821} INFO - Searching for files in /opt/airflow/dags
[2025-02-02T23:12:36.080+0000] {manager.py:824} INFO - There are 1 files in /opt/airflow/dags
[2025-02-02T23:12:37.313+0000] {manager.py:997} INFO - 
================================================================================
DAG File Processing Stats

File Path                    PID    Runtime      # DAGs    # Errors  Last Runtime    Last Run               Last # of DB Queries
---------------------------  -----  ---------  --------  ----------  --------------  -------------------  ----------------------
/opt/airflow/dags/sample.py                           1           0  0.21s           2025-02-02T23:12:37                      10
================================================================================
[2025-02-02T23:55:01.376+0000] {manager.py:821} INFO - Searching for files in /opt/airflow/dags
[2025-02-02T23:55:01.510+0000] {manager.py:824} INFO - There are 1 files in /opt/airflow/dags
[2025-02-02T23:55:02.364+0000] {manager.py:997} INFO - 
================================================================================
DAG File Processing Stats

File Path                    PID    Runtime      # DAGs    # Errors  Last Runtime    Last Run               Last # of DB Queries
---------------------------  -----  ---------  --------  ----------  --------------  -------------------  ----------------------
/opt/airflow/dags/sample.py                           1           0  0.31s           2025-02-02T23:55:02                      10
================================================================================
[2025-02-03T00:03:36.421+0000] {manager.py:465} INFO - Exiting gracefully upon receiving signal 15
[2025-02-03T00:03:36.959+0000] {manager.py:483} INFO - Processing files using up to 1 processes at a time 
[2025-02-03T00:03:36.960+0000] {manager.py:484} INFO - Process each file at most once every 30 seconds
[2025-02-03T00:03:36.960+0000] {manager.py:485} INFO - Checking for new files in /opt/airflow/dags every 300 seconds
[2025-02-03T00:03:36.962+0000] {manager.py:821} INFO - Searching for files in /opt/airflow/dags
[2025-02-03T00:03:36.975+0000] {manager.py:824} INFO - There are 1 files in /opt/airflow/dags
[2025-02-03T00:03:38.248+0000] {manager.py:997} INFO - 
================================================================================
DAG File Processing Stats

File Path                    PID    Runtime      # DAGs    # Errors  Last Runtime    Last Run               Last # of DB Queries
---------------------------  -----  ---------  --------  ----------  --------------  -------------------  ----------------------
/opt/airflow/dags/sample.py                           1           0  0.21s           2025-02-03T00:03:38                      10
================================================================================
[2025-02-03T00:11:07.541+0000] {manager.py:465} INFO - Exiting gracefully upon receiving signal 15
[2025-02-03T00:11:08.421+0000] {manager.py:483} INFO - Processing files using up to 1 processes at a time 
[2025-02-03T00:11:08.423+0000] {manager.py:484} INFO - Process each file at most once every 30 seconds
[2025-02-03T00:11:08.424+0000] {manager.py:485} INFO - Checking for new files in /opt/airflow/dags every 300 seconds
[2025-02-03T00:11:08.426+0000] {manager.py:821} INFO - Searching for files in /opt/airflow/dags
[2025-02-03T00:11:08.440+0000] {manager.py:824} INFO - There are 1 files in /opt/airflow/dags
[2025-02-03T00:11:09.724+0000] {manager.py:997} INFO - 
================================================================================
DAG File Processing Stats

File Path                    PID    Runtime      # DAGs    # Errors  Last Runtime    Last Run               Last # of DB Queries
---------------------------  -----  ---------  --------  ----------  --------------  -------------------  ----------------------
/opt/airflow/dags/sample.py                           1           0  0.21s           2025-02-03T00:11:09                      10
================================================================================
[2025-02-03T00:13:35.546+0000] {manager.py:465} INFO - Exiting gracefully upon receiving signal 15
[2025-02-03T00:13:36.232+0000] {manager.py:483} INFO - Processing files using up to 1 processes at a time 
[2025-02-03T00:13:36.233+0000] {manager.py:484} INFO - Process each file at most once every 30 seconds
[2025-02-03T00:13:36.235+0000] {manager.py:485} INFO - Checking for new files in /opt/airflow/dags every 300 seconds
[2025-02-03T00:13:36.237+0000] {manager.py:821} INFO - Searching for files in /opt/airflow/dags
[2025-02-03T00:13:36.259+0000] {manager.py:824} INFO - There are 1 files in /opt/airflow/dags
[2025-02-03T00:13:37.578+0000] {manager.py:997} INFO - 
================================================================================
DAG File Processing Stats

File Path                    PID    Runtime      # DAGs    # Errors  Last Runtime    Last Run               Last # of DB Queries
---------------------------  -----  ---------  --------  ----------  --------------  -------------------  ----------------------
/opt/airflow/dags/sample.py                           1           0  0.21s           2025-02-03T00:13:37                      10
================================================================================
[2025-02-03T00:16:14.734+0000] {manager.py:465} INFO - Exiting gracefully upon receiving signal 15
[2025-02-03T00:16:15.475+0000] {manager.py:483} INFO - Processing files using up to 1 processes at a time 
[2025-02-03T00:16:15.476+0000] {manager.py:484} INFO - Process each file at most once every 30 seconds
[2025-02-03T00:16:15.478+0000] {manager.py:485} INFO - Checking for new files in /opt/airflow/dags every 300 seconds
[2025-02-03T00:16:15.479+0000] {manager.py:821} INFO - Searching for files in /opt/airflow/dags
[2025-02-03T00:16:15.495+0000] {manager.py:824} INFO - There are 1 files in /opt/airflow/dags
[2025-02-03T00:16:16.789+0000] {manager.py:997} INFO - 
================================================================================
DAG File Processing Stats

File Path                    PID    Runtime      # DAGs    # Errors  Last Runtime    Last Run               Last # of DB Queries
---------------------------  -----  ---------  --------  ----------  --------------  -------------------  ----------------------
/opt/airflow/dags/sample.py                           1           0  0.21s           2025-02-03T00:16:16                      10
================================================================================
[2025-02-03T00:16:47.734+0000] {manager.py:997} INFO - 
================================================================================
DAG File Processing Stats

File Path                    PID    Runtime      # DAGs    # Errors  Last Runtime    Last Run               Last # of DB Queries
---------------------------  -----  ---------  --------  ----------  --------------  -------------------  ----------------------
/opt/airflow/dags/sample.py                           1           0  0.21s           2025-02-03T00:16:47                      10
================================================================================
[2025-02-03T00:22:38.700+0000] {manager.py:997} INFO - 
================================================================================
DAG File Processing Stats

File Path                    PID    Runtime      # DAGs    # Errors  Last Runtime    Last Run               Last # of DB Queries
---------------------------  -----  ---------  --------  ----------  --------------  -------------------  ----------------------
/opt/airflow/dags/sample.py                           1           0  316.61s         2025-02-03T00:22:38                      10
================================================================================
[2025-02-03T00:22:40.012+0000] {manager.py:821} INFO - Searching for files in /opt/airflow/dags
[2025-02-03T00:22:40.025+0000] {manager.py:824} INFO - There are 1 files in /opt/airflow/dags
[2025-02-03T00:28:36.443+0000] {manager.py:821} INFO - Searching for files in /opt/airflow/dags
[2025-02-03T00:28:36.452+0000] {manager.py:824} INFO - There are 1 files in /opt/airflow/dags
[2025-02-03T00:28:36.713+0000] {manager.py:997} INFO - 
================================================================================
DAG File Processing Stats

File Path                    PID    Runtime      # DAGs    # Errors  Last Runtime    Last Run               Last # of DB Queries
---------------------------  -----  ---------  --------  ----------  --------------  -------------------  ----------------------
/opt/airflow/dags/sample.py                           1           0  0.21s           2025-02-03T00:28:36                      10
================================================================================
[2025-02-03T00:29:18.347+0000] {manager.py:997} INFO - 
================================================================================
DAG File Processing Stats

File Path                    PID    Runtime      # DAGs    # Errors  Last Runtime    Last Run               Last # of DB Queries
---------------------------  -----  ---------  --------  ----------  --------------  -------------------  ----------------------
/opt/airflow/dags/sample.py                           1           0  7.24s           2025-02-03T00:29:18                      10
================================================================================
[2025-02-03T01:14:38.198+0000] {manager.py:821} INFO - Searching for files in /opt/airflow/dags
[2025-02-03T01:14:38.210+0000] {manager.py:824} INFO - There are 1 files in /opt/airflow/dags
[2025-02-03T01:14:38.480+0000] {manager.py:997} INFO - 
================================================================================
DAG File Processing Stats

File Path                    PID    Runtime      # DAGs    # Errors  Last Runtime    Last Run               Last # of DB Queries
---------------------------  -----  ---------  --------  ----------  --------------  -------------------  ----------------------
/opt/airflow/dags/sample.py                           1           0  0.21s           2025-02-03T01:14:38                      10
================================================================================
[2025-02-03T01:41:35.749+0000] {manager.py:997} INFO - 
================================================================================
DAG File Processing Stats

File Path                    PID    Runtime      # DAGs    # Errors  Last Runtime    Last Run               Last # of DB Queries
---------------------------  -----  ---------  --------  ----------  --------------  -------------------  ----------------------
/opt/airflow/dags/sample.py                           1           0  1585.82s        2025-02-03T01:41:35                      10
================================================================================
[2025-02-03T01:41:37.157+0000] {manager.py:821} INFO - Searching for files in /opt/airflow/dags
[2025-02-03T01:41:37.169+0000] {manager.py:824} INFO - There are 1 files in /opt/airflow/dags
[2025-02-03T01:42:06.308+0000] {manager.py:997} INFO - 
================================================================================
DAG File Processing Stats

File Path                    PID    Runtime      # DAGs    # Errors  Last Runtime    Last Run               Last # of DB Queries
---------------------------  -----  ---------  --------  ----------  --------------  -------------------  ----------------------
/opt/airflow/dags/sample.py                           1           0  1585.82s        2025-02-03T01:41:35                      10
================================================================================
[2025-02-03T02:02:46.463+0000] {manager.py:997} INFO - 
================================================================================
DAG File Processing Stats

File Path                    PID    Runtime      # DAGs    # Errors  Last Runtime    Last Run               Last # of DB Queries
---------------------------  -----  ---------  --------  ----------  --------------  -------------------  ----------------------
/opt/airflow/dags/sample.py                           1           0  1235.88s        2025-02-03T02:02:46                      32
================================================================================
[2025-02-03T02:02:47.664+0000] {manager.py:821} INFO - Searching for files in /opt/airflow/dags
[2025-02-03T02:02:47.675+0000] {manager.py:824} INFO - There are 1 files in /opt/airflow/dags
[2025-02-03T02:03:24.444+0000] {manager.py:997} INFO - 
================================================================================
DAG File Processing Stats

File Path                    PID    Runtime      # DAGs    # Errors  Last Runtime    Last Run               Last # of DB Queries
---------------------------  -----  ---------  --------  ----------  --------------  -------------------  ----------------------
/opt/airflow/dags/sample.py                           1           0  7.17s           2025-02-03T02:03:24                      10
================================================================================
[2025-02-03T02:15:37.521+0000] {manager.py:821} INFO - Searching for files in /opt/airflow/dags
[2025-02-03T02:15:37.537+0000] {manager.py:824} INFO - There are 1 files in /opt/airflow/dags
[2025-02-03T02:15:38.228+0000] {manager.py:997} INFO - 
================================================================================
DAG File Processing Stats

File Path                    PID    Runtime      # DAGs    # Errors  Last Runtime    Last Run               Last # of DB Queries
---------------------------  -----  ---------  --------  ----------  --------------  -------------------  ----------------------
/opt/airflow/dags/sample.py                           1           0  0.32s           2025-02-03T02:15:38                      10
================================================================================
[2025-02-03T02:16:18.029+0000] {manager.py:997} INFO - 
================================================================================
DAG File Processing Stats

File Path                    PID    Runtime      # DAGs    # Errors  Last Runtime    Last Run               Last # of DB Queries
---------------------------  -----  ---------  --------  ----------  --------------  -------------------  ----------------------
/opt/airflow/dags/sample.py                           1           0  7.09s           2025-02-03T02:16:17                      10
================================================================================
[2025-02-03T03:16:38.778+0000] {manager.py:821} INFO - Searching for files in /opt/airflow/dags
[2025-02-03T03:16:38.979+0000] {manager.py:824} INFO - There are 1 files in /opt/airflow/dags
[2025-02-03T03:16:39.394+0000] {manager.py:997} INFO - 
================================================================================
DAG File Processing Stats

File Path                    PID    Runtime      # DAGs    # Errors  Last Runtime    Last Run               Last # of DB Queries
---------------------------  -----  ---------  --------  ----------  --------------  -------------------  ----------------------
/opt/airflow/dags/sample.py                           1           0  0.21s           2025-02-03T03:16:39                      10
================================================================================
[2025-02-03T03:18:35.258+0000] {manager.py:997} INFO - 
================================================================================
DAG File Processing Stats

File Path                    PID    Runtime      # DAGs    # Errors  Last Runtime    Last Run               Last # of DB Queries
---------------------------  -----  ---------  --------  ----------  --------------  -------------------  ----------------------
/opt/airflow/dags/sample.py                           1           0  0.21s           2025-02-03T03:18:35                      10
================================================================================
[2025-02-03T03:19:23.462+0000] {manager.py:997} INFO - 
================================================================================
DAG File Processing Stats

File Path                    PID    Runtime      # DAGs    # Errors  Last Runtime    Last Run               Last # of DB Queries
---------------------------  -----  ---------  --------  ----------  --------------  -------------------  ----------------------
/opt/airflow/dags/sample.py                           1           0  10.63s          2025-02-03T03:19:23                      10
================================================================================
[2025-02-03T03:19:54.248+0000] {manager.py:997} INFO - 
================================================================================
DAG File Processing Stats

File Path                    PID    Runtime      # DAGs    # Errors  Last Runtime    Last Run               Last # of DB Queries
---------------------------  -----  ---------  --------  ----------  --------------  -------------------  ----------------------
/opt/airflow/dags/sample.py                           1           0  0.52s           2025-02-03T03:19:54                      10
================================================================================
[2025-02-03T03:20:33.170+0000] {manager.py:997} INFO - 
================================================================================
DAG File Processing Stats

File Path                    PID    Runtime      # DAGs    # Errors  Last Runtime    Last Run               Last # of DB Queries
---------------------------  -----  ---------  --------  ----------  --------------  -------------------  ----------------------
/opt/airflow/dags/sample.py                           1           0  8.19s           2025-02-03T03:20:33                      10
================================================================================
[2025-02-03T03:21:10.200+0000] {manager.py:997} INFO - 
================================================================================
DAG File Processing Stats

File Path                    PID    Runtime      # DAGs    # Errors  Last Runtime    Last Run               Last # of DB Queries
---------------------------  -----  ---------  --------  ----------  --------------  -------------------  ----------------------
/opt/airflow/dags/sample.py                           1           0  6.49s           2025-02-03T03:21:10                      10
================================================================================
[2025-02-03T03:26:08.966+0000] {manager.py:821} INFO - Searching for files in /opt/airflow/dags
[2025-02-03T03:26:08.976+0000] {manager.py:824} INFO - There are 1 files in /opt/airflow/dags
[2025-02-03T03:26:09.237+0000] {manager.py:997} INFO - 
================================================================================
DAG File Processing Stats

File Path                    PID    Runtime      # DAGs    # Errors  Last Runtime    Last Run               Last # of DB Queries
---------------------------  -----  ---------  --------  ----------  --------------  -------------------  ----------------------
/opt/airflow/dags/sample.py                           1           0  0.21s           2025-02-03T03:26:09                      10
================================================================================
[2025-02-03T03:26:53.593+0000] {manager.py:997} INFO - 
================================================================================
DAG File Processing Stats

File Path                    PID    Runtime      # DAGs    # Errors  Last Runtime    Last Run               Last # of DB Queries
---------------------------  -----  ---------  --------  ----------  --------------  -------------------  ----------------------
/opt/airflow/dags/sample.py                           1           0  10.35s          2025-02-03T03:26:53                      10
================================================================================
[2025-02-03T03:27:47.816+0000] {manager.py:997} INFO - 
================================================================================
DAG File Processing Stats

File Path                    PID    Runtime      # DAGs    # Errors  Last Runtime    Last Run               Last # of DB Queries
---------------------------  -----  ---------  --------  ----------  --------------  -------------------  ----------------------
/opt/airflow/dags/sample.py                           1           0  0.21s           2025-02-03T03:27:47                      10
================================================================================
[2025-02-03T03:28:35.795+0000] {manager.py:997} INFO - 
================================================================================
DAG File Processing Stats

File Path                    PID    Runtime      # DAGs    # Errors  Last Runtime    Last Run               Last # of DB Queries
---------------------------  -----  ---------  --------  ----------  --------------  -------------------  ----------------------
/opt/airflow/dags/sample.py                           1           0  7.46s           2025-02-03T03:28:35                      10
================================================================================
[2025-02-03T03:32:44.307+0000] {manager.py:821} INFO - Searching for files in /opt/airflow/dags
[2025-02-03T03:32:44.318+0000] {manager.py:824} INFO - There are 1 files in /opt/airflow/dags
[2025-02-03T03:32:44.591+0000] {manager.py:997} INFO - 
================================================================================
DAG File Processing Stats

File Path                    PID    Runtime      # DAGs    # Errors  Last Runtime    Last Run               Last # of DB Queries
---------------------------  -----  ---------  --------  ----------  --------------  -------------------  ----------------------
/opt/airflow/dags/sample.py                           1           0  0.21s           2025-02-03T03:32:44                      10
================================================================================
[2025-02-03T03:33:25.035+0000] {manager.py:997} INFO - 
================================================================================
DAG File Processing Stats

File Path                    PID    Runtime      # DAGs    # Errors  Last Runtime    Last Run               Last # of DB Queries
---------------------------  -----  ---------  --------  ----------  --------------  -------------------  ----------------------
/opt/airflow/dags/sample.py                           1           0  7.05s           2025-02-03T03:33:24                      10
================================================================================
[2025-02-03T04:17:39.681+0000] {manager.py:465} INFO - Exiting gracefully upon receiving signal 15
[2025-02-03T04:17:40.461+0000] {manager.py:483} INFO - Processing files using up to 1 processes at a time 
[2025-02-03T04:17:40.461+0000] {manager.py:484} INFO - Process each file at most once every 30 seconds
[2025-02-03T04:17:40.462+0000] {manager.py:485} INFO - Checking for new files in /opt/airflow/dags every 300 seconds
[2025-02-03T04:17:40.463+0000] {manager.py:821} INFO - Searching for files in /opt/airflow/dags
[2025-02-03T04:17:40.478+0000] {manager.py:824} INFO - There are 1 files in /opt/airflow/dags
[2025-02-03T04:17:41.784+0000] {manager.py:997} INFO - 
================================================================================
DAG File Processing Stats

File Path                    PID    Runtime      # DAGs    # Errors  Last Runtime    Last Run               Last # of DB Queries
---------------------------  -----  ---------  --------  ----------  --------------  -------------------  ----------------------
/opt/airflow/dags/sample.py                           1           0  0.21s           2025-02-03T04:17:41                      10
================================================================================
[2025-02-03T04:50:42.126+0000] {manager.py:465} INFO - Exiting gracefully upon receiving signal 15
[2025-02-03T04:50:42.790+0000] {manager.py:483} INFO - Processing files using up to 1 processes at a time 
[2025-02-03T04:50:42.791+0000] {manager.py:484} INFO - Process each file at most once every 30 seconds
[2025-02-03T04:50:42.792+0000] {manager.py:485} INFO - Checking for new files in /opt/airflow/dags every 300 seconds
[2025-02-03T04:50:42.793+0000] {manager.py:821} INFO - Searching for files in /opt/airflow/dags
[2025-02-03T04:50:42.813+0000] {manager.py:824} INFO - There are 1 files in /opt/airflow/dags
[2025-02-03T04:50:44.120+0000] {manager.py:997} INFO - 
================================================================================
DAG File Processing Stats

File Path                    PID    Runtime      # DAGs    # Errors  Last Runtime    Last Run               Last # of DB Queries
---------------------------  -----  ---------  --------  ----------  --------------  -------------------  ----------------------
/opt/airflow/dags/sample.py                           1           0  0.21s           2025-02-03T04:50:44                      10
================================================================================
[2025-02-03T04:51:25.326+0000] {manager.py:997} INFO - 
================================================================================
DAG File Processing Stats

File Path                    PID    Runtime      # DAGs    # Errors  Last Runtime    Last Run               Last # of DB Queries
---------------------------  -----  ---------  --------  ----------  --------------  -------------------  ----------------------
/opt/airflow/dags/sample.py                           1           0  6.79s           2025-02-03T04:51:25                      10
================================================================================
[2025-02-03T04:57:06.734+0000] {manager.py:465} INFO - Exiting gracefully upon receiving signal 15
[2025-02-03T04:57:07.590+0000] {manager.py:483} INFO - Processing files using up to 1 processes at a time 
[2025-02-03T04:57:07.591+0000] {manager.py:484} INFO - Process each file at most once every 30 seconds
[2025-02-03T04:57:07.592+0000] {manager.py:485} INFO - Checking for new files in /opt/airflow/dags every 300 seconds
[2025-02-03T04:57:07.593+0000] {manager.py:821} INFO - Searching for files in /opt/airflow/dags
[2025-02-03T04:57:07.605+0000] {manager.py:824} INFO - There are 1 files in /opt/airflow/dags
[2025-02-03T04:57:08.923+0000] {manager.py:997} INFO - 
================================================================================
DAG File Processing Stats

File Path                    PID    Runtime      # DAGs    # Errors  Last Runtime    Last Run               Last # of DB Queries
---------------------------  -----  ---------  --------  ----------  --------------  -------------------  ----------------------
/opt/airflow/dags/sample.py                           1           0  0.21s           2025-02-03T04:57:08                      10
================================================================================
[2025-02-03T05:18:40.961+0000] {manager.py:997} INFO - 
================================================================================
DAG File Processing Stats

File Path                    PID    Runtime      # DAGs    # Errors  Last Runtime    Last Run               Last # of DB Queries
---------------------------  -----  ---------  --------  ----------  --------------  -------------------  ----------------------
/opt/airflow/dags/sample.py                           1           0  1257.54s        2025-02-03T05:18:40                      10
================================================================================
[2025-02-03T05:18:42.246+0000] {manager.py:821} INFO - Searching for files in /opt/airflow/dags
[2025-02-03T05:18:42.261+0000] {manager.py:824} INFO - There are 1 files in /opt/airflow/dags
[2025-02-03T06:05:20.582+0000] {manager.py:465} INFO - Exiting gracefully upon receiving signal 15
[2025-02-03T06:05:21.269+0000] {manager.py:483} INFO - Processing files using up to 1 processes at a time 
[2025-02-03T06:05:21.270+0000] {manager.py:484} INFO - Process each file at most once every 30 seconds
[2025-02-03T06:05:21.272+0000] {manager.py:485} INFO - Checking for new files in /opt/airflow/dags every 300 seconds
[2025-02-03T06:05:21.273+0000] {manager.py:821} INFO - Searching for files in /opt/airflow/dags
[2025-02-03T06:05:21.287+0000] {manager.py:824} INFO - There are 1 files in /opt/airflow/dags
[2025-02-03T06:05:22.898+0000] {manager.py:997} INFO - 
================================================================================
DAG File Processing Stats

File Path                    PID    Runtime      # DAGs    # Errors  Last Runtime    Last Run               Last # of DB Queries
---------------------------  -----  ---------  --------  ----------  --------------  -------------------  ----------------------
/opt/airflow/dags/sample.py                           1           0  0.51s           2025-02-03T06:05:22                      32
================================================================================
[2025-02-03T06:18:11.216+0000] {manager.py:997} INFO - 
================================================================================
DAG File Processing Stats

File Path                    PID    Runtime      # DAGs    # Errors  Last Runtime    Last Run               Last # of DB Queries
---------------------------  -----  ---------  --------  ----------  --------------  -------------------  ----------------------
/opt/airflow/dags/sample.py                           1           0  737.00s         2025-02-03T06:18:11                      10
================================================================================
[2025-02-03T06:18:12.715+0000] {manager.py:821} INFO - Searching for files in /opt/airflow/dags
[2025-02-03T06:18:12.726+0000] {manager.py:824} INFO - There are 1 files in /opt/airflow/dags
[2025-02-03T06:19:41.332+0000] {manager.py:997} INFO - 
================================================================================
DAG File Processing Stats

File Path                    PID    Runtime      # DAGs    # Errors  Last Runtime    Last Run               Last # of DB Queries
---------------------------  -----  ---------  --------  ----------  --------------  -------------------  ----------------------
/opt/airflow/dags/sample.py                           1           0  737.00s         2025-02-03T06:18:11                      10
================================================================================
[2025-02-03T06:20:23.330+0000] {manager.py:997} INFO - 
================================================================================
DAG File Processing Stats

File Path                    PID    Runtime      # DAGs    # Errors  Last Runtime    Last Run               Last # of DB Queries
---------------------------  -----  ---------  --------  ----------  --------------  -------------------  ----------------------
/opt/airflow/dags/sample.py                           1           0  7.61s           2025-02-03T06:20:23                      10
================================================================================
[2025-02-03T06:26:22.051+0000] {manager.py:465} INFO - Exiting gracefully upon receiving signal 15
[2025-02-03T06:26:22.623+0000] {manager.py:483} INFO - Processing files using up to 1 processes at a time 
[2025-02-03T06:26:22.624+0000] {manager.py:484} INFO - Process each file at most once every 30 seconds
[2025-02-03T06:26:22.625+0000] {manager.py:485} INFO - Checking for new files in /opt/airflow/dags every 300 seconds
[2025-02-03T06:26:22.627+0000] {manager.py:821} INFO - Searching for files in /opt/airflow/dags
[2025-02-03T06:26:22.641+0000] {manager.py:824} INFO - There are 1 files in /opt/airflow/dags
[2025-02-03T06:26:23.911+0000] {manager.py:997} INFO - 
================================================================================
DAG File Processing Stats

File Path                    PID    Runtime      # DAGs    # Errors  Last Runtime    Last Run               Last # of DB Queries
---------------------------  -----  ---------  --------  ----------  --------------  -------------------  ----------------------
/opt/airflow/dags/sample.py                           1           0  0.21s           2025-02-03T06:26:23                      10
================================================================================
[2025-02-03T07:20:42.487+0000] {manager.py:997} INFO - 
================================================================================
DAG File Processing Stats

File Path                    PID    Runtime      # DAGs    # Errors  Last Runtime    Last Run               Last # of DB Queries
---------------------------  -----  ---------  --------  ----------  --------------  -------------------  ----------------------
/opt/airflow/dags/sample.py                           1           0  3226.46s        2025-02-03T07:20:42                      10
================================================================================
[2025-02-03T07:20:44.212+0000] {manager.py:821} INFO - Searching for files in /opt/airflow/dags
[2025-02-03T07:20:44.222+0000] {manager.py:824} INFO - There are 1 files in /opt/airflow/dags
[2025-02-03T07:38:38.148+0000] {manager.py:997} INFO - 
================================================================================
DAG File Processing Stats

File Path                    PID    Runtime      # DAGs    # Errors  Last Runtime    Last Run               Last # of DB Queries
---------------------------  -----  ---------  --------  ----------  --------------  -------------------  ----------------------
/opt/airflow/dags/sample.py                           1           0  3226.46s        2025-02-03T07:20:42                      10
================================================================================
[2025-02-03T07:38:40.276+0000] {manager.py:821} INFO - Searching for files in /opt/airflow/dags
[2025-02-03T07:38:40.284+0000] {manager.py:824} INFO - There are 1 files in /opt/airflow/dags
[2025-02-03T07:39:08.930+0000] {manager.py:997} INFO - 
================================================================================
DAG File Processing Stats

File Path                    PID    Runtime      # DAGs    # Errors  Last Runtime    Last Run               Last # of DB Queries
---------------------------  -----  ---------  --------  ----------  --------------  -------------------  ----------------------
/opt/airflow/dags/sample.py                           1           0  0.41s           2025-02-03T07:38:40                      32
================================================================================
[2025-02-03T07:40:24.857+0000] {manager.py:483} INFO - Processing files using up to 1 processes at a time 
[2025-02-03T07:40:24.857+0000] {manager.py:484} INFO - Process each file at most once every 30 seconds
[2025-02-03T07:40:24.858+0000] {manager.py:485} INFO - Checking for new files in /opt/airflow/dags every 300 seconds
[2025-02-03T07:40:24.858+0000] {manager.py:821} INFO - Searching for files in /opt/airflow/dags
[2025-02-03T07:40:24.868+0000] {manager.py:824} INFO - There are 1 files in /opt/airflow/dags
[2025-02-03T07:40:25.249+0000] {manager.py:997} INFO - 
================================================================================
DAG File Processing Stats

File Path                    PID    Runtime      # DAGs    # Errors  Last Runtime    Last Run               Last # of DB Queries
---------------------------  -----  ---------  --------  ----------  --------------  -------------------  ----------------------
/opt/airflow/dags/sample.py                           1           0  0.31s           2025-02-03T07:40:25                      32
================================================================================
[2025-02-03T07:40:55.639+0000] {manager.py:997} INFO - 
================================================================================
DAG File Processing Stats

File Path                    PID    Runtime      # DAGs    # Errors  Last Runtime    Last Run               Last # of DB Queries
---------------------------  -----  ---------  --------  ----------  --------------  -------------------  ----------------------
/opt/airflow/dags/sample.py                           1           0  0.21s           2025-02-03T07:40:55                      10
================================================================================
[2025-02-03T07:41:26.537+0000] {manager.py:997} INFO - 
================================================================================
DAG File Processing Stats

File Path                    PID    Runtime      # DAGs    # Errors  Last Runtime    Last Run               Last # of DB Queries
---------------------------  -----  ---------  --------  ----------  --------------  -------------------  ----------------------
/opt/airflow/dags/sample.py                           1           0  0.20s           2025-02-03T07:41:26                      10
================================================================================
[2025-02-03T07:41:56.765+0000] {manager.py:997} INFO - 
================================================================================
DAG File Processing Stats

File Path                    PID    Runtime      # DAGs    # Errors  Last Runtime    Last Run               Last # of DB Queries
---------------------------  -----  ---------  --------  ----------  --------------  -------------------  ----------------------
/opt/airflow/dags/sample.py                           1           0  0.21s           2025-02-03T07:41:56                      10
================================================================================
[2025-02-03T07:42:27.254+0000] {manager.py:997} INFO - 
================================================================================
DAG File Processing Stats

File Path                    PID    Runtime      # DAGs    # Errors  Last Runtime    Last Run               Last # of DB Queries
---------------------------  -----  ---------  --------  ----------  --------------  -------------------  ----------------------
/opt/airflow/dags/sample.py                           1           0  0.21s           2025-02-03T07:42:27                      10
================================================================================
