[2025-02-05T11:49:30.088+0000] {local_task_job_runner.py:123} INFO - ::group::Pre task execution logs
[2025-02-05T11:49:30.108+0000] {taskinstance.py:2613} INFO - Dependencies all met for dep_context=non-requeueable deps ti=<TaskInstance: Temp_elt_postgres.transform_weather_data manual__2025-02-05T11:49:11.271778+00:00 [queued]>
[2025-02-05T11:49:30.118+0000] {taskinstance.py:2613} INFO - Dependencies all met for dep_context=requeueable deps ti=<TaskInstance: Temp_elt_postgres.transform_weather_data manual__2025-02-05T11:49:11.271778+00:00 [queued]>
[2025-02-05T11:49:30.119+0000] {taskinstance.py:2866} INFO - Starting attempt 1 of 2
[2025-02-05T11:49:30.156+0000] {taskinstance.py:2889} INFO - Executing <Task(SparkSubmitOperator): transform_weather_data> on 2025-02-05 11:49:11.271778+00:00
[2025-02-05T11:49:30.165+0000] {standard_task_runner.py:104} INFO - Running: ['airflow', 'tasks', 'run', 'Temp_elt_postgres', 'transform_weather_data', 'manual__2025-02-05T11:49:11.271778+00:00', '--job-id', '155', '--raw', '--subdir', 'DAGS_FOLDER/weather_etl_postgres.py', '--cfg-path', '/tmp/tmpc2sz1c4e']
[2025-02-05T11:49:30.170+0000] {standard_task_runner.py:105} INFO - Job 155: Subtask transform_weather_data
[2025-02-05T11:49:30.171+0000] {logging_mixin.py:190} WARNING - /home/airflow/.local/lib/python3.12/site-packages/airflow/task/task_runner/standard_task_runner.py:70 DeprecationWarning: This process (pid=133) is multi-threaded, use of fork() may lead to deadlocks in the child.
[2025-02-05T11:49:30.172+0000] {standard_task_runner.py:72} INFO - Started process 143 to run task
[2025-02-05T11:49:30.254+0000] {task_command.py:467} INFO - Running <TaskInstance: Temp_elt_postgres.transform_weather_data manual__2025-02-05T11:49:11.271778+00:00 [running]> on host 9c193a39eb11
[2025-02-05T11:49:30.359+0000] {taskinstance.py:3132} INFO - Exporting env vars: AIRFLOW_CTX_DAG_OWNER='airflow' AIRFLOW_CTX_DAG_ID='Temp_elt_postgres' AIRFLOW_CTX_TASK_ID='transform_weather_data' AIRFLOW_CTX_EXECUTION_DATE='2025-02-05T11:49:11.271778+00:00' AIRFLOW_CTX_TRY_NUMBER='1' AIRFLOW_CTX_DAG_RUN_ID='manual__2025-02-05T11:49:11.271778+00:00'
[2025-02-05T11:49:30.361+0000] {taskinstance.py:731} INFO - ::endgroup::
[2025-02-05T11:49:30.393+0000] {base.py:84} INFO - Retrieving connection 'spark_default'
[2025-02-05T11:49:30.396+0000] {spark_submit.py:474} INFO - Spark-Submit cmd: spark-submit --master spark://spark-master:7077 --executor-cores 1 --executor-memory 1g --driver-memory 1g --name arrow-spark --verbose --queue root.default --deploy-mode client /opt/airflow/tasks/transform.py
[2025-02-05T11:49:32.954+0000] {spark_submit.py:641} INFO - Using properties file: null
[2025-02-05T11:49:33.142+0000] {spark_submit.py:641} INFO - Parsed arguments:
[2025-02-05T11:49:33.143+0000] {spark_submit.py:641} INFO - master                  spark://spark-master:7077
[2025-02-05T11:49:33.146+0000] {spark_submit.py:641} INFO - remote                  null
[2025-02-05T11:49:33.147+0000] {spark_submit.py:641} INFO - deployMode              client
[2025-02-05T11:49:33.147+0000] {spark_submit.py:641} INFO - executorMemory          1g
[2025-02-05T11:49:33.148+0000] {spark_submit.py:641} INFO - executorCores           1
[2025-02-05T11:49:33.148+0000] {spark_submit.py:641} INFO - totalExecutorCores      null
[2025-02-05T11:49:33.149+0000] {spark_submit.py:641} INFO - propertiesFile          null
[2025-02-05T11:49:33.149+0000] {spark_submit.py:641} INFO - driverMemory            1g
[2025-02-05T11:49:33.151+0000] {spark_submit.py:641} INFO - driverCores             null
[2025-02-05T11:49:33.152+0000] {spark_submit.py:641} INFO - driverExtraClassPath    null
[2025-02-05T11:49:33.153+0000] {spark_submit.py:641} INFO - driverExtraLibraryPath  null
[2025-02-05T11:49:33.156+0000] {spark_submit.py:641} INFO - driverExtraJavaOptions  null
[2025-02-05T11:49:33.157+0000] {spark_submit.py:641} INFO - supervise               false
[2025-02-05T11:49:33.158+0000] {spark_submit.py:641} INFO - queue                   root.default
[2025-02-05T11:49:33.158+0000] {spark_submit.py:641} INFO - numExecutors            null
[2025-02-05T11:49:33.159+0000] {spark_submit.py:641} INFO - files                   null
[2025-02-05T11:49:33.160+0000] {spark_submit.py:641} INFO - pyFiles                 null
[2025-02-05T11:49:33.161+0000] {spark_submit.py:641} INFO - archives                null
[2025-02-05T11:49:33.161+0000] {spark_submit.py:641} INFO - mainClass               null
[2025-02-05T11:49:33.162+0000] {spark_submit.py:641} INFO - primaryResource         file:/opt/airflow/tasks/transform.py
[2025-02-05T11:49:33.162+0000] {spark_submit.py:641} INFO - name                    arrow-spark
[2025-02-05T11:49:33.162+0000] {spark_submit.py:641} INFO - childArgs               []
[2025-02-05T11:49:33.163+0000] {spark_submit.py:641} INFO - jars                    null
[2025-02-05T11:49:33.164+0000] {spark_submit.py:641} INFO - packages                null
[2025-02-05T11:49:33.164+0000] {spark_submit.py:641} INFO - packagesExclusions      null
[2025-02-05T11:49:33.165+0000] {spark_submit.py:641} INFO - repositories            null
[2025-02-05T11:49:33.165+0000] {spark_submit.py:641} INFO - verbose                 true
[2025-02-05T11:49:33.166+0000] {spark_submit.py:641} INFO - 
[2025-02-05T11:49:33.166+0000] {spark_submit.py:641} INFO - Spark properties used, including those specified through
[2025-02-05T11:49:33.167+0000] {spark_submit.py:641} INFO - --conf and those from the properties file null:
[2025-02-05T11:49:33.169+0000] {spark_submit.py:641} INFO - (spark.driver.memory,1g)
[2025-02-05T11:49:33.170+0000] {spark_submit.py:641} INFO - 
[2025-02-05T11:49:33.170+0000] {spark_submit.py:641} INFO - 
[2025-02-05T11:49:33.587+0000] {spark_submit.py:641} INFO - Main class:
[2025-02-05T11:49:33.588+0000] {spark_submit.py:641} INFO - org.apache.spark.deploy.PythonRunner
[2025-02-05T11:49:33.591+0000] {spark_submit.py:641} INFO - Arguments:
[2025-02-05T11:49:33.593+0000] {spark_submit.py:641} INFO - file:/opt/airflow/tasks/transform.py
[2025-02-05T11:49:33.593+0000] {spark_submit.py:641} INFO - null
[2025-02-05T11:49:33.595+0000] {spark_submit.py:641} INFO - Spark config:
[2025-02-05T11:49:33.596+0000] {spark_submit.py:641} INFO - (spark.app.name,arrow-spark)
[2025-02-05T11:49:33.596+0000] {spark_submit.py:641} INFO - (spark.app.submitTime,1738756173564)
[2025-02-05T11:49:33.597+0000] {spark_submit.py:641} INFO - (spark.driver.memory,1g)
[2025-02-05T11:49:33.598+0000] {spark_submit.py:641} INFO - (spark.executor.cores,1)
[2025-02-05T11:49:33.598+0000] {spark_submit.py:641} INFO - (spark.executor.memory,1g)
[2025-02-05T11:49:33.599+0000] {spark_submit.py:641} INFO - (spark.master,spark://spark-master:7077)
[2025-02-05T11:49:33.599+0000] {spark_submit.py:641} INFO - (spark.submit.deployMode,client)
[2025-02-05T11:49:33.600+0000] {spark_submit.py:641} INFO - (spark.submit.pyFiles,)
[2025-02-05T11:49:33.601+0000] {spark_submit.py:641} INFO - Classpath elements:
[2025-02-05T11:49:33.602+0000] {spark_submit.py:641} INFO - 
[2025-02-05T11:49:33.602+0000] {spark_submit.py:641} INFO - 
[2025-02-05T11:49:33.603+0000] {spark_submit.py:641} INFO - 
[2025-02-05T11:49:35.262+0000] {spark_submit.py:641} INFO - 25/02/05 11:49:35 INFO SparkContext: Running Spark version 3.5.4
[2025-02-05T11:49:35.264+0000] {spark_submit.py:641} INFO - 25/02/05 11:49:35 INFO SparkContext: OS info Linux, 6.10.14-linuxkit, amd64
[2025-02-05T11:49:35.265+0000] {spark_submit.py:641} INFO - 25/02/05 11:49:35 INFO SparkContext: Java version 17.0.13
[2025-02-05T11:49:35.357+0000] {spark_submit.py:641} INFO - 25/02/05 11:49:35 WARN NativeCodeLoader: Unable to load native-hadoop library for your platform... using builtin-java classes where applicable
[2025-02-05T11:49:35.499+0000] {spark_submit.py:641} INFO - 25/02/05 11:49:35 INFO ResourceUtils: ==============================================================
[2025-02-05T11:49:35.499+0000] {spark_submit.py:641} INFO - 25/02/05 11:49:35 INFO ResourceUtils: No custom resources configured for spark.driver.
[2025-02-05T11:49:35.503+0000] {spark_submit.py:641} INFO - 25/02/05 11:49:35 INFO ResourceUtils: ==============================================================
[2025-02-05T11:49:35.504+0000] {spark_submit.py:641} INFO - 25/02/05 11:49:35 INFO SparkContext: Submitted application: WeatherDataProcessing
[2025-02-05T11:49:35.533+0000] {spark_submit.py:641} INFO - 25/02/05 11:49:35 INFO ResourceProfile: Default ResourceProfile created, executor resources: Map(cores -> name: cores, amount: 1, script: , vendor: , memory -> name: memory, amount: 1024, script: , vendor: , offHeap -> name: offHeap, amount: 0, script: , vendor: ), task resources: Map(cpus -> name: cpus, amount: 1.0)
[2025-02-05T11:49:35.545+0000] {spark_submit.py:641} INFO - 25/02/05 11:49:35 INFO ResourceProfile: Limiting resource is cpus at 1 tasks per executor
[2025-02-05T11:49:35.548+0000] {spark_submit.py:641} INFO - 25/02/05 11:49:35 INFO ResourceProfileManager: Added ResourceProfile id: 0
[2025-02-05T11:49:35.656+0000] {spark_submit.py:641} INFO - 25/02/05 11:49:35 INFO SecurityManager: Changing view acls to: airflow
[2025-02-05T11:49:35.657+0000] {spark_submit.py:641} INFO - 25/02/05 11:49:35 INFO SecurityManager: Changing modify acls to: airflow
[2025-02-05T11:49:35.658+0000] {spark_submit.py:641} INFO - 25/02/05 11:49:35 INFO SecurityManager: Changing view acls groups to:
[2025-02-05T11:49:35.660+0000] {spark_submit.py:641} INFO - 25/02/05 11:49:35 INFO SecurityManager: Changing modify acls groups to:
[2025-02-05T11:49:35.661+0000] {spark_submit.py:641} INFO - 25/02/05 11:49:35 INFO SecurityManager: SecurityManager: authentication disabled; ui acls disabled; users with view permissions: airflow; groups with view permissions: EMPTY; users with modify permissions: airflow; groups with modify permissions: EMPTY
[2025-02-05T11:49:35.992+0000] {spark_submit.py:641} INFO - 25/02/05 11:49:35 INFO Utils: Successfully started service 'sparkDriver' on port 44875.
[2025-02-05T11:49:36.048+0000] {spark_submit.py:641} INFO - 25/02/05 11:49:36 INFO SparkEnv: Registering MapOutputTracker
[2025-02-05T11:49:36.109+0000] {spark_submit.py:641} INFO - 25/02/05 11:49:36 INFO SparkEnv: Registering BlockManagerMaster
[2025-02-05T11:49:36.138+0000] {spark_submit.py:641} INFO - 25/02/05 11:49:36 INFO BlockManagerMasterEndpoint: Using org.apache.spark.storage.DefaultTopologyMapper for getting topology information
[2025-02-05T11:49:36.139+0000] {spark_submit.py:641} INFO - 25/02/05 11:49:36 INFO BlockManagerMasterEndpoint: BlockManagerMasterEndpoint up
[2025-02-05T11:49:36.145+0000] {spark_submit.py:641} INFO - 25/02/05 11:49:36 INFO SparkEnv: Registering BlockManagerMasterHeartbeat
[2025-02-05T11:49:36.183+0000] {spark_submit.py:641} INFO - 25/02/05 11:49:36 INFO DiskBlockManager: Created local directory at /tmp/blockmgr-a66bfeb6-7329-4698-b5b4-e8ac42c39d32
[2025-02-05T11:49:36.204+0000] {spark_submit.py:641} INFO - 25/02/05 11:49:36 INFO MemoryStore: MemoryStore started with capacity 434.4 MiB
[2025-02-05T11:49:36.242+0000] {spark_submit.py:641} INFO - 25/02/05 11:49:36 INFO SparkEnv: Registering OutputCommitCoordinator
[2025-02-05T11:49:36.480+0000] {spark_submit.py:641} INFO - 25/02/05 11:49:36 INFO JettyUtils: Start Jetty 0.0.0.0:4040 for SparkUI
[2025-02-05T11:49:36.610+0000] {spark_submit.py:641} INFO - 25/02/05 11:49:36 INFO Utils: Successfully started service 'SparkUI' on port 4040.
[2025-02-05T11:49:36.788+0000] {spark_submit.py:641} INFO - 25/02/05 11:49:36 INFO StandaloneAppClient$ClientEndpoint: Connecting to master spark://spark-master:7077...
[2025-02-05T11:49:36.845+0000] {spark_submit.py:641} INFO - 25/02/05 11:49:36 INFO TransportClientFactory: Successfully created connection to spark-master/172.18.0.4:7077 after 30 ms (0 ms spent in bootstraps)
[2025-02-05T11:49:37.033+0000] {spark_submit.py:641} INFO - 25/02/05 11:49:37 INFO StandaloneSchedulerBackend: Connected to Spark cluster with app ID app-20250205114936-0000
[2025-02-05T11:49:37.046+0000] {spark_submit.py:641} INFO - 25/02/05 11:49:37 INFO Utils: Successfully started service 'org.apache.spark.network.netty.NettyBlockTransferService' on port 32843.
[2025-02-05T11:49:37.047+0000] {spark_submit.py:641} INFO - 25/02/05 11:49:37 INFO NettyBlockTransferService: Server created on 9c193a39eb11:32843
[2025-02-05T11:49:37.051+0000] {spark_submit.py:641} INFO - 25/02/05 11:49:37 INFO BlockManager: Using org.apache.spark.storage.RandomBlockReplicationPolicy for block replication policy
[2025-02-05T11:49:37.061+0000] {spark_submit.py:641} INFO - 25/02/05 11:49:37 INFO BlockManagerMaster: Registering BlockManager BlockManagerId(driver, 9c193a39eb11, 32843, None)
[2025-02-05T11:49:37.072+0000] {spark_submit.py:641} INFO - 25/02/05 11:49:37 INFO BlockManagerMasterEndpoint: Registering block manager 9c193a39eb11:32843 with 434.4 MiB RAM, BlockManagerId(driver, 9c193a39eb11, 32843, None)
[2025-02-05T11:49:37.079+0000] {spark_submit.py:641} INFO - 25/02/05 11:49:37 INFO StandaloneAppClient$ClientEndpoint: Executor added: app-20250205114936-0000/0 on worker-20250205114502-172.18.0.6-38927 (172.18.0.6:38927) with 1 core(s)
[2025-02-05T11:49:37.080+0000] {spark_submit.py:641} INFO - 25/02/05 11:49:37 INFO StandaloneSchedulerBackend: Granted executor ID app-20250205114936-0000/0 on hostPort 172.18.0.6:38927 with 1 core(s), 1024.0 MiB RAM
[2025-02-05T11:49:37.081+0000] {spark_submit.py:641} INFO - 25/02/05 11:49:37 INFO StandaloneAppClient$ClientEndpoint: Executor added: app-20250205114936-0000/1 on worker-20250205114502-172.18.0.6-38927 (172.18.0.6:38927) with 1 core(s)
[2025-02-05T11:49:37.085+0000] {spark_submit.py:641} INFO - 25/02/05 11:49:37 INFO BlockManagerMaster: Registered BlockManager BlockManagerId(driver, 9c193a39eb11, 32843, None)
[2025-02-05T11:49:37.086+0000] {spark_submit.py:641} INFO - 25/02/05 11:49:37 INFO StandaloneSchedulerBackend: Granted executor ID app-20250205114936-0000/1 on hostPort 172.18.0.6:38927 with 1 core(s), 1024.0 MiB RAM
[2025-02-05T11:49:37.087+0000] {spark_submit.py:641} INFO - 25/02/05 11:49:37 INFO BlockManager: Initialized BlockManager: BlockManagerId(driver, 9c193a39eb11, 32843, None)
[2025-02-05T11:49:37.087+0000] {spark_submit.py:641} INFO - 25/02/05 11:49:37 INFO StandaloneAppClient$ClientEndpoint: Executor added: app-20250205114936-0000/2 on worker-20250205114502-172.18.0.6-38927 (172.18.0.6:38927) with 1 core(s)
[2025-02-05T11:49:37.090+0000] {spark_submit.py:641} INFO - 25/02/05 11:49:37 INFO StandaloneSchedulerBackend: Granted executor ID app-20250205114936-0000/2 on hostPort 172.18.0.6:38927 with 1 core(s), 1024.0 MiB RAM
[2025-02-05T11:49:37.093+0000] {spark_submit.py:641} INFO - 25/02/05 11:49:37 INFO StandaloneAppClient$ClientEndpoint: Executor added: app-20250205114936-0000/3 on worker-20250205114502-172.18.0.6-38927 (172.18.0.6:38927) with 1 core(s)
[2025-02-05T11:49:37.094+0000] {spark_submit.py:641} INFO - 25/02/05 11:49:37 INFO StandaloneSchedulerBackend: Granted executor ID app-20250205114936-0000/3 on hostPort 172.18.0.6:38927 with 1 core(s), 1024.0 MiB RAM
[2025-02-05T11:49:37.095+0000] {spark_submit.py:641} INFO - 25/02/05 11:49:37 INFO StandaloneAppClient$ClientEndpoint: Executor added: app-20250205114936-0000/4 on worker-20250205114502-172.18.0.6-38927 (172.18.0.6:38927) with 1 core(s)
[2025-02-05T11:49:37.095+0000] {spark_submit.py:641} INFO - 25/02/05 11:49:37 INFO StandaloneSchedulerBackend: Granted executor ID app-20250205114936-0000/4 on hostPort 172.18.0.6:38927 with 1 core(s), 1024.0 MiB RAM
[2025-02-05T11:49:37.096+0000] {spark_submit.py:641} INFO - 25/02/05 11:49:37 INFO StandaloneAppClient$ClientEndpoint: Executor added: app-20250205114936-0000/5 on worker-20250205114502-172.18.0.6-38927 (172.18.0.6:38927) with 1 core(s)
[2025-02-05T11:49:37.097+0000] {spark_submit.py:641} INFO - 25/02/05 11:49:37 INFO StandaloneSchedulerBackend: Granted executor ID app-20250205114936-0000/5 on hostPort 172.18.0.6:38927 with 1 core(s), 1024.0 MiB RAM
[2025-02-05T11:49:37.097+0000] {spark_submit.py:641} INFO - 25/02/05 11:49:37 INFO StandaloneAppClient$ClientEndpoint: Executor added: app-20250205114936-0000/6 on worker-20250205114502-172.18.0.5-39093 (172.18.0.5:39093) with 1 core(s)
[2025-02-05T11:49:37.100+0000] {spark_submit.py:641} INFO - 25/02/05 11:49:37 INFO StandaloneSchedulerBackend: Granted executor ID app-20250205114936-0000/6 on hostPort 172.18.0.5:39093 with 1 core(s), 1024.0 MiB RAM
[2025-02-05T11:49:37.103+0000] {spark_submit.py:641} INFO - 25/02/05 11:49:37 INFO StandaloneAppClient$ClientEndpoint: Executor added: app-20250205114936-0000/7 on worker-20250205114502-172.18.0.5-39093 (172.18.0.5:39093) with 1 core(s)
[2025-02-05T11:49:37.107+0000] {spark_submit.py:641} INFO - 25/02/05 11:49:37 INFO StandaloneSchedulerBackend: Granted executor ID app-20250205114936-0000/7 on hostPort 172.18.0.5:39093 with 1 core(s), 1024.0 MiB RAM
[2025-02-05T11:49:37.108+0000] {spark_submit.py:641} INFO - 25/02/05 11:49:37 INFO StandaloneAppClient$ClientEndpoint: Executor added: app-20250205114936-0000/8 on worker-20250205114502-172.18.0.5-39093 (172.18.0.5:39093) with 1 core(s)
[2025-02-05T11:49:37.109+0000] {spark_submit.py:641} INFO - 25/02/05 11:49:37 INFO StandaloneSchedulerBackend: Granted executor ID app-20250205114936-0000/8 on hostPort 172.18.0.5:39093 with 1 core(s), 1024.0 MiB RAM
[2025-02-05T11:49:37.110+0000] {spark_submit.py:641} INFO - 25/02/05 11:49:37 INFO StandaloneAppClient$ClientEndpoint: Executor added: app-20250205114936-0000/9 on worker-20250205114502-172.18.0.5-39093 (172.18.0.5:39093) with 1 core(s)
[2025-02-05T11:49:37.110+0000] {spark_submit.py:641} INFO - 25/02/05 11:49:37 INFO StandaloneSchedulerBackend: Granted executor ID app-20250205114936-0000/9 on hostPort 172.18.0.5:39093 with 1 core(s), 1024.0 MiB RAM
[2025-02-05T11:49:37.111+0000] {spark_submit.py:641} INFO - 25/02/05 11:49:37 INFO StandaloneAppClient$ClientEndpoint: Executor added: app-20250205114936-0000/10 on worker-20250205114502-172.18.0.5-39093 (172.18.0.5:39093) with 1 core(s)
[2025-02-05T11:49:37.112+0000] {spark_submit.py:641} INFO - 25/02/05 11:49:37 INFO StandaloneSchedulerBackend: Granted executor ID app-20250205114936-0000/10 on hostPort 172.18.0.5:39093 with 1 core(s), 1024.0 MiB RAM
[2025-02-05T11:49:37.113+0000] {spark_submit.py:641} INFO - 25/02/05 11:49:37 INFO StandaloneAppClient$ClientEndpoint: Executor added: app-20250205114936-0000/11 on worker-20250205114502-172.18.0.5-39093 (172.18.0.5:39093) with 1 core(s)
[2025-02-05T11:49:37.113+0000] {spark_submit.py:641} INFO - 25/02/05 11:49:37 INFO StandaloneSchedulerBackend: Granted executor ID app-20250205114936-0000/11 on hostPort 172.18.0.5:39093 with 1 core(s), 1024.0 MiB RAM
[2025-02-05T11:49:37.563+0000] {spark_submit.py:641} INFO - 25/02/05 11:49:37 INFO StandaloneAppClient$ClientEndpoint: Executor updated: app-20250205114936-0000/5 is now RUNNING
[2025-02-05T11:49:37.570+0000] {spark_submit.py:641} INFO - 25/02/05 11:49:37 INFO StandaloneAppClient$ClientEndpoint: Executor updated: app-20250205114936-0000/2 is now RUNNING
[2025-02-05T11:49:37.571+0000] {spark_submit.py:641} INFO - 25/02/05 11:49:37 INFO StandaloneAppClient$ClientEndpoint: Executor updated: app-20250205114936-0000/3 is now RUNNING
[2025-02-05T11:49:37.572+0000] {spark_submit.py:641} INFO - 25/02/05 11:49:37 INFO StandaloneAppClient$ClientEndpoint: Executor updated: app-20250205114936-0000/0 is now RUNNING
[2025-02-05T11:49:37.577+0000] {spark_submit.py:641} INFO - 25/02/05 11:49:37 INFO StandaloneAppClient$ClientEndpoint: Executor updated: app-20250205114936-0000/4 is now RUNNING
[2025-02-05T11:49:37.580+0000] {spark_submit.py:641} INFO - 25/02/05 11:49:37 INFO StandaloneAppClient$ClientEndpoint: Executor updated: app-20250205114936-0000/1 is now RUNNING
[2025-02-05T11:49:37.590+0000] {spark_submit.py:641} INFO - 25/02/05 11:49:37 INFO StandaloneAppClient$ClientEndpoint: Executor updated: app-20250205114936-0000/6 is now RUNNING
[2025-02-05T11:49:37.594+0000] {spark_submit.py:641} INFO - 25/02/05 11:49:37 INFO StandaloneAppClient$ClientEndpoint: Executor updated: app-20250205114936-0000/8 is now RUNNING
[2025-02-05T11:49:37.615+0000] {spark_submit.py:641} INFO - 25/02/05 11:49:37 INFO StandaloneAppClient$ClientEndpoint: Executor updated: app-20250205114936-0000/10 is now RUNNING
[2025-02-05T11:49:37.642+0000] {spark_submit.py:641} INFO - 25/02/05 11:49:37 INFO StandaloneAppClient$ClientEndpoint: Executor updated: app-20250205114936-0000/7 is now RUNNING
[2025-02-05T11:49:37.663+0000] {spark_submit.py:641} INFO - 25/02/05 11:49:37 INFO StandaloneAppClient$ClientEndpoint: Executor updated: app-20250205114936-0000/9 is now RUNNING
[2025-02-05T11:49:37.669+0000] {spark_submit.py:641} INFO - 25/02/05 11:49:37 INFO StandaloneAppClient$ClientEndpoint: Executor updated: app-20250205114936-0000/11 is now RUNNING
[2025-02-05T11:49:37.891+0000] {spark_submit.py:641} INFO - 25/02/05 11:49:37 INFO StandaloneSchedulerBackend: SchedulerBackend is ready for scheduling beginning after reached minRegisteredResourcesRatio: 0.0
[2025-02-05T11:49:38.654+0000] {spark_submit.py:641} INFO - ❌ File not found: /opt/airflow/data/raw/2025-02-05/2025-02-05.parquet
[2025-02-05T11:49:38.654+0000] {spark_submit.py:641} INFO - Traceback (most recent call last):
[2025-02-05T11:49:38.656+0000] {spark_submit.py:641} INFO - File "/opt/airflow/tasks/transform.py", line 85, in <module>
[2025-02-05T11:49:38.657+0000] {spark_submit.py:641} INFO - transform_weather_data()
[2025-02-05T11:49:38.662+0000] {spark_submit.py:641} INFO - File "/opt/airflow/tasks/transform.py", line 28, in transform_weather_data
[2025-02-05T11:49:38.665+0000] {spark_submit.py:641} INFO - print("Files in directory:", os.listdir("/opt/airflow/data/raw/2025-02-05/"))
[2025-02-05T11:49:38.666+0000] {spark_submit.py:641} INFO - ^^^^^^^^^^^^^^^^^^^^^^^^^^^^^^^^^^^^^^^^^^^^^^^
[2025-02-05T11:49:38.667+0000] {spark_submit.py:641} INFO - FileNotFoundError: [Errno 2] No such file or directory: '/opt/airflow/data/raw/2025-02-05/'
[2025-02-05T11:49:38.795+0000] {spark_submit.py:641} INFO - 25/02/05 11:49:38 INFO SparkContext: Invoking stop() from shutdown hook
[2025-02-05T11:49:38.798+0000] {spark_submit.py:641} INFO - 25/02/05 11:49:38 INFO SparkContext: SparkContext is stopping with exitCode 0.
[2025-02-05T11:49:38.838+0000] {spark_submit.py:641} INFO - 25/02/05 11:49:38 INFO SparkUI: Stopped Spark web UI at http://9c193a39eb11:4040
[2025-02-05T11:49:38.853+0000] {spark_submit.py:641} INFO - 25/02/05 11:49:38 INFO StandaloneSchedulerBackend: Shutting down all executors
[2025-02-05T11:49:38.868+0000] {spark_submit.py:641} INFO - 25/02/05 11:49:38 INFO StandaloneSchedulerBackend$StandaloneDriverEndpoint: Asking each executor to shut down
[2025-02-05T11:49:38.929+0000] {spark_submit.py:641} INFO - 25/02/05 11:49:38 INFO MapOutputTrackerMasterEndpoint: MapOutputTrackerMasterEndpoint stopped!
[2025-02-05T11:49:38.989+0000] {spark_submit.py:641} INFO - 25/02/05 11:49:38 INFO MemoryStore: MemoryStore cleared
[2025-02-05T11:49:38.992+0000] {spark_submit.py:641} INFO - 25/02/05 11:49:38 INFO BlockManager: BlockManager stopped
[2025-02-05T11:49:39.040+0000] {spark_submit.py:641} INFO - 25/02/05 11:49:39 INFO BlockManagerMaster: BlockManagerMaster stopped
[2025-02-05T11:49:39.054+0000] {spark_submit.py:641} INFO - 25/02/05 11:49:39 INFO OutputCommitCoordinator$OutputCommitCoordinatorEndpoint: OutputCommitCoordinator stopped!
[2025-02-05T11:49:39.091+0000] {spark_submit.py:641} INFO - 25/02/05 11:49:39 INFO SparkContext: Successfully stopped SparkContext
[2025-02-05T11:49:39.092+0000] {spark_submit.py:641} INFO - 25/02/05 11:49:39 INFO ShutdownHookManager: Shutdown hook called
[2025-02-05T11:49:39.093+0000] {spark_submit.py:641} INFO - 25/02/05 11:49:39 INFO ShutdownHookManager: Deleting directory /tmp/spark-2c263905-cace-4135-a238-35a4562b06f7/pyspark-40edb6e3-8952-4765-ad45-2804b2494f8d
[2025-02-05T11:49:39.099+0000] {spark_submit.py:641} INFO - 25/02/05 11:49:39 INFO ShutdownHookManager: Deleting directory /tmp/spark-2c263905-cace-4135-a238-35a4562b06f7
[2025-02-05T11:49:39.104+0000] {spark_submit.py:641} INFO - 25/02/05 11:49:39 INFO ShutdownHookManager: Deleting directory /tmp/spark-9cc6aab6-e375-4495-892a-eeef66d07a6d
[2025-02-05T11:49:39.141+0000] {taskinstance.py:3311} ERROR - Task failed with exception
Traceback (most recent call last):
  File "/home/airflow/.local/lib/python3.12/site-packages/airflow/models/taskinstance.py", line 767, in _execute_task
    result = _execute_callable(context=context, **execute_callable_kwargs)
             ^^^^^^^^^^^^^^^^^^^^^^^^^^^^^^^^^^^^^^^^^^^^^^^^^^^^^^^^^^^^^
  File "/home/airflow/.local/lib/python3.12/site-packages/airflow/models/taskinstance.py", line 733, in _execute_callable
    return ExecutionCallableRunner(
           ^^^^^^^^^^^^^^^^^^^^^^^^
  File "/home/airflow/.local/lib/python3.12/site-packages/airflow/utils/operator_helpers.py", line 252, in run
    return self.func(*args, **kwargs)
           ^^^^^^^^^^^^^^^^^^^^^^^^^^
  File "/home/airflow/.local/lib/python3.12/site-packages/airflow/models/baseoperator.py", line 422, in wrapper
    return func(self, *args, **kwargs)
           ^^^^^^^^^^^^^^^^^^^^^^^^^^^
  File "/home/airflow/.local/lib/python3.12/site-packages/airflow/providers/apache/spark/operators/spark_submit.py", line 177, in execute
    self._hook.submit(self.application)
  File "/home/airflow/.local/lib/python3.12/site-packages/airflow/providers/apache/spark/hooks/spark_submit.py", line 567, in submit
    raise AirflowException(
airflow.exceptions.AirflowException: Cannot execute: spark-submit --master spark://spark-master:7077 --executor-cores 1 --executor-memory 1g --driver-memory 1g --name arrow-spark --verbose --queue root.default --deploy-mode client /opt/airflow/tasks/transform.py. Error code is: 1.
[2025-02-05T11:49:39.148+0000] {taskinstance.py:1225} INFO - Marking task as UP_FOR_RETRY. dag_id=Temp_elt_postgres, task_id=transform_weather_data, run_id=manual__2025-02-05T11:49:11.271778+00:00, execution_date=20250205T114911, start_date=20250205T114930, end_date=20250205T114939
[2025-02-05T11:49:39.178+0000] {taskinstance.py:340} INFO - ::group::Post task execution logs
[2025-02-05T11:49:39.179+0000] {standard_task_runner.py:124} ERROR - Failed to execute job 155 for task transform_weather_data (Cannot execute: spark-submit --master spark://spark-master:7077 --executor-cores 1 --executor-memory 1g --driver-memory 1g --name arrow-spark --verbose --queue root.default --deploy-mode client /opt/airflow/tasks/transform.py. Error code is: 1.; 143)
Traceback (most recent call last):
  File "/home/airflow/.local/lib/python3.12/site-packages/airflow/task/task_runner/standard_task_runner.py", line 117, in _start_by_fork
    ret = args.func(args, dag=self.dag)
          ^^^^^^^^^^^^^^^^^^^^^^^^^^^^^
  File "/home/airflow/.local/lib/python3.12/site-packages/airflow/cli/cli_config.py", line 49, in command
    return func(*args, **kwargs)
           ^^^^^^^^^^^^^^^^^^^^^
  File "/home/airflow/.local/lib/python3.12/site-packages/airflow/utils/cli.py", line 116, in wrapper
    return f(*args, **kwargs)
           ^^^^^^^^^^^^^^^^^^
  File "/home/airflow/.local/lib/python3.12/site-packages/airflow/cli/commands/task_command.py", line 483, in task_run
    task_return_code = _run_task_by_selected_method(args, _dag, ti)
                       ^^^^^^^^^^^^^^^^^^^^^^^^^^^^^^^^^^^^^^^^^^^^
  File "/home/airflow/.local/lib/python3.12/site-packages/airflow/cli/commands/task_command.py", line 256, in _run_task_by_selected_method
    return _run_raw_task(args, ti)
           ^^^^^^^^^^^^^^^^^^^^^^^
  File "/home/airflow/.local/lib/python3.12/site-packages/airflow/cli/commands/task_command.py", line 341, in _run_raw_task
    return ti._run_raw_task(
           ^^^^^^^^^^^^^^^^^
  File "/home/airflow/.local/lib/python3.12/site-packages/airflow/utils/session.py", line 97, in wrapper
    return func(*args, session=session, **kwargs)
           ^^^^^^^^^^^^^^^^^^^^^^^^^^^^^^^^^^^^^^
  File "/home/airflow/.local/lib/python3.12/site-packages/airflow/models/taskinstance.py", line 3005, in _run_raw_task
    return _run_raw_task(
           ^^^^^^^^^^^^^^
  File "/home/airflow/.local/lib/python3.12/site-packages/airflow/models/taskinstance.py", line 273, in _run_raw_task
    TaskInstance._execute_task_with_callbacks(
  File "/home/airflow/.local/lib/python3.12/site-packages/airflow/models/taskinstance.py", line 3159, in _execute_task_with_callbacks
    result = self._execute_task(context, task_orig)
             ^^^^^^^^^^^^^^^^^^^^^^^^^^^^^^^^^^^^^^
  File "/home/airflow/.local/lib/python3.12/site-packages/airflow/models/taskinstance.py", line 3183, in _execute_task
    return _execute_task(self, context, task_orig)
           ^^^^^^^^^^^^^^^^^^^^^^^^^^^^^^^^^^^^^^^
  File "/home/airflow/.local/lib/python3.12/site-packages/airflow/models/taskinstance.py", line 767, in _execute_task
    result = _execute_callable(context=context, **execute_callable_kwargs)
             ^^^^^^^^^^^^^^^^^^^^^^^^^^^^^^^^^^^^^^^^^^^^^^^^^^^^^^^^^^^^^
  File "/home/airflow/.local/lib/python3.12/site-packages/airflow/models/taskinstance.py", line 733, in _execute_callable
    return ExecutionCallableRunner(
           ^^^^^^^^^^^^^^^^^^^^^^^^
  File "/home/airflow/.local/lib/python3.12/site-packages/airflow/utils/operator_helpers.py", line 252, in run
    return self.func(*args, **kwargs)
           ^^^^^^^^^^^^^^^^^^^^^^^^^^
  File "/home/airflow/.local/lib/python3.12/site-packages/airflow/models/baseoperator.py", line 422, in wrapper
    return func(self, *args, **kwargs)
           ^^^^^^^^^^^^^^^^^^^^^^^^^^^
  File "/home/airflow/.local/lib/python3.12/site-packages/airflow/providers/apache/spark/operators/spark_submit.py", line 177, in execute
    self._hook.submit(self.application)
  File "/home/airflow/.local/lib/python3.12/site-packages/airflow/providers/apache/spark/hooks/spark_submit.py", line 567, in submit
    raise AirflowException(
airflow.exceptions.AirflowException: Cannot execute: spark-submit --master spark://spark-master:7077 --executor-cores 1 --executor-memory 1g --driver-memory 1g --name arrow-spark --verbose --queue root.default --deploy-mode client /opt/airflow/tasks/transform.py. Error code is: 1.
[2025-02-05T11:49:39.212+0000] {local_task_job_runner.py:266} INFO - Task exited with return code 1
[2025-02-05T11:49:39.238+0000] {taskinstance.py:3895} INFO - 0 downstream tasks scheduled from follow-on schedule check
[2025-02-05T11:49:39.239+0000] {local_task_job_runner.py:245} INFO - ::endgroup::
