[2025-02-10T12:00:54.417+0000] {local_task_job_runner.py:123} INFO - ::group::Pre task execution logs
[2025-02-10T12:00:54.432+0000] {taskinstance.py:2613} INFO - Dependencies all met for dep_context=non-requeueable deps ti=<TaskInstance: Temp_elt_postgres.transform_weather_data manual__2025-02-10T11:43:42.084443+00:00 [queued]>
[2025-02-10T12:00:54.442+0000] {taskinstance.py:2613} INFO - Dependencies all met for dep_context=requeueable deps ti=<TaskInstance: Temp_elt_postgres.transform_weather_data manual__2025-02-10T11:43:42.084443+00:00 [queued]>
[2025-02-10T12:00:54.443+0000] {taskinstance.py:2866} INFO - Starting attempt 3 of 4
[2025-02-10T12:00:54.471+0000] {taskinstance.py:2889} INFO - Executing <Task(SparkSubmitOperator): transform_weather_data> on 2025-02-10 11:43:42.084443+00:00
[2025-02-10T12:00:54.480+0000] {standard_task_runner.py:104} INFO - Running: ['airflow', 'tasks', 'run', 'Temp_elt_postgres', 'transform_weather_data', 'manual__2025-02-10T11:43:42.084443+00:00', '--job-id', '268', '--raw', '--subdir', 'DAGS_FOLDER/weather_etl_postgres.py', '--cfg-path', '/tmp/tmpznuta1rv']
[2025-02-10T12:00:54.484+0000] {standard_task_runner.py:105} INFO - Job 268: Subtask transform_weather_data
[2025-02-10T12:00:54.488+0000] {logging_mixin.py:190} WARNING - /home/airflow/.local/lib/python3.12/site-packages/airflow/task/task_runner/standard_task_runner.py:70 DeprecationWarning: This process (pid=859) is multi-threaded, use of fork() may lead to deadlocks in the child.
[2025-02-10T12:00:54.488+0000] {standard_task_runner.py:72} INFO - Started process 869 to run task
[2025-02-10T12:00:54.565+0000] {task_command.py:467} INFO - Running <TaskInstance: Temp_elt_postgres.transform_weather_data manual__2025-02-10T11:43:42.084443+00:00 [running]> on host 8e2742531868
[2025-02-10T12:00:54.657+0000] {taskinstance.py:3132} INFO - Exporting env vars: AIRFLOW_CTX_DAG_OWNER='zalihat' AIRFLOW_CTX_DAG_ID='Temp_elt_postgres' AIRFLOW_CTX_TASK_ID='transform_weather_data' AIRFLOW_CTX_EXECUTION_DATE='2025-02-10T11:43:42.084443+00:00' AIRFLOW_CTX_TRY_NUMBER='3' AIRFLOW_CTX_DAG_RUN_ID='manual__2025-02-10T11:43:42.084443+00:00'
[2025-02-10T12:00:54.661+0000] {taskinstance.py:731} INFO - ::endgroup::
[2025-02-10T12:00:54.688+0000] {base.py:84} INFO - Retrieving connection 'spark_default'
[2025-02-10T12:00:54.690+0000] {spark_submit.py:474} INFO - Spark-Submit cmd: spark-submit --master spark://spark-master:7077 --conf spark.jars=/shared-data/postgresql-42.7.5.jar --conf spark.driver.extraClassPath=/shared-data/postgresql-42.7.5.jar --conf spark.executor.extraClassPath=/shared-data/postgresql-42.7.5.jar --executor-cores 1 --executor-memory 1g --driver-memory 1g --name arrow-spark --verbose --queue root.default --deploy-mode client /opt/airflow/tasks/transform.py
[2025-02-10T12:00:56.202+0000] {spark_submit.py:641} INFO - Using properties file: null
[2025-02-10T12:00:56.338+0000] {spark_submit.py:641} INFO - Parsed arguments:
[2025-02-10T12:00:56.338+0000] {spark_submit.py:641} INFO - master                  spark://spark-master:7077
[2025-02-10T12:00:56.339+0000] {spark_submit.py:641} INFO - remote                  null
[2025-02-10T12:00:56.340+0000] {spark_submit.py:641} INFO - deployMode              client
[2025-02-10T12:00:56.340+0000] {spark_submit.py:641} INFO - executorMemory          1g
[2025-02-10T12:00:56.341+0000] {spark_submit.py:641} INFO - executorCores           1
[2025-02-10T12:00:56.341+0000] {spark_submit.py:641} INFO - totalExecutorCores      null
[2025-02-10T12:00:56.342+0000] {spark_submit.py:641} INFO - propertiesFile          null
[2025-02-10T12:00:56.342+0000] {spark_submit.py:641} INFO - driverMemory            1g
[2025-02-10T12:00:56.343+0000] {spark_submit.py:641} INFO - driverCores             null
[2025-02-10T12:00:56.344+0000] {spark_submit.py:641} INFO - driverExtraClassPath    /shared-data/postgresql-42.7.5.jar
[2025-02-10T12:00:56.345+0000] {spark_submit.py:641} INFO - driverExtraLibraryPath  null
[2025-02-10T12:00:56.345+0000] {spark_submit.py:641} INFO - driverExtraJavaOptions  null
[2025-02-10T12:00:56.346+0000] {spark_submit.py:641} INFO - supervise               false
[2025-02-10T12:00:56.347+0000] {spark_submit.py:641} INFO - queue                   root.default
[2025-02-10T12:00:56.347+0000] {spark_submit.py:641} INFO - numExecutors            null
[2025-02-10T12:00:56.347+0000] {spark_submit.py:641} INFO - files                   null
[2025-02-10T12:00:56.348+0000] {spark_submit.py:641} INFO - pyFiles                 null
[2025-02-10T12:00:56.348+0000] {spark_submit.py:641} INFO - archives                null
[2025-02-10T12:00:56.349+0000] {spark_submit.py:641} INFO - mainClass               null
[2025-02-10T12:00:56.350+0000] {spark_submit.py:641} INFO - primaryResource         file:/opt/airflow/tasks/transform.py
[2025-02-10T12:00:56.351+0000] {spark_submit.py:641} INFO - name                    arrow-spark
[2025-02-10T12:00:56.351+0000] {spark_submit.py:641} INFO - childArgs               []
[2025-02-10T12:00:56.352+0000] {spark_submit.py:641} INFO - jars                    /shared-data/postgresql-42.7.5.jar
[2025-02-10T12:00:56.353+0000] {spark_submit.py:641} INFO - packages                null
[2025-02-10T12:00:56.354+0000] {spark_submit.py:641} INFO - packagesExclusions      null
[2025-02-10T12:00:56.355+0000] {spark_submit.py:641} INFO - repositories            null
[2025-02-10T12:00:56.355+0000] {spark_submit.py:641} INFO - verbose                 true
[2025-02-10T12:00:56.356+0000] {spark_submit.py:641} INFO - 
[2025-02-10T12:00:56.357+0000] {spark_submit.py:641} INFO - Spark properties used, including those specified through
[2025-02-10T12:00:56.358+0000] {spark_submit.py:641} INFO - --conf and those from the properties file null:
[2025-02-10T12:00:56.358+0000] {spark_submit.py:641} INFO - (spark.driver.extraClassPath,/shared-data/postgresql-42.7.5.jar)
[2025-02-10T12:00:56.359+0000] {spark_submit.py:641} INFO - (spark.driver.memory,1g)
[2025-02-10T12:00:56.360+0000] {spark_submit.py:641} INFO - (spark.executor.extraClassPath,/shared-data/postgresql-42.7.5.jar)
[2025-02-10T12:00:56.360+0000] {spark_submit.py:641} INFO - (spark.jars,/shared-data/postgresql-42.7.5.jar)
[2025-02-10T12:00:56.361+0000] {spark_submit.py:641} INFO - 
[2025-02-10T12:00:56.362+0000] {spark_submit.py:641} INFO - 
[2025-02-10T12:00:56.676+0000] {spark_submit.py:641} INFO - 25/02/10 12:00:56 WARN NativeCodeLoader: Unable to load native-hadoop library for your platform... using builtin-java classes where applicable
[2025-02-10T12:00:56.887+0000] {spark_submit.py:641} INFO - Main class:
[2025-02-10T12:00:56.888+0000] {spark_submit.py:641} INFO - org.apache.spark.deploy.PythonRunner
[2025-02-10T12:00:56.889+0000] {spark_submit.py:641} INFO - Arguments:
[2025-02-10T12:00:56.890+0000] {spark_submit.py:641} INFO - file:/opt/airflow/tasks/transform.py
[2025-02-10T12:00:56.891+0000] {spark_submit.py:641} INFO - null
[2025-02-10T12:00:56.892+0000] {spark_submit.py:641} INFO - Spark config:
[2025-02-10T12:00:56.893+0000] {spark_submit.py:641} INFO - (spark.app.name,arrow-spark)
[2025-02-10T12:00:56.894+0000] {spark_submit.py:641} INFO - (spark.app.submitTime,1739188856864)
[2025-02-10T12:00:56.894+0000] {spark_submit.py:641} INFO - (spark.driver.extraClassPath,/shared-data/postgresql-42.7.5.jar)
[2025-02-10T12:00:56.895+0000] {spark_submit.py:641} INFO - (spark.driver.memory,1g)
[2025-02-10T12:00:56.895+0000] {spark_submit.py:641} INFO - (spark.executor.cores,1)
[2025-02-10T12:00:56.896+0000] {spark_submit.py:641} INFO - (spark.executor.extraClassPath,/shared-data/postgresql-42.7.5.jar)
[2025-02-10T12:00:56.896+0000] {spark_submit.py:641} INFO - (spark.executor.memory,1g)
[2025-02-10T12:00:56.897+0000] {spark_submit.py:641} INFO - (spark.jars,file:///shared-data/postgresql-42.7.5.jar)
[2025-02-10T12:00:56.897+0000] {spark_submit.py:641} INFO - (spark.master,spark://spark-master:7077)
[2025-02-10T12:00:56.898+0000] {spark_submit.py:641} INFO - (spark.repl.local.jars,file:///shared-data/postgresql-42.7.5.jar)
[2025-02-10T12:00:56.899+0000] {spark_submit.py:641} INFO - (spark.submit.deployMode,client)
[2025-02-10T12:00:56.900+0000] {spark_submit.py:641} INFO - (spark.submit.pyFiles,)
[2025-02-10T12:00:56.901+0000] {spark_submit.py:641} INFO - Classpath elements:
[2025-02-10T12:00:56.903+0000] {spark_submit.py:641} INFO - file:///shared-data/postgresql-42.7.5.jar
[2025-02-10T12:00:56.904+0000] {spark_submit.py:641} INFO - 
[2025-02-10T12:00:56.905+0000] {spark_submit.py:641} INFO - 
[2025-02-10T12:00:58.249+0000] {spark_submit.py:641} INFO - 25/02/10 12:00:58 INFO SparkContext: Running Spark version 3.5.4
[2025-02-10T12:00:58.252+0000] {spark_submit.py:641} INFO - 25/02/10 12:00:58 INFO SparkContext: OS info Linux, 6.10.14-linuxkit, amd64
[2025-02-10T12:00:58.255+0000] {spark_submit.py:641} INFO - 25/02/10 12:00:58 INFO SparkContext: Java version 17.0.13
[2025-02-10T12:00:58.293+0000] {spark_submit.py:641} INFO - 25/02/10 12:00:58 INFO ResourceUtils: ==============================================================
[2025-02-10T12:00:58.294+0000] {spark_submit.py:641} INFO - 25/02/10 12:00:58 INFO ResourceUtils: No custom resources configured for spark.driver.
[2025-02-10T12:00:58.295+0000] {spark_submit.py:641} INFO - 25/02/10 12:00:58 INFO ResourceUtils: ==============================================================
[2025-02-10T12:00:58.295+0000] {spark_submit.py:641} INFO - 25/02/10 12:00:58 INFO SparkContext: Submitted application: WeatherDataProcessing
[2025-02-10T12:00:58.326+0000] {spark_submit.py:641} INFO - 25/02/10 12:00:58 INFO ResourceProfile: Default ResourceProfile created, executor resources: Map(cores -> name: cores, amount: 1, script: , vendor: , memory -> name: memory, amount: 1024, script: , vendor: , offHeap -> name: offHeap, amount: 0, script: , vendor: ), task resources: Map(cpus -> name: cpus, amount: 1.0)
[2025-02-10T12:00:58.340+0000] {spark_submit.py:641} INFO - 25/02/10 12:00:58 INFO ResourceProfile: Limiting resource is cpus at 1 tasks per executor
[2025-02-10T12:00:58.344+0000] {spark_submit.py:641} INFO - 25/02/10 12:00:58 INFO ResourceProfileManager: Added ResourceProfile id: 0
[2025-02-10T12:00:58.413+0000] {spark_submit.py:641} INFO - 25/02/10 12:00:58 INFO SecurityManager: Changing view acls to: airflow
[2025-02-10T12:00:58.414+0000] {spark_submit.py:641} INFO - 25/02/10 12:00:58 INFO SecurityManager: Changing modify acls to: airflow
[2025-02-10T12:00:58.415+0000] {spark_submit.py:641} INFO - 25/02/10 12:00:58 INFO SecurityManager: Changing view acls groups to:
[2025-02-10T12:00:58.416+0000] {spark_submit.py:641} INFO - 25/02/10 12:00:58 INFO SecurityManager: Changing modify acls groups to:
[2025-02-10T12:00:58.417+0000] {spark_submit.py:641} INFO - 25/02/10 12:00:58 INFO SecurityManager: SecurityManager: authentication disabled; ui acls disabled; users with view permissions: airflow; groups with view permissions: EMPTY; users with modify permissions: airflow; groups with modify permissions: EMPTY
[2025-02-10T12:00:58.656+0000] {spark_submit.py:641} INFO - 25/02/10 12:00:58 INFO Utils: Successfully started service 'sparkDriver' on port 36533.
[2025-02-10T12:00:58.688+0000] {spark_submit.py:641} INFO - 25/02/10 12:00:58 INFO SparkEnv: Registering MapOutputTracker
[2025-02-10T12:00:58.727+0000] {spark_submit.py:641} INFO - 25/02/10 12:00:58 INFO SparkEnv: Registering BlockManagerMaster
[2025-02-10T12:00:58.744+0000] {spark_submit.py:641} INFO - 25/02/10 12:00:58 INFO BlockManagerMasterEndpoint: Using org.apache.spark.storage.DefaultTopologyMapper for getting topology information
[2025-02-10T12:00:58.745+0000] {spark_submit.py:641} INFO - 25/02/10 12:00:58 INFO BlockManagerMasterEndpoint: BlockManagerMasterEndpoint up
[2025-02-10T12:00:58.750+0000] {spark_submit.py:641} INFO - 25/02/10 12:00:58 INFO SparkEnv: Registering BlockManagerMasterHeartbeat
[2025-02-10T12:00:58.770+0000] {spark_submit.py:641} INFO - 25/02/10 12:00:58 INFO DiskBlockManager: Created local directory at /tmp/blockmgr-88ec1c40-d9dd-4668-9161-a6fc5c64cded
[2025-02-10T12:00:58.794+0000] {spark_submit.py:641} INFO - 25/02/10 12:00:58 INFO MemoryStore: MemoryStore started with capacity 434.4 MiB
[2025-02-10T12:00:58.811+0000] {spark_submit.py:641} INFO - 25/02/10 12:00:58 INFO SparkEnv: Registering OutputCommitCoordinator
[2025-02-10T12:00:59.000+0000] {spark_submit.py:641} INFO - 25/02/10 12:00:59 INFO JettyUtils: Start Jetty 0.0.0.0:4040 for SparkUI
[2025-02-10T12:00:59.145+0000] {spark_submit.py:641} INFO - 25/02/10 12:00:59 INFO Utils: Successfully started service 'SparkUI' on port 4040.
[2025-02-10T12:00:59.227+0000] {spark_submit.py:641} INFO - 25/02/10 12:00:59 INFO SparkContext: Added JAR /shared-data/postgresql-42.7.5.jar at spark://8e2742531868:36533/jars/postgresql-42.7.5.jar with timestamp 1739188858238
[2025-02-10T12:00:59.355+0000] {spark_submit.py:641} INFO - 25/02/10 12:00:59 INFO StandaloneAppClient$ClientEndpoint: Connecting to master spark://spark-master:7077...
[2025-02-10T12:00:59.406+0000] {spark_submit.py:641} INFO - 25/02/10 12:00:59 INFO TransportClientFactory: Successfully created connection to spark-master/172.18.0.3:7077 after 26 ms (0 ms spent in bootstraps)
[2025-02-10T12:00:59.500+0000] {spark_submit.py:641} INFO - 25/02/10 12:00:59 INFO StandaloneSchedulerBackend: Connected to Spark cluster with app ID app-20250210120059-0003
[2025-02-10T12:00:59.517+0000] {spark_submit.py:641} INFO - 25/02/10 12:00:59 INFO StandaloneAppClient$ClientEndpoint: Executor added: app-20250210120059-0003/0 on worker-20250210113709-172.18.0.6-33893 (172.18.0.6:33893) with 1 core(s)
[2025-02-10T12:00:59.520+0000] {spark_submit.py:641} INFO - 25/02/10 12:00:59 INFO StandaloneSchedulerBackend: Granted executor ID app-20250210120059-0003/0 on hostPort 172.18.0.6:33893 with 1 core(s), 1024.0 MiB RAM
[2025-02-10T12:00:59.543+0000] {spark_submit.py:641} INFO - 25/02/10 12:00:59 INFO StandaloneAppClient$ClientEndpoint: Executor added: app-20250210120059-0003/1 on worker-20250210113709-172.18.0.6-33893 (172.18.0.6:33893) with 1 core(s)
[2025-02-10T12:00:59.555+0000] {spark_submit.py:641} INFO - 25/02/10 12:00:59 INFO StandaloneSchedulerBackend: Granted executor ID app-20250210120059-0003/1 on hostPort 172.18.0.6:33893 with 1 core(s), 1024.0 MiB RAM
[2025-02-10T12:00:59.556+0000] {spark_submit.py:641} INFO - 25/02/10 12:00:59 INFO StandaloneAppClient$ClientEndpoint: Executor added: app-20250210120059-0003/2 on worker-20250210113709-172.18.0.6-33893 (172.18.0.6:33893) with 1 core(s)
[2025-02-10T12:00:59.557+0000] {spark_submit.py:641} INFO - 25/02/10 12:00:59 INFO StandaloneSchedulerBackend: Granted executor ID app-20250210120059-0003/2 on hostPort 172.18.0.6:33893 with 1 core(s), 1024.0 MiB RAM
[2025-02-10T12:00:59.562+0000] {spark_submit.py:641} INFO - 25/02/10 12:00:59 INFO StandaloneAppClient$ClientEndpoint: Executor added: app-20250210120059-0003/3 on worker-20250210113709-172.18.0.6-33893 (172.18.0.6:33893) with 1 core(s)
[2025-02-10T12:00:59.563+0000] {spark_submit.py:641} INFO - 25/02/10 12:00:59 INFO StandaloneSchedulerBackend: Granted executor ID app-20250210120059-0003/3 on hostPort 172.18.0.6:33893 with 1 core(s), 1024.0 MiB RAM
[2025-02-10T12:00:59.568+0000] {spark_submit.py:641} INFO - 25/02/10 12:00:59 INFO StandaloneAppClient$ClientEndpoint: Executor added: app-20250210120059-0003/4 on worker-20250210113709-172.18.0.6-33893 (172.18.0.6:33893) with 1 core(s)
[2025-02-10T12:00:59.569+0000] {spark_submit.py:641} INFO - 25/02/10 12:00:59 INFO StandaloneSchedulerBackend: Granted executor ID app-20250210120059-0003/4 on hostPort 172.18.0.6:33893 with 1 core(s), 1024.0 MiB RAM
[2025-02-10T12:00:59.574+0000] {spark_submit.py:641} INFO - 25/02/10 12:00:59 INFO StandaloneAppClient$ClientEndpoint: Executor added: app-20250210120059-0003/5 on worker-20250210113709-172.18.0.6-33893 (172.18.0.6:33893) with 1 core(s)
[2025-02-10T12:00:59.576+0000] {spark_submit.py:641} INFO - 25/02/10 12:00:59 INFO StandaloneSchedulerBackend: Granted executor ID app-20250210120059-0003/5 on hostPort 172.18.0.6:33893 with 1 core(s), 1024.0 MiB RAM
[2025-02-10T12:00:59.577+0000] {spark_submit.py:641} INFO - 25/02/10 12:00:59 INFO StandaloneAppClient$ClientEndpoint: Executor added: app-20250210120059-0003/6 on worker-20250210113709-172.18.0.5-44665 (172.18.0.5:44665) with 1 core(s)
[2025-02-10T12:00:59.578+0000] {spark_submit.py:641} INFO - 25/02/10 12:00:59 INFO StandaloneSchedulerBackend: Granted executor ID app-20250210120059-0003/6 on hostPort 172.18.0.5:44665 with 1 core(s), 1024.0 MiB RAM
[2025-02-10T12:00:59.583+0000] {spark_submit.py:641} INFO - 25/02/10 12:00:59 INFO StandaloneAppClient$ClientEndpoint: Executor added: app-20250210120059-0003/7 on worker-20250210113709-172.18.0.5-44665 (172.18.0.5:44665) with 1 core(s)
[2025-02-10T12:00:59.584+0000] {spark_submit.py:641} INFO - 25/02/10 12:00:59 INFO StandaloneSchedulerBackend: Granted executor ID app-20250210120059-0003/7 on hostPort 172.18.0.5:44665 with 1 core(s), 1024.0 MiB RAM
[2025-02-10T12:00:59.584+0000] {spark_submit.py:641} INFO - 25/02/10 12:00:59 INFO StandaloneAppClient$ClientEndpoint: Executor added: app-20250210120059-0003/8 on worker-20250210113709-172.18.0.5-44665 (172.18.0.5:44665) with 1 core(s)
[2025-02-10T12:00:59.588+0000] {spark_submit.py:641} INFO - 25/02/10 12:00:59 INFO StandaloneSchedulerBackend: Granted executor ID app-20250210120059-0003/8 on hostPort 172.18.0.5:44665 with 1 core(s), 1024.0 MiB RAM
[2025-02-10T12:00:59.589+0000] {spark_submit.py:641} INFO - 25/02/10 12:00:59 INFO StandaloneAppClient$ClientEndpoint: Executor added: app-20250210120059-0003/9 on worker-20250210113709-172.18.0.5-44665 (172.18.0.5:44665) with 1 core(s)
[2025-02-10T12:00:59.593+0000] {spark_submit.py:641} INFO - 25/02/10 12:00:59 INFO StandaloneSchedulerBackend: Granted executor ID app-20250210120059-0003/9 on hostPort 172.18.0.5:44665 with 1 core(s), 1024.0 MiB RAM
[2025-02-10T12:00:59.594+0000] {spark_submit.py:641} INFO - 25/02/10 12:00:59 INFO StandaloneAppClient$ClientEndpoint: Executor added: app-20250210120059-0003/10 on worker-20250210113709-172.18.0.5-44665 (172.18.0.5:44665) with 1 core(s)
[2025-02-10T12:00:59.595+0000] {spark_submit.py:641} INFO - 25/02/10 12:00:59 INFO StandaloneSchedulerBackend: Granted executor ID app-20250210120059-0003/10 on hostPort 172.18.0.5:44665 with 1 core(s), 1024.0 MiB RAM
[2025-02-10T12:00:59.596+0000] {spark_submit.py:641} INFO - 25/02/10 12:00:59 INFO Utils: Successfully started service 'org.apache.spark.network.netty.NettyBlockTransferService' on port 42713.
[2025-02-10T12:00:59.599+0000] {spark_submit.py:641} INFO - 25/02/10 12:00:59 INFO NettyBlockTransferService: Server created on 8e2742531868:42713
[2025-02-10T12:00:59.613+0000] {spark_submit.py:641} INFO - 25/02/10 12:00:59 INFO BlockManager: Using org.apache.spark.storage.RandomBlockReplicationPolicy for block replication policy
[2025-02-10T12:00:59.614+0000] {spark_submit.py:641} INFO - 25/02/10 12:00:59 INFO StandaloneAppClient$ClientEndpoint: Executor added: app-20250210120059-0003/11 on worker-20250210113709-172.18.0.5-44665 (172.18.0.5:44665) with 1 core(s)
[2025-02-10T12:00:59.619+0000] {spark_submit.py:641} INFO - 25/02/10 12:00:59 INFO StandaloneSchedulerBackend: Granted executor ID app-20250210120059-0003/11 on hostPort 172.18.0.5:44665 with 1 core(s), 1024.0 MiB RAM
[2025-02-10T12:00:59.625+0000] {spark_submit.py:641} INFO - 25/02/10 12:00:59 INFO BlockManagerMaster: Registering BlockManager BlockManagerId(driver, 8e2742531868, 42713, None)
[2025-02-10T12:00:59.632+0000] {spark_submit.py:641} INFO - 25/02/10 12:00:59 INFO BlockManagerMasterEndpoint: Registering block manager 8e2742531868:42713 with 434.4 MiB RAM, BlockManagerId(driver, 8e2742531868, 42713, None)
[2025-02-10T12:00:59.649+0000] {spark_submit.py:641} INFO - 25/02/10 12:00:59 INFO BlockManagerMaster: Registered BlockManager BlockManagerId(driver, 8e2742531868, 42713, None)
[2025-02-10T12:00:59.666+0000] {spark_submit.py:641} INFO - 25/02/10 12:00:59 INFO BlockManager: Initialized BlockManager: BlockManagerId(driver, 8e2742531868, 42713, None)
[2025-02-10T12:00:59.667+0000] {spark_submit.py:641} INFO - 25/02/10 12:00:59 INFO StandaloneAppClient$ClientEndpoint: Executor updated: app-20250210120059-0003/6 is now RUNNING
[2025-02-10T12:00:59.667+0000] {spark_submit.py:641} INFO - 25/02/10 12:00:59 INFO StandaloneAppClient$ClientEndpoint: Executor updated: app-20250210120059-0003/1 is now RUNNING
[2025-02-10T12:00:59.683+0000] {spark_submit.py:641} INFO - 25/02/10 12:00:59 INFO StandaloneAppClient$ClientEndpoint: Executor updated: app-20250210120059-0003/2 is now RUNNING
[2025-02-10T12:00:59.739+0000] {spark_submit.py:641} INFO - 25/02/10 12:00:59 INFO StandaloneAppClient$ClientEndpoint: Executor updated: app-20250210120059-0003/0 is now RUNNING
[2025-02-10T12:00:59.744+0000] {spark_submit.py:641} INFO - 25/02/10 12:00:59 INFO StandaloneAppClient$ClientEndpoint: Executor updated: app-20250210120059-0003/8 is now RUNNING
[2025-02-10T12:00:59.771+0000] {spark_submit.py:641} INFO - 25/02/10 12:00:59 INFO StandaloneAppClient$ClientEndpoint: Executor updated: app-20250210120059-0003/7 is now RUNNING
[2025-02-10T12:00:59.772+0000] {spark_submit.py:641} INFO - 25/02/10 12:00:59 INFO StandaloneAppClient$ClientEndpoint: Executor updated: app-20250210120059-0003/3 is now RUNNING
[2025-02-10T12:00:59.803+0000] {spark_submit.py:641} INFO - 25/02/10 12:00:59 INFO StandaloneAppClient$ClientEndpoint: Executor updated: app-20250210120059-0003/4 is now RUNNING
[2025-02-10T12:00:59.807+0000] {spark_submit.py:641} INFO - 25/02/10 12:00:59 INFO StandaloneAppClient$ClientEndpoint: Executor updated: app-20250210120059-0003/5 is now RUNNING
[2025-02-10T12:00:59.815+0000] {spark_submit.py:641} INFO - 25/02/10 12:00:59 INFO StandaloneAppClient$ClientEndpoint: Executor updated: app-20250210120059-0003/9 is now RUNNING
[2025-02-10T12:00:59.821+0000] {spark_submit.py:641} INFO - 25/02/10 12:00:59 INFO StandaloneAppClient$ClientEndpoint: Executor updated: app-20250210120059-0003/11 is now RUNNING
[2025-02-10T12:00:59.829+0000] {spark_submit.py:641} INFO - 25/02/10 12:00:59 INFO StandaloneAppClient$ClientEndpoint: Executor updated: app-20250210120059-0003/10 is now RUNNING
[2025-02-10T12:01:00.633+0000] {spark_submit.py:641} INFO - 25/02/10 12:01:00 INFO StandaloneSchedulerBackend: SchedulerBackend is ready for scheduling beginning after reached minRegisteredResourcesRatio: 0.0
[2025-02-10T12:01:01.300+0000] {spark_submit.py:641} INFO - /shared-data/raw does exist
[2025-02-10T12:01:01.304+0000] {spark_submit.py:641} INFO - this is the root/shared-data/raw
[2025-02-10T12:01:01.305+0000] {spark_submit.py:641} INFO - this is the _ ['2025-02-09', '2025-02-10']
[2025-02-10T12:01:01.308+0000] {spark_submit.py:641} INFO - this is the file_path['.DS_Store']
[2025-02-10T12:01:01.309+0000] {spark_submit.py:641} INFO - this is the root/shared-data/raw/2025-02-09
[2025-02-10T12:01:01.310+0000] {spark_submit.py:641} INFO - this is the _ []
[2025-02-10T12:01:01.324+0000] {spark_submit.py:641} INFO - this is the file_path['.DS_Store', '2025-02-09_08-42.parquet']
[2025-02-10T12:01:01.327+0000] {spark_submit.py:641} INFO - Processing: /shared-data/raw/2025-02-09/2025-02-09_08-42.parquet
[2025-02-10T12:01:01.328+0000] {spark_submit.py:641} INFO - file:///shared-data/raw/2025-02-09/2025-02-09_08-42.parquet
[2025-02-10T12:01:01.330+0000] {spark_submit.py:641} INFO - 25/02/10 12:01:01 INFO SharedState: Setting hive.metastore.warehouse.dir ('null') to the value of spark.sql.warehouse.dir.
[2025-02-10T12:01:01.337+0000] {spark_submit.py:641} INFO - 25/02/10 12:01:01 INFO SharedState: Warehouse path is 'file:/opt/airflow/spark-warehouse'.
[2025-02-10T12:01:04.504+0000] {spark_submit.py:641} INFO - 25/02/10 12:01:04 INFO InMemoryFileIndex: It took 198 ms to list leaf files for 1 paths.
[2025-02-10T12:01:06.274+0000] {spark_submit.py:641} INFO - 25/02/10 12:01:06 INFO SparkContext: Starting job: parquet at NativeMethodAccessorImpl.java:0
[2025-02-10T12:01:06.396+0000] {spark_submit.py:641} INFO - 25/02/10 12:01:06 INFO DAGScheduler: Got job 0 (parquet at NativeMethodAccessorImpl.java:0) with 1 output partitions
[2025-02-10T12:01:06.444+0000] {spark_submit.py:641} INFO - 25/02/10 12:01:06 INFO DAGScheduler: Final stage: ResultStage 0 (parquet at NativeMethodAccessorImpl.java:0)
[2025-02-10T12:01:06.452+0000] {spark_submit.py:641} INFO - 25/02/10 12:01:06 INFO DAGScheduler: Parents of final stage: List()
[2025-02-10T12:01:06.453+0000] {spark_submit.py:641} INFO - 25/02/10 12:01:06 INFO DAGScheduler: Missing parents: List()
[2025-02-10T12:01:06.477+0000] {spark_submit.py:641} INFO - 25/02/10 12:01:06 INFO DAGScheduler: Submitting ResultStage 0 (MapPartitionsRDD[1] at parquet at NativeMethodAccessorImpl.java:0), which has no missing parents
[2025-02-10T12:01:06.857+0000] {spark_submit.py:641} INFO - 25/02/10 12:01:06 INFO MemoryStore: Block broadcast_0 stored as values in memory (estimated size 104.0 KiB, free 434.3 MiB)
[2025-02-10T12:01:07.054+0000] {spark_submit.py:641} INFO - 25/02/10 12:01:07 INFO MemoryStore: Block broadcast_0_piece0 stored as bytes in memory (estimated size 37.5 KiB, free 434.3 MiB)
[2025-02-10T12:01:07.076+0000] {spark_submit.py:641} INFO - 25/02/10 12:01:07 INFO BlockManagerInfo: Added broadcast_0_piece0 in memory on 8e2742531868:42713 (size: 37.5 KiB, free: 434.4 MiB)
[2025-02-10T12:01:07.116+0000] {spark_submit.py:641} INFO - 25/02/10 12:01:07 INFO SparkContext: Created broadcast 0 from broadcast at DAGScheduler.scala:1585
[2025-02-10T12:01:07.182+0000] {spark_submit.py:641} INFO - 25/02/10 12:01:07 INFO DAGScheduler: Submitting 1 missing tasks from ResultStage 0 (MapPartitionsRDD[1] at parquet at NativeMethodAccessorImpl.java:0) (first 15 tasks are for partitions Vector(0))
[2025-02-10T12:01:07.187+0000] {spark_submit.py:641} INFO - 25/02/10 12:01:07 INFO TaskSchedulerImpl: Adding task set 0.0 with 1 tasks resource profile 0
[2025-02-10T12:01:14.982+0000] {local_task_job_runner.py:346} WARNING - State of this instance has been externally set to restarting. Terminating instance.
[2025-02-10T12:01:14.985+0000] {local_task_job_runner.py:245} INFO - ::endgroup::
[2025-02-10T12:01:14.987+0000] {process_utils.py:132} INFO - Sending 15 to group 869. PIDs of all processes in the group: [871, 933, 869]
[2025-02-10T12:01:14.990+0000] {process_utils.py:87} INFO - Sending the signal 15 to group 869
[2025-02-10T12:01:14.991+0000] {taskinstance.py:3093} ERROR - Received SIGTERM. Terminating subprocesses.
[2025-02-10T12:01:14.993+0000] {spark_submit.py:767} INFO - Sending kill signal to spark-submit
[2025-02-10T12:01:15.016+0000] {taskinstance.py:3311} ERROR - Task failed with exception
Traceback (most recent call last):
  File "/home/airflow/.local/lib/python3.12/site-packages/airflow/models/taskinstance.py", line 767, in _execute_task
    result = _execute_callable(context=context, **execute_callable_kwargs)
             ^^^^^^^^^^^^^^^^^^^^^^^^^^^^^^^^^^^^^^^^^^^^^^^^^^^^^^^^^^^^^
  File "/home/airflow/.local/lib/python3.12/site-packages/airflow/models/taskinstance.py", line 733, in _execute_callable
    return ExecutionCallableRunner(
           ^^^^^^^^^^^^^^^^^^^^^^^^
  File "/home/airflow/.local/lib/python3.12/site-packages/airflow/utils/operator_helpers.py", line 252, in run
    return self.func(*args, **kwargs)
           ^^^^^^^^^^^^^^^^^^^^^^^^^^
  File "/home/airflow/.local/lib/python3.12/site-packages/airflow/models/baseoperator.py", line 422, in wrapper
    return func(self, *args, **kwargs)
           ^^^^^^^^^^^^^^^^^^^^^^^^^^^
  File "/home/airflow/.local/lib/python3.12/site-packages/airflow/providers/apache/spark/operators/spark_submit.py", line 177, in execute
    self._hook.submit(self.application)
  File "/home/airflow/.local/lib/python3.12/site-packages/airflow/providers/apache/spark/hooks/spark_submit.py", line 555, in submit
    self._process_spark_submit_log(iter(self._submit_sp.stdout))  # type: ignore
    ^^^^^^^^^^^^^^^^^^^^^^^^^^^^^^^^^^^^^^^^^^^^^^^^^^^^^^^^^^^^
  File "/home/airflow/.local/lib/python3.12/site-packages/airflow/providers/apache/spark/hooks/spark_submit.py", line 604, in _process_spark_submit_log
    for line in itr:
                ^^^
  File "/home/airflow/.local/lib/python3.12/site-packages/airflow/models/taskinstance.py", line 3095, in signal_handler
    raise AirflowTaskTerminated("Task received SIGTERM signal")
airflow.exceptions.AirflowTaskTerminated: Task received SIGTERM signal
[2025-02-10T12:01:15.034+0000] {taskinstance.py:1225} INFO - Marking task as UP_FOR_RETRY. dag_id=Temp_elt_postgres, task_id=transform_weather_data, run_id=manual__2025-02-10T11:43:42.084443+00:00, execution_date=20250210T114342, start_date=20250210T120054, end_date=20250210T120115
[2025-02-10T12:01:15.148+0000] {taskinstance.py:340} INFO - ::group::Post task execution logs
[2025-02-10T12:01:15.182+0000] {process_utils.py:80} INFO - Process psutil.Process(pid=871, status='terminated', started='12:00:54') (871) terminated with exit code None
[2025-02-10T12:01:15.183+0000] {process_utils.py:80} INFO - Process psutil.Process(pid=933, status='terminated', started='12:00:56') (933) terminated with exit code None
[2025-02-10T12:01:15.184+0000] {process_utils.py:80} INFO - Process psutil.Process(pid=869, status='terminated', exitcode=2, started='12:00:54') (869) terminated with exit code 2
