[2025-02-05T11:49:24.958+0000] {local_task_job_runner.py:123} INFO - ::group::Pre task execution logs
[2025-02-05T11:49:24.973+0000] {taskinstance.py:2613} INFO - Dependencies all met for dep_context=non-requeueable deps ti=<TaskInstance: Temp_elt_postgres.move_files manual__2025-02-05T11:49:11.271778+00:00 [queued]>
[2025-02-05T11:49:24.989+0000] {taskinstance.py:2613} INFO - Dependencies all met for dep_context=requeueable deps ti=<TaskInstance: Temp_elt_postgres.move_files manual__2025-02-05T11:49:11.271778+00:00 [queued]>
[2025-02-05T11:49:24.990+0000] {taskinstance.py:2866} INFO - Starting attempt 1 of 1
[2025-02-05T11:49:25.022+0000] {taskinstance.py:2889} INFO - Executing <Task(BashOperator): move_files> on 2025-02-05 11:49:11.271778+00:00
[2025-02-05T11:49:25.032+0000] {standard_task_runner.py:104} INFO - Running: ['airflow', 'tasks', 'run', 'Temp_elt_postgres', 'move_files', 'manual__2025-02-05T11:49:11.271778+00:00', '--job-id', '154', '--raw', '--subdir', 'DAGS_FOLDER/weather_etl_postgres.py', '--cfg-path', '/tmp/tmp4z09tbf4']
[2025-02-05T11:49:25.036+0000] {standard_task_runner.py:105} INFO - Job 154: Subtask move_files
[2025-02-05T11:49:25.036+0000] {logging_mixin.py:190} WARNING - /home/airflow/.local/lib/python3.12/site-packages/airflow/task/task_runner/standard_task_runner.py:70 DeprecationWarning: This process (pid=120) is multi-threaded, use of fork() may lead to deadlocks in the child.
[2025-02-05T11:49:25.037+0000] {standard_task_runner.py:72} INFO - Started process 130 to run task
[2025-02-05T11:49:25.104+0000] {task_command.py:467} INFO - Running <TaskInstance: Temp_elt_postgres.move_files manual__2025-02-05T11:49:11.271778+00:00 [running]> on host 9c193a39eb11
[2025-02-05T11:49:25.187+0000] {taskinstance.py:3132} INFO - Exporting env vars: AIRFLOW_CTX_DAG_OWNER='airflow' AIRFLOW_CTX_DAG_ID='Temp_elt_postgres' AIRFLOW_CTX_TASK_ID='move_files' AIRFLOW_CTX_EXECUTION_DATE='2025-02-05T11:49:11.271778+00:00' AIRFLOW_CTX_TRY_NUMBER='1' AIRFLOW_CTX_DAG_RUN_ID='manual__2025-02-05T11:49:11.271778+00:00'
[2025-02-05T11:49:25.189+0000] {taskinstance.py:731} INFO - ::endgroup::
[2025-02-05T11:49:25.201+0000] {subprocess.py:78} INFO - Tmp dir root location: /tmp
[2025-02-05T11:49:25.202+0000] {subprocess.py:88} INFO - Running command: ['/usr/bin/bash', '-c', 'mv /opt/airflow/data/raw /shared-data/raw']
[2025-02-05T11:49:25.211+0000] {subprocess.py:99} INFO - Output:
[2025-02-05T11:49:25.238+0000] {subprocess.py:110} INFO - Command exited with return code 0
[2025-02-05T11:49:25.273+0000] {taskinstance.py:340} INFO - ::group::Post task execution logs
[2025-02-05T11:49:25.274+0000] {taskinstance.py:352} INFO - Marking task as SUCCESS. dag_id=Temp_elt_postgres, task_id=move_files, run_id=manual__2025-02-05T11:49:11.271778+00:00, execution_date=20250205T114911, start_date=20250205T114924, end_date=20250205T114925
[2025-02-05T11:49:25.343+0000] {local_task_job_runner.py:266} INFO - Task exited with return code 0
[2025-02-05T11:49:25.384+0000] {taskinstance.py:3895} INFO - 1 downstream tasks scheduled from follow-on schedule check
[2025-02-05T11:49:25.392+0000] {local_task_job_runner.py:245} INFO - ::endgroup::
