[2025-02-04T22:14:18.330+0000] {local_task_job_runner.py:123} INFO - ::group::Pre task execution logs
[2025-02-04T22:14:18.347+0000] {taskinstance.py:2613} INFO - Dependencies all met for dep_context=non-requeueable deps ti=<TaskInstance: Temp_elt_postgres.extract_weather_data manual__2025-02-04T22:14:11.021641+00:00 [queued]>
[2025-02-04T22:14:18.358+0000] {taskinstance.py:2613} INFO - Dependencies all met for dep_context=requeueable deps ti=<TaskInstance: Temp_elt_postgres.extract_weather_data manual__2025-02-04T22:14:11.021641+00:00 [queued]>
[2025-02-04T22:14:18.359+0000] {taskinstance.py:2866} INFO - Starting attempt 1 of 2
[2025-02-04T22:14:18.397+0000] {taskinstance.py:2889} INFO - Executing <Task(PythonOperator): extract_weather_data> on 2025-02-04 22:14:11.021641+00:00
[2025-02-04T22:14:18.407+0000] {standard_task_runner.py:104} INFO - Running: ['airflow', 'tasks', 'run', 'Temp_elt_postgres', 'extract_weather_data', 'manual__2025-02-04T22:14:11.021641+00:00', '--job-id', '99', '--raw', '--subdir', 'DAGS_FOLDER/weather_etl_postgres.py', '--cfg-path', '/tmp/tmp52dt9rga']
[2025-02-04T22:14:18.410+0000] {standard_task_runner.py:105} INFO - Job 99: Subtask extract_weather_data
[2025-02-04T22:14:18.410+0000] {logging_mixin.py:190} WARNING - /home/airflow/.local/lib/python3.12/site-packages/airflow/task/task_runner/standard_task_runner.py:70 DeprecationWarning: This process (pid=1731) is multi-threaded, use of fork() may lead to deadlocks in the child.
[2025-02-04T22:14:18.413+0000] {standard_task_runner.py:72} INFO - Started process 1741 to run task
[2025-02-04T22:14:18.490+0000] {task_command.py:467} INFO - Running <TaskInstance: Temp_elt_postgres.extract_weather_data manual__2025-02-04T22:14:11.021641+00:00 [running]> on host c95ac323e145
[2025-02-04T22:14:18.609+0000] {taskinstance.py:3132} INFO - Exporting env vars: AIRFLOW_CTX_DAG_OWNER='airflow' AIRFLOW_CTX_DAG_ID='Temp_elt_postgres' AIRFLOW_CTX_TASK_ID='extract_weather_data' AIRFLOW_CTX_EXECUTION_DATE='2025-02-04T22:14:11.021641+00:00' AIRFLOW_CTX_TRY_NUMBER='1' AIRFLOW_CTX_DAG_RUN_ID='manual__2025-02-04T22:14:11.021641+00:00'
[2025-02-04T22:14:18.610+0000] {taskinstance.py:731} INFO - ::endgroup::
[2025-02-04T22:14:19.598+0000] {logging_mixin.py:190} INFO - {'location': {'name': 'Gwagwaldda', 'region': 'Federal Capital Territory', 'country': 'Nigeria', 'lat': 8.9414, 'lon': 7.0919, 'tz_id': 'Africa/Lagos', 'localtime_epoch': 1738707196, 'localtime': '2025-02-04 23:13'}, 'current': {'last_updated_epoch': 1738706400, 'last_updated': '2025-02-04 23:00', 'temp_c': 29.2, 'temp_f': 84.5, 'is_day': 0, 'condition': {'text': 'Clear', 'icon': '//cdn.weatherapi.com/weather/64x64/night/113.png', 'code': 1000}, 'wind_mph': 4.3, 'wind_kph': 6.8, 'wind_degree': 41, 'wind_dir': 'NE', 'pressure_mb': 1009.0, 'pressure_in': 29.79, 'precip_mm': 0.0, 'precip_in': 0.0, 'humidity': 17, 'cloud': 0, 'feelslike_c': 27.0, 'feelslike_f': 80.7, 'windchill_c': 29.2, 'windchill_f': 84.5, 'heatindex_c': 27.0, 'heatindex_f': 80.7, 'dewpoint_c': 1.4, 'dewpoint_f': 34.6, 'vis_km': 10.0, 'vis_miles': 6.0, 'uv': 0.0, 'gust_mph': 8.9, 'gust_kph': 14.4}}
[2025-02-04T22:14:19.646+0000] {logging_mixin.py:190} INFO -   location.name            location.region  ... current.gust_mph  current.gust_kph
0    Gwagwaldda  Federal Capital Territory  ...              8.9              14.4

[1 rows x 39 columns]
[2025-02-04T22:14:19.962+0000] {logging_mixin.py:190} INFO - Raw data saved partitioned by date.
[2025-02-04T22:14:19.970+0000] {python.py:240} INFO - Done. Returned value was: None
[2025-02-04T22:14:19.986+0000] {taskinstance.py:340} INFO - ::group::Post task execution logs
[2025-02-04T22:14:19.988+0000] {taskinstance.py:352} INFO - Marking task as SUCCESS. dag_id=Temp_elt_postgres, task_id=extract_weather_data, run_id=manual__2025-02-04T22:14:11.021641+00:00, execution_date=20250204T221411, start_date=20250204T221418, end_date=20250204T221419
[2025-02-04T22:14:20.073+0000] {local_task_job_runner.py:266} INFO - Task exited with return code 0
[2025-02-04T22:14:20.113+0000] {taskinstance.py:3895} INFO - 1 downstream tasks scheduled from follow-on schedule check
[2025-02-04T22:14:20.119+0000] {local_task_job_runner.py:245} INFO - ::endgroup::
