[2025-01-15T18:26:21.702+0000] {local_task_job_runner.py:123} INFO - ::group::Pre task execution logs
[2025-01-15T18:26:21.715+0000] {taskinstance.py:2613} INFO - Dependencies all met for dep_context=non-requeueable deps ti=<TaskInstance: Temp_elt.transformm_weather_data manual__2025-01-15T18:26:10.009091+00:00 [queued]>
[2025-01-15T18:26:21.723+0000] {taskinstance.py:2613} INFO - Dependencies all met for dep_context=requeueable deps ti=<TaskInstance: Temp_elt.transformm_weather_data manual__2025-01-15T18:26:10.009091+00:00 [queued]>
[2025-01-15T18:26:21.724+0000] {taskinstance.py:2866} INFO - Starting attempt 1 of 2
[2025-01-15T18:26:21.750+0000] {taskinstance.py:2889} INFO - Executing <Task(PythonOperator): transformm_weather_data> on 2025-01-15 18:26:10.009091+00:00
[2025-01-15T18:26:21.758+0000] {standard_task_runner.py:104} INFO - Running: ['airflow', 'tasks', 'run', 'Temp_elt', 'transformm_weather_data', 'manual__2025-01-15T18:26:10.009091+00:00', '--job-id', '40', '--raw', '--subdir', 'DAGS_FOLDER/weather_etl_dag.py', '--cfg-path', '/tmp/tmp8b4f4r4l']
[2025-01-15T18:26:21.759+0000] {standard_task_runner.py:105} INFO - Job 40: Subtask transformm_weather_data
[2025-01-15T18:26:21.760+0000] {logging_mixin.py:190} WARNING - /home/airflow/.local/lib/python3.12/site-packages/airflow/task/task_runner/standard_task_runner.py:70 DeprecationWarning: This process (pid=94) is multi-threaded, use of fork() may lead to deadlocks in the child.
[2025-01-15T18:26:21.761+0000] {standard_task_runner.py:72} INFO - Started process 113 to run task
[2025-01-15T18:26:21.820+0000] {task_command.py:467} INFO - Running <TaskInstance: Temp_elt.transformm_weather_data manual__2025-01-15T18:26:10.009091+00:00 [running]> on host b70e30dbce8e
[2025-01-15T18:26:21.910+0000] {taskinstance.py:3132} INFO - Exporting env vars: AIRFLOW_CTX_DAG_OWNER='airflow' AIRFLOW_CTX_DAG_ID='Temp_elt' AIRFLOW_CTX_TASK_ID='transformm_weather_data' AIRFLOW_CTX_EXECUTION_DATE='2025-01-15T18:26:10.009091+00:00' AIRFLOW_CTX_TRY_NUMBER='1' AIRFLOW_CTX_DAG_RUN_ID='manual__2025-01-15T18:26:10.009091+00:00'
[2025-01-15T18:26:21.911+0000] {taskinstance.py:731} INFO - ::endgroup::
[2025-01-15T18:26:21.929+0000] {logging_mixin.py:190} INFO - Skipping already processed file: 2025-01-15 19:22.parquet
[2025-01-15T18:26:21.929+0000] {logging_mixin.py:190} INFO - Skipping already processed file: 2025-01-15 07:48.parquet
[2025-01-15T18:26:21.930+0000] {logging_mixin.py:190} INFO - Skipping already processed file: 2025-01-15 13:22.parquet
[2025-01-15T18:26:21.930+0000] {python.py:240} INFO - Done. Returned value was: None
[2025-01-15T18:26:21.939+0000] {taskinstance.py:340} INFO - ::group::Post task execution logs
[2025-01-15T18:26:21.940+0000] {taskinstance.py:352} INFO - Marking task as SUCCESS. dag_id=Temp_elt, task_id=transformm_weather_data, run_id=manual__2025-01-15T18:26:10.009091+00:00, execution_date=20250115T182610, start_date=20250115T182621, end_date=20250115T182621
[2025-01-15T18:26:21.987+0000] {local_task_job_runner.py:266} INFO - Task exited with return code 0
[2025-01-15T18:26:22.003+0000] {taskinstance.py:3895} INFO - 0 downstream tasks scheduled from follow-on schedule check
[2025-01-15T18:26:22.004+0000] {local_task_job_runner.py:245} INFO - ::endgroup::
