[2025-01-26T16:49:46.541+0000] {local_task_job_runner.py:123} INFO - ::group::Pre task execution logs
[2025-01-26T16:49:46.560+0000] {taskinstance.py:2613} INFO - Dependencies all met for dep_context=non-requeueable deps ti=<TaskInstance: Temp_elt_postgres.transform_weather_data manual__2025-01-26T16:44:30.817430+00:00 [queued]>
[2025-01-26T16:49:46.571+0000] {taskinstance.py:2613} INFO - Dependencies all met for dep_context=requeueable deps ti=<TaskInstance: Temp_elt_postgres.transform_weather_data manual__2025-01-26T16:44:30.817430+00:00 [queued]>
[2025-01-26T16:49:46.572+0000] {taskinstance.py:2866} INFO - Starting attempt 3 of 4
[2025-01-26T16:49:46.601+0000] {taskinstance.py:2889} INFO - Executing <Task(PythonOperator): transform_weather_data> on 2025-01-26 16:44:30.817430+00:00
[2025-01-26T16:49:46.609+0000] {standard_task_runner.py:104} INFO - Running: ['airflow', 'tasks', 'run', 'Temp_elt_postgres', 'transform_weather_data', 'manual__2025-01-26T16:44:30.817430+00:00', '--job-id', '62', '--raw', '--subdir', 'DAGS_FOLDER/weather_etl_postgres.py', '--cfg-path', '/tmp/tmpnqxquqn1']
[2025-01-26T16:49:46.612+0000] {standard_task_runner.py:105} INFO - Job 62: Subtask transform_weather_data
[2025-01-26T16:49:46.616+0000] {logging_mixin.py:190} WARNING - /home/airflow/.local/lib/python3.12/site-packages/airflow/task/task_runner/standard_task_runner.py:70 DeprecationWarning: This process (pid=513) is multi-threaded, use of fork() may lead to deadlocks in the child.
[2025-01-26T16:49:46.618+0000] {standard_task_runner.py:72} INFO - Started process 523 to run task
[2025-01-26T16:49:46.706+0000] {task_command.py:467} INFO - Running <TaskInstance: Temp_elt_postgres.transform_weather_data manual__2025-01-26T16:44:30.817430+00:00 [running]> on host b597abfab341
[2025-01-26T16:49:46.797+0000] {taskinstance.py:3132} INFO - Exporting env vars: AIRFLOW_CTX_DAG_OWNER='airflow' AIRFLOW_CTX_DAG_ID='Temp_elt_postgres' AIRFLOW_CTX_TASK_ID='transform_weather_data' AIRFLOW_CTX_EXECUTION_DATE='2025-01-26T16:44:30.817430+00:00' AIRFLOW_CTX_TRY_NUMBER='3' AIRFLOW_CTX_DAG_RUN_ID='manual__2025-01-26T16:44:30.817430+00:00'
[2025-01-26T16:49:46.798+0000] {taskinstance.py:731} INFO - ::endgroup::
[2025-01-26T16:49:46.815+0000] {logging_mixin.py:190} INFO - Skipping already processed file: 2025-01-22 06:33.parquet
[2025-01-26T16:49:46.816+0000] {logging_mixin.py:190} INFO - Skipping already processed file: 2025-01-22 06:23.parquet
[2025-01-26T16:49:46.816+0000] {logging_mixin.py:190} INFO - Skipping already processed file: 2025-01-22 12:04.parquet
[2025-01-26T16:49:46.817+0000] {logging_mixin.py:190} INFO - Processing: 2025-01-22 11:55.parquet
[2025-01-26T16:49:46.869+0000] {logging_mixin.py:190} INFO - processed data saved partitioned by date.
[2025-01-26T16:49:46.886+0000] {logging_mixin.py:190} INFO -      location                     region  ... feelslike_f        date
0  Gwagwaldda  Federal Capital Territory  ...        87.9  2025-01-22

[1 rows x 11 columns]
[2025-01-26T16:49:46.888+0000] {python.py:240} INFO - Done. Returned value was: [{'location': 'Gwagwaldda', 'region': 'Federal Capital Territory', 'country': 'Nigeria', 'lat': 8.9414, 'lon': 7.0919, 'localtime': '2025-01-22 11:55', 'temperature_c': 33.2, 'temperature_f': 91.8, 'feelslike_c': 31.1, 'feelslike_f': 87.9, 'date': datetime.date(2025, 1, 22)}]
[2025-01-26T16:49:46.916+0000] {taskinstance.py:340} INFO - ::group::Post task execution logs
[2025-01-26T16:49:46.917+0000] {taskinstance.py:352} INFO - Marking task as SUCCESS. dag_id=Temp_elt_postgres, task_id=transform_weather_data, run_id=manual__2025-01-26T16:44:30.817430+00:00, execution_date=20250126T164430, start_date=20250126T164946, end_date=20250126T164946
[2025-01-26T16:49:46.967+0000] {local_task_job_runner.py:266} INFO - Task exited with return code 0
[2025-01-26T16:49:47.014+0000] {taskinstance.py:3895} INFO - 1 downstream tasks scheduled from follow-on schedule check
[2025-01-26T16:49:47.023+0000] {local_task_job_runner.py:245} INFO - ::endgroup::
