[2025-02-10T11:43:48.046+0000] {local_task_job_runner.py:123} INFO - ::group::Pre task execution logs
[2025-02-10T11:43:48.066+0000] {taskinstance.py:2613} INFO - Dependencies all met for dep_context=non-requeueable deps ti=<TaskInstance: Temp_elt_postgres.extract_weather_data manual__2025-02-10T11:43:42.084443+00:00 [queued]>
[2025-02-10T11:43:48.078+0000] {taskinstance.py:2613} INFO - Dependencies all met for dep_context=requeueable deps ti=<TaskInstance: Temp_elt_postgres.extract_weather_data manual__2025-02-10T11:43:42.084443+00:00 [queued]>
[2025-02-10T11:43:48.079+0000] {taskinstance.py:2866} INFO - Starting attempt 1 of 2
[2025-02-10T11:43:48.117+0000] {taskinstance.py:2889} INFO - Executing <Task(PythonOperator): extract_weather_data> on 2025-02-10 11:43:42.084443+00:00
[2025-02-10T11:43:48.127+0000] {standard_task_runner.py:104} INFO - Running: ['airflow', 'tasks', 'run', 'Temp_elt_postgres', 'extract_weather_data', 'manual__2025-02-10T11:43:42.084443+00:00', '--job-id', '264', '--raw', '--subdir', 'DAGS_FOLDER/weather_etl_postgres.py', '--cfg-path', '/tmp/tmp9zdd2egz']
[2025-02-10T11:43:48.130+0000] {standard_task_runner.py:105} INFO - Job 264: Subtask extract_weather_data
[2025-02-10T11:43:48.134+0000] {logging_mixin.py:190} WARNING - /home/airflow/.local/lib/python3.12/site-packages/airflow/task/task_runner/standard_task_runner.py:70 DeprecationWarning: This process (pid=311) is multi-threaded, use of fork() may lead to deadlocks in the child.
[2025-02-10T11:43:48.135+0000] {standard_task_runner.py:72} INFO - Started process 321 to run task
[2025-02-10T11:43:48.207+0000] {task_command.py:467} INFO - Running <TaskInstance: Temp_elt_postgres.extract_weather_data manual__2025-02-10T11:43:42.084443+00:00 [running]> on host 8e2742531868
[2025-02-10T11:43:48.333+0000] {taskinstance.py:3132} INFO - Exporting env vars: AIRFLOW_CTX_DAG_OWNER='zalihat' AIRFLOW_CTX_DAG_ID='Temp_elt_postgres' AIRFLOW_CTX_TASK_ID='extract_weather_data' AIRFLOW_CTX_EXECUTION_DATE='2025-02-10T11:43:42.084443+00:00' AIRFLOW_CTX_TRY_NUMBER='1' AIRFLOW_CTX_DAG_RUN_ID='manual__2025-02-10T11:43:42.084443+00:00'
[2025-02-10T11:43:48.335+0000] {taskinstance.py:731} INFO - ::endgroup::
[2025-02-10T11:43:49.463+0000] {logging_mixin.py:190} INFO - {'location': {'name': 'Gwagwaldda', 'region': 'Federal Capital Territory', 'country': 'Nigeria', 'lat': 8.9414, 'lon': 7.0919, 'tz_id': 'Africa/Lagos', 'localtime_epoch': 1739187819, 'localtime': '2025-02-10 12:43'}, 'current': {'last_updated_epoch': 1739187000, 'last_updated': '2025-02-10 12:30', 'temp_c': 35.3, 'temp_f': 95.5, 'is_day': 1, 'condition': {'text': 'Mist', 'icon': '//cdn.weatherapi.com/weather/64x64/day/143.png', 'code': 1030}, 'wind_mph': 2.9, 'wind_kph': 4.7, 'wind_degree': 199, 'wind_dir': 'SSW', 'pressure_mb': 1010.0, 'pressure_in': 29.83, 'precip_mm': 0.0, 'precip_in': 0.0, 'humidity': 23, 'cloud': 0, 'feelslike_c': 33.5, 'feelslike_f': 92.4, 'windchill_c': 37.3, 'windchill_f': 99.2, 'heatindex_c': 36.1, 'heatindex_f': 97.0, 'dewpoint_c': 2.3, 'dewpoint_f': 36.1, 'vis_km': 4.0, 'vis_miles': 2.0, 'uv': 7.9, 'gust_mph': 3.4, 'gust_kph': 5.4}}
[2025-02-10T11:43:49.526+0000] {logging_mixin.py:190} INFO -   location.name            location.region  ... current.gust_mph  current.gust_kph
0    Gwagwaldda  Federal Capital Territory  ...              3.4               5.4

[1 rows x 39 columns]
[2025-02-10T11:43:49.590+0000] {logging_mixin.py:190} INFO - Raw data saved partitioned by date.
[2025-02-10T11:43:49.592+0000] {python.py:240} INFO - Done. Returned value was: None
[2025-02-10T11:43:49.603+0000] {taskinstance.py:340} INFO - ::group::Post task execution logs
[2025-02-10T11:43:49.603+0000] {taskinstance.py:352} INFO - Marking task as SUCCESS. dag_id=Temp_elt_postgres, task_id=extract_weather_data, run_id=manual__2025-02-10T11:43:42.084443+00:00, execution_date=20250210T114342, start_date=20250210T114348, end_date=20250210T114349
[2025-02-10T11:43:49.674+0000] {local_task_job_runner.py:266} INFO - Task exited with return code 0
[2025-02-10T11:43:49.712+0000] {taskinstance.py:3895} INFO - 1 downstream tasks scheduled from follow-on schedule check
[2025-02-10T11:43:49.718+0000] {local_task_job_runner.py:245} INFO - ::endgroup::
