[2025-02-05T09:06:06.245+0000] {local_task_job_runner.py:123} INFO - ::group::Pre task execution logs
[2025-02-05T09:06:06.260+0000] {taskinstance.py:2613} INFO - Dependencies all met for dep_context=non-requeueable deps ti=<TaskInstance: Temp_elt_postgres.transform_weather_data manual__2025-02-05T09:05:54.524114+00:00 [queued]>
[2025-02-05T09:06:06.268+0000] {taskinstance.py:2613} INFO - Dependencies all met for dep_context=requeueable deps ti=<TaskInstance: Temp_elt_postgres.transform_weather_data manual__2025-02-05T09:05:54.524114+00:00 [queued]>
[2025-02-05T09:06:06.268+0000] {taskinstance.py:2866} INFO - Starting attempt 1 of 2
[2025-02-05T09:06:06.297+0000] {taskinstance.py:2889} INFO - Executing <Task(SparkSubmitOperator): transform_weather_data> on 2025-02-05 09:05:54.524114+00:00
[2025-02-05T09:06:06.307+0000] {standard_task_runner.py:104} INFO - Running: ['airflow', 'tasks', 'run', 'Temp_elt_postgres', 'transform_weather_data', 'manual__2025-02-05T09:05:54.524114+00:00', '--job-id', '133', '--raw', '--subdir', 'DAGS_FOLDER/weather_etl_postgres.py', '--cfg-path', '/tmp/tmppq3ut94f']
[2025-02-05T09:06:06.310+0000] {standard_task_runner.py:105} INFO - Job 133: Subtask transform_weather_data
[2025-02-05T09:06:06.310+0000] {logging_mixin.py:190} WARNING - /home/airflow/.local/lib/python3.12/site-packages/airflow/task/task_runner/standard_task_runner.py:70 DeprecationWarning: This process (pid=99) is multi-threaded, use of fork() may lead to deadlocks in the child.
[2025-02-05T09:06:06.312+0000] {standard_task_runner.py:72} INFO - Started process 109 to run task
[2025-02-05T09:06:06.377+0000] {task_command.py:467} INFO - Running <TaskInstance: Temp_elt_postgres.transform_weather_data manual__2025-02-05T09:05:54.524114+00:00 [running]> on host ea5b85103b51
[2025-02-05T09:06:06.461+0000] {taskinstance.py:3132} INFO - Exporting env vars: AIRFLOW_CTX_DAG_OWNER='airflow' AIRFLOW_CTX_DAG_ID='Temp_elt_postgres' AIRFLOW_CTX_TASK_ID='transform_weather_data' AIRFLOW_CTX_EXECUTION_DATE='2025-02-05T09:05:54.524114+00:00' AIRFLOW_CTX_TRY_NUMBER='1' AIRFLOW_CTX_DAG_RUN_ID='manual__2025-02-05T09:05:54.524114+00:00'
[2025-02-05T09:06:06.462+0000] {taskinstance.py:731} INFO - ::endgroup::
[2025-02-05T09:06:06.486+0000] {base.py:84} INFO - Retrieving connection 'spark_default'
[2025-02-05T09:06:06.487+0000] {spark_submit.py:474} INFO - Spark-Submit cmd: spark-submit --master spark://spark-master:7077 --executor-cores 1 --executor-memory 1g --driver-memory 1g --name arrow-spark --verbose --queue root.default --deploy-mode client /opt/airflow/tasks/transform.py
[2025-02-05T09:06:08.273+0000] {spark_submit.py:641} INFO - Using properties file: null
[2025-02-05T09:06:08.402+0000] {spark_submit.py:641} INFO - Parsed arguments:
[2025-02-05T09:06:08.406+0000] {spark_submit.py:641} INFO - master                  spark://spark-master:7077
[2025-02-05T09:06:08.406+0000] {spark_submit.py:641} INFO - remote                  null
[2025-02-05T09:06:08.407+0000] {spark_submit.py:641} INFO - deployMode              client
[2025-02-05T09:06:08.408+0000] {spark_submit.py:641} INFO - executorMemory          1g
[2025-02-05T09:06:08.408+0000] {spark_submit.py:641} INFO - executorCores           1
[2025-02-05T09:06:08.408+0000] {spark_submit.py:641} INFO - totalExecutorCores      null
[2025-02-05T09:06:08.409+0000] {spark_submit.py:641} INFO - propertiesFile          null
[2025-02-05T09:06:08.409+0000] {spark_submit.py:641} INFO - driverMemory            1g
[2025-02-05T09:06:08.410+0000] {spark_submit.py:641} INFO - driverCores             null
[2025-02-05T09:06:08.410+0000] {spark_submit.py:641} INFO - driverExtraClassPath    null
[2025-02-05T09:06:08.410+0000] {spark_submit.py:641} INFO - driverExtraLibraryPath  null
[2025-02-05T09:06:08.413+0000] {spark_submit.py:641} INFO - driverExtraJavaOptions  null
[2025-02-05T09:06:08.413+0000] {spark_submit.py:641} INFO - supervise               false
[2025-02-05T09:06:08.414+0000] {spark_submit.py:641} INFO - queue                   root.default
[2025-02-05T09:06:08.414+0000] {spark_submit.py:641} INFO - numExecutors            null
[2025-02-05T09:06:08.415+0000] {spark_submit.py:641} INFO - files                   null
[2025-02-05T09:06:08.419+0000] {spark_submit.py:641} INFO - pyFiles                 null
[2025-02-05T09:06:08.420+0000] {spark_submit.py:641} INFO - archives                null
[2025-02-05T09:06:08.420+0000] {spark_submit.py:641} INFO - mainClass               null
[2025-02-05T09:06:08.421+0000] {spark_submit.py:641} INFO - primaryResource         file:/opt/airflow/tasks/transform.py
[2025-02-05T09:06:08.422+0000] {spark_submit.py:641} INFO - name                    arrow-spark
[2025-02-05T09:06:08.422+0000] {spark_submit.py:641} INFO - childArgs               []
[2025-02-05T09:06:08.422+0000] {spark_submit.py:641} INFO - jars                    null
[2025-02-05T09:06:08.425+0000] {spark_submit.py:641} INFO - packages                null
[2025-02-05T09:06:08.425+0000] {spark_submit.py:641} INFO - packagesExclusions      null
[2025-02-05T09:06:08.426+0000] {spark_submit.py:641} INFO - repositories            null
[2025-02-05T09:06:08.426+0000] {spark_submit.py:641} INFO - verbose                 true
[2025-02-05T09:06:08.427+0000] {spark_submit.py:641} INFO - 
[2025-02-05T09:06:08.430+0000] {spark_submit.py:641} INFO - Spark properties used, including those specified through
[2025-02-05T09:06:08.430+0000] {spark_submit.py:641} INFO - --conf and those from the properties file null:
[2025-02-05T09:06:08.431+0000] {spark_submit.py:641} INFO - (spark.driver.memory,1g)
[2025-02-05T09:06:08.431+0000] {spark_submit.py:641} INFO - 
[2025-02-05T09:06:08.432+0000] {spark_submit.py:641} INFO - 
[2025-02-05T09:06:08.792+0000] {spark_submit.py:641} INFO - Main class:
[2025-02-05T09:06:08.796+0000] {spark_submit.py:641} INFO - org.apache.spark.deploy.PythonRunner
[2025-02-05T09:06:08.797+0000] {spark_submit.py:641} INFO - Arguments:
[2025-02-05T09:06:08.798+0000] {spark_submit.py:641} INFO - file:/opt/airflow/tasks/transform.py
[2025-02-05T09:06:08.798+0000] {spark_submit.py:641} INFO - null
[2025-02-05T09:06:08.799+0000] {spark_submit.py:641} INFO - Spark config:
[2025-02-05T09:06:08.800+0000] {spark_submit.py:641} INFO - (spark.app.name,arrow-spark)
[2025-02-05T09:06:08.803+0000] {spark_submit.py:641} INFO - (spark.app.submitTime,1738746368771)
[2025-02-05T09:06:08.803+0000] {spark_submit.py:641} INFO - (spark.driver.memory,1g)
[2025-02-05T09:06:08.805+0000] {spark_submit.py:641} INFO - (spark.executor.cores,1)
[2025-02-05T09:06:08.805+0000] {spark_submit.py:641} INFO - (spark.executor.memory,1g)
[2025-02-05T09:06:08.806+0000] {spark_submit.py:641} INFO - (spark.master,spark://spark-master:7077)
[2025-02-05T09:06:08.806+0000] {spark_submit.py:641} INFO - (spark.submit.deployMode,client)
[2025-02-05T09:06:08.807+0000] {spark_submit.py:641} INFO - (spark.submit.pyFiles,)
[2025-02-05T09:06:08.807+0000] {spark_submit.py:641} INFO - Classpath elements:
[2025-02-05T09:06:08.808+0000] {spark_submit.py:641} INFO - 
[2025-02-05T09:06:08.808+0000] {spark_submit.py:641} INFO - 
[2025-02-05T09:06:08.809+0000] {spark_submit.py:641} INFO - 
[2025-02-05T09:06:10.372+0000] {spark_submit.py:641} INFO - 25/02/05 09:06:10 INFO SparkContext: Running Spark version 3.5.4
[2025-02-05T09:06:10.375+0000] {spark_submit.py:641} INFO - 25/02/05 09:06:10 INFO SparkContext: OS info Linux, 6.10.14-linuxkit, amd64
[2025-02-05T09:06:10.377+0000] {spark_submit.py:641} INFO - 25/02/05 09:06:10 INFO SparkContext: Java version 17.0.13
[2025-02-05T09:06:10.443+0000] {spark_submit.py:641} INFO - 25/02/05 09:06:10 WARN NativeCodeLoader: Unable to load native-hadoop library for your platform... using builtin-java classes where applicable
[2025-02-05T09:06:10.559+0000] {spark_submit.py:641} INFO - 25/02/05 09:06:10 INFO ResourceUtils: ==============================================================
[2025-02-05T09:06:10.560+0000] {spark_submit.py:641} INFO - 25/02/05 09:06:10 INFO ResourceUtils: No custom resources configured for spark.driver.
[2025-02-05T09:06:10.560+0000] {spark_submit.py:641} INFO - 25/02/05 09:06:10 INFO ResourceUtils: ==============================================================
[2025-02-05T09:06:10.561+0000] {spark_submit.py:641} INFO - 25/02/05 09:06:10 INFO SparkContext: Submitted application: WeatherDataProcessing
[2025-02-05T09:06:10.591+0000] {spark_submit.py:641} INFO - 25/02/05 09:06:10 INFO ResourceProfile: Default ResourceProfile created, executor resources: Map(cores -> name: cores, amount: 1, script: , vendor: , memory -> name: memory, amount: 1024, script: , vendor: , offHeap -> name: offHeap, amount: 0, script: , vendor: ), task resources: Map(cpus -> name: cpus, amount: 1.0)
[2025-02-05T09:06:10.602+0000] {spark_submit.py:641} INFO - 25/02/05 09:06:10 INFO ResourceProfile: Limiting resource is cpus at 1 tasks per executor
[2025-02-05T09:06:10.606+0000] {spark_submit.py:641} INFO - 25/02/05 09:06:10 INFO ResourceProfileManager: Added ResourceProfile id: 0
[2025-02-05T09:06:10.667+0000] {spark_submit.py:641} INFO - 25/02/05 09:06:10 INFO SecurityManager: Changing view acls to: airflow
[2025-02-05T09:06:10.667+0000] {spark_submit.py:641} INFO - 25/02/05 09:06:10 INFO SecurityManager: Changing modify acls to: airflow
[2025-02-05T09:06:10.668+0000] {spark_submit.py:641} INFO - 25/02/05 09:06:10 INFO SecurityManager: Changing view acls groups to:
[2025-02-05T09:06:10.669+0000] {spark_submit.py:641} INFO - 25/02/05 09:06:10 INFO SecurityManager: Changing modify acls groups to:
[2025-02-05T09:06:10.670+0000] {spark_submit.py:641} INFO - 25/02/05 09:06:10 INFO SecurityManager: SecurityManager: authentication disabled; ui acls disabled; users with view permissions: airflow; groups with view permissions: EMPTY; users with modify permissions: airflow; groups with modify permissions: EMPTY
[2025-02-05T09:06:11.006+0000] {spark_submit.py:641} INFO - 25/02/05 09:06:11 INFO Utils: Successfully started service 'sparkDriver' on port 45967.
[2025-02-05T09:06:11.037+0000] {spark_submit.py:641} INFO - 25/02/05 09:06:11 INFO SparkEnv: Registering MapOutputTracker
[2025-02-05T09:06:11.077+0000] {spark_submit.py:641} INFO - 25/02/05 09:06:11 INFO SparkEnv: Registering BlockManagerMaster
[2025-02-05T09:06:11.096+0000] {spark_submit.py:641} INFO - 25/02/05 09:06:11 INFO BlockManagerMasterEndpoint: Using org.apache.spark.storage.DefaultTopologyMapper for getting topology information
[2025-02-05T09:06:11.097+0000] {spark_submit.py:641} INFO - 25/02/05 09:06:11 INFO BlockManagerMasterEndpoint: BlockManagerMasterEndpoint up
[2025-02-05T09:06:11.102+0000] {spark_submit.py:641} INFO - 25/02/05 09:06:11 INFO SparkEnv: Registering BlockManagerMasterHeartbeat
[2025-02-05T09:06:11.122+0000] {spark_submit.py:641} INFO - 25/02/05 09:06:11 INFO DiskBlockManager: Created local directory at /tmp/blockmgr-05602254-3f6e-47fc-8c85-7ec696e7d0b2
[2025-02-05T09:06:11.136+0000] {spark_submit.py:641} INFO - 25/02/05 09:06:11 INFO MemoryStore: MemoryStore started with capacity 434.4 MiB
[2025-02-05T09:06:11.154+0000] {spark_submit.py:641} INFO - 25/02/05 09:06:11 INFO SparkEnv: Registering OutputCommitCoordinator
[2025-02-05T09:06:11.284+0000] {spark_submit.py:641} INFO - 25/02/05 09:06:11 INFO JettyUtils: Start Jetty 0.0.0.0:4040 for SparkUI
[2025-02-05T09:06:11.351+0000] {spark_submit.py:641} INFO - 25/02/05 09:06:11 INFO Utils: Successfully started service 'SparkUI' on port 4040.
[2025-02-05T09:06:11.548+0000] {spark_submit.py:641} INFO - 25/02/05 09:06:11 INFO StandaloneAppClient$ClientEndpoint: Connecting to master spark://spark-master:7077...
[2025-02-05T09:06:11.592+0000] {spark_submit.py:641} INFO - 25/02/05 09:06:11 INFO TransportClientFactory: Successfully created connection to spark-master/172.18.0.2:7077 after 23 ms (0 ms spent in bootstraps)
[2025-02-05T09:06:11.683+0000] {spark_submit.py:641} INFO - 25/02/05 09:06:11 INFO StandaloneSchedulerBackend: Connected to Spark cluster with app ID app-20250205090611-0001
[2025-02-05T09:06:11.697+0000] {spark_submit.py:641} INFO - 25/02/05 09:06:11 INFO StandaloneAppClient$ClientEndpoint: Executor added: app-20250205090611-0001/0 on worker-20250205090427-172.18.0.7-39503 (172.18.0.7:39503) with 1 core(s)
[2025-02-05T09:06:11.708+0000] {spark_submit.py:641} INFO - 25/02/05 09:06:11 INFO StandaloneSchedulerBackend: Granted executor ID app-20250205090611-0001/0 on hostPort 172.18.0.7:39503 with 1 core(s), 1024.0 MiB RAM
[2025-02-05T09:06:11.712+0000] {spark_submit.py:641} INFO - 25/02/05 09:06:11 INFO StandaloneAppClient$ClientEndpoint: Executor added: app-20250205090611-0001/1 on worker-20250205090427-172.18.0.7-39503 (172.18.0.7:39503) with 1 core(s)
[2025-02-05T09:06:11.713+0000] {spark_submit.py:641} INFO - 25/02/05 09:06:11 INFO StandaloneSchedulerBackend: Granted executor ID app-20250205090611-0001/1 on hostPort 172.18.0.7:39503 with 1 core(s), 1024.0 MiB RAM
[2025-02-05T09:06:11.714+0000] {spark_submit.py:641} INFO - 25/02/05 09:06:11 INFO StandaloneAppClient$ClientEndpoint: Executor added: app-20250205090611-0001/2 on worker-20250205090427-172.18.0.7-39503 (172.18.0.7:39503) with 1 core(s)
[2025-02-05T09:06:11.717+0000] {spark_submit.py:641} INFO - 25/02/05 09:06:11 INFO StandaloneSchedulerBackend: Granted executor ID app-20250205090611-0001/2 on hostPort 172.18.0.7:39503 with 1 core(s), 1024.0 MiB RAM
[2025-02-05T09:06:11.722+0000] {spark_submit.py:641} INFO - 25/02/05 09:06:11 INFO StandaloneAppClient$ClientEndpoint: Executor added: app-20250205090611-0001/3 on worker-20250205090427-172.18.0.7-39503 (172.18.0.7:39503) with 1 core(s)
[2025-02-05T09:06:11.725+0000] {spark_submit.py:641} INFO - 25/02/05 09:06:11 INFO Utils: Successfully started service 'org.apache.spark.network.netty.NettyBlockTransferService' on port 33051.
[2025-02-05T09:06:11.740+0000] {spark_submit.py:641} INFO - 25/02/05 09:06:11 INFO NettyBlockTransferService: Server created on ea5b85103b51:33051
[2025-02-05T09:06:11.747+0000] {spark_submit.py:641} INFO - 25/02/05 09:06:11 INFO StandaloneSchedulerBackend: Granted executor ID app-20250205090611-0001/3 on hostPort 172.18.0.7:39503 with 1 core(s), 1024.0 MiB RAM
[2025-02-05T09:06:11.750+0000] {spark_submit.py:641} INFO - 25/02/05 09:06:11 INFO StandaloneAppClient$ClientEndpoint: Executor added: app-20250205090611-0001/4 on worker-20250205090427-172.18.0.7-39503 (172.18.0.7:39503) with 1 core(s)
[2025-02-05T09:06:11.772+0000] {spark_submit.py:641} INFO - 25/02/05 09:06:11 INFO StandaloneSchedulerBackend: Granted executor ID app-20250205090611-0001/4 on hostPort 172.18.0.7:39503 with 1 core(s), 1024.0 MiB RAM
[2025-02-05T09:06:11.774+0000] {spark_submit.py:641} INFO - 25/02/05 09:06:11 INFO StandaloneAppClient$ClientEndpoint: Executor added: app-20250205090611-0001/5 on worker-20250205090427-172.18.0.7-39503 (172.18.0.7:39503) with 1 core(s)
[2025-02-05T09:06:11.785+0000] {spark_submit.py:641} INFO - 25/02/05 09:06:11 INFO StandaloneSchedulerBackend: Granted executor ID app-20250205090611-0001/5 on hostPort 172.18.0.7:39503 with 1 core(s), 1024.0 MiB RAM
[2025-02-05T09:06:11.786+0000] {spark_submit.py:641} INFO - 25/02/05 09:06:11 INFO StandaloneAppClient$ClientEndpoint: Executor added: app-20250205090611-0001/6 on worker-20250205090427-172.18.0.6-46427 (172.18.0.6:46427) with 1 core(s)
[2025-02-05T09:06:11.788+0000] {spark_submit.py:641} INFO - 25/02/05 09:06:11 INFO StandaloneSchedulerBackend: Granted executor ID app-20250205090611-0001/6 on hostPort 172.18.0.6:46427 with 1 core(s), 1024.0 MiB RAM
[2025-02-05T09:06:11.788+0000] {spark_submit.py:641} INFO - 25/02/05 09:06:11 INFO StandaloneAppClient$ClientEndpoint: Executor added: app-20250205090611-0001/7 on worker-20250205090427-172.18.0.6-46427 (172.18.0.6:46427) with 1 core(s)
[2025-02-05T09:06:11.790+0000] {spark_submit.py:641} INFO - 25/02/05 09:06:11 INFO StandaloneSchedulerBackend: Granted executor ID app-20250205090611-0001/7 on hostPort 172.18.0.6:46427 with 1 core(s), 1024.0 MiB RAM
[2025-02-05T09:06:11.790+0000] {spark_submit.py:641} INFO - 25/02/05 09:06:11 INFO StandaloneAppClient$ClientEndpoint: Executor added: app-20250205090611-0001/8 on worker-20250205090427-172.18.0.6-46427 (172.18.0.6:46427) with 1 core(s)
[2025-02-05T09:06:11.791+0000] {spark_submit.py:641} INFO - 25/02/05 09:06:11 INFO StandaloneSchedulerBackend: Granted executor ID app-20250205090611-0001/8 on hostPort 172.18.0.6:46427 with 1 core(s), 1024.0 MiB RAM
[2025-02-05T09:06:11.792+0000] {spark_submit.py:641} INFO - 25/02/05 09:06:11 INFO StandaloneAppClient$ClientEndpoint: Executor added: app-20250205090611-0001/9 on worker-20250205090427-172.18.0.6-46427 (172.18.0.6:46427) with 1 core(s)
[2025-02-05T09:06:11.793+0000] {spark_submit.py:641} INFO - 25/02/05 09:06:11 INFO StandaloneSchedulerBackend: Granted executor ID app-20250205090611-0001/9 on hostPort 172.18.0.6:46427 with 1 core(s), 1024.0 MiB RAM
[2025-02-05T09:06:11.796+0000] {spark_submit.py:641} INFO - 25/02/05 09:06:11 INFO StandaloneAppClient$ClientEndpoint: Executor added: app-20250205090611-0001/10 on worker-20250205090427-172.18.0.6-46427 (172.18.0.6:46427) with 1 core(s)
[2025-02-05T09:06:11.796+0000] {spark_submit.py:641} INFO - 25/02/05 09:06:11 INFO StandaloneSchedulerBackend: Granted executor ID app-20250205090611-0001/10 on hostPort 172.18.0.6:46427 with 1 core(s), 1024.0 MiB RAM
[2025-02-05T09:06:11.799+0000] {spark_submit.py:641} INFO - 25/02/05 09:06:11 INFO StandaloneAppClient$ClientEndpoint: Executor added: app-20250205090611-0001/11 on worker-20250205090427-172.18.0.6-46427 (172.18.0.6:46427) with 1 core(s)
[2025-02-05T09:06:11.800+0000] {spark_submit.py:641} INFO - 25/02/05 09:06:11 INFO StandaloneSchedulerBackend: Granted executor ID app-20250205090611-0001/11 on hostPort 172.18.0.6:46427 with 1 core(s), 1024.0 MiB RAM
[2025-02-05T09:06:11.802+0000] {spark_submit.py:641} INFO - 25/02/05 09:06:11 INFO BlockManager: Using org.apache.spark.storage.RandomBlockReplicationPolicy for block replication policy
[2025-02-05T09:06:11.805+0000] {spark_submit.py:641} INFO - 25/02/05 09:06:11 INFO BlockManagerMaster: Registering BlockManager BlockManagerId(driver, ea5b85103b51, 33051, None)
[2025-02-05T09:06:11.806+0000] {spark_submit.py:641} INFO - 25/02/05 09:06:11 INFO BlockManagerMasterEndpoint: Registering block manager ea5b85103b51:33051 with 434.4 MiB RAM, BlockManagerId(driver, ea5b85103b51, 33051, None)
[2025-02-05T09:06:11.813+0000] {spark_submit.py:641} INFO - 25/02/05 09:06:11 INFO BlockManagerMaster: Registered BlockManager BlockManagerId(driver, ea5b85103b51, 33051, None)
[2025-02-05T09:06:11.817+0000] {spark_submit.py:641} INFO - 25/02/05 09:06:11 INFO BlockManager: Initialized BlockManager: BlockManagerId(driver, ea5b85103b51, 33051, None)
[2025-02-05T09:06:11.921+0000] {spark_submit.py:641} INFO - 25/02/05 09:06:11 INFO StandaloneAppClient$ClientEndpoint: Executor updated: app-20250205090611-0001/4 is now RUNNING
[2025-02-05T09:06:11.927+0000] {spark_submit.py:641} INFO - 25/02/05 09:06:11 INFO StandaloneAppClient$ClientEndpoint: Executor updated: app-20250205090611-0001/3 is now RUNNING
[2025-02-05T09:06:11.939+0000] {spark_submit.py:641} INFO - 25/02/05 09:06:11 INFO StandaloneAppClient$ClientEndpoint: Executor updated: app-20250205090611-0001/6 is now RUNNING
[2025-02-05T09:06:11.944+0000] {spark_submit.py:641} INFO - 25/02/05 09:06:11 INFO StandaloneAppClient$ClientEndpoint: Executor updated: app-20250205090611-0001/7 is now RUNNING
[2025-02-05T09:06:11.967+0000] {spark_submit.py:641} INFO - 25/02/05 09:06:11 INFO StandaloneAppClient$ClientEndpoint: Executor updated: app-20250205090611-0001/8 is now RUNNING
[2025-02-05T09:06:11.977+0000] {spark_submit.py:641} INFO - 25/02/05 09:06:11 INFO StandaloneAppClient$ClientEndpoint: Executor updated: app-20250205090611-0001/1 is now RUNNING
[2025-02-05T09:06:11.989+0000] {spark_submit.py:641} INFO - 25/02/05 09:06:11 INFO StandaloneAppClient$ClientEndpoint: Executor updated: app-20250205090611-0001/5 is now RUNNING
[2025-02-05T09:06:12.006+0000] {spark_submit.py:641} INFO - 25/02/05 09:06:12 INFO StandaloneAppClient$ClientEndpoint: Executor updated: app-20250205090611-0001/9 is now RUNNING
[2025-02-05T09:06:12.007+0000] {spark_submit.py:641} INFO - 25/02/05 09:06:12 INFO StandaloneAppClient$ClientEndpoint: Executor updated: app-20250205090611-0001/10 is now RUNNING
[2025-02-05T09:06:12.008+0000] {spark_submit.py:641} INFO - 25/02/05 09:06:12 INFO StandaloneAppClient$ClientEndpoint: Executor updated: app-20250205090611-0001/11 is now RUNNING
[2025-02-05T09:06:12.009+0000] {spark_submit.py:641} INFO - 25/02/05 09:06:12 INFO StandaloneAppClient$ClientEndpoint: Executor updated: app-20250205090611-0001/0 is now RUNNING
[2025-02-05T09:06:12.009+0000] {spark_submit.py:641} INFO - 25/02/05 09:06:12 INFO StandaloneAppClient$ClientEndpoint: Executor updated: app-20250205090611-0001/2 is now RUNNING
[2025-02-05T09:06:12.440+0000] {spark_submit.py:641} INFO - 25/02/05 09:06:12 INFO StandaloneSchedulerBackend: SchedulerBackend is ready for scheduling beginning after reached minRegisteredResourcesRatio: 0.0
[2025-02-05T09:06:12.931+0000] {spark_submit.py:641} INFO - ❌ File not found: /opt/airflow/data/raw/2025-02-04/2025-02-04 23:13.parquet
[2025-02-05T09:06:12.932+0000] {spark_submit.py:641} INFO - Traceback (most recent call last):
[2025-02-05T09:06:12.934+0000] {spark_submit.py:641} INFO - File "/opt/airflow/tasks/transform.py", line 83, in <module>
[2025-02-05T09:06:12.939+0000] {spark_submit.py:641} INFO - transform_weather_data()
[2025-02-05T09:06:12.940+0000] {spark_submit.py:641} INFO - File "/opt/airflow/tasks/transform.py", line 28, in transform_weather_data
[2025-02-05T09:06:12.946+0000] {spark_submit.py:641} INFO - print("Files in directory:", os.listdir("/opt/airflow/data/raw/2025-02-04/"))
[2025-02-05T09:06:12.946+0000] {spark_submit.py:641} INFO - ^^^^^^^^^^^^^^^^^^^^^^^^^^^^^^^^^^^^^^^^^^^^^^^
[2025-02-05T09:06:12.947+0000] {spark_submit.py:641} INFO - FileNotFoundError: [Errno 2] No such file or directory: '/opt/airflow/data/raw/2025-02-04/'
[2025-02-05T09:06:13.099+0000] {spark_submit.py:641} INFO - 25/02/05 09:06:13 INFO SparkContext: Invoking stop() from shutdown hook
[2025-02-05T09:06:13.100+0000] {spark_submit.py:641} INFO - 25/02/05 09:06:13 INFO SparkContext: SparkContext is stopping with exitCode 0.
[2025-02-05T09:06:13.169+0000] {spark_submit.py:641} INFO - 25/02/05 09:06:13 INFO SparkUI: Stopped Spark web UI at http://ea5b85103b51:4040
[2025-02-05T09:06:13.181+0000] {spark_submit.py:641} INFO - 25/02/05 09:06:13 INFO StandaloneSchedulerBackend: Shutting down all executors
[2025-02-05T09:06:13.190+0000] {spark_submit.py:641} INFO - 25/02/05 09:06:13 INFO StandaloneSchedulerBackend$StandaloneDriverEndpoint: Asking each executor to shut down
[2025-02-05T09:06:13.275+0000] {spark_submit.py:641} INFO - 25/02/05 09:06:13 INFO MapOutputTrackerMasterEndpoint: MapOutputTrackerMasterEndpoint stopped!
[2025-02-05T09:06:13.316+0000] {spark_submit.py:641} INFO - 25/02/05 09:06:13 INFO MemoryStore: MemoryStore cleared
[2025-02-05T09:06:13.317+0000] {spark_submit.py:641} INFO - 25/02/05 09:06:13 INFO BlockManager: BlockManager stopped
[2025-02-05T09:06:13.351+0000] {spark_submit.py:641} INFO - 25/02/05 09:06:13 INFO BlockManagerMaster: BlockManagerMaster stopped
[2025-02-05T09:06:13.360+0000] {spark_submit.py:641} INFO - 25/02/05 09:06:13 INFO OutputCommitCoordinator$OutputCommitCoordinatorEndpoint: OutputCommitCoordinator stopped!
[2025-02-05T09:06:13.382+0000] {spark_submit.py:641} INFO - 25/02/05 09:06:13 INFO SparkContext: Successfully stopped SparkContext
[2025-02-05T09:06:13.382+0000] {spark_submit.py:641} INFO - 25/02/05 09:06:13 INFO ShutdownHookManager: Shutdown hook called
[2025-02-05T09:06:13.383+0000] {spark_submit.py:641} INFO - 25/02/05 09:06:13 INFO ShutdownHookManager: Deleting directory /tmp/spark-68103932-66b2-4155-9fb8-d4cda892303c
[2025-02-05T09:06:13.389+0000] {spark_submit.py:641} INFO - 25/02/05 09:06:13 INFO ShutdownHookManager: Deleting directory /tmp/spark-68103932-66b2-4155-9fb8-d4cda892303c/pyspark-546a3b97-433f-4d4f-8a34-d635c9ebb31c
[2025-02-05T09:06:13.394+0000] {spark_submit.py:641} INFO - 25/02/05 09:06:13 INFO ShutdownHookManager: Deleting directory /tmp/spark-17b96a9c-5a24-4682-a37a-9fe7c41146f5
[2025-02-05T09:06:13.430+0000] {taskinstance.py:3311} ERROR - Task failed with exception
Traceback (most recent call last):
  File "/home/airflow/.local/lib/python3.12/site-packages/airflow/models/taskinstance.py", line 767, in _execute_task
    result = _execute_callable(context=context, **execute_callable_kwargs)
             ^^^^^^^^^^^^^^^^^^^^^^^^^^^^^^^^^^^^^^^^^^^^^^^^^^^^^^^^^^^^^
  File "/home/airflow/.local/lib/python3.12/site-packages/airflow/models/taskinstance.py", line 733, in _execute_callable
    return ExecutionCallableRunner(
           ^^^^^^^^^^^^^^^^^^^^^^^^
  File "/home/airflow/.local/lib/python3.12/site-packages/airflow/utils/operator_helpers.py", line 252, in run
    return self.func(*args, **kwargs)
           ^^^^^^^^^^^^^^^^^^^^^^^^^^
  File "/home/airflow/.local/lib/python3.12/site-packages/airflow/models/baseoperator.py", line 422, in wrapper
    return func(self, *args, **kwargs)
           ^^^^^^^^^^^^^^^^^^^^^^^^^^^
  File "/home/airflow/.local/lib/python3.12/site-packages/airflow/providers/apache/spark/operators/spark_submit.py", line 177, in execute
    self._hook.submit(self.application)
  File "/home/airflow/.local/lib/python3.12/site-packages/airflow/providers/apache/spark/hooks/spark_submit.py", line 567, in submit
    raise AirflowException(
airflow.exceptions.AirflowException: Cannot execute: spark-submit --master spark://spark-master:7077 --executor-cores 1 --executor-memory 1g --driver-memory 1g --name arrow-spark --verbose --queue root.default --deploy-mode client /opt/airflow/tasks/transform.py. Error code is: 1.
[2025-02-05T09:06:13.438+0000] {taskinstance.py:1225} INFO - Marking task as UP_FOR_RETRY. dag_id=Temp_elt_postgres, task_id=transform_weather_data, run_id=manual__2025-02-05T09:05:54.524114+00:00, execution_date=20250205T090554, start_date=20250205T090606, end_date=20250205T090613
[2025-02-05T09:06:13.469+0000] {taskinstance.py:340} INFO - ::group::Post task execution logs
[2025-02-05T09:06:13.470+0000] {standard_task_runner.py:124} ERROR - Failed to execute job 133 for task transform_weather_data (Cannot execute: spark-submit --master spark://spark-master:7077 --executor-cores 1 --executor-memory 1g --driver-memory 1g --name arrow-spark --verbose --queue root.default --deploy-mode client /opt/airflow/tasks/transform.py. Error code is: 1.; 109)
Traceback (most recent call last):
  File "/home/airflow/.local/lib/python3.12/site-packages/airflow/task/task_runner/standard_task_runner.py", line 117, in _start_by_fork
    ret = args.func(args, dag=self.dag)
          ^^^^^^^^^^^^^^^^^^^^^^^^^^^^^
  File "/home/airflow/.local/lib/python3.12/site-packages/airflow/cli/cli_config.py", line 49, in command
    return func(*args, **kwargs)
           ^^^^^^^^^^^^^^^^^^^^^
  File "/home/airflow/.local/lib/python3.12/site-packages/airflow/utils/cli.py", line 116, in wrapper
    return f(*args, **kwargs)
           ^^^^^^^^^^^^^^^^^^
  File "/home/airflow/.local/lib/python3.12/site-packages/airflow/cli/commands/task_command.py", line 483, in task_run
    task_return_code = _run_task_by_selected_method(args, _dag, ti)
                       ^^^^^^^^^^^^^^^^^^^^^^^^^^^^^^^^^^^^^^^^^^^^
  File "/home/airflow/.local/lib/python3.12/site-packages/airflow/cli/commands/task_command.py", line 256, in _run_task_by_selected_method
    return _run_raw_task(args, ti)
           ^^^^^^^^^^^^^^^^^^^^^^^
  File "/home/airflow/.local/lib/python3.12/site-packages/airflow/cli/commands/task_command.py", line 341, in _run_raw_task
    return ti._run_raw_task(
           ^^^^^^^^^^^^^^^^^
  File "/home/airflow/.local/lib/python3.12/site-packages/airflow/utils/session.py", line 97, in wrapper
    return func(*args, session=session, **kwargs)
           ^^^^^^^^^^^^^^^^^^^^^^^^^^^^^^^^^^^^^^
  File "/home/airflow/.local/lib/python3.12/site-packages/airflow/models/taskinstance.py", line 3005, in _run_raw_task
    return _run_raw_task(
           ^^^^^^^^^^^^^^
  File "/home/airflow/.local/lib/python3.12/site-packages/airflow/models/taskinstance.py", line 273, in _run_raw_task
    TaskInstance._execute_task_with_callbacks(
  File "/home/airflow/.local/lib/python3.12/site-packages/airflow/models/taskinstance.py", line 3159, in _execute_task_with_callbacks
    result = self._execute_task(context, task_orig)
             ^^^^^^^^^^^^^^^^^^^^^^^^^^^^^^^^^^^^^^
  File "/home/airflow/.local/lib/python3.12/site-packages/airflow/models/taskinstance.py", line 3183, in _execute_task
    return _execute_task(self, context, task_orig)
           ^^^^^^^^^^^^^^^^^^^^^^^^^^^^^^^^^^^^^^^
  File "/home/airflow/.local/lib/python3.12/site-packages/airflow/models/taskinstance.py", line 767, in _execute_task
    result = _execute_callable(context=context, **execute_callable_kwargs)
             ^^^^^^^^^^^^^^^^^^^^^^^^^^^^^^^^^^^^^^^^^^^^^^^^^^^^^^^^^^^^^
  File "/home/airflow/.local/lib/python3.12/site-packages/airflow/models/taskinstance.py", line 733, in _execute_callable
    return ExecutionCallableRunner(
           ^^^^^^^^^^^^^^^^^^^^^^^^
  File "/home/airflow/.local/lib/python3.12/site-packages/airflow/utils/operator_helpers.py", line 252, in run
    return self.func(*args, **kwargs)
           ^^^^^^^^^^^^^^^^^^^^^^^^^^
  File "/home/airflow/.local/lib/python3.12/site-packages/airflow/models/baseoperator.py", line 422, in wrapper
    return func(self, *args, **kwargs)
           ^^^^^^^^^^^^^^^^^^^^^^^^^^^
  File "/home/airflow/.local/lib/python3.12/site-packages/airflow/providers/apache/spark/operators/spark_submit.py", line 177, in execute
    self._hook.submit(self.application)
  File "/home/airflow/.local/lib/python3.12/site-packages/airflow/providers/apache/spark/hooks/spark_submit.py", line 567, in submit
    raise AirflowException(
airflow.exceptions.AirflowException: Cannot execute: spark-submit --master spark://spark-master:7077 --executor-cores 1 --executor-memory 1g --driver-memory 1g --name arrow-spark --verbose --queue root.default --deploy-mode client /opt/airflow/tasks/transform.py. Error code is: 1.
[2025-02-05T09:06:13.498+0000] {local_task_job_runner.py:266} INFO - Task exited with return code 1
[2025-02-05T09:06:13.524+0000] {taskinstance.py:3895} INFO - 0 downstream tasks scheduled from follow-on schedule check
[2025-02-05T09:06:13.525+0000] {local_task_job_runner.py:245} INFO - ::endgroup::
