[2025-02-05T09:11:17.650+0000] {local_task_job_runner.py:123} INFO - ::group::Pre task execution logs
[2025-02-05T09:11:17.667+0000] {taskinstance.py:2613} INFO - Dependencies all met for dep_context=non-requeueable deps ti=<TaskInstance: Temp_elt_postgres.transform_weather_data manual__2025-02-05T09:05:54.524114+00:00 [queued]>
[2025-02-05T09:11:17.675+0000] {taskinstance.py:2613} INFO - Dependencies all met for dep_context=requeueable deps ti=<TaskInstance: Temp_elt_postgres.transform_weather_data manual__2025-02-05T09:05:54.524114+00:00 [queued]>
[2025-02-05T09:11:17.675+0000] {taskinstance.py:2866} INFO - Starting attempt 2 of 2
[2025-02-05T09:11:17.703+0000] {taskinstance.py:2889} INFO - Executing <Task(SparkSubmitOperator): transform_weather_data> on 2025-02-05 09:05:54.524114+00:00
[2025-02-05T09:11:17.711+0000] {standard_task_runner.py:104} INFO - Running: ['airflow', 'tasks', 'run', 'Temp_elt_postgres', 'transform_weather_data', 'manual__2025-02-05T09:05:54.524114+00:00', '--job-id', '138', '--raw', '--subdir', 'DAGS_FOLDER/weather_etl_postgres.py', '--cfg-path', '/tmp/tmpn_xdj86a']
[2025-02-05T09:11:17.714+0000] {standard_task_runner.py:105} INFO - Job 138: Subtask transform_weather_data
[2025-02-05T09:11:17.714+0000] {logging_mixin.py:190} WARNING - /home/airflow/.local/lib/python3.12/site-packages/airflow/task/task_runner/standard_task_runner.py:70 DeprecationWarning: This process (pid=278) is multi-threaded, use of fork() may lead to deadlocks in the child.
[2025-02-05T09:11:17.715+0000] {standard_task_runner.py:72} INFO - Started process 288 to run task
[2025-02-05T09:11:17.774+0000] {task_command.py:467} INFO - Running <TaskInstance: Temp_elt_postgres.transform_weather_data manual__2025-02-05T09:05:54.524114+00:00 [running]> on host b41777508361
[2025-02-05T09:11:17.846+0000] {taskinstance.py:3132} INFO - Exporting env vars: AIRFLOW_CTX_DAG_OWNER='airflow' AIRFLOW_CTX_DAG_ID='Temp_elt_postgres' AIRFLOW_CTX_TASK_ID='transform_weather_data' AIRFLOW_CTX_EXECUTION_DATE='2025-02-05T09:05:54.524114+00:00' AIRFLOW_CTX_TRY_NUMBER='2' AIRFLOW_CTX_DAG_RUN_ID='manual__2025-02-05T09:05:54.524114+00:00'
[2025-02-05T09:11:17.847+0000] {taskinstance.py:731} INFO - ::endgroup::
[2025-02-05T09:11:17.870+0000] {base.py:84} INFO - Retrieving connection 'spark_default'
[2025-02-05T09:11:17.871+0000] {spark_submit.py:474} INFO - Spark-Submit cmd: spark-submit --master spark://spark-master:7077 --executor-cores 1 --executor-memory 1g --driver-memory 1g --name arrow-spark --verbose --queue root.default --deploy-mode client /opt/airflow/tasks/transform.py
[2025-02-05T09:11:19.084+0000] {spark_submit.py:641} INFO - Using properties file: null
[2025-02-05T09:11:19.199+0000] {spark_submit.py:641} INFO - Parsed arguments:
[2025-02-05T09:11:19.200+0000] {spark_submit.py:641} INFO - master                  spark://spark-master:7077
[2025-02-05T09:11:19.200+0000] {spark_submit.py:641} INFO - remote                  null
[2025-02-05T09:11:19.201+0000] {spark_submit.py:641} INFO - deployMode              client
[2025-02-05T09:11:19.202+0000] {spark_submit.py:641} INFO - executorMemory          1g
[2025-02-05T09:11:19.202+0000] {spark_submit.py:641} INFO - executorCores           1
[2025-02-05T09:11:19.203+0000] {spark_submit.py:641} INFO - totalExecutorCores      null
[2025-02-05T09:11:19.204+0000] {spark_submit.py:641} INFO - propertiesFile          null
[2025-02-05T09:11:19.204+0000] {spark_submit.py:641} INFO - driverMemory            1g
[2025-02-05T09:11:19.205+0000] {spark_submit.py:641} INFO - driverCores             null
[2025-02-05T09:11:19.206+0000] {spark_submit.py:641} INFO - driverExtraClassPath    null
[2025-02-05T09:11:19.206+0000] {spark_submit.py:641} INFO - driverExtraLibraryPath  null
[2025-02-05T09:11:19.207+0000] {spark_submit.py:641} INFO - driverExtraJavaOptions  null
[2025-02-05T09:11:19.207+0000] {spark_submit.py:641} INFO - supervise               false
[2025-02-05T09:11:19.208+0000] {spark_submit.py:641} INFO - queue                   root.default
[2025-02-05T09:11:19.209+0000] {spark_submit.py:641} INFO - numExecutors            null
[2025-02-05T09:11:19.210+0000] {spark_submit.py:641} INFO - files                   null
[2025-02-05T09:11:19.211+0000] {spark_submit.py:641} INFO - pyFiles                 null
[2025-02-05T09:11:19.211+0000] {spark_submit.py:641} INFO - archives                null
[2025-02-05T09:11:19.212+0000] {spark_submit.py:641} INFO - mainClass               null
[2025-02-05T09:11:19.213+0000] {spark_submit.py:641} INFO - primaryResource         file:/opt/airflow/tasks/transform.py
[2025-02-05T09:11:19.213+0000] {spark_submit.py:641} INFO - name                    arrow-spark
[2025-02-05T09:11:19.214+0000] {spark_submit.py:641} INFO - childArgs               []
[2025-02-05T09:11:19.215+0000] {spark_submit.py:641} INFO - jars                    null
[2025-02-05T09:11:19.216+0000] {spark_submit.py:641} INFO - packages                null
[2025-02-05T09:11:19.217+0000] {spark_submit.py:641} INFO - packagesExclusions      null
[2025-02-05T09:11:19.217+0000] {spark_submit.py:641} INFO - repositories            null
[2025-02-05T09:11:19.218+0000] {spark_submit.py:641} INFO - verbose                 true
[2025-02-05T09:11:19.219+0000] {spark_submit.py:641} INFO - 
[2025-02-05T09:11:19.219+0000] {spark_submit.py:641} INFO - Spark properties used, including those specified through
[2025-02-05T09:11:19.220+0000] {spark_submit.py:641} INFO - --conf and those from the properties file null:
[2025-02-05T09:11:19.221+0000] {spark_submit.py:641} INFO - (spark.driver.memory,1g)
[2025-02-05T09:11:19.221+0000] {spark_submit.py:641} INFO - 
[2025-02-05T09:11:19.222+0000] {spark_submit.py:641} INFO - 
[2025-02-05T09:11:19.462+0000] {spark_submit.py:641} INFO - Main class:
[2025-02-05T09:11:19.462+0000] {spark_submit.py:641} INFO - org.apache.spark.deploy.PythonRunner
[2025-02-05T09:11:19.463+0000] {spark_submit.py:641} INFO - Arguments:
[2025-02-05T09:11:19.464+0000] {spark_submit.py:641} INFO - file:/opt/airflow/tasks/transform.py
[2025-02-05T09:11:19.464+0000] {spark_submit.py:641} INFO - null
[2025-02-05T09:11:19.465+0000] {spark_submit.py:641} INFO - Spark config:
[2025-02-05T09:11:19.465+0000] {spark_submit.py:641} INFO - (spark.app.name,arrow-spark)
[2025-02-05T09:11:19.466+0000] {spark_submit.py:641} INFO - (spark.app.submitTime,1738746679440)
[2025-02-05T09:11:19.466+0000] {spark_submit.py:641} INFO - (spark.driver.memory,1g)
[2025-02-05T09:11:19.466+0000] {spark_submit.py:641} INFO - (spark.executor.cores,1)
[2025-02-05T09:11:19.467+0000] {spark_submit.py:641} INFO - (spark.executor.memory,1g)
[2025-02-05T09:11:19.468+0000] {spark_submit.py:641} INFO - (spark.master,spark://spark-master:7077)
[2025-02-05T09:11:19.469+0000] {spark_submit.py:641} INFO - (spark.submit.deployMode,client)
[2025-02-05T09:11:19.473+0000] {spark_submit.py:641} INFO - (spark.submit.pyFiles,)
[2025-02-05T09:11:19.474+0000] {spark_submit.py:641} INFO - Classpath elements:
[2025-02-05T09:11:19.474+0000] {spark_submit.py:641} INFO - 
[2025-02-05T09:11:19.475+0000] {spark_submit.py:641} INFO - 
[2025-02-05T09:11:19.476+0000] {spark_submit.py:641} INFO - 
[2025-02-05T09:11:20.626+0000] {spark_submit.py:641} INFO - 25/02/05 09:11:20 INFO SparkContext: Running Spark version 3.5.4
[2025-02-05T09:11:20.629+0000] {spark_submit.py:641} INFO - 25/02/05 09:11:20 INFO SparkContext: OS info Linux, 6.10.14-linuxkit, amd64
[2025-02-05T09:11:20.629+0000] {spark_submit.py:641} INFO - 25/02/05 09:11:20 INFO SparkContext: Java version 17.0.13
[2025-02-05T09:11:20.685+0000] {spark_submit.py:641} INFO - 25/02/05 09:11:20 WARN NativeCodeLoader: Unable to load native-hadoop library for your platform... using builtin-java classes where applicable
[2025-02-05T09:11:20.772+0000] {spark_submit.py:641} INFO - 25/02/05 09:11:20 INFO ResourceUtils: ==============================================================
[2025-02-05T09:11:20.773+0000] {spark_submit.py:641} INFO - 25/02/05 09:11:20 INFO ResourceUtils: No custom resources configured for spark.driver.
[2025-02-05T09:11:20.773+0000] {spark_submit.py:641} INFO - 25/02/05 09:11:20 INFO ResourceUtils: ==============================================================
[2025-02-05T09:11:20.774+0000] {spark_submit.py:641} INFO - 25/02/05 09:11:20 INFO SparkContext: Submitted application: WeatherDataProcessing
[2025-02-05T09:11:20.798+0000] {spark_submit.py:641} INFO - 25/02/05 09:11:20 INFO ResourceProfile: Default ResourceProfile created, executor resources: Map(cores -> name: cores, amount: 1, script: , vendor: , memory -> name: memory, amount: 1024, script: , vendor: , offHeap -> name: offHeap, amount: 0, script: , vendor: ), task resources: Map(cpus -> name: cpus, amount: 1.0)
[2025-02-05T09:11:20.807+0000] {spark_submit.py:641} INFO - 25/02/05 09:11:20 INFO ResourceProfile: Limiting resource is cpus at 1 tasks per executor
[2025-02-05T09:11:20.810+0000] {spark_submit.py:641} INFO - 25/02/05 09:11:20 INFO ResourceProfileManager: Added ResourceProfile id: 0
[2025-02-05T09:11:20.866+0000] {spark_submit.py:641} INFO - 25/02/05 09:11:20 INFO SecurityManager: Changing view acls to: airflow
[2025-02-05T09:11:20.867+0000] {spark_submit.py:641} INFO - 25/02/05 09:11:20 INFO SecurityManager: Changing modify acls to: airflow
[2025-02-05T09:11:20.867+0000] {spark_submit.py:641} INFO - 25/02/05 09:11:20 INFO SecurityManager: Changing view acls groups to:
[2025-02-05T09:11:20.868+0000] {spark_submit.py:641} INFO - 25/02/05 09:11:20 INFO SecurityManager: Changing modify acls groups to:
[2025-02-05T09:11:20.869+0000] {spark_submit.py:641} INFO - 25/02/05 09:11:20 INFO SecurityManager: SecurityManager: authentication disabled; ui acls disabled; users with view permissions: airflow; groups with view permissions: EMPTY; users with modify permissions: airflow; groups with modify permissions: EMPTY
[2025-02-05T09:11:21.068+0000] {spark_submit.py:641} INFO - 25/02/05 09:11:21 INFO Utils: Successfully started service 'sparkDriver' on port 35837.
[2025-02-05T09:11:21.097+0000] {spark_submit.py:641} INFO - 25/02/05 09:11:21 INFO SparkEnv: Registering MapOutputTracker
[2025-02-05T09:11:21.130+0000] {spark_submit.py:641} INFO - 25/02/05 09:11:21 INFO SparkEnv: Registering BlockManagerMaster
[2025-02-05T09:11:21.145+0000] {spark_submit.py:641} INFO - 25/02/05 09:11:21 INFO BlockManagerMasterEndpoint: Using org.apache.spark.storage.DefaultTopologyMapper for getting topology information
[2025-02-05T09:11:21.146+0000] {spark_submit.py:641} INFO - 25/02/05 09:11:21 INFO BlockManagerMasterEndpoint: BlockManagerMasterEndpoint up
[2025-02-05T09:11:21.151+0000] {spark_submit.py:641} INFO - 25/02/05 09:11:21 INFO SparkEnv: Registering BlockManagerMasterHeartbeat
[2025-02-05T09:11:21.169+0000] {spark_submit.py:641} INFO - 25/02/05 09:11:21 INFO DiskBlockManager: Created local directory at /tmp/blockmgr-03c4be97-1885-4bba-bf6c-f35eb6e52839
[2025-02-05T09:11:21.183+0000] {spark_submit.py:641} INFO - 25/02/05 09:11:21 INFO MemoryStore: MemoryStore started with capacity 434.4 MiB
[2025-02-05T09:11:21.199+0000] {spark_submit.py:641} INFO - 25/02/05 09:11:21 INFO SparkEnv: Registering OutputCommitCoordinator
[2025-02-05T09:11:21.370+0000] {spark_submit.py:641} INFO - 25/02/05 09:11:21 INFO JettyUtils: Start Jetty 0.0.0.0:4040 for SparkUI
[2025-02-05T09:11:21.464+0000] {spark_submit.py:641} INFO - 25/02/05 09:11:21 INFO Utils: Successfully started service 'SparkUI' on port 4040.
[2025-02-05T09:11:21.609+0000] {spark_submit.py:641} INFO - 25/02/05 09:11:21 INFO StandaloneAppClient$ClientEndpoint: Connecting to master spark://spark-master:7077...
[2025-02-05T09:11:21.651+0000] {spark_submit.py:641} INFO - 25/02/05 09:11:21 INFO TransportClientFactory: Successfully created connection to spark-master/172.18.0.2:7077 after 23 ms (0 ms spent in bootstraps)
[2025-02-05T09:11:21.740+0000] {spark_submit.py:641} INFO - 25/02/05 09:11:21 INFO StandaloneSchedulerBackend: Connected to Spark cluster with app ID app-20250205091121-0002
[2025-02-05T09:11:21.775+0000] {spark_submit.py:641} INFO - 25/02/05 09:11:21 INFO Utils: Successfully started service 'org.apache.spark.network.netty.NettyBlockTransferService' on port 40997.
[2025-02-05T09:11:21.914+0000] {spark_submit.py:641} INFO - 25/02/05 09:11:21 INFO NettyBlockTransferService: Server created on b41777508361:40997
[2025-02-05T09:11:21.923+0000] {spark_submit.py:641} INFO - 25/02/05 09:11:21 INFO StandaloneAppClient$ClientEndpoint: Executor added: app-20250205091121-0002/0 on worker-20250205090841-172.18.0.7-45869 (172.18.0.7:45869) with 1 core(s)
[2025-02-05T09:11:21.936+0000] {spark_submit.py:641} INFO - 25/02/05 09:11:21 INFO BlockManager: Using org.apache.spark.storage.RandomBlockReplicationPolicy for block replication policy
[2025-02-05T09:11:21.937+0000] {spark_submit.py:641} INFO - 25/02/05 09:11:21 INFO StandaloneSchedulerBackend: Granted executor ID app-20250205091121-0002/0 on hostPort 172.18.0.7:45869 with 1 core(s), 1024.0 MiB RAM
[2025-02-05T09:11:21.938+0000] {spark_submit.py:641} INFO - 25/02/05 09:11:21 INFO StandaloneAppClient$ClientEndpoint: Executor added: app-20250205091121-0002/1 on worker-20250205090841-172.18.0.7-45869 (172.18.0.7:45869) with 1 core(s)
[2025-02-05T09:11:21.940+0000] {spark_submit.py:641} INFO - 25/02/05 09:11:21 INFO StandaloneSchedulerBackend: Granted executor ID app-20250205091121-0002/1 on hostPort 172.18.0.7:45869 with 1 core(s), 1024.0 MiB RAM
[2025-02-05T09:11:21.941+0000] {spark_submit.py:641} INFO - 25/02/05 09:11:21 INFO StandaloneAppClient$ClientEndpoint: Executor added: app-20250205091121-0002/2 on worker-20250205090841-172.18.0.7-45869 (172.18.0.7:45869) with 1 core(s)
[2025-02-05T09:11:21.943+0000] {spark_submit.py:641} INFO - 25/02/05 09:11:21 INFO StandaloneSchedulerBackend: Granted executor ID app-20250205091121-0002/2 on hostPort 172.18.0.7:45869 with 1 core(s), 1024.0 MiB RAM
[2025-02-05T09:11:21.944+0000] {spark_submit.py:641} INFO - 25/02/05 09:11:21 INFO StandaloneAppClient$ClientEndpoint: Executor added: app-20250205091121-0002/3 on worker-20250205090841-172.18.0.7-45869 (172.18.0.7:45869) with 1 core(s)
[2025-02-05T09:11:21.951+0000] {spark_submit.py:641} INFO - 25/02/05 09:11:21 INFO StandaloneSchedulerBackend: Granted executor ID app-20250205091121-0002/3 on hostPort 172.18.0.7:45869 with 1 core(s), 1024.0 MiB RAM
[2025-02-05T09:11:21.952+0000] {spark_submit.py:641} INFO - 25/02/05 09:11:21 INFO StandaloneAppClient$ClientEndpoint: Executor added: app-20250205091121-0002/4 on worker-20250205090841-172.18.0.7-45869 (172.18.0.7:45869) with 1 core(s)
[2025-02-05T09:11:21.953+0000] {spark_submit.py:641} INFO - 25/02/05 09:11:21 INFO StandaloneSchedulerBackend: Granted executor ID app-20250205091121-0002/4 on hostPort 172.18.0.7:45869 with 1 core(s), 1024.0 MiB RAM
[2025-02-05T09:11:21.954+0000] {spark_submit.py:641} INFO - 25/02/05 09:11:21 INFO StandaloneAppClient$ClientEndpoint: Executor added: app-20250205091121-0002/5 on worker-20250205090841-172.18.0.7-45869 (172.18.0.7:45869) with 1 core(s)
[2025-02-05T09:11:21.957+0000] {spark_submit.py:641} INFO - 25/02/05 09:11:21 INFO StandaloneSchedulerBackend: Granted executor ID app-20250205091121-0002/5 on hostPort 172.18.0.7:45869 with 1 core(s), 1024.0 MiB RAM
[2025-02-05T09:11:21.980+0000] {spark_submit.py:641} INFO - 25/02/05 09:11:21 INFO StandaloneAppClient$ClientEndpoint: Executor added: app-20250205091121-0002/6 on worker-20250205090841-172.18.0.6-38299 (172.18.0.6:38299) with 1 core(s)
[2025-02-05T09:11:22.020+0000] {spark_submit.py:641} INFO - 25/02/05 09:11:21 INFO StandaloneSchedulerBackend: Granted executor ID app-20250205091121-0002/6 on hostPort 172.18.0.6:38299 with 1 core(s), 1024.0 MiB RAM
[2025-02-05T09:11:22.041+0000] {spark_submit.py:641} INFO - 25/02/05 09:11:21 INFO StandaloneAppClient$ClientEndpoint: Executor added: app-20250205091121-0002/7 on worker-20250205090841-172.18.0.6-38299 (172.18.0.6:38299) with 1 core(s)
[2025-02-05T09:11:22.046+0000] {spark_submit.py:641} INFO - 25/02/05 09:11:21 INFO StandaloneSchedulerBackend: Granted executor ID app-20250205091121-0002/7 on hostPort 172.18.0.6:38299 with 1 core(s), 1024.0 MiB RAM
[2025-02-05T09:11:22.047+0000] {spark_submit.py:641} INFO - 25/02/05 09:11:21 INFO StandaloneAppClient$ClientEndpoint: Executor added: app-20250205091121-0002/8 on worker-20250205090841-172.18.0.6-38299 (172.18.0.6:38299) with 1 core(s)
[2025-02-05T09:11:22.055+0000] {spark_submit.py:641} INFO - 25/02/05 09:11:21 INFO StandaloneSchedulerBackend: Granted executor ID app-20250205091121-0002/8 on hostPort 172.18.0.6:38299 with 1 core(s), 1024.0 MiB RAM
[2025-02-05T09:11:22.058+0000] {spark_submit.py:641} INFO - 25/02/05 09:11:21 INFO StandaloneAppClient$ClientEndpoint: Executor added: app-20250205091121-0002/9 on worker-20250205090841-172.18.0.6-38299 (172.18.0.6:38299) with 1 core(s)
[2025-02-05T09:11:22.059+0000] {spark_submit.py:641} INFO - 25/02/05 09:11:21 INFO StandaloneSchedulerBackend: Granted executor ID app-20250205091121-0002/9 on hostPort 172.18.0.6:38299 with 1 core(s), 1024.0 MiB RAM
[2025-02-05T09:11:22.064+0000] {spark_submit.py:641} INFO - 25/02/05 09:11:21 INFO StandaloneAppClient$ClientEndpoint: Executor added: app-20250205091121-0002/10 on worker-20250205090841-172.18.0.6-38299 (172.18.0.6:38299) with 1 core(s)
[2025-02-05T09:11:22.068+0000] {spark_submit.py:641} INFO - 25/02/05 09:11:21 INFO StandaloneSchedulerBackend: Granted executor ID app-20250205091121-0002/10 on hostPort 172.18.0.6:38299 with 1 core(s), 1024.0 MiB RAM
[2025-02-05T09:11:22.069+0000] {spark_submit.py:641} INFO - 25/02/05 09:11:21 INFO StandaloneAppClient$ClientEndpoint: Executor added: app-20250205091121-0002/11 on worker-20250205090841-172.18.0.6-38299 (172.18.0.6:38299) with 1 core(s)
[2025-02-05T09:11:22.070+0000] {spark_submit.py:641} INFO - 25/02/05 09:11:21 INFO StandaloneSchedulerBackend: Granted executor ID app-20250205091121-0002/11 on hostPort 172.18.0.6:38299 with 1 core(s), 1024.0 MiB RAM
[2025-02-05T09:11:22.071+0000] {spark_submit.py:641} INFO - 25/02/05 09:11:21 INFO BlockManagerMaster: Registering BlockManager BlockManagerId(driver, b41777508361, 40997, None)
[2025-02-05T09:11:22.072+0000] {spark_submit.py:641} INFO - 25/02/05 09:11:21 INFO BlockManagerMasterEndpoint: Registering block manager b41777508361:40997 with 434.4 MiB RAM, BlockManagerId(driver, b41777508361, 40997, None)
[2025-02-05T09:11:22.079+0000] {spark_submit.py:641} INFO - 25/02/05 09:11:21 INFO BlockManagerMaster: Registered BlockManager BlockManagerId(driver, b41777508361, 40997, None)
[2025-02-05T09:11:22.080+0000] {spark_submit.py:641} INFO - 25/02/05 09:11:21 INFO BlockManager: Initialized BlockManager: BlockManagerId(driver, b41777508361, 40997, None)
[2025-02-05T09:11:22.085+0000] {spark_submit.py:641} INFO - 25/02/05 09:11:21 INFO StandaloneAppClient$ClientEndpoint: Executor updated: app-20250205091121-0002/0 is now RUNNING
[2025-02-05T09:11:22.087+0000] {spark_submit.py:641} INFO - 25/02/05 09:11:21 INFO StandaloneAppClient$ClientEndpoint: Executor updated: app-20250205091121-0002/7 is now RUNNING
[2025-02-05T09:11:22.091+0000] {spark_submit.py:641} INFO - 25/02/05 09:11:21 INFO StandaloneAppClient$ClientEndpoint: Executor updated: app-20250205091121-0002/6 is now RUNNING
[2025-02-05T09:11:22.092+0000] {spark_submit.py:641} INFO - 25/02/05 09:11:21 INFO StandaloneAppClient$ClientEndpoint: Executor updated: app-20250205091121-0002/1 is now RUNNING
[2025-02-05T09:11:22.097+0000] {spark_submit.py:641} INFO - 25/02/05 09:11:21 INFO StandaloneAppClient$ClientEndpoint: Executor updated: app-20250205091121-0002/8 is now RUNNING
[2025-02-05T09:11:22.099+0000] {spark_submit.py:641} INFO - 25/02/05 09:11:21 INFO StandaloneAppClient$ClientEndpoint: Executor updated: app-20250205091121-0002/2 is now RUNNING
[2025-02-05T09:11:22.101+0000] {spark_submit.py:641} INFO - 25/02/05 09:11:22 INFO StandaloneAppClient$ClientEndpoint: Executor updated: app-20250205091121-0002/3 is now RUNNING
[2025-02-05T09:11:22.104+0000] {spark_submit.py:641} INFO - 25/02/05 09:11:22 INFO StandaloneAppClient$ClientEndpoint: Executor updated: app-20250205091121-0002/4 is now RUNNING
[2025-02-05T09:11:22.120+0000] {spark_submit.py:641} INFO - 25/02/05 09:11:22 INFO StandaloneAppClient$ClientEndpoint: Executor updated: app-20250205091121-0002/5 is now RUNNING
[2025-02-05T09:11:22.125+0000] {spark_submit.py:641} INFO - 25/02/05 09:11:22 INFO StandaloneAppClient$ClientEndpoint: Executor updated: app-20250205091121-0002/9 is now RUNNING
[2025-02-05T09:11:22.126+0000] {spark_submit.py:641} INFO - 25/02/05 09:11:22 INFO StandaloneAppClient$ClientEndpoint: Executor updated: app-20250205091121-0002/10 is now RUNNING
[2025-02-05T09:11:22.146+0000] {spark_submit.py:641} INFO - 25/02/05 09:11:22 INFO StandaloneAppClient$ClientEndpoint: Executor updated: app-20250205091121-0002/11 is now RUNNING
[2025-02-05T09:11:22.547+0000] {spark_submit.py:641} INFO - 25/02/05 09:11:22 INFO StandaloneSchedulerBackend: SchedulerBackend is ready for scheduling beginning after reached minRegisteredResourcesRatio: 0.0
[2025-02-05T09:11:23.058+0000] {spark_submit.py:641} INFO - ❌ File not found: /opt/airflow/data/raw/2025-02-04/2025-02-04 23:13.parquet
[2025-02-05T09:11:23.067+0000] {spark_submit.py:641} INFO - Traceback (most recent call last):
[2025-02-05T09:11:23.071+0000] {spark_submit.py:641} INFO - File "/opt/airflow/tasks/transform.py", line 83, in <module>
[2025-02-05T09:11:23.072+0000] {spark_submit.py:641} INFO - transform_weather_data()
[2025-02-05T09:11:23.073+0000] {spark_submit.py:641} INFO - File "/opt/airflow/tasks/transform.py", line 28, in transform_weather_data
[2025-02-05T09:11:23.078+0000] {spark_submit.py:641} INFO - print("Files in directory:", os.listdir("/opt/airflow/data/raw/2025-02-04/"))
[2025-02-05T09:11:23.079+0000] {spark_submit.py:641} INFO - ^^^^^^^^^^^^^^^^^^^^^^^^^^^^^^^^^^^^^^^^^^^^^^^
[2025-02-05T09:11:23.083+0000] {spark_submit.py:641} INFO - FileNotFoundError: [Errno 2] No such file or directory: '/opt/airflow/data/raw/2025-02-04/'
[2025-02-05T09:11:23.275+0000] {spark_submit.py:641} INFO - 25/02/05 09:11:23 INFO SparkContext: Invoking stop() from shutdown hook
[2025-02-05T09:11:23.278+0000] {spark_submit.py:641} INFO - 25/02/05 09:11:23 INFO SparkContext: SparkContext is stopping with exitCode 0.
[2025-02-05T09:11:23.303+0000] {spark_submit.py:641} INFO - 25/02/05 09:11:23 INFO SparkUI: Stopped Spark web UI at http://b41777508361:4040
[2025-02-05T09:11:23.314+0000] {spark_submit.py:641} INFO - 25/02/05 09:11:23 INFO StandaloneSchedulerBackend: Shutting down all executors
[2025-02-05T09:11:23.325+0000] {spark_submit.py:641} INFO - 25/02/05 09:11:23 INFO StandaloneSchedulerBackend$StandaloneDriverEndpoint: Asking each executor to shut down
[2025-02-05T09:11:23.363+0000] {spark_submit.py:641} INFO - 25/02/05 09:11:23 INFO MapOutputTrackerMasterEndpoint: MapOutputTrackerMasterEndpoint stopped!
[2025-02-05T09:11:23.408+0000] {spark_submit.py:641} INFO - 25/02/05 09:11:23 INFO MemoryStore: MemoryStore cleared
[2025-02-05T09:11:23.414+0000] {spark_submit.py:641} INFO - 25/02/05 09:11:23 INFO BlockManager: BlockManager stopped
[2025-02-05T09:11:23.436+0000] {spark_submit.py:641} INFO - 25/02/05 09:11:23 INFO BlockManagerMaster: BlockManagerMaster stopped
[2025-02-05T09:11:23.444+0000] {spark_submit.py:641} INFO - 25/02/05 09:11:23 INFO OutputCommitCoordinator$OutputCommitCoordinatorEndpoint: OutputCommitCoordinator stopped!
[2025-02-05T09:11:23.495+0000] {spark_submit.py:641} INFO - 25/02/05 09:11:23 INFO SparkContext: Successfully stopped SparkContext
[2025-02-05T09:11:23.500+0000] {spark_submit.py:641} INFO - 25/02/05 09:11:23 INFO ShutdownHookManager: Shutdown hook called
[2025-02-05T09:11:23.503+0000] {spark_submit.py:641} INFO - 25/02/05 09:11:23 INFO ShutdownHookManager: Deleting directory /tmp/spark-f2b96727-ff7c-49a6-8fcc-f4f9a653a196
[2025-02-05T09:11:23.509+0000] {spark_submit.py:641} INFO - 25/02/05 09:11:23 INFO ShutdownHookManager: Deleting directory /tmp/spark-f2b96727-ff7c-49a6-8fcc-f4f9a653a196/pyspark-cecc3aa2-f985-46cd-86a8-8832f67a6d3f
[2025-02-05T09:11:23.514+0000] {spark_submit.py:641} INFO - 25/02/05 09:11:23 INFO ShutdownHookManager: Deleting directory /tmp/spark-a712b7d3-26d3-4513-9be6-51bd54d2dd3f
[2025-02-05T09:11:23.551+0000] {taskinstance.py:3311} ERROR - Task failed with exception
Traceback (most recent call last):
  File "/home/airflow/.local/lib/python3.12/site-packages/airflow/models/taskinstance.py", line 767, in _execute_task
    result = _execute_callable(context=context, **execute_callable_kwargs)
             ^^^^^^^^^^^^^^^^^^^^^^^^^^^^^^^^^^^^^^^^^^^^^^^^^^^^^^^^^^^^^
  File "/home/airflow/.local/lib/python3.12/site-packages/airflow/models/taskinstance.py", line 733, in _execute_callable
    return ExecutionCallableRunner(
           ^^^^^^^^^^^^^^^^^^^^^^^^
  File "/home/airflow/.local/lib/python3.12/site-packages/airflow/utils/operator_helpers.py", line 252, in run
    return self.func(*args, **kwargs)
           ^^^^^^^^^^^^^^^^^^^^^^^^^^
  File "/home/airflow/.local/lib/python3.12/site-packages/airflow/models/baseoperator.py", line 422, in wrapper
    return func(self, *args, **kwargs)
           ^^^^^^^^^^^^^^^^^^^^^^^^^^^
  File "/home/airflow/.local/lib/python3.12/site-packages/airflow/providers/apache/spark/operators/spark_submit.py", line 177, in execute
    self._hook.submit(self.application)
  File "/home/airflow/.local/lib/python3.12/site-packages/airflow/providers/apache/spark/hooks/spark_submit.py", line 567, in submit
    raise AirflowException(
airflow.exceptions.AirflowException: Cannot execute: spark-submit --master spark://spark-master:7077 --executor-cores 1 --executor-memory 1g --driver-memory 1g --name arrow-spark --verbose --queue root.default --deploy-mode client /opt/airflow/tasks/transform.py. Error code is: 1.
[2025-02-05T09:11:23.556+0000] {taskinstance.py:1225} INFO - Marking task as FAILED. dag_id=Temp_elt_postgres, task_id=transform_weather_data, run_id=manual__2025-02-05T09:05:54.524114+00:00, execution_date=20250205T090554, start_date=20250205T091117, end_date=20250205T091123
[2025-02-05T09:11:23.583+0000] {taskinstance.py:340} INFO - ::group::Post task execution logs
[2025-02-05T09:11:23.584+0000] {standard_task_runner.py:124} ERROR - Failed to execute job 138 for task transform_weather_data (Cannot execute: spark-submit --master spark://spark-master:7077 --executor-cores 1 --executor-memory 1g --driver-memory 1g --name arrow-spark --verbose --queue root.default --deploy-mode client /opt/airflow/tasks/transform.py. Error code is: 1.; 288)
Traceback (most recent call last):
  File "/home/airflow/.local/lib/python3.12/site-packages/airflow/task/task_runner/standard_task_runner.py", line 117, in _start_by_fork
    ret = args.func(args, dag=self.dag)
          ^^^^^^^^^^^^^^^^^^^^^^^^^^^^^
  File "/home/airflow/.local/lib/python3.12/site-packages/airflow/cli/cli_config.py", line 49, in command
    return func(*args, **kwargs)
           ^^^^^^^^^^^^^^^^^^^^^
  File "/home/airflow/.local/lib/python3.12/site-packages/airflow/utils/cli.py", line 116, in wrapper
    return f(*args, **kwargs)
           ^^^^^^^^^^^^^^^^^^
  File "/home/airflow/.local/lib/python3.12/site-packages/airflow/cli/commands/task_command.py", line 483, in task_run
    task_return_code = _run_task_by_selected_method(args, _dag, ti)
                       ^^^^^^^^^^^^^^^^^^^^^^^^^^^^^^^^^^^^^^^^^^^^
  File "/home/airflow/.local/lib/python3.12/site-packages/airflow/cli/commands/task_command.py", line 256, in _run_task_by_selected_method
    return _run_raw_task(args, ti)
           ^^^^^^^^^^^^^^^^^^^^^^^
  File "/home/airflow/.local/lib/python3.12/site-packages/airflow/cli/commands/task_command.py", line 341, in _run_raw_task
    return ti._run_raw_task(
           ^^^^^^^^^^^^^^^^^
  File "/home/airflow/.local/lib/python3.12/site-packages/airflow/utils/session.py", line 97, in wrapper
    return func(*args, session=session, **kwargs)
           ^^^^^^^^^^^^^^^^^^^^^^^^^^^^^^^^^^^^^^
  File "/home/airflow/.local/lib/python3.12/site-packages/airflow/models/taskinstance.py", line 3005, in _run_raw_task
    return _run_raw_task(
           ^^^^^^^^^^^^^^
  File "/home/airflow/.local/lib/python3.12/site-packages/airflow/models/taskinstance.py", line 273, in _run_raw_task
    TaskInstance._execute_task_with_callbacks(
  File "/home/airflow/.local/lib/python3.12/site-packages/airflow/models/taskinstance.py", line 3159, in _execute_task_with_callbacks
    result = self._execute_task(context, task_orig)
             ^^^^^^^^^^^^^^^^^^^^^^^^^^^^^^^^^^^^^^
  File "/home/airflow/.local/lib/python3.12/site-packages/airflow/models/taskinstance.py", line 3183, in _execute_task
    return _execute_task(self, context, task_orig)
           ^^^^^^^^^^^^^^^^^^^^^^^^^^^^^^^^^^^^^^^
  File "/home/airflow/.local/lib/python3.12/site-packages/airflow/models/taskinstance.py", line 767, in _execute_task
    result = _execute_callable(context=context, **execute_callable_kwargs)
             ^^^^^^^^^^^^^^^^^^^^^^^^^^^^^^^^^^^^^^^^^^^^^^^^^^^^^^^^^^^^^
  File "/home/airflow/.local/lib/python3.12/site-packages/airflow/models/taskinstance.py", line 733, in _execute_callable
    return ExecutionCallableRunner(
           ^^^^^^^^^^^^^^^^^^^^^^^^
  File "/home/airflow/.local/lib/python3.12/site-packages/airflow/utils/operator_helpers.py", line 252, in run
    return self.func(*args, **kwargs)
           ^^^^^^^^^^^^^^^^^^^^^^^^^^
  File "/home/airflow/.local/lib/python3.12/site-packages/airflow/models/baseoperator.py", line 422, in wrapper
    return func(self, *args, **kwargs)
           ^^^^^^^^^^^^^^^^^^^^^^^^^^^
  File "/home/airflow/.local/lib/python3.12/site-packages/airflow/providers/apache/spark/operators/spark_submit.py", line 177, in execute
    self._hook.submit(self.application)
  File "/home/airflow/.local/lib/python3.12/site-packages/airflow/providers/apache/spark/hooks/spark_submit.py", line 567, in submit
    raise AirflowException(
airflow.exceptions.AirflowException: Cannot execute: spark-submit --master spark://spark-master:7077 --executor-cores 1 --executor-memory 1g --driver-memory 1g --name arrow-spark --verbose --queue root.default --deploy-mode client /opt/airflow/tasks/transform.py. Error code is: 1.
[2025-02-05T09:11:23.625+0000] {local_task_job_runner.py:266} INFO - Task exited with return code 1
[2025-02-05T09:11:23.653+0000] {taskinstance.py:3895} INFO - 0 downstream tasks scheduled from follow-on schedule check
[2025-02-05T09:11:23.666+0000] {local_task_job_runner.py:245} INFO - ::endgroup::
