[2025-01-31T19:09:00.260+0000] {local_task_job_runner.py:123} INFO - ::group::Pre task execution logs
[2025-01-31T19:09:00.279+0000] {taskinstance.py:2613} INFO - Dependencies all met for dep_context=non-requeueable deps ti=<TaskInstance: hello_world_dag.task_3 manual__2025-01-31T19:08:56.658335+00:00 [queued]>
[2025-01-31T19:09:00.292+0000] {taskinstance.py:2613} INFO - Dependencies all met for dep_context=requeueable deps ti=<TaskInstance: hello_world_dag.task_3 manual__2025-01-31T19:08:56.658335+00:00 [queued]>
[2025-01-31T19:09:00.293+0000] {taskinstance.py:2866} INFO - Starting attempt 1 of 2
[2025-01-31T19:09:00.311+0000] {taskinstance.py:2889} INFO - Executing <Task(PythonOperator): task_3> on 2025-01-31 19:08:56.658335+00:00
[2025-01-31T19:09:00.318+0000] {logging_mixin.py:190} WARNING - /home/***/.local/lib/python3.12/site-packages/***/task/task_runner/standard_task_runner.py:70 DeprecationWarning: This process (pid=399) is multi-threaded, use of fork() may lead to deadlocks in the child.
[2025-01-31T19:09:00.319+0000] {standard_task_runner.py:72} INFO - Started process 400 to run task
[2025-01-31T19:09:00.318+0000] {standard_task_runner.py:104} INFO - Running: ['***', 'tasks', 'run', 'hello_world_dag', 'task_3', 'manual__2025-01-31T19:08:56.658335+00:00', '--job-id', '7', '--raw', '--subdir', 'DAGS_FOLDER/sample.py', '--cfg-path', '/tmp/tmp02a921hg']
[2025-01-31T19:09:00.322+0000] {standard_task_runner.py:105} INFO - Job 7: Subtask task_3
[2025-01-31T19:09:00.337+0000] {logging_mixin.py:190} WARNING - /home/***/.local/lib/python3.12/site-packages/***/settings.py:209 DeprecationWarning: The sql_alchemy_conn option in [core] has been moved to the sql_alchemy_conn option in [database] - the old setting has been used, but please update your config.
[2025-01-31T19:09:00.377+0000] {task_command.py:467} INFO - Running <TaskInstance: hello_world_dag.task_3 manual__2025-01-31T19:08:56.658335+00:00 [running]> on host d4185a3e91b9
[2025-01-31T19:09:00.466+0000] {taskinstance.py:3132} INFO - Exporting env vars: AIRFLOW_CTX_DAG_OWNER='***' AIRFLOW_CTX_DAG_ID='hello_world_dag' AIRFLOW_CTX_TASK_ID='task_3' AIRFLOW_CTX_EXECUTION_DATE='2025-01-31T19:08:56.658335+00:00' AIRFLOW_CTX_TRY_NUMBER='1' AIRFLOW_CTX_DAG_RUN_ID='manual__2025-01-31T19:08:56.658335+00:00'
[2025-01-31T19:09:00.468+0000] {taskinstance.py:731} INFO - ::endgroup::
[2025-01-31T19:09:00.487+0000] {logging_mixin.py:190} INFO - Task 3: Hello
[2025-01-31T19:09:00.488+0000] {python.py:240} INFO - Done. Returned value was: None
[2025-01-31T19:09:00.501+0000] {taskinstance.py:340} INFO - ::group::Post task execution logs
[2025-01-31T19:09:00.502+0000] {taskinstance.py:352} INFO - Marking task as SUCCESS. dag_id=hello_world_dag, task_id=task_3, run_id=manual__2025-01-31T19:08:56.658335+00:00, execution_date=20250131T190856, start_date=20250131T190900, end_date=20250131T190900
[2025-01-31T19:09:00.547+0000] {local_task_job_runner.py:266} INFO - Task exited with return code 0
[2025-01-31T19:09:00.567+0000] {taskinstance.py:3895} INFO - 0 downstream tasks scheduled from follow-on schedule check
[2025-01-31T19:09:00.569+0000] {local_task_job_runner.py:245} INFO - ::endgroup::
