[2025-01-15T21:22:37.378+0000] {local_task_job_runner.py:123} INFO - ::group::Pre task execution logs
[2025-01-15T21:22:37.392+0000] {taskinstance.py:2613} INFO - Dependencies all met for dep_context=non-requeueable deps ti=<TaskInstance: Temp_elt.transformm_weather_data manual__2025-01-15T21:22:26.655573+00:00 [queued]>
[2025-01-15T21:22:37.400+0000] {taskinstance.py:2613} INFO - Dependencies all met for dep_context=requeueable deps ti=<TaskInstance: Temp_elt.transformm_weather_data manual__2025-01-15T21:22:26.655573+00:00 [queued]>
[2025-01-15T21:22:37.400+0000] {taskinstance.py:2866} INFO - Starting attempt 1 of 2
[2025-01-15T21:22:37.426+0000] {taskinstance.py:2889} INFO - Executing <Task(PythonOperator): transformm_weather_data> on 2025-01-15 21:22:26.655573+00:00
[2025-01-15T21:22:37.434+0000] {standard_task_runner.py:104} INFO - Running: ['airflow', 'tasks', 'run', 'Temp_elt', 'transformm_weather_data', 'manual__2025-01-15T21:22:26.655573+00:00', '--job-id', '44', '--raw', '--subdir', 'DAGS_FOLDER/weather_etl_dag.py', '--cfg-path', '/tmp/tmpwtwfszsm']
[2025-01-15T21:22:37.435+0000] {standard_task_runner.py:105} INFO - Job 44: Subtask transformm_weather_data
[2025-01-15T21:22:37.437+0000] {logging_mixin.py:190} WARNING - /home/airflow/.local/lib/python3.12/site-packages/airflow/task/task_runner/standard_task_runner.py:70 DeprecationWarning: This process (pid=395) is multi-threaded, use of fork() may lead to deadlocks in the child.
[2025-01-15T21:22:37.441+0000] {standard_task_runner.py:72} INFO - Started process 414 to run task
[2025-01-15T21:22:37.507+0000] {task_command.py:467} INFO - Running <TaskInstance: Temp_elt.transformm_weather_data manual__2025-01-15T21:22:26.655573+00:00 [running]> on host b70e30dbce8e
[2025-01-15T21:22:37.588+0000] {taskinstance.py:3132} INFO - Exporting env vars: AIRFLOW_CTX_DAG_OWNER='airflow' AIRFLOW_CTX_DAG_ID='Temp_elt' AIRFLOW_CTX_TASK_ID='transformm_weather_data' AIRFLOW_CTX_EXECUTION_DATE='2025-01-15T21:22:26.655573+00:00' AIRFLOW_CTX_TRY_NUMBER='1' AIRFLOW_CTX_DAG_RUN_ID='manual__2025-01-15T21:22:26.655573+00:00'
[2025-01-15T21:22:37.590+0000] {taskinstance.py:731} INFO - ::endgroup::
[2025-01-15T21:22:37.605+0000] {logging_mixin.py:190} INFO - Skipping already processed file: 2025-01-15 18:40.parquet
[2025-01-15T21:22:37.605+0000] {logging_mixin.py:190} INFO - Skipping already processed file: 2025-01-15 22:21.parquet
[2025-01-15T21:22:37.606+0000] {python.py:240} INFO - Done. Returned value was: None
[2025-01-15T21:22:37.614+0000] {taskinstance.py:340} INFO - ::group::Post task execution logs
[2025-01-15T21:22:37.615+0000] {taskinstance.py:352} INFO - Marking task as SUCCESS. dag_id=Temp_elt, task_id=transformm_weather_data, run_id=manual__2025-01-15T21:22:26.655573+00:00, execution_date=20250115T212226, start_date=20250115T212237, end_date=20250115T212237
[2025-01-15T21:22:37.667+0000] {local_task_job_runner.py:266} INFO - Task exited with return code 0
[2025-01-15T21:22:37.697+0000] {taskinstance.py:3895} INFO - 0 downstream tasks scheduled from follow-on schedule check
[2025-01-15T21:22:37.699+0000] {local_task_job_runner.py:245} INFO - ::endgroup::
