[2025-02-01T19:58:42.268+0000] {local_task_job_runner.py:123} INFO - ::group::Pre task execution logs
[2025-02-01T19:58:42.282+0000] {taskinstance.py:2613} INFO - Dependencies all met for dep_context=non-requeueable deps ti=<TaskInstance: Temp_elt_postgres.transform_weather_data scheduled__2025-01-27T00:00:00+00:00 [queued]>
[2025-02-01T19:58:42.290+0000] {taskinstance.py:2613} INFO - Dependencies all met for dep_context=requeueable deps ti=<TaskInstance: Temp_elt_postgres.transform_weather_data scheduled__2025-01-27T00:00:00+00:00 [queued]>
[2025-02-01T19:58:42.291+0000] {taskinstance.py:2866} INFO - Starting attempt 1 of 2
[2025-02-01T19:58:42.318+0000] {taskinstance.py:2889} INFO - Executing <Task(PythonOperator): transform_weather_data> on 2025-01-27 00:00:00+00:00
[2025-02-01T19:58:42.326+0000] {standard_task_runner.py:104} INFO - Running: ['airflow', 'tasks', 'run', 'Temp_elt_postgres', 'transform_weather_data', 'scheduled__2025-01-27T00:00:00+00:00', '--job-id', '90', '--raw', '--subdir', 'DAGS_FOLDER/weather_etl_postgres.py', '--cfg-path', '/tmp/tmp_bs8n9v8']
[2025-02-01T19:58:42.329+0000] {standard_task_runner.py:105} INFO - Job 90: Subtask transform_weather_data
[2025-02-01T19:58:42.331+0000] {logging_mixin.py:190} WARNING - /home/airflow/.local/lib/python3.12/site-packages/airflow/task/task_runner/standard_task_runner.py:70 DeprecationWarning: This process (pid=160) is multi-threaded, use of fork() may lead to deadlocks in the child.
[2025-02-01T19:58:42.333+0000] {standard_task_runner.py:72} INFO - Started process 170 to run task
[2025-02-01T19:58:42.390+0000] {task_command.py:467} INFO - Running <TaskInstance: Temp_elt_postgres.transform_weather_data scheduled__2025-01-27T00:00:00+00:00 [running]> on host ba586a51095f
[2025-02-01T19:58:42.517+0000] {taskinstance.py:3132} INFO - Exporting env vars: AIRFLOW_CTX_DAG_OWNER='airflow' AIRFLOW_CTX_DAG_ID='Temp_elt_postgres' AIRFLOW_CTX_TASK_ID='transform_weather_data' AIRFLOW_CTX_EXECUTION_DATE='2025-01-27T00:00:00+00:00' AIRFLOW_CTX_TRY_NUMBER='1' AIRFLOW_CTX_DAG_RUN_ID='scheduled__2025-01-27T00:00:00+00:00'
[2025-02-01T19:58:42.519+0000] {taskinstance.py:731} INFO - ::endgroup::
[2025-02-01T19:58:42.539+0000] {logging_mixin.py:190} INFO - Skipping already processed file: 2025-01-22 06:33.parquet
[2025-02-01T19:58:42.540+0000] {logging_mixin.py:190} INFO - Skipping already processed file: 2025-01-22 06:23.parquet
[2025-02-01T19:58:42.540+0000] {logging_mixin.py:190} INFO - Skipping already processed file: 2025-01-22 12:04.parquet
[2025-02-01T19:58:42.540+0000] {logging_mixin.py:190} INFO - Skipping already processed file: 2025-01-22 11:55.parquet
[2025-02-01T19:58:42.541+0000] {logging_mixin.py:190} INFO - Skipping already processed file: 2025-01-22 11:45.parquet
[2025-02-01T19:58:42.541+0000] {logging_mixin.py:190} INFO - Skipping already processed file: 2025-01-22 11:27.parquet
[2025-02-01T19:58:42.541+0000] {logging_mixin.py:190} INFO - Skipping already processed file: 2025-01-22 11:36.parquet
[2025-02-01T19:58:42.542+0000] {logging_mixin.py:190} INFO - Skipping already processed file: 2025-01-22 05:08.parquet
[2025-02-01T19:58:42.542+0000] {logging_mixin.py:190} INFO - Skipping already processed file: 2025-01-22 11:24.parquet
[2025-02-01T19:58:42.542+0000] {logging_mixin.py:190} INFO - Processing: 2025-01-22 11:56.parquet
[2025-02-01T19:58:42.598+0000] {logging_mixin.py:190} INFO - processed data saved partitioned by date.
[2025-02-01T19:58:42.613+0000] {logging_mixin.py:190} INFO -      location                     region  ... feelslike_f        date
0  Gwagwaldda  Federal Capital Territory  ...        87.9  2025-01-22

[1 rows x 11 columns]
[2025-02-01T19:58:42.615+0000] {python.py:240} INFO - Done. Returned value was: [{'location': 'Gwagwaldda', 'region': 'Federal Capital Territory', 'country': 'Nigeria', 'lat': 8.9414, 'lon': 7.0919, 'localtime': '2025-01-22 11:56', 'temperature_c': 33.2, 'temperature_f': 91.8, 'feelslike_c': 31.1, 'feelslike_f': 87.9, 'date': datetime.date(2025, 1, 22)}]
[2025-02-01T19:58:42.647+0000] {taskinstance.py:340} INFO - ::group::Post task execution logs
[2025-02-01T19:58:42.648+0000] {taskinstance.py:352} INFO - Marking task as SUCCESS. dag_id=Temp_elt_postgres, task_id=transform_weather_data, run_id=scheduled__2025-01-27T00:00:00+00:00, execution_date=20250127T000000, start_date=20250201T195842, end_date=20250201T195842
[2025-02-01T19:58:42.680+0000] {local_task_job_runner.py:266} INFO - Task exited with return code 0
[2025-02-01T19:58:42.724+0000] {taskinstance.py:3895} INFO - 1 downstream tasks scheduled from follow-on schedule check
[2025-02-01T19:58:42.732+0000] {local_task_job_runner.py:245} INFO - ::endgroup::
