[2025-01-07T10:29:32.187+0100] {processor.py:186} INFO - Started process (PID=84403) to work on /Users/azeez.ganiyu/airflow/dags/weather_etl_dag.py
[2025-01-07T10:29:32.192+0100] {processor.py:914} INFO - Processing file /Users/azeez.ganiyu/airflow/dags/weather_etl_dag.py for tasks to queue
[2025-01-07T10:29:32.193+0100] {logging_mixin.py:190} INFO - [2025-01-07T10:29:32.193+0100] {dagbag.py:588} INFO - Filling up the DagBag from /Users/azeez.ganiyu/airflow/dags/weather_etl_dag.py
[2025-01-07T10:29:32.241+0100] {logging_mixin.py:190} INFO - [2025-01-07T10:29:32.223+0100] {dagbag.py:387} ERROR - Failed to import: /Users/azeez.ganiyu/airflow/dags/weather_etl_dag.py
Traceback (most recent call last):
  File "/Users/azeez.ganiyu/airflow_venv/lib/python3.9/site-packages/airflow/models/dagbag.py", line 383, in parse
    loader.exec_module(new_module)
  File "<frozen importlib._bootstrap_external>", line 850, in exec_module
  File "<frozen importlib._bootstrap>", line 228, in _call_with_frames_removed
  File "/Users/azeez.ganiyu/airflow/dags/weather_etl_dag.py", line 8, in <module>
    from tasks.extract import extract_weather_data
ModuleNotFoundError: No module named 'tasks'
[2025-01-07T10:29:32.245+0100] {processor.py:927} WARNING - No viable dags retrieved from /Users/azeez.ganiyu/airflow/dags/weather_etl_dag.py
[2025-01-07T10:29:32.372+0100] {logging_mixin.py:190} INFO - [2025-01-07T10:29:32.371+0100] {workday.py:41} WARNING - Could not import pandas. Holidays will not be considered.
[2025-01-07T10:29:32.398+0100] {processor.py:208} INFO - Processing /Users/azeez.ganiyu/airflow/dags/weather_etl_dag.py took 0.219 seconds
[2025-01-07T20:37:37.316+0100] {processor.py:186} INFO - Started process (PID=65233) to work on /Users/azeez.ganiyu/airflow/dags/weather_etl_dag.py
[2025-01-07T20:37:37.321+0100] {processor.py:914} INFO - Processing file /Users/azeez.ganiyu/airflow/dags/weather_etl_dag.py for tasks to queue
[2025-01-07T20:37:37.322+0100] {logging_mixin.py:190} INFO - [2025-01-07T20:37:37.322+0100] {dagbag.py:588} INFO - Filling up the DagBag from /Users/azeez.ganiyu/airflow/dags/weather_etl_dag.py
[2025-01-07T20:37:37.372+0100] {logging_mixin.py:190} INFO - [2025-01-07T20:37:37.356+0100] {dagbag.py:387} ERROR - Failed to import: /Users/azeez.ganiyu/airflow/dags/weather_etl_dag.py
Traceback (most recent call last):
  File "/Users/azeez.ganiyu/airflow_venv/lib/python3.9/site-packages/airflow/models/dagbag.py", line 383, in parse
    loader.exec_module(new_module)
  File "<frozen importlib._bootstrap_external>", line 850, in exec_module
  File "<frozen importlib._bootstrap>", line 228, in _call_with_frames_removed
  File "/Users/azeez.ganiyu/airflow/dags/weather_etl_dag.py", line 11, in <module>
    from tasks.extract import extract_weather_data
ModuleNotFoundError: No module named 'tasks'
[2025-01-07T20:37:37.376+0100] {processor.py:927} WARNING - No viable dags retrieved from /Users/azeez.ganiyu/airflow/dags/weather_etl_dag.py
[2025-01-07T20:37:38.336+0100] {processor.py:208} INFO - Processing /Users/azeez.ganiyu/airflow/dags/weather_etl_dag.py took 1.027 seconds
[2025-01-07T20:41:25.565+0100] {processor.py:186} INFO - Started process (PID=66502) to work on /Users/azeez.ganiyu/airflow/dags/weather_etl_dag.py
[2025-01-07T20:41:25.570+0100] {processor.py:914} INFO - Processing file /Users/azeez.ganiyu/airflow/dags/weather_etl_dag.py for tasks to queue
[2025-01-07T20:41:25.571+0100] {logging_mixin.py:190} INFO - [2025-01-07T20:41:25.571+0100] {dagbag.py:588} INFO - Filling up the DagBag from /Users/azeez.ganiyu/airflow/dags/weather_etl_dag.py
[2025-01-07T20:41:27.229+0100] {logging_mixin.py:190} INFO - {'location': {'name': 'Gwagwaldda', 'region': 'Federal Capital Territory', 'country': 'Nigeria', 'lat': 8.9414, 'lon': 7.0919, 'tz_id': 'Africa/Lagos', 'localtime_epoch': 1736276215, 'localtime': '2025-01-07 19:56'}, 'current': {'last_updated_epoch': 1736275500, 'last_updated': '2025-01-07 19:45', 'temp_c': 29.2, 'temp_f': 84.6, 'is_day': 0, 'condition': {'text': 'Mist', 'icon': '//cdn.weatherapi.com/weather/64x64/night/143.png', 'code': 1030}, 'wind_mph': 3.1, 'wind_kph': 5.0, 'wind_degree': 188, 'wind_dir': 'S', 'pressure_mb': 1012.0, 'pressure_in': 29.88, 'precip_mm': 0.0, 'precip_in': 0.0, 'humidity': 37, 'cloud': 0, 'feelslike_c': 27.1, 'feelslike_f': 80.7, 'windchill_c': 30.3, 'windchill_f': 86.6, 'heatindex_c': 28.1, 'heatindex_f': 82.6, 'dewpoint_c': 0.4, 'dewpoint_f': 32.7, 'vis_km': 5.0, 'vis_miles': 3.0, 'uv': 1.0, 'gust_mph': 6.6, 'gust_kph': 10.6}}
[2025-01-07T20:41:27.257+0100] {logging_mixin.py:190} INFO - Raw data saved partitioned by date.
[2025-01-07T20:41:27.271+0100] {processor.py:925} INFO - DAG(s) 'Temp_elt' retrieved from /Users/azeez.ganiyu/airflow/dags/weather_etl_dag.py
[2025-01-07T20:41:27.572+0100] {logging_mixin.py:190} INFO - [2025-01-07T20:41:27.572+0100] {dag.py:3239} INFO - Sync 1 DAGs
[2025-01-07T20:41:27.594+0100] {logging_mixin.py:190} INFO - [2025-01-07T20:41:27.593+0100] {dag.py:4180} INFO - Setting next_dagrun for Temp_elt to 2025-01-03 00:00:00+00:00, run_after=2025-01-04 00:00:00+00:00
[2025-01-07T20:41:27.621+0100] {processor.py:208} INFO - Processing /Users/azeez.ganiyu/airflow/dags/weather_etl_dag.py took 2.064 seconds
[2025-01-07T21:03:01.631+0100] {processor.py:186} INFO - Started process (PID=73976) to work on /Users/azeez.ganiyu/airflow/dags/weather_etl_dag.py
[2025-01-07T21:03:01.636+0100] {processor.py:914} INFO - Processing file /Users/azeez.ganiyu/airflow/dags/weather_etl_dag.py for tasks to queue
[2025-01-07T21:03:01.638+0100] {logging_mixin.py:190} INFO - [2025-01-07T21:03:01.638+0100] {dagbag.py:588} INFO - Filling up the DagBag from /Users/azeez.ganiyu/airflow/dags/weather_etl_dag.py
[2025-01-07T21:03:03.617+0100] {logging_mixin.py:190} INFO - {'location': {'name': 'Gwagwaldda', 'region': 'Federal Capital Territory', 'country': 'Nigeria', 'lat': 8.9414, 'lon': 7.0919, 'tz_id': 'Africa/Lagos', 'localtime_epoch': 1736279324, 'localtime': '2025-01-07 20:48'}, 'current': {'last_updated_epoch': 1736279100, 'last_updated': '2025-01-07 20:45', 'temp_c': 28.2, 'temp_f': 82.8, 'is_day': 0, 'condition': {'text': 'Mist', 'icon': '//cdn.weatherapi.com/weather/64x64/night/143.png', 'code': 1030}, 'wind_mph': 2.2, 'wind_kph': 3.6, 'wind_degree': 102, 'wind_dir': 'ESE', 'pressure_mb': 1013.0, 'pressure_in': 29.91, 'precip_mm': 0.0, 'precip_in': 0.0, 'humidity': 37, 'cloud': 0, 'feelslike_c': 26.2, 'feelslike_f': 79.1, 'windchill_c': 29.3, 'windchill_f': 84.7, 'heatindex_c': 27.1, 'heatindex_f': 80.8, 'dewpoint_c': 0.4, 'dewpoint_f': 32.7, 'vis_km': 5.0, 'vis_miles': 3.0, 'uv': 1.0, 'gust_mph': 6.7, 'gust_kph': 10.8}}
[2025-01-07T21:03:03.637+0100] {logging_mixin.py:190} INFO - Raw data saved partitioned by date.
[2025-01-07T21:03:03.649+0100] {processor.py:925} INFO - DAG(s) 'Temp_elt' retrieved from /Users/azeez.ganiyu/airflow/dags/weather_etl_dag.py
[2025-01-07T21:03:03.770+0100] {logging_mixin.py:190} INFO - [2025-01-07T21:03:03.769+0100] {dag.py:3239} INFO - Sync 1 DAGs
[2025-01-07T21:03:03.799+0100] {logging_mixin.py:190} INFO - [2025-01-07T21:03:03.798+0100] {dag.py:4180} INFO - Setting next_dagrun for Temp_elt to 2025-01-03 00:00:00+00:00, run_after=2025-01-04 00:00:00+00:00
[2025-01-07T21:03:03.823+0100] {processor.py:208} INFO - Processing /Users/azeez.ganiyu/airflow/dags/weather_etl_dag.py took 2.199 seconds
[2025-01-07T21:03:59.786+0100] {processor.py:186} INFO - Started process (PID=74274) to work on /Users/azeez.ganiyu/airflow/dags/weather_etl_dag.py
[2025-01-07T21:03:59.792+0100] {processor.py:914} INFO - Processing file /Users/azeez.ganiyu/airflow/dags/weather_etl_dag.py for tasks to queue
[2025-01-07T21:03:59.793+0100] {logging_mixin.py:190} INFO - [2025-01-07T21:03:59.793+0100] {dagbag.py:588} INFO - Filling up the DagBag from /Users/azeez.ganiyu/airflow/dags/weather_etl_dag.py
[2025-01-07T21:04:01.464+0100] {logging_mixin.py:190} INFO - {'location': {'name': 'Gwagwaldda', 'region': 'Federal Capital Territory', 'country': 'Nigeria', 'lat': 8.9414, 'lon': 7.0919, 'tz_id': 'Africa/Lagos', 'localtime_epoch': 1736279361, 'localtime': '2025-01-07 20:49'}, 'current': {'last_updated_epoch': 1736279100, 'last_updated': '2025-01-07 20:45', 'temp_c': 28.2, 'temp_f': 82.8, 'is_day': 0, 'condition': {'text': 'Mist', 'icon': '//cdn.weatherapi.com/weather/64x64/night/143.png', 'code': 1030}, 'wind_mph': 2.2, 'wind_kph': 3.6, 'wind_degree': 102, 'wind_dir': 'ESE', 'pressure_mb': 1013.0, 'pressure_in': 29.91, 'precip_mm': 0.0, 'precip_in': 0.0, 'humidity': 37, 'cloud': 0, 'feelslike_c': 26.2, 'feelslike_f': 79.1, 'windchill_c': 29.3, 'windchill_f': 84.7, 'heatindex_c': 27.1, 'heatindex_f': 80.8, 'dewpoint_c': 0.4, 'dewpoint_f': 32.7, 'vis_km': 5.0, 'vis_miles': 3.0, 'uv': 1.0, 'gust_mph': 6.7, 'gust_kph': 10.8}}
[2025-01-07T21:04:01.498+0100] {logging_mixin.py:190} INFO - Raw data saved partitioned by date.
[2025-01-07T21:04:01.509+0100] {processor.py:925} INFO - DAG(s) 'Temp_elt' retrieved from /Users/azeez.ganiyu/airflow/dags/weather_etl_dag.py
[2025-01-07T21:04:01.590+0100] {logging_mixin.py:190} INFO - [2025-01-07T21:04:01.589+0100] {taskinstance.py:3313} ERROR - {'DAG Id': 'Temp_elt', 'Task Id': 'extract_weather_data', 'Run Id': 'manual__2025-01-03T20:50:33.055586+00:00', 'Hostname': 'Abdulazeez-MacBook-Pro.local'}
[2025-01-07T21:04:01.638+0100] {logging_mixin.py:190} INFO - Task instance in failure state
[2025-01-07T21:04:01.638+0100] {logging_mixin.py:190} INFO - Task start:2025-01-07 20:03:56.725285+00:00 end:2025-01-07 20:04:01.594255+00:00 duration:4.86897
[2025-01-07T21:04:01.639+0100] {logging_mixin.py:190} INFO - Task:<Task(PythonOperator): extract_weather_data> dag:<DAG: Temp_elt> dagrun:<DagRun Temp_elt @ 2025-01-03 20:50:33.055586+00:00: manual__2025-01-03T20:50:33.055586+00:00, state:running, queued_at: 2025-01-03 20:50:33.076904+00:00. externally triggered: True>
[2025-01-07T21:04:01.639+0100] {logging_mixin.py:190} INFO - Failure caused by {'DAG Id': 'Temp_elt', 'Task Id': 'extract_weather_data', 'Run Id': 'manual__2025-01-03T20:50:33.055586+00:00', 'Hostname': 'Abdulazeez-MacBook-Pro.local'}
[2025-01-07T21:04:01.639+0100] {logging_mixin.py:190} INFO - [2025-01-07T21:04:01.639+0100] {taskinstance.py:1225} INFO - Marking task as FAILED. dag_id=Temp_elt, task_id=extract_weather_data, run_id=manual__2025-01-03T20:50:33.055586+00:00, execution_date=20250103T205033, start_date=20250107T200356, end_date=20250107T200401
[2025-01-07T21:04:01.648+0100] {logging_mixin.py:190} INFO - [2025-01-07T21:04:01.648+0100] {processor.py:876} INFO - Executed callback for <TaskInstance: Temp_elt.extract_weather_data manual__2025-01-03T20:50:33.055586+00:00 [failed]> in state failed
[2025-01-07T21:04:01.667+0100] {logging_mixin.py:190} INFO - [2025-01-07T21:04:01.667+0100] {dag.py:3239} INFO - Sync 1 DAGs
[2025-01-07T21:04:01.742+0100] {logging_mixin.py:190} INFO - [2025-01-07T21:04:01.742+0100] {dag.py:4180} INFO - Setting next_dagrun for Temp_elt to 2025-01-04 00:00:00+00:00, run_after=2025-01-05 00:00:00+00:00
[2025-01-07T21:04:01.760+0100] {processor.py:208} INFO - Processing /Users/azeez.ganiyu/airflow/dags/weather_etl_dag.py took 1.981 seconds
[2025-01-07T21:04:04.892+0100] {processor.py:186} INFO - Started process (PID=74296) to work on /Users/azeez.ganiyu/airflow/dags/weather_etl_dag.py
[2025-01-07T21:04:04.898+0100] {processor.py:914} INFO - Processing file /Users/azeez.ganiyu/airflow/dags/weather_etl_dag.py for tasks to queue
[2025-01-07T21:04:04.899+0100] {logging_mixin.py:190} INFO - [2025-01-07T21:04:04.899+0100] {dagbag.py:588} INFO - Filling up the DagBag from /Users/azeez.ganiyu/airflow/dags/weather_etl_dag.py
[2025-01-07T21:04:06.514+0100] {logging_mixin.py:190} INFO - {'location': {'name': 'Gwagwaldda', 'region': 'Federal Capital Territory', 'country': 'Nigeria', 'lat': 8.9414, 'lon': 7.0919, 'tz_id': 'Africa/Lagos', 'localtime_epoch': 1736279361, 'localtime': '2025-01-07 20:49'}, 'current': {'last_updated_epoch': 1736279100, 'last_updated': '2025-01-07 20:45', 'temp_c': 28.2, 'temp_f': 82.8, 'is_day': 0, 'condition': {'text': 'Mist', 'icon': '//cdn.weatherapi.com/weather/64x64/night/143.png', 'code': 1030}, 'wind_mph': 2.2, 'wind_kph': 3.6, 'wind_degree': 102, 'wind_dir': 'ESE', 'pressure_mb': 1013.0, 'pressure_in': 29.91, 'precip_mm': 0.0, 'precip_in': 0.0, 'humidity': 37, 'cloud': 0, 'feelslike_c': 26.2, 'feelslike_f': 79.1, 'windchill_c': 29.3, 'windchill_f': 84.7, 'heatindex_c': 27.1, 'heatindex_f': 80.8, 'dewpoint_c': 0.4, 'dewpoint_f': 32.7, 'vis_km': 5.0, 'vis_miles': 3.0, 'uv': 1.0, 'gust_mph': 6.7, 'gust_kph': 10.8}}
[2025-01-07T21:04:06.550+0100] {logging_mixin.py:190} INFO - Raw data saved partitioned by date.
[2025-01-07T21:04:06.562+0100] {processor.py:925} INFO - DAG(s) 'Temp_elt' retrieved from /Users/azeez.ganiyu/airflow/dags/weather_etl_dag.py
[2025-01-07T21:04:06.648+0100] {logging_mixin.py:190} INFO - [2025-01-07T21:04:06.647+0100] {taskinstance.py:3313} ERROR - {'DAG Id': 'Temp_elt', 'Task Id': 'extract_weather_data', 'Run Id': 'scheduled__2025-01-03T00:00:00+00:00', 'Hostname': 'Abdulazeez-MacBook-Pro.local'}
[2025-01-07T21:04:06.702+0100] {logging_mixin.py:190} INFO - Task instance in failure state
[2025-01-07T21:04:06.703+0100] {logging_mixin.py:190} INFO - Task start:2025-01-07 20:03:45.752118+00:00 end:2025-01-07 20:04:06.697994+00:00 duration:20.945876
[2025-01-07T21:04:06.703+0100] {logging_mixin.py:190} INFO - Task:<Task(PythonOperator): extract_weather_data> dag:<DAG: Temp_elt> dagrun:<DagRun Temp_elt @ 2025-01-03 00:00:00+00:00: scheduled__2025-01-03T00:00:00+00:00, state:running, queued_at: 2025-01-07 20:03:35.919852+00:00. externally triggered: False>
[2025-01-07T21:04:06.703+0100] {logging_mixin.py:190} INFO - Failure caused by {'DAG Id': 'Temp_elt', 'Task Id': 'extract_weather_data', 'Run Id': 'scheduled__2025-01-03T00:00:00+00:00', 'Hostname': 'Abdulazeez-MacBook-Pro.local'}
[2025-01-07T21:04:06.703+0100] {logging_mixin.py:190} INFO - [2025-01-07T21:04:06.703+0100] {taskinstance.py:1225} INFO - Marking task as UP_FOR_RETRY. dag_id=Temp_elt, task_id=extract_weather_data, run_id=scheduled__2025-01-03T00:00:00+00:00, execution_date=20250103T000000, start_date=20250107T200345, end_date=20250107T200406
[2025-01-07T21:04:06.715+0100] {logging_mixin.py:190} INFO - [2025-01-07T21:04:06.715+0100] {processor.py:876} INFO - Executed callback for <TaskInstance: Temp_elt.extract_weather_data scheduled__2025-01-03T00:00:00+00:00 [up_for_retry]> in state up_for_retry
[2025-01-07T21:04:06.734+0100] {logging_mixin.py:190} INFO - [2025-01-07T21:04:06.733+0100] {dag.py:3239} INFO - Sync 1 DAGs
[2025-01-07T21:04:06.802+0100] {logging_mixin.py:190} INFO - [2025-01-07T21:04:06.802+0100] {dag.py:4180} INFO - Setting next_dagrun for Temp_elt to 2025-01-05 00:00:00+00:00, run_after=2025-01-06 00:00:00+00:00
[2025-01-07T21:04:06.821+0100] {processor.py:208} INFO - Processing /Users/azeez.ganiyu/airflow/dags/weather_etl_dag.py took 1.937 seconds
[2025-01-07T21:04:15.855+0100] {processor.py:186} INFO - Started process (PID=74353) to work on /Users/azeez.ganiyu/airflow/dags/weather_etl_dag.py
[2025-01-07T21:04:15.859+0100] {processor.py:914} INFO - Processing file /Users/azeez.ganiyu/airflow/dags/weather_etl_dag.py for tasks to queue
[2025-01-07T21:04:15.860+0100] {logging_mixin.py:190} INFO - [2025-01-07T21:04:15.860+0100] {dagbag.py:588} INFO - Filling up the DagBag from /Users/azeez.ganiyu/airflow/dags/weather_etl_dag.py
[2025-01-07T21:04:17.588+0100] {logging_mixin.py:190} INFO - {'location': {'name': 'Gwagwaldda', 'region': 'Federal Capital Territory', 'country': 'Nigeria', 'lat': 8.9414, 'lon': 7.0919, 'tz_id': 'Africa/Lagos', 'localtime_epoch': 1736279361, 'localtime': '2025-01-07 20:49'}, 'current': {'last_updated_epoch': 1736279100, 'last_updated': '2025-01-07 20:45', 'temp_c': 28.2, 'temp_f': 82.8, 'is_day': 0, 'condition': {'text': 'Mist', 'icon': '//cdn.weatherapi.com/weather/64x64/night/143.png', 'code': 1030}, 'wind_mph': 2.2, 'wind_kph': 3.6, 'wind_degree': 102, 'wind_dir': 'ESE', 'pressure_mb': 1013.0, 'pressure_in': 29.91, 'precip_mm': 0.0, 'precip_in': 0.0, 'humidity': 37, 'cloud': 0, 'feelslike_c': 26.2, 'feelslike_f': 79.1, 'windchill_c': 29.3, 'windchill_f': 84.7, 'heatindex_c': 27.1, 'heatindex_f': 80.8, 'dewpoint_c': 0.4, 'dewpoint_f': 32.7, 'vis_km': 5.0, 'vis_miles': 3.0, 'uv': 1.0, 'gust_mph': 6.7, 'gust_kph': 10.8}}
[2025-01-07T21:04:17.621+0100] {logging_mixin.py:190} INFO - Raw data saved partitioned by date.
[2025-01-07T21:04:17.633+0100] {processor.py:925} INFO - DAG(s) 'Temp_elt' retrieved from /Users/azeez.ganiyu/airflow/dags/weather_etl_dag.py
[2025-01-07T21:04:17.732+0100] {logging_mixin.py:190} INFO - [2025-01-07T21:04:17.732+0100] {taskinstance.py:3313} ERROR - {'DAG Id': 'Temp_elt', 'Task Id': 'extract_weather_data', 'Run Id': 'scheduled__2025-01-04T00:00:00+00:00', 'Hostname': 'Abdulazeez-MacBook-Pro.local'}
[2025-01-07T21:04:17.793+0100] {logging_mixin.py:190} INFO - Task instance in failure state
[2025-01-07T21:04:17.794+0100] {logging_mixin.py:190} INFO - Task start:2025-01-07 20:04:12.633301+00:00 end:2025-01-07 20:04:17.788205+00:00 duration:5.154904
[2025-01-07T21:04:17.794+0100] {logging_mixin.py:190} INFO - Task:<Task(PythonOperator): extract_weather_data> dag:<DAG: Temp_elt> dagrun:<DagRun Temp_elt @ 2025-01-04 00:00:00+00:00: scheduled__2025-01-04T00:00:00+00:00, state:running, queued_at: 2025-01-07 20:04:02.026844+00:00. externally triggered: False>
[2025-01-07T21:04:17.795+0100] {logging_mixin.py:190} INFO - Failure caused by {'DAG Id': 'Temp_elt', 'Task Id': 'extract_weather_data', 'Run Id': 'scheduled__2025-01-04T00:00:00+00:00', 'Hostname': 'Abdulazeez-MacBook-Pro.local'}
[2025-01-07T21:04:17.795+0100] {logging_mixin.py:190} INFO - [2025-01-07T21:04:17.795+0100] {taskinstance.py:1225} INFO - Marking task as UP_FOR_RETRY. dag_id=Temp_elt, task_id=extract_weather_data, run_id=scheduled__2025-01-04T00:00:00+00:00, execution_date=20250104T000000, start_date=20250107T200412, end_date=20250107T200417
[2025-01-07T21:04:17.807+0100] {logging_mixin.py:190} INFO - [2025-01-07T21:04:17.807+0100] {processor.py:876} INFO - Executed callback for <TaskInstance: Temp_elt.extract_weather_data scheduled__2025-01-04T00:00:00+00:00 [up_for_retry]> in state up_for_retry
[2025-01-07T21:04:17.827+0100] {logging_mixin.py:190} INFO - [2025-01-07T21:04:17.826+0100] {dag.py:3239} INFO - Sync 1 DAGs
[2025-01-07T21:04:17.896+0100] {logging_mixin.py:190} INFO - [2025-01-07T21:04:17.896+0100] {dag.py:4180} INFO - Setting next_dagrun for Temp_elt to 2025-01-05 00:00:00+00:00, run_after=2025-01-06 00:00:00+00:00
[2025-01-07T21:04:17.914+0100] {processor.py:208} INFO - Processing /Users/azeez.ganiyu/airflow/dags/weather_etl_dag.py took 2.068 seconds
[2025-01-07T21:04:42.722+0100] {processor.py:186} INFO - Started process (PID=74508) to work on /Users/azeez.ganiyu/airflow/dags/weather_etl_dag.py
[2025-01-07T21:04:42.727+0100] {processor.py:914} INFO - Processing file /Users/azeez.ganiyu/airflow/dags/weather_etl_dag.py for tasks to queue
[2025-01-07T21:04:42.728+0100] {logging_mixin.py:190} INFO - [2025-01-07T21:04:42.728+0100] {dagbag.py:588} INFO - Filling up the DagBag from /Users/azeez.ganiyu/airflow/dags/weather_etl_dag.py
[2025-01-07T21:04:44.371+0100] {logging_mixin.py:190} INFO - {'location': {'name': 'Gwagwaldda', 'region': 'Federal Capital Territory', 'country': 'Nigeria', 'lat': 8.9414, 'lon': 7.0919, 'tz_id': 'Africa/Lagos', 'localtime_epoch': 1736279361, 'localtime': '2025-01-07 20:49'}, 'current': {'last_updated_epoch': 1736279100, 'last_updated': '2025-01-07 20:45', 'temp_c': 28.2, 'temp_f': 82.8, 'is_day': 0, 'condition': {'text': 'Mist', 'icon': '//cdn.weatherapi.com/weather/64x64/night/143.png', 'code': 1030}, 'wind_mph': 2.2, 'wind_kph': 3.6, 'wind_degree': 102, 'wind_dir': 'ESE', 'pressure_mb': 1013.0, 'pressure_in': 29.91, 'precip_mm': 0.0, 'precip_in': 0.0, 'humidity': 37, 'cloud': 0, 'feelslike_c': 26.2, 'feelslike_f': 79.1, 'windchill_c': 29.3, 'windchill_f': 84.7, 'heatindex_c': 27.1, 'heatindex_f': 80.8, 'dewpoint_c': 0.4, 'dewpoint_f': 32.7, 'vis_km': 5.0, 'vis_miles': 3.0, 'uv': 1.0, 'gust_mph': 6.7, 'gust_kph': 10.8}}
[2025-01-07T21:04:44.391+0100] {logging_mixin.py:190} INFO - Raw data saved partitioned by date.
[2025-01-07T21:04:44.401+0100] {processor.py:925} INFO - DAG(s) 'Temp_elt' retrieved from /Users/azeez.ganiyu/airflow/dags/weather_etl_dag.py
[2025-01-07T21:04:44.489+0100] {logging_mixin.py:190} INFO - [2025-01-07T21:04:44.489+0100] {taskinstance.py:3313} ERROR - {'DAG Id': 'Temp_elt', 'Task Id': 'extract_weather_data', 'Run Id': 'manual__2025-01-07T20:04:05.836170+00:00', 'Hostname': 'Abdulazeez-MacBook-Pro.local'}
[2025-01-07T21:04:44.540+0100] {logging_mixin.py:190} INFO - Task instance in failure state
[2025-01-07T21:04:44.541+0100] {logging_mixin.py:190} INFO - Task start:2025-01-07 20:04:39.655981+00:00 end:2025-01-07 20:04:44.536073+00:00 duration:4.880092
[2025-01-07T21:04:44.541+0100] {logging_mixin.py:190} INFO - Task:<Task(PythonOperator): extract_weather_data> dag:<DAG: Temp_elt> dagrun:<DagRun Temp_elt @ 2025-01-07 20:04:05.836170+00:00: manual__2025-01-07T20:04:05.836170+00:00, state:running, queued_at: 2025-01-07 20:04:05.879571+00:00. externally triggered: True>
[2025-01-07T21:04:44.541+0100] {logging_mixin.py:190} INFO - Failure caused by {'DAG Id': 'Temp_elt', 'Task Id': 'extract_weather_data', 'Run Id': 'manual__2025-01-07T20:04:05.836170+00:00', 'Hostname': 'Abdulazeez-MacBook-Pro.local'}
[2025-01-07T21:04:44.541+0100] {logging_mixin.py:190} INFO - [2025-01-07T21:04:44.541+0100] {taskinstance.py:1225} INFO - Marking task as UP_FOR_RETRY. dag_id=Temp_elt, task_id=extract_weather_data, run_id=manual__2025-01-07T20:04:05.836170+00:00, execution_date=20250107T200405, start_date=20250107T200439, end_date=20250107T200444
[2025-01-07T21:04:44.553+0100] {logging_mixin.py:190} INFO - [2025-01-07T21:04:44.553+0100] {processor.py:876} INFO - Executed callback for <TaskInstance: Temp_elt.extract_weather_data manual__2025-01-07T20:04:05.836170+00:00 [up_for_retry]> in state up_for_retry
[2025-01-07T21:04:44.617+0100] {logging_mixin.py:190} INFO - [2025-01-07T21:04:44.616+0100] {dag.py:3239} INFO - Sync 1 DAGs
[2025-01-07T21:04:44.703+0100] {logging_mixin.py:190} INFO - [2025-01-07T21:04:44.703+0100] {dag.py:4180} INFO - Setting next_dagrun for Temp_elt to 2025-01-06 00:00:00+00:00, run_after=2025-01-07 00:00:00+00:00
[2025-01-07T21:04:44.723+0100] {processor.py:208} INFO - Processing /Users/azeez.ganiyu/airflow/dags/weather_etl_dag.py took 2.008 seconds
[2025-01-07T21:04:47.622+0100] {processor.py:186} INFO - Started process (PID=74530) to work on /Users/azeez.ganiyu/airflow/dags/weather_etl_dag.py
[2025-01-07T21:04:47.627+0100] {processor.py:914} INFO - Processing file /Users/azeez.ganiyu/airflow/dags/weather_etl_dag.py for tasks to queue
[2025-01-07T21:04:47.628+0100] {logging_mixin.py:190} INFO - [2025-01-07T21:04:47.628+0100] {dagbag.py:588} INFO - Filling up the DagBag from /Users/azeez.ganiyu/airflow/dags/weather_etl_dag.py
[2025-01-07T21:04:49.254+0100] {logging_mixin.py:190} INFO - {'location': {'name': 'Gwagwaldda', 'region': 'Federal Capital Territory', 'country': 'Nigeria', 'lat': 8.9414, 'lon': 7.0919, 'tz_id': 'Africa/Lagos', 'localtime_epoch': 1736279361, 'localtime': '2025-01-07 20:49'}, 'current': {'last_updated_epoch': 1736279100, 'last_updated': '2025-01-07 20:45', 'temp_c': 28.2, 'temp_f': 82.8, 'is_day': 0, 'condition': {'text': 'Mist', 'icon': '//cdn.weatherapi.com/weather/64x64/night/143.png', 'code': 1030}, 'wind_mph': 2.2, 'wind_kph': 3.6, 'wind_degree': 102, 'wind_dir': 'ESE', 'pressure_mb': 1013.0, 'pressure_in': 29.91, 'precip_mm': 0.0, 'precip_in': 0.0, 'humidity': 37, 'cloud': 0, 'feelslike_c': 26.2, 'feelslike_f': 79.1, 'windchill_c': 29.3, 'windchill_f': 84.7, 'heatindex_c': 27.1, 'heatindex_f': 80.8, 'dewpoint_c': 0.4, 'dewpoint_f': 32.7, 'vis_km': 5.0, 'vis_miles': 3.0, 'uv': 1.0, 'gust_mph': 6.7, 'gust_kph': 10.8}}
[2025-01-07T21:04:49.288+0100] {logging_mixin.py:190} INFO - Raw data saved partitioned by date.
[2025-01-07T21:04:49.300+0100] {processor.py:925} INFO - DAG(s) 'Temp_elt' retrieved from /Users/azeez.ganiyu/airflow/dags/weather_etl_dag.py
[2025-01-07T21:04:49.406+0100] {logging_mixin.py:190} INFO - [2025-01-07T21:04:49.406+0100] {taskinstance.py:3313} ERROR - {'DAG Id': 'Temp_elt', 'Task Id': 'extract_weather_data', 'Run Id': 'scheduled__2025-01-05T00:00:00+00:00', 'Hostname': 'Abdulazeez-MacBook-Pro.local'}
[2025-01-07T21:04:49.471+0100] {logging_mixin.py:190} INFO - Task instance in failure state
[2025-01-07T21:04:49.471+0100] {logging_mixin.py:190} INFO - Task start:2025-01-07 20:04:28.803021+00:00 end:2025-01-07 20:04:49.466617+00:00 duration:20.663596
[2025-01-07T21:04:49.472+0100] {logging_mixin.py:190} INFO - Task:<Task(PythonOperator): extract_weather_data> dag:<DAG: Temp_elt> dagrun:<DagRun Temp_elt @ 2025-01-05 00:00:00+00:00: scheduled__2025-01-05T00:00:00+00:00, state:running, queued_at: 2025-01-07 20:04:18.206302+00:00. externally triggered: False>
[2025-01-07T21:04:49.472+0100] {logging_mixin.py:190} INFO - Failure caused by {'DAG Id': 'Temp_elt', 'Task Id': 'extract_weather_data', 'Run Id': 'scheduled__2025-01-05T00:00:00+00:00', 'Hostname': 'Abdulazeez-MacBook-Pro.local'}
[2025-01-07T21:04:49.472+0100] {logging_mixin.py:190} INFO - [2025-01-07T21:04:49.472+0100] {taskinstance.py:1225} INFO - Marking task as UP_FOR_RETRY. dag_id=Temp_elt, task_id=extract_weather_data, run_id=scheduled__2025-01-05T00:00:00+00:00, execution_date=20250105T000000, start_date=20250107T200428, end_date=20250107T200449
[2025-01-07T21:04:49.483+0100] {logging_mixin.py:190} INFO - [2025-01-07T21:04:49.483+0100] {processor.py:876} INFO - Executed callback for <TaskInstance: Temp_elt.extract_weather_data scheduled__2025-01-05T00:00:00+00:00 [up_for_retry]> in state up_for_retry
[2025-01-07T21:04:49.505+0100] {logging_mixin.py:190} INFO - [2025-01-07T21:04:49.505+0100] {dag.py:3239} INFO - Sync 1 DAGs
[2025-01-07T21:04:49.576+0100] {logging_mixin.py:190} INFO - [2025-01-07T21:04:49.576+0100] {dag.py:4180} INFO - Setting next_dagrun for Temp_elt to 2025-01-07 00:00:00+00:00, run_after=2025-01-08 00:00:00+00:00
[2025-01-07T21:04:49.596+0100] {processor.py:208} INFO - Processing /Users/azeez.ganiyu/airflow/dags/weather_etl_dag.py took 1.980 seconds
[2025-01-07T21:04:58.659+0100] {processor.py:186} INFO - Started process (PID=74587) to work on /Users/azeez.ganiyu/airflow/dags/weather_etl_dag.py
[2025-01-07T21:04:58.663+0100] {processor.py:914} INFO - Processing file /Users/azeez.ganiyu/airflow/dags/weather_etl_dag.py for tasks to queue
[2025-01-07T21:04:58.664+0100] {logging_mixin.py:190} INFO - [2025-01-07T21:04:58.664+0100] {dagbag.py:588} INFO - Filling up the DagBag from /Users/azeez.ganiyu/airflow/dags/weather_etl_dag.py
[2025-01-07T21:05:00.241+0100] {logging_mixin.py:190} INFO - {'location': {'name': 'Gwagwaldda', 'region': 'Federal Capital Territory', 'country': 'Nigeria', 'lat': 8.9414, 'lon': 7.0919, 'tz_id': 'Africa/Lagos', 'localtime_epoch': 1736279361, 'localtime': '2025-01-07 20:49'}, 'current': {'last_updated_epoch': 1736279100, 'last_updated': '2025-01-07 20:45', 'temp_c': 28.2, 'temp_f': 82.8, 'is_day': 0, 'condition': {'text': 'Mist', 'icon': '//cdn.weatherapi.com/weather/64x64/night/143.png', 'code': 1030}, 'wind_mph': 2.2, 'wind_kph': 3.6, 'wind_degree': 102, 'wind_dir': 'ESE', 'pressure_mb': 1013.0, 'pressure_in': 29.91, 'precip_mm': 0.0, 'precip_in': 0.0, 'humidity': 37, 'cloud': 0, 'feelslike_c': 26.2, 'feelslike_f': 79.1, 'windchill_c': 29.3, 'windchill_f': 84.7, 'heatindex_c': 27.1, 'heatindex_f': 80.8, 'dewpoint_c': 0.4, 'dewpoint_f': 32.7, 'vis_km': 5.0, 'vis_miles': 3.0, 'uv': 1.0, 'gust_mph': 6.7, 'gust_kph': 10.8}}
[2025-01-07T21:05:00.271+0100] {logging_mixin.py:190} INFO - Raw data saved partitioned by date.
[2025-01-07T21:05:00.282+0100] {processor.py:925} INFO - DAG(s) 'Temp_elt' retrieved from /Users/azeez.ganiyu/airflow/dags/weather_etl_dag.py
[2025-01-07T21:05:00.366+0100] {logging_mixin.py:190} INFO - [2025-01-07T21:05:00.366+0100] {taskinstance.py:3313} ERROR - {'DAG Id': 'Temp_elt', 'Task Id': 'extract_weather_data', 'Run Id': 'scheduled__2025-01-06T00:00:00+00:00', 'Hostname': 'Abdulazeez-MacBook-Pro.local'}
[2025-01-07T21:05:00.424+0100] {logging_mixin.py:190} INFO - Task instance in failure state
[2025-01-07T21:05:00.424+0100] {logging_mixin.py:190} INFO - Task start:2025-01-07 20:04:55.498200+00:00 end:2025-01-07 20:05:00.419495+00:00 duration:4.921295
[2025-01-07T21:05:00.424+0100] {logging_mixin.py:190} INFO - Task:<Task(PythonOperator): extract_weather_data> dag:<DAG: Temp_elt> dagrun:<DagRun Temp_elt @ 2025-01-06 00:00:00+00:00: scheduled__2025-01-06T00:00:00+00:00, state:running, queued_at: 2025-01-07 20:04:44.989242+00:00. externally triggered: False>
[2025-01-07T21:05:00.425+0100] {logging_mixin.py:190} INFO - Failure caused by {'DAG Id': 'Temp_elt', 'Task Id': 'extract_weather_data', 'Run Id': 'scheduled__2025-01-06T00:00:00+00:00', 'Hostname': 'Abdulazeez-MacBook-Pro.local'}
[2025-01-07T21:05:00.425+0100] {logging_mixin.py:190} INFO - [2025-01-07T21:05:00.425+0100] {taskinstance.py:1225} INFO - Marking task as UP_FOR_RETRY. dag_id=Temp_elt, task_id=extract_weather_data, run_id=scheduled__2025-01-06T00:00:00+00:00, execution_date=20250106T000000, start_date=20250107T200455, end_date=20250107T200500
[2025-01-07T21:05:00.436+0100] {logging_mixin.py:190} INFO - [2025-01-07T21:05:00.436+0100] {processor.py:876} INFO - Executed callback for <TaskInstance: Temp_elt.extract_weather_data scheduled__2025-01-06T00:00:00+00:00 [up_for_retry]> in state up_for_retry
[2025-01-07T21:05:00.457+0100] {logging_mixin.py:190} INFO - [2025-01-07T21:05:00.457+0100] {dag.py:3239} INFO - Sync 1 DAGs
[2025-01-07T21:05:00.524+0100] {logging_mixin.py:190} INFO - [2025-01-07T21:05:00.524+0100] {dag.py:4180} INFO - Setting next_dagrun for Temp_elt to 2025-01-07 00:00:00+00:00, run_after=2025-01-08 00:00:00+00:00
[2025-01-07T21:05:00.541+0100] {processor.py:208} INFO - Processing /Users/azeez.ganiyu/airflow/dags/weather_etl_dag.py took 1.890 seconds
[2025-01-07T21:07:17.245+0100] {processor.py:186} INFO - Started process (PID=75348) to work on /Users/azeez.ganiyu/airflow/dags/weather_etl_dag.py
[2025-01-07T21:07:17.252+0100] {processor.py:914} INFO - Processing file /Users/azeez.ganiyu/airflow/dags/weather_etl_dag.py for tasks to queue
[2025-01-07T21:07:17.254+0100] {logging_mixin.py:190} INFO - [2025-01-07T21:07:17.253+0100] {dagbag.py:588} INFO - Filling up the DagBag from /Users/azeez.ganiyu/airflow/dags/weather_etl_dag.py
[2025-01-07T21:07:20.319+0100] {logging_mixin.py:190} INFO - {'location': {'name': 'Gwagwaldda', 'region': 'Federal Capital Territory', 'country': 'Nigeria', 'lat': 8.9414, 'lon': 7.0919, 'tz_id': 'Africa/Lagos', 'localtime_epoch': 1736282051, 'localtime': '2025-01-07 21:34'}, 'current': {'last_updated_epoch': 1736281800, 'last_updated': '2025-01-07 21:30', 'temp_c': 28.2, 'temp_f': 82.8, 'is_day': 0, 'condition': {'text': 'Mist', 'icon': '//cdn.weatherapi.com/weather/64x64/night/143.png', 'code': 1030}, 'wind_mph': 4.3, 'wind_kph': 6.8, 'wind_degree': 25, 'wind_dir': 'NNE', 'pressure_mb': 1013.0, 'pressure_in': 29.91, 'precip_mm': 0.0, 'precip_in': 0.0, 'humidity': 37, 'cloud': 0, 'feelslike_c': 26.2, 'feelslike_f': 79.1, 'windchill_c': 28.5, 'windchill_f': 83.3, 'heatindex_c': 26.4, 'heatindex_f': 79.6, 'dewpoint_c': 0.4, 'dewpoint_f': 32.8, 'vis_km': 5.0, 'vis_miles': 3.0, 'uv': 1.0, 'gust_mph': 8.9, 'gust_kph': 14.4}}
[2025-01-07T21:07:20.346+0100] {logging_mixin.py:190} INFO - Raw data saved partitioned by date.
[2025-01-07T21:07:20.356+0100] {processor.py:925} INFO - DAG(s) 'Temp_elt' retrieved from /Users/azeez.ganiyu/airflow/dags/weather_etl_dag.py
[2025-01-07T21:07:20.445+0100] {logging_mixin.py:190} INFO - [2025-01-07T21:07:20.445+0100] {dag.py:3239} INFO - Sync 1 DAGs
[2025-01-07T21:07:20.463+0100] {logging_mixin.py:190} INFO - [2025-01-07T21:07:20.463+0100] {dag.py:4180} INFO - Setting next_dagrun for Temp_elt to 2025-01-07 00:00:00+00:00, run_after=2025-01-08 00:00:00+00:00
[2025-01-07T21:07:20.481+0100] {processor.py:208} INFO - Processing /Users/azeez.ganiyu/airflow/dags/weather_etl_dag.py took 3.244 seconds
