[2025-02-01T19:58:29.689+0000] {local_task_job_runner.py:123} INFO - ::group::Pre task execution logs
[2025-02-01T19:58:29.704+0000] {taskinstance.py:2613} INFO - Dependencies all met for dep_context=non-requeueable deps ti=<TaskInstance: dag_with_postgres_operator_v03.delete_data_from_table scheduled__2025-01-26T00:00:00+00:00 [queued]>
[2025-02-01T19:58:29.712+0000] {taskinstance.py:2613} INFO - Dependencies all met for dep_context=requeueable deps ti=<TaskInstance: dag_with_postgres_operator_v03.delete_data_from_table scheduled__2025-01-26T00:00:00+00:00 [queued]>
[2025-02-01T19:58:29.713+0000] {taskinstance.py:2866} INFO - Starting attempt 1 of 6
[2025-02-01T19:58:29.739+0000] {taskinstance.py:2889} INFO - Executing <Task(PostgresOperator): delete_data_from_table> on 2025-01-26 00:00:00+00:00
[2025-02-01T19:58:29.743+0000] {standard_task_runner.py:72} INFO - Started process 144 to run task
[2025-02-01T19:58:29.746+0000] {standard_task_runner.py:104} INFO - Running: ['airflow', 'tasks', 'run', 'dag_with_postgres_operator_v03', 'delete_data_from_table', 'scheduled__2025-01-26T00:00:00+00:00', '--job-id', '88', '--raw', '--subdir', 'DAGS_FOLDER/dag_with_postgres_operator.py', '--cfg-path', '/tmp/tmpp028z_81']
[2025-02-01T19:58:29.749+0000] {standard_task_runner.py:105} INFO - Job 88: Subtask delete_data_from_table
[2025-02-01T19:58:29.818+0000] {task_command.py:467} INFO - Running <TaskInstance: dag_with_postgres_operator_v03.delete_data_from_table scheduled__2025-01-26T00:00:00+00:00 [running]> on host ba586a51095f
[2025-02-01T19:58:29.935+0000] {taskinstance.py:3132} INFO - Exporting env vars: AIRFLOW_CTX_DAG_OWNER='coder2j' AIRFLOW_CTX_DAG_ID='dag_with_postgres_operator_v03' AIRFLOW_CTX_TASK_ID='delete_data_from_table' AIRFLOW_CTX_EXECUTION_DATE='2025-01-26T00:00:00+00:00' AIRFLOW_CTX_TRY_NUMBER='1' AIRFLOW_CTX_DAG_RUN_ID='scheduled__2025-01-26T00:00:00+00:00'
[2025-02-01T19:58:29.936+0000] {taskinstance.py:731} INFO - ::endgroup::
[2025-02-01T19:58:29.955+0000] {sql.py:278} INFO - Executing: 
            delete from dag_runs where dt = '2025-01-26' and dag_id = 'dag_with_postgres_operator_v03';
        
[2025-02-01T19:58:29.966+0000] {base.py:84} INFO - Retrieving connection 'postgres_localhost'
[2025-02-01T19:58:30.044+0000] {base.py:84} INFO - Retrieving connection 'postgres_localhost'
[2025-02-01T19:58:30.059+0000] {sql.py:553} INFO - Running statement: 
            delete from dag_runs where dt = '2025-01-26' and dag_id = 'dag_with_postgres_operator_v03';
        , parameters: None
[2025-02-01T19:58:30.079+0000] {sql.py:562} INFO - Rows affected: 1
[2025-02-01T19:58:30.090+0000] {taskinstance.py:340} INFO - ::group::Post task execution logs
[2025-02-01T19:58:30.091+0000] {taskinstance.py:352} INFO - Marking task as SUCCESS. dag_id=dag_with_postgres_operator_v03, task_id=delete_data_from_table, run_id=scheduled__2025-01-26T00:00:00+00:00, execution_date=20250126T000000, start_date=20250201T195829, end_date=20250201T195830
[2025-02-01T19:58:30.132+0000] {local_task_job_runner.py:266} INFO - Task exited with return code 0
[2025-02-01T19:58:30.162+0000] {taskinstance.py:3895} INFO - 1 downstream tasks scheduled from follow-on schedule check
[2025-02-01T19:58:30.168+0000] {local_task_job_runner.py:245} INFO - ::endgroup::
