[2025-01-06T01:50:19.081+0100] {processor.py:186} INFO - Started process (PID=4093) to work on /Users/azeez.ganiyu/airflow_venv/lib/python3.9/site-packages/airflow/example_dags/subdags/subdag.py
[2025-01-06T01:50:19.086+0100] {processor.py:914} INFO - Processing file /Users/azeez.ganiyu/airflow_venv/lib/python3.9/site-packages/airflow/example_dags/subdags/subdag.py for tasks to queue
[2025-01-06T01:50:19.087+0100] {logging_mixin.py:190} INFO - [2025-01-06T01:50:19.087+0100] {dagbag.py:588} INFO - Filling up the DagBag from /Users/azeez.ganiyu/airflow_venv/lib/python3.9/site-packages/airflow/example_dags/subdags/subdag.py
[2025-01-06T01:50:19.091+0100] {processor.py:927} WARNING - No viable dags retrieved from /Users/azeez.ganiyu/airflow_venv/lib/python3.9/site-packages/airflow/example_dags/subdags/subdag.py
[2025-01-06T01:50:19.216+0100] {processor.py:208} INFO - Processing /Users/azeez.ganiyu/airflow_venv/lib/python3.9/site-packages/airflow/example_dags/subdags/subdag.py took 0.143 seconds
[2025-01-06T15:49:20.270+0100] {processor.py:186} INFO - Started process (PID=5625) to work on /Users/azeez.ganiyu/airflow_venv/lib/python3.9/site-packages/airflow/example_dags/subdags/subdag.py
[2025-01-06T15:49:20.276+0100] {processor.py:914} INFO - Processing file /Users/azeez.ganiyu/airflow_venv/lib/python3.9/site-packages/airflow/example_dags/subdags/subdag.py for tasks to queue
[2025-01-06T15:49:20.277+0100] {logging_mixin.py:190} INFO - [2025-01-06T15:49:20.277+0100] {dagbag.py:588} INFO - Filling up the DagBag from /Users/azeez.ganiyu/airflow_venv/lib/python3.9/site-packages/airflow/example_dags/subdags/subdag.py
[2025-01-06T15:49:20.282+0100] {processor.py:927} WARNING - No viable dags retrieved from /Users/azeez.ganiyu/airflow_venv/lib/python3.9/site-packages/airflow/example_dags/subdags/subdag.py
[2025-01-06T15:49:20.421+0100] {processor.py:208} INFO - Processing /Users/azeez.ganiyu/airflow_venv/lib/python3.9/site-packages/airflow/example_dags/subdags/subdag.py took 0.161 seconds
[2025-01-06T16:15:22.898+0100] {processor.py:186} INFO - Started process (PID=16501) to work on /Users/azeez.ganiyu/airflow_venv/lib/python3.9/site-packages/airflow/example_dags/subdags/subdag.py
[2025-01-06T16:15:22.903+0100] {processor.py:914} INFO - Processing file /Users/azeez.ganiyu/airflow_venv/lib/python3.9/site-packages/airflow/example_dags/subdags/subdag.py for tasks to queue
[2025-01-06T16:15:22.904+0100] {logging_mixin.py:190} INFO - [2025-01-06T16:15:22.904+0100] {dagbag.py:588} INFO - Filling up the DagBag from /Users/azeez.ganiyu/airflow_venv/lib/python3.9/site-packages/airflow/example_dags/subdags/subdag.py
[2025-01-06T16:15:22.909+0100] {processor.py:927} WARNING - No viable dags retrieved from /Users/azeez.ganiyu/airflow_venv/lib/python3.9/site-packages/airflow/example_dags/subdags/subdag.py
[2025-01-06T16:15:23.036+0100] {processor.py:208} INFO - Processing /Users/azeez.ganiyu/airflow_venv/lib/python3.9/site-packages/airflow/example_dags/subdags/subdag.py took 0.147 seconds
[2025-01-06T16:20:44.864+0100] {processor.py:186} INFO - Started process (PID=18979) to work on /Users/azeez.ganiyu/airflow_venv/lib/python3.9/site-packages/airflow/example_dags/subdags/subdag.py
[2025-01-06T16:20:44.869+0100] {processor.py:914} INFO - Processing file /Users/azeez.ganiyu/airflow_venv/lib/python3.9/site-packages/airflow/example_dags/subdags/subdag.py for tasks to queue
[2025-01-06T16:20:44.870+0100] {logging_mixin.py:190} INFO - [2025-01-06T16:20:44.870+0100] {dagbag.py:588} INFO - Filling up the DagBag from /Users/azeez.ganiyu/airflow_venv/lib/python3.9/site-packages/airflow/example_dags/subdags/subdag.py
[2025-01-06T16:20:44.875+0100] {processor.py:927} WARNING - No viable dags retrieved from /Users/azeez.ganiyu/airflow_venv/lib/python3.9/site-packages/airflow/example_dags/subdags/subdag.py
[2025-01-06T16:20:45.014+0100] {processor.py:208} INFO - Processing /Users/azeez.ganiyu/airflow_venv/lib/python3.9/site-packages/airflow/example_dags/subdags/subdag.py took 0.157 seconds
[2025-01-06T16:24:55.044+0100] {processor.py:186} INFO - Started process (PID=20351) to work on /Users/azeez.ganiyu/airflow_venv/lib/python3.9/site-packages/airflow/example_dags/subdags/subdag.py
[2025-01-06T16:24:55.051+0100] {processor.py:914} INFO - Processing file /Users/azeez.ganiyu/airflow_venv/lib/python3.9/site-packages/airflow/example_dags/subdags/subdag.py for tasks to queue
[2025-01-06T16:24:55.052+0100] {logging_mixin.py:190} INFO - [2025-01-06T16:24:55.052+0100] {dagbag.py:588} INFO - Filling up the DagBag from /Users/azeez.ganiyu/airflow_venv/lib/python3.9/site-packages/airflow/example_dags/subdags/subdag.py
[2025-01-06T16:24:55.060+0100] {processor.py:927} WARNING - No viable dags retrieved from /Users/azeez.ganiyu/airflow_venv/lib/python3.9/site-packages/airflow/example_dags/subdags/subdag.py
[2025-01-06T16:24:55.231+0100] {processor.py:208} INFO - Processing /Users/azeez.ganiyu/airflow_venv/lib/python3.9/site-packages/airflow/example_dags/subdags/subdag.py took 0.195 seconds
