[2025-02-03T00:03:38.060+0000] {processor.py:186} INFO - Started process (PID=192) to work on /opt/airflow/dags/sample.py
[2025-02-03T00:03:38.062+0000] {processor.py:914} INFO - Processing file /opt/airflow/dags/sample.py for tasks to queue
[2025-02-03T00:03:38.066+0000] {logging_mixin.py:190} INFO - [2025-02-03T00:03:38.065+0000] {dagbag.py:588} INFO - Filling up the DagBag from /opt/airflow/dags/sample.py
[2025-02-03T00:03:38.085+0000] {processor.py:925} INFO - DAG(s) 'hello_world_dag' retrieved from /opt/airflow/dags/sample.py
[2025-02-03T00:03:38.118+0000] {logging_mixin.py:190} INFO - [2025-02-03T00:03:38.118+0000] {dag.py:3239} INFO - Sync 1 DAGs
[2025-02-03T00:03:38.138+0000] {logging_mixin.py:190} INFO - [2025-02-03T00:03:38.138+0000] {dag.py:4180} INFO - Setting next_dagrun for hello_world_dag to None, run_after=None
[2025-02-03T00:03:38.220+0000] {processor.py:208} INFO - Processing /opt/airflow/dags/sample.py took 0.169 seconds
[2025-02-03T00:11:09.529+0000] {processor.py:186} INFO - Started process (PID=197) to work on /opt/airflow/dags/sample.py
[2025-02-03T00:11:09.530+0000] {processor.py:914} INFO - Processing file /opt/airflow/dags/sample.py for tasks to queue
[2025-02-03T00:11:09.535+0000] {logging_mixin.py:190} INFO - [2025-02-03T00:11:09.534+0000] {dagbag.py:588} INFO - Filling up the DagBag from /opt/airflow/dags/sample.py
[2025-02-03T00:11:09.555+0000] {processor.py:925} INFO - DAG(s) 'hello_world_dag' retrieved from /opt/airflow/dags/sample.py
[2025-02-03T00:11:09.590+0000] {logging_mixin.py:190} INFO - [2025-02-03T00:11:09.590+0000] {dag.py:3239} INFO - Sync 1 DAGs
[2025-02-03T00:11:09.608+0000] {logging_mixin.py:190} INFO - [2025-02-03T00:11:09.607+0000] {dag.py:4180} INFO - Setting next_dagrun for hello_world_dag to None, run_after=None
[2025-02-03T00:11:09.672+0000] {processor.py:208} INFO - Processing /opt/airflow/dags/sample.py took 0.150 seconds
[2025-02-03T00:13:37.388+0000] {processor.py:186} INFO - Started process (PID=204) to work on /opt/airflow/dags/sample.py
[2025-02-03T00:13:37.390+0000] {processor.py:914} INFO - Processing file /opt/airflow/dags/sample.py for tasks to queue
[2025-02-03T00:13:37.395+0000] {logging_mixin.py:190} INFO - [2025-02-03T00:13:37.395+0000] {dagbag.py:588} INFO - Filling up the DagBag from /opt/airflow/dags/sample.py
[2025-02-03T00:13:37.417+0000] {processor.py:925} INFO - DAG(s) 'hello_world_dag' retrieved from /opt/airflow/dags/sample.py
[2025-02-03T00:13:37.465+0000] {logging_mixin.py:190} INFO - [2025-02-03T00:13:37.465+0000] {dag.py:3239} INFO - Sync 1 DAGs
[2025-02-03T00:13:37.497+0000] {logging_mixin.py:190} INFO - [2025-02-03T00:13:37.497+0000] {dag.py:4180} INFO - Setting next_dagrun for hello_world_dag to None, run_after=None
[2025-02-03T00:13:37.557+0000] {processor.py:208} INFO - Processing /opt/airflow/dags/sample.py took 0.179 seconds
[2025-02-03T00:16:16.592+0000] {processor.py:186} INFO - Started process (PID=212) to work on /opt/airflow/dags/sample.py
[2025-02-03T00:16:16.593+0000] {processor.py:914} INFO - Processing file /opt/airflow/dags/sample.py for tasks to queue
[2025-02-03T00:16:16.596+0000] {logging_mixin.py:190} INFO - [2025-02-03T00:16:16.596+0000] {dagbag.py:588} INFO - Filling up the DagBag from /opt/airflow/dags/sample.py
[2025-02-03T00:16:16.611+0000] {processor.py:925} INFO - DAG(s) 'hello_world_dag' retrieved from /opt/airflow/dags/sample.py
[2025-02-03T00:16:16.643+0000] {logging_mixin.py:190} INFO - [2025-02-03T00:16:16.643+0000] {dag.py:3239} INFO - Sync 1 DAGs
[2025-02-03T00:16:16.657+0000] {logging_mixin.py:190} INFO - [2025-02-03T00:16:16.656+0000] {dag.py:4180} INFO - Setting next_dagrun for hello_world_dag to None, run_after=None
[2025-02-03T00:16:16.702+0000] {processor.py:208} INFO - Processing /opt/airflow/dags/sample.py took 0.117 seconds
[2025-02-03T00:16:47.544+0000] {processor.py:186} INFO - Started process (PID=213) to work on /opt/airflow/dags/sample.py
[2025-02-03T00:16:47.546+0000] {processor.py:914} INFO - Processing file /opt/airflow/dags/sample.py for tasks to queue
[2025-02-03T00:16:47.548+0000] {logging_mixin.py:190} INFO - [2025-02-03T00:16:47.548+0000] {dagbag.py:588} INFO - Filling up the DagBag from /opt/airflow/dags/sample.py
[2025-02-03T00:16:47.564+0000] {processor.py:925} INFO - DAG(s) 'hello_world_dag' retrieved from /opt/airflow/dags/sample.py
[2025-02-03T00:16:47.596+0000] {logging_mixin.py:190} INFO - [2025-02-03T00:16:47.596+0000] {dag.py:3239} INFO - Sync 1 DAGs
[2025-02-03T00:16:47.610+0000] {logging_mixin.py:190} INFO - [2025-02-03T00:16:47.610+0000] {dag.py:4180} INFO - Setting next_dagrun for hello_world_dag to None, run_after=None
[2025-02-03T00:16:47.684+0000] {processor.py:208} INFO - Processing /opt/airflow/dags/sample.py took 0.148 seconds
[2025-02-03T00:17:22.663+0000] {processor.py:186} INFO - Started process (PID=214) to work on /opt/airflow/dags/sample.py
[2025-02-03T00:17:22.711+0000] {processor.py:914} INFO - Processing file /opt/airflow/dags/sample.py for tasks to queue
[2025-02-03T00:17:22.867+0000] {logging_mixin.py:190} INFO - [2025-02-03T00:17:22.840+0000] {dagbag.py:588} INFO - Filling up the DagBag from /opt/airflow/dags/sample.py
[2025-02-03T00:17:23.467+0000] {processor.py:925} INFO - DAG(s) 'hello_world_dag' retrieved from /opt/airflow/dags/sample.py
[2025-02-03T00:22:38.180+0000] {logging_mixin.py:190} INFO - [2025-02-03T00:22:38.179+0000] {dag.py:3239} INFO - Sync 1 DAGs
[2025-02-03T00:22:38.400+0000] {logging_mixin.py:190} INFO - [2025-02-03T00:22:38.398+0000] {dag.py:4180} INFO - Setting next_dagrun for hello_world_dag to None, run_after=None
[2025-02-03T00:22:38.688+0000] {processor.py:208} INFO - Processing /opt/airflow/dags/sample.py took 316.276 seconds
[2025-02-03T00:28:36.527+0000] {processor.py:186} INFO - Started process (PID=224) to work on /opt/airflow/dags/sample.py
[2025-02-03T00:28:36.528+0000] {processor.py:914} INFO - Processing file /opt/airflow/dags/sample.py for tasks to queue
[2025-02-03T00:28:36.533+0000] {logging_mixin.py:190} INFO - [2025-02-03T00:28:36.532+0000] {dagbag.py:588} INFO - Filling up the DagBag from /opt/airflow/dags/sample.py
[2025-02-03T00:28:36.561+0000] {processor.py:925} INFO - DAG(s) 'hello_world_dag' retrieved from /opt/airflow/dags/sample.py
[2025-02-03T00:28:36.606+0000] {logging_mixin.py:190} INFO - [2025-02-03T00:28:36.605+0000] {dag.py:3239} INFO - Sync 1 DAGs
[2025-02-03T00:28:36.631+0000] {logging_mixin.py:190} INFO - [2025-02-03T00:28:36.631+0000] {dag.py:4180} INFO - Setting next_dagrun for hello_world_dag to None, run_after=None
[2025-02-03T00:28:36.686+0000] {processor.py:208} INFO - Processing /opt/airflow/dags/sample.py took 0.169 seconds
[2025-02-03T00:29:11.903+0000] {processor.py:186} INFO - Started process (PID=225) to work on /opt/airflow/dags/sample.py
[2025-02-03T00:29:11.962+0000] {processor.py:914} INFO - Processing file /opt/airflow/dags/sample.py for tasks to queue
[2025-02-03T00:29:12.247+0000] {logging_mixin.py:190} INFO - [2025-02-03T00:29:12.200+0000] {dagbag.py:588} INFO - Filling up the DagBag from /opt/airflow/dags/sample.py
[2025-02-03T00:29:13.136+0000] {processor.py:925} INFO - DAG(s) 'hello_world_dag' retrieved from /opt/airflow/dags/sample.py
[2025-02-03T00:29:15.087+0000] {logging_mixin.py:190} INFO - [2025-02-03T00:29:15.075+0000] {dag.py:3239} INFO - Sync 1 DAGs
[2025-02-03T00:29:16.170+0000] {logging_mixin.py:190} INFO - [2025-02-03T00:29:16.160+0000] {dag.py:4180} INFO - Setting next_dagrun for hello_world_dag to None, run_after=None
[2025-02-03T00:29:18.023+0000] {processor.py:208} INFO - Processing /opt/airflow/dags/sample.py took 6.572 seconds
[2025-02-03T01:14:38.294+0000] {processor.py:186} INFO - Started process (PID=232) to work on /opt/airflow/dags/sample.py
[2025-02-03T01:14:38.296+0000] {processor.py:914} INFO - Processing file /opt/airflow/dags/sample.py for tasks to queue
[2025-02-03T01:14:38.301+0000] {logging_mixin.py:190} INFO - [2025-02-03T01:14:38.300+0000] {dagbag.py:588} INFO - Filling up the DagBag from /opt/airflow/dags/sample.py
[2025-02-03T01:14:38.323+0000] {processor.py:925} INFO - DAG(s) 'hello_world_dag' retrieved from /opt/airflow/dags/sample.py
[2025-02-03T01:14:38.368+0000] {logging_mixin.py:190} INFO - [2025-02-03T01:14:38.367+0000] {dag.py:3239} INFO - Sync 1 DAGs
[2025-02-03T01:14:38.391+0000] {logging_mixin.py:190} INFO - [2025-02-03T01:14:38.391+0000] {dag.py:4180} INFO - Setting next_dagrun for hello_world_dag to None, run_after=None
[2025-02-03T01:14:38.451+0000] {processor.py:208} INFO - Processing /opt/airflow/dags/sample.py took 0.166 seconds
[2025-02-03T01:15:10.865+0000] {processor.py:186} INFO - Started process (PID=233) to work on /opt/airflow/dags/sample.py
[2025-02-03T01:15:11.026+0000] {processor.py:914} INFO - Processing file /opt/airflow/dags/sample.py for tasks to queue
[2025-02-03T01:15:11.260+0000] {logging_mixin.py:190} INFO - [2025-02-03T01:15:11.245+0000] {dagbag.py:588} INFO - Filling up the DagBag from /opt/airflow/dags/sample.py
[2025-02-03T01:15:12.247+0000] {processor.py:925} INFO - DAG(s) 'hello_world_dag' retrieved from /opt/airflow/dags/sample.py
[2025-02-03T01:15:14.781+0000] {logging_mixin.py:190} INFO - [2025-02-03T01:15:14.766+0000] {dag.py:3239} INFO - Sync 1 DAGs
[2025-02-03T01:15:16.244+0000] {logging_mixin.py:190} INFO - [2025-02-03T01:15:16.232+0000] {dag.py:4180} INFO - Setting next_dagrun for hello_world_dag to None, run_after=None
[2025-02-03T01:41:35.664+0000] {processor.py:208} INFO - Processing /opt/airflow/dags/sample.py took 1585.300 seconds
[2025-02-03T01:42:11.683+0000] {processor.py:186} INFO - Started process (PID=238) to work on /opt/airflow/dags/sample.py
[2025-02-03T01:42:11.726+0000] {processor.py:914} INFO - Processing file /opt/airflow/dags/sample.py for tasks to queue
[2025-02-03T01:42:11.818+0000] {logging_mixin.py:190} INFO - [2025-02-03T01:42:11.788+0000] {dagbag.py:588} INFO - Filling up the DagBag from /opt/airflow/dags/sample.py
[2025-02-03T01:42:13.181+0000] {processor.py:925} INFO - DAG(s) 'hello_world_dag' retrieved from /opt/airflow/dags/sample.py
[2025-02-03T02:02:46.134+0000] {logging_mixin.py:190} INFO - [2025-02-03T02:02:46.133+0000] {dag.py:3239} INFO - Sync 1 DAGs
[2025-02-03T02:02:46.212+0000] {logging_mixin.py:190} INFO - [2025-02-03T02:02:46.211+0000] {dag.py:4180} INFO - Setting next_dagrun for hello_world_dag to None, run_after=None
[2025-02-03T02:02:46.419+0000] {processor.py:208} INFO - Processing /opt/airflow/dags/sample.py took 1235.253 seconds
[2025-02-03T02:03:18.351+0000] {processor.py:186} INFO - Started process (PID=244) to work on /opt/airflow/dags/sample.py
[2025-02-03T02:03:18.411+0000] {processor.py:914} INFO - Processing file /opt/airflow/dags/sample.py for tasks to queue
[2025-02-03T02:03:18.551+0000] {logging_mixin.py:190} INFO - [2025-02-03T02:03:18.522+0000] {dagbag.py:588} INFO - Filling up the DagBag from /opt/airflow/dags/sample.py
[2025-02-03T02:03:19.193+0000] {processor.py:925} INFO - DAG(s) 'hello_world_dag' retrieved from /opt/airflow/dags/sample.py
[2025-02-03T02:03:21.139+0000] {logging_mixin.py:190} INFO - [2025-02-03T02:03:21.127+0000] {dag.py:3239} INFO - Sync 1 DAGs
[2025-02-03T02:03:22.092+0000] {logging_mixin.py:190} INFO - [2025-02-03T02:03:22.082+0000] {dag.py:4180} INFO - Setting next_dagrun for hello_world_dag to None, run_after=None
[2025-02-03T02:03:24.070+0000] {processor.py:208} INFO - Processing /opt/airflow/dags/sample.py took 6.221 seconds
[2025-02-03T02:15:37.945+0000] {processor.py:186} INFO - Started process (PID=247) to work on /opt/airflow/dags/sample.py
[2025-02-03T02:15:37.947+0000] {processor.py:914} INFO - Processing file /opt/airflow/dags/sample.py for tasks to queue
[2025-02-03T02:15:37.951+0000] {logging_mixin.py:190} INFO - [2025-02-03T02:15:37.949+0000] {dagbag.py:588} INFO - Filling up the DagBag from /opt/airflow/dags/sample.py
[2025-02-03T02:15:37.980+0000] {processor.py:925} INFO - DAG(s) 'hello_world_dag' retrieved from /opt/airflow/dags/sample.py
[2025-02-03T02:15:38.065+0000] {logging_mixin.py:190} INFO - [2025-02-03T02:15:38.064+0000] {dag.py:3239} INFO - Sync 1 DAGs
[2025-02-03T02:15:38.090+0000] {logging_mixin.py:190} INFO - [2025-02-03T02:15:38.089+0000] {dag.py:4180} INFO - Setting next_dagrun for hello_world_dag to None, run_after=None
[2025-02-03T02:15:38.150+0000] {processor.py:208} INFO - Processing /opt/airflow/dags/sample.py took 0.223 seconds
[2025-02-03T02:16:11.810+0000] {processor.py:186} INFO - Started process (PID=249) to work on /opt/airflow/dags/sample.py
[2025-02-03T02:16:11.863+0000] {processor.py:914} INFO - Processing file /opt/airflow/dags/sample.py for tasks to queue
[2025-02-03T02:16:11.956+0000] {logging_mixin.py:190} INFO - [2025-02-03T02:16:11.936+0000] {dagbag.py:588} INFO - Filling up the DagBag from /opt/airflow/dags/sample.py
[2025-02-03T02:16:12.668+0000] {processor.py:925} INFO - DAG(s) 'hello_world_dag' retrieved from /opt/airflow/dags/sample.py
[2025-02-03T02:16:14.434+0000] {logging_mixin.py:190} INFO - [2025-02-03T02:16:14.423+0000] {dag.py:3239} INFO - Sync 1 DAGs
[2025-02-03T02:16:15.860+0000] {logging_mixin.py:190} INFO - [2025-02-03T02:16:15.851+0000] {dag.py:4180} INFO - Setting next_dagrun for hello_world_dag to None, run_after=None
[2025-02-03T02:16:17.695+0000] {processor.py:208} INFO - Processing /opt/airflow/dags/sample.py took 6.487 seconds
[2025-02-03T03:16:39.211+0000] {processor.py:186} INFO - Started process (PID=253) to work on /opt/airflow/dags/sample.py
[2025-02-03T03:16:39.213+0000] {processor.py:914} INFO - Processing file /opt/airflow/dags/sample.py for tasks to queue
[2025-02-03T03:16:39.216+0000] {logging_mixin.py:190} INFO - [2025-02-03T03:16:39.215+0000] {dagbag.py:588} INFO - Filling up the DagBag from /opt/airflow/dags/sample.py
[2025-02-03T03:16:39.239+0000] {processor.py:925} INFO - DAG(s) 'hello_world_dag' retrieved from /opt/airflow/dags/sample.py
[2025-02-03T03:16:39.291+0000] {logging_mixin.py:190} INFO - [2025-02-03T03:16:39.291+0000] {dag.py:3239} INFO - Sync 1 DAGs
[2025-02-03T03:16:39.314+0000] {logging_mixin.py:190} INFO - [2025-02-03T03:16:39.314+0000] {dag.py:4180} INFO - Setting next_dagrun for hello_world_dag to None, run_after=None
[2025-02-03T03:16:39.375+0000] {processor.py:208} INFO - Processing /opt/airflow/dags/sample.py took 0.176 seconds
[2025-02-03T03:18:35.065+0000] {processor.py:186} INFO - Started process (PID=257) to work on /opt/airflow/dags/sample.py
[2025-02-03T03:18:35.067+0000] {processor.py:914} INFO - Processing file /opt/airflow/dags/sample.py for tasks to queue
[2025-02-03T03:18:35.068+0000] {logging_mixin.py:190} INFO - [2025-02-03T03:18:35.067+0000] {dagbag.py:588} INFO - Filling up the DagBag from /opt/airflow/dags/sample.py
[2025-02-03T03:18:35.083+0000] {processor.py:925} INFO - DAG(s) 'hello_world_dag' retrieved from /opt/airflow/dags/sample.py
[2025-02-03T03:18:35.125+0000] {logging_mixin.py:190} INFO - [2025-02-03T03:18:35.124+0000] {dag.py:3239} INFO - Sync 1 DAGs
[2025-02-03T03:18:35.144+0000] {logging_mixin.py:190} INFO - [2025-02-03T03:18:35.144+0000] {dag.py:4180} INFO - Setting next_dagrun for hello_world_dag to None, run_after=None
[2025-02-03T03:18:35.186+0000] {processor.py:208} INFO - Processing /opt/airflow/dags/sample.py took 0.126 seconds
[2025-02-03T03:19:14.031+0000] {processor.py:186} INFO - Started process (PID=258) to work on /opt/airflow/dags/sample.py
[2025-02-03T03:19:14.062+0000] {processor.py:914} INFO - Processing file /opt/airflow/dags/sample.py for tasks to queue
[2025-02-03T03:19:14.132+0000] {logging_mixin.py:190} INFO - [2025-02-03T03:19:14.115+0000] {dagbag.py:588} INFO - Filling up the DagBag from /opt/airflow/dags/sample.py
[2025-02-03T03:19:14.845+0000] {processor.py:925} INFO - DAG(s) 'hello_world_dag' retrieved from /opt/airflow/dags/sample.py
[2025-02-03T03:19:18.501+0000] {logging_mixin.py:190} INFO - [2025-02-03T03:19:18.445+0000] {dag.py:3239} INFO - Sync 1 DAGs
[2025-02-03T03:19:19.817+0000] {logging_mixin.py:190} INFO - [2025-02-03T03:19:19.806+0000] {dag.py:4180} INFO - Setting next_dagrun for hello_world_dag to None, run_after=None
[2025-02-03T03:19:22.974+0000] {processor.py:208} INFO - Processing /opt/airflow/dags/sample.py took 9.517 seconds
[2025-02-03T03:19:53.760+0000] {processor.py:186} INFO - Started process (PID=259) to work on /opt/airflow/dags/sample.py
[2025-02-03T03:19:53.763+0000] {processor.py:914} INFO - Processing file /opt/airflow/dags/sample.py for tasks to queue
[2025-02-03T03:19:53.767+0000] {logging_mixin.py:190} INFO - [2025-02-03T03:19:53.766+0000] {dagbag.py:588} INFO - Filling up the DagBag from /opt/airflow/dags/sample.py
[2025-02-03T03:19:53.804+0000] {processor.py:925} INFO - DAG(s) 'hello_world_dag' retrieved from /opt/airflow/dags/sample.py
[2025-02-03T03:19:53.932+0000] {logging_mixin.py:190} INFO - [2025-02-03T03:19:53.931+0000] {dag.py:3239} INFO - Sync 1 DAGs
[2025-02-03T03:19:54.049+0000] {logging_mixin.py:190} INFO - [2025-02-03T03:19:54.048+0000] {dag.py:4180} INFO - Setting next_dagrun for hello_world_dag to None, run_after=None
[2025-02-03T03:19:54.160+0000] {processor.py:208} INFO - Processing /opt/airflow/dags/sample.py took 0.419 seconds
[2025-02-03T03:20:25.984+0000] {processor.py:186} INFO - Started process (PID=260) to work on /opt/airflow/dags/sample.py
[2025-02-03T03:20:26.103+0000] {processor.py:914} INFO - Processing file /opt/airflow/dags/sample.py for tasks to queue
[2025-02-03T03:20:26.190+0000] {logging_mixin.py:190} INFO - [2025-02-03T03:20:26.165+0000] {dagbag.py:588} INFO - Filling up the DagBag from /opt/airflow/dags/sample.py
[2025-02-03T03:20:27.331+0000] {processor.py:925} INFO - DAG(s) 'hello_world_dag' retrieved from /opt/airflow/dags/sample.py
[2025-02-03T03:20:28.994+0000] {logging_mixin.py:190} INFO - [2025-02-03T03:20:28.984+0000] {dag.py:3239} INFO - Sync 1 DAGs
[2025-02-03T03:20:30.347+0000] {logging_mixin.py:190} INFO - [2025-02-03T03:20:30.191+0000] {dag.py:4180} INFO - Setting next_dagrun for hello_world_dag to None, run_after=None
[2025-02-03T03:20:32.640+0000] {processor.py:208} INFO - Processing /opt/airflow/dags/sample.py took 7.311 seconds
[2025-02-03T03:21:04.723+0000] {processor.py:186} INFO - Started process (PID=261) to work on /opt/airflow/dags/sample.py
[2025-02-03T03:21:04.786+0000] {processor.py:914} INFO - Processing file /opt/airflow/dags/sample.py for tasks to queue
[2025-02-03T03:21:04.858+0000] {logging_mixin.py:190} INFO - [2025-02-03T03:21:04.835+0000] {dagbag.py:588} INFO - Filling up the DagBag from /opt/airflow/dags/sample.py
[2025-02-03T03:21:05.501+0000] {processor.py:925} INFO - DAG(s) 'hello_world_dag' retrieved from /opt/airflow/dags/sample.py
[2025-02-03T03:21:06.986+0000] {logging_mixin.py:190} INFO - [2025-02-03T03:21:06.979+0000] {dag.py:3239} INFO - Sync 1 DAGs
[2025-02-03T03:21:08.187+0000] {logging_mixin.py:190} INFO - [2025-02-03T03:21:08.177+0000] {dag.py:4180} INFO - Setting next_dagrun for hello_world_dag to None, run_after=None
[2025-02-03T03:21:09.924+0000] {processor.py:208} INFO - Processing /opt/airflow/dags/sample.py took 5.902 seconds
[2025-02-03T03:26:09.047+0000] {processor.py:186} INFO - Started process (PID=266) to work on /opt/airflow/dags/sample.py
[2025-02-03T03:26:09.048+0000] {processor.py:914} INFO - Processing file /opt/airflow/dags/sample.py for tasks to queue
[2025-02-03T03:26:09.050+0000] {logging_mixin.py:190} INFO - [2025-02-03T03:26:09.049+0000] {dagbag.py:588} INFO - Filling up the DagBag from /opt/airflow/dags/sample.py
[2025-02-03T03:26:09.069+0000] {processor.py:925} INFO - DAG(s) 'hello_world_dag' retrieved from /opt/airflow/dags/sample.py
[2025-02-03T03:26:09.108+0000] {logging_mixin.py:190} INFO - [2025-02-03T03:26:09.108+0000] {dag.py:3239} INFO - Sync 1 DAGs
[2025-02-03T03:26:09.129+0000] {logging_mixin.py:190} INFO - [2025-02-03T03:26:09.128+0000] {dag.py:4180} INFO - Setting next_dagrun for hello_world_dag to None, run_after=None
[2025-02-03T03:26:09.180+0000] {processor.py:208} INFO - Processing /opt/airflow/dags/sample.py took 0.141 seconds
[2025-02-03T03:26:45.003+0000] {processor.py:186} INFO - Started process (PID=267) to work on /opt/airflow/dags/sample.py
[2025-02-03T03:26:45.351+0000] {processor.py:914} INFO - Processing file /opt/airflow/dags/sample.py for tasks to queue
[2025-02-03T03:26:45.855+0000] {logging_mixin.py:190} INFO - [2025-02-03T03:26:45.723+0000] {dagbag.py:588} INFO - Filling up the DagBag from /opt/airflow/dags/sample.py
[2025-02-03T03:26:47.407+0000] {processor.py:925} INFO - DAG(s) 'hello_world_dag' retrieved from /opt/airflow/dags/sample.py
[2025-02-03T03:26:49.185+0000] {logging_mixin.py:190} INFO - [2025-02-03T03:26:49.175+0000] {dag.py:3239} INFO - Sync 1 DAGs
[2025-02-03T03:26:50.297+0000] {logging_mixin.py:190} INFO - [2025-02-03T03:26:50.257+0000] {dag.py:4180} INFO - Setting next_dagrun for hello_world_dag to None, run_after=None
[2025-02-03T03:26:53.208+0000] {processor.py:208} INFO - Processing /opt/airflow/dags/sample.py took 9.623 seconds
[2025-02-03T03:27:47.629+0000] {processor.py:186} INFO - Started process (PID=269) to work on /opt/airflow/dags/sample.py
[2025-02-03T03:27:47.630+0000] {processor.py:914} INFO - Processing file /opt/airflow/dags/sample.py for tasks to queue
[2025-02-03T03:27:47.633+0000] {logging_mixin.py:190} INFO - [2025-02-03T03:27:47.632+0000] {dagbag.py:588} INFO - Filling up the DagBag from /opt/airflow/dags/sample.py
[2025-02-03T03:27:47.654+0000] {processor.py:925} INFO - DAG(s) 'hello_world_dag' retrieved from /opt/airflow/dags/sample.py
[2025-02-03T03:27:47.700+0000] {logging_mixin.py:190} INFO - [2025-02-03T03:27:47.699+0000] {dag.py:3239} INFO - Sync 1 DAGs
[2025-02-03T03:27:47.734+0000] {logging_mixin.py:190} INFO - [2025-02-03T03:27:47.733+0000] {dag.py:4180} INFO - Setting next_dagrun for hello_world_dag to None, run_after=None
[2025-02-03T03:27:47.804+0000] {processor.py:208} INFO - Processing /opt/airflow/dags/sample.py took 0.186 seconds
[2025-02-03T03:28:29.397+0000] {processor.py:186} INFO - Started process (PID=270) to work on /opt/airflow/dags/sample.py
[2025-02-03T03:28:29.445+0000] {processor.py:914} INFO - Processing file /opt/airflow/dags/sample.py for tasks to queue
[2025-02-03T03:28:29.546+0000] {logging_mixin.py:190} INFO - [2025-02-03T03:28:29.512+0000] {dagbag.py:588} INFO - Filling up the DagBag from /opt/airflow/dags/sample.py
[2025-02-03T03:28:30.271+0000] {processor.py:925} INFO - DAG(s) 'hello_world_dag' retrieved from /opt/airflow/dags/sample.py
[2025-02-03T03:28:32.548+0000] {logging_mixin.py:190} INFO - [2025-02-03T03:28:32.530+0000] {dag.py:3239} INFO - Sync 1 DAGs
[2025-02-03T03:28:33.797+0000] {logging_mixin.py:190} INFO - [2025-02-03T03:28:33.784+0000] {dag.py:4180} INFO - Setting next_dagrun for hello_world_dag to None, run_after=None
[2025-02-03T03:28:35.578+0000] {processor.py:208} INFO - Processing /opt/airflow/dags/sample.py took 6.943 seconds
[2025-02-03T03:32:44.407+0000] {processor.py:186} INFO - Started process (PID=274) to work on /opt/airflow/dags/sample.py
[2025-02-03T03:32:44.410+0000] {processor.py:914} INFO - Processing file /opt/airflow/dags/sample.py for tasks to queue
[2025-02-03T03:32:44.412+0000] {logging_mixin.py:190} INFO - [2025-02-03T03:32:44.412+0000] {dagbag.py:588} INFO - Filling up the DagBag from /opt/airflow/dags/sample.py
[2025-02-03T03:32:44.436+0000] {processor.py:925} INFO - DAG(s) 'hello_world_dag' retrieved from /opt/airflow/dags/sample.py
[2025-02-03T03:32:44.484+0000] {logging_mixin.py:190} INFO - [2025-02-03T03:32:44.484+0000] {dag.py:3239} INFO - Sync 1 DAGs
[2025-02-03T03:32:44.513+0000] {logging_mixin.py:190} INFO - [2025-02-03T03:32:44.512+0000] {dag.py:4180} INFO - Setting next_dagrun for hello_world_dag to None, run_after=None
[2025-02-03T03:32:44.571+0000] {processor.py:208} INFO - Processing /opt/airflow/dags/sample.py took 0.175 seconds
[2025-02-03T03:33:19.109+0000] {processor.py:186} INFO - Started process (PID=275) to work on /opt/airflow/dags/sample.py
[2025-02-03T03:33:19.154+0000] {processor.py:914} INFO - Processing file /opt/airflow/dags/sample.py for tasks to queue
[2025-02-03T03:33:19.233+0000] {logging_mixin.py:190} INFO - [2025-02-03T03:33:19.208+0000] {dagbag.py:588} INFO - Filling up the DagBag from /opt/airflow/dags/sample.py
[2025-02-03T03:33:19.892+0000] {processor.py:925} INFO - DAG(s) 'hello_world_dag' retrieved from /opt/airflow/dags/sample.py
[2025-02-03T03:33:21.500+0000] {logging_mixin.py:190} INFO - [2025-02-03T03:33:21.491+0000] {dag.py:3239} INFO - Sync 1 DAGs
[2025-02-03T03:33:22.830+0000] {logging_mixin.py:190} INFO - [2025-02-03T03:33:22.819+0000] {dag.py:4180} INFO - Setting next_dagrun for hello_world_dag to None, run_after=None
[2025-02-03T03:33:24.781+0000] {processor.py:208} INFO - Processing /opt/airflow/dags/sample.py took 6.337 seconds
[2025-02-03T04:17:41.590+0000] {processor.py:186} INFO - Started process (PID=282) to work on /opt/airflow/dags/sample.py
[2025-02-03T04:17:41.592+0000] {processor.py:914} INFO - Processing file /opt/airflow/dags/sample.py for tasks to queue
[2025-02-03T04:17:41.595+0000] {logging_mixin.py:190} INFO - [2025-02-03T04:17:41.595+0000] {dagbag.py:588} INFO - Filling up the DagBag from /opt/airflow/dags/sample.py
[2025-02-03T04:17:41.613+0000] {processor.py:925} INFO - DAG(s) 'hello_world_dag' retrieved from /opt/airflow/dags/sample.py
[2025-02-03T04:17:41.657+0000] {logging_mixin.py:190} INFO - [2025-02-03T04:17:41.657+0000] {dag.py:3239} INFO - Sync 1 DAGs
[2025-02-03T04:17:41.686+0000] {logging_mixin.py:190} INFO - [2025-02-03T04:17:41.685+0000] {dag.py:4180} INFO - Setting next_dagrun for hello_world_dag to None, run_after=None
[2025-02-03T04:17:41.744+0000] {processor.py:208} INFO - Processing /opt/airflow/dags/sample.py took 0.162 seconds
[2025-02-03T04:50:43.923+0000] {processor.py:186} INFO - Started process (PID=285) to work on /opt/airflow/dags/sample.py
[2025-02-03T04:50:43.924+0000] {processor.py:914} INFO - Processing file /opt/airflow/dags/sample.py for tasks to queue
[2025-02-03T04:50:43.928+0000] {logging_mixin.py:190} INFO - [2025-02-03T04:50:43.927+0000] {dagbag.py:588} INFO - Filling up the DagBag from /opt/airflow/dags/sample.py
[2025-02-03T04:50:43.949+0000] {processor.py:925} INFO - DAG(s) 'hello_world_dag' retrieved from /opt/airflow/dags/sample.py
[2025-02-03T04:50:43.987+0000] {logging_mixin.py:190} INFO - [2025-02-03T04:50:43.986+0000] {dag.py:3239} INFO - Sync 1 DAGs
[2025-02-03T04:50:44.007+0000] {logging_mixin.py:190} INFO - [2025-02-03T04:50:44.006+0000] {dag.py:4180} INFO - Setting next_dagrun for hello_world_dag to None, run_after=None
[2025-02-03T04:50:44.060+0000] {processor.py:208} INFO - Processing /opt/airflow/dags/sample.py took 0.144 seconds
[2025-02-03T04:51:19.346+0000] {processor.py:186} INFO - Started process (PID=286) to work on /opt/airflow/dags/sample.py
[2025-02-03T04:51:19.376+0000] {processor.py:914} INFO - Processing file /opt/airflow/dags/sample.py for tasks to queue
[2025-02-03T04:51:19.656+0000] {logging_mixin.py:190} INFO - [2025-02-03T04:51:19.636+0000] {dagbag.py:588} INFO - Filling up the DagBag from /opt/airflow/dags/sample.py
[2025-02-03T04:51:20.267+0000] {processor.py:925} INFO - DAG(s) 'hello_world_dag' retrieved from /opt/airflow/dags/sample.py
[2025-02-03T04:51:21.916+0000] {logging_mixin.py:190} INFO - [2025-02-03T04:51:21.904+0000] {dag.py:3239} INFO - Sync 1 DAGs
[2025-02-03T04:51:23.130+0000] {logging_mixin.py:190} INFO - [2025-02-03T04:51:23.114+0000] {dag.py:4180} INFO - Setting next_dagrun for hello_world_dag to None, run_after=None
[2025-02-03T04:51:25.075+0000] {processor.py:208} INFO - Processing /opt/airflow/dags/sample.py took 6.131 seconds
[2025-02-03T04:57:08.733+0000] {processor.py:186} INFO - Started process (PID=294) to work on /opt/airflow/dags/sample.py
[2025-02-03T04:57:08.735+0000] {processor.py:914} INFO - Processing file /opt/airflow/dags/sample.py for tasks to queue
[2025-02-03T04:57:08.739+0000] {logging_mixin.py:190} INFO - [2025-02-03T04:57:08.739+0000] {dagbag.py:588} INFO - Filling up the DagBag from /opt/airflow/dags/sample.py
[2025-02-03T04:57:08.763+0000] {processor.py:925} INFO - DAG(s) 'hello_world_dag' retrieved from /opt/airflow/dags/sample.py
[2025-02-03T04:57:08.797+0000] {logging_mixin.py:190} INFO - [2025-02-03T04:57:08.797+0000] {dag.py:3239} INFO - Sync 1 DAGs
[2025-02-03T04:57:08.812+0000] {logging_mixin.py:190} INFO - [2025-02-03T04:57:08.812+0000] {dag.py:4180} INFO - Setting next_dagrun for hello_world_dag to None, run_after=None
[2025-02-03T04:57:08.849+0000] {processor.py:208} INFO - Processing /opt/airflow/dags/sample.py took 0.126 seconds
[2025-02-03T04:57:43.999+0000] {processor.py:186} INFO - Started process (PID=295) to work on /opt/airflow/dags/sample.py
[2025-02-03T04:57:44.052+0000] {processor.py:914} INFO - Processing file /opt/airflow/dags/sample.py for tasks to queue
[2025-02-03T04:57:44.178+0000] {logging_mixin.py:190} INFO - [2025-02-03T04:57:44.165+0000] {dagbag.py:588} INFO - Filling up the DagBag from /opt/airflow/dags/sample.py
[2025-02-03T04:57:44.905+0000] {processor.py:925} INFO - DAG(s) 'hello_world_dag' retrieved from /opt/airflow/dags/sample.py
[2025-02-03T04:57:46.274+0000] {logging_mixin.py:190} INFO - [2025-02-03T04:57:46.261+0000] {dag.py:3239} INFO - Sync 1 DAGs
[2025-02-03T04:57:47.480+0000] {logging_mixin.py:190} INFO - [2025-02-03T04:57:47.469+0000] {dag.py:4180} INFO - Setting next_dagrun for hello_world_dag to None, run_after=None
[2025-02-03T05:18:40.867+0000] {processor.py:208} INFO - Processing /opt/airflow/dags/sample.py took 1257.255 seconds
[2025-02-03T06:05:22.407+0000] {processor.py:186} INFO - Started process (PID=306) to work on /opt/airflow/dags/sample.py
[2025-02-03T06:05:22.409+0000] {processor.py:914} INFO - Processing file /opt/airflow/dags/sample.py for tasks to queue
[2025-02-03T06:05:22.415+0000] {logging_mixin.py:190} INFO - [2025-02-03T06:05:22.414+0000] {dagbag.py:588} INFO - Filling up the DagBag from /opt/airflow/dags/sample.py
[2025-02-03T06:05:22.438+0000] {processor.py:925} INFO - DAG(s) 'hello_world_dag' retrieved from /opt/airflow/dags/sample.py
[2025-02-03T06:05:22.707+0000] {logging_mixin.py:190} INFO - [2025-02-03T06:05:22.707+0000] {dag.py:3239} INFO - Sync 1 DAGs
[2025-02-03T06:05:22.732+0000] {logging_mixin.py:190} INFO - [2025-02-03T06:05:22.732+0000] {dag.py:4180} INFO - Setting next_dagrun for hello_world_dag to None, run_after=None
[2025-02-03T06:05:22.797+0000] {processor.py:208} INFO - Processing /opt/airflow/dags/sample.py took 0.400 seconds
[2025-02-03T06:05:55.039+0000] {processor.py:186} INFO - Started process (PID=307) to work on /opt/airflow/dags/sample.py
[2025-02-03T06:05:55.441+0000] {processor.py:914} INFO - Processing file /opt/airflow/dags/sample.py for tasks to queue
[2025-02-03T06:05:55.631+0000] {logging_mixin.py:190} INFO - [2025-02-03T06:05:55.607+0000] {dagbag.py:588} INFO - Filling up the DagBag from /opt/airflow/dags/sample.py
[2025-02-03T06:05:56.472+0000] {processor.py:925} INFO - DAG(s) 'hello_world_dag' retrieved from /opt/airflow/dags/sample.py
[2025-02-03T06:05:57.942+0000] {logging_mixin.py:190} INFO - [2025-02-03T06:05:57.937+0000] {dag.py:3239} INFO - Sync 1 DAGs
[2025-02-03T06:05:58.880+0000] {logging_mixin.py:190} INFO - [2025-02-03T06:05:58.866+0000] {dag.py:4180} INFO - Setting next_dagrun for hello_world_dag to None, run_after=None
[2025-02-03T06:18:11.082+0000] {processor.py:208} INFO - Processing /opt/airflow/dags/sample.py took 736.610 seconds
[2025-02-03T06:19:42.590+0000] {processor.py:186} INFO - Started process (PID=317) to work on /opt/airflow/dags/sample.py
[2025-02-03T06:19:42.592+0000] {processor.py:914} INFO - Processing file /opt/airflow/dags/sample.py for tasks to queue
[2025-02-03T06:19:42.593+0000] {logging_mixin.py:190} INFO - [2025-02-03T06:19:42.593+0000] {dagbag.py:588} INFO - Filling up the DagBag from /opt/airflow/dags/sample.py
[2025-02-03T06:19:42.611+0000] {processor.py:925} INFO - DAG(s) 'hello_world_dag' retrieved from /opt/airflow/dags/sample.py
[2025-02-03T06:19:42.761+0000] {logging_mixin.py:190} INFO - [2025-02-03T06:19:42.761+0000] {dag.py:3239} INFO - Sync 1 DAGs
[2025-02-03T06:19:42.773+0000] {logging_mixin.py:190} INFO - [2025-02-03T06:19:42.773+0000] {dag.py:4180} INFO - Setting next_dagrun for hello_world_dag to None, run_after=None
[2025-02-03T06:19:42.823+0000] {processor.py:208} INFO - Processing /opt/airflow/dags/sample.py took 0.240 seconds
[2025-02-03T06:20:16.727+0000] {processor.py:186} INFO - Started process (PID=318) to work on /opt/airflow/dags/sample.py
[2025-02-03T06:20:16.880+0000] {processor.py:914} INFO - Processing file /opt/airflow/dags/sample.py for tasks to queue
[2025-02-03T06:20:16.965+0000] {logging_mixin.py:190} INFO - [2025-02-03T06:20:16.942+0000] {dagbag.py:588} INFO - Filling up the DagBag from /opt/airflow/dags/sample.py
[2025-02-03T06:20:17.666+0000] {processor.py:925} INFO - DAG(s) 'hello_world_dag' retrieved from /opt/airflow/dags/sample.py
[2025-02-03T06:20:19.450+0000] {logging_mixin.py:190} INFO - [2025-02-03T06:20:19.439+0000] {dag.py:3239} INFO - Sync 1 DAGs
[2025-02-03T06:20:21.120+0000] {logging_mixin.py:190} INFO - [2025-02-03T06:20:21.074+0000] {dag.py:4180} INFO - Setting next_dagrun for hello_world_dag to None, run_after=None
[2025-02-03T06:20:22.899+0000] {processor.py:208} INFO - Processing /opt/airflow/dags/sample.py took 6.931 seconds
[2025-02-03T06:26:23.714+0000] {processor.py:186} INFO - Started process (PID=324) to work on /opt/airflow/dags/sample.py
[2025-02-03T06:26:23.716+0000] {processor.py:914} INFO - Processing file /opt/airflow/dags/sample.py for tasks to queue
[2025-02-03T06:26:23.718+0000] {logging_mixin.py:190} INFO - [2025-02-03T06:26:23.718+0000] {dagbag.py:588} INFO - Filling up the DagBag from /opt/airflow/dags/sample.py
[2025-02-03T06:26:23.733+0000] {processor.py:925} INFO - DAG(s) 'hello_world_dag' retrieved from /opt/airflow/dags/sample.py
[2025-02-03T06:26:23.767+0000] {logging_mixin.py:190} INFO - [2025-02-03T06:26:23.767+0000] {dag.py:3239} INFO - Sync 1 DAGs
[2025-02-03T06:26:23.782+0000] {logging_mixin.py:190} INFO - [2025-02-03T06:26:23.782+0000] {dag.py:4180} INFO - Setting next_dagrun for hello_world_dag to None, run_after=None
[2025-02-03T06:26:23.826+0000] {processor.py:208} INFO - Processing /opt/airflow/dags/sample.py took 0.117 seconds
[2025-02-03T06:26:56.895+0000] {processor.py:186} INFO - Started process (PID=325) to work on /opt/airflow/dags/sample.py
[2025-02-03T06:26:57.253+0000] {processor.py:914} INFO - Processing file /opt/airflow/dags/sample.py for tasks to queue
[2025-02-03T06:26:57.431+0000] {logging_mixin.py:190} INFO - [2025-02-03T06:26:57.415+0000] {dagbag.py:588} INFO - Filling up the DagBag from /opt/airflow/dags/sample.py
[2025-02-03T06:26:58.041+0000] {processor.py:925} INFO - DAG(s) 'hello_world_dag' retrieved from /opt/airflow/dags/sample.py
[2025-02-03T06:26:59.712+0000] {logging_mixin.py:190} INFO - [2025-02-03T06:26:59.692+0000] {dag.py:3239} INFO - Sync 1 DAGs
[2025-02-03T06:27:00.585+0000] {logging_mixin.py:190} INFO - [2025-02-03T06:27:00.570+0000] {dag.py:4180} INFO - Setting next_dagrun for hello_world_dag to None, run_after=None
[2025-02-03T07:20:42.368+0000] {processor.py:208} INFO - Processing /opt/airflow/dags/sample.py took 3226.146 seconds
[2025-02-03T07:38:40.371+0000] {processor.py:186} INFO - Started process (PID=340) to work on /opt/airflow/dags/sample.py
[2025-02-03T07:38:40.373+0000] {processor.py:914} INFO - Processing file /opt/airflow/dags/sample.py for tasks to queue
[2025-02-03T07:38:40.376+0000] {logging_mixin.py:190} INFO - [2025-02-03T07:38:40.375+0000] {dagbag.py:588} INFO - Filling up the DagBag from /opt/airflow/dags/sample.py
[2025-02-03T07:38:40.399+0000] {processor.py:925} INFO - DAG(s) 'hello_world_dag' retrieved from /opt/airflow/dags/sample.py
[2025-02-03T07:38:40.651+0000] {logging_mixin.py:190} INFO - [2025-02-03T07:38:40.650+0000] {dag.py:3239} INFO - Sync 1 DAGs
[2025-02-03T07:38:40.673+0000] {logging_mixin.py:190} INFO - [2025-02-03T07:38:40.673+0000] {dag.py:4180} INFO - Setting next_dagrun for hello_world_dag to None, run_after=None
[2025-02-03T07:38:40.741+0000] {processor.py:208} INFO - Processing /opt/airflow/dags/sample.py took 0.380 seconds
[2025-02-03T07:39:10.799+0000] {processor.py:186} INFO - Started process (PID=341) to work on /opt/airflow/dags/sample.py
[2025-02-03T07:39:10.803+0000] {processor.py:914} INFO - Processing file /opt/airflow/dags/sample.py for tasks to queue
[2025-02-03T07:39:10.807+0000] {logging_mixin.py:190} INFO - [2025-02-03T07:39:10.806+0000] {dagbag.py:588} INFO - Filling up the DagBag from /opt/airflow/dags/sample.py
[2025-02-03T07:40:24.954+0000] {processor.py:186} INFO - Started process (PID=56) to work on /opt/airflow/dags/sample.py
[2025-02-03T07:40:24.955+0000] {processor.py:914} INFO - Processing file /opt/airflow/dags/sample.py for tasks to queue
[2025-02-03T07:40:24.958+0000] {logging_mixin.py:190} INFO - [2025-02-03T07:40:24.958+0000] {dagbag.py:588} INFO - Filling up the DagBag from /opt/airflow/dags/sample.py
[2025-02-03T07:40:24.979+0000] {processor.py:925} INFO - DAG(s) 'hello_world_dag' retrieved from /opt/airflow/dags/sample.py
[2025-02-03T07:40:25.133+0000] {logging_mixin.py:190} INFO - [2025-02-03T07:40:25.132+0000] {dag.py:3239} INFO - Sync 1 DAGs
[2025-02-03T07:40:25.146+0000] {logging_mixin.py:190} INFO - [2025-02-03T07:40:25.145+0000] {dag.py:4180} INFO - Setting next_dagrun for hello_world_dag to None, run_after=None
[2025-02-03T07:40:25.189+0000] {processor.py:208} INFO - Processing /opt/airflow/dags/sample.py took 0.241 seconds
[2025-02-03T07:40:55.447+0000] {processor.py:186} INFO - Started process (PID=77) to work on /opt/airflow/dags/sample.py
[2025-02-03T07:40:55.448+0000] {processor.py:914} INFO - Processing file /opt/airflow/dags/sample.py for tasks to queue
[2025-02-03T07:40:55.451+0000] {logging_mixin.py:190} INFO - [2025-02-03T07:40:55.450+0000] {dagbag.py:588} INFO - Filling up the DagBag from /opt/airflow/dags/sample.py
[2025-02-03T07:40:55.465+0000] {processor.py:925} INFO - DAG(s) 'hello_world_dag' retrieved from /opt/airflow/dags/sample.py
[2025-02-03T07:40:55.492+0000] {logging_mixin.py:190} INFO - [2025-02-03T07:40:55.492+0000] {dag.py:3239} INFO - Sync 1 DAGs
[2025-02-03T07:40:55.508+0000] {logging_mixin.py:190} INFO - [2025-02-03T07:40:55.507+0000] {dag.py:4180} INFO - Setting next_dagrun for hello_world_dag to None, run_after=None
[2025-02-03T07:40:55.544+0000] {processor.py:208} INFO - Processing /opt/airflow/dags/sample.py took 0.104 seconds
[2025-02-03T07:41:26.348+0000] {processor.py:186} INFO - Started process (PID=100) to work on /opt/airflow/dags/sample.py
[2025-02-03T07:41:26.349+0000] {processor.py:914} INFO - Processing file /opt/airflow/dags/sample.py for tasks to queue
[2025-02-03T07:41:26.351+0000] {logging_mixin.py:190} INFO - [2025-02-03T07:41:26.351+0000] {dagbag.py:588} INFO - Filling up the DagBag from /opt/airflow/dags/sample.py
[2025-02-03T07:41:26.366+0000] {processor.py:925} INFO - DAG(s) 'hello_world_dag' retrieved from /opt/airflow/dags/sample.py
[2025-02-03T07:41:26.396+0000] {logging_mixin.py:190} INFO - [2025-02-03T07:41:26.396+0000] {dag.py:3239} INFO - Sync 1 DAGs
[2025-02-03T07:41:26.412+0000] {logging_mixin.py:190} INFO - [2025-02-03T07:41:26.411+0000] {dag.py:4180} INFO - Setting next_dagrun for hello_world_dag to None, run_after=None
[2025-02-03T07:41:26.474+0000] {processor.py:208} INFO - Processing /opt/airflow/dags/sample.py took 0.134 seconds
[2025-02-03T07:41:56.568+0000] {processor.py:186} INFO - Started process (PID=112) to work on /opt/airflow/dags/sample.py
[2025-02-03T07:41:56.569+0000] {processor.py:914} INFO - Processing file /opt/airflow/dags/sample.py for tasks to queue
[2025-02-03T07:41:56.573+0000] {logging_mixin.py:190} INFO - [2025-02-03T07:41:56.572+0000] {dagbag.py:588} INFO - Filling up the DagBag from /opt/airflow/dags/sample.py
[2025-02-03T07:41:56.589+0000] {processor.py:925} INFO - DAG(s) 'hello_world_dag' retrieved from /opt/airflow/dags/sample.py
[2025-02-03T07:41:56.623+0000] {logging_mixin.py:190} INFO - [2025-02-03T07:41:56.622+0000] {dag.py:3239} INFO - Sync 1 DAGs
[2025-02-03T07:41:56.639+0000] {logging_mixin.py:190} INFO - [2025-02-03T07:41:56.639+0000] {dag.py:4180} INFO - Setting next_dagrun for hello_world_dag to None, run_after=None
[2025-02-03T07:41:56.678+0000] {processor.py:208} INFO - Processing /opt/airflow/dags/sample.py took 0.116 seconds
[2025-02-03T07:42:27.062+0000] {processor.py:186} INFO - Started process (PID=113) to work on /opt/airflow/dags/sample.py
[2025-02-03T07:42:27.063+0000] {processor.py:914} INFO - Processing file /opt/airflow/dags/sample.py for tasks to queue
[2025-02-03T07:42:27.066+0000] {logging_mixin.py:190} INFO - [2025-02-03T07:42:27.066+0000] {dagbag.py:588} INFO - Filling up the DagBag from /opt/airflow/dags/sample.py
[2025-02-03T07:42:27.080+0000] {processor.py:925} INFO - DAG(s) 'hello_world_dag' retrieved from /opt/airflow/dags/sample.py
[2025-02-03T07:42:27.108+0000] {logging_mixin.py:190} INFO - [2025-02-03T07:42:27.108+0000] {dag.py:3239} INFO - Sync 1 DAGs
[2025-02-03T07:42:27.125+0000] {logging_mixin.py:190} INFO - [2025-02-03T07:42:27.124+0000] {dag.py:4180} INFO - Setting next_dagrun for hello_world_dag to None, run_after=None
[2025-02-03T07:42:27.162+0000] {processor.py:208} INFO - Processing /opt/airflow/dags/sample.py took 0.109 seconds
