[2025-02-03T14:49:42.482+0000] {processor.py:186} INFO - Started process (PID=67) to work on /opt/airflow/dags/weather_etl_postgres.py
[2025-02-03T14:49:42.484+0000] {processor.py:914} INFO - Processing file /opt/airflow/dags/weather_etl_postgres.py for tasks to queue
[2025-02-03T14:49:42.487+0000] {logging_mixin.py:190} INFO - [2025-02-03T14:49:42.487+0000] {dagbag.py:588} INFO - Filling up the DagBag from /opt/airflow/dags/weather_etl_postgres.py
[2025-02-03T14:49:42.508+0000] {logging_mixin.py:190} INFO - [2025-02-03T14:49:42.505+0000] {dagbag.py:387} ERROR - Failed to import: /opt/airflow/dags/weather_etl_postgres.py
Traceback (most recent call last):
  File "/home/airflow/.local/lib/python3.12/site-packages/airflow/models/dagbag.py", line 383, in parse
    loader.exec_module(new_module)
  File "<frozen importlib._bootstrap_external>", line 999, in exec_module
  File "<frozen importlib._bootstrap>", line 488, in _call_with_frames_removed
  File "/opt/airflow/dags/weather_etl_postgres.py", line 12, in <module>
    from tasks.extract import extract_weather_data
ModuleNotFoundError: No module named 'tasks'
[2025-02-03T14:49:42.510+0000] {processor.py:927} WARNING - No viable dags retrieved from /opt/airflow/dags/weather_etl_postgres.py
[2025-02-03T14:49:42.557+0000] {processor.py:208} INFO - Processing /opt/airflow/dags/weather_etl_postgres.py took 0.084 seconds
[2025-02-03T14:50:12.670+0000] {processor.py:186} INFO - Started process (PID=81) to work on /opt/airflow/dags/weather_etl_postgres.py
[2025-02-03T14:50:12.672+0000] {processor.py:914} INFO - Processing file /opt/airflow/dags/weather_etl_postgres.py for tasks to queue
[2025-02-03T14:50:12.675+0000] {logging_mixin.py:190} INFO - [2025-02-03T14:50:12.674+0000] {dagbag.py:588} INFO - Filling up the DagBag from /opt/airflow/dags/weather_etl_postgres.py
[2025-02-03T14:50:12.688+0000] {logging_mixin.py:190} INFO - [2025-02-03T14:50:12.685+0000] {dagbag.py:387} ERROR - Failed to import: /opt/airflow/dags/weather_etl_postgres.py
Traceback (most recent call last):
  File "/home/airflow/.local/lib/python3.12/site-packages/airflow/models/dagbag.py", line 383, in parse
    loader.exec_module(new_module)
  File "<frozen importlib._bootstrap_external>", line 999, in exec_module
  File "<frozen importlib._bootstrap>", line 488, in _call_with_frames_removed
  File "/opt/airflow/dags/weather_etl_postgres.py", line 12, in <module>
    from tasks.extract import extract_weather_data
ModuleNotFoundError: No module named 'tasks'
[2025-02-03T14:50:12.689+0000] {processor.py:927} WARNING - No viable dags retrieved from /opt/airflow/dags/weather_etl_postgres.py
[2025-02-03T14:50:12.727+0000] {processor.py:208} INFO - Processing /opt/airflow/dags/weather_etl_postgres.py took 0.072 seconds
[2025-02-03T14:50:43.654+0000] {processor.py:186} INFO - Started process (PID=84) to work on /opt/airflow/dags/weather_etl_postgres.py
[2025-02-03T14:50:43.656+0000] {processor.py:914} INFO - Processing file /opt/airflow/dags/weather_etl_postgres.py for tasks to queue
[2025-02-03T14:50:43.659+0000] {logging_mixin.py:190} INFO - [2025-02-03T14:50:43.658+0000] {dagbag.py:588} INFO - Filling up the DagBag from /opt/airflow/dags/weather_etl_postgres.py
[2025-02-03T14:50:43.670+0000] {logging_mixin.py:190} INFO - [2025-02-03T14:50:43.668+0000] {dagbag.py:387} ERROR - Failed to import: /opt/airflow/dags/weather_etl_postgres.py
Traceback (most recent call last):
  File "/home/airflow/.local/lib/python3.12/site-packages/airflow/models/dagbag.py", line 383, in parse
    loader.exec_module(new_module)
  File "<frozen importlib._bootstrap_external>", line 999, in exec_module
  File "<frozen importlib._bootstrap>", line 488, in _call_with_frames_removed
  File "/opt/airflow/dags/weather_etl_postgres.py", line 12, in <module>
    from tasks.extract import extract_weather_data
ModuleNotFoundError: No module named 'tasks'
[2025-02-03T14:50:43.671+0000] {processor.py:927} WARNING - No viable dags retrieved from /opt/airflow/dags/weather_etl_postgres.py
[2025-02-03T14:50:43.703+0000] {processor.py:208} INFO - Processing /opt/airflow/dags/weather_etl_postgres.py took 0.063 seconds
[2025-02-03T14:51:14.534+0000] {processor.py:186} INFO - Started process (PID=87) to work on /opt/airflow/dags/weather_etl_postgres.py
[2025-02-03T14:51:14.535+0000] {processor.py:914} INFO - Processing file /opt/airflow/dags/weather_etl_postgres.py for tasks to queue
[2025-02-03T14:51:14.538+0000] {logging_mixin.py:190} INFO - [2025-02-03T14:51:14.538+0000] {dagbag.py:588} INFO - Filling up the DagBag from /opt/airflow/dags/weather_etl_postgres.py
[2025-02-03T14:51:15.387+0000] {processor.py:925} INFO - DAG(s) 'Temp_elt_postgres' retrieved from /opt/airflow/dags/weather_etl_postgres.py
[2025-02-03T14:51:15.559+0000] {logging_mixin.py:190} INFO - [2025-02-03T14:51:15.557+0000] {override.py:1911} INFO - Created Permission View: can delete on DAG:Temp_elt_postgres
[2025-02-03T14:51:15.591+0000] {logging_mixin.py:190} INFO - [2025-02-03T14:51:15.590+0000] {override.py:1911} INFO - Created Permission View: can read on DAG:Temp_elt_postgres
[2025-02-03T14:51:15.622+0000] {logging_mixin.py:190} INFO - [2025-02-03T14:51:15.621+0000] {override.py:1911} INFO - Created Permission View: can edit on DAG:Temp_elt_postgres
[2025-02-03T14:51:15.667+0000] {logging_mixin.py:190} INFO - [2025-02-03T14:51:15.667+0000] {override.py:1911} INFO - Created Permission View: can delete on DAG Run:Temp_elt_postgres
[2025-02-03T14:51:15.695+0000] {logging_mixin.py:190} INFO - [2025-02-03T14:51:15.694+0000] {override.py:1911} INFO - Created Permission View: can read on DAG Run:Temp_elt_postgres
[2025-02-03T14:51:15.724+0000] {logging_mixin.py:190} INFO - [2025-02-03T14:51:15.724+0000] {override.py:1911} INFO - Created Permission View: can create on DAG Run:Temp_elt_postgres
[2025-02-03T14:51:15.753+0000] {logging_mixin.py:190} INFO - [2025-02-03T14:51:15.752+0000] {override.py:1911} INFO - Created Permission View: menu access on DAG Run:Temp_elt_postgres
[2025-02-03T14:51:15.755+0000] {logging_mixin.py:190} INFO - [2025-02-03T14:51:15.754+0000] {dag.py:3239} INFO - Sync 1 DAGs
[2025-02-03T14:51:15.779+0000] {logging_mixin.py:190} INFO - [2025-02-03T14:51:15.779+0000] {dag.py:3262} INFO - Creating ORM DAG for Temp_elt_postgres
[2025-02-03T14:51:15.793+0000] {logging_mixin.py:190} INFO - [2025-02-03T14:51:15.792+0000] {dag.py:4180} INFO - Setting next_dagrun for Temp_elt_postgres to 2025-01-22 00:00:00+00:00, run_after=2025-01-23 00:00:00+00:00
[2025-02-03T14:51:15.870+0000] {processor.py:208} INFO - Processing /opt/airflow/dags/weather_etl_postgres.py took 1.344 seconds
[2025-02-03T14:52:24.680+0000] {processor.py:186} INFO - Started process (PID=67) to work on /opt/airflow/dags/weather_etl_postgres.py
[2025-02-03T14:52:24.681+0000] {processor.py:914} INFO - Processing file /opt/airflow/dags/weather_etl_postgres.py for tasks to queue
[2025-02-03T14:52:24.684+0000] {logging_mixin.py:190} INFO - [2025-02-03T14:52:24.683+0000] {dagbag.py:588} INFO - Filling up the DagBag from /opt/airflow/dags/weather_etl_postgres.py
[2025-02-03T14:52:25.359+0000] {processor.py:925} INFO - DAG(s) 'Temp_elt_postgres' retrieved from /opt/airflow/dags/weather_etl_postgres.py
[2025-02-03T14:52:25.389+0000] {logging_mixin.py:190} INFO - [2025-02-03T14:52:25.388+0000] {dag.py:3239} INFO - Sync 1 DAGs
[2025-02-03T14:52:25.421+0000] {logging_mixin.py:190} INFO - [2025-02-03T14:52:25.420+0000] {dag.py:4180} INFO - Setting next_dagrun for Temp_elt_postgres to 2025-01-22 00:00:00+00:00, run_after=2025-01-23 00:00:00+00:00
[2025-02-03T14:52:25.475+0000] {processor.py:208} INFO - Processing /opt/airflow/dags/weather_etl_postgres.py took 0.804 seconds
[2025-02-03T14:52:56.104+0000] {processor.py:186} INFO - Started process (PID=82) to work on /opt/airflow/dags/weather_etl_postgres.py
[2025-02-03T14:52:56.105+0000] {processor.py:914} INFO - Processing file /opt/airflow/dags/weather_etl_postgres.py for tasks to queue
[2025-02-03T14:52:56.109+0000] {logging_mixin.py:190} INFO - [2025-02-03T14:52:56.108+0000] {dagbag.py:588} INFO - Filling up the DagBag from /opt/airflow/dags/weather_etl_postgres.py
[2025-02-03T14:52:56.775+0000] {processor.py:925} INFO - DAG(s) 'Temp_elt_postgres' retrieved from /opt/airflow/dags/weather_etl_postgres.py
[2025-02-03T14:52:56.807+0000] {logging_mixin.py:190} INFO - [2025-02-03T14:52:56.806+0000] {dag.py:3239} INFO - Sync 1 DAGs
[2025-02-03T14:52:56.837+0000] {logging_mixin.py:190} INFO - [2025-02-03T14:52:56.837+0000] {dag.py:4180} INFO - Setting next_dagrun for Temp_elt_postgres to 2025-01-22 00:00:00+00:00, run_after=2025-01-23 00:00:00+00:00
[2025-02-03T14:52:56.883+0000] {processor.py:208} INFO - Processing /opt/airflow/dags/weather_etl_postgres.py took 0.786 seconds
[2025-02-03T14:53:27.959+0000] {processor.py:186} INFO - Started process (PID=86) to work on /opt/airflow/dags/weather_etl_postgres.py
[2025-02-03T14:53:27.961+0000] {processor.py:914} INFO - Processing file /opt/airflow/dags/weather_etl_postgres.py for tasks to queue
[2025-02-03T14:53:27.966+0000] {logging_mixin.py:190} INFO - [2025-02-03T14:53:27.965+0000] {dagbag.py:588} INFO - Filling up the DagBag from /opt/airflow/dags/weather_etl_postgres.py
[2025-02-03T14:53:28.576+0000] {processor.py:925} INFO - DAG(s) 'Temp_elt_postgres' retrieved from /opt/airflow/dags/weather_etl_postgres.py
[2025-02-03T14:53:28.637+0000] {logging_mixin.py:190} INFO - [2025-02-03T14:53:28.637+0000] {dag.py:3239} INFO - Sync 1 DAGs
[2025-02-03T14:53:28.662+0000] {logging_mixin.py:190} INFO - [2025-02-03T14:53:28.662+0000] {dag.py:4180} INFO - Setting next_dagrun for Temp_elt_postgres to 2025-01-22 00:00:00+00:00, run_after=2025-01-23 00:00:00+00:00
[2025-02-03T14:53:28.708+0000] {processor.py:208} INFO - Processing /opt/airflow/dags/weather_etl_postgres.py took 0.758 seconds
[2025-02-03T14:53:58.884+0000] {processor.py:186} INFO - Started process (PID=90) to work on /opt/airflow/dags/weather_etl_postgres.py
[2025-02-03T14:53:58.886+0000] {processor.py:914} INFO - Processing file /opt/airflow/dags/weather_etl_postgres.py for tasks to queue
[2025-02-03T14:53:58.889+0000] {logging_mixin.py:190} INFO - [2025-02-03T14:53:58.888+0000] {dagbag.py:588} INFO - Filling up the DagBag from /opt/airflow/dags/weather_etl_postgres.py
[2025-02-03T14:53:59.501+0000] {processor.py:925} INFO - DAG(s) 'Temp_elt_postgres' retrieved from /opt/airflow/dags/weather_etl_postgres.py
[2025-02-03T14:53:59.544+0000] {logging_mixin.py:190} INFO - [2025-02-03T14:53:59.544+0000] {dag.py:3239} INFO - Sync 1 DAGs
[2025-02-03T14:53:59.578+0000] {logging_mixin.py:190} INFO - [2025-02-03T14:53:59.578+0000] {dag.py:4180} INFO - Setting next_dagrun for Temp_elt_postgres to 2025-01-22 00:00:00+00:00, run_after=2025-01-23 00:00:00+00:00
[2025-02-03T14:53:59.625+0000] {processor.py:208} INFO - Processing /opt/airflow/dags/weather_etl_postgres.py took 0.748 seconds
[2025-02-03T14:54:30.046+0000] {processor.py:186} INFO - Started process (PID=94) to work on /opt/airflow/dags/weather_etl_postgres.py
[2025-02-03T14:54:30.048+0000] {processor.py:914} INFO - Processing file /opt/airflow/dags/weather_etl_postgres.py for tasks to queue
[2025-02-03T14:54:30.052+0000] {logging_mixin.py:190} INFO - [2025-02-03T14:54:30.051+0000] {dagbag.py:588} INFO - Filling up the DagBag from /opt/airflow/dags/weather_etl_postgres.py
[2025-02-03T14:54:31.104+0000] {processor.py:925} INFO - DAG(s) 'Temp_elt_postgres' retrieved from /opt/airflow/dags/weather_etl_postgres.py
[2025-02-03T14:54:31.133+0000] {logging_mixin.py:190} INFO - [2025-02-03T14:54:31.133+0000] {dag.py:3239} INFO - Sync 1 DAGs
[2025-02-03T14:54:31.156+0000] {logging_mixin.py:190} INFO - [2025-02-03T14:54:31.156+0000] {dag.py:4180} INFO - Setting next_dagrun for Temp_elt_postgres to 2025-01-22 00:00:00+00:00, run_after=2025-01-23 00:00:00+00:00
[2025-02-03T14:54:31.203+0000] {processor.py:208} INFO - Processing /opt/airflow/dags/weather_etl_postgres.py took 1.170 seconds
[2025-02-03T14:55:01.540+0000] {processor.py:186} INFO - Started process (PID=98) to work on /opt/airflow/dags/weather_etl_postgres.py
[2025-02-03T14:55:01.542+0000] {processor.py:914} INFO - Processing file /opt/airflow/dags/weather_etl_postgres.py for tasks to queue
[2025-02-03T14:55:01.545+0000] {logging_mixin.py:190} INFO - [2025-02-03T14:55:01.544+0000] {dagbag.py:588} INFO - Filling up the DagBag from /opt/airflow/dags/weather_etl_postgres.py
[2025-02-03T14:55:02.325+0000] {processor.py:925} INFO - DAG(s) 'Temp_elt_postgres' retrieved from /opt/airflow/dags/weather_etl_postgres.py
[2025-02-03T14:55:02.358+0000] {logging_mixin.py:190} INFO - [2025-02-03T14:55:02.357+0000] {dag.py:3239} INFO - Sync 1 DAGs
[2025-02-03T14:55:02.382+0000] {logging_mixin.py:190} INFO - [2025-02-03T14:55:02.382+0000] {dag.py:4180} INFO - Setting next_dagrun for Temp_elt_postgres to 2025-01-22 00:00:00+00:00, run_after=2025-01-23 00:00:00+00:00
[2025-02-03T14:55:02.431+0000] {processor.py:208} INFO - Processing /opt/airflow/dags/weather_etl_postgres.py took 0.897 seconds
[2025-02-03T14:55:32.506+0000] {processor.py:186} INFO - Started process (PID=102) to work on /opt/airflow/dags/weather_etl_postgres.py
[2025-02-03T14:55:32.508+0000] {processor.py:914} INFO - Processing file /opt/airflow/dags/weather_etl_postgres.py for tasks to queue
[2025-02-03T14:55:32.512+0000] {logging_mixin.py:190} INFO - [2025-02-03T14:55:32.511+0000] {dagbag.py:588} INFO - Filling up the DagBag from /opt/airflow/dags/weather_etl_postgres.py
[2025-02-03T14:55:33.146+0000] {processor.py:925} INFO - DAG(s) 'Temp_elt_postgres' retrieved from /opt/airflow/dags/weather_etl_postgres.py
[2025-02-03T14:55:33.173+0000] {logging_mixin.py:190} INFO - [2025-02-03T14:55:33.173+0000] {dag.py:3239} INFO - Sync 1 DAGs
[2025-02-03T14:55:33.196+0000] {logging_mixin.py:190} INFO - [2025-02-03T14:55:33.195+0000] {dag.py:4180} INFO - Setting next_dagrun for Temp_elt_postgres to 2025-01-22 00:00:00+00:00, run_after=2025-01-23 00:00:00+00:00
[2025-02-03T14:55:33.243+0000] {processor.py:208} INFO - Processing /opt/airflow/dags/weather_etl_postgres.py took 0.744 seconds
[2025-02-03T14:56:03.628+0000] {processor.py:186} INFO - Started process (PID=106) to work on /opt/airflow/dags/weather_etl_postgres.py
[2025-02-03T14:56:03.630+0000] {processor.py:914} INFO - Processing file /opt/airflow/dags/weather_etl_postgres.py for tasks to queue
[2025-02-03T14:56:03.634+0000] {logging_mixin.py:190} INFO - [2025-02-03T14:56:03.633+0000] {dagbag.py:588} INFO - Filling up the DagBag from /opt/airflow/dags/weather_etl_postgres.py
[2025-02-03T14:56:04.226+0000] {processor.py:925} INFO - DAG(s) 'Temp_elt_postgres' retrieved from /opt/airflow/dags/weather_etl_postgres.py
[2025-02-03T14:56:04.254+0000] {logging_mixin.py:190} INFO - [2025-02-03T14:56:04.253+0000] {dag.py:3239} INFO - Sync 1 DAGs
[2025-02-03T14:56:04.277+0000] {logging_mixin.py:190} INFO - [2025-02-03T14:56:04.276+0000] {dag.py:4180} INFO - Setting next_dagrun for Temp_elt_postgres to 2025-01-22 00:00:00+00:00, run_after=2025-01-23 00:00:00+00:00
[2025-02-03T14:56:04.320+0000] {processor.py:208} INFO - Processing /opt/airflow/dags/weather_etl_postgres.py took 0.699 seconds
[2025-02-03T14:56:34.607+0000] {processor.py:186} INFO - Started process (PID=110) to work on /opt/airflow/dags/weather_etl_postgres.py
[2025-02-03T14:56:34.608+0000] {processor.py:914} INFO - Processing file /opt/airflow/dags/weather_etl_postgres.py for tasks to queue
[2025-02-03T14:56:34.613+0000] {logging_mixin.py:190} INFO - [2025-02-03T14:56:34.612+0000] {dagbag.py:588} INFO - Filling up the DagBag from /opt/airflow/dags/weather_etl_postgres.py
[2025-02-03T14:56:35.373+0000] {processor.py:925} INFO - DAG(s) 'Temp_elt_postgres' retrieved from /opt/airflow/dags/weather_etl_postgres.py
[2025-02-03T14:56:35.403+0000] {logging_mixin.py:190} INFO - [2025-02-03T14:56:35.403+0000] {dag.py:3239} INFO - Sync 1 DAGs
[2025-02-03T14:56:35.435+0000] {logging_mixin.py:190} INFO - [2025-02-03T14:56:35.434+0000] {dag.py:4180} INFO - Setting next_dagrun for Temp_elt_postgres to 2025-01-22 00:00:00+00:00, run_after=2025-01-23 00:00:00+00:00
[2025-02-03T14:56:35.487+0000] {processor.py:208} INFO - Processing /opt/airflow/dags/weather_etl_postgres.py took 0.898 seconds
[2025-02-03T14:57:05.810+0000] {processor.py:186} INFO - Started process (PID=114) to work on /opt/airflow/dags/weather_etl_postgres.py
[2025-02-03T14:57:05.812+0000] {processor.py:914} INFO - Processing file /opt/airflow/dags/weather_etl_postgres.py for tasks to queue
[2025-02-03T14:57:05.816+0000] {logging_mixin.py:190} INFO - [2025-02-03T14:57:05.815+0000] {dagbag.py:588} INFO - Filling up the DagBag from /opt/airflow/dags/weather_etl_postgres.py
[2025-02-03T14:57:06.474+0000] {processor.py:925} INFO - DAG(s) 'Temp_elt_postgres' retrieved from /opt/airflow/dags/weather_etl_postgres.py
[2025-02-03T14:57:06.504+0000] {logging_mixin.py:190} INFO - [2025-02-03T14:57:06.503+0000] {dag.py:3239} INFO - Sync 1 DAGs
[2025-02-03T14:57:06.533+0000] {logging_mixin.py:190} INFO - [2025-02-03T14:57:06.533+0000] {dag.py:4180} INFO - Setting next_dagrun for Temp_elt_postgres to 2025-01-22 00:00:00+00:00, run_after=2025-01-23 00:00:00+00:00
[2025-02-03T14:57:06.585+0000] {processor.py:208} INFO - Processing /opt/airflow/dags/weather_etl_postgres.py took 0.785 seconds
[2025-02-03T14:57:36.928+0000] {processor.py:186} INFO - Started process (PID=118) to work on /opt/airflow/dags/weather_etl_postgres.py
[2025-02-03T14:57:36.929+0000] {processor.py:914} INFO - Processing file /opt/airflow/dags/weather_etl_postgres.py for tasks to queue
[2025-02-03T14:57:36.934+0000] {logging_mixin.py:190} INFO - [2025-02-03T14:57:36.933+0000] {dagbag.py:588} INFO - Filling up the DagBag from /opt/airflow/dags/weather_etl_postgres.py
[2025-02-03T14:57:37.658+0000] {processor.py:925} INFO - DAG(s) 'Temp_elt_postgres' retrieved from /opt/airflow/dags/weather_etl_postgres.py
[2025-02-03T14:57:37.695+0000] {logging_mixin.py:190} INFO - [2025-02-03T14:57:37.694+0000] {dag.py:3239} INFO - Sync 1 DAGs
[2025-02-03T14:57:37.734+0000] {logging_mixin.py:190} INFO - [2025-02-03T14:57:37.734+0000] {dag.py:4180} INFO - Setting next_dagrun for Temp_elt_postgres to 2025-01-22 00:00:00+00:00, run_after=2025-01-23 00:00:00+00:00
[2025-02-03T14:57:37.798+0000] {processor.py:208} INFO - Processing /opt/airflow/dags/weather_etl_postgres.py took 0.879 seconds
[2025-02-03T14:58:07.892+0000] {processor.py:186} INFO - Started process (PID=122) to work on /opt/airflow/dags/weather_etl_postgres.py
[2025-02-03T14:58:07.894+0000] {processor.py:914} INFO - Processing file /opt/airflow/dags/weather_etl_postgres.py for tasks to queue
[2025-02-03T14:58:07.898+0000] {logging_mixin.py:190} INFO - [2025-02-03T14:58:07.897+0000] {dagbag.py:588} INFO - Filling up the DagBag from /opt/airflow/dags/weather_etl_postgres.py
[2025-02-03T14:58:08.794+0000] {processor.py:925} INFO - DAG(s) 'Temp_elt_postgres' retrieved from /opt/airflow/dags/weather_etl_postgres.py
[2025-02-03T14:58:08.837+0000] {logging_mixin.py:190} INFO - [2025-02-03T14:58:08.836+0000] {dag.py:3239} INFO - Sync 1 DAGs
[2025-02-03T14:58:08.884+0000] {logging_mixin.py:190} INFO - [2025-02-03T14:58:08.883+0000] {dag.py:4180} INFO - Setting next_dagrun for Temp_elt_postgres to 2025-01-22 00:00:00+00:00, run_after=2025-01-23 00:00:00+00:00
[2025-02-03T14:58:08.952+0000] {processor.py:208} INFO - Processing /opt/airflow/dags/weather_etl_postgres.py took 1.070 seconds
[2025-02-03T14:59:19.318+0000] {processor.py:186} INFO - Started process (PID=210) to work on /opt/airflow/dags/weather_etl_postgres.py
[2025-02-03T14:59:19.319+0000] {processor.py:914} INFO - Processing file /opt/airflow/dags/weather_etl_postgres.py for tasks to queue
[2025-02-03T14:59:19.323+0000] {logging_mixin.py:190} INFO - [2025-02-03T14:59:19.323+0000] {dagbag.py:588} INFO - Filling up the DagBag from /opt/airflow/dags/weather_etl_postgres.py
[2025-02-03T14:59:20.289+0000] {processor.py:925} INFO - DAG(s) 'Temp_elt_postgres' retrieved from /opt/airflow/dags/weather_etl_postgres.py
[2025-02-03T14:59:20.334+0000] {logging_mixin.py:190} INFO - [2025-02-03T14:59:20.333+0000] {dag.py:3239} INFO - Sync 1 DAGs
[2025-02-03T14:59:20.392+0000] {logging_mixin.py:190} INFO - [2025-02-03T14:59:20.392+0000] {dag.py:4180} INFO - Setting next_dagrun for Temp_elt_postgres to 2025-01-25 00:00:00+00:00, run_after=2025-01-26 00:00:00+00:00
[2025-02-03T14:59:20.512+0000] {processor.py:208} INFO - Processing /opt/airflow/dags/weather_etl_postgres.py took 1.204 seconds
[2025-02-03T14:59:51.076+0000] {processor.py:186} INFO - Started process (PID=214) to work on /opt/airflow/dags/weather_etl_postgres.py
[2025-02-03T14:59:51.078+0000] {processor.py:914} INFO - Processing file /opt/airflow/dags/weather_etl_postgres.py for tasks to queue
[2025-02-03T14:59:51.082+0000] {logging_mixin.py:190} INFO - [2025-02-03T14:59:51.081+0000] {dagbag.py:588} INFO - Filling up the DagBag from /opt/airflow/dags/weather_etl_postgres.py
[2025-02-03T14:59:51.891+0000] {processor.py:925} INFO - DAG(s) 'Temp_elt_postgres' retrieved from /opt/airflow/dags/weather_etl_postgres.py
[2025-02-03T14:59:51.927+0000] {logging_mixin.py:190} INFO - [2025-02-03T14:59:51.926+0000] {dag.py:3239} INFO - Sync 1 DAGs
[2025-02-03T14:59:51.962+0000] {logging_mixin.py:190} INFO - [2025-02-03T14:59:51.962+0000] {dag.py:4180} INFO - Setting next_dagrun for Temp_elt_postgres to 2025-01-25 00:00:00+00:00, run_after=2025-01-26 00:00:00+00:00
[2025-02-03T14:59:52.020+0000] {processor.py:208} INFO - Processing /opt/airflow/dags/weather_etl_postgres.py took 0.953 seconds
[2025-02-03T15:00:23.074+0000] {processor.py:186} INFO - Started process (PID=218) to work on /opt/airflow/dags/weather_etl_postgres.py
[2025-02-03T15:00:23.076+0000] {processor.py:914} INFO - Processing file /opt/airflow/dags/weather_etl_postgres.py for tasks to queue
[2025-02-03T15:00:23.079+0000] {logging_mixin.py:190} INFO - [2025-02-03T15:00:23.078+0000] {dagbag.py:588} INFO - Filling up the DagBag from /opt/airflow/dags/weather_etl_postgres.py
[2025-02-03T15:00:23.722+0000] {processor.py:925} INFO - DAG(s) 'Temp_elt_postgres' retrieved from /opt/airflow/dags/weather_etl_postgres.py
[2025-02-03T15:00:23.746+0000] {logging_mixin.py:190} INFO - [2025-02-03T15:00:23.746+0000] {dag.py:3239} INFO - Sync 1 DAGs
[2025-02-03T15:00:23.777+0000] {logging_mixin.py:190} INFO - [2025-02-03T15:00:23.777+0000] {dag.py:4180} INFO - Setting next_dagrun for Temp_elt_postgres to 2025-01-25 00:00:00+00:00, run_after=2025-01-26 00:00:00+00:00
[2025-02-03T15:00:23.829+0000] {processor.py:208} INFO - Processing /opt/airflow/dags/weather_etl_postgres.py took 0.764 seconds
[2025-02-03T15:00:54.151+0000] {processor.py:186} INFO - Started process (PID=222) to work on /opt/airflow/dags/weather_etl_postgres.py
[2025-02-03T15:00:54.152+0000] {processor.py:914} INFO - Processing file /opt/airflow/dags/weather_etl_postgres.py for tasks to queue
[2025-02-03T15:00:54.161+0000] {logging_mixin.py:190} INFO - [2025-02-03T15:00:54.160+0000] {dagbag.py:588} INFO - Filling up the DagBag from /opt/airflow/dags/weather_etl_postgres.py
[2025-02-03T15:00:55.551+0000] {processor.py:925} INFO - DAG(s) 'Temp_elt_postgres' retrieved from /opt/airflow/dags/weather_etl_postgres.py
[2025-02-03T15:00:55.597+0000] {logging_mixin.py:190} INFO - [2025-02-03T15:00:55.596+0000] {dag.py:3239} INFO - Sync 1 DAGs
[2025-02-03T15:00:55.653+0000] {logging_mixin.py:190} INFO - [2025-02-03T15:00:55.653+0000] {dag.py:4180} INFO - Setting next_dagrun for Temp_elt_postgres to 2025-01-25 00:00:00+00:00, run_after=2025-01-26 00:00:00+00:00
[2025-02-03T15:00:55.732+0000] {processor.py:208} INFO - Processing /opt/airflow/dags/weather_etl_postgres.py took 1.612 seconds
[2025-02-03T15:01:26.598+0000] {processor.py:186} INFO - Started process (PID=226) to work on /opt/airflow/dags/weather_etl_postgres.py
[2025-02-03T15:01:26.599+0000] {processor.py:914} INFO - Processing file /opt/airflow/dags/weather_etl_postgres.py for tasks to queue
[2025-02-03T15:01:26.603+0000] {logging_mixin.py:190} INFO - [2025-02-03T15:01:26.602+0000] {dagbag.py:588} INFO - Filling up the DagBag from /opt/airflow/dags/weather_etl_postgres.py
[2025-02-03T15:01:27.514+0000] {processor.py:925} INFO - DAG(s) 'Temp_elt_postgres' retrieved from /opt/airflow/dags/weather_etl_postgres.py
[2025-02-03T15:01:27.547+0000] {logging_mixin.py:190} INFO - [2025-02-03T15:01:27.547+0000] {dag.py:3239} INFO - Sync 1 DAGs
[2025-02-03T15:01:27.584+0000] {logging_mixin.py:190} INFO - [2025-02-03T15:01:27.583+0000] {dag.py:4180} INFO - Setting next_dagrun for Temp_elt_postgres to 2025-01-25 00:00:00+00:00, run_after=2025-01-26 00:00:00+00:00
[2025-02-03T15:01:27.647+0000] {processor.py:208} INFO - Processing /opt/airflow/dags/weather_etl_postgres.py took 1.057 seconds
[2025-02-03T15:01:57.940+0000] {processor.py:186} INFO - Started process (PID=230) to work on /opt/airflow/dags/weather_etl_postgres.py
[2025-02-03T15:01:57.943+0000] {processor.py:914} INFO - Processing file /opt/airflow/dags/weather_etl_postgres.py for tasks to queue
[2025-02-03T15:01:57.949+0000] {logging_mixin.py:190} INFO - [2025-02-03T15:01:57.948+0000] {dagbag.py:588} INFO - Filling up the DagBag from /opt/airflow/dags/weather_etl_postgres.py
[2025-02-03T15:01:58.751+0000] {processor.py:925} INFO - DAG(s) 'Temp_elt_postgres' retrieved from /opt/airflow/dags/weather_etl_postgres.py
[2025-02-03T15:01:58.782+0000] {logging_mixin.py:190} INFO - [2025-02-03T15:01:58.781+0000] {dag.py:3239} INFO - Sync 1 DAGs
[2025-02-03T15:01:58.812+0000] {logging_mixin.py:190} INFO - [2025-02-03T15:01:58.812+0000] {dag.py:4180} INFO - Setting next_dagrun for Temp_elt_postgres to 2025-01-25 00:00:00+00:00, run_after=2025-01-26 00:00:00+00:00
[2025-02-03T15:01:58.872+0000] {processor.py:208} INFO - Processing /opt/airflow/dags/weather_etl_postgres.py took 0.943 seconds
[2025-02-03T15:02:29.629+0000] {processor.py:186} INFO - Started process (PID=234) to work on /opt/airflow/dags/weather_etl_postgres.py
[2025-02-03T15:02:29.631+0000] {processor.py:914} INFO - Processing file /opt/airflow/dags/weather_etl_postgres.py for tasks to queue
[2025-02-03T15:02:29.637+0000] {logging_mixin.py:190} INFO - [2025-02-03T15:02:29.636+0000] {dagbag.py:588} INFO - Filling up the DagBag from /opt/airflow/dags/weather_etl_postgres.py
[2025-02-03T15:02:30.591+0000] {processor.py:925} INFO - DAG(s) 'Temp_elt_postgres' retrieved from /opt/airflow/dags/weather_etl_postgres.py
[2025-02-03T15:02:30.626+0000] {logging_mixin.py:190} INFO - [2025-02-03T15:02:30.625+0000] {dag.py:3239} INFO - Sync 1 DAGs
[2025-02-03T15:02:30.651+0000] {logging_mixin.py:190} INFO - [2025-02-03T15:02:30.651+0000] {dag.py:4180} INFO - Setting next_dagrun for Temp_elt_postgres to 2025-01-25 00:00:00+00:00, run_after=2025-01-26 00:00:00+00:00
[2025-02-03T15:02:30.701+0000] {processor.py:208} INFO - Processing /opt/airflow/dags/weather_etl_postgres.py took 1.080 seconds
[2025-02-03T15:03:01.148+0000] {processor.py:186} INFO - Started process (PID=238) to work on /opt/airflow/dags/weather_etl_postgres.py
[2025-02-03T15:03:01.150+0000] {processor.py:914} INFO - Processing file /opt/airflow/dags/weather_etl_postgres.py for tasks to queue
[2025-02-03T15:03:01.153+0000] {logging_mixin.py:190} INFO - [2025-02-03T15:03:01.153+0000] {dagbag.py:588} INFO - Filling up the DagBag from /opt/airflow/dags/weather_etl_postgres.py
[2025-02-03T15:03:01.886+0000] {processor.py:925} INFO - DAG(s) 'Temp_elt_postgres' retrieved from /opt/airflow/dags/weather_etl_postgres.py
[2025-02-03T15:03:01.913+0000] {logging_mixin.py:190} INFO - [2025-02-03T15:03:01.912+0000] {dag.py:3239} INFO - Sync 1 DAGs
[2025-02-03T15:03:01.952+0000] {logging_mixin.py:190} INFO - [2025-02-03T15:03:01.951+0000] {dag.py:4180} INFO - Setting next_dagrun for Temp_elt_postgres to 2025-01-25 00:00:00+00:00, run_after=2025-01-26 00:00:00+00:00
[2025-02-03T15:03:02.035+0000] {processor.py:208} INFO - Processing /opt/airflow/dags/weather_etl_postgres.py took 0.898 seconds
[2025-02-03T15:03:32.263+0000] {processor.py:186} INFO - Started process (PID=242) to work on /opt/airflow/dags/weather_etl_postgres.py
[2025-02-03T15:03:32.264+0000] {processor.py:914} INFO - Processing file /opt/airflow/dags/weather_etl_postgres.py for tasks to queue
[2025-02-03T15:03:32.269+0000] {logging_mixin.py:190} INFO - [2025-02-03T15:03:32.268+0000] {dagbag.py:588} INFO - Filling up the DagBag from /opt/airflow/dags/weather_etl_postgres.py
[2025-02-03T15:03:32.949+0000] {processor.py:925} INFO - DAG(s) 'Temp_elt_postgres' retrieved from /opt/airflow/dags/weather_etl_postgres.py
[2025-02-03T15:03:32.982+0000] {logging_mixin.py:190} INFO - [2025-02-03T15:03:32.981+0000] {dag.py:3239} INFO - Sync 1 DAGs
[2025-02-03T15:03:33.014+0000] {logging_mixin.py:190} INFO - [2025-02-03T15:03:33.014+0000] {dag.py:4180} INFO - Setting next_dagrun for Temp_elt_postgres to 2025-01-25 00:00:00+00:00, run_after=2025-01-26 00:00:00+00:00
[2025-02-03T15:03:33.081+0000] {processor.py:208} INFO - Processing /opt/airflow/dags/weather_etl_postgres.py took 0.826 seconds
[2025-02-03T15:04:03.346+0000] {processor.py:186} INFO - Started process (PID=246) to work on /opt/airflow/dags/weather_etl_postgres.py
[2025-02-03T15:04:03.348+0000] {processor.py:914} INFO - Processing file /opt/airflow/dags/weather_etl_postgres.py for tasks to queue
[2025-02-03T15:04:03.351+0000] {logging_mixin.py:190} INFO - [2025-02-03T15:04:03.351+0000] {dagbag.py:588} INFO - Filling up the DagBag from /opt/airflow/dags/weather_etl_postgres.py
[2025-02-03T15:04:04.035+0000] {processor.py:925} INFO - DAG(s) 'Temp_elt_postgres' retrieved from /opt/airflow/dags/weather_etl_postgres.py
[2025-02-03T15:04:04.077+0000] {logging_mixin.py:190} INFO - [2025-02-03T15:04:04.076+0000] {dag.py:3239} INFO - Sync 1 DAGs
[2025-02-03T15:04:04.104+0000] {logging_mixin.py:190} INFO - [2025-02-03T15:04:04.103+0000] {dag.py:4180} INFO - Setting next_dagrun for Temp_elt_postgres to 2025-01-25 00:00:00+00:00, run_after=2025-01-26 00:00:00+00:00
[2025-02-03T15:04:04.161+0000] {processor.py:208} INFO - Processing /opt/airflow/dags/weather_etl_postgres.py took 0.822 seconds
[2025-02-03T15:04:34.624+0000] {processor.py:186} INFO - Started process (PID=250) to work on /opt/airflow/dags/weather_etl_postgres.py
[2025-02-03T15:04:34.626+0000] {processor.py:914} INFO - Processing file /opt/airflow/dags/weather_etl_postgres.py for tasks to queue
[2025-02-03T15:04:34.631+0000] {logging_mixin.py:190} INFO - [2025-02-03T15:04:34.631+0000] {dagbag.py:588} INFO - Filling up the DagBag from /opt/airflow/dags/weather_etl_postgres.py
[2025-02-03T15:04:35.396+0000] {processor.py:925} INFO - DAG(s) 'Temp_elt_postgres' retrieved from /opt/airflow/dags/weather_etl_postgres.py
[2025-02-03T15:04:35.432+0000] {logging_mixin.py:190} INFO - [2025-02-03T15:04:35.432+0000] {dag.py:3239} INFO - Sync 1 DAGs
[2025-02-03T15:04:35.459+0000] {logging_mixin.py:190} INFO - [2025-02-03T15:04:35.459+0000] {dag.py:4180} INFO - Setting next_dagrun for Temp_elt_postgres to 2025-01-25 00:00:00+00:00, run_after=2025-01-26 00:00:00+00:00
[2025-02-03T15:04:35.511+0000] {processor.py:208} INFO - Processing /opt/airflow/dags/weather_etl_postgres.py took 0.898 seconds
[2025-02-03T15:05:05.576+0000] {processor.py:186} INFO - Started process (PID=254) to work on /opt/airflow/dags/weather_etl_postgres.py
[2025-02-03T15:05:05.577+0000] {processor.py:914} INFO - Processing file /opt/airflow/dags/weather_etl_postgres.py for tasks to queue
[2025-02-03T15:05:05.580+0000] {logging_mixin.py:190} INFO - [2025-02-03T15:05:05.580+0000] {dagbag.py:588} INFO - Filling up the DagBag from /opt/airflow/dags/weather_etl_postgres.py
[2025-02-03T15:05:06.076+0000] {processor.py:925} INFO - DAG(s) 'Temp_elt_postgres' retrieved from /opt/airflow/dags/weather_etl_postgres.py
[2025-02-03T15:05:06.099+0000] {logging_mixin.py:190} INFO - [2025-02-03T15:05:06.099+0000] {dag.py:3239} INFO - Sync 1 DAGs
[2025-02-03T15:05:06.123+0000] {logging_mixin.py:190} INFO - [2025-02-03T15:05:06.123+0000] {dag.py:4180} INFO - Setting next_dagrun for Temp_elt_postgres to 2025-01-25 00:00:00+00:00, run_after=2025-01-26 00:00:00+00:00
[2025-02-03T15:05:06.164+0000] {processor.py:208} INFO - Processing /opt/airflow/dags/weather_etl_postgres.py took 0.594 seconds
[2025-02-03T21:02:28.685+0000] {processor.py:186} INFO - Started process (PID=56) to work on /opt/airflow/dags/weather_etl_postgres.py
[2025-02-03T21:02:28.687+0000] {processor.py:914} INFO - Processing file /opt/airflow/dags/weather_etl_postgres.py for tasks to queue
[2025-02-03T21:02:28.692+0000] {logging_mixin.py:190} INFO - [2025-02-03T21:02:28.691+0000] {dagbag.py:588} INFO - Filling up the DagBag from /opt/airflow/dags/weather_etl_postgres.py
[2025-02-03T21:02:31.383+0000] {logging_mixin.py:190} INFO - {'message': 'Invalid API key. Go to https://docs.rapidapi.com/docs/keys for more info.'}
[2025-02-03T21:02:31.403+0000] {logging_mixin.py:190} INFO -                                              message
0  Invalid API key. Go to https://docs.rapidapi.c...
[2025-02-03T21:02:31.404+0000] {logging_mixin.py:190} INFO - undexpected error: {e}
[2025-02-03T21:02:31.426+0000] {processor.py:925} INFO - DAG(s) 'Temp_elt_postgres' retrieved from /opt/airflow/dags/weather_etl_postgres.py
[2025-02-03T21:02:31.609+0000] {logging_mixin.py:190} INFO - [2025-02-03T21:02:31.609+0000] {dag.py:3239} INFO - Sync 1 DAGs
[2025-02-03T21:02:31.637+0000] {logging_mixin.py:190} INFO - [2025-02-03T21:02:31.636+0000] {dag.py:4180} INFO - Setting next_dagrun for Temp_elt_postgres to 2025-02-03 00:00:00+00:00, run_after=2025-02-04 00:00:00+00:00
[2025-02-03T21:02:31.733+0000] {processor.py:208} INFO - Processing /opt/airflow/dags/weather_etl_postgres.py took 3.056 seconds
[2025-02-03T21:03:02.455+0000] {processor.py:186} INFO - Started process (PID=80) to work on /opt/airflow/dags/weather_etl_postgres.py
[2025-02-03T21:03:02.458+0000] {processor.py:914} INFO - Processing file /opt/airflow/dags/weather_etl_postgres.py for tasks to queue
[2025-02-03T21:03:02.461+0000] {logging_mixin.py:190} INFO - [2025-02-03T21:03:02.461+0000] {dagbag.py:588} INFO - Filling up the DagBag from /opt/airflow/dags/weather_etl_postgres.py
[2025-02-03T21:03:04.567+0000] {logging_mixin.py:190} INFO - {'message': 'Invalid API key. Go to https://docs.rapidapi.com/docs/keys for more info.'}
[2025-02-03T21:03:04.573+0000] {logging_mixin.py:190} INFO -                                              message
0  Invalid API key. Go to https://docs.rapidapi.c...
[2025-02-03T21:03:04.574+0000] {logging_mixin.py:190} INFO - undexpected error: {e}
[2025-02-03T21:03:04.587+0000] {processor.py:925} INFO - DAG(s) 'Temp_elt_postgres' retrieved from /opt/airflow/dags/weather_etl_postgres.py
[2025-02-03T21:03:04.621+0000] {logging_mixin.py:190} INFO - [2025-02-03T21:03:04.619+0000] {dag.py:3239} INFO - Sync 1 DAGs
[2025-02-03T21:03:04.654+0000] {logging_mixin.py:190} INFO - [2025-02-03T21:03:04.654+0000] {dag.py:4180} INFO - Setting next_dagrun for Temp_elt_postgres to 2025-02-03 00:00:00+00:00, run_after=2025-02-04 00:00:00+00:00
[2025-02-03T21:03:04.710+0000] {processor.py:208} INFO - Processing /opt/airflow/dags/weather_etl_postgres.py took 2.271 seconds
[2025-02-03T21:04:11.050+0000] {processor.py:186} INFO - Started process (PID=144) to work on /opt/airflow/dags/weather_etl_postgres.py
[2025-02-03T21:04:11.051+0000] {processor.py:914} INFO - Processing file /opt/airflow/dags/weather_etl_postgres.py for tasks to queue
[2025-02-03T21:04:11.054+0000] {logging_mixin.py:190} INFO - [2025-02-03T21:04:11.053+0000] {dagbag.py:588} INFO - Filling up the DagBag from /opt/airflow/dags/weather_etl_postgres.py
[2025-02-03T21:04:12.283+0000] {logging_mixin.py:190} INFO - {'message': 'Too many requests'}
[2025-02-03T21:04:12.294+0000] {logging_mixin.py:190} INFO -              message
0  Too many requests
[2025-02-03T21:04:12.295+0000] {logging_mixin.py:190} INFO - undexpected error: {e}
[2025-02-03T21:04:12.308+0000] {processor.py:925} INFO - DAG(s) 'Temp_elt_postgres' retrieved from /opt/airflow/dags/weather_etl_postgres.py
[2025-02-03T21:04:12.334+0000] {logging_mixin.py:190} INFO - [2025-02-03T21:04:12.334+0000] {dag.py:3239} INFO - Sync 1 DAGs
[2025-02-03T21:04:12.355+0000] {logging_mixin.py:190} INFO - [2025-02-03T21:04:12.355+0000] {dag.py:4180} INFO - Setting next_dagrun for Temp_elt_postgres to 2025-02-03 00:00:00+00:00, run_after=2025-02-04 00:00:00+00:00
[2025-02-03T21:04:12.387+0000] {processor.py:208} INFO - Processing /opt/airflow/dags/weather_etl_postgres.py took 1.344 seconds
[2025-02-03T21:04:43.369+0000] {processor.py:186} INFO - Started process (PID=160) to work on /opt/airflow/dags/weather_etl_postgres.py
[2025-02-03T21:04:43.370+0000] {processor.py:914} INFO - Processing file /opt/airflow/dags/weather_etl_postgres.py for tasks to queue
[2025-02-03T21:04:43.373+0000] {logging_mixin.py:190} INFO - [2025-02-03T21:04:43.372+0000] {dagbag.py:588} INFO - Filling up the DagBag from /opt/airflow/dags/weather_etl_postgres.py
[2025-02-03T21:04:49.964+0000] {logging_mixin.py:190} INFO - {'message': 'Invalid API key. Go to https://docs.rapidapi.com/docs/keys for more info.'}
[2025-02-03T21:04:49.969+0000] {logging_mixin.py:190} INFO -                                              message
0  Invalid API key. Go to https://docs.rapidapi.c...
[2025-02-03T21:04:49.970+0000] {logging_mixin.py:190} INFO - undexpected error: {e}
[2025-02-03T21:04:49.977+0000] {processor.py:925} INFO - DAG(s) 'Temp_elt_postgres' retrieved from /opt/airflow/dags/weather_etl_postgres.py
[2025-02-03T21:04:50.000+0000] {logging_mixin.py:190} INFO - [2025-02-03T21:04:49.999+0000] {dag.py:3239} INFO - Sync 1 DAGs
[2025-02-03T21:04:50.018+0000] {logging_mixin.py:190} INFO - [2025-02-03T21:04:50.018+0000] {dag.py:4180} INFO - Setting next_dagrun for Temp_elt_postgres to 2025-02-03 00:00:00+00:00, run_after=2025-02-04 00:00:00+00:00
[2025-02-03T21:04:50.054+0000] {processor.py:208} INFO - Processing /opt/airflow/dags/weather_etl_postgres.py took 6.692 seconds
[2025-02-03T21:05:20.948+0000] {processor.py:186} INFO - Started process (PID=176) to work on /opt/airflow/dags/weather_etl_postgres.py
[2025-02-03T21:05:20.950+0000] {processor.py:914} INFO - Processing file /opt/airflow/dags/weather_etl_postgres.py for tasks to queue
[2025-02-03T21:05:20.956+0000] {logging_mixin.py:190} INFO - [2025-02-03T21:05:20.955+0000] {dagbag.py:588} INFO - Filling up the DagBag from /opt/airflow/dags/weather_etl_postgres.py
[2025-02-03T21:05:22.672+0000] {logging_mixin.py:190} INFO - {'message': 'Invalid API key. Go to https://docs.rapidapi.com/docs/keys for more info.'}
[2025-02-03T21:05:22.678+0000] {logging_mixin.py:190} INFO -                                              message
0  Invalid API key. Go to https://docs.rapidapi.c...
[2025-02-03T21:05:22.679+0000] {logging_mixin.py:190} INFO - undexpected error: {e}
[2025-02-03T21:05:22.687+0000] {processor.py:925} INFO - DAG(s) 'Temp_elt_postgres' retrieved from /opt/airflow/dags/weather_etl_postgres.py
[2025-02-03T21:05:22.718+0000] {logging_mixin.py:190} INFO - [2025-02-03T21:05:22.717+0000] {dag.py:3239} INFO - Sync 1 DAGs
[2025-02-03T21:05:22.744+0000] {logging_mixin.py:190} INFO - [2025-02-03T21:05:22.744+0000] {dag.py:4180} INFO - Setting next_dagrun for Temp_elt_postgres to 2025-02-03 00:00:00+00:00, run_after=2025-02-04 00:00:00+00:00
[2025-02-03T21:05:22.864+0000] {processor.py:208} INFO - Processing /opt/airflow/dags/weather_etl_postgres.py took 1.926 seconds
[2025-02-03T21:05:53.039+0000] {processor.py:186} INFO - Started process (PID=180) to work on /opt/airflow/dags/weather_etl_postgres.py
[2025-02-03T21:05:53.041+0000] {processor.py:914} INFO - Processing file /opt/airflow/dags/weather_etl_postgres.py for tasks to queue
[2025-02-03T21:05:53.044+0000] {logging_mixin.py:190} INFO - [2025-02-03T21:05:53.044+0000] {dagbag.py:588} INFO - Filling up the DagBag from /opt/airflow/dags/weather_etl_postgres.py
[2025-02-03T21:05:54.497+0000] {logging_mixin.py:190} INFO - {'message': 'Invalid API key. Go to https://docs.rapidapi.com/docs/keys for more info.'}
[2025-02-03T21:05:54.506+0000] {logging_mixin.py:190} INFO -                                              message
0  Invalid API key. Go to https://docs.rapidapi.c...
[2025-02-03T21:05:54.507+0000] {logging_mixin.py:190} INFO - undexpected error: {e}
[2025-02-03T21:05:54.524+0000] {processor.py:925} INFO - DAG(s) 'Temp_elt_postgres' retrieved from /opt/airflow/dags/weather_etl_postgres.py
[2025-02-03T21:05:54.566+0000] {logging_mixin.py:190} INFO - [2025-02-03T21:05:54.565+0000] {dag.py:3239} INFO - Sync 1 DAGs
[2025-02-03T21:05:54.596+0000] {logging_mixin.py:190} INFO - [2025-02-03T21:05:54.596+0000] {dag.py:4180} INFO - Setting next_dagrun for Temp_elt_postgres to 2025-02-03 00:00:00+00:00, run_after=2025-02-04 00:00:00+00:00
[2025-02-03T21:05:54.640+0000] {processor.py:208} INFO - Processing /opt/airflow/dags/weather_etl_postgres.py took 1.607 seconds
