[2025-01-26T16:39:25.601+0000] {local_task_job_runner.py:123} INFO - ::group::Pre task execution logs
[2025-01-26T16:39:25.630+0000] {taskinstance.py:2613} INFO - Dependencies all met for dep_context=non-requeueable deps ti=<TaskInstance: dag_with_postgres_operator_v03.insert_into_table manual__2025-01-26T16:38:43.308271+00:00 [queued]>
[2025-01-26T16:39:25.642+0000] {taskinstance.py:2613} INFO - Dependencies all met for dep_context=requeueable deps ti=<TaskInstance: dag_with_postgres_operator_v03.insert_into_table manual__2025-01-26T16:38:43.308271+00:00 [queued]>
[2025-01-26T16:39:25.643+0000] {taskinstance.py:2866} INFO - Starting attempt 1 of 6
[2025-01-26T16:39:25.678+0000] {taskinstance.py:2889} INFO - Executing <Task(PostgresOperator): insert_into_table> on 2025-01-26 16:38:43.308271+00:00
[2025-01-26T16:39:25.684+0000] {standard_task_runner.py:72} INFO - Started process 437 to run task
[2025-01-26T16:39:25.688+0000] {standard_task_runner.py:104} INFO - Running: ['airflow', 'tasks', 'run', 'dag_with_postgres_operator_v03', 'insert_into_table', 'manual__2025-01-26T16:38:43.308271+00:00', '--job-id', '13', '--raw', '--subdir', 'DAGS_FOLDER/dag_with_postgres_operator.py', '--cfg-path', '/tmp/tmpinmisku0']
[2025-01-26T16:39:25.691+0000] {standard_task_runner.py:105} INFO - Job 13: Subtask insert_into_table
[2025-01-26T16:39:25.762+0000] {task_command.py:467} INFO - Running <TaskInstance: dag_with_postgres_operator_v03.insert_into_table manual__2025-01-26T16:38:43.308271+00:00 [running]> on host e707c27216fc
[2025-01-26T16:39:25.863+0000] {taskinstance.py:3132} INFO - Exporting env vars: AIRFLOW_CTX_DAG_OWNER='coder2j' AIRFLOW_CTX_DAG_ID='dag_with_postgres_operator_v03' AIRFLOW_CTX_TASK_ID='insert_into_table' AIRFLOW_CTX_EXECUTION_DATE='2025-01-26T16:38:43.308271+00:00' AIRFLOW_CTX_TRY_NUMBER='1' AIRFLOW_CTX_DAG_RUN_ID='manual__2025-01-26T16:38:43.308271+00:00'
[2025-01-26T16:39:25.865+0000] {taskinstance.py:731} INFO - ::endgroup::
[2025-01-26T16:39:25.886+0000] {sql.py:278} INFO - Executing: 
            insert into dag_runs (dt, dag_id) values ('2025-01-26', 'dag_with_postgres_operator_v03')
        
[2025-01-26T16:39:25.897+0000] {base.py:84} INFO - Retrieving connection 'postgres_localhost'
[2025-01-26T16:39:25.995+0000] {base.py:84} INFO - Retrieving connection 'postgres_localhost'
[2025-01-26T16:39:26.009+0000] {sql.py:553} INFO - Running statement: 
            insert into dag_runs (dt, dag_id) values ('2025-01-26', 'dag_with_postgres_operator_v03')
        , parameters: None
[2025-01-26T16:39:26.014+0000] {sql.py:562} INFO - Rows affected: 1
[2025-01-26T16:39:26.029+0000] {taskinstance.py:340} INFO - ::group::Post task execution logs
[2025-01-26T16:39:26.030+0000] {taskinstance.py:352} INFO - Marking task as SUCCESS. dag_id=dag_with_postgres_operator_v03, task_id=insert_into_table, run_id=manual__2025-01-26T16:38:43.308271+00:00, execution_date=20250126T163843, start_date=20250126T163925, end_date=20250126T163926
[2025-01-26T16:39:26.073+0000] {local_task_job_runner.py:266} INFO - Task exited with return code 0
[2025-01-26T16:39:26.091+0000] {taskinstance.py:3895} INFO - 0 downstream tasks scheduled from follow-on schedule check
[2025-01-26T16:39:26.092+0000] {local_task_job_runner.py:245} INFO - ::endgroup::
