[2025-02-02T20:06:41.369+0000] {processor.py:186} INFO - Started process (PID=77) to work on /opt/airflow/dags/sample.py
[2025-02-02T20:06:41.371+0000] {processor.py:914} INFO - Processing file /opt/airflow/dags/sample.py for tasks to queue
[2025-02-02T20:06:41.374+0000] {logging_mixin.py:190} INFO - [2025-02-02T20:06:41.373+0000] {dagbag.py:588} INFO - Filling up the DagBag from /opt/airflow/dags/sample.py
[2025-02-02T20:06:41.395+0000] {processor.py:925} INFO - DAG(s) 'hello_world_dag' retrieved from /opt/airflow/dags/sample.py
[2025-02-02T20:06:41.566+0000] {logging_mixin.py:190} INFO - [2025-02-02T20:06:41.565+0000] {override.py:1911} INFO - Created Permission View: can read on DAG:hello_world_dag
[2025-02-02T20:06:41.587+0000] {logging_mixin.py:190} INFO - [2025-02-02T20:06:41.586+0000] {override.py:1911} INFO - Created Permission View: can edit on DAG:hello_world_dag
[2025-02-02T20:06:41.605+0000] {logging_mixin.py:190} INFO - [2025-02-02T20:06:41.605+0000] {override.py:1911} INFO - Created Permission View: can delete on DAG:hello_world_dag
[2025-02-02T20:06:41.635+0000] {logging_mixin.py:190} INFO - [2025-02-02T20:06:41.635+0000] {override.py:1911} INFO - Created Permission View: can read on DAG Run:hello_world_dag
[2025-02-02T20:06:41.655+0000] {logging_mixin.py:190} INFO - [2025-02-02T20:06:41.655+0000] {override.py:1911} INFO - Created Permission View: can create on DAG Run:hello_world_dag
[2025-02-02T20:06:41.672+0000] {logging_mixin.py:190} INFO - [2025-02-02T20:06:41.671+0000] {override.py:1911} INFO - Created Permission View: can delete on DAG Run:hello_world_dag
[2025-02-02T20:06:41.690+0000] {logging_mixin.py:190} INFO - [2025-02-02T20:06:41.690+0000] {override.py:1911} INFO - Created Permission View: menu access on DAG Run:hello_world_dag
[2025-02-02T20:06:41.691+0000] {logging_mixin.py:190} INFO - [2025-02-02T20:06:41.691+0000] {dag.py:3239} INFO - Sync 1 DAGs
[2025-02-02T20:06:41.706+0000] {logging_mixin.py:190} INFO - [2025-02-02T20:06:41.706+0000] {dag.py:3262} INFO - Creating ORM DAG for hello_world_dag
[2025-02-02T20:06:41.707+0000] {logging_mixin.py:190} INFO - [2025-02-02T20:06:41.707+0000] {dag.py:4180} INFO - Setting next_dagrun for hello_world_dag to None, run_after=None
[2025-02-02T20:06:41.742+0000] {processor.py:208} INFO - Processing /opt/airflow/dags/sample.py took 0.378 seconds
[2025-02-02T20:07:11.813+0000] {processor.py:186} INFO - Started process (PID=78) to work on /opt/airflow/dags/sample.py
[2025-02-02T20:07:11.814+0000] {processor.py:914} INFO - Processing file /opt/airflow/dags/sample.py for tasks to queue
[2025-02-02T20:07:11.816+0000] {logging_mixin.py:190} INFO - [2025-02-02T20:07:11.816+0000] {dagbag.py:588} INFO - Filling up the DagBag from /opt/airflow/dags/sample.py
[2025-02-02T20:07:11.834+0000] {processor.py:925} INFO - DAG(s) 'hello_world_dag' retrieved from /opt/airflow/dags/sample.py
[2025-02-02T20:07:11.862+0000] {logging_mixin.py:190} INFO - [2025-02-02T20:07:11.862+0000] {dag.py:3239} INFO - Sync 1 DAGs
[2025-02-02T20:07:11.879+0000] {logging_mixin.py:190} INFO - [2025-02-02T20:07:11.878+0000] {dag.py:4180} INFO - Setting next_dagrun for hello_world_dag to None, run_after=None
[2025-02-02T20:07:11.917+0000] {processor.py:208} INFO - Processing /opt/airflow/dags/sample.py took 0.111 seconds
[2025-02-02T20:07:42.965+0000] {processor.py:186} INFO - Started process (PID=80) to work on /opt/airflow/dags/sample.py
[2025-02-02T20:07:42.967+0000] {processor.py:914} INFO - Processing file /opt/airflow/dags/sample.py for tasks to queue
[2025-02-02T20:07:42.970+0000] {logging_mixin.py:190} INFO - [2025-02-02T20:07:42.969+0000] {dagbag.py:588} INFO - Filling up the DagBag from /opt/airflow/dags/sample.py
[2025-02-02T20:07:42.991+0000] {processor.py:925} INFO - DAG(s) 'hello_world_dag' retrieved from /opt/airflow/dags/sample.py
[2025-02-02T20:07:43.024+0000] {logging_mixin.py:190} INFO - [2025-02-02T20:07:43.023+0000] {dag.py:3239} INFO - Sync 1 DAGs
[2025-02-02T20:07:43.038+0000] {logging_mixin.py:190} INFO - [2025-02-02T20:07:43.038+0000] {dag.py:4180} INFO - Setting next_dagrun for hello_world_dag to None, run_after=None
[2025-02-02T20:07:43.073+0000] {processor.py:208} INFO - Processing /opt/airflow/dags/sample.py took 0.117 seconds
[2025-02-02T20:08:13.388+0000] {processor.py:186} INFO - Started process (PID=81) to work on /opt/airflow/dags/sample.py
[2025-02-02T20:08:13.390+0000] {processor.py:914} INFO - Processing file /opt/airflow/dags/sample.py for tasks to queue
[2025-02-02T20:08:13.394+0000] {logging_mixin.py:190} INFO - [2025-02-02T20:08:13.393+0000] {dagbag.py:588} INFO - Filling up the DagBag from /opt/airflow/dags/sample.py
[2025-02-02T20:08:13.410+0000] {processor.py:925} INFO - DAG(s) 'hello_world_dag' retrieved from /opt/airflow/dags/sample.py
[2025-02-02T20:08:13.447+0000] {logging_mixin.py:190} INFO - [2025-02-02T20:08:13.447+0000] {dag.py:3239} INFO - Sync 1 DAGs
[2025-02-02T20:08:13.464+0000] {logging_mixin.py:190} INFO - [2025-02-02T20:08:13.464+0000] {dag.py:4180} INFO - Setting next_dagrun for hello_world_dag to None, run_after=None
[2025-02-02T20:08:13.503+0000] {processor.py:208} INFO - Processing /opt/airflow/dags/sample.py took 0.121 seconds
[2025-02-02T20:08:43.744+0000] {processor.py:186} INFO - Started process (PID=82) to work on /opt/airflow/dags/sample.py
[2025-02-02T20:08:43.745+0000] {processor.py:914} INFO - Processing file /opt/airflow/dags/sample.py for tasks to queue
[2025-02-02T20:08:43.748+0000] {logging_mixin.py:190} INFO - [2025-02-02T20:08:43.747+0000] {dagbag.py:588} INFO - Filling up the DagBag from /opt/airflow/dags/sample.py
[2025-02-02T20:08:43.760+0000] {processor.py:925} INFO - DAG(s) 'hello_world_dag' retrieved from /opt/airflow/dags/sample.py
[2025-02-02T20:08:43.791+0000] {logging_mixin.py:190} INFO - [2025-02-02T20:08:43.791+0000] {dag.py:3239} INFO - Sync 1 DAGs
[2025-02-02T20:08:43.807+0000] {logging_mixin.py:190} INFO - [2025-02-02T20:08:43.807+0000] {dag.py:4180} INFO - Setting next_dagrun for hello_world_dag to None, run_after=None
[2025-02-02T20:08:43.847+0000] {processor.py:208} INFO - Processing /opt/airflow/dags/sample.py took 0.108 seconds
[2025-02-02T20:09:14.031+0000] {processor.py:186} INFO - Started process (PID=83) to work on /opt/airflow/dags/sample.py
[2025-02-02T20:09:14.032+0000] {processor.py:914} INFO - Processing file /opt/airflow/dags/sample.py for tasks to queue
[2025-02-02T20:09:14.036+0000] {logging_mixin.py:190} INFO - [2025-02-02T20:09:14.035+0000] {dagbag.py:588} INFO - Filling up the DagBag from /opt/airflow/dags/sample.py
[2025-02-02T20:09:14.049+0000] {processor.py:925} INFO - DAG(s) 'hello_world_dag' retrieved from /opt/airflow/dags/sample.py
[2025-02-02T20:09:14.080+0000] {logging_mixin.py:190} INFO - [2025-02-02T20:09:14.080+0000] {dag.py:3239} INFO - Sync 1 DAGs
[2025-02-02T20:09:14.096+0000] {logging_mixin.py:190} INFO - [2025-02-02T20:09:14.096+0000] {dag.py:4180} INFO - Setting next_dagrun for hello_world_dag to None, run_after=None
[2025-02-02T20:09:14.133+0000] {processor.py:208} INFO - Processing /opt/airflow/dags/sample.py took 0.108 seconds
[2025-02-02T20:09:44.385+0000] {processor.py:186} INFO - Started process (PID=84) to work on /opt/airflow/dags/sample.py
[2025-02-02T20:09:44.386+0000] {processor.py:914} INFO - Processing file /opt/airflow/dags/sample.py for tasks to queue
[2025-02-02T20:09:44.389+0000] {logging_mixin.py:190} INFO - [2025-02-02T20:09:44.389+0000] {dagbag.py:588} INFO - Filling up the DagBag from /opt/airflow/dags/sample.py
[2025-02-02T20:09:44.404+0000] {processor.py:925} INFO - DAG(s) 'hello_world_dag' retrieved from /opt/airflow/dags/sample.py
[2025-02-02T20:09:44.435+0000] {logging_mixin.py:190} INFO - [2025-02-02T20:09:44.435+0000] {dag.py:3239} INFO - Sync 1 DAGs
[2025-02-02T20:09:44.451+0000] {logging_mixin.py:190} INFO - [2025-02-02T20:09:44.451+0000] {dag.py:4180} INFO - Setting next_dagrun for hello_world_dag to None, run_after=None
[2025-02-02T20:09:44.489+0000] {processor.py:208} INFO - Processing /opt/airflow/dags/sample.py took 0.110 seconds
[2025-02-02T20:10:14.792+0000] {processor.py:186} INFO - Started process (PID=85) to work on /opt/airflow/dags/sample.py
[2025-02-02T20:10:14.793+0000] {processor.py:914} INFO - Processing file /opt/airflow/dags/sample.py for tasks to queue
[2025-02-02T20:10:14.796+0000] {logging_mixin.py:190} INFO - [2025-02-02T20:10:14.795+0000] {dagbag.py:588} INFO - Filling up the DagBag from /opt/airflow/dags/sample.py
[2025-02-02T20:10:14.809+0000] {processor.py:925} INFO - DAG(s) 'hello_world_dag' retrieved from /opt/airflow/dags/sample.py
[2025-02-02T20:10:14.836+0000] {logging_mixin.py:190} INFO - [2025-02-02T20:10:14.835+0000] {dag.py:3239} INFO - Sync 1 DAGs
[2025-02-02T20:10:14.851+0000] {logging_mixin.py:190} INFO - [2025-02-02T20:10:14.851+0000] {dag.py:4180} INFO - Setting next_dagrun for hello_world_dag to None, run_after=None
[2025-02-02T20:10:14.890+0000] {processor.py:208} INFO - Processing /opt/airflow/dags/sample.py took 0.104 seconds
[2025-02-02T20:10:45.170+0000] {processor.py:186} INFO - Started process (PID=86) to work on /opt/airflow/dags/sample.py
[2025-02-02T20:10:45.171+0000] {processor.py:914} INFO - Processing file /opt/airflow/dags/sample.py for tasks to queue
[2025-02-02T20:10:45.175+0000] {logging_mixin.py:190} INFO - [2025-02-02T20:10:45.174+0000] {dagbag.py:588} INFO - Filling up the DagBag from /opt/airflow/dags/sample.py
[2025-02-02T20:10:45.191+0000] {processor.py:925} INFO - DAG(s) 'hello_world_dag' retrieved from /opt/airflow/dags/sample.py
[2025-02-02T20:10:45.225+0000] {logging_mixin.py:190} INFO - [2025-02-02T20:10:45.224+0000] {dag.py:3239} INFO - Sync 1 DAGs
[2025-02-02T20:10:45.242+0000] {logging_mixin.py:190} INFO - [2025-02-02T20:10:45.241+0000] {dag.py:4180} INFO - Setting next_dagrun for hello_world_dag to None, run_after=None
[2025-02-02T20:10:45.294+0000] {processor.py:208} INFO - Processing /opt/airflow/dags/sample.py took 0.133 seconds
[2025-02-02T20:11:15.541+0000] {processor.py:186} INFO - Started process (PID=87) to work on /opt/airflow/dags/sample.py
[2025-02-02T20:11:15.543+0000] {processor.py:914} INFO - Processing file /opt/airflow/dags/sample.py for tasks to queue
[2025-02-02T20:11:15.545+0000] {logging_mixin.py:190} INFO - [2025-02-02T20:11:15.545+0000] {dagbag.py:588} INFO - Filling up the DagBag from /opt/airflow/dags/sample.py
[2025-02-02T20:11:15.564+0000] {processor.py:925} INFO - DAG(s) 'hello_world_dag' retrieved from /opt/airflow/dags/sample.py
[2025-02-02T20:11:15.613+0000] {logging_mixin.py:190} INFO - [2025-02-02T20:11:15.613+0000] {dag.py:3239} INFO - Sync 1 DAGs
[2025-02-02T20:11:15.648+0000] {logging_mixin.py:190} INFO - [2025-02-02T20:11:15.646+0000] {dag.py:4180} INFO - Setting next_dagrun for hello_world_dag to None, run_after=None
[2025-02-02T20:11:15.714+0000] {processor.py:208} INFO - Processing /opt/airflow/dags/sample.py took 0.179 seconds
[2025-02-02T20:11:45.929+0000] {processor.py:186} INFO - Started process (PID=88) to work on /opt/airflow/dags/sample.py
[2025-02-02T20:11:45.931+0000] {processor.py:914} INFO - Processing file /opt/airflow/dags/sample.py for tasks to queue
[2025-02-02T20:11:45.935+0000] {logging_mixin.py:190} INFO - [2025-02-02T20:11:45.934+0000] {dagbag.py:588} INFO - Filling up the DagBag from /opt/airflow/dags/sample.py
[2025-02-02T20:11:45.950+0000] {processor.py:925} INFO - DAG(s) 'hello_world_dag' retrieved from /opt/airflow/dags/sample.py
[2025-02-02T20:11:45.989+0000] {logging_mixin.py:190} INFO - [2025-02-02T20:11:45.989+0000] {dag.py:3239} INFO - Sync 1 DAGs
[2025-02-02T20:11:46.005+0000] {logging_mixin.py:190} INFO - [2025-02-02T20:11:46.005+0000] {dag.py:4180} INFO - Setting next_dagrun for hello_world_dag to None, run_after=None
[2025-02-02T20:11:46.050+0000] {processor.py:208} INFO - Processing /opt/airflow/dags/sample.py took 0.129 seconds
[2025-02-02T20:12:16.330+0000] {processor.py:186} INFO - Started process (PID=89) to work on /opt/airflow/dags/sample.py
[2025-02-02T20:12:16.332+0000] {processor.py:914} INFO - Processing file /opt/airflow/dags/sample.py for tasks to queue
[2025-02-02T20:12:16.335+0000] {logging_mixin.py:190} INFO - [2025-02-02T20:12:16.335+0000] {dagbag.py:588} INFO - Filling up the DagBag from /opt/airflow/dags/sample.py
[2025-02-02T20:12:16.349+0000] {processor.py:925} INFO - DAG(s) 'hello_world_dag' retrieved from /opt/airflow/dags/sample.py
[2025-02-02T20:12:16.380+0000] {logging_mixin.py:190} INFO - [2025-02-02T20:12:16.380+0000] {dag.py:3239} INFO - Sync 1 DAGs
[2025-02-02T20:12:16.398+0000] {logging_mixin.py:190} INFO - [2025-02-02T20:12:16.397+0000] {dag.py:4180} INFO - Setting next_dagrun for hello_world_dag to None, run_after=None
[2025-02-02T20:12:16.440+0000] {processor.py:208} INFO - Processing /opt/airflow/dags/sample.py took 0.118 seconds
[2025-02-02T20:12:46.779+0000] {processor.py:186} INFO - Started process (PID=90) to work on /opt/airflow/dags/sample.py
[2025-02-02T20:12:46.780+0000] {processor.py:914} INFO - Processing file /opt/airflow/dags/sample.py for tasks to queue
[2025-02-02T20:12:46.784+0000] {logging_mixin.py:190} INFO - [2025-02-02T20:12:46.783+0000] {dagbag.py:588} INFO - Filling up the DagBag from /opt/airflow/dags/sample.py
[2025-02-02T20:12:46.806+0000] {processor.py:925} INFO - DAG(s) 'hello_world_dag' retrieved from /opt/airflow/dags/sample.py
[2025-02-02T20:12:46.844+0000] {logging_mixin.py:190} INFO - [2025-02-02T20:12:46.844+0000] {dag.py:3239} INFO - Sync 1 DAGs
[2025-02-02T20:12:46.861+0000] {logging_mixin.py:190} INFO - [2025-02-02T20:12:46.861+0000] {dag.py:4180} INFO - Setting next_dagrun for hello_world_dag to None, run_after=None
[2025-02-02T20:12:46.904+0000] {processor.py:208} INFO - Processing /opt/airflow/dags/sample.py took 0.136 seconds
[2025-02-02T20:13:17.049+0000] {processor.py:186} INFO - Started process (PID=91) to work on /opt/airflow/dags/sample.py
[2025-02-02T20:13:17.050+0000] {processor.py:914} INFO - Processing file /opt/airflow/dags/sample.py for tasks to queue
[2025-02-02T20:13:17.053+0000] {logging_mixin.py:190} INFO - [2025-02-02T20:13:17.053+0000] {dagbag.py:588} INFO - Filling up the DagBag from /opt/airflow/dags/sample.py
[2025-02-02T20:13:17.072+0000] {processor.py:925} INFO - DAG(s) 'hello_world_dag' retrieved from /opt/airflow/dags/sample.py
[2025-02-02T20:13:17.105+0000] {logging_mixin.py:190} INFO - [2025-02-02T20:13:17.104+0000] {dag.py:3239} INFO - Sync 1 DAGs
[2025-02-02T20:13:17.125+0000] {logging_mixin.py:190} INFO - [2025-02-02T20:13:17.125+0000] {dag.py:4180} INFO - Setting next_dagrun for hello_world_dag to None, run_after=None
[2025-02-02T20:13:17.175+0000] {processor.py:208} INFO - Processing /opt/airflow/dags/sample.py took 0.133 seconds
[2025-02-02T20:13:47.456+0000] {processor.py:186} INFO - Started process (PID=92) to work on /opt/airflow/dags/sample.py
[2025-02-02T20:13:47.457+0000] {processor.py:914} INFO - Processing file /opt/airflow/dags/sample.py for tasks to queue
[2025-02-02T20:13:47.460+0000] {logging_mixin.py:190} INFO - [2025-02-02T20:13:47.460+0000] {dagbag.py:588} INFO - Filling up the DagBag from /opt/airflow/dags/sample.py
[2025-02-02T20:13:47.475+0000] {processor.py:925} INFO - DAG(s) 'hello_world_dag' retrieved from /opt/airflow/dags/sample.py
[2025-02-02T20:13:47.515+0000] {logging_mixin.py:190} INFO - [2025-02-02T20:13:47.515+0000] {dag.py:3239} INFO - Sync 1 DAGs
[2025-02-02T20:13:47.534+0000] {logging_mixin.py:190} INFO - [2025-02-02T20:13:47.534+0000] {dag.py:4180} INFO - Setting next_dagrun for hello_world_dag to None, run_after=None
[2025-02-02T20:13:47.584+0000] {processor.py:208} INFO - Processing /opt/airflow/dags/sample.py took 0.135 seconds
[2025-02-02T20:14:17.845+0000] {processor.py:186} INFO - Started process (PID=93) to work on /opt/airflow/dags/sample.py
[2025-02-02T20:14:17.846+0000] {processor.py:914} INFO - Processing file /opt/airflow/dags/sample.py for tasks to queue
[2025-02-02T20:14:17.849+0000] {logging_mixin.py:190} INFO - [2025-02-02T20:14:17.849+0000] {dagbag.py:588} INFO - Filling up the DagBag from /opt/airflow/dags/sample.py
[2025-02-02T20:14:17.866+0000] {processor.py:925} INFO - DAG(s) 'hello_world_dag' retrieved from /opt/airflow/dags/sample.py
[2025-02-02T20:14:17.900+0000] {logging_mixin.py:190} INFO - [2025-02-02T20:14:17.900+0000] {dag.py:3239} INFO - Sync 1 DAGs
[2025-02-02T20:14:17.916+0000] {logging_mixin.py:190} INFO - [2025-02-02T20:14:17.916+0000] {dag.py:4180} INFO - Setting next_dagrun for hello_world_dag to None, run_after=None
[2025-02-02T20:14:17.959+0000] {processor.py:208} INFO - Processing /opt/airflow/dags/sample.py took 0.121 seconds
[2025-02-02T20:14:48.194+0000] {processor.py:186} INFO - Started process (PID=94) to work on /opt/airflow/dags/sample.py
[2025-02-02T20:14:48.196+0000] {processor.py:914} INFO - Processing file /opt/airflow/dags/sample.py for tasks to queue
[2025-02-02T20:14:48.199+0000] {logging_mixin.py:190} INFO - [2025-02-02T20:14:48.199+0000] {dagbag.py:588} INFO - Filling up the DagBag from /opt/airflow/dags/sample.py
[2025-02-02T20:14:48.215+0000] {processor.py:925} INFO - DAG(s) 'hello_world_dag' retrieved from /opt/airflow/dags/sample.py
[2025-02-02T20:14:48.246+0000] {logging_mixin.py:190} INFO - [2025-02-02T20:14:48.246+0000] {dag.py:3239} INFO - Sync 1 DAGs
[2025-02-02T20:14:48.263+0000] {logging_mixin.py:190} INFO - [2025-02-02T20:14:48.263+0000] {dag.py:4180} INFO - Setting next_dagrun for hello_world_dag to None, run_after=None
[2025-02-02T20:14:48.305+0000] {processor.py:208} INFO - Processing /opt/airflow/dags/sample.py took 0.118 seconds
[2025-02-02T20:15:18.587+0000] {processor.py:186} INFO - Started process (PID=95) to work on /opt/airflow/dags/sample.py
[2025-02-02T20:15:18.588+0000] {processor.py:914} INFO - Processing file /opt/airflow/dags/sample.py for tasks to queue
[2025-02-02T20:15:18.592+0000] {logging_mixin.py:190} INFO - [2025-02-02T20:15:18.591+0000] {dagbag.py:588} INFO - Filling up the DagBag from /opt/airflow/dags/sample.py
[2025-02-02T20:15:18.606+0000] {processor.py:925} INFO - DAG(s) 'hello_world_dag' retrieved from /opt/airflow/dags/sample.py
[2025-02-02T20:15:18.644+0000] {logging_mixin.py:190} INFO - [2025-02-02T20:15:18.643+0000] {dag.py:3239} INFO - Sync 1 DAGs
[2025-02-02T20:15:18.662+0000] {logging_mixin.py:190} INFO - [2025-02-02T20:15:18.661+0000] {dag.py:4180} INFO - Setting next_dagrun for hello_world_dag to None, run_after=None
[2025-02-02T20:15:18.712+0000] {processor.py:208} INFO - Processing /opt/airflow/dags/sample.py took 0.132 seconds
[2025-02-02T20:15:48.949+0000] {processor.py:186} INFO - Started process (PID=96) to work on /opt/airflow/dags/sample.py
[2025-02-02T20:15:48.950+0000] {processor.py:914} INFO - Processing file /opt/airflow/dags/sample.py for tasks to queue
[2025-02-02T20:15:48.953+0000] {logging_mixin.py:190} INFO - [2025-02-02T20:15:48.952+0000] {dagbag.py:588} INFO - Filling up the DagBag from /opt/airflow/dags/sample.py
[2025-02-02T20:15:48.969+0000] {processor.py:925} INFO - DAG(s) 'hello_world_dag' retrieved from /opt/airflow/dags/sample.py
[2025-02-02T20:15:49.028+0000] {logging_mixin.py:190} INFO - [2025-02-02T20:15:49.028+0000] {dag.py:3239} INFO - Sync 1 DAGs
[2025-02-02T20:15:49.057+0000] {logging_mixin.py:190} INFO - [2025-02-02T20:15:49.057+0000] {dag.py:4180} INFO - Setting next_dagrun for hello_world_dag to None, run_after=None
[2025-02-02T20:15:49.121+0000] {processor.py:208} INFO - Processing /opt/airflow/dags/sample.py took 0.178 seconds
[2025-02-02T20:16:19.316+0000] {processor.py:186} INFO - Started process (PID=97) to work on /opt/airflow/dags/sample.py
[2025-02-02T20:16:19.318+0000] {processor.py:914} INFO - Processing file /opt/airflow/dags/sample.py for tasks to queue
[2025-02-02T20:16:19.321+0000] {logging_mixin.py:190} INFO - [2025-02-02T20:16:19.320+0000] {dagbag.py:588} INFO - Filling up the DagBag from /opt/airflow/dags/sample.py
[2025-02-02T20:16:19.336+0000] {processor.py:925} INFO - DAG(s) 'hello_world_dag' retrieved from /opt/airflow/dags/sample.py
[2025-02-02T20:16:19.365+0000] {logging_mixin.py:190} INFO - [2025-02-02T20:16:19.365+0000] {dag.py:3239} INFO - Sync 1 DAGs
[2025-02-02T20:16:19.381+0000] {logging_mixin.py:190} INFO - [2025-02-02T20:16:19.381+0000] {dag.py:4180} INFO - Setting next_dagrun for hello_world_dag to None, run_after=None
[2025-02-02T20:16:19.419+0000] {processor.py:208} INFO - Processing /opt/airflow/dags/sample.py took 0.111 seconds
[2025-02-02T20:31:22.532+0000] {processor.py:186} INFO - Started process (PID=100) to work on /opt/airflow/dags/sample.py
[2025-02-02T20:31:22.534+0000] {processor.py:914} INFO - Processing file /opt/airflow/dags/sample.py for tasks to queue
[2025-02-02T20:31:22.540+0000] {logging_mixin.py:190} INFO - [2025-02-02T20:31:22.539+0000] {dagbag.py:588} INFO - Filling up the DagBag from /opt/airflow/dags/sample.py
[2025-02-02T20:31:22.563+0000] {processor.py:925} INFO - DAG(s) 'hello_world_dag' retrieved from /opt/airflow/dags/sample.py
[2025-02-02T20:31:22.605+0000] {logging_mixin.py:190} INFO - [2025-02-02T20:31:22.605+0000] {dag.py:3239} INFO - Sync 1 DAGs
[2025-02-02T20:31:22.633+0000] {logging_mixin.py:190} INFO - [2025-02-02T20:31:22.632+0000] {dag.py:4180} INFO - Setting next_dagrun for hello_world_dag to None, run_after=None
[2025-02-02T20:31:22.692+0000] {processor.py:208} INFO - Processing /opt/airflow/dags/sample.py took 0.169 seconds
[2025-02-02T20:31:53.292+0000] {processor.py:186} INFO - Started process (PID=103) to work on /opt/airflow/dags/sample.py
[2025-02-02T20:31:53.294+0000] {processor.py:914} INFO - Processing file /opt/airflow/dags/sample.py for tasks to queue
[2025-02-02T20:31:53.297+0000] {logging_mixin.py:190} INFO - [2025-02-02T20:31:53.297+0000] {dagbag.py:588} INFO - Filling up the DagBag from /opt/airflow/dags/sample.py
[2025-02-02T20:31:53.312+0000] {processor.py:925} INFO - DAG(s) 'hello_world_dag' retrieved from /opt/airflow/dags/sample.py
[2025-02-02T20:31:53.343+0000] {logging_mixin.py:190} INFO - [2025-02-02T20:31:53.343+0000] {dag.py:3239} INFO - Sync 1 DAGs
[2025-02-02T20:31:53.360+0000] {logging_mixin.py:190} INFO - [2025-02-02T20:31:53.359+0000] {dag.py:4180} INFO - Setting next_dagrun for hello_world_dag to None, run_after=None
[2025-02-02T20:31:53.401+0000] {processor.py:208} INFO - Processing /opt/airflow/dags/sample.py took 0.116 seconds
[2025-02-02T20:47:08.996+0000] {processor.py:186} INFO - Started process (PID=110) to work on /opt/airflow/dags/sample.py
[2025-02-02T20:47:08.998+0000] {processor.py:914} INFO - Processing file /opt/airflow/dags/sample.py for tasks to queue
[2025-02-02T20:47:09.002+0000] {logging_mixin.py:190} INFO - [2025-02-02T20:47:09.002+0000] {dagbag.py:588} INFO - Filling up the DagBag from /opt/airflow/dags/sample.py
[2025-02-02T20:47:09.023+0000] {processor.py:925} INFO - DAG(s) 'hello_world_dag' retrieved from /opt/airflow/dags/sample.py
[2025-02-02T20:47:09.068+0000] {logging_mixin.py:190} INFO - [2025-02-02T20:47:09.067+0000] {dag.py:3239} INFO - Sync 1 DAGs
[2025-02-02T20:47:09.096+0000] {logging_mixin.py:190} INFO - [2025-02-02T20:47:09.095+0000] {dag.py:4180} INFO - Setting next_dagrun for hello_world_dag to None, run_after=None
[2025-02-02T20:47:09.155+0000] {processor.py:208} INFO - Processing /opt/airflow/dags/sample.py took 0.169 seconds
[2025-02-02T20:47:43.509+0000] {processor.py:186} INFO - Started process (PID=112) to work on /opt/airflow/dags/sample.py
[2025-02-02T20:47:43.543+0000] {processor.py:914} INFO - Processing file /opt/airflow/dags/sample.py for tasks to queue
[2025-02-02T20:47:43.696+0000] {logging_mixin.py:190} INFO - [2025-02-02T20:47:43.663+0000] {dagbag.py:588} INFO - Filling up the DagBag from /opt/airflow/dags/sample.py
[2025-02-02T20:47:44.437+0000] {processor.py:925} INFO - DAG(s) 'hello_world_dag' retrieved from /opt/airflow/dags/sample.py
[2025-02-02T20:47:45.896+0000] {logging_mixin.py:190} INFO - [2025-02-02T20:47:45.885+0000] {dag.py:3239} INFO - Sync 1 DAGs
[2025-02-02T20:47:47.045+0000] {logging_mixin.py:190} INFO - [2025-02-02T20:47:47.040+0000] {dag.py:4180} INFO - Setting next_dagrun for hello_world_dag to None, run_after=None
[2025-02-02T20:47:48.927+0000] {processor.py:208} INFO - Processing /opt/airflow/dags/sample.py took 6.016 seconds
[2025-02-02T21:01:44.999+0000] {processor.py:186} INFO - Started process (PID=115) to work on /opt/airflow/dags/sample.py
[2025-02-02T21:01:45.000+0000] {processor.py:914} INFO - Processing file /opt/airflow/dags/sample.py for tasks to queue
[2025-02-02T21:01:45.005+0000] {logging_mixin.py:190} INFO - [2025-02-02T21:01:45.004+0000] {dagbag.py:588} INFO - Filling up the DagBag from /opt/airflow/dags/sample.py
[2025-02-02T21:01:45.026+0000] {processor.py:925} INFO - DAG(s) 'hello_world_dag' retrieved from /opt/airflow/dags/sample.py
[2025-02-02T21:01:45.072+0000] {logging_mixin.py:190} INFO - [2025-02-02T21:01:45.071+0000] {dag.py:3239} INFO - Sync 1 DAGs
[2025-02-02T21:01:45.099+0000] {logging_mixin.py:190} INFO - [2025-02-02T21:01:45.099+0000] {dag.py:4180} INFO - Setting next_dagrun for hello_world_dag to None, run_after=None
[2025-02-02T21:01:45.164+0000] {processor.py:208} INFO - Processing /opt/airflow/dags/sample.py took 0.176 seconds
[2025-02-02T21:02:21.688+0000] {processor.py:186} INFO - Started process (PID=117) to work on /opt/airflow/dags/sample.py
[2025-02-02T21:02:21.739+0000] {processor.py:914} INFO - Processing file /opt/airflow/dags/sample.py for tasks to queue
[2025-02-02T21:02:21.870+0000] {logging_mixin.py:190} INFO - [2025-02-02T21:02:21.844+0000] {dagbag.py:588} INFO - Filling up the DagBag from /opt/airflow/dags/sample.py
[2025-02-02T21:02:23.415+0000] {processor.py:925} INFO - DAG(s) 'hello_world_dag' retrieved from /opt/airflow/dags/sample.py
[2025-02-02T21:02:25.710+0000] {logging_mixin.py:190} INFO - [2025-02-02T21:02:25.695+0000] {dag.py:3239} INFO - Sync 1 DAGs
[2025-02-02T21:02:26.968+0000] {logging_mixin.py:190} INFO - [2025-02-02T21:02:26.961+0000] {dag.py:4180} INFO - Setting next_dagrun for hello_world_dag to None, run_after=None
[2025-02-02T21:02:29.477+0000] {processor.py:208} INFO - Processing /opt/airflow/dags/sample.py took 8.059 seconds
[2025-02-02T21:16:22.772+0000] {processor.py:186} INFO - Started process (PID=121) to work on /opt/airflow/dags/sample.py
[2025-02-02T21:16:22.774+0000] {processor.py:914} INFO - Processing file /opt/airflow/dags/sample.py for tasks to queue
[2025-02-02T21:16:22.780+0000] {logging_mixin.py:190} INFO - [2025-02-02T21:16:22.779+0000] {dagbag.py:588} INFO - Filling up the DagBag from /opt/airflow/dags/sample.py
[2025-02-02T21:16:22.802+0000] {processor.py:925} INFO - DAG(s) 'hello_world_dag' retrieved from /opt/airflow/dags/sample.py
[2025-02-02T21:16:22.871+0000] {logging_mixin.py:190} INFO - [2025-02-02T21:16:22.871+0000] {dag.py:3239} INFO - Sync 1 DAGs
[2025-02-02T21:16:22.915+0000] {logging_mixin.py:190} INFO - [2025-02-02T21:16:22.914+0000] {dag.py:4180} INFO - Setting next_dagrun for hello_world_dag to None, run_after=None
[2025-02-02T21:16:23.006+0000] {processor.py:208} INFO - Processing /opt/airflow/dags/sample.py took 0.244 seconds
[2025-02-02T21:16:56.125+0000] {processor.py:186} INFO - Started process (PID=122) to work on /opt/airflow/dags/sample.py
[2025-02-02T21:16:56.189+0000] {processor.py:914} INFO - Processing file /opt/airflow/dags/sample.py for tasks to queue
[2025-02-02T21:16:56.314+0000] {logging_mixin.py:190} INFO - [2025-02-02T21:16:56.286+0000] {dagbag.py:588} INFO - Filling up the DagBag from /opt/airflow/dags/sample.py
[2025-02-02T21:16:57.188+0000] {processor.py:925} INFO - DAG(s) 'hello_world_dag' retrieved from /opt/airflow/dags/sample.py
[2025-02-02T21:16:59.674+0000] {logging_mixin.py:190} INFO - [2025-02-02T21:16:59.658+0000] {dag.py:3239} INFO - Sync 1 DAGs
[2025-02-02T21:17:00.881+0000] {logging_mixin.py:190} INFO - [2025-02-02T21:17:00.874+0000] {dag.py:4180} INFO - Setting next_dagrun for hello_world_dag to None, run_after=None
[2025-02-02T21:17:03.653+0000] {processor.py:208} INFO - Processing /opt/airflow/dags/sample.py took 7.825 seconds
[2025-02-02T21:21:18.312+0000] {processor.py:186} INFO - Started process (PID=125) to work on /opt/airflow/dags/sample.py
[2025-02-02T21:21:18.331+0000] {processor.py:914} INFO - Processing file /opt/airflow/dags/sample.py for tasks to queue
[2025-02-02T21:21:18.336+0000] {logging_mixin.py:190} INFO - [2025-02-02T21:21:18.335+0000] {dagbag.py:588} INFO - Filling up the DagBag from /opt/airflow/dags/sample.py
[2025-02-02T21:21:18.401+0000] {processor.py:925} INFO - DAG(s) 'hello_world_dag' retrieved from /opt/airflow/dags/sample.py
[2025-02-02T21:21:18.581+0000] {logging_mixin.py:190} INFO - [2025-02-02T21:21:18.581+0000] {dag.py:3239} INFO - Sync 1 DAGs
[2025-02-02T21:21:18.614+0000] {logging_mixin.py:190} INFO - [2025-02-02T21:21:18.614+0000] {dag.py:4180} INFO - Setting next_dagrun for hello_world_dag to None, run_after=None
[2025-02-02T21:21:18.742+0000] {processor.py:208} INFO - Processing /opt/airflow/dags/sample.py took 0.447 seconds
[2025-02-02T21:21:53.732+0000] {processor.py:186} INFO - Started process (PID=129) to work on /opt/airflow/dags/sample.py
[2025-02-02T21:21:53.801+0000] {processor.py:914} INFO - Processing file /opt/airflow/dags/sample.py for tasks to queue
[2025-02-02T21:21:54.010+0000] {logging_mixin.py:190} INFO - [2025-02-02T21:21:53.991+0000] {dagbag.py:588} INFO - Filling up the DagBag from /opt/airflow/dags/sample.py
[2025-02-02T21:21:54.775+0000] {processor.py:925} INFO - DAG(s) 'hello_world_dag' retrieved from /opt/airflow/dags/sample.py
[2025-02-02T21:21:56.506+0000] {logging_mixin.py:190} INFO - [2025-02-02T21:21:56.494+0000] {dag.py:3239} INFO - Sync 1 DAGs
[2025-02-02T21:21:57.680+0000] {logging_mixin.py:190} INFO - [2025-02-02T21:21:57.670+0000] {dag.py:4180} INFO - Setting next_dagrun for hello_world_dag to None, run_after=None
[2025-02-02T21:21:59.599+0000] {processor.py:208} INFO - Processing /opt/airflow/dags/sample.py took 6.213 seconds
[2025-02-02T21:26:04.554+0000] {processor.py:186} INFO - Started process (PID=132) to work on /opt/airflow/dags/sample.py
[2025-02-02T21:26:04.556+0000] {processor.py:914} INFO - Processing file /opt/airflow/dags/sample.py for tasks to queue
[2025-02-02T21:26:04.561+0000] {logging_mixin.py:190} INFO - [2025-02-02T21:26:04.561+0000] {dagbag.py:588} INFO - Filling up the DagBag from /opt/airflow/dags/sample.py
[2025-02-02T21:26:04.609+0000] {processor.py:925} INFO - DAG(s) 'hello_world_dag' retrieved from /opt/airflow/dags/sample.py
[2025-02-02T21:26:04.922+0000] {logging_mixin.py:190} INFO - [2025-02-02T21:26:04.922+0000] {dag.py:3239} INFO - Sync 1 DAGs
[2025-02-02T21:26:04.954+0000] {logging_mixin.py:190} INFO - [2025-02-02T21:26:04.953+0000] {dag.py:4180} INFO - Setting next_dagrun for hello_world_dag to None, run_after=None
[2025-02-02T21:26:05.011+0000] {processor.py:208} INFO - Processing /opt/airflow/dags/sample.py took 0.468 seconds
[2025-02-02T21:26:37.659+0000] {processor.py:186} INFO - Started process (PID=133) to work on /opt/airflow/dags/sample.py
[2025-02-02T21:26:37.784+0000] {processor.py:914} INFO - Processing file /opt/airflow/dags/sample.py for tasks to queue
[2025-02-02T21:26:38.196+0000] {logging_mixin.py:190} INFO - [2025-02-02T21:26:38.159+0000] {dagbag.py:588} INFO - Filling up the DagBag from /opt/airflow/dags/sample.py
[2025-02-02T21:26:38.957+0000] {processor.py:925} INFO - DAG(s) 'hello_world_dag' retrieved from /opt/airflow/dags/sample.py
[2025-02-02T21:26:41.226+0000] {logging_mixin.py:190} INFO - [2025-02-02T21:26:41.211+0000] {dag.py:3239} INFO - Sync 1 DAGs
[2025-02-02T21:26:42.418+0000] {logging_mixin.py:190} INFO - [2025-02-02T21:26:42.408+0000] {dag.py:4180} INFO - Setting next_dagrun for hello_world_dag to None, run_after=None
[2025-02-02T21:26:44.729+0000] {processor.py:208} INFO - Processing /opt/airflow/dags/sample.py took 7.823 seconds
[2025-02-02T21:41:52.022+0000] {processor.py:186} INFO - Started process (PID=141) to work on /opt/airflow/dags/sample.py
[2025-02-02T21:41:52.035+0000] {processor.py:914} INFO - Processing file /opt/airflow/dags/sample.py for tasks to queue
[2025-02-02T21:41:52.042+0000] {logging_mixin.py:190} INFO - [2025-02-02T21:41:52.041+0000] {dagbag.py:588} INFO - Filling up the DagBag from /opt/airflow/dags/sample.py
[2025-02-02T21:41:52.127+0000] {processor.py:925} INFO - DAG(s) 'hello_world_dag' retrieved from /opt/airflow/dags/sample.py
[2025-02-02T21:41:52.195+0000] {logging_mixin.py:190} INFO - [2025-02-02T21:41:52.195+0000] {dag.py:3239} INFO - Sync 1 DAGs
[2025-02-02T21:41:52.226+0000] {logging_mixin.py:190} INFO - [2025-02-02T21:41:52.225+0000] {dag.py:4180} INFO - Setting next_dagrun for hello_world_dag to None, run_after=None
[2025-02-02T21:41:52.289+0000] {processor.py:208} INFO - Processing /opt/airflow/dags/sample.py took 0.280 seconds
[2025-02-02T21:42:27.668+0000] {processor.py:186} INFO - Started process (PID=142) to work on /opt/airflow/dags/sample.py
[2025-02-02T21:42:27.742+0000] {processor.py:914} INFO - Processing file /opt/airflow/dags/sample.py for tasks to queue
[2025-02-02T21:42:27.896+0000] {logging_mixin.py:190} INFO - [2025-02-02T21:42:27.874+0000] {dagbag.py:588} INFO - Filling up the DagBag from /opt/airflow/dags/sample.py
[2025-02-02T21:42:28.592+0000] {processor.py:925} INFO - DAG(s) 'hello_world_dag' retrieved from /opt/airflow/dags/sample.py
[2025-02-02T21:42:30.440+0000] {logging_mixin.py:190} INFO - [2025-02-02T21:42:30.432+0000] {dag.py:3239} INFO - Sync 1 DAGs
[2025-02-02T21:42:31.850+0000] {logging_mixin.py:190} INFO - [2025-02-02T21:42:31.839+0000] {dag.py:4180} INFO - Setting next_dagrun for hello_world_dag to None, run_after=None
[2025-02-02T21:42:33.571+0000] {processor.py:208} INFO - Processing /opt/airflow/dags/sample.py took 6.861 seconds
[2025-02-02T21:43:04.603+0000] {processor.py:186} INFO - Started process (PID=143) to work on /opt/airflow/dags/sample.py
[2025-02-02T21:43:04.608+0000] {processor.py:914} INFO - Processing file /opt/airflow/dags/sample.py for tasks to queue
[2025-02-02T21:43:04.625+0000] {logging_mixin.py:190} INFO - [2025-02-02T21:43:04.623+0000] {dagbag.py:588} INFO - Filling up the DagBag from /opt/airflow/dags/sample.py
[2025-02-02T21:43:04.676+0000] {processor.py:925} INFO - DAG(s) 'hello_world_dag' retrieved from /opt/airflow/dags/sample.py
[2025-02-02T21:43:04.804+0000] {logging_mixin.py:190} INFO - [2025-02-02T21:43:04.803+0000] {dag.py:3239} INFO - Sync 1 DAGs
[2025-02-02T21:43:04.892+0000] {logging_mixin.py:190} INFO - [2025-02-02T21:43:04.890+0000] {dag.py:4180} INFO - Setting next_dagrun for hello_world_dag to None, run_after=None
[2025-02-02T21:43:05.042+0000] {processor.py:208} INFO - Processing /opt/airflow/dags/sample.py took 0.463 seconds
[2025-02-02T21:43:35.573+0000] {processor.py:186} INFO - Started process (PID=144) to work on /opt/airflow/dags/sample.py
[2025-02-02T21:43:35.576+0000] {processor.py:914} INFO - Processing file /opt/airflow/dags/sample.py for tasks to queue
[2025-02-02T21:43:35.584+0000] {logging_mixin.py:190} INFO - [2025-02-02T21:43:35.583+0000] {dagbag.py:588} INFO - Filling up the DagBag from /opt/airflow/dags/sample.py
[2025-02-02T21:43:35.620+0000] {processor.py:925} INFO - DAG(s) 'hello_world_dag' retrieved from /opt/airflow/dags/sample.py
[2025-02-02T21:43:35.694+0000] {logging_mixin.py:190} INFO - [2025-02-02T21:43:35.693+0000] {dag.py:3239} INFO - Sync 1 DAGs
[2025-02-02T21:43:35.739+0000] {logging_mixin.py:190} INFO - [2025-02-02T21:43:35.738+0000] {dag.py:4180} INFO - Setting next_dagrun for hello_world_dag to None, run_after=None
[2025-02-02T21:43:35.836+0000] {processor.py:208} INFO - Processing /opt/airflow/dags/sample.py took 0.284 seconds
[2025-02-02T21:52:19.953+0000] {processor.py:186} INFO - Started process (PID=147) to work on /opt/airflow/dags/sample.py
[2025-02-02T21:52:19.956+0000] {processor.py:914} INFO - Processing file /opt/airflow/dags/sample.py for tasks to queue
[2025-02-02T21:52:19.960+0000] {logging_mixin.py:190} INFO - [2025-02-02T21:52:19.960+0000] {dagbag.py:588} INFO - Filling up the DagBag from /opt/airflow/dags/sample.py
[2025-02-02T21:52:19.986+0000] {processor.py:925} INFO - DAG(s) 'hello_world_dag' retrieved from /opt/airflow/dags/sample.py
[2025-02-02T21:52:20.026+0000] {logging_mixin.py:190} INFO - [2025-02-02T21:52:20.025+0000] {dag.py:3239} INFO - Sync 1 DAGs
[2025-02-02T21:52:20.054+0000] {logging_mixin.py:190} INFO - [2025-02-02T21:52:20.053+0000] {dag.py:4180} INFO - Setting next_dagrun for hello_world_dag to None, run_after=None
[2025-02-02T21:52:20.145+0000] {processor.py:208} INFO - Processing /opt/airflow/dags/sample.py took 0.204 seconds
[2025-02-02T21:52:53.313+0000] {processor.py:186} INFO - Started process (PID=149) to work on /opt/airflow/dags/sample.py
[2025-02-02T21:52:53.370+0000] {processor.py:914} INFO - Processing file /opt/airflow/dags/sample.py for tasks to queue
[2025-02-02T21:52:53.673+0000] {logging_mixin.py:190} INFO - [2025-02-02T21:52:53.655+0000] {dagbag.py:588} INFO - Filling up the DagBag from /opt/airflow/dags/sample.py
[2025-02-02T21:52:54.650+0000] {processor.py:925} INFO - DAG(s) 'hello_world_dag' retrieved from /opt/airflow/dags/sample.py
[2025-02-02T21:52:56.645+0000] {logging_mixin.py:190} INFO - [2025-02-02T21:52:56.624+0000] {dag.py:3239} INFO - Sync 1 DAGs
[2025-02-02T21:52:57.900+0000] {logging_mixin.py:190} INFO - [2025-02-02T21:52:57.889+0000] {dag.py:4180} INFO - Setting next_dagrun for hello_world_dag to None, run_after=None
[2025-02-02T21:52:59.663+0000] {processor.py:208} INFO - Processing /opt/airflow/dags/sample.py took 6.753 seconds
[2025-02-02T22:11:34.316+0000] {processor.py:186} INFO - Started process (PID=153) to work on /opt/airflow/dags/sample.py
[2025-02-02T22:11:34.318+0000] {processor.py:914} INFO - Processing file /opt/airflow/dags/sample.py for tasks to queue
[2025-02-02T22:11:34.322+0000] {logging_mixin.py:190} INFO - [2025-02-02T22:11:34.322+0000] {dagbag.py:588} INFO - Filling up the DagBag from /opt/airflow/dags/sample.py
[2025-02-02T22:11:34.348+0000] {processor.py:925} INFO - DAG(s) 'hello_world_dag' retrieved from /opt/airflow/dags/sample.py
[2025-02-02T22:11:34.475+0000] {logging_mixin.py:190} INFO - [2025-02-02T22:11:34.475+0000] {dag.py:3239} INFO - Sync 1 DAGs
[2025-02-02T22:11:34.501+0000] {logging_mixin.py:190} INFO - [2025-02-02T22:11:34.501+0000] {dag.py:4180} INFO - Setting next_dagrun for hello_world_dag to None, run_after=None
[2025-02-02T22:11:34.562+0000] {processor.py:208} INFO - Processing /opt/airflow/dags/sample.py took 0.257 seconds
[2025-02-02T22:12:10.364+0000] {processor.py:186} INFO - Started process (PID=154) to work on /opt/airflow/dags/sample.py
[2025-02-02T22:12:10.420+0000] {processor.py:914} INFO - Processing file /opt/airflow/dags/sample.py for tasks to queue
[2025-02-02T22:12:10.636+0000] {logging_mixin.py:190} INFO - [2025-02-02T22:12:10.609+0000] {dagbag.py:588} INFO - Filling up the DagBag from /opt/airflow/dags/sample.py
[2025-02-02T22:12:11.399+0000] {processor.py:925} INFO - DAG(s) 'hello_world_dag' retrieved from /opt/airflow/dags/sample.py
[2025-02-02T22:12:13.264+0000] {logging_mixin.py:190} INFO - [2025-02-02T22:12:13.249+0000] {dag.py:3239} INFO - Sync 1 DAGs
[2025-02-02T22:12:14.279+0000] {logging_mixin.py:190} INFO - [2025-02-02T22:12:14.265+0000] {dag.py:4180} INFO - Setting next_dagrun for hello_world_dag to None, run_after=None
[2025-02-02T22:12:16.942+0000] {processor.py:208} INFO - Processing /opt/airflow/dags/sample.py took 6.957 seconds
[2025-02-02T22:27:23.382+0000] {processor.py:186} INFO - Started process (PID=161) to work on /opt/airflow/dags/sample.py
[2025-02-02T22:27:23.383+0000] {processor.py:914} INFO - Processing file /opt/airflow/dags/sample.py for tasks to queue
[2025-02-02T22:27:23.388+0000] {logging_mixin.py:190} INFO - [2025-02-02T22:27:23.387+0000] {dagbag.py:588} INFO - Filling up the DagBag from /opt/airflow/dags/sample.py
[2025-02-02T22:27:23.409+0000] {processor.py:925} INFO - DAG(s) 'hello_world_dag' retrieved from /opt/airflow/dags/sample.py
[2025-02-02T22:27:23.455+0000] {logging_mixin.py:190} INFO - [2025-02-02T22:27:23.455+0000] {dag.py:3239} INFO - Sync 1 DAGs
[2025-02-02T22:27:23.485+0000] {logging_mixin.py:190} INFO - [2025-02-02T22:27:23.485+0000] {dag.py:4180} INFO - Setting next_dagrun for hello_world_dag to None, run_after=None
[2025-02-02T22:27:23.545+0000] {processor.py:208} INFO - Processing /opt/airflow/dags/sample.py took 0.174 seconds
[2025-02-02T22:27:59.062+0000] {processor.py:186} INFO - Started process (PID=162) to work on /opt/airflow/dags/sample.py
[2025-02-02T22:27:59.092+0000] {processor.py:914} INFO - Processing file /opt/airflow/dags/sample.py for tasks to queue
[2025-02-02T22:27:59.238+0000] {logging_mixin.py:190} INFO - [2025-02-02T22:27:59.220+0000] {dagbag.py:588} INFO - Filling up the DagBag from /opt/airflow/dags/sample.py
[2025-02-02T22:28:00.080+0000] {processor.py:925} INFO - DAG(s) 'hello_world_dag' retrieved from /opt/airflow/dags/sample.py
[2025-02-02T22:28:01.818+0000] {logging_mixin.py:190} INFO - [2025-02-02T22:28:01.813+0000] {dag.py:3239} INFO - Sync 1 DAGs
[2025-02-02T22:28:02.788+0000] {logging_mixin.py:190} INFO - [2025-02-02T22:28:02.733+0000] {dag.py:4180} INFO - Setting next_dagrun for hello_world_dag to None, run_after=None
[2025-02-02T22:28:04.817+0000] {processor.py:208} INFO - Processing /opt/airflow/dags/sample.py took 6.300 seconds
[2025-02-02T22:28:35.257+0000] {processor.py:186} INFO - Started process (PID=163) to work on /opt/airflow/dags/sample.py
[2025-02-02T22:28:35.260+0000] {processor.py:914} INFO - Processing file /opt/airflow/dags/sample.py for tasks to queue
[2025-02-02T22:28:35.266+0000] {logging_mixin.py:190} INFO - [2025-02-02T22:28:35.265+0000] {dagbag.py:588} INFO - Filling up the DagBag from /opt/airflow/dags/sample.py
[2025-02-02T22:28:35.300+0000] {processor.py:925} INFO - DAG(s) 'hello_world_dag' retrieved from /opt/airflow/dags/sample.py
[2025-02-02T22:28:35.372+0000] {logging_mixin.py:190} INFO - [2025-02-02T22:28:35.371+0000] {dag.py:3239} INFO - Sync 1 DAGs
[2025-02-02T22:28:35.421+0000] {logging_mixin.py:190} INFO - [2025-02-02T22:28:35.421+0000] {dag.py:4180} INFO - Setting next_dagrun for hello_world_dag to None, run_after=None
[2025-02-02T22:28:35.517+0000] {processor.py:208} INFO - Processing /opt/airflow/dags/sample.py took 0.273 seconds
[2025-02-02T22:29:06.199+0000] {processor.py:186} INFO - Started process (PID=164) to work on /opt/airflow/dags/sample.py
[2025-02-02T22:29:06.200+0000] {processor.py:914} INFO - Processing file /opt/airflow/dags/sample.py for tasks to queue
[2025-02-02T22:29:06.204+0000] {logging_mixin.py:190} INFO - [2025-02-02T22:29:06.203+0000] {dagbag.py:588} INFO - Filling up the DagBag from /opt/airflow/dags/sample.py
[2025-02-02T22:29:06.223+0000] {processor.py:925} INFO - DAG(s) 'hello_world_dag' retrieved from /opt/airflow/dags/sample.py
[2025-02-02T22:29:06.262+0000] {logging_mixin.py:190} INFO - [2025-02-02T22:29:06.262+0000] {dag.py:3239} INFO - Sync 1 DAGs
[2025-02-02T22:29:06.284+0000] {logging_mixin.py:190} INFO - [2025-02-02T22:29:06.284+0000] {dag.py:4180} INFO - Setting next_dagrun for hello_world_dag to None, run_after=None
[2025-02-02T22:29:06.344+0000] {processor.py:208} INFO - Processing /opt/airflow/dags/sample.py took 0.153 seconds
[2025-02-02T22:29:36.656+0000] {processor.py:186} INFO - Started process (PID=165) to work on /opt/airflow/dags/sample.py
[2025-02-02T22:29:36.659+0000] {processor.py:914} INFO - Processing file /opt/airflow/dags/sample.py for tasks to queue
[2025-02-02T22:29:36.666+0000] {logging_mixin.py:190} INFO - [2025-02-02T22:29:36.665+0000] {dagbag.py:588} INFO - Filling up the DagBag from /opt/airflow/dags/sample.py
[2025-02-02T22:29:36.694+0000] {processor.py:925} INFO - DAG(s) 'hello_world_dag' retrieved from /opt/airflow/dags/sample.py
[2025-02-02T22:29:36.761+0000] {logging_mixin.py:190} INFO - [2025-02-02T22:29:36.760+0000] {dag.py:3239} INFO - Sync 1 DAGs
[2025-02-02T22:29:36.802+0000] {logging_mixin.py:190} INFO - [2025-02-02T22:29:36.801+0000] {dag.py:4180} INFO - Setting next_dagrun for hello_world_dag to None, run_after=None
[2025-02-02T22:29:36.969+0000] {processor.py:208} INFO - Processing /opt/airflow/dags/sample.py took 0.326 seconds
[2025-02-02T22:30:08.107+0000] {processor.py:186} INFO - Started process (PID=166) to work on /opt/airflow/dags/sample.py
[2025-02-02T22:30:08.108+0000] {processor.py:914} INFO - Processing file /opt/airflow/dags/sample.py for tasks to queue
[2025-02-02T22:30:08.111+0000] {logging_mixin.py:190} INFO - [2025-02-02T22:30:08.111+0000] {dagbag.py:588} INFO - Filling up the DagBag from /opt/airflow/dags/sample.py
[2025-02-02T22:30:08.129+0000] {processor.py:925} INFO - DAG(s) 'hello_world_dag' retrieved from /opt/airflow/dags/sample.py
[2025-02-02T22:30:08.162+0000] {logging_mixin.py:190} INFO - [2025-02-02T22:30:08.162+0000] {dag.py:3239} INFO - Sync 1 DAGs
[2025-02-02T22:30:08.179+0000] {logging_mixin.py:190} INFO - [2025-02-02T22:30:08.179+0000] {dag.py:4180} INFO - Setting next_dagrun for hello_world_dag to None, run_after=None
[2025-02-02T22:30:08.228+0000] {processor.py:208} INFO - Processing /opt/airflow/dags/sample.py took 0.128 seconds
[2025-02-02T22:30:38.335+0000] {processor.py:186} INFO - Started process (PID=167) to work on /opt/airflow/dags/sample.py
[2025-02-02T22:30:38.337+0000] {processor.py:914} INFO - Processing file /opt/airflow/dags/sample.py for tasks to queue
[2025-02-02T22:30:38.341+0000] {logging_mixin.py:190} INFO - [2025-02-02T22:30:38.340+0000] {dagbag.py:588} INFO - Filling up the DagBag from /opt/airflow/dags/sample.py
[2025-02-02T22:30:38.360+0000] {processor.py:925} INFO - DAG(s) 'hello_world_dag' retrieved from /opt/airflow/dags/sample.py
[2025-02-02T22:30:38.400+0000] {logging_mixin.py:190} INFO - [2025-02-02T22:30:38.400+0000] {dag.py:3239} INFO - Sync 1 DAGs
[2025-02-02T22:30:38.423+0000] {logging_mixin.py:190} INFO - [2025-02-02T22:30:38.422+0000] {dag.py:4180} INFO - Setting next_dagrun for hello_world_dag to None, run_after=None
[2025-02-02T22:30:38.484+0000] {processor.py:208} INFO - Processing /opt/airflow/dags/sample.py took 0.157 seconds
[2025-02-02T22:31:08.592+0000] {processor.py:186} INFO - Started process (PID=168) to work on /opt/airflow/dags/sample.py
[2025-02-02T22:31:08.594+0000] {processor.py:914} INFO - Processing file /opt/airflow/dags/sample.py for tasks to queue
[2025-02-02T22:31:08.597+0000] {logging_mixin.py:190} INFO - [2025-02-02T22:31:08.597+0000] {dagbag.py:588} INFO - Filling up the DagBag from /opt/airflow/dags/sample.py
[2025-02-02T22:31:08.612+0000] {processor.py:925} INFO - DAG(s) 'hello_world_dag' retrieved from /opt/airflow/dags/sample.py
[2025-02-02T22:31:08.646+0000] {logging_mixin.py:190} INFO - [2025-02-02T22:31:08.645+0000] {dag.py:3239} INFO - Sync 1 DAGs
[2025-02-02T22:31:08.662+0000] {logging_mixin.py:190} INFO - [2025-02-02T22:31:08.662+0000] {dag.py:4180} INFO - Setting next_dagrun for hello_world_dag to None, run_after=None
[2025-02-02T22:31:08.775+0000] {processor.py:208} INFO - Processing /opt/airflow/dags/sample.py took 0.189 seconds
[2025-02-02T22:32:22.283+0000] {processor.py:186} INFO - Started process (PID=173) to work on /opt/airflow/dags/sample.py
[2025-02-02T22:32:22.285+0000] {processor.py:914} INFO - Processing file /opt/airflow/dags/sample.py for tasks to queue
[2025-02-02T22:32:22.290+0000] {logging_mixin.py:190} INFO - [2025-02-02T22:32:22.289+0000] {dagbag.py:588} INFO - Filling up the DagBag from /opt/airflow/dags/sample.py
[2025-02-02T22:32:22.480+0000] {processor.py:925} INFO - DAG(s) 'hello_world_dag' retrieved from /opt/airflow/dags/sample.py
[2025-02-02T22:32:22.547+0000] {logging_mixin.py:190} INFO - [2025-02-02T22:32:22.547+0000] {dag.py:3239} INFO - Sync 1 DAGs
[2025-02-02T22:32:22.607+0000] {logging_mixin.py:190} INFO - [2025-02-02T22:32:22.606+0000] {dag.py:4180} INFO - Setting next_dagrun for hello_world_dag to None, run_after=None
[2025-02-02T22:32:22.705+0000] {processor.py:208} INFO - Processing /opt/airflow/dags/sample.py took 0.432 seconds
[2025-02-02T22:32:56.619+0000] {processor.py:186} INFO - Started process (PID=174) to work on /opt/airflow/dags/sample.py
[2025-02-02T22:32:57.215+0000] {processor.py:914} INFO - Processing file /opt/airflow/dags/sample.py for tasks to queue
[2025-02-02T22:32:57.487+0000] {logging_mixin.py:190} INFO - [2025-02-02T22:32:57.374+0000] {dagbag.py:588} INFO - Filling up the DagBag from /opt/airflow/dags/sample.py
[2025-02-02T22:32:58.376+0000] {processor.py:925} INFO - DAG(s) 'hello_world_dag' retrieved from /opt/airflow/dags/sample.py
[2025-02-02T22:33:00.031+0000] {logging_mixin.py:190} INFO - [2025-02-02T22:33:00.013+0000] {dag.py:3239} INFO - Sync 1 DAGs
[2025-02-02T22:33:00.983+0000] {logging_mixin.py:190} INFO - [2025-02-02T22:33:00.978+0000] {dag.py:4180} INFO - Setting next_dagrun for hello_world_dag to None, run_after=None
[2025-02-02T22:33:03.221+0000] {processor.py:208} INFO - Processing /opt/airflow/dags/sample.py took 7.023 seconds
[2025-02-02T22:37:45.826+0000] {processor.py:186} INFO - Started process (PID=178) to work on /opt/airflow/dags/sample.py
[2025-02-02T22:37:45.827+0000] {processor.py:914} INFO - Processing file /opt/airflow/dags/sample.py for tasks to queue
[2025-02-02T22:37:45.831+0000] {logging_mixin.py:190} INFO - [2025-02-02T22:37:45.830+0000] {dagbag.py:588} INFO - Filling up the DagBag from /opt/airflow/dags/sample.py
[2025-02-02T22:37:45.847+0000] {processor.py:925} INFO - DAG(s) 'hello_world_dag' retrieved from /opt/airflow/dags/sample.py
[2025-02-02T22:37:45.881+0000] {logging_mixin.py:190} INFO - [2025-02-02T22:37:45.881+0000] {dag.py:3239} INFO - Sync 1 DAGs
[2025-02-02T22:37:45.902+0000] {logging_mixin.py:190} INFO - [2025-02-02T22:37:45.901+0000] {dag.py:4180} INFO - Setting next_dagrun for hello_world_dag to None, run_after=None
[2025-02-02T22:37:45.949+0000] {processor.py:208} INFO - Processing /opt/airflow/dags/sample.py took 0.130 seconds
[2025-02-02T22:38:21.070+0000] {processor.py:186} INFO - Started process (PID=179) to work on /opt/airflow/dags/sample.py
[2025-02-02T22:38:21.119+0000] {processor.py:914} INFO - Processing file /opt/airflow/dags/sample.py for tasks to queue
[2025-02-02T22:38:21.290+0000] {logging_mixin.py:190} INFO - [2025-02-02T22:38:21.209+0000] {dagbag.py:588} INFO - Filling up the DagBag from /opt/airflow/dags/sample.py
[2025-02-02T22:38:22.665+0000] {processor.py:925} INFO - DAG(s) 'hello_world_dag' retrieved from /opt/airflow/dags/sample.py
[2025-02-02T22:38:24.780+0000] {logging_mixin.py:190} INFO - [2025-02-02T22:38:24.772+0000] {dag.py:3239} INFO - Sync 1 DAGs
[2025-02-02T22:38:26.214+0000] {logging_mixin.py:190} INFO - [2025-02-02T22:38:26.204+0000] {dag.py:4180} INFO - Setting next_dagrun for hello_world_dag to None, run_after=None
[2025-02-02T22:38:28.621+0000] {processor.py:208} INFO - Processing /opt/airflow/dags/sample.py took 8.277 seconds
[2025-02-02T23:12:37.122+0000] {processor.py:186} INFO - Started process (PID=183) to work on /opt/airflow/dags/sample.py
[2025-02-02T23:12:37.124+0000] {processor.py:914} INFO - Processing file /opt/airflow/dags/sample.py for tasks to queue
[2025-02-02T23:12:37.128+0000] {logging_mixin.py:190} INFO - [2025-02-02T23:12:37.127+0000] {dagbag.py:588} INFO - Filling up the DagBag from /opt/airflow/dags/sample.py
[2025-02-02T23:12:37.154+0000] {processor.py:925} INFO - DAG(s) 'hello_world_dag' retrieved from /opt/airflow/dags/sample.py
[2025-02-02T23:12:37.201+0000] {logging_mixin.py:190} INFO - [2025-02-02T23:12:37.201+0000] {dag.py:3239} INFO - Sync 1 DAGs
[2025-02-02T23:12:37.226+0000] {logging_mixin.py:190} INFO - [2025-02-02T23:12:37.226+0000] {dag.py:4180} INFO - Setting next_dagrun for hello_world_dag to None, run_after=None
[2025-02-02T23:12:37.286+0000] {processor.py:208} INFO - Processing /opt/airflow/dags/sample.py took 0.174 seconds
[2025-02-02T23:55:02.086+0000] {processor.py:186} INFO - Started process (PID=185) to work on /opt/airflow/dags/sample.py
[2025-02-02T23:55:02.093+0000] {processor.py:914} INFO - Processing file /opt/airflow/dags/sample.py for tasks to queue
[2025-02-02T23:55:02.101+0000] {logging_mixin.py:190} INFO - [2025-02-02T23:55:02.101+0000] {dagbag.py:588} INFO - Filling up the DagBag from /opt/airflow/dags/sample.py
[2025-02-02T23:55:02.124+0000] {processor.py:925} INFO - DAG(s) 'hello_world_dag' retrieved from /opt/airflow/dags/sample.py
[2025-02-02T23:55:02.171+0000] {logging_mixin.py:190} INFO - [2025-02-02T23:55:02.171+0000] {dag.py:3239} INFO - Sync 1 DAGs
[2025-02-02T23:55:02.201+0000] {logging_mixin.py:190} INFO - [2025-02-02T23:55:02.200+0000] {dag.py:4180} INFO - Setting next_dagrun for hello_world_dag to None, run_after=None
[2025-02-02T23:55:02.264+0000] {processor.py:208} INFO - Processing /opt/airflow/dags/sample.py took 0.196 seconds
