[2025-01-03T21:50:41.016+0100] {local_task_job_runner.py:123} INFO - ::group::Pre task execution logs
[2025-01-03T21:50:41.027+0100] {taskinstance.py:2613} INFO - Dependencies all met for dep_context=non-requeueable deps ti=<TaskInstance: Temp_elt.extract_weather_data manual__2025-01-03T20:50:33.055586+00:00 [queued]>
[2025-01-03T21:50:41.033+0100] {taskinstance.py:2613} INFO - Dependencies all met for dep_context=requeueable deps ti=<TaskInstance: Temp_elt.extract_weather_data manual__2025-01-03T20:50:33.055586+00:00 [queued]>
[2025-01-03T21:50:41.033+0100] {taskinstance.py:2866} INFO - Starting attempt 1 of 2
[2025-01-03T21:50:41.044+0100] {taskinstance.py:2889} INFO - Executing <Task(PythonOperator): extract_weather_data> on 2025-01-03 20:50:33.055586+00:00
[2025-01-03T21:50:41.049+0100] {standard_task_runner.py:72} INFO - Started process 87235 to run task
[2025-01-03T21:50:41.056+0100] {standard_task_runner.py:104} INFO - Running: ['airflow', 'tasks', 'run', 'Temp_elt', 'extract_weather_data', 'manual__2025-01-03T20:50:33.055586+00:00', '--job-id', '3', '--raw', '--subdir', 'DAGS_FOLDER/weather_etl_dag.py', '--cfg-path', '/var/folders/0c/cgj4rg957kz3zc1tqn6tyq9c0000gp/T/tmpsld01sl0']
[2025-01-03T21:50:41.062+0100] {standard_task_runner.py:105} INFO - Job 3: Subtask extract_weather_data
[2025-01-03T21:50:41.129+0100] {task_command.py:467} INFO - Running <TaskInstance: Temp_elt.extract_weather_data manual__2025-01-03T20:50:33.055586+00:00 [running]> on host macbookpro
[2025-01-03T21:50:41.201+0100] {taskinstance.py:3132} INFO - Exporting env vars: AIRFLOW_CTX_DAG_OWNER='airflow' AIRFLOW_CTX_DAG_ID='Temp_elt' AIRFLOW_CTX_TASK_ID='extract_weather_data' AIRFLOW_CTX_EXECUTION_DATE='2025-01-03T20:50:33.055586+00:00' AIRFLOW_CTX_TRY_NUMBER='1' AIRFLOW_CTX_DAG_RUN_ID='manual__2025-01-03T20:50:33.055586+00:00'
[2025-01-03T21:50:41.205+0100] {logging_mixin.py:190} INFO - Task instance is in running state
[2025-01-03T21:50:41.208+0100] {logging_mixin.py:190} INFO -  Previous state of the Task instance: queued
[2025-01-03T21:50:41.211+0100] {logging_mixin.py:190} INFO - Current task name:extract_weather_data state:running start_date:2025-01-03 20:50:41.027562+00:00
[2025-01-03T21:50:41.213+0100] {logging_mixin.py:190} INFO - Dag name:Temp_elt and current dag run status:running
[2025-01-03T21:50:41.215+0100] {taskinstance.py:731} INFO - ::endgroup::
[2025-01-03T21:50:41.219+0100] {logging_mixin.py:190} INFO - Created main folder: /Users/azeez.ganiyu/airflow/tasks/../data_new
[2025-01-03T21:50:41.221+0100] {logging_mixin.py:190} INFO - Created subfolder: /Users/azeez.ganiyu/airflow/tasks/../data_new/raw
[2025-01-03T21:50:41.230+0100] {local_task_job_runner.py:266} INFO - Task exited with return code -9. For more information, see https://airflow.apache.org/docs/apache-airflow/stable/troubleshooting.html#LocalTaskJob-killed
[2025-01-03T21:50:41.249+0100] {taskinstance.py:3895} INFO - 0 downstream tasks scheduled from follow-on schedule check
[2025-01-03T21:50:41.250+0100] {local_task_job_runner.py:245} INFO - ::endgroup::
