[2025-02-06T00:02:56.347+0000] {processor.py:186} INFO - Started process (PID=1573) to work on /opt/airflow/dags/sample.py
[2025-02-06T00:02:56.349+0000] {processor.py:914} INFO - Processing file /opt/airflow/dags/sample.py for tasks to queue
[2025-02-06T00:02:56.351+0000] {logging_mixin.py:190} INFO - [2025-02-06T00:02:56.350+0000] {dagbag.py:588} INFO - Filling up the DagBag from /opt/airflow/dags/sample.py
[2025-02-06T00:02:56.362+0000] {processor.py:925} INFO - DAG(s) 'hello_world_dag' retrieved from /opt/airflow/dags/sample.py
[2025-02-06T00:02:56.398+0000] {logging_mixin.py:190} INFO - [2025-02-06T00:02:56.398+0000] {dag.py:3239} INFO - Sync 1 DAGs
[2025-02-06T00:02:56.415+0000] {logging_mixin.py:190} INFO - [2025-02-06T00:02:56.415+0000] {dag.py:4180} INFO - Setting next_dagrun for hello_world_dag to None, run_after=None
[2025-02-06T00:02:56.467+0000] {processor.py:208} INFO - Processing /opt/airflow/dags/sample.py took 0.129 seconds
[2025-02-06T01:46:15.197+0000] {processor.py:186} INFO - Started process (PID=1797) to work on /opt/airflow/dags/sample.py
[2025-02-06T01:46:15.204+0000] {processor.py:914} INFO - Processing file /opt/airflow/dags/sample.py for tasks to queue
[2025-02-06T01:46:15.213+0000] {logging_mixin.py:190} INFO - [2025-02-06T01:46:15.211+0000] {dagbag.py:588} INFO - Filling up the DagBag from /opt/airflow/dags/sample.py
[2025-02-06T01:46:15.336+0000] {processor.py:925} INFO - DAG(s) 'hello_world_dag' retrieved from /opt/airflow/dags/sample.py
[2025-02-06T01:46:15.473+0000] {logging_mixin.py:190} INFO - [2025-02-06T01:46:15.472+0000] {dag.py:3239} INFO - Sync 1 DAGs
[2025-02-06T01:46:15.561+0000] {logging_mixin.py:190} INFO - [2025-02-06T01:46:15.560+0000] {dag.py:4180} INFO - Setting next_dagrun for hello_world_dag to None, run_after=None
[2025-02-06T01:46:15.687+0000] {processor.py:208} INFO - Processing /opt/airflow/dags/sample.py took 0.513 seconds
[2025-02-06T01:50:49.776+0000] {processor.py:186} INFO - Started process (PID=1802) to work on /opt/airflow/dags/sample.py
[2025-02-06T01:50:49.777+0000] {processor.py:914} INFO - Processing file /opt/airflow/dags/sample.py for tasks to queue
[2025-02-06T01:50:49.779+0000] {logging_mixin.py:190} INFO - [2025-02-06T01:50:49.778+0000] {dagbag.py:588} INFO - Filling up the DagBag from /opt/airflow/dags/sample.py
[2025-02-06T01:50:49.787+0000] {processor.py:925} INFO - DAG(s) 'hello_world_dag' retrieved from /opt/airflow/dags/sample.py
[2025-02-06T01:50:49.817+0000] {logging_mixin.py:190} INFO - [2025-02-06T01:50:49.817+0000] {dag.py:3239} INFO - Sync 1 DAGs
[2025-02-06T01:50:49.835+0000] {logging_mixin.py:190} INFO - [2025-02-06T01:50:49.834+0000] {dag.py:4180} INFO - Setting next_dagrun for hello_world_dag to None, run_after=None
[2025-02-06T01:50:49.876+0000] {processor.py:208} INFO - Processing /opt/airflow/dags/sample.py took 0.106 seconds
[2025-02-06T12:16:41.763+0000] {processor.py:186} INFO - Started process (PID=445) to work on /opt/airflow/dags/sample.py
[2025-02-06T12:16:41.767+0000] {processor.py:914} INFO - Processing file /opt/airflow/dags/sample.py for tasks to queue
[2025-02-06T12:16:41.768+0000] {logging_mixin.py:190} INFO - [2025-02-06T12:16:41.768+0000] {dagbag.py:588} INFO - Filling up the DagBag from /opt/airflow/dags/sample.py
[2025-02-06T12:16:41.781+0000] {processor.py:925} INFO - DAG(s) 'hello_world_dag' retrieved from /opt/airflow/dags/sample.py
[2025-02-06T12:16:41.822+0000] {logging_mixin.py:190} INFO - [2025-02-06T12:16:41.821+0000] {dag.py:3239} INFO - Sync 1 DAGs
[2025-02-06T12:16:41.838+0000] {logging_mixin.py:190} INFO - [2025-02-06T12:16:41.837+0000] {dag.py:4180} INFO - Setting next_dagrun for hello_world_dag to None, run_after=None
[2025-02-06T12:16:41.884+0000] {processor.py:208} INFO - Processing /opt/airflow/dags/sample.py took 0.130 seconds
[2025-02-06T12:17:26.881+0000] {processor.py:186} INFO - Started process (PID=636) to work on /opt/airflow/dags/sample.py
[2025-02-06T12:17:26.882+0000] {processor.py:914} INFO - Processing file /opt/airflow/dags/sample.py for tasks to queue
[2025-02-06T12:17:26.884+0000] {logging_mixin.py:190} INFO - [2025-02-06T12:17:26.884+0000] {dagbag.py:588} INFO - Filling up the DagBag from /opt/airflow/dags/sample.py
[2025-02-06T12:17:26.894+0000] {processor.py:925} INFO - DAG(s) 'hello_world_dag' retrieved from /opt/airflow/dags/sample.py
[2025-02-06T12:17:26.929+0000] {logging_mixin.py:190} INFO - [2025-02-06T12:17:26.928+0000] {dag.py:3239} INFO - Sync 1 DAGs
[2025-02-06T12:17:26.946+0000] {logging_mixin.py:190} INFO - [2025-02-06T12:17:26.945+0000] {dag.py:4180} INFO - Setting next_dagrun for hello_world_dag to None, run_after=None
[2025-02-06T12:17:26.983+0000] {processor.py:208} INFO - Processing /opt/airflow/dags/sample.py took 0.108 seconds
[2025-02-06T12:17:57.228+0000] {processor.py:186} INFO - Started process (PID=664) to work on /opt/airflow/dags/sample.py
[2025-02-06T12:17:57.229+0000] {processor.py:914} INFO - Processing file /opt/airflow/dags/sample.py for tasks to queue
[2025-02-06T12:17:57.231+0000] {logging_mixin.py:190} INFO - [2025-02-06T12:17:57.230+0000] {dagbag.py:588} INFO - Filling up the DagBag from /opt/airflow/dags/sample.py
[2025-02-06T12:17:57.243+0000] {processor.py:925} INFO - DAG(s) 'hello_world_dag' retrieved from /opt/airflow/dags/sample.py
[2025-02-06T12:17:57.281+0000] {logging_mixin.py:190} INFO - [2025-02-06T12:17:57.280+0000] {dag.py:3239} INFO - Sync 1 DAGs
[2025-02-06T12:17:57.302+0000] {logging_mixin.py:190} INFO - [2025-02-06T12:17:57.301+0000] {dag.py:4180} INFO - Setting next_dagrun for hello_world_dag to None, run_after=None
[2025-02-06T12:17:57.349+0000] {processor.py:208} INFO - Processing /opt/airflow/dags/sample.py took 0.129 seconds
[2025-02-06T12:18:27.510+0000] {processor.py:186} INFO - Started process (PID=668) to work on /opt/airflow/dags/sample.py
[2025-02-06T12:18:27.512+0000] {processor.py:914} INFO - Processing file /opt/airflow/dags/sample.py for tasks to queue
[2025-02-06T12:18:27.513+0000] {logging_mixin.py:190} INFO - [2025-02-06T12:18:27.513+0000] {dagbag.py:588} INFO - Filling up the DagBag from /opt/airflow/dags/sample.py
[2025-02-06T12:18:27.523+0000] {processor.py:925} INFO - DAG(s) 'hello_world_dag' retrieved from /opt/airflow/dags/sample.py
[2025-02-06T12:18:27.554+0000] {logging_mixin.py:190} INFO - [2025-02-06T12:18:27.553+0000] {dag.py:3239} INFO - Sync 1 DAGs
[2025-02-06T12:18:27.569+0000] {logging_mixin.py:190} INFO - [2025-02-06T12:18:27.569+0000] {dag.py:4180} INFO - Setting next_dagrun for hello_world_dag to None, run_after=None
[2025-02-06T12:18:27.610+0000] {processor.py:208} INFO - Processing /opt/airflow/dags/sample.py took 0.106 seconds
[2025-02-06T12:18:57.917+0000] {processor.py:186} INFO - Started process (PID=672) to work on /opt/airflow/dags/sample.py
[2025-02-06T12:18:57.919+0000] {processor.py:914} INFO - Processing file /opt/airflow/dags/sample.py for tasks to queue
[2025-02-06T12:18:57.920+0000] {logging_mixin.py:190} INFO - [2025-02-06T12:18:57.920+0000] {dagbag.py:588} INFO - Filling up the DagBag from /opt/airflow/dags/sample.py
[2025-02-06T12:18:57.929+0000] {processor.py:925} INFO - DAG(s) 'hello_world_dag' retrieved from /opt/airflow/dags/sample.py
[2025-02-06T12:18:57.961+0000] {logging_mixin.py:190} INFO - [2025-02-06T12:18:57.961+0000] {dag.py:3239} INFO - Sync 1 DAGs
[2025-02-06T12:18:57.975+0000] {logging_mixin.py:190} INFO - [2025-02-06T12:18:57.975+0000] {dag.py:4180} INFO - Setting next_dagrun for hello_world_dag to None, run_after=None
[2025-02-06T12:18:58.016+0000] {processor.py:208} INFO - Processing /opt/airflow/dags/sample.py took 0.106 seconds
[2025-02-06T12:19:28.726+0000] {processor.py:186} INFO - Started process (PID=676) to work on /opt/airflow/dags/sample.py
[2025-02-06T12:19:28.727+0000] {processor.py:914} INFO - Processing file /opt/airflow/dags/sample.py for tasks to queue
[2025-02-06T12:19:28.729+0000] {logging_mixin.py:190} INFO - [2025-02-06T12:19:28.728+0000] {dagbag.py:588} INFO - Filling up the DagBag from /opt/airflow/dags/sample.py
[2025-02-06T12:19:28.737+0000] {processor.py:925} INFO - DAG(s) 'hello_world_dag' retrieved from /opt/airflow/dags/sample.py
[2025-02-06T12:19:28.772+0000] {logging_mixin.py:190} INFO - [2025-02-06T12:19:28.771+0000] {dag.py:3239} INFO - Sync 1 DAGs
[2025-02-06T12:19:28.788+0000] {logging_mixin.py:190} INFO - [2025-02-06T12:19:28.788+0000] {dag.py:4180} INFO - Setting next_dagrun for hello_world_dag to None, run_after=None
[2025-02-06T12:19:28.846+0000] {processor.py:208} INFO - Processing /opt/airflow/dags/sample.py took 0.126 seconds
[2025-02-06T12:19:59.164+0000] {processor.py:186} INFO - Started process (PID=680) to work on /opt/airflow/dags/sample.py
[2025-02-06T12:19:59.165+0000] {processor.py:914} INFO - Processing file /opt/airflow/dags/sample.py for tasks to queue
[2025-02-06T12:19:59.167+0000] {logging_mixin.py:190} INFO - [2025-02-06T12:19:59.166+0000] {dagbag.py:588} INFO - Filling up the DagBag from /opt/airflow/dags/sample.py
[2025-02-06T12:19:59.176+0000] {processor.py:925} INFO - DAG(s) 'hello_world_dag' retrieved from /opt/airflow/dags/sample.py
[2025-02-06T12:19:59.213+0000] {logging_mixin.py:190} INFO - [2025-02-06T12:19:59.212+0000] {dag.py:3239} INFO - Sync 1 DAGs
[2025-02-06T12:19:59.231+0000] {logging_mixin.py:190} INFO - [2025-02-06T12:19:59.231+0000] {dag.py:4180} INFO - Setting next_dagrun for hello_world_dag to None, run_after=None
[2025-02-06T12:19:59.283+0000] {processor.py:208} INFO - Processing /opt/airflow/dags/sample.py took 0.126 seconds
[2025-02-06T12:20:29.621+0000] {processor.py:186} INFO - Started process (PID=684) to work on /opt/airflow/dags/sample.py
[2025-02-06T12:20:29.623+0000] {processor.py:914} INFO - Processing file /opt/airflow/dags/sample.py for tasks to queue
[2025-02-06T12:20:29.625+0000] {logging_mixin.py:190} INFO - [2025-02-06T12:20:29.625+0000] {dagbag.py:588} INFO - Filling up the DagBag from /opt/airflow/dags/sample.py
[2025-02-06T12:20:29.636+0000] {processor.py:925} INFO - DAG(s) 'hello_world_dag' retrieved from /opt/airflow/dags/sample.py
[2025-02-06T12:20:29.672+0000] {logging_mixin.py:190} INFO - [2025-02-06T12:20:29.672+0000] {dag.py:3239} INFO - Sync 1 DAGs
[2025-02-06T12:20:29.691+0000] {logging_mixin.py:190} INFO - [2025-02-06T12:20:29.691+0000] {dag.py:4180} INFO - Setting next_dagrun for hello_world_dag to None, run_after=None
[2025-02-06T12:20:29.760+0000] {processor.py:208} INFO - Processing /opt/airflow/dags/sample.py took 0.146 seconds
[2025-02-06T12:21:00.002+0000] {processor.py:186} INFO - Started process (PID=688) to work on /opt/airflow/dags/sample.py
[2025-02-06T12:21:00.006+0000] {processor.py:914} INFO - Processing file /opt/airflow/dags/sample.py for tasks to queue
[2025-02-06T12:21:00.010+0000] {logging_mixin.py:190} INFO - [2025-02-06T12:21:00.009+0000] {dagbag.py:588} INFO - Filling up the DagBag from /opt/airflow/dags/sample.py
[2025-02-06T12:21:00.024+0000] {processor.py:925} INFO - DAG(s) 'hello_world_dag' retrieved from /opt/airflow/dags/sample.py
[2025-02-06T12:21:00.084+0000] {logging_mixin.py:190} INFO - [2025-02-06T12:21:00.083+0000] {dag.py:3239} INFO - Sync 1 DAGs
[2025-02-06T12:21:00.126+0000] {logging_mixin.py:190} INFO - [2025-02-06T12:21:00.125+0000] {dag.py:4180} INFO - Setting next_dagrun for hello_world_dag to None, run_after=None
[2025-02-06T12:21:00.197+0000] {processor.py:208} INFO - Processing /opt/airflow/dags/sample.py took 0.209 seconds
[2025-02-06T12:21:30.546+0000] {processor.py:186} INFO - Started process (PID=692) to work on /opt/airflow/dags/sample.py
[2025-02-06T12:21:30.547+0000] {processor.py:914} INFO - Processing file /opt/airflow/dags/sample.py for tasks to queue
[2025-02-06T12:21:30.549+0000] {logging_mixin.py:190} INFO - [2025-02-06T12:21:30.549+0000] {dagbag.py:588} INFO - Filling up the DagBag from /opt/airflow/dags/sample.py
[2025-02-06T12:21:30.560+0000] {processor.py:925} INFO - DAG(s) 'hello_world_dag' retrieved from /opt/airflow/dags/sample.py
[2025-02-06T12:21:30.595+0000] {logging_mixin.py:190} INFO - [2025-02-06T12:21:30.595+0000] {dag.py:3239} INFO - Sync 1 DAGs
[2025-02-06T12:21:30.610+0000] {logging_mixin.py:190} INFO - [2025-02-06T12:21:30.610+0000] {dag.py:4180} INFO - Setting next_dagrun for hello_world_dag to None, run_after=None
[2025-02-06T12:21:30.656+0000] {processor.py:208} INFO - Processing /opt/airflow/dags/sample.py took 0.116 seconds
[2025-02-06T12:22:01.644+0000] {processor.py:186} INFO - Started process (PID=708) to work on /opt/airflow/dags/sample.py
[2025-02-06T12:22:01.645+0000] {processor.py:914} INFO - Processing file /opt/airflow/dags/sample.py for tasks to queue
[2025-02-06T12:22:01.648+0000] {logging_mixin.py:190} INFO - [2025-02-06T12:22:01.647+0000] {dagbag.py:588} INFO - Filling up the DagBag from /opt/airflow/dags/sample.py
[2025-02-06T12:22:01.656+0000] {processor.py:925} INFO - DAG(s) 'hello_world_dag' retrieved from /opt/airflow/dags/sample.py
[2025-02-06T12:22:01.687+0000] {logging_mixin.py:190} INFO - [2025-02-06T12:22:01.687+0000] {dag.py:3239} INFO - Sync 1 DAGs
[2025-02-06T12:22:01.701+0000] {logging_mixin.py:190} INFO - [2025-02-06T12:22:01.700+0000] {dag.py:4180} INFO - Setting next_dagrun for hello_world_dag to None, run_after=None
[2025-02-06T12:22:01.745+0000] {processor.py:208} INFO - Processing /opt/airflow/dags/sample.py took 0.107 seconds
[2025-02-06T12:22:32.443+0000] {processor.py:186} INFO - Started process (PID=712) to work on /opt/airflow/dags/sample.py
[2025-02-06T12:22:32.445+0000] {processor.py:914} INFO - Processing file /opt/airflow/dags/sample.py for tasks to queue
[2025-02-06T12:22:32.447+0000] {logging_mixin.py:190} INFO - [2025-02-06T12:22:32.446+0000] {dagbag.py:588} INFO - Filling up the DagBag from /opt/airflow/dags/sample.py
[2025-02-06T12:22:32.456+0000] {processor.py:925} INFO - DAG(s) 'hello_world_dag' retrieved from /opt/airflow/dags/sample.py
[2025-02-06T12:22:32.488+0000] {logging_mixin.py:190} INFO - [2025-02-06T12:22:32.488+0000] {dag.py:3239} INFO - Sync 1 DAGs
[2025-02-06T12:22:32.503+0000] {logging_mixin.py:190} INFO - [2025-02-06T12:22:32.503+0000] {dag.py:4180} INFO - Setting next_dagrun for hello_world_dag to None, run_after=None
[2025-02-06T12:22:32.552+0000] {processor.py:208} INFO - Processing /opt/airflow/dags/sample.py took 0.115 seconds
[2025-02-06T12:23:03.104+0000] {processor.py:186} INFO - Started process (PID=728) to work on /opt/airflow/dags/sample.py
[2025-02-06T12:23:03.106+0000] {processor.py:914} INFO - Processing file /opt/airflow/dags/sample.py for tasks to queue
[2025-02-06T12:23:03.109+0000] {logging_mixin.py:190} INFO - [2025-02-06T12:23:03.108+0000] {dagbag.py:588} INFO - Filling up the DagBag from /opt/airflow/dags/sample.py
[2025-02-06T12:23:03.121+0000] {processor.py:925} INFO - DAG(s) 'hello_world_dag' retrieved from /opt/airflow/dags/sample.py
[2025-02-06T12:23:03.175+0000] {logging_mixin.py:190} INFO - [2025-02-06T12:23:03.173+0000] {dag.py:3239} INFO - Sync 1 DAGs
[2025-02-06T12:23:03.206+0000] {logging_mixin.py:190} INFO - [2025-02-06T12:23:03.206+0000] {dag.py:4180} INFO - Setting next_dagrun for hello_world_dag to None, run_after=None
[2025-02-06T12:23:03.260+0000] {processor.py:208} INFO - Processing /opt/airflow/dags/sample.py took 0.170 seconds
[2025-02-06T12:23:33.664+0000] {processor.py:186} INFO - Started process (PID=732) to work on /opt/airflow/dags/sample.py
[2025-02-06T12:23:33.666+0000] {processor.py:914} INFO - Processing file /opt/airflow/dags/sample.py for tasks to queue
[2025-02-06T12:23:33.667+0000] {logging_mixin.py:190} INFO - [2025-02-06T12:23:33.667+0000] {dagbag.py:588} INFO - Filling up the DagBag from /opt/airflow/dags/sample.py
[2025-02-06T12:23:33.677+0000] {processor.py:925} INFO - DAG(s) 'hello_world_dag' retrieved from /opt/airflow/dags/sample.py
[2025-02-06T12:23:33.710+0000] {logging_mixin.py:190} INFO - [2025-02-06T12:23:33.710+0000] {dag.py:3239} INFO - Sync 1 DAGs
[2025-02-06T12:23:33.724+0000] {logging_mixin.py:190} INFO - [2025-02-06T12:23:33.724+0000] {dag.py:4180} INFO - Setting next_dagrun for hello_world_dag to None, run_after=None
[2025-02-06T12:23:34.018+0000] {processor.py:208} INFO - Processing /opt/airflow/dags/sample.py took 0.360 seconds
[2025-02-06T12:24:04.115+0000] {processor.py:186} INFO - Started process (PID=736) to work on /opt/airflow/dags/sample.py
[2025-02-06T12:24:04.118+0000] {processor.py:914} INFO - Processing file /opt/airflow/dags/sample.py for tasks to queue
[2025-02-06T12:24:04.122+0000] {logging_mixin.py:190} INFO - [2025-02-06T12:24:04.121+0000] {dagbag.py:588} INFO - Filling up the DagBag from /opt/airflow/dags/sample.py
[2025-02-06T12:24:04.136+0000] {processor.py:925} INFO - DAG(s) 'hello_world_dag' retrieved from /opt/airflow/dags/sample.py
[2025-02-06T12:24:04.180+0000] {logging_mixin.py:190} INFO - [2025-02-06T12:24:04.180+0000] {dag.py:3239} INFO - Sync 1 DAGs
[2025-02-06T12:24:04.458+0000] {logging_mixin.py:190} INFO - [2025-02-06T12:24:04.457+0000] {dag.py:4180} INFO - Setting next_dagrun for hello_world_dag to None, run_after=None
[2025-02-06T12:24:04.507+0000] {processor.py:208} INFO - Processing /opt/airflow/dags/sample.py took 0.400 seconds
[2025-02-06T12:24:34.665+0000] {processor.py:186} INFO - Started process (PID=740) to work on /opt/airflow/dags/sample.py
[2025-02-06T12:24:34.667+0000] {processor.py:914} INFO - Processing file /opt/airflow/dags/sample.py for tasks to queue
[2025-02-06T12:24:34.670+0000] {logging_mixin.py:190} INFO - [2025-02-06T12:24:34.669+0000] {dagbag.py:588} INFO - Filling up the DagBag from /opt/airflow/dags/sample.py
[2025-02-06T12:24:34.686+0000] {processor.py:925} INFO - DAG(s) 'hello_world_dag' retrieved from /opt/airflow/dags/sample.py
[2025-02-06T12:24:34.762+0000] {logging_mixin.py:190} INFO - [2025-02-06T12:24:34.760+0000] {dag.py:3239} INFO - Sync 1 DAGs
[2025-02-06T12:24:35.065+0000] {logging_mixin.py:190} INFO - [2025-02-06T12:24:35.065+0000] {dag.py:4180} INFO - Setting next_dagrun for hello_world_dag to None, run_after=None
[2025-02-06T12:24:35.146+0000] {processor.py:208} INFO - Processing /opt/airflow/dags/sample.py took 0.493 seconds
[2025-02-06T12:25:05.446+0000] {processor.py:186} INFO - Started process (PID=744) to work on /opt/airflow/dags/sample.py
[2025-02-06T12:25:05.447+0000] {processor.py:914} INFO - Processing file /opt/airflow/dags/sample.py for tasks to queue
[2025-02-06T12:25:05.449+0000] {logging_mixin.py:190} INFO - [2025-02-06T12:25:05.448+0000] {dagbag.py:588} INFO - Filling up the DagBag from /opt/airflow/dags/sample.py
[2025-02-06T12:25:05.466+0000] {processor.py:925} INFO - DAG(s) 'hello_world_dag' retrieved from /opt/airflow/dags/sample.py
[2025-02-06T12:25:05.716+0000] {logging_mixin.py:190} INFO - [2025-02-06T12:25:05.716+0000] {dag.py:3239} INFO - Sync 1 DAGs
[2025-02-06T12:25:05.737+0000] {logging_mixin.py:190} INFO - [2025-02-06T12:25:05.737+0000] {dag.py:4180} INFO - Setting next_dagrun for hello_world_dag to None, run_after=None
[2025-02-06T12:25:05.793+0000] {processor.py:208} INFO - Processing /opt/airflow/dags/sample.py took 0.358 seconds
[2025-02-06T12:25:36.583+0000] {processor.py:186} INFO - Started process (PID=748) to work on /opt/airflow/dags/sample.py
[2025-02-06T12:25:36.585+0000] {processor.py:914} INFO - Processing file /opt/airflow/dags/sample.py for tasks to queue
[2025-02-06T12:25:36.586+0000] {logging_mixin.py:190} INFO - [2025-02-06T12:25:36.586+0000] {dagbag.py:588} INFO - Filling up the DagBag from /opt/airflow/dags/sample.py
[2025-02-06T12:25:36.785+0000] {processor.py:925} INFO - DAG(s) 'hello_world_dag' retrieved from /opt/airflow/dags/sample.py
[2025-02-06T12:25:36.824+0000] {logging_mixin.py:190} INFO - [2025-02-06T12:25:36.824+0000] {dag.py:3239} INFO - Sync 1 DAGs
[2025-02-06T12:25:36.847+0000] {logging_mixin.py:190} INFO - [2025-02-06T12:25:36.847+0000] {dag.py:4180} INFO - Setting next_dagrun for hello_world_dag to None, run_after=None
[2025-02-06T12:25:36.885+0000] {processor.py:208} INFO - Processing /opt/airflow/dags/sample.py took 0.309 seconds
[2025-02-06T12:26:07.484+0000] {processor.py:186} INFO - Started process (PID=752) to work on /opt/airflow/dags/sample.py
[2025-02-06T12:26:07.486+0000] {processor.py:914} INFO - Processing file /opt/airflow/dags/sample.py for tasks to queue
[2025-02-06T12:26:07.487+0000] {logging_mixin.py:190} INFO - [2025-02-06T12:26:07.487+0000] {dagbag.py:588} INFO - Filling up the DagBag from /opt/airflow/dags/sample.py
[2025-02-06T12:26:07.497+0000] {processor.py:925} INFO - DAG(s) 'hello_world_dag' retrieved from /opt/airflow/dags/sample.py
[2025-02-06T12:26:07.537+0000] {logging_mixin.py:190} INFO - [2025-02-06T12:26:07.537+0000] {dag.py:3239} INFO - Sync 1 DAGs
[2025-02-06T12:26:07.554+0000] {logging_mixin.py:190} INFO - [2025-02-06T12:26:07.553+0000] {dag.py:4180} INFO - Setting next_dagrun for hello_world_dag to None, run_after=None
[2025-02-06T12:26:07.594+0000] {processor.py:208} INFO - Processing /opt/airflow/dags/sample.py took 0.117 seconds
[2025-02-06T12:26:38.177+0000] {processor.py:186} INFO - Started process (PID=756) to work on /opt/airflow/dags/sample.py
[2025-02-06T12:26:38.179+0000] {processor.py:914} INFO - Processing file /opt/airflow/dags/sample.py for tasks to queue
[2025-02-06T12:26:38.180+0000] {logging_mixin.py:190} INFO - [2025-02-06T12:26:38.180+0000] {dagbag.py:588} INFO - Filling up the DagBag from /opt/airflow/dags/sample.py
[2025-02-06T12:26:38.189+0000] {processor.py:925} INFO - DAG(s) 'hello_world_dag' retrieved from /opt/airflow/dags/sample.py
[2025-02-06T12:26:38.224+0000] {logging_mixin.py:190} INFO - [2025-02-06T12:26:38.224+0000] {dag.py:3239} INFO - Sync 1 DAGs
[2025-02-06T12:26:38.244+0000] {logging_mixin.py:190} INFO - [2025-02-06T12:26:38.244+0000] {dag.py:4180} INFO - Setting next_dagrun for hello_world_dag to None, run_after=None
[2025-02-06T12:26:38.323+0000] {processor.py:208} INFO - Processing /opt/airflow/dags/sample.py took 0.154 seconds
[2025-02-06T12:27:09.193+0000] {processor.py:186} INFO - Started process (PID=760) to work on /opt/airflow/dags/sample.py
[2025-02-06T12:27:09.194+0000] {processor.py:914} INFO - Processing file /opt/airflow/dags/sample.py for tasks to queue
[2025-02-06T12:27:09.196+0000] {logging_mixin.py:190} INFO - [2025-02-06T12:27:09.195+0000] {dagbag.py:588} INFO - Filling up the DagBag from /opt/airflow/dags/sample.py
[2025-02-06T12:27:09.208+0000] {processor.py:925} INFO - DAG(s) 'hello_world_dag' retrieved from /opt/airflow/dags/sample.py
[2025-02-06T12:27:09.250+0000] {logging_mixin.py:190} INFO - [2025-02-06T12:27:09.250+0000] {dag.py:3239} INFO - Sync 1 DAGs
[2025-02-06T12:27:09.271+0000] {logging_mixin.py:190} INFO - [2025-02-06T12:27:09.271+0000] {dag.py:4180} INFO - Setting next_dagrun for hello_world_dag to None, run_after=None
[2025-02-06T12:27:09.314+0000] {processor.py:208} INFO - Processing /opt/airflow/dags/sample.py took 0.129 seconds
[2025-02-06T12:27:39.956+0000] {processor.py:186} INFO - Started process (PID=764) to work on /opt/airflow/dags/sample.py
[2025-02-06T12:27:39.986+0000] {processor.py:914} INFO - Processing file /opt/airflow/dags/sample.py for tasks to queue
[2025-02-06T12:27:39.990+0000] {logging_mixin.py:190} INFO - [2025-02-06T12:27:39.988+0000] {dagbag.py:588} INFO - Filling up the DagBag from /opt/airflow/dags/sample.py
[2025-02-06T12:27:40.017+0000] {processor.py:925} INFO - DAG(s) 'hello_world_dag' retrieved from /opt/airflow/dags/sample.py
[2025-02-06T12:27:40.087+0000] {logging_mixin.py:190} INFO - [2025-02-06T12:27:40.086+0000] {dag.py:3239} INFO - Sync 1 DAGs
[2025-02-06T12:27:40.128+0000] {logging_mixin.py:190} INFO - [2025-02-06T12:27:40.128+0000] {dag.py:4180} INFO - Setting next_dagrun for hello_world_dag to None, run_after=None
[2025-02-06T12:27:40.234+0000] {processor.py:208} INFO - Processing /opt/airflow/dags/sample.py took 0.294 seconds
[2025-02-06T12:28:10.778+0000] {processor.py:186} INFO - Started process (PID=768) to work on /opt/airflow/dags/sample.py
[2025-02-06T12:28:10.780+0000] {processor.py:914} INFO - Processing file /opt/airflow/dags/sample.py for tasks to queue
[2025-02-06T12:28:10.783+0000] {logging_mixin.py:190} INFO - [2025-02-06T12:28:10.782+0000] {dagbag.py:588} INFO - Filling up the DagBag from /opt/airflow/dags/sample.py
[2025-02-06T12:28:10.799+0000] {processor.py:925} INFO - DAG(s) 'hello_world_dag' retrieved from /opt/airflow/dags/sample.py
[2025-02-06T12:28:10.841+0000] {logging_mixin.py:190} INFO - [2025-02-06T12:28:10.841+0000] {dag.py:3239} INFO - Sync 1 DAGs
[2025-02-06T12:28:10.866+0000] {logging_mixin.py:190} INFO - [2025-02-06T12:28:10.866+0000] {dag.py:4180} INFO - Setting next_dagrun for hello_world_dag to None, run_after=None
[2025-02-06T12:28:10.949+0000] {processor.py:208} INFO - Processing /opt/airflow/dags/sample.py took 0.178 seconds
[2025-02-06T12:28:41.808+0000] {processor.py:186} INFO - Started process (PID=772) to work on /opt/airflow/dags/sample.py
[2025-02-06T12:28:41.810+0000] {processor.py:914} INFO - Processing file /opt/airflow/dags/sample.py for tasks to queue
[2025-02-06T12:28:41.813+0000] {logging_mixin.py:190} INFO - [2025-02-06T12:28:41.812+0000] {dagbag.py:588} INFO - Filling up the DagBag from /opt/airflow/dags/sample.py
[2025-02-06T12:28:41.825+0000] {processor.py:925} INFO - DAG(s) 'hello_world_dag' retrieved from /opt/airflow/dags/sample.py
[2025-02-06T12:28:41.860+0000] {logging_mixin.py:190} INFO - [2025-02-06T12:28:41.859+0000] {dag.py:3239} INFO - Sync 1 DAGs
[2025-02-06T12:28:41.882+0000] {logging_mixin.py:190} INFO - [2025-02-06T12:28:41.882+0000] {dag.py:4180} INFO - Setting next_dagrun for hello_world_dag to None, run_after=None
[2025-02-06T12:28:41.923+0000] {processor.py:208} INFO - Processing /opt/airflow/dags/sample.py took 0.123 seconds
[2025-02-06T12:29:12.781+0000] {processor.py:186} INFO - Started process (PID=776) to work on /opt/airflow/dags/sample.py
[2025-02-06T12:29:12.783+0000] {processor.py:914} INFO - Processing file /opt/airflow/dags/sample.py for tasks to queue
[2025-02-06T12:29:12.785+0000] {logging_mixin.py:190} INFO - [2025-02-06T12:29:12.784+0000] {dagbag.py:588} INFO - Filling up the DagBag from /opt/airflow/dags/sample.py
[2025-02-06T12:29:12.799+0000] {processor.py:925} INFO - DAG(s) 'hello_world_dag' retrieved from /opt/airflow/dags/sample.py
[2025-02-06T12:29:12.831+0000] {logging_mixin.py:190} INFO - [2025-02-06T12:29:12.830+0000] {dag.py:3239} INFO - Sync 1 DAGs
[2025-02-06T12:29:12.848+0000] {logging_mixin.py:190} INFO - [2025-02-06T12:29:12.848+0000] {dag.py:4180} INFO - Setting next_dagrun for hello_world_dag to None, run_after=None
[2025-02-06T12:29:12.947+0000] {processor.py:208} INFO - Processing /opt/airflow/dags/sample.py took 0.177 seconds
[2025-02-06T12:29:43.447+0000] {processor.py:186} INFO - Started process (PID=780) to work on /opt/airflow/dags/sample.py
[2025-02-06T12:29:43.449+0000] {processor.py:914} INFO - Processing file /opt/airflow/dags/sample.py for tasks to queue
[2025-02-06T12:29:43.452+0000] {logging_mixin.py:190} INFO - [2025-02-06T12:29:43.451+0000] {dagbag.py:588} INFO - Filling up the DagBag from /opt/airflow/dags/sample.py
[2025-02-06T12:29:43.463+0000] {processor.py:925} INFO - DAG(s) 'hello_world_dag' retrieved from /opt/airflow/dags/sample.py
[2025-02-06T12:29:43.516+0000] {logging_mixin.py:190} INFO - [2025-02-06T12:29:43.516+0000] {dag.py:3239} INFO - Sync 1 DAGs
[2025-02-06T12:29:43.542+0000] {logging_mixin.py:190} INFO - [2025-02-06T12:29:43.541+0000] {dag.py:4180} INFO - Setting next_dagrun for hello_world_dag to None, run_after=None
[2025-02-06T12:29:43.651+0000] {processor.py:208} INFO - Processing /opt/airflow/dags/sample.py took 0.214 seconds
[2025-02-06T12:30:14.324+0000] {processor.py:186} INFO - Started process (PID=784) to work on /opt/airflow/dags/sample.py
[2025-02-06T12:30:14.326+0000] {processor.py:914} INFO - Processing file /opt/airflow/dags/sample.py for tasks to queue
[2025-02-06T12:30:14.327+0000] {logging_mixin.py:190} INFO - [2025-02-06T12:30:14.327+0000] {dagbag.py:588} INFO - Filling up the DagBag from /opt/airflow/dags/sample.py
[2025-02-06T12:30:14.336+0000] {processor.py:925} INFO - DAG(s) 'hello_world_dag' retrieved from /opt/airflow/dags/sample.py
[2025-02-06T12:30:14.365+0000] {logging_mixin.py:190} INFO - [2025-02-06T12:30:14.365+0000] {dag.py:3239} INFO - Sync 1 DAGs
[2025-02-06T12:30:14.382+0000] {logging_mixin.py:190} INFO - [2025-02-06T12:30:14.381+0000] {dag.py:4180} INFO - Setting next_dagrun for hello_world_dag to None, run_after=None
[2025-02-06T12:30:14.421+0000] {processor.py:208} INFO - Processing /opt/airflow/dags/sample.py took 0.104 seconds
[2025-02-06T12:30:45.091+0000] {processor.py:186} INFO - Started process (PID=788) to work on /opt/airflow/dags/sample.py
[2025-02-06T12:30:45.092+0000] {processor.py:914} INFO - Processing file /opt/airflow/dags/sample.py for tasks to queue
[2025-02-06T12:30:45.094+0000] {logging_mixin.py:190} INFO - [2025-02-06T12:30:45.094+0000] {dagbag.py:588} INFO - Filling up the DagBag from /opt/airflow/dags/sample.py
[2025-02-06T12:30:45.104+0000] {processor.py:925} INFO - DAG(s) 'hello_world_dag' retrieved from /opt/airflow/dags/sample.py
[2025-02-06T12:30:45.138+0000] {logging_mixin.py:190} INFO - [2025-02-06T12:30:45.138+0000] {dag.py:3239} INFO - Sync 1 DAGs
[2025-02-06T12:30:45.156+0000] {logging_mixin.py:190} INFO - [2025-02-06T12:30:45.155+0000] {dag.py:4180} INFO - Setting next_dagrun for hello_world_dag to None, run_after=None
[2025-02-06T12:30:45.258+0000] {processor.py:208} INFO - Processing /opt/airflow/dags/sample.py took 0.174 seconds
[2025-02-06T12:31:15.770+0000] {processor.py:186} INFO - Started process (PID=792) to work on /opt/airflow/dags/sample.py
[2025-02-06T12:31:15.772+0000] {processor.py:914} INFO - Processing file /opt/airflow/dags/sample.py for tasks to queue
[2025-02-06T12:31:15.774+0000] {logging_mixin.py:190} INFO - [2025-02-06T12:31:15.773+0000] {dagbag.py:588} INFO - Filling up the DagBag from /opt/airflow/dags/sample.py
[2025-02-06T12:31:15.786+0000] {processor.py:925} INFO - DAG(s) 'hello_world_dag' retrieved from /opt/airflow/dags/sample.py
[2025-02-06T12:31:15.820+0000] {logging_mixin.py:190} INFO - [2025-02-06T12:31:15.820+0000] {dag.py:3239} INFO - Sync 1 DAGs
[2025-02-06T12:31:15.834+0000] {logging_mixin.py:190} INFO - [2025-02-06T12:31:15.834+0000] {dag.py:4180} INFO - Setting next_dagrun for hello_world_dag to None, run_after=None
[2025-02-06T12:31:15.880+0000] {processor.py:208} INFO - Processing /opt/airflow/dags/sample.py took 0.116 seconds
[2025-02-06T12:31:46.484+0000] {processor.py:186} INFO - Started process (PID=796) to work on /opt/airflow/dags/sample.py
[2025-02-06T12:31:46.486+0000] {processor.py:914} INFO - Processing file /opt/airflow/dags/sample.py for tasks to queue
[2025-02-06T12:31:46.487+0000] {logging_mixin.py:190} INFO - [2025-02-06T12:31:46.487+0000] {dagbag.py:588} INFO - Filling up the DagBag from /opt/airflow/dags/sample.py
[2025-02-06T12:31:46.499+0000] {processor.py:925} INFO - DAG(s) 'hello_world_dag' retrieved from /opt/airflow/dags/sample.py
[2025-02-06T12:31:46.532+0000] {logging_mixin.py:190} INFO - [2025-02-06T12:31:46.531+0000] {dag.py:3239} INFO - Sync 1 DAGs
[2025-02-06T12:31:46.549+0000] {logging_mixin.py:190} INFO - [2025-02-06T12:31:46.549+0000] {dag.py:4180} INFO - Setting next_dagrun for hello_world_dag to None, run_after=None
[2025-02-06T12:31:46.648+0000] {processor.py:208} INFO - Processing /opt/airflow/dags/sample.py took 0.170 seconds
[2025-02-06T12:32:17.509+0000] {processor.py:186} INFO - Started process (PID=800) to work on /opt/airflow/dags/sample.py
[2025-02-06T12:32:17.510+0000] {processor.py:914} INFO - Processing file /opt/airflow/dags/sample.py for tasks to queue
[2025-02-06T12:32:17.511+0000] {logging_mixin.py:190} INFO - [2025-02-06T12:32:17.511+0000] {dagbag.py:588} INFO - Filling up the DagBag from /opt/airflow/dags/sample.py
[2025-02-06T12:32:17.519+0000] {processor.py:925} INFO - DAG(s) 'hello_world_dag' retrieved from /opt/airflow/dags/sample.py
[2025-02-06T12:32:17.551+0000] {logging_mixin.py:190} INFO - [2025-02-06T12:32:17.551+0000] {dag.py:3239} INFO - Sync 1 DAGs
[2025-02-06T12:32:17.566+0000] {logging_mixin.py:190} INFO - [2025-02-06T12:32:17.566+0000] {dag.py:4180} INFO - Setting next_dagrun for hello_world_dag to None, run_after=None
[2025-02-06T12:32:17.606+0000] {processor.py:208} INFO - Processing /opt/airflow/dags/sample.py took 0.105 seconds
[2025-02-06T12:32:48.457+0000] {processor.py:186} INFO - Started process (PID=804) to work on /opt/airflow/dags/sample.py
[2025-02-06T12:32:48.459+0000] {processor.py:914} INFO - Processing file /opt/airflow/dags/sample.py for tasks to queue
[2025-02-06T12:32:48.461+0000] {logging_mixin.py:190} INFO - [2025-02-06T12:32:48.461+0000] {dagbag.py:588} INFO - Filling up the DagBag from /opt/airflow/dags/sample.py
[2025-02-06T12:32:48.472+0000] {processor.py:925} INFO - DAG(s) 'hello_world_dag' retrieved from /opt/airflow/dags/sample.py
[2025-02-06T12:32:48.503+0000] {logging_mixin.py:190} INFO - [2025-02-06T12:32:48.503+0000] {dag.py:3239} INFO - Sync 1 DAGs
[2025-02-06T12:32:48.518+0000] {logging_mixin.py:190} INFO - [2025-02-06T12:32:48.518+0000] {dag.py:4180} INFO - Setting next_dagrun for hello_world_dag to None, run_after=None
[2025-02-06T12:32:48.556+0000] {processor.py:208} INFO - Processing /opt/airflow/dags/sample.py took 0.108 seconds
[2025-02-06T12:33:19.322+0000] {processor.py:186} INFO - Started process (PID=808) to work on /opt/airflow/dags/sample.py
[2025-02-06T12:33:19.323+0000] {processor.py:914} INFO - Processing file /opt/airflow/dags/sample.py for tasks to queue
[2025-02-06T12:33:19.325+0000] {logging_mixin.py:190} INFO - [2025-02-06T12:33:19.325+0000] {dagbag.py:588} INFO - Filling up the DagBag from /opt/airflow/dags/sample.py
[2025-02-06T12:33:19.335+0000] {processor.py:925} INFO - DAG(s) 'hello_world_dag' retrieved from /opt/airflow/dags/sample.py
[2025-02-06T12:33:19.375+0000] {logging_mixin.py:190} INFO - [2025-02-06T12:33:19.375+0000] {dag.py:3239} INFO - Sync 1 DAGs
[2025-02-06T12:33:19.391+0000] {logging_mixin.py:190} INFO - [2025-02-06T12:33:19.391+0000] {dag.py:4180} INFO - Setting next_dagrun for hello_world_dag to None, run_after=None
[2025-02-06T12:33:19.439+0000] {processor.py:208} INFO - Processing /opt/airflow/dags/sample.py took 0.126 seconds
[2025-02-06T12:33:50.002+0000] {processor.py:186} INFO - Started process (PID=812) to work on /opt/airflow/dags/sample.py
[2025-02-06T12:33:50.003+0000] {processor.py:914} INFO - Processing file /opt/airflow/dags/sample.py for tasks to queue
[2025-02-06T12:33:50.005+0000] {logging_mixin.py:190} INFO - [2025-02-06T12:33:50.005+0000] {dagbag.py:588} INFO - Filling up the DagBag from /opt/airflow/dags/sample.py
[2025-02-06T12:33:50.021+0000] {processor.py:925} INFO - DAG(s) 'hello_world_dag' retrieved from /opt/airflow/dags/sample.py
[2025-02-06T12:33:50.059+0000] {logging_mixin.py:190} INFO - [2025-02-06T12:33:50.058+0000] {dag.py:3239} INFO - Sync 1 DAGs
[2025-02-06T12:33:50.072+0000] {logging_mixin.py:190} INFO - [2025-02-06T12:33:50.072+0000] {dag.py:4180} INFO - Setting next_dagrun for hello_world_dag to None, run_after=None
[2025-02-06T12:33:50.218+0000] {processor.py:208} INFO - Processing /opt/airflow/dags/sample.py took 0.224 seconds
[2025-02-06T12:34:21.037+0000] {processor.py:186} INFO - Started process (PID=816) to work on /opt/airflow/dags/sample.py
[2025-02-06T12:34:21.039+0000] {processor.py:914} INFO - Processing file /opt/airflow/dags/sample.py for tasks to queue
[2025-02-06T12:34:21.041+0000] {logging_mixin.py:190} INFO - [2025-02-06T12:34:21.041+0000] {dagbag.py:588} INFO - Filling up the DagBag from /opt/airflow/dags/sample.py
[2025-02-06T12:34:21.052+0000] {processor.py:925} INFO - DAG(s) 'hello_world_dag' retrieved from /opt/airflow/dags/sample.py
[2025-02-06T12:34:21.086+0000] {logging_mixin.py:190} INFO - [2025-02-06T12:34:21.085+0000] {dag.py:3239} INFO - Sync 1 DAGs
[2025-02-06T12:34:21.103+0000] {logging_mixin.py:190} INFO - [2025-02-06T12:34:21.102+0000] {dag.py:4180} INFO - Setting next_dagrun for hello_world_dag to None, run_after=None
[2025-02-06T12:34:21.144+0000] {processor.py:208} INFO - Processing /opt/airflow/dags/sample.py took 0.120 seconds
[2025-02-06T12:34:51.871+0000] {processor.py:186} INFO - Started process (PID=820) to work on /opt/airflow/dags/sample.py
[2025-02-06T12:34:51.873+0000] {processor.py:914} INFO - Processing file /opt/airflow/dags/sample.py for tasks to queue
[2025-02-06T12:34:51.875+0000] {logging_mixin.py:190} INFO - [2025-02-06T12:34:51.874+0000] {dagbag.py:588} INFO - Filling up the DagBag from /opt/airflow/dags/sample.py
[2025-02-06T12:34:51.888+0000] {processor.py:925} INFO - DAG(s) 'hello_world_dag' retrieved from /opt/airflow/dags/sample.py
[2025-02-06T12:34:51.930+0000] {logging_mixin.py:190} INFO - [2025-02-06T12:34:51.930+0000] {dag.py:3239} INFO - Sync 1 DAGs
[2025-02-06T12:34:51.951+0000] {logging_mixin.py:190} INFO - [2025-02-06T12:34:51.951+0000] {dag.py:4180} INFO - Setting next_dagrun for hello_world_dag to None, run_after=None
[2025-02-06T12:34:52.002+0000] {processor.py:208} INFO - Processing /opt/airflow/dags/sample.py took 0.138 seconds
[2025-02-06T15:33:16.943+0000] {processor.py:186} INFO - Started process (PID=68) to work on /opt/airflow/dags/sample.py
[2025-02-06T15:33:16.944+0000] {processor.py:914} INFO - Processing file /opt/airflow/dags/sample.py for tasks to queue
[2025-02-06T15:33:16.949+0000] {logging_mixin.py:190} INFO - [2025-02-06T15:33:16.948+0000] {dagbag.py:588} INFO - Filling up the DagBag from /opt/airflow/dags/sample.py
[2025-02-06T15:33:16.965+0000] {processor.py:925} INFO - DAG(s) 'hello_world_dag' retrieved from /opt/airflow/dags/sample.py
[2025-02-06T15:33:16.995+0000] {logging_mixin.py:190} INFO - [2025-02-06T15:33:16.995+0000] {dag.py:3239} INFO - Sync 1 DAGs
[2025-02-06T15:33:17.014+0000] {logging_mixin.py:190} INFO - [2025-02-06T15:33:17.014+0000] {dag.py:4180} INFO - Setting next_dagrun for hello_world_dag to None, run_after=None
[2025-02-06T15:33:17.058+0000] {processor.py:208} INFO - Processing /opt/airflow/dags/sample.py took 0.122 seconds
[2025-02-06T15:33:47.509+0000] {processor.py:186} INFO - Started process (PID=83) to work on /opt/airflow/dags/sample.py
[2025-02-06T15:33:47.511+0000] {processor.py:914} INFO - Processing file /opt/airflow/dags/sample.py for tasks to queue
[2025-02-06T15:33:47.517+0000] {logging_mixin.py:190} INFO - [2025-02-06T15:33:47.516+0000] {dagbag.py:588} INFO - Filling up the DagBag from /opt/airflow/dags/sample.py
[2025-02-06T15:33:47.538+0000] {processor.py:925} INFO - DAG(s) 'hello_world_dag' retrieved from /opt/airflow/dags/sample.py
[2025-02-06T15:33:47.592+0000] {logging_mixin.py:190} INFO - [2025-02-06T15:33:47.592+0000] {dag.py:3239} INFO - Sync 1 DAGs
[2025-02-06T15:33:47.632+0000] {logging_mixin.py:190} INFO - [2025-02-06T15:33:47.630+0000] {dag.py:4180} INFO - Setting next_dagrun for hello_world_dag to None, run_after=None
[2025-02-06T15:33:47.688+0000] {processor.py:208} INFO - Processing /opt/airflow/dags/sample.py took 0.185 seconds
[2025-02-06T15:34:19.486+0000] {processor.py:186} INFO - Started process (PID=87) to work on /opt/airflow/dags/sample.py
[2025-02-06T15:34:19.488+0000] {processor.py:914} INFO - Processing file /opt/airflow/dags/sample.py for tasks to queue
[2025-02-06T15:34:19.492+0000] {logging_mixin.py:190} INFO - [2025-02-06T15:34:19.491+0000] {dagbag.py:588} INFO - Filling up the DagBag from /opt/airflow/dags/sample.py
[2025-02-06T15:34:19.516+0000] {processor.py:925} INFO - DAG(s) 'hello_world_dag' retrieved from /opt/airflow/dags/sample.py
[2025-02-06T15:34:19.557+0000] {logging_mixin.py:190} INFO - [2025-02-06T15:34:19.556+0000] {dag.py:3239} INFO - Sync 1 DAGs
[2025-02-06T15:34:19.576+0000] {logging_mixin.py:190} INFO - [2025-02-06T15:34:19.576+0000] {dag.py:4180} INFO - Setting next_dagrun for hello_world_dag to None, run_after=None
[2025-02-06T15:34:19.637+0000] {processor.py:208} INFO - Processing /opt/airflow/dags/sample.py took 0.168 seconds
[2025-02-06T15:34:51.685+0000] {processor.py:186} INFO - Started process (PID=91) to work on /opt/airflow/dags/sample.py
[2025-02-06T15:34:51.686+0000] {processor.py:914} INFO - Processing file /opt/airflow/dags/sample.py for tasks to queue
[2025-02-06T15:34:51.689+0000] {logging_mixin.py:190} INFO - [2025-02-06T15:34:51.688+0000] {dagbag.py:588} INFO - Filling up the DagBag from /opt/airflow/dags/sample.py
[2025-02-06T15:34:51.706+0000] {processor.py:925} INFO - DAG(s) 'hello_world_dag' retrieved from /opt/airflow/dags/sample.py
[2025-02-06T15:34:51.744+0000] {logging_mixin.py:190} INFO - [2025-02-06T15:34:51.744+0000] {dag.py:3239} INFO - Sync 1 DAGs
[2025-02-06T15:34:51.761+0000] {logging_mixin.py:190} INFO - [2025-02-06T15:34:51.761+0000] {dag.py:4180} INFO - Setting next_dagrun for hello_world_dag to None, run_after=None
[2025-02-06T15:34:51.811+0000] {processor.py:208} INFO - Processing /opt/airflow/dags/sample.py took 0.138 seconds
[2025-02-06T15:35:38.045+0000] {processor.py:186} INFO - Started process (PID=300) to work on /opt/airflow/dags/sample.py
[2025-02-06T15:35:38.046+0000] {processor.py:914} INFO - Processing file /opt/airflow/dags/sample.py for tasks to queue
[2025-02-06T15:35:38.049+0000] {logging_mixin.py:190} INFO - [2025-02-06T15:35:38.048+0000] {dagbag.py:588} INFO - Filling up the DagBag from /opt/airflow/dags/sample.py
[2025-02-06T15:35:38.062+0000] {processor.py:925} INFO - DAG(s) 'hello_world_dag' retrieved from /opt/airflow/dags/sample.py
[2025-02-06T15:35:38.091+0000] {logging_mixin.py:190} INFO - [2025-02-06T15:35:38.091+0000] {dag.py:3239} INFO - Sync 1 DAGs
[2025-02-06T15:35:38.107+0000] {logging_mixin.py:190} INFO - [2025-02-06T15:35:38.107+0000] {dag.py:4180} INFO - Setting next_dagrun for hello_world_dag to None, run_after=None
[2025-02-06T15:35:38.150+0000] {processor.py:208} INFO - Processing /opt/airflow/dags/sample.py took 0.111 seconds
[2025-02-06T15:36:08.275+0000] {processor.py:186} INFO - Started process (PID=304) to work on /opt/airflow/dags/sample.py
[2025-02-06T15:36:08.277+0000] {processor.py:914} INFO - Processing file /opt/airflow/dags/sample.py for tasks to queue
[2025-02-06T15:36:08.280+0000] {logging_mixin.py:190} INFO - [2025-02-06T15:36:08.279+0000] {dagbag.py:588} INFO - Filling up the DagBag from /opt/airflow/dags/sample.py
[2025-02-06T15:36:08.296+0000] {processor.py:925} INFO - DAG(s) 'hello_world_dag' retrieved from /opt/airflow/dags/sample.py
[2025-02-06T15:36:08.327+0000] {logging_mixin.py:190} INFO - [2025-02-06T15:36:08.327+0000] {dag.py:3239} INFO - Sync 1 DAGs
[2025-02-06T15:36:08.344+0000] {logging_mixin.py:190} INFO - [2025-02-06T15:36:08.344+0000] {dag.py:4180} INFO - Setting next_dagrun for hello_world_dag to None, run_after=None
[2025-02-06T15:36:08.387+0000] {processor.py:208} INFO - Processing /opt/airflow/dags/sample.py took 0.118 seconds
[2025-02-06T15:36:39.107+0000] {processor.py:186} INFO - Started process (PID=308) to work on /opt/airflow/dags/sample.py
[2025-02-06T15:36:39.109+0000] {processor.py:914} INFO - Processing file /opt/airflow/dags/sample.py for tasks to queue
[2025-02-06T15:36:39.112+0000] {logging_mixin.py:190} INFO - [2025-02-06T15:36:39.111+0000] {dagbag.py:588} INFO - Filling up the DagBag from /opt/airflow/dags/sample.py
[2025-02-06T15:36:39.129+0000] {processor.py:925} INFO - DAG(s) 'hello_world_dag' retrieved from /opt/airflow/dags/sample.py
[2025-02-06T15:36:39.171+0000] {logging_mixin.py:190} INFO - [2025-02-06T15:36:39.170+0000] {dag.py:3239} INFO - Sync 1 DAGs
[2025-02-06T15:36:39.192+0000] {logging_mixin.py:190} INFO - [2025-02-06T15:36:39.192+0000] {dag.py:4180} INFO - Setting next_dagrun for hello_world_dag to None, run_after=None
[2025-02-06T15:36:39.239+0000] {processor.py:208} INFO - Processing /opt/airflow/dags/sample.py took 0.141 seconds
[2025-02-06T15:37:10.410+0000] {processor.py:186} INFO - Started process (PID=312) to work on /opt/airflow/dags/sample.py
[2025-02-06T15:37:10.412+0000] {processor.py:914} INFO - Processing file /opt/airflow/dags/sample.py for tasks to queue
[2025-02-06T15:37:10.416+0000] {logging_mixin.py:190} INFO - [2025-02-06T15:37:10.415+0000] {dagbag.py:588} INFO - Filling up the DagBag from /opt/airflow/dags/sample.py
[2025-02-06T15:37:10.435+0000] {processor.py:925} INFO - DAG(s) 'hello_world_dag' retrieved from /opt/airflow/dags/sample.py
[2025-02-06T15:37:10.471+0000] {logging_mixin.py:190} INFO - [2025-02-06T15:37:10.470+0000] {dag.py:3239} INFO - Sync 1 DAGs
[2025-02-06T15:37:10.491+0000] {logging_mixin.py:190} INFO - [2025-02-06T15:37:10.491+0000] {dag.py:4180} INFO - Setting next_dagrun for hello_world_dag to None, run_after=None
[2025-02-06T15:37:10.536+0000] {processor.py:208} INFO - Processing /opt/airflow/dags/sample.py took 0.133 seconds
[2025-02-06T15:37:41.658+0000] {processor.py:186} INFO - Started process (PID=316) to work on /opt/airflow/dags/sample.py
[2025-02-06T15:37:41.659+0000] {processor.py:914} INFO - Processing file /opt/airflow/dags/sample.py for tasks to queue
[2025-02-06T15:37:41.664+0000] {logging_mixin.py:190} INFO - [2025-02-06T15:37:41.663+0000] {dagbag.py:588} INFO - Filling up the DagBag from /opt/airflow/dags/sample.py
[2025-02-06T15:37:41.691+0000] {processor.py:925} INFO - DAG(s) 'hello_world_dag' retrieved from /opt/airflow/dags/sample.py
[2025-02-06T15:37:41.750+0000] {logging_mixin.py:190} INFO - [2025-02-06T15:37:41.749+0000] {dag.py:3239} INFO - Sync 1 DAGs
[2025-02-06T15:37:41.787+0000] {logging_mixin.py:190} INFO - [2025-02-06T15:37:41.786+0000] {dag.py:4180} INFO - Setting next_dagrun for hello_world_dag to None, run_after=None
[2025-02-06T15:37:41.861+0000] {processor.py:208} INFO - Processing /opt/airflow/dags/sample.py took 0.212 seconds
[2025-02-06T15:38:12.095+0000] {processor.py:186} INFO - Started process (PID=320) to work on /opt/airflow/dags/sample.py
[2025-02-06T15:38:12.096+0000] {processor.py:914} INFO - Processing file /opt/airflow/dags/sample.py for tasks to queue
[2025-02-06T15:38:12.101+0000] {logging_mixin.py:190} INFO - [2025-02-06T15:38:12.100+0000] {dagbag.py:588} INFO - Filling up the DagBag from /opt/airflow/dags/sample.py
[2025-02-06T15:38:12.118+0000] {processor.py:925} INFO - DAG(s) 'hello_world_dag' retrieved from /opt/airflow/dags/sample.py
[2025-02-06T15:38:12.156+0000] {logging_mixin.py:190} INFO - [2025-02-06T15:38:12.155+0000] {dag.py:3239} INFO - Sync 1 DAGs
[2025-02-06T15:38:12.176+0000] {logging_mixin.py:190} INFO - [2025-02-06T15:38:12.175+0000] {dag.py:4180} INFO - Setting next_dagrun for hello_world_dag to None, run_after=None
[2025-02-06T15:38:12.225+0000] {processor.py:208} INFO - Processing /opt/airflow/dags/sample.py took 0.139 seconds
[2025-02-06T15:38:42.553+0000] {processor.py:186} INFO - Started process (PID=324) to work on /opt/airflow/dags/sample.py
[2025-02-06T15:38:42.554+0000] {processor.py:914} INFO - Processing file /opt/airflow/dags/sample.py for tasks to queue
[2025-02-06T15:38:42.557+0000] {logging_mixin.py:190} INFO - [2025-02-06T15:38:42.556+0000] {dagbag.py:588} INFO - Filling up the DagBag from /opt/airflow/dags/sample.py
[2025-02-06T15:38:42.571+0000] {processor.py:925} INFO - DAG(s) 'hello_world_dag' retrieved from /opt/airflow/dags/sample.py
[2025-02-06T15:38:42.603+0000] {logging_mixin.py:190} INFO - [2025-02-06T15:38:42.602+0000] {dag.py:3239} INFO - Sync 1 DAGs
[2025-02-06T15:38:42.619+0000] {logging_mixin.py:190} INFO - [2025-02-06T15:38:42.619+0000] {dag.py:4180} INFO - Setting next_dagrun for hello_world_dag to None, run_after=None
[2025-02-06T15:38:42.663+0000] {processor.py:208} INFO - Processing /opt/airflow/dags/sample.py took 0.116 seconds
[2025-02-06T15:39:12.955+0000] {processor.py:186} INFO - Started process (PID=328) to work on /opt/airflow/dags/sample.py
[2025-02-06T15:39:12.956+0000] {processor.py:914} INFO - Processing file /opt/airflow/dags/sample.py for tasks to queue
[2025-02-06T15:39:12.960+0000] {logging_mixin.py:190} INFO - [2025-02-06T15:39:12.959+0000] {dagbag.py:588} INFO - Filling up the DagBag from /opt/airflow/dags/sample.py
[2025-02-06T15:39:12.974+0000] {processor.py:925} INFO - DAG(s) 'hello_world_dag' retrieved from /opt/airflow/dags/sample.py
[2025-02-06T15:39:13.005+0000] {logging_mixin.py:190} INFO - [2025-02-06T15:39:13.005+0000] {dag.py:3239} INFO - Sync 1 DAGs
[2025-02-06T15:39:13.022+0000] {logging_mixin.py:190} INFO - [2025-02-06T15:39:13.021+0000] {dag.py:4180} INFO - Setting next_dagrun for hello_world_dag to None, run_after=None
[2025-02-06T15:39:13.063+0000] {processor.py:208} INFO - Processing /opt/airflow/dags/sample.py took 0.114 seconds
[2025-02-06T15:39:43.399+0000] {processor.py:186} INFO - Started process (PID=332) to work on /opt/airflow/dags/sample.py
[2025-02-06T15:39:43.400+0000] {processor.py:914} INFO - Processing file /opt/airflow/dags/sample.py for tasks to queue
[2025-02-06T15:39:43.403+0000] {logging_mixin.py:190} INFO - [2025-02-06T15:39:43.403+0000] {dagbag.py:588} INFO - Filling up the DagBag from /opt/airflow/dags/sample.py
[2025-02-06T15:39:43.420+0000] {processor.py:925} INFO - DAG(s) 'hello_world_dag' retrieved from /opt/airflow/dags/sample.py
[2025-02-06T15:39:43.451+0000] {logging_mixin.py:190} INFO - [2025-02-06T15:39:43.451+0000] {dag.py:3239} INFO - Sync 1 DAGs
[2025-02-06T15:39:43.466+0000] {logging_mixin.py:190} INFO - [2025-02-06T15:39:43.466+0000] {dag.py:4180} INFO - Setting next_dagrun for hello_world_dag to None, run_after=None
[2025-02-06T15:39:43.502+0000] {processor.py:208} INFO - Processing /opt/airflow/dags/sample.py took 0.111 seconds
[2025-02-06T15:40:13.814+0000] {processor.py:186} INFO - Started process (PID=336) to work on /opt/airflow/dags/sample.py
[2025-02-06T15:40:13.815+0000] {processor.py:914} INFO - Processing file /opt/airflow/dags/sample.py for tasks to queue
[2025-02-06T15:40:13.818+0000] {logging_mixin.py:190} INFO - [2025-02-06T15:40:13.817+0000] {dagbag.py:588} INFO - Filling up the DagBag from /opt/airflow/dags/sample.py
[2025-02-06T15:40:13.878+0000] {processor.py:925} INFO - DAG(s) 'hello_world_dag' retrieved from /opt/airflow/dags/sample.py
[2025-02-06T15:40:13.928+0000] {logging_mixin.py:190} INFO - [2025-02-06T15:40:13.927+0000] {dag.py:3239} INFO - Sync 1 DAGs
[2025-02-06T15:40:13.949+0000] {logging_mixin.py:190} INFO - [2025-02-06T15:40:13.949+0000] {dag.py:4180} INFO - Setting next_dagrun for hello_world_dag to None, run_after=None
[2025-02-06T15:40:13.992+0000] {processor.py:208} INFO - Processing /opt/airflow/dags/sample.py took 0.185 seconds
[2025-02-06T15:40:44.226+0000] {processor.py:186} INFO - Started process (PID=352) to work on /opt/airflow/dags/sample.py
[2025-02-06T15:40:44.227+0000] {processor.py:914} INFO - Processing file /opt/airflow/dags/sample.py for tasks to queue
[2025-02-06T15:40:44.230+0000] {logging_mixin.py:190} INFO - [2025-02-06T15:40:44.230+0000] {dagbag.py:588} INFO - Filling up the DagBag from /opt/airflow/dags/sample.py
[2025-02-06T15:40:44.245+0000] {processor.py:925} INFO - DAG(s) 'hello_world_dag' retrieved from /opt/airflow/dags/sample.py
[2025-02-06T15:40:44.285+0000] {logging_mixin.py:190} INFO - [2025-02-06T15:40:44.285+0000] {dag.py:3239} INFO - Sync 1 DAGs
[2025-02-06T15:40:44.303+0000] {logging_mixin.py:190} INFO - [2025-02-06T15:40:44.302+0000] {dag.py:4180} INFO - Setting next_dagrun for hello_world_dag to None, run_after=None
[2025-02-06T15:40:44.385+0000] {processor.py:208} INFO - Processing /opt/airflow/dags/sample.py took 0.165 seconds
[2025-02-06T15:41:14.588+0000] {processor.py:186} INFO - Started process (PID=356) to work on /opt/airflow/dags/sample.py
[2025-02-06T15:41:14.590+0000] {processor.py:914} INFO - Processing file /opt/airflow/dags/sample.py for tasks to queue
[2025-02-06T15:41:14.593+0000] {logging_mixin.py:190} INFO - [2025-02-06T15:41:14.593+0000] {dagbag.py:588} INFO - Filling up the DagBag from /opt/airflow/dags/sample.py
[2025-02-06T15:41:14.610+0000] {processor.py:925} INFO - DAG(s) 'hello_world_dag' retrieved from /opt/airflow/dags/sample.py
[2025-02-06T15:41:14.649+0000] {logging_mixin.py:190} INFO - [2025-02-06T15:41:14.649+0000] {dag.py:3239} INFO - Sync 1 DAGs
[2025-02-06T15:41:14.670+0000] {logging_mixin.py:190} INFO - [2025-02-06T15:41:14.670+0000] {dag.py:4180} INFO - Setting next_dagrun for hello_world_dag to None, run_after=None
[2025-02-06T15:41:14.721+0000] {processor.py:208} INFO - Processing /opt/airflow/dags/sample.py took 0.140 seconds
[2025-02-06T15:41:44.962+0000] {processor.py:186} INFO - Started process (PID=360) to work on /opt/airflow/dags/sample.py
[2025-02-06T15:41:44.963+0000] {processor.py:914} INFO - Processing file /opt/airflow/dags/sample.py for tasks to queue
[2025-02-06T15:41:44.967+0000] {logging_mixin.py:190} INFO - [2025-02-06T15:41:44.967+0000] {dagbag.py:588} INFO - Filling up the DagBag from /opt/airflow/dags/sample.py
[2025-02-06T15:41:44.985+0000] {processor.py:925} INFO - DAG(s) 'hello_world_dag' retrieved from /opt/airflow/dags/sample.py
[2025-02-06T15:41:45.072+0000] {logging_mixin.py:190} INFO - [2025-02-06T15:41:45.072+0000] {dag.py:3239} INFO - Sync 1 DAGs
[2025-02-06T15:41:45.099+0000] {logging_mixin.py:190} INFO - [2025-02-06T15:41:45.099+0000] {dag.py:4180} INFO - Setting next_dagrun for hello_world_dag to None, run_after=None
[2025-02-06T15:41:45.143+0000] {processor.py:208} INFO - Processing /opt/airflow/dags/sample.py took 0.189 seconds
[2025-02-06T15:42:16.694+0000] {processor.py:186} INFO - Started process (PID=364) to work on /opt/airflow/dags/sample.py
[2025-02-06T15:42:16.696+0000] {processor.py:914} INFO - Processing file /opt/airflow/dags/sample.py for tasks to queue
[2025-02-06T15:42:16.700+0000] {logging_mixin.py:190} INFO - [2025-02-06T15:42:16.700+0000] {dagbag.py:588} INFO - Filling up the DagBag from /opt/airflow/dags/sample.py
[2025-02-06T15:42:16.718+0000] {processor.py:925} INFO - DAG(s) 'hello_world_dag' retrieved from /opt/airflow/dags/sample.py
[2025-02-06T15:42:16.754+0000] {logging_mixin.py:190} INFO - [2025-02-06T15:42:16.753+0000] {dag.py:3239} INFO - Sync 1 DAGs
[2025-02-06T15:42:16.770+0000] {logging_mixin.py:190} INFO - [2025-02-06T15:42:16.770+0000] {dag.py:4180} INFO - Setting next_dagrun for hello_world_dag to None, run_after=None
[2025-02-06T15:42:16.808+0000] {processor.py:208} INFO - Processing /opt/airflow/dags/sample.py took 0.122 seconds
[2025-02-06T15:43:22.674+0000] {processor.py:186} INFO - Started process (PID=369) to work on /opt/airflow/dags/sample.py
[2025-02-06T15:43:22.675+0000] {processor.py:914} INFO - Processing file /opt/airflow/dags/sample.py for tasks to queue
[2025-02-06T15:43:22.678+0000] {logging_mixin.py:190} INFO - [2025-02-06T15:43:22.678+0000] {dagbag.py:588} INFO - Filling up the DagBag from /opt/airflow/dags/sample.py
[2025-02-06T15:43:22.692+0000] {processor.py:925} INFO - DAG(s) 'hello_world_dag' retrieved from /opt/airflow/dags/sample.py
[2025-02-06T15:43:22.725+0000] {logging_mixin.py:190} INFO - [2025-02-06T15:43:22.725+0000] {dag.py:3239} INFO - Sync 1 DAGs
[2025-02-06T15:43:22.742+0000] {logging_mixin.py:190} INFO - [2025-02-06T15:43:22.742+0000] {dag.py:4180} INFO - Setting next_dagrun for hello_world_dag to None, run_after=None
[2025-02-06T15:43:22.779+0000] {processor.py:208} INFO - Processing /opt/airflow/dags/sample.py took 0.112 seconds
[2025-02-06T15:43:53.733+0000] {processor.py:186} INFO - Started process (PID=373) to work on /opt/airflow/dags/sample.py
[2025-02-06T15:43:53.734+0000] {processor.py:914} INFO - Processing file /opt/airflow/dags/sample.py for tasks to queue
[2025-02-06T15:43:53.738+0000] {logging_mixin.py:190} INFO - [2025-02-06T15:43:53.737+0000] {dagbag.py:588} INFO - Filling up the DagBag from /opt/airflow/dags/sample.py
[2025-02-06T15:43:53.752+0000] {processor.py:925} INFO - DAG(s) 'hello_world_dag' retrieved from /opt/airflow/dags/sample.py
[2025-02-06T15:43:53.788+0000] {logging_mixin.py:190} INFO - [2025-02-06T15:43:53.788+0000] {dag.py:3239} INFO - Sync 1 DAGs
[2025-02-06T15:43:53.804+0000] {logging_mixin.py:190} INFO - [2025-02-06T15:43:53.804+0000] {dag.py:4180} INFO - Setting next_dagrun for hello_world_dag to None, run_after=None
[2025-02-06T15:43:53.847+0000] {processor.py:208} INFO - Processing /opt/airflow/dags/sample.py took 0.119 seconds
[2025-02-06T15:44:24.639+0000] {processor.py:186} INFO - Started process (PID=377) to work on /opt/airflow/dags/sample.py
[2025-02-06T15:44:24.641+0000] {processor.py:914} INFO - Processing file /opt/airflow/dags/sample.py for tasks to queue
[2025-02-06T15:44:24.644+0000] {logging_mixin.py:190} INFO - [2025-02-06T15:44:24.644+0000] {dagbag.py:588} INFO - Filling up the DagBag from /opt/airflow/dags/sample.py
[2025-02-06T15:44:24.673+0000] {processor.py:925} INFO - DAG(s) 'hello_world_dag' retrieved from /opt/airflow/dags/sample.py
[2025-02-06T15:44:24.707+0000] {logging_mixin.py:190} INFO - [2025-02-06T15:44:24.707+0000] {dag.py:3239} INFO - Sync 1 DAGs
[2025-02-06T15:44:24.743+0000] {logging_mixin.py:190} INFO - [2025-02-06T15:44:24.743+0000] {dag.py:4180} INFO - Setting next_dagrun for hello_world_dag to None, run_after=None
[2025-02-06T15:44:24.788+0000] {processor.py:208} INFO - Processing /opt/airflow/dags/sample.py took 0.156 seconds
[2025-02-06T15:44:55.648+0000] {processor.py:186} INFO - Started process (PID=381) to work on /opt/airflow/dags/sample.py
[2025-02-06T15:44:55.650+0000] {processor.py:914} INFO - Processing file /opt/airflow/dags/sample.py for tasks to queue
[2025-02-06T15:44:55.653+0000] {logging_mixin.py:190} INFO - [2025-02-06T15:44:55.652+0000] {dagbag.py:588} INFO - Filling up the DagBag from /opt/airflow/dags/sample.py
[2025-02-06T15:44:55.672+0000] {processor.py:925} INFO - DAG(s) 'hello_world_dag' retrieved from /opt/airflow/dags/sample.py
[2025-02-06T15:44:55.701+0000] {logging_mixin.py:190} INFO - [2025-02-06T15:44:55.701+0000] {dag.py:3239} INFO - Sync 1 DAGs
[2025-02-06T15:44:55.716+0000] {logging_mixin.py:190} INFO - [2025-02-06T15:44:55.715+0000] {dag.py:4180} INFO - Setting next_dagrun for hello_world_dag to None, run_after=None
[2025-02-06T15:44:55.753+0000] {processor.py:208} INFO - Processing /opt/airflow/dags/sample.py took 0.111 seconds
[2025-02-06T15:45:26.573+0000] {processor.py:186} INFO - Started process (PID=385) to work on /opt/airflow/dags/sample.py
[2025-02-06T15:45:26.574+0000] {processor.py:914} INFO - Processing file /opt/airflow/dags/sample.py for tasks to queue
[2025-02-06T15:45:26.578+0000] {logging_mixin.py:190} INFO - [2025-02-06T15:45:26.578+0000] {dagbag.py:588} INFO - Filling up the DagBag from /opt/airflow/dags/sample.py
[2025-02-06T15:45:26.597+0000] {processor.py:925} INFO - DAG(s) 'hello_world_dag' retrieved from /opt/airflow/dags/sample.py
[2025-02-06T15:45:26.627+0000] {logging_mixin.py:190} INFO - [2025-02-06T15:45:26.627+0000] {dag.py:3239} INFO - Sync 1 DAGs
[2025-02-06T15:45:26.645+0000] {logging_mixin.py:190} INFO - [2025-02-06T15:45:26.644+0000] {dag.py:4180} INFO - Setting next_dagrun for hello_world_dag to None, run_after=None
[2025-02-06T15:45:26.686+0000] {processor.py:208} INFO - Processing /opt/airflow/dags/sample.py took 0.119 seconds
[2025-02-06T15:45:57.480+0000] {processor.py:186} INFO - Started process (PID=389) to work on /opt/airflow/dags/sample.py
[2025-02-06T15:45:57.482+0000] {processor.py:914} INFO - Processing file /opt/airflow/dags/sample.py for tasks to queue
[2025-02-06T15:45:57.484+0000] {logging_mixin.py:190} INFO - [2025-02-06T15:45:57.484+0000] {dagbag.py:588} INFO - Filling up the DagBag from /opt/airflow/dags/sample.py
[2025-02-06T15:45:57.499+0000] {processor.py:925} INFO - DAG(s) 'hello_world_dag' retrieved from /opt/airflow/dags/sample.py
[2025-02-06T15:45:57.528+0000] {logging_mixin.py:190} INFO - [2025-02-06T15:45:57.528+0000] {dag.py:3239} INFO - Sync 1 DAGs
[2025-02-06T15:45:57.543+0000] {logging_mixin.py:190} INFO - [2025-02-06T15:45:57.543+0000] {dag.py:4180} INFO - Setting next_dagrun for hello_world_dag to None, run_after=None
[2025-02-06T15:45:57.582+0000] {processor.py:208} INFO - Processing /opt/airflow/dags/sample.py took 0.108 seconds
[2025-02-06T15:46:28.364+0000] {processor.py:186} INFO - Started process (PID=393) to work on /opt/airflow/dags/sample.py
[2025-02-06T15:46:28.365+0000] {processor.py:914} INFO - Processing file /opt/airflow/dags/sample.py for tasks to queue
[2025-02-06T15:46:28.368+0000] {logging_mixin.py:190} INFO - [2025-02-06T15:46:28.368+0000] {dagbag.py:588} INFO - Filling up the DagBag from /opt/airflow/dags/sample.py
[2025-02-06T15:46:28.384+0000] {processor.py:925} INFO - DAG(s) 'hello_world_dag' retrieved from /opt/airflow/dags/sample.py
[2025-02-06T15:46:28.415+0000] {logging_mixin.py:190} INFO - [2025-02-06T15:46:28.415+0000] {dag.py:3239} INFO - Sync 1 DAGs
[2025-02-06T15:46:28.431+0000] {logging_mixin.py:190} INFO - [2025-02-06T15:46:28.431+0000] {dag.py:4180} INFO - Setting next_dagrun for hello_world_dag to None, run_after=None
[2025-02-06T15:46:28.480+0000] {processor.py:208} INFO - Processing /opt/airflow/dags/sample.py took 0.124 seconds
[2025-02-06T15:46:59.564+0000] {processor.py:186} INFO - Started process (PID=397) to work on /opt/airflow/dags/sample.py
[2025-02-06T15:46:59.565+0000] {processor.py:914} INFO - Processing file /opt/airflow/dags/sample.py for tasks to queue
[2025-02-06T15:46:59.568+0000] {logging_mixin.py:190} INFO - [2025-02-06T15:46:59.568+0000] {dagbag.py:588} INFO - Filling up the DagBag from /opt/airflow/dags/sample.py
[2025-02-06T15:46:59.584+0000] {processor.py:925} INFO - DAG(s) 'hello_world_dag' retrieved from /opt/airflow/dags/sample.py
[2025-02-06T15:46:59.615+0000] {logging_mixin.py:190} INFO - [2025-02-06T15:46:59.614+0000] {dag.py:3239} INFO - Sync 1 DAGs
[2025-02-06T15:46:59.632+0000] {logging_mixin.py:190} INFO - [2025-02-06T15:46:59.631+0000] {dag.py:4180} INFO - Setting next_dagrun for hello_world_dag to None, run_after=None
[2025-02-06T15:46:59.673+0000] {processor.py:208} INFO - Processing /opt/airflow/dags/sample.py took 0.115 seconds
[2025-02-06T15:47:30.418+0000] {processor.py:186} INFO - Started process (PID=401) to work on /opt/airflow/dags/sample.py
[2025-02-06T15:47:30.420+0000] {processor.py:914} INFO - Processing file /opt/airflow/dags/sample.py for tasks to queue
[2025-02-06T15:47:30.423+0000] {logging_mixin.py:190} INFO - [2025-02-06T15:47:30.422+0000] {dagbag.py:588} INFO - Filling up the DagBag from /opt/airflow/dags/sample.py
[2025-02-06T15:47:30.438+0000] {processor.py:925} INFO - DAG(s) 'hello_world_dag' retrieved from /opt/airflow/dags/sample.py
[2025-02-06T15:47:30.469+0000] {logging_mixin.py:190} INFO - [2025-02-06T15:47:30.469+0000] {dag.py:3239} INFO - Sync 1 DAGs
[2025-02-06T15:47:30.486+0000] {logging_mixin.py:190} INFO - [2025-02-06T15:47:30.485+0000] {dag.py:4180} INFO - Setting next_dagrun for hello_world_dag to None, run_after=None
[2025-02-06T15:47:30.524+0000] {processor.py:208} INFO - Processing /opt/airflow/dags/sample.py took 0.112 seconds
[2025-02-06T15:48:01.389+0000] {processor.py:186} INFO - Started process (PID=405) to work on /opt/airflow/dags/sample.py
[2025-02-06T15:48:01.391+0000] {processor.py:914} INFO - Processing file /opt/airflow/dags/sample.py for tasks to queue
[2025-02-06T15:48:01.396+0000] {logging_mixin.py:190} INFO - [2025-02-06T15:48:01.395+0000] {dagbag.py:588} INFO - Filling up the DagBag from /opt/airflow/dags/sample.py
[2025-02-06T15:48:01.419+0000] {processor.py:925} INFO - DAG(s) 'hello_world_dag' retrieved from /opt/airflow/dags/sample.py
[2025-02-06T15:48:01.464+0000] {logging_mixin.py:190} INFO - [2025-02-06T15:48:01.464+0000] {dag.py:3239} INFO - Sync 1 DAGs
[2025-02-06T15:48:01.482+0000] {logging_mixin.py:190} INFO - [2025-02-06T15:48:01.482+0000] {dag.py:4180} INFO - Setting next_dagrun for hello_world_dag to None, run_after=None
[2025-02-06T15:48:01.529+0000] {processor.py:208} INFO - Processing /opt/airflow/dags/sample.py took 0.151 seconds
[2025-02-06T15:48:32.486+0000] {processor.py:186} INFO - Started process (PID=409) to work on /opt/airflow/dags/sample.py
[2025-02-06T15:48:32.487+0000] {processor.py:914} INFO - Processing file /opt/airflow/dags/sample.py for tasks to queue
[2025-02-06T15:48:32.491+0000] {logging_mixin.py:190} INFO - [2025-02-06T15:48:32.490+0000] {dagbag.py:588} INFO - Filling up the DagBag from /opt/airflow/dags/sample.py
[2025-02-06T15:48:32.504+0000] {processor.py:925} INFO - DAG(s) 'hello_world_dag' retrieved from /opt/airflow/dags/sample.py
[2025-02-06T15:48:32.537+0000] {logging_mixin.py:190} INFO - [2025-02-06T15:48:32.536+0000] {dag.py:3239} INFO - Sync 1 DAGs
[2025-02-06T15:48:32.554+0000] {logging_mixin.py:190} INFO - [2025-02-06T15:48:32.554+0000] {dag.py:4180} INFO - Setting next_dagrun for hello_world_dag to None, run_after=None
[2025-02-06T15:48:32.606+0000] {processor.py:208} INFO - Processing /opt/airflow/dags/sample.py took 0.126 seconds
[2025-02-06T15:49:03.473+0000] {processor.py:186} INFO - Started process (PID=413) to work on /opt/airflow/dags/sample.py
[2025-02-06T15:49:03.475+0000] {processor.py:914} INFO - Processing file /opt/airflow/dags/sample.py for tasks to queue
[2025-02-06T15:49:03.478+0000] {logging_mixin.py:190} INFO - [2025-02-06T15:49:03.478+0000] {dagbag.py:588} INFO - Filling up the DagBag from /opt/airflow/dags/sample.py
[2025-02-06T15:49:03.495+0000] {processor.py:925} INFO - DAG(s) 'hello_world_dag' retrieved from /opt/airflow/dags/sample.py
[2025-02-06T15:49:03.530+0000] {logging_mixin.py:190} INFO - [2025-02-06T15:49:03.530+0000] {dag.py:3239} INFO - Sync 1 DAGs
[2025-02-06T15:49:03.548+0000] {logging_mixin.py:190} INFO - [2025-02-06T15:49:03.548+0000] {dag.py:4180} INFO - Setting next_dagrun for hello_world_dag to None, run_after=None
[2025-02-06T15:49:03.587+0000] {processor.py:208} INFO - Processing /opt/airflow/dags/sample.py took 0.121 seconds
[2025-02-06T15:49:34.577+0000] {processor.py:186} INFO - Started process (PID=417) to work on /opt/airflow/dags/sample.py
[2025-02-06T15:49:34.579+0000] {processor.py:914} INFO - Processing file /opt/airflow/dags/sample.py for tasks to queue
[2025-02-06T15:49:34.582+0000] {logging_mixin.py:190} INFO - [2025-02-06T15:49:34.582+0000] {dagbag.py:588} INFO - Filling up the DagBag from /opt/airflow/dags/sample.py
[2025-02-06T15:49:34.597+0000] {processor.py:925} INFO - DAG(s) 'hello_world_dag' retrieved from /opt/airflow/dags/sample.py
[2025-02-06T15:49:34.639+0000] {logging_mixin.py:190} INFO - [2025-02-06T15:49:34.638+0000] {dag.py:3239} INFO - Sync 1 DAGs
[2025-02-06T15:49:34.656+0000] {logging_mixin.py:190} INFO - [2025-02-06T15:49:34.656+0000] {dag.py:4180} INFO - Setting next_dagrun for hello_world_dag to None, run_after=None
[2025-02-06T15:49:34.701+0000] {processor.py:208} INFO - Processing /opt/airflow/dags/sample.py took 0.134 seconds
[2025-02-06T15:50:05.434+0000] {processor.py:186} INFO - Started process (PID=421) to work on /opt/airflow/dags/sample.py
[2025-02-06T15:50:05.435+0000] {processor.py:914} INFO - Processing file /opt/airflow/dags/sample.py for tasks to queue
[2025-02-06T15:50:05.439+0000] {logging_mixin.py:190} INFO - [2025-02-06T15:50:05.438+0000] {dagbag.py:588} INFO - Filling up the DagBag from /opt/airflow/dags/sample.py
[2025-02-06T15:50:05.454+0000] {processor.py:925} INFO - DAG(s) 'hello_world_dag' retrieved from /opt/airflow/dags/sample.py
[2025-02-06T15:50:05.485+0000] {logging_mixin.py:190} INFO - [2025-02-06T15:50:05.485+0000] {dag.py:3239} INFO - Sync 1 DAGs
[2025-02-06T15:50:05.501+0000] {logging_mixin.py:190} INFO - [2025-02-06T15:50:05.500+0000] {dag.py:4180} INFO - Setting next_dagrun for hello_world_dag to None, run_after=None
[2025-02-06T15:50:05.541+0000] {processor.py:208} INFO - Processing /opt/airflow/dags/sample.py took 0.115 seconds
[2025-02-06T15:50:36.294+0000] {processor.py:186} INFO - Started process (PID=425) to work on /opt/airflow/dags/sample.py
[2025-02-06T15:50:36.296+0000] {processor.py:914} INFO - Processing file /opt/airflow/dags/sample.py for tasks to queue
[2025-02-06T15:50:36.301+0000] {logging_mixin.py:190} INFO - [2025-02-06T15:50:36.300+0000] {dagbag.py:588} INFO - Filling up the DagBag from /opt/airflow/dags/sample.py
[2025-02-06T15:50:36.329+0000] {processor.py:925} INFO - DAG(s) 'hello_world_dag' retrieved from /opt/airflow/dags/sample.py
[2025-02-06T15:50:36.379+0000] {logging_mixin.py:190} INFO - [2025-02-06T15:50:36.379+0000] {dag.py:3239} INFO - Sync 1 DAGs
[2025-02-06T15:50:36.401+0000] {logging_mixin.py:190} INFO - [2025-02-06T15:50:36.400+0000] {dag.py:4180} INFO - Setting next_dagrun for hello_world_dag to None, run_after=None
[2025-02-06T15:50:36.465+0000] {processor.py:208} INFO - Processing /opt/airflow/dags/sample.py took 0.182 seconds
