[2025-02-06T00:02:54.954+0000] {processor.py:186} INFO - Started process (PID=1572) to work on /opt/airflow/dags/spark_dag.py
[2025-02-06T00:02:54.955+0000] {processor.py:914} INFO - Processing file /opt/airflow/dags/spark_dag.py for tasks to queue
[2025-02-06T00:02:54.958+0000] {logging_mixin.py:190} INFO - [2025-02-06T00:02:54.957+0000] {dagbag.py:588} INFO - Filling up the DagBag from /opt/airflow/dags/spark_dag.py
[2025-02-06T00:02:54.976+0000] {processor.py:925} INFO - DAG(s) 'spark_job_dag' retrieved from /opt/airflow/dags/spark_dag.py
[2025-02-06T00:02:55.023+0000] {logging_mixin.py:190} INFO - [2025-02-06T00:02:55.022+0000] {dag.py:3239} INFO - Sync 1 DAGs
[2025-02-06T00:02:55.063+0000] {logging_mixin.py:190} INFO - [2025-02-06T00:02:55.063+0000] {dag.py:4180} INFO - Setting next_dagrun for spark_job_dag to 2025-02-05 00:00:00+00:00, run_after=2025-02-06 00:00:00+00:00
[2025-02-06T00:02:55.146+0000] {processor.py:208} INFO - Processing /opt/airflow/dags/spark_dag.py took 0.202 seconds
[2025-02-06T00:04:11.699+0000] {processor.py:186} INFO - Started process (PID=1588) to work on /opt/airflow/dags/spark_dag.py
[2025-02-06T00:04:11.700+0000] {processor.py:914} INFO - Processing file /opt/airflow/dags/spark_dag.py for tasks to queue
[2025-02-06T00:04:11.703+0000] {logging_mixin.py:190} INFO - [2025-02-06T00:04:11.702+0000] {dagbag.py:588} INFO - Filling up the DagBag from /opt/airflow/dags/spark_dag.py
[2025-02-06T00:04:11.726+0000] {processor.py:925} INFO - DAG(s) 'spark_job_dag' retrieved from /opt/airflow/dags/spark_dag.py
[2025-02-06T00:04:11.799+0000] {logging_mixin.py:190} INFO - [2025-02-06T00:04:11.799+0000] {dag.py:3239} INFO - Sync 1 DAGs
[2025-02-06T00:04:11.838+0000] {logging_mixin.py:190} INFO - [2025-02-06T00:04:11.837+0000] {dag.py:4180} INFO - Setting next_dagrun for spark_job_dag to 2025-02-05 00:00:00+00:00, run_after=2025-02-06 00:00:00+00:00
[2025-02-06T00:04:11.900+0000] {processor.py:208} INFO - Processing /opt/airflow/dags/spark_dag.py took 0.211 seconds
[2025-02-06T01:46:14.386+0000] {processor.py:186} INFO - Started process (PID=1796) to work on /opt/airflow/dags/spark_dag.py
[2025-02-06T01:46:14.390+0000] {processor.py:914} INFO - Processing file /opt/airflow/dags/spark_dag.py for tasks to queue
[2025-02-06T01:46:14.395+0000] {logging_mixin.py:190} INFO - [2025-02-06T01:46:14.394+0000] {dagbag.py:588} INFO - Filling up the DagBag from /opt/airflow/dags/spark_dag.py
[2025-02-06T01:46:14.434+0000] {processor.py:925} INFO - DAG(s) 'spark_job_dag' retrieved from /opt/airflow/dags/spark_dag.py
[2025-02-06T01:46:14.605+0000] {logging_mixin.py:190} INFO - [2025-02-06T01:46:14.604+0000] {dag.py:3239} INFO - Sync 1 DAGs
[2025-02-06T01:46:14.740+0000] {logging_mixin.py:190} INFO - [2025-02-06T01:46:14.739+0000] {dag.py:4180} INFO - Setting next_dagrun for spark_job_dag to 2025-02-05 00:00:00+00:00, run_after=2025-02-06 00:00:00+00:00
[2025-02-06T01:46:14.888+0000] {processor.py:208} INFO - Processing /opt/airflow/dags/spark_dag.py took 0.526 seconds
[2025-02-06T01:50:48.482+0000] {processor.py:186} INFO - Started process (PID=1801) to work on /opt/airflow/dags/spark_dag.py
[2025-02-06T01:50:48.484+0000] {processor.py:914} INFO - Processing file /opt/airflow/dags/spark_dag.py for tasks to queue
[2025-02-06T01:50:48.486+0000] {logging_mixin.py:190} INFO - [2025-02-06T01:50:48.486+0000] {dagbag.py:588} INFO - Filling up the DagBag from /opt/airflow/dags/spark_dag.py
[2025-02-06T01:50:48.505+0000] {processor.py:925} INFO - DAG(s) 'spark_job_dag' retrieved from /opt/airflow/dags/spark_dag.py
[2025-02-06T01:50:48.542+0000] {logging_mixin.py:190} INFO - [2025-02-06T01:50:48.542+0000] {dag.py:3239} INFO - Sync 1 DAGs
[2025-02-06T01:50:48.573+0000] {logging_mixin.py:190} INFO - [2025-02-06T01:50:48.573+0000] {dag.py:4180} INFO - Setting next_dagrun for spark_job_dag to 2025-02-05 00:00:00+00:00, run_after=2025-02-06 00:00:00+00:00
[2025-02-06T01:50:48.615+0000] {processor.py:208} INFO - Processing /opt/airflow/dags/spark_dag.py took 0.144 seconds
[2025-02-06T12:16:35.362+0000] {processor.py:186} INFO - Started process (PID=432) to work on /opt/airflow/dags/spark_dag.py
[2025-02-06T12:16:35.366+0000] {processor.py:914} INFO - Processing file /opt/airflow/dags/spark_dag.py for tasks to queue
[2025-02-06T12:16:35.368+0000] {logging_mixin.py:190} INFO - [2025-02-06T12:16:35.368+0000] {dagbag.py:588} INFO - Filling up the DagBag from /opt/airflow/dags/spark_dag.py
[2025-02-06T12:16:35.384+0000] {processor.py:925} INFO - DAG(s) 'spark_job_dag' retrieved from /opt/airflow/dags/spark_dag.py
[2025-02-06T12:16:35.424+0000] {logging_mixin.py:190} INFO - [2025-02-06T12:16:35.423+0000] {dag.py:3239} INFO - Sync 1 DAGs
[2025-02-06T12:16:35.450+0000] {logging_mixin.py:190} INFO - [2025-02-06T12:16:35.449+0000] {dag.py:4180} INFO - Setting next_dagrun for spark_job_dag to 2025-02-05 00:00:00+00:00, run_after=2025-02-06 00:00:00+00:00
[2025-02-06T12:16:35.492+0000] {processor.py:208} INFO - Processing /opt/airflow/dags/spark_dag.py took 0.146 seconds
[2025-02-06T12:17:11.542+0000] {processor.py:186} INFO - Started process (PID=460) to work on /opt/airflow/dags/spark_dag.py
[2025-02-06T12:17:11.543+0000] {processor.py:914} INFO - Processing file /opt/airflow/dags/spark_dag.py for tasks to queue
[2025-02-06T12:17:11.545+0000] {logging_mixin.py:190} INFO - [2025-02-06T12:17:11.544+0000] {dagbag.py:588} INFO - Filling up the DagBag from /opt/airflow/dags/spark_dag.py
[2025-02-06T12:17:11.560+0000] {processor.py:925} INFO - DAG(s) 'spark_job_dag' retrieved from /opt/airflow/dags/spark_dag.py
[2025-02-06T12:17:11.600+0000] {logging_mixin.py:190} INFO - [2025-02-06T12:17:11.599+0000] {dag.py:3239} INFO - Sync 1 DAGs
[2025-02-06T12:17:11.632+0000] {logging_mixin.py:190} INFO - [2025-02-06T12:17:11.632+0000] {dag.py:4180} INFO - Setting next_dagrun for spark_job_dag to 2025-02-05 00:00:00+00:00, run_after=2025-02-06 00:00:00+00:00
[2025-02-06T12:17:11.680+0000] {processor.py:208} INFO - Processing /opt/airflow/dags/spark_dag.py took 0.145 seconds
[2025-02-06T12:17:41.875+0000] {processor.py:186} INFO - Started process (PID=663) to work on /opt/airflow/dags/spark_dag.py
[2025-02-06T12:17:41.876+0000] {processor.py:914} INFO - Processing file /opt/airflow/dags/spark_dag.py for tasks to queue
[2025-02-06T12:17:41.878+0000] {logging_mixin.py:190} INFO - [2025-02-06T12:17:41.877+0000] {dagbag.py:588} INFO - Filling up the DagBag from /opt/airflow/dags/spark_dag.py
[2025-02-06T12:17:41.895+0000] {processor.py:925} INFO - DAG(s) 'spark_job_dag' retrieved from /opt/airflow/dags/spark_dag.py
[2025-02-06T12:17:41.929+0000] {logging_mixin.py:190} INFO - [2025-02-06T12:17:41.929+0000] {dag.py:3239} INFO - Sync 1 DAGs
[2025-02-06T12:17:41.961+0000] {logging_mixin.py:190} INFO - [2025-02-06T12:17:41.961+0000] {dag.py:4180} INFO - Setting next_dagrun for spark_job_dag to 2025-02-05 00:00:00+00:00, run_after=2025-02-06 00:00:00+00:00
[2025-02-06T12:17:42.005+0000] {processor.py:208} INFO - Processing /opt/airflow/dags/spark_dag.py took 0.138 seconds
[2025-02-06T12:18:12.619+0000] {processor.py:186} INFO - Started process (PID=667) to work on /opt/airflow/dags/spark_dag.py
[2025-02-06T12:18:12.620+0000] {processor.py:914} INFO - Processing file /opt/airflow/dags/spark_dag.py for tasks to queue
[2025-02-06T12:18:12.622+0000] {logging_mixin.py:190} INFO - [2025-02-06T12:18:12.621+0000] {dagbag.py:588} INFO - Filling up the DagBag from /opt/airflow/dags/spark_dag.py
[2025-02-06T12:18:12.637+0000] {processor.py:925} INFO - DAG(s) 'spark_job_dag' retrieved from /opt/airflow/dags/spark_dag.py
[2025-02-06T12:18:12.674+0000] {logging_mixin.py:190} INFO - [2025-02-06T12:18:12.673+0000] {dag.py:3239} INFO - Sync 1 DAGs
[2025-02-06T12:18:12.702+0000] {logging_mixin.py:190} INFO - [2025-02-06T12:18:12.701+0000] {dag.py:4180} INFO - Setting next_dagrun for spark_job_dag to 2025-02-05 00:00:00+00:00, run_after=2025-02-06 00:00:00+00:00
[2025-02-06T12:18:12.775+0000] {processor.py:208} INFO - Processing /opt/airflow/dags/spark_dag.py took 0.163 seconds
[2025-02-06T12:18:43.061+0000] {processor.py:186} INFO - Started process (PID=671) to work on /opt/airflow/dags/spark_dag.py
[2025-02-06T12:18:43.063+0000] {processor.py:914} INFO - Processing file /opt/airflow/dags/spark_dag.py for tasks to queue
[2025-02-06T12:18:43.066+0000] {logging_mixin.py:190} INFO - [2025-02-06T12:18:43.065+0000] {dagbag.py:588} INFO - Filling up the DagBag from /opt/airflow/dags/spark_dag.py
[2025-02-06T12:18:43.082+0000] {processor.py:925} INFO - DAG(s) 'spark_job_dag' retrieved from /opt/airflow/dags/spark_dag.py
[2025-02-06T12:18:43.128+0000] {logging_mixin.py:190} INFO - [2025-02-06T12:18:43.128+0000] {dag.py:3239} INFO - Sync 1 DAGs
[2025-02-06T12:18:43.164+0000] {logging_mixin.py:190} INFO - [2025-02-06T12:18:43.164+0000] {dag.py:4180} INFO - Setting next_dagrun for spark_job_dag to 2025-02-05 00:00:00+00:00, run_after=2025-02-06 00:00:00+00:00
[2025-02-06T12:18:43.206+0000] {processor.py:208} INFO - Processing /opt/airflow/dags/spark_dag.py took 0.157 seconds
[2025-02-06T12:19:13.402+0000] {processor.py:186} INFO - Started process (PID=675) to work on /opt/airflow/dags/spark_dag.py
[2025-02-06T12:19:13.403+0000] {processor.py:914} INFO - Processing file /opt/airflow/dags/spark_dag.py for tasks to queue
[2025-02-06T12:19:13.405+0000] {logging_mixin.py:190} INFO - [2025-02-06T12:19:13.405+0000] {dagbag.py:588} INFO - Filling up the DagBag from /opt/airflow/dags/spark_dag.py
[2025-02-06T12:19:13.421+0000] {processor.py:925} INFO - DAG(s) 'spark_job_dag' retrieved from /opt/airflow/dags/spark_dag.py
[2025-02-06T12:19:13.460+0000] {logging_mixin.py:190} INFO - [2025-02-06T12:19:13.460+0000] {dag.py:3239} INFO - Sync 1 DAGs
[2025-02-06T12:19:13.493+0000] {logging_mixin.py:190} INFO - [2025-02-06T12:19:13.493+0000] {dag.py:4180} INFO - Setting next_dagrun for spark_job_dag to 2025-02-05 00:00:00+00:00, run_after=2025-02-06 00:00:00+00:00
[2025-02-06T12:19:13.532+0000] {processor.py:208} INFO - Processing /opt/airflow/dags/spark_dag.py took 0.137 seconds
[2025-02-06T12:19:43.778+0000] {processor.py:186} INFO - Started process (PID=679) to work on /opt/airflow/dags/spark_dag.py
[2025-02-06T12:19:43.780+0000] {processor.py:914} INFO - Processing file /opt/airflow/dags/spark_dag.py for tasks to queue
[2025-02-06T12:19:43.783+0000] {logging_mixin.py:190} INFO - [2025-02-06T12:19:43.782+0000] {dagbag.py:588} INFO - Filling up the DagBag from /opt/airflow/dags/spark_dag.py
[2025-02-06T12:19:43.799+0000] {processor.py:925} INFO - DAG(s) 'spark_job_dag' retrieved from /opt/airflow/dags/spark_dag.py
[2025-02-06T12:19:43.834+0000] {logging_mixin.py:190} INFO - [2025-02-06T12:19:43.834+0000] {dag.py:3239} INFO - Sync 1 DAGs
[2025-02-06T12:19:43.863+0000] {logging_mixin.py:190} INFO - [2025-02-06T12:19:43.863+0000] {dag.py:4180} INFO - Setting next_dagrun for spark_job_dag to 2025-02-05 00:00:00+00:00, run_after=2025-02-06 00:00:00+00:00
[2025-02-06T12:19:43.909+0000] {processor.py:208} INFO - Processing /opt/airflow/dags/spark_dag.py took 0.141 seconds
[2025-02-06T12:20:14.041+0000] {processor.py:186} INFO - Started process (PID=683) to work on /opt/airflow/dags/spark_dag.py
[2025-02-06T12:20:14.043+0000] {processor.py:914} INFO - Processing file /opt/airflow/dags/spark_dag.py for tasks to queue
[2025-02-06T12:20:14.045+0000] {logging_mixin.py:190} INFO - [2025-02-06T12:20:14.044+0000] {dagbag.py:588} INFO - Filling up the DagBag from /opt/airflow/dags/spark_dag.py
[2025-02-06T12:20:14.058+0000] {processor.py:925} INFO - DAG(s) 'spark_job_dag' retrieved from /opt/airflow/dags/spark_dag.py
[2025-02-06T12:20:14.101+0000] {logging_mixin.py:190} INFO - [2025-02-06T12:20:14.100+0000] {dag.py:3239} INFO - Sync 1 DAGs
[2025-02-06T12:20:14.131+0000] {logging_mixin.py:190} INFO - [2025-02-06T12:20:14.131+0000] {dag.py:4180} INFO - Setting next_dagrun for spark_job_dag to 2025-02-05 00:00:00+00:00, run_after=2025-02-06 00:00:00+00:00
[2025-02-06T12:20:14.169+0000] {processor.py:208} INFO - Processing /opt/airflow/dags/spark_dag.py took 0.141 seconds
[2025-02-06T12:20:44.643+0000] {processor.py:186} INFO - Started process (PID=687) to work on /opt/airflow/dags/spark_dag.py
[2025-02-06T12:20:44.645+0000] {processor.py:914} INFO - Processing file /opt/airflow/dags/spark_dag.py for tasks to queue
[2025-02-06T12:20:44.647+0000] {logging_mixin.py:190} INFO - [2025-02-06T12:20:44.647+0000] {dagbag.py:588} INFO - Filling up the DagBag from /opt/airflow/dags/spark_dag.py
[2025-02-06T12:20:44.658+0000] {processor.py:925} INFO - DAG(s) 'spark_job_dag' retrieved from /opt/airflow/dags/spark_dag.py
[2025-02-06T12:20:44.691+0000] {logging_mixin.py:190} INFO - [2025-02-06T12:20:44.691+0000] {dag.py:3239} INFO - Sync 1 DAGs
[2025-02-06T12:20:44.716+0000] {logging_mixin.py:190} INFO - [2025-02-06T12:20:44.716+0000] {dag.py:4180} INFO - Setting next_dagrun for spark_job_dag to 2025-02-05 00:00:00+00:00, run_after=2025-02-06 00:00:00+00:00
[2025-02-06T12:20:44.759+0000] {processor.py:208} INFO - Processing /opt/airflow/dags/spark_dag.py took 0.121 seconds
[2025-02-06T12:21:14.957+0000] {processor.py:186} INFO - Started process (PID=691) to work on /opt/airflow/dags/spark_dag.py
[2025-02-06T12:21:14.959+0000] {processor.py:914} INFO - Processing file /opt/airflow/dags/spark_dag.py for tasks to queue
[2025-02-06T12:21:14.961+0000] {logging_mixin.py:190} INFO - [2025-02-06T12:21:14.960+0000] {dagbag.py:588} INFO - Filling up the DagBag from /opt/airflow/dags/spark_dag.py
[2025-02-06T12:21:14.972+0000] {processor.py:925} INFO - DAG(s) 'spark_job_dag' retrieved from /opt/airflow/dags/spark_dag.py
[2025-02-06T12:21:15.002+0000] {logging_mixin.py:190} INFO - [2025-02-06T12:21:15.002+0000] {dag.py:3239} INFO - Sync 1 DAGs
[2025-02-06T12:21:15.027+0000] {logging_mixin.py:190} INFO - [2025-02-06T12:21:15.026+0000] {dag.py:4180} INFO - Setting next_dagrun for spark_job_dag to 2025-02-05 00:00:00+00:00, run_after=2025-02-06 00:00:00+00:00
[2025-02-06T12:21:15.063+0000] {processor.py:208} INFO - Processing /opt/airflow/dags/spark_dag.py took 0.112 seconds
[2025-02-06T12:21:47.226+0000] {processor.py:186} INFO - Started process (PID=707) to work on /opt/airflow/dags/spark_dag.py
[2025-02-06T12:21:47.227+0000] {processor.py:914} INFO - Processing file /opt/airflow/dags/spark_dag.py for tasks to queue
[2025-02-06T12:21:47.229+0000] {logging_mixin.py:190} INFO - [2025-02-06T12:21:47.228+0000] {dagbag.py:588} INFO - Filling up the DagBag from /opt/airflow/dags/spark_dag.py
[2025-02-06T12:21:47.239+0000] {processor.py:925} INFO - DAG(s) 'spark_job_dag' retrieved from /opt/airflow/dags/spark_dag.py
[2025-02-06T12:21:47.269+0000] {logging_mixin.py:190} INFO - [2025-02-06T12:21:47.268+0000] {dag.py:3239} INFO - Sync 1 DAGs
[2025-02-06T12:21:47.294+0000] {logging_mixin.py:190} INFO - [2025-02-06T12:21:47.293+0000] {dag.py:4180} INFO - Setting next_dagrun for spark_job_dag to 2025-02-05 00:00:00+00:00, run_after=2025-02-06 00:00:00+00:00
[2025-02-06T12:21:47.331+0000] {processor.py:208} INFO - Processing /opt/airflow/dags/spark_dag.py took 0.111 seconds
[2025-02-06T12:22:17.446+0000] {processor.py:186} INFO - Started process (PID=711) to work on /opt/airflow/dags/spark_dag.py
[2025-02-06T12:22:17.447+0000] {processor.py:914} INFO - Processing file /opt/airflow/dags/spark_dag.py for tasks to queue
[2025-02-06T12:22:17.448+0000] {logging_mixin.py:190} INFO - [2025-02-06T12:22:17.448+0000] {dagbag.py:588} INFO - Filling up the DagBag from /opt/airflow/dags/spark_dag.py
[2025-02-06T12:22:17.463+0000] {processor.py:925} INFO - DAG(s) 'spark_job_dag' retrieved from /opt/airflow/dags/spark_dag.py
[2025-02-06T12:22:17.497+0000] {logging_mixin.py:190} INFO - [2025-02-06T12:22:17.496+0000] {dag.py:3239} INFO - Sync 1 DAGs
[2025-02-06T12:22:17.525+0000] {logging_mixin.py:190} INFO - [2025-02-06T12:22:17.525+0000] {dag.py:4180} INFO - Setting next_dagrun for spark_job_dag to 2025-02-05 00:00:00+00:00, run_after=2025-02-06 00:00:00+00:00
[2025-02-06T12:22:17.565+0000] {processor.py:208} INFO - Processing /opt/airflow/dags/spark_dag.py took 0.127 seconds
[2025-02-06T12:22:47.804+0000] {processor.py:186} INFO - Started process (PID=727) to work on /opt/airflow/dags/spark_dag.py
[2025-02-06T12:22:47.805+0000] {processor.py:914} INFO - Processing file /opt/airflow/dags/spark_dag.py for tasks to queue
[2025-02-06T12:22:47.807+0000] {logging_mixin.py:190} INFO - [2025-02-06T12:22:47.806+0000] {dagbag.py:588} INFO - Filling up the DagBag from /opt/airflow/dags/spark_dag.py
[2025-02-06T12:22:47.821+0000] {processor.py:925} INFO - DAG(s) 'spark_job_dag' retrieved from /opt/airflow/dags/spark_dag.py
[2025-02-06T12:22:47.858+0000] {logging_mixin.py:190} INFO - [2025-02-06T12:22:47.857+0000] {dag.py:3239} INFO - Sync 1 DAGs
[2025-02-06T12:22:47.883+0000] {logging_mixin.py:190} INFO - [2025-02-06T12:22:47.883+0000] {dag.py:4180} INFO - Setting next_dagrun for spark_job_dag to 2025-02-05 00:00:00+00:00, run_after=2025-02-06 00:00:00+00:00
[2025-02-06T12:22:47.924+0000] {processor.py:208} INFO - Processing /opt/airflow/dags/spark_dag.py took 0.127 seconds
[2025-02-06T12:23:19.650+0000] {processor.py:186} INFO - Started process (PID=731) to work on /opt/airflow/dags/spark_dag.py
[2025-02-06T12:23:19.651+0000] {processor.py:914} INFO - Processing file /opt/airflow/dags/spark_dag.py for tasks to queue
[2025-02-06T12:23:19.653+0000] {logging_mixin.py:190} INFO - [2025-02-06T12:23:19.653+0000] {dagbag.py:588} INFO - Filling up the DagBag from /opt/airflow/dags/spark_dag.py
[2025-02-06T12:23:19.669+0000] {processor.py:925} INFO - DAG(s) 'spark_job_dag' retrieved from /opt/airflow/dags/spark_dag.py
[2025-02-06T12:23:19.722+0000] {logging_mixin.py:190} INFO - [2025-02-06T12:23:19.722+0000] {dag.py:3239} INFO - Sync 1 DAGs
[2025-02-06T12:23:19.777+0000] {logging_mixin.py:190} INFO - [2025-02-06T12:23:19.777+0000] {dag.py:4180} INFO - Setting next_dagrun for spark_job_dag to 2025-02-05 00:00:00+00:00, run_after=2025-02-06 00:00:00+00:00
[2025-02-06T12:23:20.070+0000] {processor.py:208} INFO - Processing /opt/airflow/dags/spark_dag.py took 0.426 seconds
[2025-02-06T12:23:51.981+0000] {processor.py:186} INFO - Started process (PID=735) to work on /opt/airflow/dags/spark_dag.py
[2025-02-06T12:23:51.983+0000] {processor.py:914} INFO - Processing file /opt/airflow/dags/spark_dag.py for tasks to queue
[2025-02-06T12:23:51.985+0000] {logging_mixin.py:190} INFO - [2025-02-06T12:23:51.984+0000] {dagbag.py:588} INFO - Filling up the DagBag from /opt/airflow/dags/spark_dag.py
[2025-02-06T12:23:52.005+0000] {processor.py:925} INFO - DAG(s) 'spark_job_dag' retrieved from /opt/airflow/dags/spark_dag.py
[2025-02-06T12:23:52.052+0000] {logging_mixin.py:190} INFO - [2025-02-06T12:23:52.051+0000] {dag.py:3239} INFO - Sync 1 DAGs
[2025-02-06T12:23:52.458+0000] {logging_mixin.py:190} INFO - [2025-02-06T12:23:52.457+0000] {dag.py:4180} INFO - Setting next_dagrun for spark_job_dag to 2025-02-05 00:00:00+00:00, run_after=2025-02-06 00:00:00+00:00
[2025-02-06T12:23:52.552+0000] {processor.py:208} INFO - Processing /opt/airflow/dags/spark_dag.py took 0.585 seconds
[2025-02-06T12:24:23.472+0000] {processor.py:186} INFO - Started process (PID=739) to work on /opt/airflow/dags/spark_dag.py
[2025-02-06T12:24:23.474+0000] {processor.py:914} INFO - Processing file /opt/airflow/dags/spark_dag.py for tasks to queue
[2025-02-06T12:24:23.477+0000] {logging_mixin.py:190} INFO - [2025-02-06T12:24:23.476+0000] {dagbag.py:588} INFO - Filling up the DagBag from /opt/airflow/dags/spark_dag.py
[2025-02-06T12:24:23.492+0000] {processor.py:925} INFO - DAG(s) 'spark_job_dag' retrieved from /opt/airflow/dags/spark_dag.py
[2025-02-06T12:24:23.531+0000] {logging_mixin.py:190} INFO - [2025-02-06T12:24:23.530+0000] {dag.py:3239} INFO - Sync 1 DAGs
[2025-02-06T12:24:23.800+0000] {logging_mixin.py:190} INFO - [2025-02-06T12:24:23.799+0000] {dag.py:4180} INFO - Setting next_dagrun for spark_job_dag to 2025-02-05 00:00:00+00:00, run_after=2025-02-06 00:00:00+00:00
[2025-02-06T12:24:23.846+0000] {processor.py:208} INFO - Processing /opt/airflow/dags/spark_dag.py took 0.379 seconds
[2025-02-06T12:24:54.692+0000] {processor.py:186} INFO - Started process (PID=743) to work on /opt/airflow/dags/spark_dag.py
[2025-02-06T12:24:54.696+0000] {processor.py:914} INFO - Processing file /opt/airflow/dags/spark_dag.py for tasks to queue
[2025-02-06T12:24:54.702+0000] {logging_mixin.py:190} INFO - [2025-02-06T12:24:54.701+0000] {dagbag.py:588} INFO - Filling up the DagBag from /opt/airflow/dags/spark_dag.py
[2025-02-06T12:24:54.722+0000] {processor.py:925} INFO - DAG(s) 'spark_job_dag' retrieved from /opt/airflow/dags/spark_dag.py
[2025-02-06T12:24:55.012+0000] {logging_mixin.py:190} INFO - [2025-02-06T12:24:55.012+0000] {dag.py:3239} INFO - Sync 1 DAGs
[2025-02-06T12:24:55.110+0000] {logging_mixin.py:190} INFO - [2025-02-06T12:24:55.109+0000] {dag.py:4180} INFO - Setting next_dagrun for spark_job_dag to 2025-02-05 00:00:00+00:00, run_after=2025-02-06 00:00:00+00:00
[2025-02-06T12:24:55.169+0000] {processor.py:208} INFO - Processing /opt/airflow/dags/spark_dag.py took 0.504 seconds
[2025-02-06T12:25:26.523+0000] {processor.py:186} INFO - Started process (PID=747) to work on /opt/airflow/dags/spark_dag.py
[2025-02-06T12:25:26.525+0000] {processor.py:914} INFO - Processing file /opt/airflow/dags/spark_dag.py for tasks to queue
[2025-02-06T12:25:26.527+0000] {logging_mixin.py:190} INFO - [2025-02-06T12:25:26.526+0000] {dagbag.py:588} INFO - Filling up the DagBag from /opt/airflow/dags/spark_dag.py
[2025-02-06T12:25:26.550+0000] {processor.py:925} INFO - DAG(s) 'spark_job_dag' retrieved from /opt/airflow/dags/spark_dag.py
[2025-02-06T12:25:26.812+0000] {logging_mixin.py:190} INFO - [2025-02-06T12:25:26.811+0000] {dag.py:3239} INFO - Sync 1 DAGs
[2025-02-06T12:25:26.850+0000] {logging_mixin.py:190} INFO - [2025-02-06T12:25:26.849+0000] {dag.py:4180} INFO - Setting next_dagrun for spark_job_dag to 2025-02-05 00:00:00+00:00, run_after=2025-02-06 00:00:00+00:00
[2025-02-06T12:25:26.930+0000] {processor.py:208} INFO - Processing /opt/airflow/dags/spark_dag.py took 0.417 seconds
[2025-02-06T12:25:57.388+0000] {processor.py:186} INFO - Started process (PID=751) to work on /opt/airflow/dags/spark_dag.py
[2025-02-06T12:25:57.389+0000] {processor.py:914} INFO - Processing file /opt/airflow/dags/spark_dag.py for tasks to queue
[2025-02-06T12:25:57.390+0000] {logging_mixin.py:190} INFO - [2025-02-06T12:25:57.390+0000] {dagbag.py:588} INFO - Filling up the DagBag from /opt/airflow/dags/spark_dag.py
[2025-02-06T12:25:57.401+0000] {processor.py:925} INFO - DAG(s) 'spark_job_dag' retrieved from /opt/airflow/dags/spark_dag.py
[2025-02-06T12:25:57.438+0000] {logging_mixin.py:190} INFO - [2025-02-06T12:25:57.438+0000] {dag.py:3239} INFO - Sync 1 DAGs
[2025-02-06T12:25:57.464+0000] {logging_mixin.py:190} INFO - [2025-02-06T12:25:57.463+0000] {dag.py:4180} INFO - Setting next_dagrun for spark_job_dag to 2025-02-05 00:00:00+00:00, run_after=2025-02-06 00:00:00+00:00
[2025-02-06T12:25:57.502+0000] {processor.py:208} INFO - Processing /opt/airflow/dags/spark_dag.py took 0.121 seconds
[2025-02-06T12:26:28.134+0000] {processor.py:186} INFO - Started process (PID=755) to work on /opt/airflow/dags/spark_dag.py
[2025-02-06T12:26:28.136+0000] {processor.py:914} INFO - Processing file /opt/airflow/dags/spark_dag.py for tasks to queue
[2025-02-06T12:26:28.137+0000] {logging_mixin.py:190} INFO - [2025-02-06T12:26:28.137+0000] {dagbag.py:588} INFO - Filling up the DagBag from /opt/airflow/dags/spark_dag.py
[2025-02-06T12:26:28.148+0000] {processor.py:925} INFO - DAG(s) 'spark_job_dag' retrieved from /opt/airflow/dags/spark_dag.py
[2025-02-06T12:26:28.183+0000] {logging_mixin.py:190} INFO - [2025-02-06T12:26:28.183+0000] {dag.py:3239} INFO - Sync 1 DAGs
[2025-02-06T12:26:28.209+0000] {logging_mixin.py:190} INFO - [2025-02-06T12:26:28.208+0000] {dag.py:4180} INFO - Setting next_dagrun for spark_job_dag to 2025-02-05 00:00:00+00:00, run_after=2025-02-06 00:00:00+00:00
[2025-02-06T12:26:28.247+0000] {processor.py:208} INFO - Processing /opt/airflow/dags/spark_dag.py took 0.119 seconds
[2025-02-06T12:26:58.994+0000] {processor.py:186} INFO - Started process (PID=759) to work on /opt/airflow/dags/spark_dag.py
[2025-02-06T12:26:58.995+0000] {processor.py:914} INFO - Processing file /opt/airflow/dags/spark_dag.py for tasks to queue
[2025-02-06T12:26:58.999+0000] {logging_mixin.py:190} INFO - [2025-02-06T12:26:58.998+0000] {dagbag.py:588} INFO - Filling up the DagBag from /opt/airflow/dags/spark_dag.py
[2025-02-06T12:26:59.012+0000] {processor.py:925} INFO - DAG(s) 'spark_job_dag' retrieved from /opt/airflow/dags/spark_dag.py
[2025-02-06T12:26:59.050+0000] {logging_mixin.py:190} INFO - [2025-02-06T12:26:59.050+0000] {dag.py:3239} INFO - Sync 1 DAGs
[2025-02-06T12:26:59.081+0000] {logging_mixin.py:190} INFO - [2025-02-06T12:26:59.081+0000] {dag.py:4180} INFO - Setting next_dagrun for spark_job_dag to 2025-02-05 00:00:00+00:00, run_after=2025-02-06 00:00:00+00:00
[2025-02-06T12:26:59.142+0000] {processor.py:208} INFO - Processing /opt/airflow/dags/spark_dag.py took 0.149 seconds
[2025-02-06T12:27:29.864+0000] {processor.py:186} INFO - Started process (PID=763) to work on /opt/airflow/dags/spark_dag.py
[2025-02-06T12:27:29.866+0000] {processor.py:914} INFO - Processing file /opt/airflow/dags/spark_dag.py for tasks to queue
[2025-02-06T12:27:29.867+0000] {logging_mixin.py:190} INFO - [2025-02-06T12:27:29.867+0000] {dagbag.py:588} INFO - Filling up the DagBag from /opt/airflow/dags/spark_dag.py
[2025-02-06T12:27:29.881+0000] {processor.py:925} INFO - DAG(s) 'spark_job_dag' retrieved from /opt/airflow/dags/spark_dag.py
[2025-02-06T12:27:29.920+0000] {logging_mixin.py:190} INFO - [2025-02-06T12:27:29.920+0000] {dag.py:3239} INFO - Sync 1 DAGs
[2025-02-06T12:27:29.950+0000] {logging_mixin.py:190} INFO - [2025-02-06T12:27:29.950+0000] {dag.py:4180} INFO - Setting next_dagrun for spark_job_dag to 2025-02-05 00:00:00+00:00, run_after=2025-02-06 00:00:00+00:00
[2025-02-06T12:27:30.001+0000] {processor.py:208} INFO - Processing /opt/airflow/dags/spark_dag.py took 0.144 seconds
[2025-02-06T12:28:00.702+0000] {processor.py:186} INFO - Started process (PID=767) to work on /opt/airflow/dags/spark_dag.py
[2025-02-06T12:28:00.704+0000] {processor.py:914} INFO - Processing file /opt/airflow/dags/spark_dag.py for tasks to queue
[2025-02-06T12:28:00.707+0000] {logging_mixin.py:190} INFO - [2025-02-06T12:28:00.706+0000] {dagbag.py:588} INFO - Filling up the DagBag from /opt/airflow/dags/spark_dag.py
[2025-02-06T12:28:00.726+0000] {processor.py:925} INFO - DAG(s) 'spark_job_dag' retrieved from /opt/airflow/dags/spark_dag.py
[2025-02-06T12:28:00.763+0000] {logging_mixin.py:190} INFO - [2025-02-06T12:28:00.762+0000] {dag.py:3239} INFO - Sync 1 DAGs
[2025-02-06T12:28:00.789+0000] {logging_mixin.py:190} INFO - [2025-02-06T12:28:00.789+0000] {dag.py:4180} INFO - Setting next_dagrun for spark_job_dag to 2025-02-05 00:00:00+00:00, run_after=2025-02-06 00:00:00+00:00
[2025-02-06T12:28:00.828+0000] {processor.py:208} INFO - Processing /opt/airflow/dags/spark_dag.py took 0.133 seconds
[2025-02-06T12:28:31.609+0000] {processor.py:186} INFO - Started process (PID=771) to work on /opt/airflow/dags/spark_dag.py
[2025-02-06T12:28:31.610+0000] {processor.py:914} INFO - Processing file /opt/airflow/dags/spark_dag.py for tasks to queue
[2025-02-06T12:28:31.612+0000] {logging_mixin.py:190} INFO - [2025-02-06T12:28:31.612+0000] {dagbag.py:588} INFO - Filling up the DagBag from /opt/airflow/dags/spark_dag.py
[2025-02-06T12:28:31.626+0000] {processor.py:925} INFO - DAG(s) 'spark_job_dag' retrieved from /opt/airflow/dags/spark_dag.py
[2025-02-06T12:28:31.661+0000] {logging_mixin.py:190} INFO - [2025-02-06T12:28:31.660+0000] {dag.py:3239} INFO - Sync 1 DAGs
[2025-02-06T12:28:31.687+0000] {logging_mixin.py:190} INFO - [2025-02-06T12:28:31.686+0000] {dag.py:4180} INFO - Setting next_dagrun for spark_job_dag to 2025-02-05 00:00:00+00:00, run_after=2025-02-06 00:00:00+00:00
[2025-02-06T12:28:31.727+0000] {processor.py:208} INFO - Processing /opt/airflow/dags/spark_dag.py took 0.124 seconds
[2025-02-06T12:29:02.384+0000] {processor.py:186} INFO - Started process (PID=775) to work on /opt/airflow/dags/spark_dag.py
[2025-02-06T12:29:02.388+0000] {processor.py:914} INFO - Processing file /opt/airflow/dags/spark_dag.py for tasks to queue
[2025-02-06T12:29:02.391+0000] {logging_mixin.py:190} INFO - [2025-02-06T12:29:02.390+0000] {dagbag.py:588} INFO - Filling up the DagBag from /opt/airflow/dags/spark_dag.py
[2025-02-06T12:29:02.407+0000] {processor.py:925} INFO - DAG(s) 'spark_job_dag' retrieved from /opt/airflow/dags/spark_dag.py
[2025-02-06T12:29:02.450+0000] {logging_mixin.py:190} INFO - [2025-02-06T12:29:02.450+0000] {dag.py:3239} INFO - Sync 1 DAGs
[2025-02-06T12:29:02.477+0000] {logging_mixin.py:190} INFO - [2025-02-06T12:29:02.477+0000] {dag.py:4180} INFO - Setting next_dagrun for spark_job_dag to 2025-02-05 00:00:00+00:00, run_after=2025-02-06 00:00:00+00:00
[2025-02-06T12:29:02.523+0000] {processor.py:208} INFO - Processing /opt/airflow/dags/spark_dag.py took 0.149 seconds
[2025-02-06T12:29:33.361+0000] {processor.py:186} INFO - Started process (PID=779) to work on /opt/airflow/dags/spark_dag.py
[2025-02-06T12:29:33.363+0000] {processor.py:914} INFO - Processing file /opt/airflow/dags/spark_dag.py for tasks to queue
[2025-02-06T12:29:33.365+0000] {logging_mixin.py:190} INFO - [2025-02-06T12:29:33.364+0000] {dagbag.py:588} INFO - Filling up the DagBag from /opt/airflow/dags/spark_dag.py
[2025-02-06T12:29:33.380+0000] {processor.py:925} INFO - DAG(s) 'spark_job_dag' retrieved from /opt/airflow/dags/spark_dag.py
[2025-02-06T12:29:33.418+0000] {logging_mixin.py:190} INFO - [2025-02-06T12:29:33.418+0000] {dag.py:3239} INFO - Sync 1 DAGs
[2025-02-06T12:29:33.443+0000] {logging_mixin.py:190} INFO - [2025-02-06T12:29:33.443+0000] {dag.py:4180} INFO - Setting next_dagrun for spark_job_dag to 2025-02-05 00:00:00+00:00, run_after=2025-02-06 00:00:00+00:00
[2025-02-06T12:29:33.482+0000] {processor.py:208} INFO - Processing /opt/airflow/dags/spark_dag.py took 0.128 seconds
[2025-02-06T12:30:04.243+0000] {processor.py:186} INFO - Started process (PID=783) to work on /opt/airflow/dags/spark_dag.py
[2025-02-06T12:30:04.244+0000] {processor.py:914} INFO - Processing file /opt/airflow/dags/spark_dag.py for tasks to queue
[2025-02-06T12:30:04.246+0000] {logging_mixin.py:190} INFO - [2025-02-06T12:30:04.245+0000] {dagbag.py:588} INFO - Filling up the DagBag from /opt/airflow/dags/spark_dag.py
[2025-02-06T12:30:04.258+0000] {processor.py:925} INFO - DAG(s) 'spark_job_dag' retrieved from /opt/airflow/dags/spark_dag.py
[2025-02-06T12:30:04.292+0000] {logging_mixin.py:190} INFO - [2025-02-06T12:30:04.291+0000] {dag.py:3239} INFO - Sync 1 DAGs
[2025-02-06T12:30:04.324+0000] {logging_mixin.py:190} INFO - [2025-02-06T12:30:04.324+0000] {dag.py:4180} INFO - Setting next_dagrun for spark_job_dag to 2025-02-05 00:00:00+00:00, run_after=2025-02-06 00:00:00+00:00
[2025-02-06T12:30:04.379+0000] {processor.py:208} INFO - Processing /opt/airflow/dags/spark_dag.py took 0.143 seconds
[2025-02-06T12:30:35.007+0000] {processor.py:186} INFO - Started process (PID=787) to work on /opt/airflow/dags/spark_dag.py
[2025-02-06T12:30:35.008+0000] {processor.py:914} INFO - Processing file /opt/airflow/dags/spark_dag.py for tasks to queue
[2025-02-06T12:30:35.010+0000] {logging_mixin.py:190} INFO - [2025-02-06T12:30:35.010+0000] {dagbag.py:588} INFO - Filling up the DagBag from /opt/airflow/dags/spark_dag.py
[2025-02-06T12:30:35.024+0000] {processor.py:925} INFO - DAG(s) 'spark_job_dag' retrieved from /opt/airflow/dags/spark_dag.py
[2025-02-06T12:30:35.059+0000] {logging_mixin.py:190} INFO - [2025-02-06T12:30:35.058+0000] {dag.py:3239} INFO - Sync 1 DAGs
[2025-02-06T12:30:35.084+0000] {logging_mixin.py:190} INFO - [2025-02-06T12:30:35.084+0000] {dag.py:4180} INFO - Setting next_dagrun for spark_job_dag to 2025-02-05 00:00:00+00:00, run_after=2025-02-06 00:00:00+00:00
[2025-02-06T12:30:35.129+0000] {processor.py:208} INFO - Processing /opt/airflow/dags/spark_dag.py took 0.128 seconds
[2025-02-06T12:31:05.693+0000] {processor.py:186} INFO - Started process (PID=791) to work on /opt/airflow/dags/spark_dag.py
[2025-02-06T12:31:05.695+0000] {processor.py:914} INFO - Processing file /opt/airflow/dags/spark_dag.py for tasks to queue
[2025-02-06T12:31:05.696+0000] {logging_mixin.py:190} INFO - [2025-02-06T12:31:05.696+0000] {dagbag.py:588} INFO - Filling up the DagBag from /opt/airflow/dags/spark_dag.py
[2025-02-06T12:31:05.709+0000] {processor.py:925} INFO - DAG(s) 'spark_job_dag' retrieved from /opt/airflow/dags/spark_dag.py
[2025-02-06T12:31:05.744+0000] {logging_mixin.py:190} INFO - [2025-02-06T12:31:05.743+0000] {dag.py:3239} INFO - Sync 1 DAGs
[2025-02-06T12:31:05.769+0000] {logging_mixin.py:190} INFO - [2025-02-06T12:31:05.769+0000] {dag.py:4180} INFO - Setting next_dagrun for spark_job_dag to 2025-02-05 00:00:00+00:00, run_after=2025-02-06 00:00:00+00:00
[2025-02-06T12:31:05.813+0000] {processor.py:208} INFO - Processing /opt/airflow/dags/spark_dag.py took 0.126 seconds
[2025-02-06T12:31:36.574+0000] {processor.py:186} INFO - Started process (PID=795) to work on /opt/airflow/dags/spark_dag.py
[2025-02-06T12:31:36.576+0000] {processor.py:914} INFO - Processing file /opt/airflow/dags/spark_dag.py for tasks to queue
[2025-02-06T12:31:36.578+0000] {logging_mixin.py:190} INFO - [2025-02-06T12:31:36.578+0000] {dagbag.py:588} INFO - Filling up the DagBag from /opt/airflow/dags/spark_dag.py
[2025-02-06T12:31:36.594+0000] {processor.py:925} INFO - DAG(s) 'spark_job_dag' retrieved from /opt/airflow/dags/spark_dag.py
[2025-02-06T12:31:36.632+0000] {logging_mixin.py:190} INFO - [2025-02-06T12:31:36.632+0000] {dag.py:3239} INFO - Sync 1 DAGs
[2025-02-06T12:31:36.663+0000] {logging_mixin.py:190} INFO - [2025-02-06T12:31:36.662+0000] {dag.py:4180} INFO - Setting next_dagrun for spark_job_dag to 2025-02-05 00:00:00+00:00, run_after=2025-02-06 00:00:00+00:00
[2025-02-06T12:31:36.708+0000] {processor.py:208} INFO - Processing /opt/airflow/dags/spark_dag.py took 0.140 seconds
[2025-02-06T12:32:07.396+0000] {processor.py:186} INFO - Started process (PID=799) to work on /opt/airflow/dags/spark_dag.py
[2025-02-06T12:32:07.397+0000] {processor.py:914} INFO - Processing file /opt/airflow/dags/spark_dag.py for tasks to queue
[2025-02-06T12:32:07.399+0000] {logging_mixin.py:190} INFO - [2025-02-06T12:32:07.399+0000] {dagbag.py:588} INFO - Filling up the DagBag from /opt/airflow/dags/spark_dag.py
[2025-02-06T12:32:07.415+0000] {processor.py:925} INFO - DAG(s) 'spark_job_dag' retrieved from /opt/airflow/dags/spark_dag.py
[2025-02-06T12:32:07.460+0000] {logging_mixin.py:190} INFO - [2025-02-06T12:32:07.459+0000] {dag.py:3239} INFO - Sync 1 DAGs
[2025-02-06T12:32:07.493+0000] {logging_mixin.py:190} INFO - [2025-02-06T12:32:07.493+0000] {dag.py:4180} INFO - Setting next_dagrun for spark_job_dag to 2025-02-05 00:00:00+00:00, run_after=2025-02-06 00:00:00+00:00
[2025-02-06T12:32:07.538+0000] {processor.py:208} INFO - Processing /opt/airflow/dags/spark_dag.py took 0.149 seconds
[2025-02-06T12:32:38.183+0000] {processor.py:186} INFO - Started process (PID=803) to work on /opt/airflow/dags/spark_dag.py
[2025-02-06T12:32:38.184+0000] {processor.py:914} INFO - Processing file /opt/airflow/dags/spark_dag.py for tasks to queue
[2025-02-06T12:32:38.186+0000] {logging_mixin.py:190} INFO - [2025-02-06T12:32:38.185+0000] {dagbag.py:588} INFO - Filling up the DagBag from /opt/airflow/dags/spark_dag.py
[2025-02-06T12:32:38.198+0000] {processor.py:925} INFO - DAG(s) 'spark_job_dag' retrieved from /opt/airflow/dags/spark_dag.py
[2025-02-06T12:32:38.231+0000] {logging_mixin.py:190} INFO - [2025-02-06T12:32:38.231+0000] {dag.py:3239} INFO - Sync 1 DAGs
[2025-02-06T12:32:38.263+0000] {logging_mixin.py:190} INFO - [2025-02-06T12:32:38.263+0000] {dag.py:4180} INFO - Setting next_dagrun for spark_job_dag to 2025-02-05 00:00:00+00:00, run_after=2025-02-06 00:00:00+00:00
[2025-02-06T12:32:38.306+0000] {processor.py:208} INFO - Processing /opt/airflow/dags/spark_dag.py took 0.133 seconds
[2025-02-06T12:33:09.164+0000] {processor.py:186} INFO - Started process (PID=807) to work on /opt/airflow/dags/spark_dag.py
[2025-02-06T12:33:09.165+0000] {processor.py:914} INFO - Processing file /opt/airflow/dags/spark_dag.py for tasks to queue
[2025-02-06T12:33:09.168+0000] {logging_mixin.py:190} INFO - [2025-02-06T12:33:09.167+0000] {dagbag.py:588} INFO - Filling up the DagBag from /opt/airflow/dags/spark_dag.py
[2025-02-06T12:33:09.180+0000] {processor.py:925} INFO - DAG(s) 'spark_job_dag' retrieved from /opt/airflow/dags/spark_dag.py
[2025-02-06T12:33:09.218+0000] {logging_mixin.py:190} INFO - [2025-02-06T12:33:09.217+0000] {dag.py:3239} INFO - Sync 1 DAGs
[2025-02-06T12:33:09.247+0000] {logging_mixin.py:190} INFO - [2025-02-06T12:33:09.246+0000] {dag.py:4180} INFO - Setting next_dagrun for spark_job_dag to 2025-02-05 00:00:00+00:00, run_after=2025-02-06 00:00:00+00:00
[2025-02-06T12:33:09.400+0000] {processor.py:208} INFO - Processing /opt/airflow/dags/spark_dag.py took 0.244 seconds
[2025-02-06T12:33:39.948+0000] {processor.py:186} INFO - Started process (PID=811) to work on /opt/airflow/dags/spark_dag.py
[2025-02-06T12:33:39.949+0000] {processor.py:914} INFO - Processing file /opt/airflow/dags/spark_dag.py for tasks to queue
[2025-02-06T12:33:39.950+0000] {logging_mixin.py:190} INFO - [2025-02-06T12:33:39.950+0000] {dagbag.py:588} INFO - Filling up the DagBag from /opt/airflow/dags/spark_dag.py
[2025-02-06T12:33:39.960+0000] {processor.py:925} INFO - DAG(s) 'spark_job_dag' retrieved from /opt/airflow/dags/spark_dag.py
[2025-02-06T12:33:39.990+0000] {logging_mixin.py:190} INFO - [2025-02-06T12:33:39.989+0000] {dag.py:3239} INFO - Sync 1 DAGs
[2025-02-06T12:33:40.016+0000] {logging_mixin.py:190} INFO - [2025-02-06T12:33:40.016+0000] {dag.py:4180} INFO - Setting next_dagrun for spark_job_dag to 2025-02-05 00:00:00+00:00, run_after=2025-02-06 00:00:00+00:00
[2025-02-06T12:33:40.051+0000] {processor.py:208} INFO - Processing /opt/airflow/dags/spark_dag.py took 0.110 seconds
[2025-02-06T12:34:10.934+0000] {processor.py:186} INFO - Started process (PID=815) to work on /opt/airflow/dags/spark_dag.py
[2025-02-06T12:34:10.936+0000] {processor.py:914} INFO - Processing file /opt/airflow/dags/spark_dag.py for tasks to queue
[2025-02-06T12:34:10.938+0000] {logging_mixin.py:190} INFO - [2025-02-06T12:34:10.937+0000] {dagbag.py:588} INFO - Filling up the DagBag from /opt/airflow/dags/spark_dag.py
[2025-02-06T12:34:10.952+0000] {processor.py:925} INFO - DAG(s) 'spark_job_dag' retrieved from /opt/airflow/dags/spark_dag.py
[2025-02-06T12:34:10.998+0000] {logging_mixin.py:190} INFO - [2025-02-06T12:34:10.997+0000] {dag.py:3239} INFO - Sync 1 DAGs
[2025-02-06T12:34:11.028+0000] {logging_mixin.py:190} INFO - [2025-02-06T12:34:11.028+0000] {dag.py:4180} INFO - Setting next_dagrun for spark_job_dag to 2025-02-05 00:00:00+00:00, run_after=2025-02-06 00:00:00+00:00
[2025-02-06T12:34:11.072+0000] {processor.py:208} INFO - Processing /opt/airflow/dags/spark_dag.py took 0.147 seconds
[2025-02-06T12:34:41.732+0000] {processor.py:186} INFO - Started process (PID=819) to work on /opt/airflow/dags/spark_dag.py
[2025-02-06T12:34:41.734+0000] {processor.py:914} INFO - Processing file /opt/airflow/dags/spark_dag.py for tasks to queue
[2025-02-06T12:34:41.736+0000] {logging_mixin.py:190} INFO - [2025-02-06T12:34:41.735+0000] {dagbag.py:588} INFO - Filling up the DagBag from /opt/airflow/dags/spark_dag.py
[2025-02-06T12:34:41.750+0000] {processor.py:925} INFO - DAG(s) 'spark_job_dag' retrieved from /opt/airflow/dags/spark_dag.py
[2025-02-06T12:34:41.786+0000] {logging_mixin.py:190} INFO - [2025-02-06T12:34:41.786+0000] {dag.py:3239} INFO - Sync 1 DAGs
[2025-02-06T12:34:41.812+0000] {logging_mixin.py:190} INFO - [2025-02-06T12:34:41.812+0000] {dag.py:4180} INFO - Setting next_dagrun for spark_job_dag to 2025-02-05 00:00:00+00:00, run_after=2025-02-06 00:00:00+00:00
[2025-02-06T12:34:41.861+0000] {processor.py:208} INFO - Processing /opt/airflow/dags/spark_dag.py took 0.137 seconds
[2025-02-06T15:33:15.659+0000] {processor.py:186} INFO - Started process (PID=67) to work on /opt/airflow/dags/spark_dag.py
[2025-02-06T15:33:15.661+0000] {processor.py:914} INFO - Processing file /opt/airflow/dags/spark_dag.py for tasks to queue
[2025-02-06T15:33:15.667+0000] {logging_mixin.py:190} INFO - [2025-02-06T15:33:15.666+0000] {dagbag.py:588} INFO - Filling up the DagBag from /opt/airflow/dags/spark_dag.py
[2025-02-06T15:33:15.684+0000] {processor.py:925} INFO - DAG(s) 'spark_job_dag' retrieved from /opt/airflow/dags/spark_dag.py
[2025-02-06T15:33:15.714+0000] {logging_mixin.py:190} INFO - [2025-02-06T15:33:15.714+0000] {dag.py:3239} INFO - Sync 1 DAGs
[2025-02-06T15:33:15.743+0000] {logging_mixin.py:190} INFO - [2025-02-06T15:33:15.743+0000] {dag.py:4180} INFO - Setting next_dagrun for spark_job_dag to 2025-02-05 00:00:00+00:00, run_after=2025-02-06 00:00:00+00:00
[2025-02-06T15:33:15.788+0000] {processor.py:208} INFO - Processing /opt/airflow/dags/spark_dag.py took 0.135 seconds
[2025-02-06T15:33:46.850+0000] {processor.py:186} INFO - Started process (PID=82) to work on /opt/airflow/dags/spark_dag.py
[2025-02-06T15:33:46.852+0000] {processor.py:914} INFO - Processing file /opt/airflow/dags/spark_dag.py for tasks to queue
[2025-02-06T15:33:46.856+0000] {logging_mixin.py:190} INFO - [2025-02-06T15:33:46.855+0000] {dagbag.py:588} INFO - Filling up the DagBag from /opt/airflow/dags/spark_dag.py
[2025-02-06T15:33:46.888+0000] {processor.py:925} INFO - DAG(s) 'spark_job_dag' retrieved from /opt/airflow/dags/spark_dag.py
[2025-02-06T15:33:46.969+0000] {logging_mixin.py:190} INFO - [2025-02-06T15:33:46.968+0000] {dag.py:3239} INFO - Sync 1 DAGs
[2025-02-06T15:33:47.046+0000] {logging_mixin.py:190} INFO - [2025-02-06T15:33:47.045+0000] {dag.py:4180} INFO - Setting next_dagrun for spark_job_dag to 2025-02-05 00:00:00+00:00, run_after=2025-02-06 00:00:00+00:00
[2025-02-06T15:33:47.184+0000] {processor.py:208} INFO - Processing /opt/airflow/dags/spark_dag.py took 0.346 seconds
[2025-02-06T15:34:18.182+0000] {processor.py:186} INFO - Started process (PID=86) to work on /opt/airflow/dags/spark_dag.py
[2025-02-06T15:34:18.184+0000] {processor.py:914} INFO - Processing file /opt/airflow/dags/spark_dag.py for tasks to queue
[2025-02-06T15:34:18.187+0000] {logging_mixin.py:190} INFO - [2025-02-06T15:34:18.186+0000] {dagbag.py:588} INFO - Filling up the DagBag from /opt/airflow/dags/spark_dag.py
[2025-02-06T15:34:18.206+0000] {processor.py:925} INFO - DAG(s) 'spark_job_dag' retrieved from /opt/airflow/dags/spark_dag.py
[2025-02-06T15:34:18.253+0000] {logging_mixin.py:190} INFO - [2025-02-06T15:34:18.252+0000] {dag.py:3239} INFO - Sync 1 DAGs
[2025-02-06T15:34:18.299+0000] {logging_mixin.py:190} INFO - [2025-02-06T15:34:18.298+0000] {dag.py:4180} INFO - Setting next_dagrun for spark_job_dag to 2025-02-05 00:00:00+00:00, run_after=2025-02-06 00:00:00+00:00
[2025-02-06T15:34:18.362+0000] {processor.py:208} INFO - Processing /opt/airflow/dags/spark_dag.py took 0.186 seconds
[2025-02-06T15:34:50.298+0000] {processor.py:186} INFO - Started process (PID=90) to work on /opt/airflow/dags/spark_dag.py
[2025-02-06T15:34:50.301+0000] {processor.py:914} INFO - Processing file /opt/airflow/dags/spark_dag.py for tasks to queue
[2025-02-06T15:34:50.305+0000] {logging_mixin.py:190} INFO - [2025-02-06T15:34:50.304+0000] {dagbag.py:588} INFO - Filling up the DagBag from /opt/airflow/dags/spark_dag.py
[2025-02-06T15:34:50.347+0000] {processor.py:925} INFO - DAG(s) 'spark_job_dag' retrieved from /opt/airflow/dags/spark_dag.py
[2025-02-06T15:34:50.393+0000] {logging_mixin.py:190} INFO - [2025-02-06T15:34:50.393+0000] {dag.py:3239} INFO - Sync 1 DAGs
[2025-02-06T15:34:50.435+0000] {logging_mixin.py:190} INFO - [2025-02-06T15:34:50.434+0000] {dag.py:4180} INFO - Setting next_dagrun for spark_job_dag to 2025-02-05 00:00:00+00:00, run_after=2025-02-06 00:00:00+00:00
[2025-02-06T15:34:50.497+0000] {processor.py:208} INFO - Processing /opt/airflow/dags/spark_dag.py took 0.207 seconds
[2025-02-06T15:35:32.621+0000] {processor.py:186} INFO - Started process (PID=287) to work on /opt/airflow/dags/spark_dag.py
[2025-02-06T15:35:32.623+0000] {processor.py:914} INFO - Processing file /opt/airflow/dags/spark_dag.py for tasks to queue
[2025-02-06T15:35:32.627+0000] {logging_mixin.py:190} INFO - [2025-02-06T15:35:32.626+0000] {dagbag.py:588} INFO - Filling up the DagBag from /opt/airflow/dags/spark_dag.py
[2025-02-06T15:35:32.649+0000] {processor.py:925} INFO - DAG(s) 'spark_job_dag' retrieved from /opt/airflow/dags/spark_dag.py
[2025-02-06T15:35:32.694+0000] {logging_mixin.py:190} INFO - [2025-02-06T15:35:32.693+0000] {dag.py:3239} INFO - Sync 1 DAGs
[2025-02-06T15:35:32.750+0000] {logging_mixin.py:190} INFO - [2025-02-06T15:35:32.749+0000] {dag.py:4180} INFO - Setting next_dagrun for spark_job_dag to 2025-02-05 00:00:00+00:00, run_after=2025-02-06 00:00:00+00:00
[2025-02-06T15:35:32.811+0000] {processor.py:208} INFO - Processing /opt/airflow/dags/spark_dag.py took 0.200 seconds
[2025-02-06T15:36:03.508+0000] {processor.py:186} INFO - Started process (PID=303) to work on /opt/airflow/dags/spark_dag.py
[2025-02-06T15:36:03.509+0000] {processor.py:914} INFO - Processing file /opt/airflow/dags/spark_dag.py for tasks to queue
[2025-02-06T15:36:03.512+0000] {logging_mixin.py:190} INFO - [2025-02-06T15:36:03.512+0000] {dagbag.py:588} INFO - Filling up the DagBag from /opt/airflow/dags/spark_dag.py
[2025-02-06T15:36:03.529+0000] {processor.py:925} INFO - DAG(s) 'spark_job_dag' retrieved from /opt/airflow/dags/spark_dag.py
[2025-02-06T15:36:03.561+0000] {logging_mixin.py:190} INFO - [2025-02-06T15:36:03.560+0000] {dag.py:3239} INFO - Sync 1 DAGs
[2025-02-06T15:36:03.593+0000] {logging_mixin.py:190} INFO - [2025-02-06T15:36:03.592+0000] {dag.py:4180} INFO - Setting next_dagrun for spark_job_dag to 2025-02-05 00:00:00+00:00, run_after=2025-02-06 00:00:00+00:00
[2025-02-06T15:36:03.714+0000] {processor.py:208} INFO - Processing /opt/airflow/dags/spark_dag.py took 0.212 seconds
[2025-02-06T15:36:33.989+0000] {processor.py:186} INFO - Started process (PID=307) to work on /opt/airflow/dags/spark_dag.py
[2025-02-06T15:36:33.991+0000] {processor.py:914} INFO - Processing file /opt/airflow/dags/spark_dag.py for tasks to queue
[2025-02-06T15:36:33.994+0000] {logging_mixin.py:190} INFO - [2025-02-06T15:36:33.994+0000] {dagbag.py:588} INFO - Filling up the DagBag from /opt/airflow/dags/spark_dag.py
[2025-02-06T15:36:34.014+0000] {processor.py:925} INFO - DAG(s) 'spark_job_dag' retrieved from /opt/airflow/dags/spark_dag.py
[2025-02-06T15:36:34.044+0000] {logging_mixin.py:190} INFO - [2025-02-06T15:36:34.044+0000] {dag.py:3239} INFO - Sync 1 DAGs
[2025-02-06T15:36:34.071+0000] {logging_mixin.py:190} INFO - [2025-02-06T15:36:34.071+0000] {dag.py:4180} INFO - Setting next_dagrun for spark_job_dag to 2025-02-05 00:00:00+00:00, run_after=2025-02-06 00:00:00+00:00
[2025-02-06T15:36:34.109+0000] {processor.py:208} INFO - Processing /opt/airflow/dags/spark_dag.py took 0.127 seconds
[2025-02-06T15:37:05.314+0000] {processor.py:186} INFO - Started process (PID=311) to work on /opt/airflow/dags/spark_dag.py
[2025-02-06T15:37:05.316+0000] {processor.py:914} INFO - Processing file /opt/airflow/dags/spark_dag.py for tasks to queue
[2025-02-06T15:37:05.320+0000] {logging_mixin.py:190} INFO - [2025-02-06T15:37:05.320+0000] {dagbag.py:588} INFO - Filling up the DagBag from /opt/airflow/dags/spark_dag.py
[2025-02-06T15:37:05.349+0000] {processor.py:925} INFO - DAG(s) 'spark_job_dag' retrieved from /opt/airflow/dags/spark_dag.py
[2025-02-06T15:37:05.390+0000] {logging_mixin.py:190} INFO - [2025-02-06T15:37:05.389+0000] {dag.py:3239} INFO - Sync 1 DAGs
[2025-02-06T15:37:05.424+0000] {logging_mixin.py:190} INFO - [2025-02-06T15:37:05.424+0000] {dag.py:4180} INFO - Setting next_dagrun for spark_job_dag to 2025-02-05 00:00:00+00:00, run_after=2025-02-06 00:00:00+00:00
[2025-02-06T15:37:05.470+0000] {processor.py:208} INFO - Processing /opt/airflow/dags/spark_dag.py took 0.166 seconds
[2025-02-06T15:37:36.461+0000] {processor.py:186} INFO - Started process (PID=315) to work on /opt/airflow/dags/spark_dag.py
[2025-02-06T15:37:36.463+0000] {processor.py:914} INFO - Processing file /opt/airflow/dags/spark_dag.py for tasks to queue
[2025-02-06T15:37:36.466+0000] {logging_mixin.py:190} INFO - [2025-02-06T15:37:36.465+0000] {dagbag.py:588} INFO - Filling up the DagBag from /opt/airflow/dags/spark_dag.py
[2025-02-06T15:37:36.484+0000] {processor.py:925} INFO - DAG(s) 'spark_job_dag' retrieved from /opt/airflow/dags/spark_dag.py
[2025-02-06T15:37:36.514+0000] {logging_mixin.py:190} INFO - [2025-02-06T15:37:36.514+0000] {dag.py:3239} INFO - Sync 1 DAGs
[2025-02-06T15:37:36.543+0000] {logging_mixin.py:190} INFO - [2025-02-06T15:37:36.543+0000] {dag.py:4180} INFO - Setting next_dagrun for spark_job_dag to 2025-02-05 00:00:00+00:00, run_after=2025-02-06 00:00:00+00:00
[2025-02-06T15:37:36.581+0000] {processor.py:208} INFO - Processing /opt/airflow/dags/spark_dag.py took 0.127 seconds
[2025-02-06T15:38:07.297+0000] {processor.py:186} INFO - Started process (PID=319) to work on /opt/airflow/dags/spark_dag.py
[2025-02-06T15:38:07.298+0000] {processor.py:914} INFO - Processing file /opt/airflow/dags/spark_dag.py for tasks to queue
[2025-02-06T15:38:07.302+0000] {logging_mixin.py:190} INFO - [2025-02-06T15:38:07.301+0000] {dagbag.py:588} INFO - Filling up the DagBag from /opt/airflow/dags/spark_dag.py
[2025-02-06T15:38:07.318+0000] {processor.py:925} INFO - DAG(s) 'spark_job_dag' retrieved from /opt/airflow/dags/spark_dag.py
[2025-02-06T15:38:07.346+0000] {logging_mixin.py:190} INFO - [2025-02-06T15:38:07.345+0000] {dag.py:3239} INFO - Sync 1 DAGs
[2025-02-06T15:38:07.372+0000] {logging_mixin.py:190} INFO - [2025-02-06T15:38:07.372+0000] {dag.py:4180} INFO - Setting next_dagrun for spark_job_dag to 2025-02-05 00:00:00+00:00, run_after=2025-02-06 00:00:00+00:00
[2025-02-06T15:38:07.410+0000] {processor.py:208} INFO - Processing /opt/airflow/dags/spark_dag.py took 0.119 seconds
[2025-02-06T15:38:38.018+0000] {processor.py:186} INFO - Started process (PID=323) to work on /opt/airflow/dags/spark_dag.py
[2025-02-06T15:38:38.020+0000] {processor.py:914} INFO - Processing file /opt/airflow/dags/spark_dag.py for tasks to queue
[2025-02-06T15:38:38.022+0000] {logging_mixin.py:190} INFO - [2025-02-06T15:38:38.022+0000] {dagbag.py:588} INFO - Filling up the DagBag from /opt/airflow/dags/spark_dag.py
[2025-02-06T15:38:38.039+0000] {processor.py:925} INFO - DAG(s) 'spark_job_dag' retrieved from /opt/airflow/dags/spark_dag.py
[2025-02-06T15:38:38.067+0000] {logging_mixin.py:190} INFO - [2025-02-06T15:38:38.067+0000] {dag.py:3239} INFO - Sync 1 DAGs
[2025-02-06T15:38:38.097+0000] {logging_mixin.py:190} INFO - [2025-02-06T15:38:38.097+0000] {dag.py:4180} INFO - Setting next_dagrun for spark_job_dag to 2025-02-05 00:00:00+00:00, run_after=2025-02-06 00:00:00+00:00
[2025-02-06T15:38:38.135+0000] {processor.py:208} INFO - Processing /opt/airflow/dags/spark_dag.py took 0.123 seconds
[2025-02-06T15:39:08.982+0000] {processor.py:186} INFO - Started process (PID=327) to work on /opt/airflow/dags/spark_dag.py
[2025-02-06T15:39:08.983+0000] {processor.py:914} INFO - Processing file /opt/airflow/dags/spark_dag.py for tasks to queue
[2025-02-06T15:39:08.988+0000] {logging_mixin.py:190} INFO - [2025-02-06T15:39:08.987+0000] {dagbag.py:588} INFO - Filling up the DagBag from /opt/airflow/dags/spark_dag.py
[2025-02-06T15:39:09.007+0000] {processor.py:925} INFO - DAG(s) 'spark_job_dag' retrieved from /opt/airflow/dags/spark_dag.py
[2025-02-06T15:39:09.037+0000] {logging_mixin.py:190} INFO - [2025-02-06T15:39:09.037+0000] {dag.py:3239} INFO - Sync 1 DAGs
[2025-02-06T15:39:09.067+0000] {logging_mixin.py:190} INFO - [2025-02-06T15:39:09.067+0000] {dag.py:4180} INFO - Setting next_dagrun for spark_job_dag to 2025-02-05 00:00:00+00:00, run_after=2025-02-06 00:00:00+00:00
[2025-02-06T15:39:09.104+0000] {processor.py:208} INFO - Processing /opt/airflow/dags/spark_dag.py took 0.129 seconds
[2025-02-06T15:39:39.855+0000] {processor.py:186} INFO - Started process (PID=331) to work on /opt/airflow/dags/spark_dag.py
[2025-02-06T15:39:39.857+0000] {processor.py:914} INFO - Processing file /opt/airflow/dags/spark_dag.py for tasks to queue
[2025-02-06T15:39:39.860+0000] {logging_mixin.py:190} INFO - [2025-02-06T15:39:39.859+0000] {dagbag.py:588} INFO - Filling up the DagBag from /opt/airflow/dags/spark_dag.py
[2025-02-06T15:39:39.877+0000] {processor.py:925} INFO - DAG(s) 'spark_job_dag' retrieved from /opt/airflow/dags/spark_dag.py
[2025-02-06T15:39:39.907+0000] {logging_mixin.py:190} INFO - [2025-02-06T15:39:39.906+0000] {dag.py:3239} INFO - Sync 1 DAGs
[2025-02-06T15:39:39.940+0000] {logging_mixin.py:190} INFO - [2025-02-06T15:39:39.940+0000] {dag.py:4180} INFO - Setting next_dagrun for spark_job_dag to 2025-02-05 00:00:00+00:00, run_after=2025-02-06 00:00:00+00:00
[2025-02-06T15:39:40.027+0000] {processor.py:208} INFO - Processing /opt/airflow/dags/spark_dag.py took 0.179 seconds
[2025-02-06T15:40:10.748+0000] {processor.py:186} INFO - Started process (PID=335) to work on /opt/airflow/dags/spark_dag.py
[2025-02-06T15:40:10.749+0000] {processor.py:914} INFO - Processing file /opt/airflow/dags/spark_dag.py for tasks to queue
[2025-02-06T15:40:10.753+0000] {logging_mixin.py:190} INFO - [2025-02-06T15:40:10.752+0000] {dagbag.py:588} INFO - Filling up the DagBag from /opt/airflow/dags/spark_dag.py
[2025-02-06T15:40:10.772+0000] {processor.py:925} INFO - DAG(s) 'spark_job_dag' retrieved from /opt/airflow/dags/spark_dag.py
[2025-02-06T15:40:10.803+0000] {logging_mixin.py:190} INFO - [2025-02-06T15:40:10.803+0000] {dag.py:3239} INFO - Sync 1 DAGs
[2025-02-06T15:40:10.832+0000] {logging_mixin.py:190} INFO - [2025-02-06T15:40:10.831+0000] {dag.py:4180} INFO - Setting next_dagrun for spark_job_dag to 2025-02-05 00:00:00+00:00, run_after=2025-02-06 00:00:00+00:00
[2025-02-06T15:40:10.874+0000] {processor.py:208} INFO - Processing /opt/airflow/dags/spark_dag.py took 0.131 seconds
[2025-02-06T15:40:43.096+0000] {processor.py:186} INFO - Started process (PID=351) to work on /opt/airflow/dags/spark_dag.py
[2025-02-06T15:40:43.097+0000] {processor.py:914} INFO - Processing file /opt/airflow/dags/spark_dag.py for tasks to queue
[2025-02-06T15:40:43.100+0000] {logging_mixin.py:190} INFO - [2025-02-06T15:40:43.100+0000] {dagbag.py:588} INFO - Filling up the DagBag from /opt/airflow/dags/spark_dag.py
[2025-02-06T15:40:43.116+0000] {processor.py:925} INFO - DAG(s) 'spark_job_dag' retrieved from /opt/airflow/dags/spark_dag.py
[2025-02-06T15:40:43.148+0000] {logging_mixin.py:190} INFO - [2025-02-06T15:40:43.148+0000] {dag.py:3239} INFO - Sync 1 DAGs
[2025-02-06T15:40:43.176+0000] {logging_mixin.py:190} INFO - [2025-02-06T15:40:43.176+0000] {dag.py:4180} INFO - Setting next_dagrun for spark_job_dag to 2025-02-05 00:00:00+00:00, run_after=2025-02-06 00:00:00+00:00
[2025-02-06T15:40:43.217+0000] {processor.py:208} INFO - Processing /opt/airflow/dags/spark_dag.py took 0.127 seconds
[2025-02-06T15:41:13.713+0000] {processor.py:186} INFO - Started process (PID=355) to work on /opt/airflow/dags/spark_dag.py
[2025-02-06T15:41:13.714+0000] {processor.py:914} INFO - Processing file /opt/airflow/dags/spark_dag.py for tasks to queue
[2025-02-06T15:41:13.718+0000] {logging_mixin.py:190} INFO - [2025-02-06T15:41:13.717+0000] {dagbag.py:588} INFO - Filling up the DagBag from /opt/airflow/dags/spark_dag.py
[2025-02-06T15:41:13.739+0000] {processor.py:925} INFO - DAG(s) 'spark_job_dag' retrieved from /opt/airflow/dags/spark_dag.py
[2025-02-06T15:41:13.772+0000] {logging_mixin.py:190} INFO - [2025-02-06T15:41:13.772+0000] {dag.py:3239} INFO - Sync 1 DAGs
[2025-02-06T15:41:13.798+0000] {logging_mixin.py:190} INFO - [2025-02-06T15:41:13.798+0000] {dag.py:4180} INFO - Setting next_dagrun for spark_job_dag to 2025-02-05 00:00:00+00:00, run_after=2025-02-06 00:00:00+00:00
[2025-02-06T15:41:13.835+0000] {processor.py:208} INFO - Processing /opt/airflow/dags/spark_dag.py took 0.130 seconds
[2025-02-06T15:41:44.585+0000] {processor.py:186} INFO - Started process (PID=359) to work on /opt/airflow/dags/spark_dag.py
[2025-02-06T15:41:44.586+0000] {processor.py:914} INFO - Processing file /opt/airflow/dags/spark_dag.py for tasks to queue
[2025-02-06T15:41:44.590+0000] {logging_mixin.py:190} INFO - [2025-02-06T15:41:44.589+0000] {dagbag.py:588} INFO - Filling up the DagBag from /opt/airflow/dags/spark_dag.py
[2025-02-06T15:41:44.609+0000] {processor.py:925} INFO - DAG(s) 'spark_job_dag' retrieved from /opt/airflow/dags/spark_dag.py
[2025-02-06T15:41:44.652+0000] {logging_mixin.py:190} INFO - [2025-02-06T15:41:44.652+0000] {dag.py:3239} INFO - Sync 1 DAGs
[2025-02-06T15:41:44.702+0000] {logging_mixin.py:190} INFO - [2025-02-06T15:41:44.702+0000] {dag.py:4180} INFO - Setting next_dagrun for spark_job_dag to 2025-02-05 00:00:00+00:00, run_after=2025-02-06 00:00:00+00:00
[2025-02-06T15:41:44.746+0000] {processor.py:208} INFO - Processing /opt/airflow/dags/spark_dag.py took 0.169 seconds
[2025-02-06T15:42:15.348+0000] {processor.py:186} INFO - Started process (PID=363) to work on /opt/airflow/dags/spark_dag.py
[2025-02-06T15:42:15.349+0000] {processor.py:914} INFO - Processing file /opt/airflow/dags/spark_dag.py for tasks to queue
[2025-02-06T15:42:15.352+0000] {logging_mixin.py:190} INFO - [2025-02-06T15:42:15.352+0000] {dagbag.py:588} INFO - Filling up the DagBag from /opt/airflow/dags/spark_dag.py
[2025-02-06T15:42:15.368+0000] {processor.py:925} INFO - DAG(s) 'spark_job_dag' retrieved from /opt/airflow/dags/spark_dag.py
[2025-02-06T15:42:15.404+0000] {logging_mixin.py:190} INFO - [2025-02-06T15:42:15.403+0000] {dag.py:3239} INFO - Sync 1 DAGs
[2025-02-06T15:42:15.433+0000] {logging_mixin.py:190} INFO - [2025-02-06T15:42:15.432+0000] {dag.py:4180} INFO - Setting next_dagrun for spark_job_dag to 2025-02-05 00:00:00+00:00, run_after=2025-02-06 00:00:00+00:00
[2025-02-06T15:42:15.473+0000] {processor.py:208} INFO - Processing /opt/airflow/dags/spark_dag.py took 0.132 seconds
[2025-02-06T15:43:21.383+0000] {processor.py:186} INFO - Started process (PID=368) to work on /opt/airflow/dags/spark_dag.py
[2025-02-06T15:43:21.385+0000] {processor.py:914} INFO - Processing file /opt/airflow/dags/spark_dag.py for tasks to queue
[2025-02-06T15:43:21.388+0000] {logging_mixin.py:190} INFO - [2025-02-06T15:43:21.388+0000] {dagbag.py:588} INFO - Filling up the DagBag from /opt/airflow/dags/spark_dag.py
[2025-02-06T15:43:21.406+0000] {processor.py:925} INFO - DAG(s) 'spark_job_dag' retrieved from /opt/airflow/dags/spark_dag.py
[2025-02-06T15:43:21.441+0000] {logging_mixin.py:190} INFO - [2025-02-06T15:43:21.440+0000] {dag.py:3239} INFO - Sync 1 DAGs
[2025-02-06T15:43:21.472+0000] {logging_mixin.py:190} INFO - [2025-02-06T15:43:21.472+0000] {dag.py:4180} INFO - Setting next_dagrun for spark_job_dag to 2025-02-05 00:00:00+00:00, run_after=2025-02-06 00:00:00+00:00
[2025-02-06T15:43:21.521+0000] {processor.py:208} INFO - Processing /opt/airflow/dags/spark_dag.py took 0.144 seconds
[2025-02-06T15:43:52.443+0000] {processor.py:186} INFO - Started process (PID=372) to work on /opt/airflow/dags/spark_dag.py
[2025-02-06T15:43:52.444+0000] {processor.py:914} INFO - Processing file /opt/airflow/dags/spark_dag.py for tasks to queue
[2025-02-06T15:43:52.446+0000] {logging_mixin.py:190} INFO - [2025-02-06T15:43:52.446+0000] {dagbag.py:588} INFO - Filling up the DagBag from /opt/airflow/dags/spark_dag.py
[2025-02-06T15:43:52.462+0000] {processor.py:925} INFO - DAG(s) 'spark_job_dag' retrieved from /opt/airflow/dags/spark_dag.py
[2025-02-06T15:43:52.498+0000] {logging_mixin.py:190} INFO - [2025-02-06T15:43:52.498+0000] {dag.py:3239} INFO - Sync 1 DAGs
[2025-02-06T15:43:52.529+0000] {logging_mixin.py:190} INFO - [2025-02-06T15:43:52.529+0000] {dag.py:4180} INFO - Setting next_dagrun for spark_job_dag to 2025-02-05 00:00:00+00:00, run_after=2025-02-06 00:00:00+00:00
[2025-02-06T15:43:52.571+0000] {processor.py:208} INFO - Processing /opt/airflow/dags/spark_dag.py took 0.136 seconds
[2025-02-06T15:44:23.338+0000] {processor.py:186} INFO - Started process (PID=376) to work on /opt/airflow/dags/spark_dag.py
[2025-02-06T15:44:23.340+0000] {processor.py:914} INFO - Processing file /opt/airflow/dags/spark_dag.py for tasks to queue
[2025-02-06T15:44:23.342+0000] {logging_mixin.py:190} INFO - [2025-02-06T15:44:23.342+0000] {dagbag.py:588} INFO - Filling up the DagBag from /opt/airflow/dags/spark_dag.py
[2025-02-06T15:44:23.363+0000] {processor.py:925} INFO - DAG(s) 'spark_job_dag' retrieved from /opt/airflow/dags/spark_dag.py
[2025-02-06T15:44:23.392+0000] {logging_mixin.py:190} INFO - [2025-02-06T15:44:23.391+0000] {dag.py:3239} INFO - Sync 1 DAGs
[2025-02-06T15:44:23.418+0000] {logging_mixin.py:190} INFO - [2025-02-06T15:44:23.418+0000] {dag.py:4180} INFO - Setting next_dagrun for spark_job_dag to 2025-02-05 00:00:00+00:00, run_after=2025-02-06 00:00:00+00:00
[2025-02-06T15:44:23.457+0000] {processor.py:208} INFO - Processing /opt/airflow/dags/spark_dag.py took 0.125 seconds
[2025-02-06T15:44:54.364+0000] {processor.py:186} INFO - Started process (PID=380) to work on /opt/airflow/dags/spark_dag.py
[2025-02-06T15:44:54.366+0000] {processor.py:914} INFO - Processing file /opt/airflow/dags/spark_dag.py for tasks to queue
[2025-02-06T15:44:54.371+0000] {logging_mixin.py:190} INFO - [2025-02-06T15:44:54.370+0000] {dagbag.py:588} INFO - Filling up the DagBag from /opt/airflow/dags/spark_dag.py
[2025-02-06T15:44:54.398+0000] {processor.py:925} INFO - DAG(s) 'spark_job_dag' retrieved from /opt/airflow/dags/spark_dag.py
[2025-02-06T15:44:54.436+0000] {logging_mixin.py:190} INFO - [2025-02-06T15:44:54.436+0000] {dag.py:3239} INFO - Sync 1 DAGs
[2025-02-06T15:44:54.474+0000] {logging_mixin.py:190} INFO - [2025-02-06T15:44:54.474+0000] {dag.py:4180} INFO - Setting next_dagrun for spark_job_dag to 2025-02-05 00:00:00+00:00, run_after=2025-02-06 00:00:00+00:00
[2025-02-06T15:44:54.524+0000] {processor.py:208} INFO - Processing /opt/airflow/dags/spark_dag.py took 0.167 seconds
[2025-02-06T15:45:25.283+0000] {processor.py:186} INFO - Started process (PID=384) to work on /opt/airflow/dags/spark_dag.py
[2025-02-06T15:45:25.284+0000] {processor.py:914} INFO - Processing file /opt/airflow/dags/spark_dag.py for tasks to queue
[2025-02-06T15:45:25.286+0000] {logging_mixin.py:190} INFO - [2025-02-06T15:45:25.286+0000] {dagbag.py:588} INFO - Filling up the DagBag from /opt/airflow/dags/spark_dag.py
[2025-02-06T15:45:25.308+0000] {processor.py:925} INFO - DAG(s) 'spark_job_dag' retrieved from /opt/airflow/dags/spark_dag.py
[2025-02-06T15:45:25.338+0000] {logging_mixin.py:190} INFO - [2025-02-06T15:45:25.337+0000] {dag.py:3239} INFO - Sync 1 DAGs
[2025-02-06T15:45:25.368+0000] {logging_mixin.py:190} INFO - [2025-02-06T15:45:25.367+0000] {dag.py:4180} INFO - Setting next_dagrun for spark_job_dag to 2025-02-05 00:00:00+00:00, run_after=2025-02-06 00:00:00+00:00
[2025-02-06T15:45:25.411+0000] {processor.py:208} INFO - Processing /opt/airflow/dags/spark_dag.py took 0.136 seconds
[2025-02-06T15:45:56.158+0000] {processor.py:186} INFO - Started process (PID=388) to work on /opt/airflow/dags/spark_dag.py
[2025-02-06T15:45:56.159+0000] {processor.py:914} INFO - Processing file /opt/airflow/dags/spark_dag.py for tasks to queue
[2025-02-06T15:45:56.162+0000] {logging_mixin.py:190} INFO - [2025-02-06T15:45:56.162+0000] {dagbag.py:588} INFO - Filling up the DagBag from /opt/airflow/dags/spark_dag.py
[2025-02-06T15:45:56.187+0000] {processor.py:925} INFO - DAG(s) 'spark_job_dag' retrieved from /opt/airflow/dags/spark_dag.py
[2025-02-06T15:45:56.219+0000] {logging_mixin.py:190} INFO - [2025-02-06T15:45:56.218+0000] {dag.py:3239} INFO - Sync 1 DAGs
[2025-02-06T15:45:56.248+0000] {logging_mixin.py:190} INFO - [2025-02-06T15:45:56.248+0000] {dag.py:4180} INFO - Setting next_dagrun for spark_job_dag to 2025-02-05 00:00:00+00:00, run_after=2025-02-06 00:00:00+00:00
[2025-02-06T15:45:56.293+0000] {processor.py:208} INFO - Processing /opt/airflow/dags/spark_dag.py took 0.143 seconds
[2025-02-06T15:46:27.067+0000] {processor.py:186} INFO - Started process (PID=392) to work on /opt/airflow/dags/spark_dag.py
[2025-02-06T15:46:27.068+0000] {processor.py:914} INFO - Processing file /opt/airflow/dags/spark_dag.py for tasks to queue
[2025-02-06T15:46:27.073+0000] {logging_mixin.py:190} INFO - [2025-02-06T15:46:27.072+0000] {dagbag.py:588} INFO - Filling up the DagBag from /opt/airflow/dags/spark_dag.py
[2025-02-06T15:46:27.091+0000] {processor.py:925} INFO - DAG(s) 'spark_job_dag' retrieved from /opt/airflow/dags/spark_dag.py
[2025-02-06T15:46:27.119+0000] {logging_mixin.py:190} INFO - [2025-02-06T15:46:27.119+0000] {dag.py:3239} INFO - Sync 1 DAGs
[2025-02-06T15:46:27.147+0000] {logging_mixin.py:190} INFO - [2025-02-06T15:46:27.147+0000] {dag.py:4180} INFO - Setting next_dagrun for spark_job_dag to 2025-02-05 00:00:00+00:00, run_after=2025-02-06 00:00:00+00:00
[2025-02-06T15:46:27.186+0000] {processor.py:208} INFO - Processing /opt/airflow/dags/spark_dag.py took 0.126 seconds
[2025-02-06T15:46:58.250+0000] {processor.py:186} INFO - Started process (PID=396) to work on /opt/airflow/dags/spark_dag.py
[2025-02-06T15:46:58.252+0000] {processor.py:914} INFO - Processing file /opt/airflow/dags/spark_dag.py for tasks to queue
[2025-02-06T15:46:58.255+0000] {logging_mixin.py:190} INFO - [2025-02-06T15:46:58.254+0000] {dagbag.py:588} INFO - Filling up the DagBag from /opt/airflow/dags/spark_dag.py
[2025-02-06T15:46:58.272+0000] {processor.py:925} INFO - DAG(s) 'spark_job_dag' retrieved from /opt/airflow/dags/spark_dag.py
[2025-02-06T15:46:58.304+0000] {logging_mixin.py:190} INFO - [2025-02-06T15:46:58.304+0000] {dag.py:3239} INFO - Sync 1 DAGs
[2025-02-06T15:46:58.338+0000] {logging_mixin.py:190} INFO - [2025-02-06T15:46:58.337+0000] {dag.py:4180} INFO - Setting next_dagrun for spark_job_dag to 2025-02-05 00:00:00+00:00, run_after=2025-02-06 00:00:00+00:00
[2025-02-06T15:46:58.425+0000] {processor.py:208} INFO - Processing /opt/airflow/dags/spark_dag.py took 0.183 seconds
[2025-02-06T15:47:29.142+0000] {processor.py:186} INFO - Started process (PID=400) to work on /opt/airflow/dags/spark_dag.py
[2025-02-06T15:47:29.144+0000] {processor.py:914} INFO - Processing file /opt/airflow/dags/spark_dag.py for tasks to queue
[2025-02-06T15:47:29.147+0000] {logging_mixin.py:190} INFO - [2025-02-06T15:47:29.146+0000] {dagbag.py:588} INFO - Filling up the DagBag from /opt/airflow/dags/spark_dag.py
[2025-02-06T15:47:29.165+0000] {processor.py:925} INFO - DAG(s) 'spark_job_dag' retrieved from /opt/airflow/dags/spark_dag.py
[2025-02-06T15:47:29.195+0000] {logging_mixin.py:190} INFO - [2025-02-06T15:47:29.195+0000] {dag.py:3239} INFO - Sync 1 DAGs
[2025-02-06T15:47:29.224+0000] {logging_mixin.py:190} INFO - [2025-02-06T15:47:29.223+0000] {dag.py:4180} INFO - Setting next_dagrun for spark_job_dag to 2025-02-05 00:00:00+00:00, run_after=2025-02-06 00:00:00+00:00
[2025-02-06T15:47:29.268+0000] {processor.py:208} INFO - Processing /opt/airflow/dags/spark_dag.py took 0.132 seconds
[2025-02-06T15:48:00.046+0000] {processor.py:186} INFO - Started process (PID=404) to work on /opt/airflow/dags/spark_dag.py
[2025-02-06T15:48:00.048+0000] {processor.py:914} INFO - Processing file /opt/airflow/dags/spark_dag.py for tasks to queue
[2025-02-06T15:48:00.051+0000] {logging_mixin.py:190} INFO - [2025-02-06T15:48:00.051+0000] {dagbag.py:588} INFO - Filling up the DagBag from /opt/airflow/dags/spark_dag.py
[2025-02-06T15:48:00.070+0000] {processor.py:925} INFO - DAG(s) 'spark_job_dag' retrieved from /opt/airflow/dags/spark_dag.py
[2025-02-06T15:48:00.102+0000] {logging_mixin.py:190} INFO - [2025-02-06T15:48:00.101+0000] {dag.py:3239} INFO - Sync 1 DAGs
[2025-02-06T15:48:00.131+0000] {logging_mixin.py:190} INFO - [2025-02-06T15:48:00.131+0000] {dag.py:4180} INFO - Setting next_dagrun for spark_job_dag to 2025-02-05 00:00:00+00:00, run_after=2025-02-06 00:00:00+00:00
[2025-02-06T15:48:00.176+0000] {processor.py:208} INFO - Processing /opt/airflow/dags/spark_dag.py took 0.135 seconds
[2025-02-06T15:48:31.199+0000] {processor.py:186} INFO - Started process (PID=408) to work on /opt/airflow/dags/spark_dag.py
[2025-02-06T15:48:31.200+0000] {processor.py:914} INFO - Processing file /opt/airflow/dags/spark_dag.py for tasks to queue
[2025-02-06T15:48:31.207+0000] {logging_mixin.py:190} INFO - [2025-02-06T15:48:31.205+0000] {dagbag.py:588} INFO - Filling up the DagBag from /opt/airflow/dags/spark_dag.py
[2025-02-06T15:48:31.228+0000] {processor.py:925} INFO - DAG(s) 'spark_job_dag' retrieved from /opt/airflow/dags/spark_dag.py
[2025-02-06T15:48:31.271+0000] {logging_mixin.py:190} INFO - [2025-02-06T15:48:31.270+0000] {dag.py:3239} INFO - Sync 1 DAGs
[2025-02-06T15:48:31.302+0000] {logging_mixin.py:190} INFO - [2025-02-06T15:48:31.302+0000] {dag.py:4180} INFO - Setting next_dagrun for spark_job_dag to 2025-02-05 00:00:00+00:00, run_after=2025-02-06 00:00:00+00:00
[2025-02-06T15:48:31.353+0000] {processor.py:208} INFO - Processing /opt/airflow/dags/spark_dag.py took 0.164 seconds
[2025-02-06T15:49:02.108+0000] {processor.py:186} INFO - Started process (PID=412) to work on /opt/airflow/dags/spark_dag.py
[2025-02-06T15:49:02.109+0000] {processor.py:914} INFO - Processing file /opt/airflow/dags/spark_dag.py for tasks to queue
[2025-02-06T15:49:02.112+0000] {logging_mixin.py:190} INFO - [2025-02-06T15:49:02.112+0000] {dagbag.py:588} INFO - Filling up the DagBag from /opt/airflow/dags/spark_dag.py
[2025-02-06T15:49:02.133+0000] {processor.py:925} INFO - DAG(s) 'spark_job_dag' retrieved from /opt/airflow/dags/spark_dag.py
[2025-02-06T15:49:02.168+0000] {logging_mixin.py:190} INFO - [2025-02-06T15:49:02.168+0000] {dag.py:3239} INFO - Sync 1 DAGs
[2025-02-06T15:49:02.203+0000] {logging_mixin.py:190} INFO - [2025-02-06T15:49:02.203+0000] {dag.py:4180} INFO - Setting next_dagrun for spark_job_dag to 2025-02-05 00:00:00+00:00, run_after=2025-02-06 00:00:00+00:00
[2025-02-06T15:49:02.248+0000] {processor.py:208} INFO - Processing /opt/airflow/dags/spark_dag.py took 0.146 seconds
[2025-02-06T15:49:33.249+0000] {processor.py:186} INFO - Started process (PID=416) to work on /opt/airflow/dags/spark_dag.py
[2025-02-06T15:49:33.250+0000] {processor.py:914} INFO - Processing file /opt/airflow/dags/spark_dag.py for tasks to queue
[2025-02-06T15:49:33.254+0000] {logging_mixin.py:190} INFO - [2025-02-06T15:49:33.254+0000] {dagbag.py:588} INFO - Filling up the DagBag from /opt/airflow/dags/spark_dag.py
[2025-02-06T15:49:33.272+0000] {processor.py:925} INFO - DAG(s) 'spark_job_dag' retrieved from /opt/airflow/dags/spark_dag.py
[2025-02-06T15:49:33.307+0000] {logging_mixin.py:190} INFO - [2025-02-06T15:49:33.307+0000] {dag.py:3239} INFO - Sync 1 DAGs
[2025-02-06T15:49:33.344+0000] {logging_mixin.py:190} INFO - [2025-02-06T15:49:33.343+0000] {dag.py:4180} INFO - Setting next_dagrun for spark_job_dag to 2025-02-05 00:00:00+00:00, run_after=2025-02-06 00:00:00+00:00
[2025-02-06T15:49:33.400+0000] {processor.py:208} INFO - Processing /opt/airflow/dags/spark_dag.py took 0.158 seconds
[2025-02-06T15:50:04.144+0000] {processor.py:186} INFO - Started process (PID=420) to work on /opt/airflow/dags/spark_dag.py
[2025-02-06T15:50:04.146+0000] {processor.py:914} INFO - Processing file /opt/airflow/dags/spark_dag.py for tasks to queue
[2025-02-06T15:50:04.150+0000] {logging_mixin.py:190} INFO - [2025-02-06T15:50:04.150+0000] {dagbag.py:588} INFO - Filling up the DagBag from /opt/airflow/dags/spark_dag.py
[2025-02-06T15:50:04.170+0000] {processor.py:925} INFO - DAG(s) 'spark_job_dag' retrieved from /opt/airflow/dags/spark_dag.py
[2025-02-06T15:50:04.205+0000] {logging_mixin.py:190} INFO - [2025-02-06T15:50:04.204+0000] {dag.py:3239} INFO - Sync 1 DAGs
[2025-02-06T15:50:04.235+0000] {logging_mixin.py:190} INFO - [2025-02-06T15:50:04.234+0000] {dag.py:4180} INFO - Setting next_dagrun for spark_job_dag to 2025-02-05 00:00:00+00:00, run_after=2025-02-06 00:00:00+00:00
[2025-02-06T15:50:04.288+0000] {processor.py:208} INFO - Processing /opt/airflow/dags/spark_dag.py took 0.151 seconds
[2025-02-06T15:50:34.959+0000] {processor.py:186} INFO - Started process (PID=424) to work on /opt/airflow/dags/spark_dag.py
[2025-02-06T15:50:34.961+0000] {processor.py:914} INFO - Processing file /opt/airflow/dags/spark_dag.py for tasks to queue
[2025-02-06T15:50:34.964+0000] {logging_mixin.py:190} INFO - [2025-02-06T15:50:34.963+0000] {dagbag.py:588} INFO - Filling up the DagBag from /opt/airflow/dags/spark_dag.py
[2025-02-06T15:50:34.980+0000] {processor.py:925} INFO - DAG(s) 'spark_job_dag' retrieved from /opt/airflow/dags/spark_dag.py
[2025-02-06T15:50:35.009+0000] {logging_mixin.py:190} INFO - [2025-02-06T15:50:35.009+0000] {dag.py:3239} INFO - Sync 1 DAGs
[2025-02-06T15:50:35.035+0000] {logging_mixin.py:190} INFO - [2025-02-06T15:50:35.034+0000] {dag.py:4180} INFO - Setting next_dagrun for spark_job_dag to 2025-02-05 00:00:00+00:00, run_after=2025-02-06 00:00:00+00:00
[2025-02-06T15:50:35.074+0000] {processor.py:208} INFO - Processing /opt/airflow/dags/spark_dag.py took 0.122 seconds
