[2025-02-06T00:03:30.159+0000] {processor.py:186} INFO - Started process (PID=1574) to work on /opt/airflow/dags/weather_etl_postgres.py
[2025-02-06T00:03:30.220+0000] {processor.py:914} INFO - Processing file /opt/airflow/dags/weather_etl_postgres.py for tasks to queue
[2025-02-06T00:03:30.370+0000] {logging_mixin.py:190} INFO - [2025-02-06T00:03:30.340+0000] {dagbag.py:588} INFO - Filling up the DagBag from /opt/airflow/dags/weather_etl_postgres.py
[2025-02-06T00:03:54.416+0000] {processor.py:925} INFO - DAG(s) 'Temp_elt_postgres' retrieved from /opt/airflow/dags/weather_etl_postgres.py
[2025-02-06T00:03:55.056+0000] {logging_mixin.py:190} INFO - [2025-02-06T00:03:55.053+0000] {dag.py:3239} INFO - Sync 1 DAGs
[2025-02-06T00:03:55.164+0000] {logging_mixin.py:190} INFO - [2025-02-06T00:03:55.163+0000] {dag.py:4180} INFO - Setting next_dagrun for Temp_elt_postgres to 2025-02-05 00:00:00+00:00, run_after=2025-02-06 00:00:00+00:00
[2025-02-06T00:03:55.569+0000] {processor.py:208} INFO - Processing /opt/airflow/dags/weather_etl_postgres.py took 25.958 seconds
[2025-02-06T01:46:11.055+0000] {processor.py:186} INFO - Started process (PID=1794) to work on /opt/airflow/dags/weather_etl_postgres.py
[2025-02-06T01:46:11.061+0000] {processor.py:914} INFO - Processing file /opt/airflow/dags/weather_etl_postgres.py for tasks to queue
[2025-02-06T01:46:11.069+0000] {logging_mixin.py:190} INFO - [2025-02-06T01:46:11.067+0000] {dagbag.py:588} INFO - Filling up the DagBag from /opt/airflow/dags/weather_etl_postgres.py
[2025-02-06T01:46:13.732+0000] {processor.py:925} INFO - DAG(s) 'Temp_elt_postgres' retrieved from /opt/airflow/dags/weather_etl_postgres.py
[2025-02-06T01:46:13.769+0000] {logging_mixin.py:190} INFO - [2025-02-06T01:46:13.768+0000] {taskinstance.py:3313} ERROR - {'DAG Id': 'Temp_elt_postgres', 'Task Id': 'transform_weather_data', 'Run Id': 'scheduled__2025-02-05T00:00:00+00:00', 'Hostname': 'd6e98d5928d2'}
[2025-02-06T01:46:13.827+0000] {logging_mixin.py:190} INFO - [2025-02-06T01:46:13.826+0000] {taskinstance.py:1225} INFO - Marking task as UP_FOR_RETRY. dag_id=Temp_elt_postgres, task_id=transform_weather_data, run_id=scheduled__2025-02-05T00:00:00+00:00, execution_date=20250205T000000, start_date=20250206T000416, end_date=20250206T014613
[2025-02-06T01:46:13.934+0000] {logging_mixin.py:190} INFO - [2025-02-06T01:46:13.933+0000] {processor.py:876} INFO - Executed callback for <TaskInstance: Temp_elt_postgres.transform_weather_data scheduled__2025-02-05T00:00:00+00:00 [up_for_retry]> in state up_for_retry
[2025-02-06T01:46:14.007+0000] {logging_mixin.py:190} INFO - [2025-02-06T01:46:14.006+0000] {dag.py:3239} INFO - Sync 1 DAGs
[2025-02-06T01:46:14.061+0000] {logging_mixin.py:190} INFO - [2025-02-06T01:46:14.061+0000] {dag.py:4180} INFO - Setting next_dagrun for Temp_elt_postgres to 2025-02-06 00:00:00+00:00, run_after=2025-02-07 00:00:00+00:00
[2025-02-06T01:46:14.159+0000] {processor.py:208} INFO - Processing /opt/airflow/dags/weather_etl_postgres.py took 3.135 seconds
[2025-02-06T01:50:46.260+0000] {processor.py:186} INFO - Started process (PID=1799) to work on /opt/airflow/dags/weather_etl_postgres.py
[2025-02-06T01:50:46.262+0000] {processor.py:914} INFO - Processing file /opt/airflow/dags/weather_etl_postgres.py for tasks to queue
[2025-02-06T01:50:46.267+0000] {logging_mixin.py:190} INFO - [2025-02-06T01:50:46.266+0000] {dagbag.py:588} INFO - Filling up the DagBag from /opt/airflow/dags/weather_etl_postgres.py
[2025-02-06T01:50:47.180+0000] {processor.py:925} INFO - DAG(s) 'Temp_elt_postgres' retrieved from /opt/airflow/dags/weather_etl_postgres.py
[2025-02-06T01:50:47.201+0000] {logging_mixin.py:190} INFO - [2025-02-06T01:50:47.201+0000] {dag.py:3239} INFO - Sync 1 DAGs
[2025-02-06T01:50:47.217+0000] {logging_mixin.py:190} INFO - [2025-02-06T01:50:47.217+0000] {dag.py:4180} INFO - Setting next_dagrun for Temp_elt_postgres to 2025-02-06 00:00:00+00:00, run_after=2025-02-07 00:00:00+00:00
[2025-02-06T01:50:47.258+0000] {processor.py:208} INFO - Processing /opt/airflow/dags/weather_etl_postgres.py took 1.010 seconds
[2025-02-06T01:51:21.547+0000] {processor.py:186} INFO - Started process (PID=1803) to work on /opt/airflow/dags/weather_etl_postgres.py
[2025-02-06T01:51:21.624+0000] {processor.py:914} INFO - Processing file /opt/airflow/dags/weather_etl_postgres.py for tasks to queue
[2025-02-06T01:51:21.720+0000] {logging_mixin.py:190} INFO - [2025-02-06T01:51:21.685+0000] {dagbag.py:588} INFO - Filling up the DagBag from /opt/airflow/dags/weather_etl_postgres.py
[2025-02-06T01:51:45.824+0000] {processor.py:925} INFO - DAG(s) 'Temp_elt_postgres' retrieved from /opt/airflow/dags/weather_etl_postgres.py
[2025-02-06T01:51:46.005+0000] {logging_mixin.py:190} INFO - [2025-02-06T01:51:46.000+0000] {dag.py:3239} INFO - Sync 1 DAGs
[2025-02-06T01:51:46.251+0000] {logging_mixin.py:190} INFO - [2025-02-06T01:51:46.250+0000] {dag.py:4180} INFO - Setting next_dagrun for Temp_elt_postgres to 2025-02-06 00:00:00+00:00, run_after=2025-02-07 00:00:00+00:00
[2025-02-06T01:51:46.432+0000] {processor.py:208} INFO - Processing /opt/airflow/dags/weather_etl_postgres.py took 25.958 seconds
[2025-02-06T12:14:56.854+0000] {processor.py:186} INFO - Started process (PID=56) to work on /opt/airflow/dags/weather_etl_postgres.py
[2025-02-06T12:14:56.857+0000] {processor.py:914} INFO - Processing file /opt/airflow/dags/weather_etl_postgres.py for tasks to queue
[2025-02-06T12:14:56.866+0000] {logging_mixin.py:190} INFO - [2025-02-06T12:14:56.864+0000] {dagbag.py:588} INFO - Filling up the DagBag from /opt/airflow/dags/weather_etl_postgres.py
[2025-02-06T12:14:58.772+0000] {processor.py:925} INFO - DAG(s) 'Temp_elt_postgres' retrieved from /opt/airflow/dags/weather_etl_postgres.py
[2025-02-06T12:14:58.848+0000] {logging_mixin.py:190} INFO - [2025-02-06T12:14:58.847+0000] {dag.py:3239} INFO - Sync 1 DAGs
[2025-02-06T12:14:58.883+0000] {logging_mixin.py:190} INFO - [2025-02-06T12:14:58.883+0000] {dag.py:4180} INFO - Setting next_dagrun for Temp_elt_postgres to 2025-02-06 00:00:00+00:00, run_after=2025-02-07 00:00:00+00:00
[2025-02-06T12:14:58.935+0000] {processor.py:208} INFO - Processing /opt/airflow/dags/weather_etl_postgres.py took 2.098 seconds
[2025-02-06T12:16:27.462+0000] {processor.py:186} INFO - Started process (PID=418) to work on /opt/airflow/dags/weather_etl_postgres.py
[2025-02-06T12:16:27.464+0000] {processor.py:914} INFO - Processing file /opt/airflow/dags/weather_etl_postgres.py for tasks to queue
[2025-02-06T12:16:27.465+0000] {logging_mixin.py:190} INFO - [2025-02-06T12:16:27.465+0000] {dagbag.py:588} INFO - Filling up the DagBag from /opt/airflow/dags/weather_etl_postgres.py
[2025-02-06T12:16:28.461+0000] {processor.py:925} INFO - DAG(s) 'Temp_elt_postgres' retrieved from /opt/airflow/dags/weather_etl_postgres.py
[2025-02-06T12:16:28.485+0000] {logging_mixin.py:190} INFO - [2025-02-06T12:16:28.485+0000] {dag.py:3239} INFO - Sync 1 DAGs
[2025-02-06T12:16:28.506+0000] {logging_mixin.py:190} INFO - [2025-02-06T12:16:28.505+0000] {dag.py:4180} INFO - Setting next_dagrun for Temp_elt_postgres to 2025-02-06 00:00:00+00:00, run_after=2025-02-07 00:00:00+00:00
[2025-02-06T12:16:28.541+0000] {processor.py:208} INFO - Processing /opt/airflow/dags/weather_etl_postgres.py took 1.086 seconds
[2025-02-06T12:16:58.614+0000] {processor.py:186} INFO - Started process (PID=446) to work on /opt/airflow/dags/weather_etl_postgres.py
[2025-02-06T12:16:58.615+0000] {processor.py:914} INFO - Processing file /opt/airflow/dags/weather_etl_postgres.py for tasks to queue
[2025-02-06T12:16:58.617+0000] {logging_mixin.py:190} INFO - [2025-02-06T12:16:58.616+0000] {dagbag.py:588} INFO - Filling up the DagBag from /opt/airflow/dags/weather_etl_postgres.py
[2025-02-06T12:16:59.234+0000] {processor.py:925} INFO - DAG(s) 'Temp_elt_postgres' retrieved from /opt/airflow/dags/weather_etl_postgres.py
[2025-02-06T12:16:59.259+0000] {logging_mixin.py:190} INFO - [2025-02-06T12:16:59.259+0000] {dag.py:3239} INFO - Sync 1 DAGs
[2025-02-06T12:16:59.278+0000] {logging_mixin.py:190} INFO - [2025-02-06T12:16:59.278+0000] {dag.py:4180} INFO - Setting next_dagrun for Temp_elt_postgres to 2025-02-06 00:00:00+00:00, run_after=2025-02-07 00:00:00+00:00
[2025-02-06T12:16:59.312+0000] {processor.py:208} INFO - Processing /opt/airflow/dags/weather_etl_postgres.py took 0.704 seconds
[2025-02-06T12:17:34.116+0000] {processor.py:186} INFO - Started process (PID=649) to work on /opt/airflow/dags/weather_etl_postgres.py
[2025-02-06T12:17:34.120+0000] {processor.py:914} INFO - Processing file /opt/airflow/dags/weather_etl_postgres.py for tasks to queue
[2025-02-06T12:17:34.123+0000] {logging_mixin.py:190} INFO - [2025-02-06T12:17:34.122+0000] {dagbag.py:588} INFO - Filling up the DagBag from /opt/airflow/dags/weather_etl_postgres.py
[2025-02-06T12:17:34.919+0000] {processor.py:925} INFO - DAG(s) 'Temp_elt_postgres' retrieved from /opt/airflow/dags/weather_etl_postgres.py
[2025-02-06T12:17:34.955+0000] {logging_mixin.py:190} INFO - [2025-02-06T12:17:34.954+0000] {dag.py:3239} INFO - Sync 1 DAGs
[2025-02-06T12:17:34.997+0000] {logging_mixin.py:190} INFO - [2025-02-06T12:17:34.997+0000] {dag.py:4180} INFO - Setting next_dagrun for Temp_elt_postgres to 2025-02-06 00:00:00+00:00, run_after=2025-02-07 00:00:00+00:00
[2025-02-06T12:17:35.069+0000] {processor.py:208} INFO - Processing /opt/airflow/dags/weather_etl_postgres.py took 0.962 seconds
[2025-02-06T12:18:06.032+0000] {processor.py:186} INFO - Started process (PID=665) to work on /opt/airflow/dags/weather_etl_postgres.py
[2025-02-06T12:18:06.033+0000] {processor.py:914} INFO - Processing file /opt/airflow/dags/weather_etl_postgres.py for tasks to queue
[2025-02-06T12:18:06.035+0000] {logging_mixin.py:190} INFO - [2025-02-06T12:18:06.034+0000] {dagbag.py:588} INFO - Filling up the DagBag from /opt/airflow/dags/weather_etl_postgres.py
[2025-02-06T12:18:06.824+0000] {processor.py:925} INFO - DAG(s) 'Temp_elt_postgres' retrieved from /opt/airflow/dags/weather_etl_postgres.py
[2025-02-06T12:18:06.854+0000] {logging_mixin.py:190} INFO - [2025-02-06T12:18:06.853+0000] {dag.py:3239} INFO - Sync 1 DAGs
[2025-02-06T12:18:06.874+0000] {logging_mixin.py:190} INFO - [2025-02-06T12:18:06.874+0000] {dag.py:4180} INFO - Setting next_dagrun for Temp_elt_postgres to 2025-02-06 00:00:00+00:00, run_after=2025-02-07 00:00:00+00:00
[2025-02-06T12:18:06.914+0000] {processor.py:208} INFO - Processing /opt/airflow/dags/weather_etl_postgres.py took 0.888 seconds
[2025-02-06T12:18:37.302+0000] {processor.py:186} INFO - Started process (PID=669) to work on /opt/airflow/dags/weather_etl_postgres.py
[2025-02-06T12:18:37.304+0000] {processor.py:914} INFO - Processing file /opt/airflow/dags/weather_etl_postgres.py for tasks to queue
[2025-02-06T12:18:37.306+0000] {logging_mixin.py:190} INFO - [2025-02-06T12:18:37.305+0000] {dagbag.py:588} INFO - Filling up the DagBag from /opt/airflow/dags/weather_etl_postgres.py
[2025-02-06T12:18:38.116+0000] {processor.py:925} INFO - DAG(s) 'Temp_elt_postgres' retrieved from /opt/airflow/dags/weather_etl_postgres.py
[2025-02-06T12:18:38.150+0000] {logging_mixin.py:190} INFO - [2025-02-06T12:18:38.149+0000] {dag.py:3239} INFO - Sync 1 DAGs
[2025-02-06T12:18:38.170+0000] {logging_mixin.py:190} INFO - [2025-02-06T12:18:38.170+0000] {dag.py:4180} INFO - Setting next_dagrun for Temp_elt_postgres to 2025-02-06 00:00:00+00:00, run_after=2025-02-07 00:00:00+00:00
[2025-02-06T12:18:38.205+0000] {processor.py:208} INFO - Processing /opt/airflow/dags/weather_etl_postgres.py took 0.912 seconds
[2025-02-06T12:19:04.102+0000] {processor.py:186} INFO - Started process (PID=673) to work on /opt/airflow/dags/weather_etl_postgres.py
[2025-02-06T12:19:04.104+0000] {processor.py:914} INFO - Processing file /opt/airflow/dags/weather_etl_postgres.py for tasks to queue
[2025-02-06T12:19:04.106+0000] {logging_mixin.py:190} INFO - [2025-02-06T12:19:04.106+0000] {dagbag.py:588} INFO - Filling up the DagBag from /opt/airflow/dags/weather_etl_postgres.py
[2025-02-06T12:19:04.871+0000] {processor.py:925} INFO - DAG(s) 'Temp_elt_postgres' retrieved from /opt/airflow/dags/weather_etl_postgres.py
[2025-02-06T12:19:05.005+0000] {logging_mixin.py:190} INFO - [2025-02-06T12:19:05.005+0000] {dag.py:3239} INFO - Sync 1 DAGs
[2025-02-06T12:19:05.023+0000] {logging_mixin.py:190} INFO - [2025-02-06T12:19:05.022+0000] {dag.py:4180} INFO - Setting next_dagrun for Temp_elt_postgres to 2025-02-06 00:00:00+00:00, run_after=2025-02-07 00:00:00+00:00
[2025-02-06T12:19:05.073+0000] {processor.py:208} INFO - Processing /opt/airflow/dags/weather_etl_postgres.py took 0.977 seconds
[2025-02-06T12:19:35.217+0000] {processor.py:186} INFO - Started process (PID=677) to work on /opt/airflow/dags/weather_etl_postgres.py
[2025-02-06T12:19:35.218+0000] {processor.py:914} INFO - Processing file /opt/airflow/dags/weather_etl_postgres.py for tasks to queue
[2025-02-06T12:19:35.220+0000] {logging_mixin.py:190} INFO - [2025-02-06T12:19:35.220+0000] {dagbag.py:588} INFO - Filling up the DagBag from /opt/airflow/dags/weather_etl_postgres.py
[2025-02-06T12:19:35.886+0000] {processor.py:925} INFO - DAG(s) 'Temp_elt_postgres' retrieved from /opt/airflow/dags/weather_etl_postgres.py
[2025-02-06T12:19:35.911+0000] {logging_mixin.py:190} INFO - [2025-02-06T12:19:35.910+0000] {dag.py:3239} INFO - Sync 1 DAGs
[2025-02-06T12:19:35.931+0000] {logging_mixin.py:190} INFO - [2025-02-06T12:19:35.931+0000] {dag.py:4180} INFO - Setting next_dagrun for Temp_elt_postgres to 2025-02-06 00:00:00+00:00, run_after=2025-02-07 00:00:00+00:00
[2025-02-06T12:19:35.967+0000] {processor.py:208} INFO - Processing /opt/airflow/dags/weather_etl_postgres.py took 0.756 seconds
[2025-02-06T12:20:06.151+0000] {processor.py:186} INFO - Started process (PID=681) to work on /opt/airflow/dags/weather_etl_postgres.py
[2025-02-06T12:20:06.152+0000] {processor.py:914} INFO - Processing file /opt/airflow/dags/weather_etl_postgres.py for tasks to queue
[2025-02-06T12:20:06.154+0000] {logging_mixin.py:190} INFO - [2025-02-06T12:20:06.154+0000] {dagbag.py:588} INFO - Filling up the DagBag from /opt/airflow/dags/weather_etl_postgres.py
[2025-02-06T12:20:06.769+0000] {processor.py:925} INFO - DAG(s) 'Temp_elt_postgres' retrieved from /opt/airflow/dags/weather_etl_postgres.py
[2025-02-06T12:20:06.788+0000] {logging_mixin.py:190} INFO - [2025-02-06T12:20:06.788+0000] {dag.py:3239} INFO - Sync 1 DAGs
[2025-02-06T12:20:06.808+0000] {logging_mixin.py:190} INFO - [2025-02-06T12:20:06.808+0000] {dag.py:4180} INFO - Setting next_dagrun for Temp_elt_postgres to 2025-02-06 00:00:00+00:00, run_after=2025-02-07 00:00:00+00:00
[2025-02-06T12:20:06.843+0000] {processor.py:208} INFO - Processing /opt/airflow/dags/weather_etl_postgres.py took 0.699 seconds
[2025-02-06T12:20:37.514+0000] {processor.py:186} INFO - Started process (PID=685) to work on /opt/airflow/dags/weather_etl_postgres.py
[2025-02-06T12:20:37.515+0000] {processor.py:914} INFO - Processing file /opt/airflow/dags/weather_etl_postgres.py for tasks to queue
[2025-02-06T12:20:37.517+0000] {logging_mixin.py:190} INFO - [2025-02-06T12:20:37.516+0000] {dagbag.py:588} INFO - Filling up the DagBag from /opt/airflow/dags/weather_etl_postgres.py
[2025-02-06T12:20:38.127+0000] {processor.py:925} INFO - DAG(s) 'Temp_elt_postgres' retrieved from /opt/airflow/dags/weather_etl_postgres.py
[2025-02-06T12:20:38.152+0000] {logging_mixin.py:190} INFO - [2025-02-06T12:20:38.151+0000] {dag.py:3239} INFO - Sync 1 DAGs
[2025-02-06T12:20:38.178+0000] {logging_mixin.py:190} INFO - [2025-02-06T12:20:38.177+0000] {dag.py:4180} INFO - Setting next_dagrun for Temp_elt_postgres to 2025-02-06 00:00:00+00:00, run_after=2025-02-07 00:00:00+00:00
[2025-02-06T12:20:38.213+0000] {processor.py:208} INFO - Processing /opt/airflow/dags/weather_etl_postgres.py took 0.705 seconds
[2025-02-06T12:21:08.690+0000] {processor.py:186} INFO - Started process (PID=689) to work on /opt/airflow/dags/weather_etl_postgres.py
[2025-02-06T12:21:08.691+0000] {processor.py:914} INFO - Processing file /opt/airflow/dags/weather_etl_postgres.py for tasks to queue
[2025-02-06T12:21:08.693+0000] {logging_mixin.py:190} INFO - [2025-02-06T12:21:08.692+0000] {dagbag.py:588} INFO - Filling up the DagBag from /opt/airflow/dags/weather_etl_postgres.py
[2025-02-06T12:21:09.589+0000] {processor.py:925} INFO - DAG(s) 'Temp_elt_postgres' retrieved from /opt/airflow/dags/weather_etl_postgres.py
[2025-02-06T12:21:09.620+0000] {logging_mixin.py:190} INFO - [2025-02-06T12:21:09.620+0000] {dag.py:3239} INFO - Sync 1 DAGs
[2025-02-06T12:21:09.653+0000] {logging_mixin.py:190} INFO - [2025-02-06T12:21:09.653+0000] {dag.py:4180} INFO - Setting next_dagrun for Temp_elt_postgres to 2025-02-06 00:00:00+00:00, run_after=2025-02-07 00:00:00+00:00
[2025-02-06T12:21:09.702+0000] {processor.py:208} INFO - Processing /opt/airflow/dags/weather_etl_postgres.py took 1.019 seconds
[2025-02-06T12:21:40.347+0000] {processor.py:186} INFO - Started process (PID=693) to work on /opt/airflow/dags/weather_etl_postgres.py
[2025-02-06T12:21:40.349+0000] {processor.py:914} INFO - Processing file /opt/airflow/dags/weather_etl_postgres.py for tasks to queue
[2025-02-06T12:21:40.351+0000] {logging_mixin.py:190} INFO - [2025-02-06T12:21:40.351+0000] {dagbag.py:588} INFO - Filling up the DagBag from /opt/airflow/dags/weather_etl_postgres.py
[2025-02-06T12:21:41.057+0000] {processor.py:925} INFO - DAG(s) 'Temp_elt_postgres' retrieved from /opt/airflow/dags/weather_etl_postgres.py
[2025-02-06T12:21:41.086+0000] {logging_mixin.py:190} INFO - [2025-02-06T12:21:41.086+0000] {dag.py:3239} INFO - Sync 1 DAGs
[2025-02-06T12:21:41.110+0000] {logging_mixin.py:190} INFO - [2025-02-06T12:21:41.110+0000] {dag.py:4180} INFO - Setting next_dagrun for Temp_elt_postgres to 2025-02-06 00:00:00+00:00, run_after=2025-02-07 00:00:00+00:00
[2025-02-06T12:21:41.152+0000] {processor.py:208} INFO - Processing /opt/airflow/dags/weather_etl_postgres.py took 0.811 seconds
[2025-02-06T12:22:12.069+0000] {processor.py:186} INFO - Started process (PID=709) to work on /opt/airflow/dags/weather_etl_postgres.py
[2025-02-06T12:22:12.071+0000] {processor.py:914} INFO - Processing file /opt/airflow/dags/weather_etl_postgres.py for tasks to queue
[2025-02-06T12:22:12.073+0000] {logging_mixin.py:190} INFO - [2025-02-06T12:22:12.073+0000] {dagbag.py:588} INFO - Filling up the DagBag from /opt/airflow/dags/weather_etl_postgres.py
[2025-02-06T12:22:12.768+0000] {processor.py:925} INFO - DAG(s) 'Temp_elt_postgres' retrieved from /opt/airflow/dags/weather_etl_postgres.py
[2025-02-06T12:22:12.793+0000] {logging_mixin.py:190} INFO - [2025-02-06T12:22:12.793+0000] {dag.py:3239} INFO - Sync 1 DAGs
[2025-02-06T12:22:12.812+0000] {logging_mixin.py:190} INFO - [2025-02-06T12:22:12.812+0000] {dag.py:4180} INFO - Setting next_dagrun for Temp_elt_postgres to 2025-02-06 00:00:00+00:00, run_after=2025-02-07 00:00:00+00:00
[2025-02-06T12:22:12.848+0000] {processor.py:208} INFO - Processing /opt/airflow/dags/weather_etl_postgres.py took 0.785 seconds
[2025-02-06T12:22:46.206+0000] {processor.py:186} INFO - Started process (PID=725) to work on /opt/airflow/dags/weather_etl_postgres.py
[2025-02-06T12:22:46.208+0000] {processor.py:914} INFO - Processing file /opt/airflow/dags/weather_etl_postgres.py for tasks to queue
[2025-02-06T12:22:46.210+0000] {logging_mixin.py:190} INFO - [2025-02-06T12:22:46.209+0000] {dagbag.py:588} INFO - Filling up the DagBag from /opt/airflow/dags/weather_etl_postgres.py
[2025-02-06T12:22:46.888+0000] {processor.py:925} INFO - DAG(s) 'Temp_elt_postgres' retrieved from /opt/airflow/dags/weather_etl_postgres.py
[2025-02-06T12:22:46.914+0000] {logging_mixin.py:190} INFO - [2025-02-06T12:22:46.914+0000] {dag.py:3239} INFO - Sync 1 DAGs
[2025-02-06T12:22:46.932+0000] {logging_mixin.py:190} INFO - [2025-02-06T12:22:46.932+0000] {dag.py:4180} INFO - Setting next_dagrun for Temp_elt_postgres to 2025-02-06 00:00:00+00:00, run_after=2025-02-07 00:00:00+00:00
[2025-02-06T12:22:46.967+0000] {processor.py:208} INFO - Processing /opt/airflow/dags/weather_etl_postgres.py took 0.768 seconds
[2025-02-06T12:23:17.747+0000] {processor.py:186} INFO - Started process (PID=729) to work on /opt/airflow/dags/weather_etl_postgres.py
[2025-02-06T12:23:17.749+0000] {processor.py:914} INFO - Processing file /opt/airflow/dags/weather_etl_postgres.py for tasks to queue
[2025-02-06T12:23:17.751+0000] {logging_mixin.py:190} INFO - [2025-02-06T12:23:17.750+0000] {dagbag.py:588} INFO - Filling up the DagBag from /opt/airflow/dags/weather_etl_postgres.py
[2025-02-06T12:23:18.356+0000] {processor.py:925} INFO - DAG(s) 'Temp_elt_postgres' retrieved from /opt/airflow/dags/weather_etl_postgres.py
[2025-02-06T12:23:18.378+0000] {logging_mixin.py:190} INFO - [2025-02-06T12:23:18.378+0000] {dag.py:3239} INFO - Sync 1 DAGs
[2025-02-06T12:23:18.408+0000] {logging_mixin.py:190} INFO - [2025-02-06T12:23:18.407+0000] {dag.py:4180} INFO - Setting next_dagrun for Temp_elt_postgres to 2025-02-06 00:00:00+00:00, run_after=2025-02-07 00:00:00+00:00
[2025-02-06T12:23:18.445+0000] {processor.py:208} INFO - Processing /opt/airflow/dags/weather_etl_postgres.py took 0.704 seconds
[2025-02-06T12:23:48.868+0000] {processor.py:186} INFO - Started process (PID=733) to work on /opt/airflow/dags/weather_etl_postgres.py
[2025-02-06T12:23:48.870+0000] {processor.py:914} INFO - Processing file /opt/airflow/dags/weather_etl_postgres.py for tasks to queue
[2025-02-06T12:23:48.872+0000] {logging_mixin.py:190} INFO - [2025-02-06T12:23:48.872+0000] {dagbag.py:588} INFO - Filling up the DagBag from /opt/airflow/dags/weather_etl_postgres.py
[2025-02-06T12:23:50.490+0000] {processor.py:925} INFO - DAG(s) 'Temp_elt_postgres' retrieved from /opt/airflow/dags/weather_etl_postgres.py
[2025-02-06T12:23:50.531+0000] {logging_mixin.py:190} INFO - [2025-02-06T12:23:50.530+0000] {dag.py:3239} INFO - Sync 1 DAGs
[2025-02-06T12:23:50.571+0000] {logging_mixin.py:190} INFO - [2025-02-06T12:23:50.571+0000] {dag.py:4180} INFO - Setting next_dagrun for Temp_elt_postgres to 2025-02-06 00:00:00+00:00, run_after=2025-02-07 00:00:00+00:00
[2025-02-06T12:23:50.727+0000] {processor.py:208} INFO - Processing /opt/airflow/dags/weather_etl_postgres.py took 1.868 seconds
[2025-02-06T12:24:21.005+0000] {processor.py:186} INFO - Started process (PID=737) to work on /opt/airflow/dags/weather_etl_postgres.py
[2025-02-06T12:24:21.006+0000] {processor.py:914} INFO - Processing file /opt/airflow/dags/weather_etl_postgres.py for tasks to queue
[2025-02-06T12:24:21.010+0000] {logging_mixin.py:190} INFO - [2025-02-06T12:24:21.008+0000] {dagbag.py:588} INFO - Filling up the DagBag from /opt/airflow/dags/weather_etl_postgres.py
[2025-02-06T12:24:22.315+0000] {processor.py:925} INFO - DAG(s) 'Temp_elt_postgres' retrieved from /opt/airflow/dags/weather_etl_postgres.py
[2025-02-06T12:24:22.375+0000] {logging_mixin.py:190} INFO - [2025-02-06T12:24:22.375+0000] {dag.py:3239} INFO - Sync 1 DAGs
[2025-02-06T12:24:22.408+0000] {logging_mixin.py:190} INFO - [2025-02-06T12:24:22.407+0000] {dag.py:4180} INFO - Setting next_dagrun for Temp_elt_postgres to 2025-02-06 00:00:00+00:00, run_after=2025-02-07 00:00:00+00:00
[2025-02-06T12:24:22.462+0000] {processor.py:208} INFO - Processing /opt/airflow/dags/weather_etl_postgres.py took 1.465 seconds
[2025-02-06T12:24:52.714+0000] {processor.py:186} INFO - Started process (PID=741) to work on /opt/airflow/dags/weather_etl_postgres.py
[2025-02-06T12:24:52.716+0000] {processor.py:914} INFO - Processing file /opt/airflow/dags/weather_etl_postgres.py for tasks to queue
[2025-02-06T12:24:52.718+0000] {logging_mixin.py:190} INFO - [2025-02-06T12:24:52.717+0000] {dagbag.py:588} INFO - Filling up the DagBag from /opt/airflow/dags/weather_etl_postgres.py
[2025-02-06T12:24:53.621+0000] {processor.py:925} INFO - DAG(s) 'Temp_elt_postgres' retrieved from /opt/airflow/dags/weather_etl_postgres.py
[2025-02-06T12:24:53.649+0000] {logging_mixin.py:190} INFO - [2025-02-06T12:24:53.649+0000] {dag.py:3239} INFO - Sync 1 DAGs
[2025-02-06T12:24:53.672+0000] {logging_mixin.py:190} INFO - [2025-02-06T12:24:53.672+0000] {dag.py:4180} INFO - Setting next_dagrun for Temp_elt_postgres to 2025-02-06 00:00:00+00:00, run_after=2025-02-07 00:00:00+00:00
[2025-02-06T12:24:53.719+0000] {processor.py:208} INFO - Processing /opt/airflow/dags/weather_etl_postgres.py took 1.015 seconds
[2025-02-06T12:25:24.090+0000] {processor.py:186} INFO - Started process (PID=745) to work on /opt/airflow/dags/weather_etl_postgres.py
[2025-02-06T12:25:24.092+0000] {processor.py:914} INFO - Processing file /opt/airflow/dags/weather_etl_postgres.py for tasks to queue
[2025-02-06T12:25:24.095+0000] {logging_mixin.py:190} INFO - [2025-02-06T12:25:24.094+0000] {dagbag.py:588} INFO - Filling up the DagBag from /opt/airflow/dags/weather_etl_postgres.py
[2025-02-06T12:25:25.262+0000] {processor.py:925} INFO - DAG(s) 'Temp_elt_postgres' retrieved from /opt/airflow/dags/weather_etl_postgres.py
[2025-02-06T12:25:25.300+0000] {logging_mixin.py:190} INFO - [2025-02-06T12:25:25.300+0000] {dag.py:3239} INFO - Sync 1 DAGs
[2025-02-06T12:25:25.325+0000] {logging_mixin.py:190} INFO - [2025-02-06T12:25:25.324+0000] {dag.py:4180} INFO - Setting next_dagrun for Temp_elt_postgres to 2025-02-06 00:00:00+00:00, run_after=2025-02-07 00:00:00+00:00
[2025-02-06T12:25:25.372+0000] {processor.py:208} INFO - Processing /opt/airflow/dags/weather_etl_postgres.py took 1.295 seconds
[2025-02-06T12:25:55.583+0000] {processor.py:186} INFO - Started process (PID=749) to work on /opt/airflow/dags/weather_etl_postgres.py
[2025-02-06T12:25:55.585+0000] {processor.py:914} INFO - Processing file /opt/airflow/dags/weather_etl_postgres.py for tasks to queue
[2025-02-06T12:25:55.587+0000] {logging_mixin.py:190} INFO - [2025-02-06T12:25:55.586+0000] {dagbag.py:588} INFO - Filling up the DagBag from /opt/airflow/dags/weather_etl_postgres.py
[2025-02-06T12:25:56.118+0000] {processor.py:925} INFO - DAG(s) 'Temp_elt_postgres' retrieved from /opt/airflow/dags/weather_etl_postgres.py
[2025-02-06T12:25:56.148+0000] {logging_mixin.py:190} INFO - [2025-02-06T12:25:56.148+0000] {dag.py:3239} INFO - Sync 1 DAGs
[2025-02-06T12:25:56.172+0000] {logging_mixin.py:190} INFO - [2025-02-06T12:25:56.172+0000] {dag.py:4180} INFO - Setting next_dagrun for Temp_elt_postgres to 2025-02-06 00:00:00+00:00, run_after=2025-02-07 00:00:00+00:00
[2025-02-06T12:25:56.211+0000] {processor.py:208} INFO - Processing /opt/airflow/dags/weather_etl_postgres.py took 0.635 seconds
[2025-02-06T12:26:26.380+0000] {processor.py:186} INFO - Started process (PID=753) to work on /opt/airflow/dags/weather_etl_postgres.py
[2025-02-06T12:26:26.382+0000] {processor.py:914} INFO - Processing file /opt/airflow/dags/weather_etl_postgres.py for tasks to queue
[2025-02-06T12:26:26.384+0000] {logging_mixin.py:190} INFO - [2025-02-06T12:26:26.383+0000] {dagbag.py:588} INFO - Filling up the DagBag from /opt/airflow/dags/weather_etl_postgres.py
[2025-02-06T12:26:26.845+0000] {processor.py:925} INFO - DAG(s) 'Temp_elt_postgres' retrieved from /opt/airflow/dags/weather_etl_postgres.py
[2025-02-06T12:26:26.872+0000] {logging_mixin.py:190} INFO - [2025-02-06T12:26:26.872+0000] {dag.py:3239} INFO - Sync 1 DAGs
[2025-02-06T12:26:26.892+0000] {logging_mixin.py:190} INFO - [2025-02-06T12:26:26.892+0000] {dag.py:4180} INFO - Setting next_dagrun for Temp_elt_postgres to 2025-02-06 00:00:00+00:00, run_after=2025-02-07 00:00:00+00:00
[2025-02-06T12:26:26.929+0000] {processor.py:208} INFO - Processing /opt/airflow/dags/weather_etl_postgres.py took 0.559 seconds
[2025-02-06T12:26:57.149+0000] {processor.py:186} INFO - Started process (PID=757) to work on /opt/airflow/dags/weather_etl_postgres.py
[2025-02-06T12:26:57.150+0000] {processor.py:914} INFO - Processing file /opt/airflow/dags/weather_etl_postgres.py for tasks to queue
[2025-02-06T12:26:57.152+0000] {logging_mixin.py:190} INFO - [2025-02-06T12:26:57.152+0000] {dagbag.py:588} INFO - Filling up the DagBag from /opt/airflow/dags/weather_etl_postgres.py
[2025-02-06T12:26:57.772+0000] {processor.py:925} INFO - DAG(s) 'Temp_elt_postgres' retrieved from /opt/airflow/dags/weather_etl_postgres.py
[2025-02-06T12:26:57.801+0000] {logging_mixin.py:190} INFO - [2025-02-06T12:26:57.801+0000] {dag.py:3239} INFO - Sync 1 DAGs
[2025-02-06T12:26:57.829+0000] {logging_mixin.py:190} INFO - [2025-02-06T12:26:57.829+0000] {dag.py:4180} INFO - Setting next_dagrun for Temp_elt_postgres to 2025-02-06 00:00:00+00:00, run_after=2025-02-07 00:00:00+00:00
[2025-02-06T12:26:57.881+0000] {processor.py:208} INFO - Processing /opt/airflow/dags/weather_etl_postgres.py took 0.739 seconds
[2025-02-06T12:27:28.046+0000] {processor.py:186} INFO - Started process (PID=761) to work on /opt/airflow/dags/weather_etl_postgres.py
[2025-02-06T12:27:28.047+0000] {processor.py:914} INFO - Processing file /opt/airflow/dags/weather_etl_postgres.py for tasks to queue
[2025-02-06T12:27:28.049+0000] {logging_mixin.py:190} INFO - [2025-02-06T12:27:28.048+0000] {dagbag.py:588} INFO - Filling up the DagBag from /opt/airflow/dags/weather_etl_postgres.py
[2025-02-06T12:27:28.490+0000] {processor.py:925} INFO - DAG(s) 'Temp_elt_postgres' retrieved from /opt/airflow/dags/weather_etl_postgres.py
[2025-02-06T12:27:28.518+0000] {logging_mixin.py:190} INFO - [2025-02-06T12:27:28.518+0000] {dag.py:3239} INFO - Sync 1 DAGs
[2025-02-06T12:27:28.541+0000] {logging_mixin.py:190} INFO - [2025-02-06T12:27:28.541+0000] {dag.py:4180} INFO - Setting next_dagrun for Temp_elt_postgres to 2025-02-06 00:00:00+00:00, run_after=2025-02-07 00:00:00+00:00
[2025-02-06T12:27:28.647+0000] {processor.py:208} INFO - Processing /opt/airflow/dags/weather_etl_postgres.py took 0.607 seconds
[2025-02-06T12:27:58.874+0000] {processor.py:186} INFO - Started process (PID=765) to work on /opt/airflow/dags/weather_etl_postgres.py
[2025-02-06T12:27:58.876+0000] {processor.py:914} INFO - Processing file /opt/airflow/dags/weather_etl_postgres.py for tasks to queue
[2025-02-06T12:27:58.877+0000] {logging_mixin.py:190} INFO - [2025-02-06T12:27:58.877+0000] {dagbag.py:588} INFO - Filling up the DagBag from /opt/airflow/dags/weather_etl_postgres.py
[2025-02-06T12:27:59.441+0000] {processor.py:925} INFO - DAG(s) 'Temp_elt_postgres' retrieved from /opt/airflow/dags/weather_etl_postgres.py
[2025-02-06T12:27:59.470+0000] {logging_mixin.py:190} INFO - [2025-02-06T12:27:59.470+0000] {dag.py:3239} INFO - Sync 1 DAGs
[2025-02-06T12:27:59.494+0000] {logging_mixin.py:190} INFO - [2025-02-06T12:27:59.494+0000] {dag.py:4180} INFO - Setting next_dagrun for Temp_elt_postgres to 2025-02-06 00:00:00+00:00, run_after=2025-02-07 00:00:00+00:00
[2025-02-06T12:27:59.542+0000] {processor.py:208} INFO - Processing /opt/airflow/dags/weather_etl_postgres.py took 0.674 seconds
[2025-02-06T12:28:29.776+0000] {processor.py:186} INFO - Started process (PID=769) to work on /opt/airflow/dags/weather_etl_postgres.py
[2025-02-06T12:28:29.777+0000] {processor.py:914} INFO - Processing file /opt/airflow/dags/weather_etl_postgres.py for tasks to queue
[2025-02-06T12:28:29.779+0000] {logging_mixin.py:190} INFO - [2025-02-06T12:28:29.778+0000] {dagbag.py:588} INFO - Filling up the DagBag from /opt/airflow/dags/weather_etl_postgres.py
[2025-02-06T12:28:30.394+0000] {processor.py:925} INFO - DAG(s) 'Temp_elt_postgres' retrieved from /opt/airflow/dags/weather_etl_postgres.py
[2025-02-06T12:28:30.421+0000] {logging_mixin.py:190} INFO - [2025-02-06T12:28:30.421+0000] {dag.py:3239} INFO - Sync 1 DAGs
[2025-02-06T12:28:30.444+0000] {logging_mixin.py:190} INFO - [2025-02-06T12:28:30.444+0000] {dag.py:4180} INFO - Setting next_dagrun for Temp_elt_postgres to 2025-02-06 00:00:00+00:00, run_after=2025-02-07 00:00:00+00:00
[2025-02-06T12:28:30.479+0000] {processor.py:208} INFO - Processing /opt/airflow/dags/weather_etl_postgres.py took 0.710 seconds
[2025-02-06T12:29:00.747+0000] {processor.py:186} INFO - Started process (PID=773) to work on /opt/airflow/dags/weather_etl_postgres.py
[2025-02-06T12:29:00.748+0000] {processor.py:914} INFO - Processing file /opt/airflow/dags/weather_etl_postgres.py for tasks to queue
[2025-02-06T12:29:00.750+0000] {logging_mixin.py:190} INFO - [2025-02-06T12:29:00.750+0000] {dagbag.py:588} INFO - Filling up the DagBag from /opt/airflow/dags/weather_etl_postgres.py
[2025-02-06T12:29:01.371+0000] {processor.py:925} INFO - DAG(s) 'Temp_elt_postgres' retrieved from /opt/airflow/dags/weather_etl_postgres.py
[2025-02-06T12:29:01.403+0000] {logging_mixin.py:190} INFO - [2025-02-06T12:29:01.403+0000] {dag.py:3239} INFO - Sync 1 DAGs
[2025-02-06T12:29:01.425+0000] {logging_mixin.py:190} INFO - [2025-02-06T12:29:01.425+0000] {dag.py:4180} INFO - Setting next_dagrun for Temp_elt_postgres to 2025-02-06 00:00:00+00:00, run_after=2025-02-07 00:00:00+00:00
[2025-02-06T12:29:01.465+0000] {processor.py:208} INFO - Processing /opt/airflow/dags/weather_etl_postgres.py took 0.726 seconds
[2025-02-06T12:29:31.626+0000] {processor.py:186} INFO - Started process (PID=777) to work on /opt/airflow/dags/weather_etl_postgres.py
[2025-02-06T12:29:31.627+0000] {processor.py:914} INFO - Processing file /opt/airflow/dags/weather_etl_postgres.py for tasks to queue
[2025-02-06T12:29:31.629+0000] {logging_mixin.py:190} INFO - [2025-02-06T12:29:31.628+0000] {dagbag.py:588} INFO - Filling up the DagBag from /opt/airflow/dags/weather_etl_postgres.py
[2025-02-06T12:29:32.052+0000] {processor.py:925} INFO - DAG(s) 'Temp_elt_postgres' retrieved from /opt/airflow/dags/weather_etl_postgres.py
[2025-02-06T12:29:32.081+0000] {logging_mixin.py:190} INFO - [2025-02-06T12:29:32.081+0000] {dag.py:3239} INFO - Sync 1 DAGs
[2025-02-06T12:29:32.103+0000] {logging_mixin.py:190} INFO - [2025-02-06T12:29:32.103+0000] {dag.py:4180} INFO - Setting next_dagrun for Temp_elt_postgres to 2025-02-06 00:00:00+00:00, run_after=2025-02-07 00:00:00+00:00
[2025-02-06T12:29:32.142+0000] {processor.py:208} INFO - Processing /opt/airflow/dags/weather_etl_postgres.py took 0.522 seconds
[2025-02-06T12:30:02.410+0000] {processor.py:186} INFO - Started process (PID=781) to work on /opt/airflow/dags/weather_etl_postgres.py
[2025-02-06T12:30:02.411+0000] {processor.py:914} INFO - Processing file /opt/airflow/dags/weather_etl_postgres.py for tasks to queue
[2025-02-06T12:30:02.413+0000] {logging_mixin.py:190} INFO - [2025-02-06T12:30:02.412+0000] {dagbag.py:588} INFO - Filling up the DagBag from /opt/airflow/dags/weather_etl_postgres.py
[2025-02-06T12:30:02.958+0000] {processor.py:925} INFO - DAG(s) 'Temp_elt_postgres' retrieved from /opt/airflow/dags/weather_etl_postgres.py
[2025-02-06T12:30:02.986+0000] {logging_mixin.py:190} INFO - [2025-02-06T12:30:02.986+0000] {dag.py:3239} INFO - Sync 1 DAGs
[2025-02-06T12:30:03.009+0000] {logging_mixin.py:190} INFO - [2025-02-06T12:30:03.009+0000] {dag.py:4180} INFO - Setting next_dagrun for Temp_elt_postgres to 2025-02-06 00:00:00+00:00, run_after=2025-02-07 00:00:00+00:00
[2025-02-06T12:30:03.047+0000] {processor.py:208} INFO - Processing /opt/airflow/dags/weather_etl_postgres.py took 0.645 seconds
[2025-02-06T12:30:33.309+0000] {processor.py:186} INFO - Started process (PID=785) to work on /opt/airflow/dags/weather_etl_postgres.py
[2025-02-06T12:30:33.310+0000] {processor.py:914} INFO - Processing file /opt/airflow/dags/weather_etl_postgres.py for tasks to queue
[2025-02-06T12:30:33.311+0000] {logging_mixin.py:190} INFO - [2025-02-06T12:30:33.311+0000] {dagbag.py:588} INFO - Filling up the DagBag from /opt/airflow/dags/weather_etl_postgres.py
[2025-02-06T12:30:33.735+0000] {processor.py:925} INFO - DAG(s) 'Temp_elt_postgres' retrieved from /opt/airflow/dags/weather_etl_postgres.py
[2025-02-06T12:30:33.763+0000] {logging_mixin.py:190} INFO - [2025-02-06T12:30:33.763+0000] {dag.py:3239} INFO - Sync 1 DAGs
[2025-02-06T12:30:33.784+0000] {logging_mixin.py:190} INFO - [2025-02-06T12:30:33.784+0000] {dag.py:4180} INFO - Setting next_dagrun for Temp_elt_postgres to 2025-02-06 00:00:00+00:00, run_after=2025-02-07 00:00:00+00:00
[2025-02-06T12:30:33.819+0000] {processor.py:208} INFO - Processing /opt/airflow/dags/weather_etl_postgres.py took 0.517 seconds
[2025-02-06T12:31:03.990+0000] {processor.py:186} INFO - Started process (PID=789) to work on /opt/airflow/dags/weather_etl_postgres.py
[2025-02-06T12:31:03.992+0000] {processor.py:914} INFO - Processing file /opt/airflow/dags/weather_etl_postgres.py for tasks to queue
[2025-02-06T12:31:03.993+0000] {logging_mixin.py:190} INFO - [2025-02-06T12:31:03.993+0000] {dagbag.py:588} INFO - Filling up the DagBag from /opt/airflow/dags/weather_etl_postgres.py
[2025-02-06T12:31:04.485+0000] {processor.py:925} INFO - DAG(s) 'Temp_elt_postgres' retrieved from /opt/airflow/dags/weather_etl_postgres.py
[2025-02-06T12:31:04.513+0000] {logging_mixin.py:190} INFO - [2025-02-06T12:31:04.513+0000] {dag.py:3239} INFO - Sync 1 DAGs
[2025-02-06T12:31:04.539+0000] {logging_mixin.py:190} INFO - [2025-02-06T12:31:04.538+0000] {dag.py:4180} INFO - Setting next_dagrun for Temp_elt_postgres to 2025-02-06 00:00:00+00:00, run_after=2025-02-07 00:00:00+00:00
[2025-02-06T12:31:04.580+0000] {processor.py:208} INFO - Processing /opt/airflow/dags/weather_etl_postgres.py took 0.596 seconds
[2025-02-06T12:31:34.728+0000] {processor.py:186} INFO - Started process (PID=793) to work on /opt/airflow/dags/weather_etl_postgres.py
[2025-02-06T12:31:34.730+0000] {processor.py:914} INFO - Processing file /opt/airflow/dags/weather_etl_postgres.py for tasks to queue
[2025-02-06T12:31:34.734+0000] {logging_mixin.py:190} INFO - [2025-02-06T12:31:34.733+0000] {dagbag.py:588} INFO - Filling up the DagBag from /opt/airflow/dags/weather_etl_postgres.py
[2025-02-06T12:31:35.189+0000] {processor.py:925} INFO - DAG(s) 'Temp_elt_postgres' retrieved from /opt/airflow/dags/weather_etl_postgres.py
[2025-02-06T12:31:35.217+0000] {logging_mixin.py:190} INFO - [2025-02-06T12:31:35.216+0000] {dag.py:3239} INFO - Sync 1 DAGs
[2025-02-06T12:31:35.239+0000] {logging_mixin.py:190} INFO - [2025-02-06T12:31:35.239+0000] {dag.py:4180} INFO - Setting next_dagrun for Temp_elt_postgres to 2025-02-06 00:00:00+00:00, run_after=2025-02-07 00:00:00+00:00
[2025-02-06T12:31:35.279+0000] {processor.py:208} INFO - Processing /opt/airflow/dags/weather_etl_postgres.py took 0.557 seconds
[2025-02-06T12:32:05.486+0000] {processor.py:186} INFO - Started process (PID=797) to work on /opt/airflow/dags/weather_etl_postgres.py
[2025-02-06T12:32:05.487+0000] {processor.py:914} INFO - Processing file /opt/airflow/dags/weather_etl_postgres.py for tasks to queue
[2025-02-06T12:32:05.488+0000] {logging_mixin.py:190} INFO - [2025-02-06T12:32:05.488+0000] {dagbag.py:588} INFO - Filling up the DagBag from /opt/airflow/dags/weather_etl_postgres.py
[2025-02-06T12:32:06.075+0000] {processor.py:925} INFO - DAG(s) 'Temp_elt_postgres' retrieved from /opt/airflow/dags/weather_etl_postgres.py
[2025-02-06T12:32:06.120+0000] {logging_mixin.py:190} INFO - [2025-02-06T12:32:06.120+0000] {dag.py:3239} INFO - Sync 1 DAGs
[2025-02-06T12:32:06.161+0000] {logging_mixin.py:190} INFO - [2025-02-06T12:32:06.161+0000] {dag.py:4180} INFO - Setting next_dagrun for Temp_elt_postgres to 2025-02-06 00:00:00+00:00, run_after=2025-02-07 00:00:00+00:00
[2025-02-06T12:32:06.225+0000] {processor.py:208} INFO - Processing /opt/airflow/dags/weather_etl_postgres.py took 0.747 seconds
[2025-02-06T12:32:36.475+0000] {processor.py:186} INFO - Started process (PID=801) to work on /opt/airflow/dags/weather_etl_postgres.py
[2025-02-06T12:32:36.476+0000] {processor.py:914} INFO - Processing file /opt/airflow/dags/weather_etl_postgres.py for tasks to queue
[2025-02-06T12:32:36.479+0000] {logging_mixin.py:190} INFO - [2025-02-06T12:32:36.478+0000] {dagbag.py:588} INFO - Filling up the DagBag from /opt/airflow/dags/weather_etl_postgres.py
[2025-02-06T12:32:37.082+0000] {processor.py:925} INFO - DAG(s) 'Temp_elt_postgres' retrieved from /opt/airflow/dags/weather_etl_postgres.py
[2025-02-06T12:32:37.111+0000] {logging_mixin.py:190} INFO - [2025-02-06T12:32:37.111+0000] {dag.py:3239} INFO - Sync 1 DAGs
[2025-02-06T12:32:37.137+0000] {logging_mixin.py:190} INFO - [2025-02-06T12:32:37.137+0000] {dag.py:4180} INFO - Setting next_dagrun for Temp_elt_postgres to 2025-02-06 00:00:00+00:00, run_after=2025-02-07 00:00:00+00:00
[2025-02-06T12:32:37.178+0000] {processor.py:208} INFO - Processing /opt/airflow/dags/weather_etl_postgres.py took 0.711 seconds
[2025-02-06T12:33:07.293+0000] {processor.py:186} INFO - Started process (PID=805) to work on /opt/airflow/dags/weather_etl_postgres.py
[2025-02-06T12:33:07.294+0000] {processor.py:914} INFO - Processing file /opt/airflow/dags/weather_etl_postgres.py for tasks to queue
[2025-02-06T12:33:07.296+0000] {logging_mixin.py:190} INFO - [2025-02-06T12:33:07.295+0000] {dagbag.py:588} INFO - Filling up the DagBag from /opt/airflow/dags/weather_etl_postgres.py
[2025-02-06T12:33:07.901+0000] {processor.py:925} INFO - DAG(s) 'Temp_elt_postgres' retrieved from /opt/airflow/dags/weather_etl_postgres.py
[2025-02-06T12:33:07.934+0000] {logging_mixin.py:190} INFO - [2025-02-06T12:33:07.933+0000] {dag.py:3239} INFO - Sync 1 DAGs
[2025-02-06T12:33:07.963+0000] {logging_mixin.py:190} INFO - [2025-02-06T12:33:07.963+0000] {dag.py:4180} INFO - Setting next_dagrun for Temp_elt_postgres to 2025-02-06 00:00:00+00:00, run_after=2025-02-07 00:00:00+00:00
[2025-02-06T12:33:08.011+0000] {processor.py:208} INFO - Processing /opt/airflow/dags/weather_etl_postgres.py took 0.725 seconds
[2025-02-06T12:33:38.200+0000] {processor.py:186} INFO - Started process (PID=809) to work on /opt/airflow/dags/weather_etl_postgres.py
[2025-02-06T12:33:38.202+0000] {processor.py:914} INFO - Processing file /opt/airflow/dags/weather_etl_postgres.py for tasks to queue
[2025-02-06T12:33:38.204+0000] {logging_mixin.py:190} INFO - [2025-02-06T12:33:38.203+0000] {dagbag.py:588} INFO - Filling up the DagBag from /opt/airflow/dags/weather_etl_postgres.py
[2025-02-06T12:33:38.654+0000] {processor.py:925} INFO - DAG(s) 'Temp_elt_postgres' retrieved from /opt/airflow/dags/weather_etl_postgres.py
[2025-02-06T12:33:38.683+0000] {logging_mixin.py:190} INFO - [2025-02-06T12:33:38.683+0000] {dag.py:3239} INFO - Sync 1 DAGs
[2025-02-06T12:33:38.707+0000] {logging_mixin.py:190} INFO - [2025-02-06T12:33:38.707+0000] {dag.py:4180} INFO - Setting next_dagrun for Temp_elt_postgres to 2025-02-06 00:00:00+00:00, run_after=2025-02-07 00:00:00+00:00
[2025-02-06T12:33:38.744+0000] {processor.py:208} INFO - Processing /opt/airflow/dags/weather_etl_postgres.py took 0.551 seconds
[2025-02-06T12:34:09.001+0000] {processor.py:186} INFO - Started process (PID=813) to work on /opt/airflow/dags/weather_etl_postgres.py
[2025-02-06T12:34:09.002+0000] {processor.py:914} INFO - Processing file /opt/airflow/dags/weather_etl_postgres.py for tasks to queue
[2025-02-06T12:34:09.004+0000] {logging_mixin.py:190} INFO - [2025-02-06T12:34:09.003+0000] {dagbag.py:588} INFO - Filling up the DagBag from /opt/airflow/dags/weather_etl_postgres.py
[2025-02-06T12:34:09.649+0000] {processor.py:925} INFO - DAG(s) 'Temp_elt_postgres' retrieved from /opt/airflow/dags/weather_etl_postgres.py
[2025-02-06T12:34:09.691+0000] {logging_mixin.py:190} INFO - [2025-02-06T12:34:09.690+0000] {dag.py:3239} INFO - Sync 1 DAGs
[2025-02-06T12:34:09.722+0000] {logging_mixin.py:190} INFO - [2025-02-06T12:34:09.721+0000] {dag.py:4180} INFO - Setting next_dagrun for Temp_elt_postgres to 2025-02-06 00:00:00+00:00, run_after=2025-02-07 00:00:00+00:00
[2025-02-06T12:34:09.785+0000] {processor.py:208} INFO - Processing /opt/airflow/dags/weather_etl_postgres.py took 0.793 seconds
[2025-02-06T12:34:40.029+0000] {processor.py:186} INFO - Started process (PID=817) to work on /opt/airflow/dags/weather_etl_postgres.py
[2025-02-06T12:34:40.030+0000] {processor.py:914} INFO - Processing file /opt/airflow/dags/weather_etl_postgres.py for tasks to queue
[2025-02-06T12:34:40.032+0000] {logging_mixin.py:190} INFO - [2025-02-06T12:34:40.031+0000] {dagbag.py:588} INFO - Filling up the DagBag from /opt/airflow/dags/weather_etl_postgres.py
[2025-02-06T12:34:40.531+0000] {processor.py:925} INFO - DAG(s) 'Temp_elt_postgres' retrieved from /opt/airflow/dags/weather_etl_postgres.py
[2025-02-06T12:34:40.561+0000] {logging_mixin.py:190} INFO - [2025-02-06T12:34:40.561+0000] {dag.py:3239} INFO - Sync 1 DAGs
[2025-02-06T12:34:40.583+0000] {logging_mixin.py:190} INFO - [2025-02-06T12:34:40.583+0000] {dag.py:4180} INFO - Setting next_dagrun for Temp_elt_postgres to 2025-02-06 00:00:00+00:00, run_after=2025-02-07 00:00:00+00:00
[2025-02-06T12:34:40.619+0000] {processor.py:208} INFO - Processing /opt/airflow/dags/weather_etl_postgres.py took 0.596 seconds
[2025-02-06T12:34:55.523+0000] {processor.py:186} INFO - Started process (PID=821) to work on /opt/airflow/dags/weather_etl_postgres.py
[2025-02-06T12:34:55.525+0000] {processor.py:914} INFO - Processing file /opt/airflow/dags/weather_etl_postgres.py for tasks to queue
[2025-02-06T12:34:55.528+0000] {logging_mixin.py:190} INFO - [2025-02-06T12:34:55.527+0000] {dagbag.py:588} INFO - Filling up the DagBag from /opt/airflow/dags/weather_etl_postgres.py
[2025-02-06T15:33:12.511+0000] {processor.py:186} INFO - Started process (PID=56) to work on /opt/airflow/dags/weather_etl_postgres.py
[2025-02-06T15:33:12.515+0000] {processor.py:914} INFO - Processing file /opt/airflow/dags/weather_etl_postgres.py for tasks to queue
[2025-02-06T15:33:12.521+0000] {logging_mixin.py:190} INFO - [2025-02-06T15:33:12.520+0000] {dagbag.py:588} INFO - Filling up the DagBag from /opt/airflow/dags/weather_etl_postgres.py
[2025-02-06T15:33:14.152+0000] {processor.py:925} INFO - DAG(s) 'Temp_elt_postgres' retrieved from /opt/airflow/dags/weather_etl_postgres.py
[2025-02-06T15:33:14.255+0000] {logging_mixin.py:190} INFO - [2025-02-06T15:33:14.254+0000] {dag.py:3239} INFO - Sync 1 DAGs
[2025-02-06T15:33:14.348+0000] {logging_mixin.py:190} INFO - [2025-02-06T15:33:14.347+0000] {dag.py:4180} INFO - Setting next_dagrun for Temp_elt_postgres to 2025-02-06 00:00:00+00:00, run_after=2025-02-07 00:00:00+00:00
[2025-02-06T15:33:14.418+0000] {processor.py:208} INFO - Processing /opt/airflow/dags/weather_etl_postgres.py took 1.919 seconds
[2025-02-06T15:33:44.622+0000] {processor.py:186} INFO - Started process (PID=80) to work on /opt/airflow/dags/weather_etl_postgres.py
[2025-02-06T15:33:44.624+0000] {processor.py:914} INFO - Processing file /opt/airflow/dags/weather_etl_postgres.py for tasks to queue
[2025-02-06T15:33:44.628+0000] {logging_mixin.py:190} INFO - [2025-02-06T15:33:44.627+0000] {dagbag.py:588} INFO - Filling up the DagBag from /opt/airflow/dags/weather_etl_postgres.py
[2025-02-06T15:33:45.559+0000] {processor.py:925} INFO - DAG(s) 'Temp_elt_postgres' retrieved from /opt/airflow/dags/weather_etl_postgres.py
[2025-02-06T15:33:45.587+0000] {logging_mixin.py:190} INFO - [2025-02-06T15:33:45.587+0000] {dag.py:3239} INFO - Sync 1 DAGs
[2025-02-06T15:33:45.614+0000] {logging_mixin.py:190} INFO - [2025-02-06T15:33:45.613+0000] {dag.py:4180} INFO - Setting next_dagrun for Temp_elt_postgres to 2025-02-06 00:00:00+00:00, run_after=2025-02-07 00:00:00+00:00
[2025-02-06T15:33:45.662+0000] {processor.py:208} INFO - Processing /opt/airflow/dags/weather_etl_postgres.py took 1.053 seconds
[2025-02-06T15:34:16.341+0000] {processor.py:186} INFO - Started process (PID=84) to work on /opt/airflow/dags/weather_etl_postgres.py
[2025-02-06T15:34:16.343+0000] {processor.py:914} INFO - Processing file /opt/airflow/dags/weather_etl_postgres.py for tasks to queue
[2025-02-06T15:34:16.347+0000] {logging_mixin.py:190} INFO - [2025-02-06T15:34:16.346+0000] {dagbag.py:588} INFO - Filling up the DagBag from /opt/airflow/dags/weather_etl_postgres.py
[2025-02-06T15:34:17.048+0000] {processor.py:925} INFO - DAG(s) 'Temp_elt_postgres' retrieved from /opt/airflow/dags/weather_etl_postgres.py
[2025-02-06T15:34:17.072+0000] {logging_mixin.py:190} INFO - [2025-02-06T15:34:17.072+0000] {dag.py:3239} INFO - Sync 1 DAGs
[2025-02-06T15:34:17.098+0000] {logging_mixin.py:190} INFO - [2025-02-06T15:34:17.097+0000] {dag.py:4180} INFO - Setting next_dagrun for Temp_elt_postgres to 2025-02-06 00:00:00+00:00, run_after=2025-02-07 00:00:00+00:00
[2025-02-06T15:34:17.138+0000] {processor.py:208} INFO - Processing /opt/airflow/dags/weather_etl_postgres.py took 0.803 seconds
[2025-02-06T15:34:48.240+0000] {processor.py:186} INFO - Started process (PID=88) to work on /opt/airflow/dags/weather_etl_postgres.py
[2025-02-06T15:34:48.242+0000] {processor.py:914} INFO - Processing file /opt/airflow/dags/weather_etl_postgres.py for tasks to queue
[2025-02-06T15:34:48.245+0000] {logging_mixin.py:190} INFO - [2025-02-06T15:34:48.245+0000] {dagbag.py:588} INFO - Filling up the DagBag from /opt/airflow/dags/weather_etl_postgres.py
[2025-02-06T15:34:48.999+0000] {processor.py:925} INFO - DAG(s) 'Temp_elt_postgres' retrieved from /opt/airflow/dags/weather_etl_postgres.py
[2025-02-06T15:34:49.026+0000] {logging_mixin.py:190} INFO - [2025-02-06T15:34:49.026+0000] {dag.py:3239} INFO - Sync 1 DAGs
[2025-02-06T15:34:49.052+0000] {logging_mixin.py:190} INFO - [2025-02-06T15:34:49.052+0000] {dag.py:4180} INFO - Setting next_dagrun for Temp_elt_postgres to 2025-02-06 00:00:00+00:00, run_after=2025-02-07 00:00:00+00:00
[2025-02-06T15:34:49.099+0000] {processor.py:208} INFO - Processing /opt/airflow/dags/weather_etl_postgres.py took 0.865 seconds
[2025-02-06T15:35:26.365+0000] {processor.py:186} INFO - Started process (PID=273) to work on /opt/airflow/dags/weather_etl_postgres.py
[2025-02-06T15:35:26.366+0000] {processor.py:914} INFO - Processing file /opt/airflow/dags/weather_etl_postgres.py for tasks to queue
[2025-02-06T15:35:26.369+0000] {logging_mixin.py:190} INFO - [2025-02-06T15:35:26.368+0000] {dagbag.py:588} INFO - Filling up the DagBag from /opt/airflow/dags/weather_etl_postgres.py
[2025-02-06T15:35:27.030+0000] {processor.py:925} INFO - DAG(s) 'Temp_elt_postgres' retrieved from /opt/airflow/dags/weather_etl_postgres.py
[2025-02-06T15:35:27.056+0000] {logging_mixin.py:190} INFO - [2025-02-06T15:35:27.056+0000] {dag.py:3239} INFO - Sync 1 DAGs
[2025-02-06T15:35:27.081+0000] {logging_mixin.py:190} INFO - [2025-02-06T15:35:27.081+0000] {dag.py:4180} INFO - Setting next_dagrun for Temp_elt_postgres to 2025-02-06 00:00:00+00:00, run_after=2025-02-07 00:00:00+00:00
[2025-02-06T15:35:27.116+0000] {processor.py:208} INFO - Processing /opt/airflow/dags/weather_etl_postgres.py took 0.758 seconds
[2025-02-06T15:35:57.556+0000] {processor.py:186} INFO - Started process (PID=301) to work on /opt/airflow/dags/weather_etl_postgres.py
[2025-02-06T15:35:57.557+0000] {processor.py:914} INFO - Processing file /opt/airflow/dags/weather_etl_postgres.py for tasks to queue
[2025-02-06T15:35:57.561+0000] {logging_mixin.py:190} INFO - [2025-02-06T15:35:57.560+0000] {dagbag.py:588} INFO - Filling up the DagBag from /opt/airflow/dags/weather_etl_postgres.py
[2025-02-06T15:35:58.249+0000] {processor.py:925} INFO - DAG(s) 'Temp_elt_postgres' retrieved from /opt/airflow/dags/weather_etl_postgres.py
[2025-02-06T15:35:58.273+0000] {logging_mixin.py:190} INFO - [2025-02-06T15:35:58.272+0000] {dag.py:3239} INFO - Sync 1 DAGs
[2025-02-06T15:35:58.296+0000] {logging_mixin.py:190} INFO - [2025-02-06T15:35:58.296+0000] {dag.py:4180} INFO - Setting next_dagrun for Temp_elt_postgres to 2025-02-06 00:00:00+00:00, run_after=2025-02-07 00:00:00+00:00
[2025-02-06T15:35:58.335+0000] {processor.py:208} INFO - Processing /opt/airflow/dags/weather_etl_postgres.py took 0.785 seconds
[2025-02-06T15:36:28.869+0000] {processor.py:186} INFO - Started process (PID=305) to work on /opt/airflow/dags/weather_etl_postgres.py
[2025-02-06T15:36:28.871+0000] {processor.py:914} INFO - Processing file /opt/airflow/dags/weather_etl_postgres.py for tasks to queue
[2025-02-06T15:36:28.873+0000] {logging_mixin.py:190} INFO - [2025-02-06T15:36:28.873+0000] {dagbag.py:588} INFO - Filling up the DagBag from /opt/airflow/dags/weather_etl_postgres.py
[2025-02-06T15:36:29.449+0000] {processor.py:925} INFO - DAG(s) 'Temp_elt_postgres' retrieved from /opt/airflow/dags/weather_etl_postgres.py
[2025-02-06T15:36:29.472+0000] {logging_mixin.py:190} INFO - [2025-02-06T15:36:29.472+0000] {dag.py:3239} INFO - Sync 1 DAGs
[2025-02-06T15:36:29.491+0000] {logging_mixin.py:190} INFO - [2025-02-06T15:36:29.491+0000] {dag.py:4180} INFO - Setting next_dagrun for Temp_elt_postgres to 2025-02-06 00:00:00+00:00, run_after=2025-02-07 00:00:00+00:00
[2025-02-06T15:36:29.524+0000] {processor.py:208} INFO - Processing /opt/airflow/dags/weather_etl_postgres.py took 0.662 seconds
[2025-02-06T15:37:00.038+0000] {processor.py:186} INFO - Started process (PID=309) to work on /opt/airflow/dags/weather_etl_postgres.py
[2025-02-06T15:37:00.039+0000] {processor.py:914} INFO - Processing file /opt/airflow/dags/weather_etl_postgres.py for tasks to queue
[2025-02-06T15:37:00.043+0000] {logging_mixin.py:190} INFO - [2025-02-06T15:37:00.042+0000] {dagbag.py:588} INFO - Filling up the DagBag from /opt/airflow/dags/weather_etl_postgres.py
[2025-02-06T15:37:00.668+0000] {processor.py:925} INFO - DAG(s) 'Temp_elt_postgres' retrieved from /opt/airflow/dags/weather_etl_postgres.py
[2025-02-06T15:37:00.697+0000] {logging_mixin.py:190} INFO - [2025-02-06T15:37:00.696+0000] {dag.py:3239} INFO - Sync 1 DAGs
[2025-02-06T15:37:00.720+0000] {logging_mixin.py:190} INFO - [2025-02-06T15:37:00.720+0000] {dag.py:4180} INFO - Setting next_dagrun for Temp_elt_postgres to 2025-02-06 00:00:00+00:00, run_after=2025-02-07 00:00:00+00:00
[2025-02-06T15:37:00.761+0000] {processor.py:208} INFO - Processing /opt/airflow/dags/weather_etl_postgres.py took 0.730 seconds
[2025-02-06T15:37:31.212+0000] {processor.py:186} INFO - Started process (PID=313) to work on /opt/airflow/dags/weather_etl_postgres.py
[2025-02-06T15:37:31.213+0000] {processor.py:914} INFO - Processing file /opt/airflow/dags/weather_etl_postgres.py for tasks to queue
[2025-02-06T15:37:31.216+0000] {logging_mixin.py:190} INFO - [2025-02-06T15:37:31.216+0000] {dagbag.py:588} INFO - Filling up the DagBag from /opt/airflow/dags/weather_etl_postgres.py
[2025-02-06T15:37:31.856+0000] {processor.py:925} INFO - DAG(s) 'Temp_elt_postgres' retrieved from /opt/airflow/dags/weather_etl_postgres.py
[2025-02-06T15:37:31.880+0000] {logging_mixin.py:190} INFO - [2025-02-06T15:37:31.879+0000] {dag.py:3239} INFO - Sync 1 DAGs
[2025-02-06T15:37:31.900+0000] {logging_mixin.py:190} INFO - [2025-02-06T15:37:31.900+0000] {dag.py:4180} INFO - Setting next_dagrun for Temp_elt_postgres to 2025-02-06 00:00:00+00:00, run_after=2025-02-07 00:00:00+00:00
[2025-02-06T15:37:31.935+0000] {processor.py:208} INFO - Processing /opt/airflow/dags/weather_etl_postgres.py took 0.729 seconds
[2025-02-06T15:38:02.054+0000] {processor.py:186} INFO - Started process (PID=317) to work on /opt/airflow/dags/weather_etl_postgres.py
[2025-02-06T15:38:02.055+0000] {processor.py:914} INFO - Processing file /opt/airflow/dags/weather_etl_postgres.py for tasks to queue
[2025-02-06T15:38:02.059+0000] {logging_mixin.py:190} INFO - [2025-02-06T15:38:02.058+0000] {dagbag.py:588} INFO - Filling up the DagBag from /opt/airflow/dags/weather_etl_postgres.py
[2025-02-06T15:38:02.632+0000] {processor.py:925} INFO - DAG(s) 'Temp_elt_postgres' retrieved from /opt/airflow/dags/weather_etl_postgres.py
[2025-02-06T15:38:02.660+0000] {logging_mixin.py:190} INFO - [2025-02-06T15:38:02.660+0000] {dag.py:3239} INFO - Sync 1 DAGs
[2025-02-06T15:38:02.682+0000] {logging_mixin.py:190} INFO - [2025-02-06T15:38:02.681+0000] {dag.py:4180} INFO - Setting next_dagrun for Temp_elt_postgres to 2025-02-06 00:00:00+00:00, run_after=2025-02-07 00:00:00+00:00
[2025-02-06T15:38:02.794+0000] {processor.py:208} INFO - Processing /opt/airflow/dags/weather_etl_postgres.py took 0.746 seconds
[2025-02-06T15:38:32.906+0000] {processor.py:186} INFO - Started process (PID=321) to work on /opt/airflow/dags/weather_etl_postgres.py
[2025-02-06T15:38:32.907+0000] {processor.py:914} INFO - Processing file /opt/airflow/dags/weather_etl_postgres.py for tasks to queue
[2025-02-06T15:38:32.911+0000] {logging_mixin.py:190} INFO - [2025-02-06T15:38:32.910+0000] {dagbag.py:588} INFO - Filling up the DagBag from /opt/airflow/dags/weather_etl_postgres.py
[2025-02-06T15:38:33.463+0000] {processor.py:925} INFO - DAG(s) 'Temp_elt_postgres' retrieved from /opt/airflow/dags/weather_etl_postgres.py
[2025-02-06T15:38:33.486+0000] {logging_mixin.py:190} INFO - [2025-02-06T15:38:33.485+0000] {dag.py:3239} INFO - Sync 1 DAGs
[2025-02-06T15:38:33.510+0000] {logging_mixin.py:190} INFO - [2025-02-06T15:38:33.509+0000] {dag.py:4180} INFO - Setting next_dagrun for Temp_elt_postgres to 2025-02-06 00:00:00+00:00, run_after=2025-02-07 00:00:00+00:00
[2025-02-06T15:38:33.554+0000] {processor.py:208} INFO - Processing /opt/airflow/dags/weather_etl_postgres.py took 0.654 seconds
[2025-02-06T15:39:03.712+0000] {processor.py:186} INFO - Started process (PID=325) to work on /opt/airflow/dags/weather_etl_postgres.py
[2025-02-06T15:39:03.713+0000] {processor.py:914} INFO - Processing file /opt/airflow/dags/weather_etl_postgres.py for tasks to queue
[2025-02-06T15:39:03.716+0000] {logging_mixin.py:190} INFO - [2025-02-06T15:39:03.716+0000] {dagbag.py:588} INFO - Filling up the DagBag from /opt/airflow/dags/weather_etl_postgres.py
[2025-02-06T15:39:04.400+0000] {processor.py:925} INFO - DAG(s) 'Temp_elt_postgres' retrieved from /opt/airflow/dags/weather_etl_postgres.py
[2025-02-06T15:39:04.422+0000] {logging_mixin.py:190} INFO - [2025-02-06T15:39:04.421+0000] {dag.py:3239} INFO - Sync 1 DAGs
[2025-02-06T15:39:04.448+0000] {logging_mixin.py:190} INFO - [2025-02-06T15:39:04.448+0000] {dag.py:4180} INFO - Setting next_dagrun for Temp_elt_postgres to 2025-02-06 00:00:00+00:00, run_after=2025-02-07 00:00:00+00:00
[2025-02-06T15:39:04.491+0000] {processor.py:208} INFO - Processing /opt/airflow/dags/weather_etl_postgres.py took 0.785 seconds
[2025-02-06T15:39:34.616+0000] {processor.py:186} INFO - Started process (PID=329) to work on /opt/airflow/dags/weather_etl_postgres.py
[2025-02-06T15:39:34.617+0000] {processor.py:914} INFO - Processing file /opt/airflow/dags/weather_etl_postgres.py for tasks to queue
[2025-02-06T15:39:34.620+0000] {logging_mixin.py:190} INFO - [2025-02-06T15:39:34.619+0000] {dagbag.py:588} INFO - Filling up the DagBag from /opt/airflow/dags/weather_etl_postgres.py
[2025-02-06T15:39:35.145+0000] {processor.py:925} INFO - DAG(s) 'Temp_elt_postgres' retrieved from /opt/airflow/dags/weather_etl_postgres.py
[2025-02-06T15:39:35.165+0000] {logging_mixin.py:190} INFO - [2025-02-06T15:39:35.165+0000] {dag.py:3239} INFO - Sync 1 DAGs
[2025-02-06T15:39:35.187+0000] {logging_mixin.py:190} INFO - [2025-02-06T15:39:35.186+0000] {dag.py:4180} INFO - Setting next_dagrun for Temp_elt_postgres to 2025-02-06 00:00:00+00:00, run_after=2025-02-07 00:00:00+00:00
[2025-02-06T15:39:35.221+0000] {processor.py:208} INFO - Processing /opt/airflow/dags/weather_etl_postgres.py took 0.612 seconds
[2025-02-06T15:40:05.430+0000] {processor.py:186} INFO - Started process (PID=333) to work on /opt/airflow/dags/weather_etl_postgres.py
[2025-02-06T15:40:05.432+0000] {processor.py:914} INFO - Processing file /opt/airflow/dags/weather_etl_postgres.py for tasks to queue
[2025-02-06T15:40:05.437+0000] {logging_mixin.py:190} INFO - [2025-02-06T15:40:05.436+0000] {dagbag.py:588} INFO - Filling up the DagBag from /opt/airflow/dags/weather_etl_postgres.py
[2025-02-06T15:40:06.085+0000] {processor.py:925} INFO - DAG(s) 'Temp_elt_postgres' retrieved from /opt/airflow/dags/weather_etl_postgres.py
[2025-02-06T15:40:06.110+0000] {logging_mixin.py:190} INFO - [2025-02-06T15:40:06.109+0000] {dag.py:3239} INFO - Sync 1 DAGs
[2025-02-06T15:40:06.131+0000] {logging_mixin.py:190} INFO - [2025-02-06T15:40:06.131+0000] {dag.py:4180} INFO - Setting next_dagrun for Temp_elt_postgres to 2025-02-06 00:00:00+00:00, run_after=2025-02-07 00:00:00+00:00
[2025-02-06T15:40:06.168+0000] {processor.py:208} INFO - Processing /opt/airflow/dags/weather_etl_postgres.py took 0.749 seconds
[2025-02-06T15:40:36.319+0000] {processor.py:186} INFO - Started process (PID=337) to work on /opt/airflow/dags/weather_etl_postgres.py
[2025-02-06T15:40:36.321+0000] {processor.py:914} INFO - Processing file /opt/airflow/dags/weather_etl_postgres.py for tasks to queue
[2025-02-06T15:40:36.324+0000] {logging_mixin.py:190} INFO - [2025-02-06T15:40:36.323+0000] {dagbag.py:588} INFO - Filling up the DagBag from /opt/airflow/dags/weather_etl_postgres.py
[2025-02-06T15:40:36.920+0000] {processor.py:925} INFO - DAG(s) 'Temp_elt_postgres' retrieved from /opt/airflow/dags/weather_etl_postgres.py
[2025-02-06T15:40:36.942+0000] {logging_mixin.py:190} INFO - [2025-02-06T15:40:36.942+0000] {dag.py:3239} INFO - Sync 1 DAGs
[2025-02-06T15:40:36.964+0000] {logging_mixin.py:190} INFO - [2025-02-06T15:40:36.964+0000] {dag.py:4180} INFO - Setting next_dagrun for Temp_elt_postgres to 2025-02-06 00:00:00+00:00, run_after=2025-02-07 00:00:00+00:00
[2025-02-06T15:40:37.001+0000] {processor.py:208} INFO - Processing /opt/airflow/dags/weather_etl_postgres.py took 0.688 seconds
[2025-02-06T15:41:07.349+0000] {processor.py:186} INFO - Started process (PID=353) to work on /opt/airflow/dags/weather_etl_postgres.py
[2025-02-06T15:41:07.350+0000] {processor.py:914} INFO - Processing file /opt/airflow/dags/weather_etl_postgres.py for tasks to queue
[2025-02-06T15:41:07.354+0000] {logging_mixin.py:190} INFO - [2025-02-06T15:41:07.353+0000] {dagbag.py:588} INFO - Filling up the DagBag from /opt/airflow/dags/weather_etl_postgres.py
[2025-02-06T15:41:07.867+0000] {processor.py:925} INFO - DAG(s) 'Temp_elt_postgres' retrieved from /opt/airflow/dags/weather_etl_postgres.py
[2025-02-06T15:41:07.888+0000] {logging_mixin.py:190} INFO - [2025-02-06T15:41:07.888+0000] {dag.py:3239} INFO - Sync 1 DAGs
[2025-02-06T15:41:07.906+0000] {logging_mixin.py:190} INFO - [2025-02-06T15:41:07.906+0000] {dag.py:4180} INFO - Setting next_dagrun for Temp_elt_postgres to 2025-02-06 00:00:00+00:00, run_after=2025-02-07 00:00:00+00:00
[2025-02-06T15:41:07.938+0000] {processor.py:208} INFO - Processing /opt/airflow/dags/weather_etl_postgres.py took 0.595 seconds
[2025-02-06T15:41:38.214+0000] {processor.py:186} INFO - Started process (PID=357) to work on /opt/airflow/dags/weather_etl_postgres.py
[2025-02-06T15:41:38.215+0000] {processor.py:914} INFO - Processing file /opt/airflow/dags/weather_etl_postgres.py for tasks to queue
[2025-02-06T15:41:38.218+0000] {logging_mixin.py:190} INFO - [2025-02-06T15:41:38.218+0000] {dagbag.py:588} INFO - Filling up the DagBag from /opt/airflow/dags/weather_etl_postgres.py
[2025-02-06T15:41:38.877+0000] {processor.py:925} INFO - DAG(s) 'Temp_elt_postgres' retrieved from /opt/airflow/dags/weather_etl_postgres.py
[2025-02-06T15:41:38.913+0000] {logging_mixin.py:190} INFO - [2025-02-06T15:41:38.913+0000] {dag.py:3239} INFO - Sync 1 DAGs
[2025-02-06T15:41:38.945+0000] {logging_mixin.py:190} INFO - [2025-02-06T15:41:38.944+0000] {dag.py:4180} INFO - Setting next_dagrun for Temp_elt_postgres to 2025-02-06 00:00:00+00:00, run_after=2025-02-07 00:00:00+00:00
[2025-02-06T15:41:38.991+0000] {processor.py:208} INFO - Processing /opt/airflow/dags/weather_etl_postgres.py took 0.784 seconds
[2025-02-06T15:42:09.271+0000] {processor.py:186} INFO - Started process (PID=361) to work on /opt/airflow/dags/weather_etl_postgres.py
[2025-02-06T15:42:09.272+0000] {processor.py:914} INFO - Processing file /opt/airflow/dags/weather_etl_postgres.py for tasks to queue
[2025-02-06T15:42:09.275+0000] {logging_mixin.py:190} INFO - [2025-02-06T15:42:09.274+0000] {dagbag.py:588} INFO - Filling up the DagBag from /opt/airflow/dags/weather_etl_postgres.py
[2025-02-06T15:42:09.826+0000] {processor.py:925} INFO - DAG(s) 'Temp_elt_postgres' retrieved from /opt/airflow/dags/weather_etl_postgres.py
[2025-02-06T15:42:09.847+0000] {logging_mixin.py:190} INFO - [2025-02-06T15:42:09.847+0000] {dag.py:3239} INFO - Sync 1 DAGs
[2025-02-06T15:42:09.867+0000] {logging_mixin.py:190} INFO - [2025-02-06T15:42:09.867+0000] {dag.py:4180} INFO - Setting next_dagrun for Temp_elt_postgres to 2025-02-06 00:00:00+00:00, run_after=2025-02-07 00:00:00+00:00
[2025-02-06T15:42:09.901+0000] {processor.py:208} INFO - Processing /opt/airflow/dags/weather_etl_postgres.py took 0.638 seconds
[2025-02-06T15:43:19.122+0000] {processor.py:186} INFO - Started process (PID=366) to work on /opt/airflow/dags/weather_etl_postgres.py
[2025-02-06T15:43:19.123+0000] {processor.py:914} INFO - Processing file /opt/airflow/dags/weather_etl_postgres.py for tasks to queue
[2025-02-06T15:43:19.128+0000] {logging_mixin.py:190} INFO - [2025-02-06T15:43:19.126+0000] {dagbag.py:588} INFO - Filling up the DagBag from /opt/airflow/dags/weather_etl_postgres.py
[2025-02-06T15:43:20.042+0000] {processor.py:925} INFO - DAG(s) 'Temp_elt_postgres' retrieved from /opt/airflow/dags/weather_etl_postgres.py
[2025-02-06T15:43:20.073+0000] {logging_mixin.py:190} INFO - [2025-02-06T15:43:20.073+0000] {dag.py:3239} INFO - Sync 1 DAGs
[2025-02-06T15:43:20.097+0000] {logging_mixin.py:190} INFO - [2025-02-06T15:43:20.096+0000] {dag.py:4180} INFO - Setting next_dagrun for Temp_elt_postgres to 2025-02-06 00:00:00+00:00, run_after=2025-02-07 00:00:00+00:00
[2025-02-06T15:43:20.152+0000] {processor.py:208} INFO - Processing /opt/airflow/dags/weather_etl_postgres.py took 1.041 seconds
[2025-02-06T15:43:50.489+0000] {processor.py:186} INFO - Started process (PID=370) to work on /opt/airflow/dags/weather_etl_postgres.py
[2025-02-06T15:43:50.490+0000] {processor.py:914} INFO - Processing file /opt/airflow/dags/weather_etl_postgres.py for tasks to queue
[2025-02-06T15:43:50.494+0000] {logging_mixin.py:190} INFO - [2025-02-06T15:43:50.493+0000] {dagbag.py:588} INFO - Filling up the DagBag from /opt/airflow/dags/weather_etl_postgres.py
[2025-02-06T15:43:51.144+0000] {processor.py:925} INFO - DAG(s) 'Temp_elt_postgres' retrieved from /opt/airflow/dags/weather_etl_postgres.py
[2025-02-06T15:43:51.169+0000] {logging_mixin.py:190} INFO - [2025-02-06T15:43:51.168+0000] {dag.py:3239} INFO - Sync 1 DAGs
[2025-02-06T15:43:51.193+0000] {logging_mixin.py:190} INFO - [2025-02-06T15:43:51.193+0000] {dag.py:4180} INFO - Setting next_dagrun for Temp_elt_postgres to 2025-02-06 00:00:00+00:00, run_after=2025-02-07 00:00:00+00:00
[2025-02-06T15:43:51.235+0000] {processor.py:208} INFO - Processing /opt/airflow/dags/weather_etl_postgres.py took 0.753 seconds
[2025-02-06T15:44:21.499+0000] {processor.py:186} INFO - Started process (PID=374) to work on /opt/airflow/dags/weather_etl_postgres.py
[2025-02-06T15:44:21.500+0000] {processor.py:914} INFO - Processing file /opt/airflow/dags/weather_etl_postgres.py for tasks to queue
[2025-02-06T15:44:21.503+0000] {logging_mixin.py:190} INFO - [2025-02-06T15:44:21.503+0000] {dagbag.py:588} INFO - Filling up the DagBag from /opt/airflow/dags/weather_etl_postgres.py
[2025-02-06T15:44:22.109+0000] {processor.py:925} INFO - DAG(s) 'Temp_elt_postgres' retrieved from /opt/airflow/dags/weather_etl_postgres.py
[2025-02-06T15:44:22.131+0000] {logging_mixin.py:190} INFO - [2025-02-06T15:44:22.131+0000] {dag.py:3239} INFO - Sync 1 DAGs
[2025-02-06T15:44:22.151+0000] {logging_mixin.py:190} INFO - [2025-02-06T15:44:22.151+0000] {dag.py:4180} INFO - Setting next_dagrun for Temp_elt_postgres to 2025-02-06 00:00:00+00:00, run_after=2025-02-07 00:00:00+00:00
[2025-02-06T15:44:22.183+0000] {processor.py:208} INFO - Processing /opt/airflow/dags/weather_etl_postgres.py took 0.689 seconds
[2025-02-06T15:44:52.412+0000] {processor.py:186} INFO - Started process (PID=378) to work on /opt/airflow/dags/weather_etl_postgres.py
[2025-02-06T15:44:52.414+0000] {processor.py:914} INFO - Processing file /opt/airflow/dags/weather_etl_postgres.py for tasks to queue
[2025-02-06T15:44:52.417+0000] {logging_mixin.py:190} INFO - [2025-02-06T15:44:52.417+0000] {dagbag.py:588} INFO - Filling up the DagBag from /opt/airflow/dags/weather_etl_postgres.py
[2025-02-06T15:44:53.033+0000] {processor.py:925} INFO - DAG(s) 'Temp_elt_postgres' retrieved from /opt/airflow/dags/weather_etl_postgres.py
[2025-02-06T15:44:53.057+0000] {logging_mixin.py:190} INFO - [2025-02-06T15:44:53.057+0000] {dag.py:3239} INFO - Sync 1 DAGs
[2025-02-06T15:44:53.076+0000] {logging_mixin.py:190} INFO - [2025-02-06T15:44:53.076+0000] {dag.py:4180} INFO - Setting next_dagrun for Temp_elt_postgres to 2025-02-06 00:00:00+00:00, run_after=2025-02-07 00:00:00+00:00
[2025-02-06T15:44:53.110+0000] {processor.py:208} INFO - Processing /opt/airflow/dags/weather_etl_postgres.py took 0.706 seconds
[2025-02-06T15:45:23.444+0000] {processor.py:186} INFO - Started process (PID=382) to work on /opt/airflow/dags/weather_etl_postgres.py
[2025-02-06T15:45:23.445+0000] {processor.py:914} INFO - Processing file /opt/airflow/dags/weather_etl_postgres.py for tasks to queue
[2025-02-06T15:45:23.449+0000] {logging_mixin.py:190} INFO - [2025-02-06T15:45:23.448+0000] {dagbag.py:588} INFO - Filling up the DagBag from /opt/airflow/dags/weather_etl_postgres.py
[2025-02-06T15:45:24.016+0000] {processor.py:925} INFO - DAG(s) 'Temp_elt_postgres' retrieved from /opt/airflow/dags/weather_etl_postgres.py
[2025-02-06T15:45:24.041+0000] {logging_mixin.py:190} INFO - [2025-02-06T15:45:24.041+0000] {dag.py:3239} INFO - Sync 1 DAGs
[2025-02-06T15:45:24.062+0000] {logging_mixin.py:190} INFO - [2025-02-06T15:45:24.062+0000] {dag.py:4180} INFO - Setting next_dagrun for Temp_elt_postgres to 2025-02-06 00:00:00+00:00, run_after=2025-02-07 00:00:00+00:00
[2025-02-06T15:45:24.102+0000] {processor.py:208} INFO - Processing /opt/airflow/dags/weather_etl_postgres.py took 0.664 seconds
[2025-02-06T15:45:54.313+0000] {processor.py:186} INFO - Started process (PID=386) to work on /opt/airflow/dags/weather_etl_postgres.py
[2025-02-06T15:45:54.314+0000] {processor.py:914} INFO - Processing file /opt/airflow/dags/weather_etl_postgres.py for tasks to queue
[2025-02-06T15:45:54.317+0000] {logging_mixin.py:190} INFO - [2025-02-06T15:45:54.317+0000] {dagbag.py:588} INFO - Filling up the DagBag from /opt/airflow/dags/weather_etl_postgres.py
[2025-02-06T15:45:54.900+0000] {processor.py:925} INFO - DAG(s) 'Temp_elt_postgres' retrieved from /opt/airflow/dags/weather_etl_postgres.py
[2025-02-06T15:45:54.924+0000] {logging_mixin.py:190} INFO - [2025-02-06T15:45:54.924+0000] {dag.py:3239} INFO - Sync 1 DAGs
[2025-02-06T15:45:54.944+0000] {logging_mixin.py:190} INFO - [2025-02-06T15:45:54.943+0000] {dag.py:4180} INFO - Setting next_dagrun for Temp_elt_postgres to 2025-02-06 00:00:00+00:00, run_after=2025-02-07 00:00:00+00:00
[2025-02-06T15:45:54.977+0000] {processor.py:208} INFO - Processing /opt/airflow/dags/weather_etl_postgres.py took 0.670 seconds
[2025-02-06T15:46:25.218+0000] {processor.py:186} INFO - Started process (PID=390) to work on /opt/airflow/dags/weather_etl_postgres.py
[2025-02-06T15:46:25.219+0000] {processor.py:914} INFO - Processing file /opt/airflow/dags/weather_etl_postgres.py for tasks to queue
[2025-02-06T15:46:25.222+0000] {logging_mixin.py:190} INFO - [2025-02-06T15:46:25.221+0000] {dagbag.py:588} INFO - Filling up the DagBag from /opt/airflow/dags/weather_etl_postgres.py
[2025-02-06T15:46:25.745+0000] {processor.py:925} INFO - DAG(s) 'Temp_elt_postgres' retrieved from /opt/airflow/dags/weather_etl_postgres.py
[2025-02-06T15:46:25.768+0000] {logging_mixin.py:190} INFO - [2025-02-06T15:46:25.768+0000] {dag.py:3239} INFO - Sync 1 DAGs
[2025-02-06T15:46:25.787+0000] {logging_mixin.py:190} INFO - [2025-02-06T15:46:25.787+0000] {dag.py:4180} INFO - Setting next_dagrun for Temp_elt_postgres to 2025-02-06 00:00:00+00:00, run_after=2025-02-07 00:00:00+00:00
[2025-02-06T15:46:25.821+0000] {processor.py:208} INFO - Processing /opt/airflow/dags/weather_etl_postgres.py took 0.610 seconds
[2025-02-06T15:46:56.116+0000] {processor.py:186} INFO - Started process (PID=394) to work on /opt/airflow/dags/weather_etl_postgres.py
[2025-02-06T15:46:56.118+0000] {processor.py:914} INFO - Processing file /opt/airflow/dags/weather_etl_postgres.py for tasks to queue
[2025-02-06T15:46:56.125+0000] {logging_mixin.py:190} INFO - [2025-02-06T15:46:56.124+0000] {dagbag.py:588} INFO - Filling up the DagBag from /opt/airflow/dags/weather_etl_postgres.py
[2025-02-06T15:46:56.826+0000] {processor.py:925} INFO - DAG(s) 'Temp_elt_postgres' retrieved from /opt/airflow/dags/weather_etl_postgres.py
[2025-02-06T15:46:56.857+0000] {logging_mixin.py:190} INFO - [2025-02-06T15:46:56.856+0000] {dag.py:3239} INFO - Sync 1 DAGs
[2025-02-06T15:46:56.884+0000] {logging_mixin.py:190} INFO - [2025-02-06T15:46:56.884+0000] {dag.py:4180} INFO - Setting next_dagrun for Temp_elt_postgres to 2025-02-06 00:00:00+00:00, run_after=2025-02-07 00:00:00+00:00
[2025-02-06T15:46:56.926+0000] {processor.py:208} INFO - Processing /opt/airflow/dags/weather_etl_postgres.py took 0.820 seconds
[2025-02-06T15:47:27.304+0000] {processor.py:186} INFO - Started process (PID=398) to work on /opt/airflow/dags/weather_etl_postgres.py
[2025-02-06T15:47:27.306+0000] {processor.py:914} INFO - Processing file /opt/airflow/dags/weather_etl_postgres.py for tasks to queue
[2025-02-06T15:47:27.308+0000] {logging_mixin.py:190} INFO - [2025-02-06T15:47:27.308+0000] {dagbag.py:588} INFO - Filling up the DagBag from /opt/airflow/dags/weather_etl_postgres.py
[2025-02-06T15:47:27.916+0000] {processor.py:925} INFO - DAG(s) 'Temp_elt_postgres' retrieved from /opt/airflow/dags/weather_etl_postgres.py
[2025-02-06T15:47:27.938+0000] {logging_mixin.py:190} INFO - [2025-02-06T15:47:27.938+0000] {dag.py:3239} INFO - Sync 1 DAGs
[2025-02-06T15:47:27.960+0000] {logging_mixin.py:190} INFO - [2025-02-06T15:47:27.959+0000] {dag.py:4180} INFO - Setting next_dagrun for Temp_elt_postgres to 2025-02-06 00:00:00+00:00, run_after=2025-02-07 00:00:00+00:00
[2025-02-06T15:47:27.993+0000] {processor.py:208} INFO - Processing /opt/airflow/dags/weather_etl_postgres.py took 0.696 seconds
[2025-02-06T15:47:58.209+0000] {processor.py:186} INFO - Started process (PID=402) to work on /opt/airflow/dags/weather_etl_postgres.py
[2025-02-06T15:47:58.210+0000] {processor.py:914} INFO - Processing file /opt/airflow/dags/weather_etl_postgres.py for tasks to queue
[2025-02-06T15:47:58.213+0000] {logging_mixin.py:190} INFO - [2025-02-06T15:47:58.212+0000] {dagbag.py:588} INFO - Filling up the DagBag from /opt/airflow/dags/weather_etl_postgres.py
[2025-02-06T15:47:58.758+0000] {processor.py:925} INFO - DAG(s) 'Temp_elt_postgres' retrieved from /opt/airflow/dags/weather_etl_postgres.py
[2025-02-06T15:47:58.781+0000] {logging_mixin.py:190} INFO - [2025-02-06T15:47:58.780+0000] {dag.py:3239} INFO - Sync 1 DAGs
[2025-02-06T15:47:58.801+0000] {logging_mixin.py:190} INFO - [2025-02-06T15:47:58.800+0000] {dag.py:4180} INFO - Setting next_dagrun for Temp_elt_postgres to 2025-02-06 00:00:00+00:00, run_after=2025-02-07 00:00:00+00:00
[2025-02-06T15:47:58.834+0000] {processor.py:208} INFO - Processing /opt/airflow/dags/weather_etl_postgres.py took 0.631 seconds
[2025-02-06T15:48:29.148+0000] {processor.py:186} INFO - Started process (PID=406) to work on /opt/airflow/dags/weather_etl_postgres.py
[2025-02-06T15:48:29.149+0000] {processor.py:914} INFO - Processing file /opt/airflow/dags/weather_etl_postgres.py for tasks to queue
[2025-02-06T15:48:29.152+0000] {logging_mixin.py:190} INFO - [2025-02-06T15:48:29.152+0000] {dagbag.py:588} INFO - Filling up the DagBag from /opt/airflow/dags/weather_etl_postgres.py
[2025-02-06T15:48:29.842+0000] {processor.py:925} INFO - DAG(s) 'Temp_elt_postgres' retrieved from /opt/airflow/dags/weather_etl_postgres.py
[2025-02-06T15:48:29.867+0000] {logging_mixin.py:190} INFO - [2025-02-06T15:48:29.866+0000] {dag.py:3239} INFO - Sync 1 DAGs
[2025-02-06T15:48:29.901+0000] {logging_mixin.py:190} INFO - [2025-02-06T15:48:29.901+0000] {dag.py:4180} INFO - Setting next_dagrun for Temp_elt_postgres to 2025-02-06 00:00:00+00:00, run_after=2025-02-07 00:00:00+00:00
[2025-02-06T15:48:29.940+0000] {processor.py:208} INFO - Processing /opt/airflow/dags/weather_etl_postgres.py took 0.799 seconds
[2025-02-06T15:49:00.188+0000] {processor.py:186} INFO - Started process (PID=410) to work on /opt/airflow/dags/weather_etl_postgres.py
[2025-02-06T15:49:00.189+0000] {processor.py:914} INFO - Processing file /opt/airflow/dags/weather_etl_postgres.py for tasks to queue
[2025-02-06T15:49:00.193+0000] {logging_mixin.py:190} INFO - [2025-02-06T15:49:00.192+0000] {dagbag.py:588} INFO - Filling up the DagBag from /opt/airflow/dags/weather_etl_postgres.py
[2025-02-06T15:49:00.800+0000] {processor.py:925} INFO - DAG(s) 'Temp_elt_postgres' retrieved from /opt/airflow/dags/weather_etl_postgres.py
[2025-02-06T15:49:00.834+0000] {logging_mixin.py:190} INFO - [2025-02-06T15:49:00.833+0000] {dag.py:3239} INFO - Sync 1 DAGs
[2025-02-06T15:49:00.868+0000] {logging_mixin.py:190} INFO - [2025-02-06T15:49:00.868+0000] {dag.py:4180} INFO - Setting next_dagrun for Temp_elt_postgres to 2025-02-06 00:00:00+00:00, run_after=2025-02-07 00:00:00+00:00
[2025-02-06T15:49:00.921+0000] {processor.py:208} INFO - Processing /opt/airflow/dags/weather_etl_postgres.py took 0.741 seconds
[2025-02-06T15:49:31.177+0000] {processor.py:186} INFO - Started process (PID=414) to work on /opt/airflow/dags/weather_etl_postgres.py
[2025-02-06T15:49:31.179+0000] {processor.py:914} INFO - Processing file /opt/airflow/dags/weather_etl_postgres.py for tasks to queue
[2025-02-06T15:49:31.182+0000] {logging_mixin.py:190} INFO - [2025-02-06T15:49:31.181+0000] {dagbag.py:588} INFO - Filling up the DagBag from /opt/airflow/dags/weather_etl_postgres.py
[2025-02-06T15:49:31.921+0000] {processor.py:925} INFO - DAG(s) 'Temp_elt_postgres' retrieved from /opt/airflow/dags/weather_etl_postgres.py
[2025-02-06T15:49:31.952+0000] {logging_mixin.py:190} INFO - [2025-02-06T15:49:31.952+0000] {dag.py:3239} INFO - Sync 1 DAGs
[2025-02-06T15:49:31.977+0000] {logging_mixin.py:190} INFO - [2025-02-06T15:49:31.977+0000] {dag.py:4180} INFO - Setting next_dagrun for Temp_elt_postgres to 2025-02-06 00:00:00+00:00, run_after=2025-02-07 00:00:00+00:00
[2025-02-06T15:49:32.025+0000] {processor.py:208} INFO - Processing /opt/airflow/dags/weather_etl_postgres.py took 0.854 seconds
[2025-02-06T15:50:02.320+0000] {processor.py:186} INFO - Started process (PID=418) to work on /opt/airflow/dags/weather_etl_postgres.py
[2025-02-06T15:50:02.321+0000] {processor.py:914} INFO - Processing file /opt/airflow/dags/weather_etl_postgres.py for tasks to queue
[2025-02-06T15:50:02.324+0000] {logging_mixin.py:190} INFO - [2025-02-06T15:50:02.323+0000] {dagbag.py:588} INFO - Filling up the DagBag from /opt/airflow/dags/weather_etl_postgres.py
[2025-02-06T15:50:02.904+0000] {processor.py:925} INFO - DAG(s) 'Temp_elt_postgres' retrieved from /opt/airflow/dags/weather_etl_postgres.py
[2025-02-06T15:50:02.929+0000] {logging_mixin.py:190} INFO - [2025-02-06T15:50:02.929+0000] {dag.py:3239} INFO - Sync 1 DAGs
[2025-02-06T15:50:02.949+0000] {logging_mixin.py:190} INFO - [2025-02-06T15:50:02.949+0000] {dag.py:4180} INFO - Setting next_dagrun for Temp_elt_postgres to 2025-02-06 00:00:00+00:00, run_after=2025-02-07 00:00:00+00:00
[2025-02-06T15:50:02.985+0000] {processor.py:208} INFO - Processing /opt/airflow/dags/weather_etl_postgres.py took 0.672 seconds
[2025-02-06T15:50:33.218+0000] {processor.py:186} INFO - Started process (PID=422) to work on /opt/airflow/dags/weather_etl_postgres.py
[2025-02-06T15:50:33.221+0000] {processor.py:914} INFO - Processing file /opt/airflow/dags/weather_etl_postgres.py for tasks to queue
[2025-02-06T15:50:33.224+0000] {logging_mixin.py:190} INFO - [2025-02-06T15:50:33.224+0000] {dagbag.py:588} INFO - Filling up the DagBag from /opt/airflow/dags/weather_etl_postgres.py
[2025-02-06T15:50:33.735+0000] {processor.py:925} INFO - DAG(s) 'Temp_elt_postgres' retrieved from /opt/airflow/dags/weather_etl_postgres.py
[2025-02-06T15:50:33.757+0000] {logging_mixin.py:190} INFO - [2025-02-06T15:50:33.757+0000] {dag.py:3239} INFO - Sync 1 DAGs
[2025-02-06T15:50:33.776+0000] {logging_mixin.py:190} INFO - [2025-02-06T15:50:33.776+0000] {dag.py:4180} INFO - Setting next_dagrun for Temp_elt_postgres to 2025-02-06 00:00:00+00:00, run_after=2025-02-07 00:00:00+00:00
[2025-02-06T15:50:33.811+0000] {processor.py:208} INFO - Processing /opt/airflow/dags/weather_etl_postgres.py took 0.600 seconds
[2025-02-06T15:50:48.477+0000] {processor.py:186} INFO - Started process (PID=426) to work on /opt/airflow/dags/weather_etl_postgres.py
[2025-02-06T15:50:48.491+0000] {processor.py:914} INFO - Processing file /opt/airflow/dags/weather_etl_postgres.py for tasks to queue
[2025-02-06T15:50:48.495+0000] {logging_mixin.py:190} INFO - [2025-02-06T15:50:48.494+0000] {dagbag.py:588} INFO - Filling up the DagBag from /opt/airflow/dags/weather_etl_postgres.py
