[2025-02-01T19:59:53.898+0000] {local_task_job_runner.py:123} INFO - ::group::Pre task execution logs
[2025-02-01T19:59:53.912+0000] {taskinstance.py:2613} INFO - Dependencies all met for dep_context=non-requeueable deps ti=<TaskInstance: dag_with_postgres_operator_v03.create_postgres_table scheduled__2025-01-30T00:00:00+00:00 [queued]>
[2025-02-01T19:59:53.921+0000] {taskinstance.py:2613} INFO - Dependencies all met for dep_context=requeueable deps ti=<TaskInstance: dag_with_postgres_operator_v03.create_postgres_table scheduled__2025-01-30T00:00:00+00:00 [queued]>
[2025-02-01T19:59:53.922+0000] {taskinstance.py:2866} INFO - Starting attempt 1 of 6
[2025-02-01T19:59:53.951+0000] {taskinstance.py:2889} INFO - Executing <Task(PostgresOperator): create_postgres_table> on 2025-01-30 00:00:00+00:00
[2025-02-01T19:59:53.955+0000] {standard_task_runner.py:72} INFO - Started process 360 to run task
[2025-02-01T19:59:53.959+0000] {standard_task_runner.py:104} INFO - Running: ['airflow', 'tasks', 'run', 'dag_with_postgres_operator_v03', 'create_postgres_table', 'scheduled__2025-01-30T00:00:00+00:00', '--job-id', '104', '--raw', '--subdir', 'DAGS_FOLDER/dag_with_postgres_operator.py', '--cfg-path', '/tmp/tmpj4n184fa']
[2025-02-01T19:59:53.961+0000] {standard_task_runner.py:105} INFO - Job 104: Subtask create_postgres_table
[2025-02-01T19:59:54.026+0000] {task_command.py:467} INFO - Running <TaskInstance: dag_with_postgres_operator_v03.create_postgres_table scheduled__2025-01-30T00:00:00+00:00 [running]> on host ba586a51095f
[2025-02-01T19:59:54.127+0000] {taskinstance.py:3132} INFO - Exporting env vars: AIRFLOW_CTX_DAG_OWNER='coder2j' AIRFLOW_CTX_DAG_ID='dag_with_postgres_operator_v03' AIRFLOW_CTX_TASK_ID='create_postgres_table' AIRFLOW_CTX_EXECUTION_DATE='2025-01-30T00:00:00+00:00' AIRFLOW_CTX_TRY_NUMBER='1' AIRFLOW_CTX_DAG_RUN_ID='scheduled__2025-01-30T00:00:00+00:00'
[2025-02-01T19:59:54.129+0000] {taskinstance.py:731} INFO - ::endgroup::
[2025-02-01T19:59:54.146+0000] {sql.py:278} INFO - Executing: 
            create table if not exists dag_runs (
                dt date,
                dag_id character varying,
                primary key (dt, dag_id)
            )
        
[2025-02-01T19:59:54.159+0000] {base.py:84} INFO - Retrieving connection 'postgres_localhost'
[2025-02-01T19:59:54.235+0000] {base.py:84} INFO - Retrieving connection 'postgres_localhost'
[2025-02-01T19:59:54.246+0000] {sql.py:553} INFO - Running statement: 
            create table if not exists dag_runs (
                dt date,
                dag_id character varying,
                primary key (dt, dag_id)
            )
        , parameters: None
[2025-02-01T19:59:54.259+0000] {taskinstance.py:340} INFO - ::group::Post task execution logs
[2025-02-01T19:59:54.260+0000] {taskinstance.py:352} INFO - Marking task as SUCCESS. dag_id=dag_with_postgres_operator_v03, task_id=create_postgres_table, run_id=scheduled__2025-01-30T00:00:00+00:00, execution_date=20250130T000000, start_date=20250201T195953, end_date=20250201T195954
[2025-02-01T19:59:54.304+0000] {local_task_job_runner.py:266} INFO - Task exited with return code 0
[2025-02-01T19:59:54.335+0000] {taskinstance.py:3895} INFO - 1 downstream tasks scheduled from follow-on schedule check
[2025-02-01T19:59:54.340+0000] {local_task_job_runner.py:245} INFO - ::endgroup::
