[2025-01-26T16:42:09.128+0000] {local_task_job_runner.py:123} INFO - ::group::Pre task execution logs
[2025-01-26T16:42:09.153+0000] {taskinstance.py:2613} INFO - Dependencies all met for dep_context=non-requeueable deps ti=<TaskInstance: dag_with_postgres_operator_v03.insert_into_table scheduled__2025-01-24T00:00:00+00:00 [queued]>
[2025-01-26T16:42:09.169+0000] {taskinstance.py:2613} INFO - Dependencies all met for dep_context=requeueable deps ti=<TaskInstance: dag_with_postgres_operator_v03.insert_into_table scheduled__2025-01-24T00:00:00+00:00 [queued]>
[2025-01-26T16:42:09.170+0000] {taskinstance.py:2866} INFO - Starting attempt 1 of 6
[2025-01-26T16:42:09.215+0000] {taskinstance.py:2889} INFO - Executing <Task(PostgresOperator): insert_into_table> on 2025-01-24 00:00:00+00:00
[2025-01-26T16:42:09.223+0000] {standard_task_runner.py:72} INFO - Started process 132 to run task
[2025-01-26T16:42:09.227+0000] {standard_task_runner.py:104} INFO - Running: ['airflow', 'tasks', 'run', 'dag_with_postgres_operator_v03', 'insert_into_table', 'scheduled__2025-01-24T00:00:00+00:00', '--job-id', '38', '--raw', '--subdir', 'DAGS_FOLDER/dag_with_postgres_operator.py', '--cfg-path', '/tmp/tmpmwn5x7uz']
[2025-01-26T16:42:09.230+0000] {standard_task_runner.py:105} INFO - Job 38: Subtask insert_into_table
[2025-01-26T16:42:09.331+0000] {task_command.py:467} INFO - Running <TaskInstance: dag_with_postgres_operator_v03.insert_into_table scheduled__2025-01-24T00:00:00+00:00 [running]> on host b597abfab341
[2025-01-26T16:42:09.484+0000] {taskinstance.py:3132} INFO - Exporting env vars: AIRFLOW_CTX_DAG_OWNER='coder2j' AIRFLOW_CTX_DAG_ID='dag_with_postgres_operator_v03' AIRFLOW_CTX_TASK_ID='insert_into_table' AIRFLOW_CTX_EXECUTION_DATE='2025-01-24T00:00:00+00:00' AIRFLOW_CTX_TRY_NUMBER='1' AIRFLOW_CTX_DAG_RUN_ID='scheduled__2025-01-24T00:00:00+00:00'
[2025-01-26T16:42:09.486+0000] {taskinstance.py:731} INFO - ::endgroup::
[2025-01-26T16:42:09.504+0000] {sql.py:278} INFO - Executing: 
            insert into dag_runs (dt, dag_id) values ('2025-01-24', 'dag_with_postgres_operator_v03')
        
[2025-01-26T16:42:09.519+0000] {base.py:84} INFO - Retrieving connection 'postgres_localhost'
[2025-01-26T16:42:09.610+0000] {base.py:84} INFO - Retrieving connection 'postgres_localhost'
[2025-01-26T16:42:09.622+0000] {sql.py:553} INFO - Running statement: 
            insert into dag_runs (dt, dag_id) values ('2025-01-24', 'dag_with_postgres_operator_v03')
        , parameters: None
[2025-01-26T16:42:09.626+0000] {sql.py:562} INFO - Rows affected: 1
[2025-01-26T16:42:09.637+0000] {taskinstance.py:340} INFO - ::group::Post task execution logs
[2025-01-26T16:42:09.639+0000] {taskinstance.py:352} INFO - Marking task as SUCCESS. dag_id=dag_with_postgres_operator_v03, task_id=insert_into_table, run_id=scheduled__2025-01-24T00:00:00+00:00, execution_date=20250124T000000, start_date=20250126T164209, end_date=20250126T164209
[2025-01-26T16:42:09.697+0000] {local_task_job_runner.py:266} INFO - Task exited with return code 0
[2025-01-26T16:42:09.716+0000] {taskinstance.py:3895} INFO - 0 downstream tasks scheduled from follow-on schedule check
[2025-01-26T16:42:09.718+0000] {local_task_job_runner.py:245} INFO - ::endgroup::
