[2025-02-05T12:11:26.527+0000] {local_task_job_runner.py:123} INFO - ::group::Pre task execution logs
[2025-02-05T12:11:26.540+0000] {taskinstance.py:2613} INFO - Dependencies all met for dep_context=non-requeueable deps ti=<TaskInstance: Temp_elt_postgres.extract_weather_data manual__2025-02-05T11:49:11.271778+00:00 [queued]>
[2025-02-05T12:11:26.547+0000] {taskinstance.py:2613} INFO - Dependencies all met for dep_context=requeueable deps ti=<TaskInstance: Temp_elt_postgres.extract_weather_data manual__2025-02-05T11:49:11.271778+00:00 [queued]>
[2025-02-05T12:11:26.547+0000] {taskinstance.py:2866} INFO - Starting attempt 3 of 4
[2025-02-05T12:11:26.573+0000] {taskinstance.py:2889} INFO - Executing <Task(PythonOperator): extract_weather_data> on 2025-02-05 11:49:11.271778+00:00
[2025-02-05T12:11:26.581+0000] {standard_task_runner.py:104} INFO - Running: ['airflow', 'tasks', 'run', 'Temp_elt_postgres', 'extract_weather_data', 'manual__2025-02-05T11:49:11.271778+00:00', '--job-id', '163', '--raw', '--subdir', 'DAGS_FOLDER/weather_etl_postgres.py', '--cfg-path', '/tmp/tmpbvnhrz83']
[2025-02-05T12:11:26.583+0000] {standard_task_runner.py:105} INFO - Job 163: Subtask extract_weather_data
[2025-02-05T12:11:26.584+0000] {logging_mixin.py:190} WARNING - /home/airflow/.local/lib/python3.12/site-packages/airflow/task/task_runner/standard_task_runner.py:70 DeprecationWarning: This process (pid=93) is multi-threaded, use of fork() may lead to deadlocks in the child.
[2025-02-05T12:11:26.586+0000] {standard_task_runner.py:72} INFO - Started process 103 to run task
[2025-02-05T12:11:26.646+0000] {task_command.py:467} INFO - Running <TaskInstance: Temp_elt_postgres.extract_weather_data manual__2025-02-05T11:49:11.271778+00:00 [running]> on host 2c945e138d0e
[2025-02-05T12:11:26.736+0000] {taskinstance.py:3132} INFO - Exporting env vars: AIRFLOW_CTX_DAG_OWNER='airflow' AIRFLOW_CTX_DAG_ID='Temp_elt_postgres' AIRFLOW_CTX_TASK_ID='extract_weather_data' AIRFLOW_CTX_EXECUTION_DATE='2025-02-05T11:49:11.271778+00:00' AIRFLOW_CTX_TRY_NUMBER='3' AIRFLOW_CTX_DAG_RUN_ID='manual__2025-02-05T11:49:11.271778+00:00'
[2025-02-05T12:11:26.738+0000] {taskinstance.py:731} INFO - ::endgroup::
[2025-02-05T12:11:27.967+0000] {logging_mixin.py:190} INFO - {'location': {'name': 'Gwagwaldda', 'region': 'Federal Capital Territory', 'country': 'Nigeria', 'lat': 8.9414, 'lon': 7.0919, 'tz_id': 'Africa/Lagos', 'localtime_epoch': 1738757234, 'localtime': '2025-02-05 13:07'}, 'current': {'last_updated_epoch': 1738756800, 'last_updated': '2025-02-05 13:00', 'temp_c': 36.6, 'temp_f': 97.8, 'is_day': 1, 'condition': {'text': 'Sunny', 'icon': '//cdn.weatherapi.com/weather/64x64/day/113.png', 'code': 1000}, 'wind_mph': 4.5, 'wind_kph': 7.2, 'wind_degree': 197, 'wind_dir': 'SSW', 'pressure_mb': 1009.0, 'pressure_in': 29.79, 'precip_mm': 0.0, 'precip_in': 0.0, 'humidity': 16, 'cloud': 0, 'feelslike_c': 35.2, 'feelslike_f': 95.3, 'windchill_c': 36.6, 'windchill_f': 97.8, 'heatindex_c': 35.2, 'heatindex_f': 95.3, 'dewpoint_c': 7.1, 'dewpoint_f': 44.8, 'vis_km': 10.0, 'vis_miles': 6.0, 'uv': 8.7, 'gust_mph': 5.1, 'gust_kph': 8.3}}
[2025-02-05T12:11:28.004+0000] {logging_mixin.py:190} INFO -   location.name            location.region  ... current.gust_mph  current.gust_kph
0    Gwagwaldda  Federal Capital Territory  ...              5.1               8.3

[1 rows x 39 columns]
[2025-02-05T12:11:28.243+0000] {logging_mixin.py:190} INFO - Raw data saved partitioned by date.
[2025-02-05T12:11:28.244+0000] {python.py:240} INFO - Done. Returned value was: None
[2025-02-05T12:11:28.255+0000] {taskinstance.py:340} INFO - ::group::Post task execution logs
[2025-02-05T12:11:28.256+0000] {taskinstance.py:352} INFO - Marking task as SUCCESS. dag_id=Temp_elt_postgres, task_id=extract_weather_data, run_id=manual__2025-02-05T11:49:11.271778+00:00, execution_date=20250205T114911, start_date=20250205T121126, end_date=20250205T121128
[2025-02-05T12:11:28.295+0000] {local_task_job_runner.py:266} INFO - Task exited with return code 0
[2025-02-05T12:11:28.365+0000] {taskinstance.py:3895} INFO - 1 downstream tasks scheduled from follow-on schedule check
[2025-02-05T12:11:28.376+0000] {local_task_job_runner.py:245} INFO - ::endgroup::
