[2025-02-05T11:49:17.891+0000] {local_task_job_runner.py:123} INFO - ::group::Pre task execution logs
[2025-02-05T11:49:17.904+0000] {taskinstance.py:2613} INFO - Dependencies all met for dep_context=non-requeueable deps ti=<TaskInstance: Temp_elt_postgres.extract_weather_data manual__2025-02-05T11:49:11.271778+00:00 [queued]>
[2025-02-05T11:49:17.911+0000] {taskinstance.py:2613} INFO - Dependencies all met for dep_context=requeueable deps ti=<TaskInstance: Temp_elt_postgres.extract_weather_data manual__2025-02-05T11:49:11.271778+00:00 [queued]>
[2025-02-05T11:49:17.912+0000] {taskinstance.py:2866} INFO - Starting attempt 1 of 2
[2025-02-05T11:49:17.939+0000] {taskinstance.py:2889} INFO - Executing <Task(PythonOperator): extract_weather_data> on 2025-02-05 11:49:11.271778+00:00
[2025-02-05T11:49:17.957+0000] {logging_mixin.py:190} WARNING - /home/airflow/.local/lib/python3.12/site-packages/airflow/task/task_runner/standard_task_runner.py:70 DeprecationWarning: This process (pid=108) is multi-threaded, use of fork() may lead to deadlocks in the child.
[2025-02-05T11:49:17.952+0000] {standard_task_runner.py:104} INFO - Running: ['airflow', 'tasks', 'run', 'Temp_elt_postgres', 'extract_weather_data', 'manual__2025-02-05T11:49:11.271778+00:00', '--job-id', '153', '--raw', '--subdir', 'DAGS_FOLDER/weather_etl_postgres.py', '--cfg-path', '/tmp/tmppcgh013b']
[2025-02-05T11:49:17.958+0000] {standard_task_runner.py:105} INFO - Job 153: Subtask extract_weather_data
[2025-02-05T11:49:17.958+0000] {standard_task_runner.py:72} INFO - Started process 118 to run task
[2025-02-05T11:49:18.052+0000] {task_command.py:467} INFO - Running <TaskInstance: Temp_elt_postgres.extract_weather_data manual__2025-02-05T11:49:11.271778+00:00 [running]> on host 9c193a39eb11
[2025-02-05T11:49:18.158+0000] {taskinstance.py:3132} INFO - Exporting env vars: AIRFLOW_CTX_DAG_OWNER='airflow' AIRFLOW_CTX_DAG_ID='Temp_elt_postgres' AIRFLOW_CTX_TASK_ID='extract_weather_data' AIRFLOW_CTX_EXECUTION_DATE='2025-02-05T11:49:11.271778+00:00' AIRFLOW_CTX_TRY_NUMBER='1' AIRFLOW_CTX_DAG_RUN_ID='manual__2025-02-05T11:49:11.271778+00:00'
[2025-02-05T11:49:18.159+0000] {taskinstance.py:731} INFO - ::endgroup::
[2025-02-05T11:49:19.262+0000] {logging_mixin.py:190} INFO - {'location': {'name': 'Gwagwaldda', 'region': 'Federal Capital Territory', 'country': 'Nigeria', 'lat': 8.9414, 'lon': 7.0919, 'tz_id': 'Africa/Lagos', 'localtime_epoch': 1738755906, 'localtime': '2025-02-05 12:45'}, 'current': {'last_updated_epoch': 1738755900, 'last_updated': '2025-02-05 12:45', 'temp_c': 35.2, 'temp_f': 95.3, 'is_day': 1, 'condition': {'text': 'Sunny', 'icon': '//cdn.weatherapi.com/weather/64x64/day/113.png', 'code': 1000}, 'wind_mph': 4.9, 'wind_kph': 7.9, 'wind_degree': 182, 'wind_dir': 'S', 'pressure_mb': 1010.0, 'pressure_in': 29.83, 'precip_mm': 0.0, 'precip_in': 0.0, 'humidity': 18, 'cloud': 0, 'feelslike_c': 33.4, 'feelslike_f': 92.1, 'windchill_c': 35.2, 'windchill_f': 95.3, 'heatindex_c': 33.4, 'heatindex_f': 92.1, 'dewpoint_c': 6.9, 'dewpoint_f': 44.5, 'vis_km': 10.0, 'vis_miles': 6.0, 'uv': 8.7, 'gust_mph': 5.7, 'gust_kph': 9.1}}
[2025-02-05T11:49:19.319+0000] {logging_mixin.py:190} INFO -   location.name            location.region  ... current.gust_mph  current.gust_kph
0    Gwagwaldda  Federal Capital Territory  ...              5.7               9.1

[1 rows x 39 columns]
[2025-02-05T11:49:19.718+0000] {logging_mixin.py:190} INFO - Raw data saved partitioned by date.
[2025-02-05T11:49:19.719+0000] {python.py:240} INFO - Done. Returned value was: None
[2025-02-05T11:49:19.730+0000] {taskinstance.py:340} INFO - ::group::Post task execution logs
[2025-02-05T11:49:19.730+0000] {taskinstance.py:352} INFO - Marking task as SUCCESS. dag_id=Temp_elt_postgres, task_id=extract_weather_data, run_id=manual__2025-02-05T11:49:11.271778+00:00, execution_date=20250205T114911, start_date=20250205T114917, end_date=20250205T114919
[2025-02-05T11:49:19.791+0000] {local_task_job_runner.py:266} INFO - Task exited with return code 0
[2025-02-05T11:49:19.828+0000] {taskinstance.py:3895} INFO - 1 downstream tasks scheduled from follow-on schedule check
[2025-02-05T11:49:19.834+0000] {local_task_job_runner.py:245} INFO - ::endgroup::
