[2025-01-06T15:48:34.310+0100] {processor.py:186} INFO - Started process (PID=5479) to work on /Users/azeez.ganiyu/airflow_venv/lib/python3.9/site-packages/airflow/example_dags/example_datasets.py
[2025-01-06T15:48:34.317+0100] {processor.py:914} INFO - Processing file /Users/azeez.ganiyu/airflow_venv/lib/python3.9/site-packages/airflow/example_dags/example_datasets.py for tasks to queue
[2025-01-06T15:48:34.319+0100] {logging_mixin.py:190} INFO - [2025-01-06T15:48:34.319+0100] {dagbag.py:588} INFO - Filling up the DagBag from /Users/azeez.ganiyu/airflow_venv/lib/python3.9/site-packages/airflow/example_dags/example_datasets.py
[2025-01-06T15:48:34.467+0100] {processor.py:925} INFO - DAG(s) 'dataset_consumes_1', 'consume_1_or_2_with_dataset_expressions', 'dataset_consumes_unknown_never_scheduled', 'dataset_produces_1', 'conditional_dataset_and_time_based_timetable', 'dataset_consumes_1_and_2', 'consume_1_or_both_2_and_3_with_dataset_expressions', 'dataset_consumes_1_never_scheduled', 'dataset_produces_2', 'consume_1_and_2_with_dataset_expressions' retrieved from /Users/azeez.ganiyu/airflow_venv/lib/python3.9/site-packages/airflow/example_dags/example_datasets.py
[2025-01-06T15:48:34.637+0100] {logging_mixin.py:190} INFO - [2025-01-06T15:48:34.637+0100] {dag.py:3239} INFO - Sync 10 DAGs
[2025-01-06T15:48:34.657+0100] {logging_mixin.py:190} INFO - [2025-01-06T15:48:34.657+0100] {dag.py:4180} INFO - Setting next_dagrun for conditional_dataset_and_time_based_timetable to 2025-01-01 01:00:00+00:00, run_after=2025-01-01 01:00:00+00:00
[2025-01-06T15:48:34.660+0100] {logging_mixin.py:190} INFO - [2025-01-06T15:48:34.660+0100] {dag.py:4180} INFO - Setting next_dagrun for consume_1_and_2_with_dataset_expressions to None, run_after=None
[2025-01-06T15:48:34.661+0100] {logging_mixin.py:190} INFO - [2025-01-06T15:48:34.661+0100] {dag.py:4180} INFO - Setting next_dagrun for consume_1_or_2_with_dataset_expressions to None, run_after=None
[2025-01-06T15:48:34.662+0100] {logging_mixin.py:190} INFO - [2025-01-06T15:48:34.661+0100] {dag.py:4180} INFO - Setting next_dagrun for consume_1_or_both_2_and_3_with_dataset_expressions to None, run_after=None
[2025-01-06T15:48:34.662+0100] {logging_mixin.py:190} INFO - [2025-01-06T15:48:34.662+0100] {dag.py:4180} INFO - Setting next_dagrun for dataset_consumes_1 to None, run_after=None
[2025-01-06T15:48:34.663+0100] {logging_mixin.py:190} INFO - [2025-01-06T15:48:34.663+0100] {dag.py:4180} INFO - Setting next_dagrun for dataset_consumes_1_and_2 to None, run_after=None
[2025-01-06T15:48:34.664+0100] {logging_mixin.py:190} INFO - [2025-01-06T15:48:34.664+0100] {dag.py:4180} INFO - Setting next_dagrun for dataset_consumes_1_never_scheduled to None, run_after=None
[2025-01-06T15:48:34.664+0100] {logging_mixin.py:190} INFO - [2025-01-06T15:48:34.664+0100] {dag.py:4180} INFO - Setting next_dagrun for dataset_consumes_unknown_never_scheduled to None, run_after=None
[2025-01-06T15:48:34.666+0100] {logging_mixin.py:190} INFO - [2025-01-06T15:48:34.666+0100] {dag.py:4180} INFO - Setting next_dagrun for dataset_produces_1 to 2025-01-05 00:00:00+00:00, run_after=2025-01-06 00:00:00+00:00
[2025-01-06T15:48:34.667+0100] {logging_mixin.py:190} INFO - [2025-01-06T15:48:34.667+0100] {dag.py:4180} INFO - Setting next_dagrun for dataset_produces_2 to None, run_after=None
[2025-01-06T15:48:34.696+0100] {processor.py:208} INFO - Processing /Users/azeez.ganiyu/airflow_venv/lib/python3.9/site-packages/airflow/example_dags/example_datasets.py took 0.394 seconds
[2025-01-06T16:23:54.664+0100] {processor.py:186} INFO - Started process (PID=20016) to work on /Users/azeez.ganiyu/airflow_venv/lib/python3.9/site-packages/airflow/example_dags/example_datasets.py
[2025-01-06T16:23:54.669+0100] {processor.py:914} INFO - Processing file /Users/azeez.ganiyu/airflow_venv/lib/python3.9/site-packages/airflow/example_dags/example_datasets.py for tasks to queue
[2025-01-06T16:23:54.670+0100] {logging_mixin.py:190} INFO - [2025-01-06T16:23:54.670+0100] {dagbag.py:588} INFO - Filling up the DagBag from /Users/azeez.ganiyu/airflow_venv/lib/python3.9/site-packages/airflow/example_dags/example_datasets.py
[2025-01-06T16:23:54.806+0100] {processor.py:925} INFO - DAG(s) 'dataset_produces_2', 'dataset_consumes_1_and_2', 'consume_1_or_both_2_and_3_with_dataset_expressions', 'consume_1_and_2_with_dataset_expressions', 'dataset_consumes_1_never_scheduled', 'dataset_consumes_1', 'consume_1_or_2_with_dataset_expressions', 'conditional_dataset_and_time_based_timetable', 'dataset_produces_1', 'dataset_consumes_unknown_never_scheduled' retrieved from /Users/azeez.ganiyu/airflow_venv/lib/python3.9/site-packages/airflow/example_dags/example_datasets.py
[2025-01-06T16:23:54.976+0100] {logging_mixin.py:190} INFO - [2025-01-06T16:23:54.976+0100] {dag.py:3239} INFO - Sync 10 DAGs
[2025-01-06T16:23:54.996+0100] {logging_mixin.py:190} INFO - [2025-01-06T16:23:54.996+0100] {dag.py:4180} INFO - Setting next_dagrun for conditional_dataset_and_time_based_timetable to 2025-01-01 01:00:00+00:00, run_after=2025-01-01 01:00:00+00:00
[2025-01-06T16:23:54.999+0100] {logging_mixin.py:190} INFO - [2025-01-06T16:23:54.999+0100] {dag.py:4180} INFO - Setting next_dagrun for consume_1_and_2_with_dataset_expressions to None, run_after=None
[2025-01-06T16:23:55.000+0100] {logging_mixin.py:190} INFO - [2025-01-06T16:23:55.000+0100] {dag.py:4180} INFO - Setting next_dagrun for consume_1_or_2_with_dataset_expressions to None, run_after=None
[2025-01-06T16:23:55.001+0100] {logging_mixin.py:190} INFO - [2025-01-06T16:23:55.001+0100] {dag.py:4180} INFO - Setting next_dagrun for consume_1_or_both_2_and_3_with_dataset_expressions to None, run_after=None
[2025-01-06T16:23:55.002+0100] {logging_mixin.py:190} INFO - [2025-01-06T16:23:55.002+0100] {dag.py:4180} INFO - Setting next_dagrun for dataset_consumes_1 to None, run_after=None
[2025-01-06T16:23:55.004+0100] {logging_mixin.py:190} INFO - [2025-01-06T16:23:55.003+0100] {dag.py:4180} INFO - Setting next_dagrun for dataset_consumes_1_and_2 to None, run_after=None
[2025-01-06T16:23:55.005+0100] {logging_mixin.py:190} INFO - [2025-01-06T16:23:55.005+0100] {dag.py:4180} INFO - Setting next_dagrun for dataset_consumes_1_never_scheduled to None, run_after=None
[2025-01-06T16:23:55.006+0100] {logging_mixin.py:190} INFO - [2025-01-06T16:23:55.006+0100] {dag.py:4180} INFO - Setting next_dagrun for dataset_consumes_unknown_never_scheduled to None, run_after=None
[2025-01-06T16:23:55.009+0100] {logging_mixin.py:190} INFO - [2025-01-06T16:23:55.008+0100] {dag.py:4180} INFO - Setting next_dagrun for dataset_produces_1 to 2025-01-05 00:00:00+00:00, run_after=2025-01-06 00:00:00+00:00
[2025-01-06T16:23:55.010+0100] {logging_mixin.py:190} INFO - [2025-01-06T16:23:55.010+0100] {dag.py:4180} INFO - Setting next_dagrun for dataset_produces_2 to None, run_after=None
[2025-01-06T16:23:55.041+0100] {processor.py:208} INFO - Processing /Users/azeez.ganiyu/airflow_venv/lib/python3.9/site-packages/airflow/example_dags/example_datasets.py took 0.385 seconds
