[2025-01-06T01:55:28.645+0100] {processor.py:186} INFO - Started process (PID=4834) to work on /Users/azeez.ganiyu/airflow_venv/lib/python3.9/site-packages/airflow/example_dags/example_setup_teardown_taskflow.py
[2025-01-06T01:55:28.651+0100] {processor.py:914} INFO - Processing file /Users/azeez.ganiyu/airflow_venv/lib/python3.9/site-packages/airflow/example_dags/example_setup_teardown_taskflow.py for tasks to queue
[2025-01-06T01:55:28.652+0100] {logging_mixin.py:190} INFO - [2025-01-06T01:55:28.651+0100] {dagbag.py:588} INFO - Filling up the DagBag from /Users/azeez.ganiyu/airflow_venv/lib/python3.9/site-packages/airflow/example_dags/example_setup_teardown_taskflow.py
[2025-01-06T01:55:28.707+0100] {processor.py:925} INFO - DAG(s) 'example_setup_teardown_taskflow' retrieved from /Users/azeez.ganiyu/airflow_venv/lib/python3.9/site-packages/airflow/example_dags/example_setup_teardown_taskflow.py
[2025-01-06T01:55:28.845+0100] {logging_mixin.py:190} INFO - [2025-01-06T01:55:28.844+0100] {dag.py:3239} INFO - Sync 1 DAGs
[2025-01-06T01:55:28.854+0100] {logging_mixin.py:190} INFO - [2025-01-06T01:55:28.854+0100] {dag.py:4180} INFO - Setting next_dagrun for example_setup_teardown_taskflow to None, run_after=None
[2025-01-06T01:55:28.872+0100] {processor.py:208} INFO - Processing /Users/azeez.ganiyu/airflow_venv/lib/python3.9/site-packages/airflow/example_dags/example_setup_teardown_taskflow.py took 0.235 seconds
[2025-01-06T16:17:01.725+0100] {processor.py:186} INFO - Started process (PID=17049) to work on /Users/azeez.ganiyu/airflow_venv/lib/python3.9/site-packages/airflow/example_dags/example_setup_teardown_taskflow.py
[2025-01-06T16:17:01.730+0100] {processor.py:914} INFO - Processing file /Users/azeez.ganiyu/airflow_venv/lib/python3.9/site-packages/airflow/example_dags/example_setup_teardown_taskflow.py for tasks to queue
[2025-01-06T16:17:01.731+0100] {logging_mixin.py:190} INFO - [2025-01-06T16:17:01.731+0100] {dagbag.py:588} INFO - Filling up the DagBag from /Users/azeez.ganiyu/airflow_venv/lib/python3.9/site-packages/airflow/example_dags/example_setup_teardown_taskflow.py
[2025-01-06T16:17:01.797+0100] {processor.py:925} INFO - DAG(s) 'example_setup_teardown_taskflow' retrieved from /Users/azeez.ganiyu/airflow_venv/lib/python3.9/site-packages/airflow/example_dags/example_setup_teardown_taskflow.py
[2025-01-06T16:17:01.943+0100] {logging_mixin.py:190} INFO - [2025-01-06T16:17:01.943+0100] {dag.py:3239} INFO - Sync 1 DAGs
[2025-01-06T16:17:01.955+0100] {logging_mixin.py:190} INFO - [2025-01-06T16:17:01.954+0100] {dag.py:4180} INFO - Setting next_dagrun for example_setup_teardown_taskflow to None, run_after=None
[2025-01-06T16:17:01.976+0100] {processor.py:208} INFO - Processing /Users/azeez.ganiyu/airflow_venv/lib/python3.9/site-packages/airflow/example_dags/example_setup_teardown_taskflow.py took 0.259 seconds
[2025-01-06T16:22:27.215+0100] {processor.py:186} INFO - Started process (PID=19546) to work on /Users/azeez.ganiyu/airflow_venv/lib/python3.9/site-packages/airflow/example_dags/example_setup_teardown_taskflow.py
[2025-01-06T16:22:27.221+0100] {processor.py:914} INFO - Processing file /Users/azeez.ganiyu/airflow_venv/lib/python3.9/site-packages/airflow/example_dags/example_setup_teardown_taskflow.py for tasks to queue
[2025-01-06T16:22:27.222+0100] {logging_mixin.py:190} INFO - [2025-01-06T16:22:27.221+0100] {dagbag.py:588} INFO - Filling up the DagBag from /Users/azeez.ganiyu/airflow_venv/lib/python3.9/site-packages/airflow/example_dags/example_setup_teardown_taskflow.py
[2025-01-06T16:22:27.290+0100] {processor.py:925} INFO - DAG(s) 'example_setup_teardown_taskflow' retrieved from /Users/azeez.ganiyu/airflow_venv/lib/python3.9/site-packages/airflow/example_dags/example_setup_teardown_taskflow.py
[2025-01-06T16:22:27.487+0100] {logging_mixin.py:190} INFO - [2025-01-06T16:22:27.486+0100] {dag.py:3239} INFO - Sync 1 DAGs
[2025-01-06T16:22:27.502+0100] {logging_mixin.py:190} INFO - [2025-01-06T16:22:27.501+0100] {dag.py:4180} INFO - Setting next_dagrun for example_setup_teardown_taskflow to None, run_after=None
[2025-01-06T16:22:27.524+0100] {processor.py:208} INFO - Processing /Users/azeez.ganiyu/airflow_venv/lib/python3.9/site-packages/airflow/example_dags/example_setup_teardown_taskflow.py took 0.318 seconds
