[2025-01-06T15:48:38.627+0100] {processor.py:186} INFO - Started process (PID=5491) to work on /Users/azeez.ganiyu/airflow_venv/lib/python3.9/site-packages/airflow/example_dags/example_dataset_alias_with_no_taskflow.py
[2025-01-06T15:48:38.633+0100] {processor.py:914} INFO - Processing file /Users/azeez.ganiyu/airflow_venv/lib/python3.9/site-packages/airflow/example_dags/example_dataset_alias_with_no_taskflow.py for tasks to queue
[2025-01-06T15:48:38.634+0100] {logging_mixin.py:190} INFO - [2025-01-06T15:48:38.634+0100] {dagbag.py:588} INFO - Filling up the DagBag from /Users/azeez.ganiyu/airflow_venv/lib/python3.9/site-packages/airflow/example_dags/example_dataset_alias_with_no_taskflow.py
[2025-01-06T15:48:38.918+0100] {processor.py:925} INFO - DAG(s) 'dataset_s3_bucket_producer_with_no_taskflow', 'dataset_s3_bucket_consumer_with_no_taskflow', 'dataset_alias_example_alias_producer_with_no_taskflow', 'dataset_alias_example_alias_consumer_with_no_taskflow' retrieved from /Users/azeez.ganiyu/airflow_venv/lib/python3.9/site-packages/airflow/example_dags/example_dataset_alias_with_no_taskflow.py
[2025-01-06T15:48:38.947+0100] {logging_mixin.py:190} INFO - [2025-01-06T15:48:38.946+0100] {dag.py:3239} INFO - Sync 4 DAGs
[2025-01-06T15:48:38.962+0100] {logging_mixin.py:190} INFO - [2025-01-06T15:48:38.961+0100] {dag.py:4180} INFO - Setting next_dagrun for dataset_alias_example_alias_consumer_with_no_taskflow to None, run_after=None
[2025-01-06T15:48:38.963+0100] {logging_mixin.py:190} INFO - [2025-01-06T15:48:38.963+0100] {dag.py:4180} INFO - Setting next_dagrun for dataset_alias_example_alias_producer_with_no_taskflow to None, run_after=None
[2025-01-06T15:48:38.964+0100] {logging_mixin.py:190} INFO - [2025-01-06T15:48:38.964+0100] {dag.py:4180} INFO - Setting next_dagrun for dataset_s3_bucket_consumer_with_no_taskflow to None, run_after=None
[2025-01-06T15:48:38.965+0100] {logging_mixin.py:190} INFO - [2025-01-06T15:48:38.965+0100] {dag.py:4180} INFO - Setting next_dagrun for dataset_s3_bucket_producer_with_no_taskflow to None, run_after=None
[2025-01-06T15:48:38.988+0100] {processor.py:208} INFO - Processing /Users/azeez.ganiyu/airflow_venv/lib/python3.9/site-packages/airflow/example_dags/example_dataset_alias_with_no_taskflow.py took 0.369 seconds
[2025-01-06T16:23:59.173+0100] {processor.py:186} INFO - Started process (PID=20038) to work on /Users/azeez.ganiyu/airflow_venv/lib/python3.9/site-packages/airflow/example_dags/example_dataset_alias_with_no_taskflow.py
[2025-01-06T16:23:59.188+0100] {processor.py:914} INFO - Processing file /Users/azeez.ganiyu/airflow_venv/lib/python3.9/site-packages/airflow/example_dags/example_dataset_alias_with_no_taskflow.py for tasks to queue
[2025-01-06T16:23:59.190+0100] {logging_mixin.py:190} INFO - [2025-01-06T16:23:59.190+0100] {dagbag.py:588} INFO - Filling up the DagBag from /Users/azeez.ganiyu/airflow_venv/lib/python3.9/site-packages/airflow/example_dags/example_dataset_alias_with_no_taskflow.py
[2025-01-06T16:23:59.497+0100] {processor.py:925} INFO - DAG(s) 'dataset_alias_example_alias_producer_with_no_taskflow', 'dataset_s3_bucket_producer_with_no_taskflow', 'dataset_alias_example_alias_consumer_with_no_taskflow', 'dataset_s3_bucket_consumer_with_no_taskflow' retrieved from /Users/azeez.ganiyu/airflow_venv/lib/python3.9/site-packages/airflow/example_dags/example_dataset_alias_with_no_taskflow.py
[2025-01-06T16:23:59.527+0100] {logging_mixin.py:190} INFO - [2025-01-06T16:23:59.526+0100] {dag.py:3239} INFO - Sync 4 DAGs
[2025-01-06T16:23:59.547+0100] {logging_mixin.py:190} INFO - [2025-01-06T16:23:59.546+0100] {dag.py:4180} INFO - Setting next_dagrun for dataset_alias_example_alias_consumer_with_no_taskflow to None, run_after=None
[2025-01-06T16:23:59.550+0100] {logging_mixin.py:190} INFO - [2025-01-06T16:23:59.550+0100] {dag.py:4180} INFO - Setting next_dagrun for dataset_alias_example_alias_producer_with_no_taskflow to None, run_after=None
[2025-01-06T16:23:59.552+0100] {logging_mixin.py:190} INFO - [2025-01-06T16:23:59.551+0100] {dag.py:4180} INFO - Setting next_dagrun for dataset_s3_bucket_consumer_with_no_taskflow to None, run_after=None
[2025-01-06T16:23:59.553+0100] {logging_mixin.py:190} INFO - [2025-01-06T16:23:59.553+0100] {dag.py:4180} INFO - Setting next_dagrun for dataset_s3_bucket_producer_with_no_taskflow to None, run_after=None
[2025-01-06T16:23:59.585+0100] {processor.py:208} INFO - Processing /Users/azeez.ganiyu/airflow_venv/lib/python3.9/site-packages/airflow/example_dags/example_dataset_alias_with_no_taskflow.py took 0.419 seconds
