[2025-01-06T01:47:37.100+0100] {processor.py:186} INFO - Started process (PID=3718) to work on /Users/azeez.ganiyu/airflow_venv/lib/python3.9/site-packages/airflow/example_dags/example_inlet_event_extra.py
[2025-01-06T01:47:37.105+0100] {processor.py:914} INFO - Processing file /Users/azeez.ganiyu/airflow_venv/lib/python3.9/site-packages/airflow/example_dags/example_inlet_event_extra.py for tasks to queue
[2025-01-06T01:47:37.107+0100] {logging_mixin.py:190} INFO - [2025-01-06T01:47:37.106+0100] {dagbag.py:588} INFO - Filling up the DagBag from /Users/azeez.ganiyu/airflow_venv/lib/python3.9/site-packages/airflow/example_dags/example_inlet_event_extra.py
[2025-01-06T01:47:37.305+0100] {processor.py:925} INFO - DAG(s) 'read_dataset_event_from_classic', 'read_dataset_event' retrieved from /Users/azeez.ganiyu/airflow_venv/lib/python3.9/site-packages/airflow/example_dags/example_inlet_event_extra.py
[2025-01-06T01:47:37.400+0100] {logging_mixin.py:190} INFO - [2025-01-06T01:47:37.400+0100] {dag.py:3239} INFO - Sync 2 DAGs
[2025-01-06T01:47:37.416+0100] {logging_mixin.py:190} INFO - [2025-01-06T01:47:37.416+0100] {dag.py:4180} INFO - Setting next_dagrun for read_dataset_event to 2025-01-05 00:00:00+00:00, run_after=2025-01-06 00:00:00+00:00
[2025-01-06T01:47:37.419+0100] {logging_mixin.py:190} INFO - [2025-01-06T01:47:37.419+0100] {dag.py:4180} INFO - Setting next_dagrun for read_dataset_event_from_classic to 2025-01-05 00:00:00+00:00, run_after=2025-01-06 00:00:00+00:00
[2025-01-06T01:47:37.437+0100] {processor.py:208} INFO - Processing /Users/azeez.ganiyu/airflow_venv/lib/python3.9/site-packages/airflow/example_dags/example_inlet_event_extra.py took 0.345 seconds
[2025-01-06T15:48:11.225+0100] {processor.py:186} INFO - Started process (PID=5313) to work on /Users/azeez.ganiyu/airflow_venv/lib/python3.9/site-packages/airflow/example_dags/example_inlet_event_extra.py
[2025-01-06T15:48:11.232+0100] {processor.py:914} INFO - Processing file /Users/azeez.ganiyu/airflow_venv/lib/python3.9/site-packages/airflow/example_dags/example_inlet_event_extra.py for tasks to queue
[2025-01-06T15:48:11.234+0100] {logging_mixin.py:190} INFO - [2025-01-06T15:48:11.234+0100] {dagbag.py:588} INFO - Filling up the DagBag from /Users/azeez.ganiyu/airflow_venv/lib/python3.9/site-packages/airflow/example_dags/example_inlet_event_extra.py
[2025-01-06T15:48:11.831+0100] {processor.py:925} INFO - DAG(s) 'read_dataset_event_from_classic', 'read_dataset_event' retrieved from /Users/azeez.ganiyu/airflow_venv/lib/python3.9/site-packages/airflow/example_dags/example_inlet_event_extra.py
[2025-01-06T15:48:12.133+0100] {logging_mixin.py:190} INFO - [2025-01-06T15:48:12.132+0100] {dag.py:3239} INFO - Sync 2 DAGs
[2025-01-06T15:48:12.169+0100] {logging_mixin.py:190} INFO - [2025-01-06T15:48:12.168+0100] {dag.py:4180} INFO - Setting next_dagrun for read_dataset_event to 2025-01-05 00:00:00+00:00, run_after=2025-01-06 00:00:00+00:00
[2025-01-06T15:48:12.178+0100] {logging_mixin.py:190} INFO - [2025-01-06T15:48:12.178+0100] {dag.py:4180} INFO - Setting next_dagrun for read_dataset_event_from_classic to 2025-01-05 00:00:00+00:00, run_after=2025-01-06 00:00:00+00:00
[2025-01-06T15:48:12.211+0100] {processor.py:208} INFO - Processing /Users/azeez.ganiyu/airflow_venv/lib/python3.9/site-packages/airflow/example_dags/example_inlet_event_extra.py took 0.996 seconds
[2025-01-06T16:23:32.995+0100] {processor.py:186} INFO - Started process (PID=19898) to work on /Users/azeez.ganiyu/airflow_venv/lib/python3.9/site-packages/airflow/example_dags/example_inlet_event_extra.py
[2025-01-06T16:23:33.000+0100] {processor.py:914} INFO - Processing file /Users/azeez.ganiyu/airflow_venv/lib/python3.9/site-packages/airflow/example_dags/example_inlet_event_extra.py for tasks to queue
[2025-01-06T16:23:33.002+0100] {logging_mixin.py:190} INFO - [2025-01-06T16:23:33.002+0100] {dagbag.py:588} INFO - Filling up the DagBag from /Users/azeez.ganiyu/airflow_venv/lib/python3.9/site-packages/airflow/example_dags/example_inlet_event_extra.py
[2025-01-06T16:23:33.230+0100] {processor.py:925} INFO - DAG(s) 'read_dataset_event', 'read_dataset_event_from_classic' retrieved from /Users/azeez.ganiyu/airflow_venv/lib/python3.9/site-packages/airflow/example_dags/example_inlet_event_extra.py
[2025-01-06T16:23:33.336+0100] {logging_mixin.py:190} INFO - [2025-01-06T16:23:33.336+0100] {dag.py:3239} INFO - Sync 2 DAGs
[2025-01-06T16:23:33.354+0100] {logging_mixin.py:190} INFO - [2025-01-06T16:23:33.354+0100] {dag.py:4180} INFO - Setting next_dagrun for read_dataset_event to 2025-01-05 00:00:00+00:00, run_after=2025-01-06 00:00:00+00:00
[2025-01-06T16:23:33.358+0100] {logging_mixin.py:190} INFO - [2025-01-06T16:23:33.358+0100] {dag.py:4180} INFO - Setting next_dagrun for read_dataset_event_from_classic to 2025-01-05 00:00:00+00:00, run_after=2025-01-06 00:00:00+00:00
[2025-01-06T16:23:33.379+0100] {processor.py:208} INFO - Processing /Users/azeez.ganiyu/airflow_venv/lib/python3.9/site-packages/airflow/example_dags/example_inlet_event_extra.py took 0.392 seconds
