[2025-01-06T01:49:05.999+0100] {processor.py:186} INFO - Started process (PID=3932) to work on /Users/azeez.ganiyu/airflow_venv/lib/python3.9/site-packages/airflow/example_dags/example_branch_day_of_week_operator.py
[2025-01-06T01:49:06.004+0100] {processor.py:914} INFO - Processing file /Users/azeez.ganiyu/airflow_venv/lib/python3.9/site-packages/airflow/example_dags/example_branch_day_of_week_operator.py for tasks to queue
[2025-01-06T01:49:06.005+0100] {logging_mixin.py:190} INFO - [2025-01-06T01:49:06.005+0100] {dagbag.py:588} INFO - Filling up the DagBag from /Users/azeez.ganiyu/airflow_venv/lib/python3.9/site-packages/airflow/example_dags/example_branch_day_of_week_operator.py
[2025-01-06T01:49:06.024+0100] {processor.py:925} INFO - DAG(s) 'example_weekday_branch_operator' retrieved from /Users/azeez.ganiyu/airflow_venv/lib/python3.9/site-packages/airflow/example_dags/example_branch_day_of_week_operator.py
[2025-01-06T01:49:06.173+0100] {logging_mixin.py:190} INFO - [2025-01-06T01:49:06.173+0100] {dag.py:3239} INFO - Sync 1 DAGs
[2025-01-06T01:49:06.193+0100] {logging_mixin.py:190} INFO - [2025-01-06T01:49:06.192+0100] {dag.py:4180} INFO - Setting next_dagrun for example_weekday_branch_operator to 2025-01-05 00:00:00+00:00, run_after=2025-01-06 00:00:00+00:00
[2025-01-06T01:49:06.213+0100] {processor.py:208} INFO - Processing /Users/azeez.ganiyu/airflow_venv/lib/python3.9/site-packages/airflow/example_dags/example_branch_day_of_week_operator.py took 0.222 seconds
[2025-01-06T15:49:08.495+0100] {processor.py:186} INFO - Started process (PID=5592) to work on /Users/azeez.ganiyu/airflow_venv/lib/python3.9/site-packages/airflow/example_dags/example_branch_day_of_week_operator.py
[2025-01-06T15:49:08.500+0100] {processor.py:914} INFO - Processing file /Users/azeez.ganiyu/airflow_venv/lib/python3.9/site-packages/airflow/example_dags/example_branch_day_of_week_operator.py for tasks to queue
[2025-01-06T15:49:08.501+0100] {logging_mixin.py:190} INFO - [2025-01-06T15:49:08.501+0100] {dagbag.py:588} INFO - Filling up the DagBag from /Users/azeez.ganiyu/airflow_venv/lib/python3.9/site-packages/airflow/example_dags/example_branch_day_of_week_operator.py
[2025-01-06T15:49:08.523+0100] {processor.py:925} INFO - DAG(s) 'example_weekday_branch_operator' retrieved from /Users/azeez.ganiyu/airflow_venv/lib/python3.9/site-packages/airflow/example_dags/example_branch_day_of_week_operator.py
[2025-01-06T15:49:08.664+0100] {logging_mixin.py:190} INFO - [2025-01-06T15:49:08.664+0100] {dag.py:3239} INFO - Sync 1 DAGs
[2025-01-06T15:49:08.681+0100] {logging_mixin.py:190} INFO - [2025-01-06T15:49:08.680+0100] {dag.py:4180} INFO - Setting next_dagrun for example_weekday_branch_operator to 2025-01-05 00:00:00+00:00, run_after=2025-01-06 00:00:00+00:00
[2025-01-06T15:49:08.701+0100] {processor.py:208} INFO - Processing /Users/azeez.ganiyu/airflow_venv/lib/python3.9/site-packages/airflow/example_dags/example_branch_day_of_week_operator.py took 0.213 seconds
[2025-01-06T16:24:33.058+0100] {processor.py:186} INFO - Started process (PID=20220) to work on /Users/azeez.ganiyu/airflow_venv/lib/python3.9/site-packages/airflow/example_dags/example_branch_day_of_week_operator.py
[2025-01-06T16:24:33.065+0100] {processor.py:914} INFO - Processing file /Users/azeez.ganiyu/airflow_venv/lib/python3.9/site-packages/airflow/example_dags/example_branch_day_of_week_operator.py for tasks to queue
[2025-01-06T16:24:33.066+0100] {logging_mixin.py:190} INFO - [2025-01-06T16:24:33.066+0100] {dagbag.py:588} INFO - Filling up the DagBag from /Users/azeez.ganiyu/airflow_venv/lib/python3.9/site-packages/airflow/example_dags/example_branch_day_of_week_operator.py
[2025-01-06T16:24:33.089+0100] {processor.py:925} INFO - DAG(s) 'example_weekday_branch_operator' retrieved from /Users/azeez.ganiyu/airflow_venv/lib/python3.9/site-packages/airflow/example_dags/example_branch_day_of_week_operator.py
[2025-01-06T16:24:33.279+0100] {logging_mixin.py:190} INFO - [2025-01-06T16:24:33.278+0100] {dag.py:3239} INFO - Sync 1 DAGs
[2025-01-06T16:24:33.301+0100] {logging_mixin.py:190} INFO - [2025-01-06T16:24:33.301+0100] {dag.py:4180} INFO - Setting next_dagrun for example_weekday_branch_operator to 2025-01-05 00:00:00+00:00, run_after=2025-01-06 00:00:00+00:00
[2025-01-06T16:24:33.327+0100] {processor.py:208} INFO - Processing /Users/azeez.ganiyu/airflow_venv/lib/python3.9/site-packages/airflow/example_dags/example_branch_day_of_week_operator.py took 0.278 seconds
