[2025-01-06T01:46:40.392+0100] {processor.py:186} INFO - Started process (PID=3564) to work on /Users/azeez.ganiyu/airflow_venv/lib/python3.9/site-packages/airflow/example_dags/example_latest_only_with_trigger.py
[2025-01-06T01:46:40.399+0100] {processor.py:914} INFO - Processing file /Users/azeez.ganiyu/airflow_venv/lib/python3.9/site-packages/airflow/example_dags/example_latest_only_with_trigger.py for tasks to queue
[2025-01-06T01:46:40.401+0100] {logging_mixin.py:190} INFO - [2025-01-06T01:46:40.400+0100] {dagbag.py:588} INFO - Filling up the DagBag from /Users/azeez.ganiyu/airflow_venv/lib/python3.9/site-packages/airflow/example_dags/example_latest_only_with_trigger.py
[2025-01-06T01:46:40.421+0100] {processor.py:925} INFO - DAG(s) 'latest_only_with_trigger' retrieved from /Users/azeez.ganiyu/airflow_venv/lib/python3.9/site-packages/airflow/example_dags/example_latest_only_with_trigger.py
[2025-01-06T01:46:40.654+0100] {logging_mixin.py:190} INFO - [2025-01-06T01:46:40.653+0100] {dag.py:3239} INFO - Sync 1 DAGs
[2025-01-06T01:46:40.691+0100] {logging_mixin.py:190} INFO - [2025-01-06T01:46:40.691+0100] {dag.py:4180} INFO - Setting next_dagrun for latest_only_with_trigger to 2025-01-05 20:00:00+00:00, run_after=2025-01-06 00:00:00+00:00
[2025-01-06T01:46:40.721+0100] {processor.py:208} INFO - Processing /Users/azeez.ganiyu/airflow_venv/lib/python3.9/site-packages/airflow/example_dags/example_latest_only_with_trigger.py took 0.337 seconds
[2025-01-06T13:46:00.206+0100] {processor.py:186} INFO - Started process (PID=5151) to work on /Users/azeez.ganiyu/airflow_venv/lib/python3.9/site-packages/airflow/example_dags/example_latest_only_with_trigger.py
[2025-01-06T13:46:00.212+0100] {processor.py:914} INFO - Processing file /Users/azeez.ganiyu/airflow_venv/lib/python3.9/site-packages/airflow/example_dags/example_latest_only_with_trigger.py for tasks to queue
[2025-01-06T13:46:00.214+0100] {logging_mixin.py:190} INFO - [2025-01-06T13:46:00.214+0100] {dagbag.py:588} INFO - Filling up the DagBag from /Users/azeez.ganiyu/airflow_venv/lib/python3.9/site-packages/airflow/example_dags/example_latest_only_with_trigger.py
[2025-01-06T13:46:00.232+0100] {processor.py:925} INFO - DAG(s) 'latest_only_with_trigger' retrieved from /Users/azeez.ganiyu/airflow_venv/lib/python3.9/site-packages/airflow/example_dags/example_latest_only_with_trigger.py
[2025-01-06T13:46:00.416+0100] {logging_mixin.py:190} INFO - [2025-01-06T13:46:00.416+0100] {dag.py:3239} INFO - Sync 1 DAGs
[2025-01-06T13:46:00.453+0100] {logging_mixin.py:190} INFO - [2025-01-06T13:46:00.452+0100] {dag.py:4180} INFO - Setting next_dagrun for latest_only_with_trigger to 2025-01-06 08:00:00+00:00, run_after=2025-01-06 12:00:00+00:00
[2025-01-06T13:46:00.521+0100] {processor.py:208} INFO - Processing /Users/azeez.ganiyu/airflow_venv/lib/python3.9/site-packages/airflow/example_dags/example_latest_only_with_trigger.py took 0.323 seconds
[2025-01-06T16:23:20.324+0100] {processor.py:186} INFO - Started process (PID=19831) to work on /Users/azeez.ganiyu/airflow_venv/lib/python3.9/site-packages/airflow/example_dags/example_latest_only_with_trigger.py
[2025-01-06T16:23:20.329+0100] {processor.py:914} INFO - Processing file /Users/azeez.ganiyu/airflow_venv/lib/python3.9/site-packages/airflow/example_dags/example_latest_only_with_trigger.py for tasks to queue
[2025-01-06T16:23:20.330+0100] {logging_mixin.py:190} INFO - [2025-01-06T16:23:20.330+0100] {dagbag.py:588} INFO - Filling up the DagBag from /Users/azeez.ganiyu/airflow_venv/lib/python3.9/site-packages/airflow/example_dags/example_latest_only_with_trigger.py
[2025-01-06T16:23:20.348+0100] {processor.py:925} INFO - DAG(s) 'latest_only_with_trigger' retrieved from /Users/azeez.ganiyu/airflow_venv/lib/python3.9/site-packages/airflow/example_dags/example_latest_only_with_trigger.py
[2025-01-06T16:23:20.533+0100] {logging_mixin.py:190} INFO - [2025-01-06T16:23:20.532+0100] {dag.py:3239} INFO - Sync 1 DAGs
[2025-01-06T16:23:20.556+0100] {logging_mixin.py:190} INFO - [2025-01-06T16:23:20.556+0100] {dag.py:4180} INFO - Setting next_dagrun for latest_only_with_trigger to 2025-01-06 08:00:00+00:00, run_after=2025-01-06 12:00:00+00:00
[2025-01-06T16:23:20.578+0100] {processor.py:208} INFO - Processing /Users/azeez.ganiyu/airflow_venv/lib/python3.9/site-packages/airflow/example_dags/example_latest_only_with_trigger.py took 0.262 seconds
