[2025-01-06T01:53:57.108+0100] {processor.py:186} INFO - Started process (PID=4596) to work on /Users/azeez.ganiyu/airflow_venv/lib/python3.9/site-packages/airflow/example_dags/example_trigger_controller_dag.py
[2025-01-06T01:53:57.114+0100] {processor.py:914} INFO - Processing file /Users/azeez.ganiyu/airflow_venv/lib/python3.9/site-packages/airflow/example_dags/example_trigger_controller_dag.py for tasks to queue
[2025-01-06T01:53:57.116+0100] {logging_mixin.py:190} INFO - [2025-01-06T01:53:57.116+0100] {dagbag.py:588} INFO - Filling up the DagBag from /Users/azeez.ganiyu/airflow_venv/lib/python3.9/site-packages/airflow/example_dags/example_trigger_controller_dag.py
[2025-01-06T01:53:57.141+0100] {processor.py:925} INFO - DAG(s) 'example_trigger_controller_dag' retrieved from /Users/azeez.ganiyu/airflow_venv/lib/python3.9/site-packages/airflow/example_dags/example_trigger_controller_dag.py
[2025-01-06T01:53:57.274+0100] {logging_mixin.py:190} INFO - [2025-01-06T01:53:57.274+0100] {dag.py:3239} INFO - Sync 1 DAGs
[2025-01-06T01:53:57.288+0100] {logging_mixin.py:190} INFO - [2025-01-06T01:53:57.287+0100] {dag.py:4180} INFO - Setting next_dagrun for example_trigger_controller_dag to 2021-01-01 00:00:00+00:00, run_after=2021-01-01 00:00:00+00:00
[2025-01-06T01:53:57.308+0100] {processor.py:208} INFO - Processing /Users/azeez.ganiyu/airflow_venv/lib/python3.9/site-packages/airflow/example_dags/example_trigger_controller_dag.py took 0.209 seconds
[2025-01-06T16:16:24.864+0100] {processor.py:186} INFO - Started process (PID=16843) to work on /Users/azeez.ganiyu/airflow_venv/lib/python3.9/site-packages/airflow/example_dags/example_trigger_controller_dag.py
[2025-01-06T16:16:24.870+0100] {processor.py:914} INFO - Processing file /Users/azeez.ganiyu/airflow_venv/lib/python3.9/site-packages/airflow/example_dags/example_trigger_controller_dag.py for tasks to queue
[2025-01-06T16:16:24.871+0100] {logging_mixin.py:190} INFO - [2025-01-06T16:16:24.871+0100] {dagbag.py:588} INFO - Filling up the DagBag from /Users/azeez.ganiyu/airflow_venv/lib/python3.9/site-packages/airflow/example_dags/example_trigger_controller_dag.py
[2025-01-06T16:16:24.896+0100] {processor.py:925} INFO - DAG(s) 'example_trigger_controller_dag' retrieved from /Users/azeez.ganiyu/airflow_venv/lib/python3.9/site-packages/airflow/example_dags/example_trigger_controller_dag.py
[2025-01-06T16:16:25.035+0100] {logging_mixin.py:190} INFO - [2025-01-06T16:16:25.034+0100] {dag.py:3239} INFO - Sync 1 DAGs
[2025-01-06T16:16:25.049+0100] {logging_mixin.py:190} INFO - [2025-01-06T16:16:25.049+0100] {dag.py:4180} INFO - Setting next_dagrun for example_trigger_controller_dag to 2021-01-01 00:00:00+00:00, run_after=2021-01-01 00:00:00+00:00
[2025-01-06T16:16:25.071+0100] {processor.py:208} INFO - Processing /Users/azeez.ganiyu/airflow_venv/lib/python3.9/site-packages/airflow/example_dags/example_trigger_controller_dag.py took 0.213 seconds
[2025-01-06T16:21:48.106+0100] {processor.py:186} INFO - Started process (PID=19336) to work on /Users/azeez.ganiyu/airflow_venv/lib/python3.9/site-packages/airflow/example_dags/example_trigger_controller_dag.py
[2025-01-06T16:21:48.114+0100] {processor.py:914} INFO - Processing file /Users/azeez.ganiyu/airflow_venv/lib/python3.9/site-packages/airflow/example_dags/example_trigger_controller_dag.py for tasks to queue
[2025-01-06T16:21:48.115+0100] {logging_mixin.py:190} INFO - [2025-01-06T16:21:48.115+0100] {dagbag.py:588} INFO - Filling up the DagBag from /Users/azeez.ganiyu/airflow_venv/lib/python3.9/site-packages/airflow/example_dags/example_trigger_controller_dag.py
[2025-01-06T16:21:48.142+0100] {processor.py:925} INFO - DAG(s) 'example_trigger_controller_dag' retrieved from /Users/azeez.ganiyu/airflow_venv/lib/python3.9/site-packages/airflow/example_dags/example_trigger_controller_dag.py
[2025-01-06T16:21:48.312+0100] {logging_mixin.py:190} INFO - [2025-01-06T16:21:48.312+0100] {dag.py:3239} INFO - Sync 1 DAGs
[2025-01-06T16:21:48.329+0100] {logging_mixin.py:190} INFO - [2025-01-06T16:21:48.328+0100] {dag.py:4180} INFO - Setting next_dagrun for example_trigger_controller_dag to 2021-01-01 00:00:00+00:00, run_after=2021-01-01 00:00:00+00:00
[2025-01-06T16:21:48.350+0100] {processor.py:208} INFO - Processing /Users/azeez.ganiyu/airflow_venv/lib/python3.9/site-packages/airflow/example_dags/example_trigger_controller_dag.py took 0.252 seconds
