[2025-01-06T01:54:29.918+0100] {processor.py:186} INFO - Started process (PID=4680) to work on /Users/azeez.ganiyu/airflow_venv/lib/python3.9/site-packages/airflow/example_dags/example_task_group.py
[2025-01-06T01:54:29.923+0100] {processor.py:914} INFO - Processing file /Users/azeez.ganiyu/airflow_venv/lib/python3.9/site-packages/airflow/example_dags/example_task_group.py for tasks to queue
[2025-01-06T01:54:29.925+0100] {logging_mixin.py:190} INFO - [2025-01-06T01:54:29.924+0100] {dagbag.py:588} INFO - Filling up the DagBag from /Users/azeez.ganiyu/airflow_venv/lib/python3.9/site-packages/airflow/example_dags/example_task_group.py
[2025-01-06T01:54:29.940+0100] {processor.py:925} INFO - DAG(s) 'example_task_group' retrieved from /Users/azeez.ganiyu/airflow_venv/lib/python3.9/site-packages/airflow/example_dags/example_task_group.py
[2025-01-06T01:54:30.083+0100] {logging_mixin.py:190} INFO - [2025-01-06T01:54:30.083+0100] {dag.py:3239} INFO - Sync 1 DAGs
[2025-01-06T01:54:30.093+0100] {logging_mixin.py:190} INFO - [2025-01-06T01:54:30.092+0100] {dag.py:4180} INFO - Setting next_dagrun for example_task_group to None, run_after=None
[2025-01-06T01:54:30.113+0100] {processor.py:208} INFO - Processing /Users/azeez.ganiyu/airflow_venv/lib/python3.9/site-packages/airflow/example_dags/example_task_group.py took 0.202 seconds
[2025-01-06T16:16:37.379+0100] {processor.py:186} INFO - Started process (PID=16911) to work on /Users/azeez.ganiyu/airflow_venv/lib/python3.9/site-packages/airflow/example_dags/example_task_group.py
[2025-01-06T16:16:37.385+0100] {processor.py:914} INFO - Processing file /Users/azeez.ganiyu/airflow_venv/lib/python3.9/site-packages/airflow/example_dags/example_task_group.py for tasks to queue
[2025-01-06T16:16:37.386+0100] {logging_mixin.py:190} INFO - [2025-01-06T16:16:37.385+0100] {dagbag.py:588} INFO - Filling up the DagBag from /Users/azeez.ganiyu/airflow_venv/lib/python3.9/site-packages/airflow/example_dags/example_task_group.py
[2025-01-06T16:16:37.408+0100] {processor.py:925} INFO - DAG(s) 'example_task_group' retrieved from /Users/azeez.ganiyu/airflow_venv/lib/python3.9/site-packages/airflow/example_dags/example_task_group.py
[2025-01-06T16:16:37.586+0100] {logging_mixin.py:190} INFO - [2025-01-06T16:16:37.586+0100] {dag.py:3239} INFO - Sync 1 DAGs
[2025-01-06T16:16:37.596+0100] {logging_mixin.py:190} INFO - [2025-01-06T16:16:37.596+0100] {dag.py:4180} INFO - Setting next_dagrun for example_task_group to None, run_after=None
[2025-01-06T16:16:37.617+0100] {processor.py:208} INFO - Processing /Users/azeez.ganiyu/airflow_venv/lib/python3.9/site-packages/airflow/example_dags/example_task_group.py took 0.245 seconds
[2025-01-06T16:22:01.336+0100] {processor.py:186} INFO - Started process (PID=19402) to work on /Users/azeez.ganiyu/airflow_venv/lib/python3.9/site-packages/airflow/example_dags/example_task_group.py
[2025-01-06T16:22:01.342+0100] {processor.py:914} INFO - Processing file /Users/azeez.ganiyu/airflow_venv/lib/python3.9/site-packages/airflow/example_dags/example_task_group.py for tasks to queue
[2025-01-06T16:22:01.343+0100] {logging_mixin.py:190} INFO - [2025-01-06T16:22:01.343+0100] {dagbag.py:588} INFO - Filling up the DagBag from /Users/azeez.ganiyu/airflow_venv/lib/python3.9/site-packages/airflow/example_dags/example_task_group.py
[2025-01-06T16:22:01.363+0100] {processor.py:925} INFO - DAG(s) 'example_task_group' retrieved from /Users/azeez.ganiyu/airflow_venv/lib/python3.9/site-packages/airflow/example_dags/example_task_group.py
[2025-01-06T16:22:01.548+0100] {logging_mixin.py:190} INFO - [2025-01-06T16:22:01.548+0100] {dag.py:3239} INFO - Sync 1 DAGs
[2025-01-06T16:22:01.560+0100] {logging_mixin.py:190} INFO - [2025-01-06T16:22:01.560+0100] {dag.py:4180} INFO - Setting next_dagrun for example_task_group to None, run_after=None
[2025-01-06T16:22:01.587+0100] {processor.py:208} INFO - Processing /Users/azeez.ganiyu/airflow_venv/lib/python3.9/site-packages/airflow/example_dags/example_task_group.py took 0.258 seconds
