[2025-01-06T01:54:22.458+0100] {processor.py:186} INFO - Started process (PID=4609) to work on /Users/azeez.ganiyu/airflow_venv/lib/python3.9/site-packages/airflow/example_dags/example_time_delta_sensor_async.py
[2025-01-06T01:54:22.463+0100] {processor.py:914} INFO - Processing file /Users/azeez.ganiyu/airflow_venv/lib/python3.9/site-packages/airflow/example_dags/example_time_delta_sensor_async.py for tasks to queue
[2025-01-06T01:54:22.464+0100] {logging_mixin.py:190} INFO - [2025-01-06T01:54:22.464+0100] {dagbag.py:588} INFO - Filling up the DagBag from /Users/azeez.ganiyu/airflow_venv/lib/python3.9/site-packages/airflow/example_dags/example_time_delta_sensor_async.py
[2025-01-06T01:54:22.479+0100] {processor.py:925} INFO - DAG(s) 'example_time_delta_sensor_async' retrieved from /Users/azeez.ganiyu/airflow_venv/lib/python3.9/site-packages/airflow/example_dags/example_time_delta_sensor_async.py
[2025-01-06T01:54:22.615+0100] {logging_mixin.py:190} INFO - [2025-01-06T01:54:22.615+0100] {workday.py:41} WARNING - Could not import pandas. Holidays will not be considered.
[2025-01-06T01:54:22.657+0100] {logging_mixin.py:190} INFO - [2025-01-06T01:54:22.657+0100] {dag.py:3239} INFO - Sync 1 DAGs
[2025-01-06T01:54:22.666+0100] {logging_mixin.py:190} INFO - [2025-01-06T01:54:22.666+0100] {dag.py:4180} INFO - Setting next_dagrun for example_time_delta_sensor_async to None, run_after=None
[2025-01-06T01:54:22.685+0100] {processor.py:208} INFO - Processing /Users/azeez.ganiyu/airflow_venv/lib/python3.9/site-packages/airflow/example_dags/example_time_delta_sensor_async.py took 0.235 seconds
[2025-01-06T16:16:28.885+0100] {processor.py:186} INFO - Started process (PID=16865) to work on /Users/azeez.ganiyu/airflow_venv/lib/python3.9/site-packages/airflow/example_dags/example_time_delta_sensor_async.py
[2025-01-06T16:16:28.890+0100] {processor.py:914} INFO - Processing file /Users/azeez.ganiyu/airflow_venv/lib/python3.9/site-packages/airflow/example_dags/example_time_delta_sensor_async.py for tasks to queue
[2025-01-06T16:16:28.891+0100] {logging_mixin.py:190} INFO - [2025-01-06T16:16:28.891+0100] {dagbag.py:588} INFO - Filling up the DagBag from /Users/azeez.ganiyu/airflow_venv/lib/python3.9/site-packages/airflow/example_dags/example_time_delta_sensor_async.py
[2025-01-06T16:16:28.909+0100] {processor.py:925} INFO - DAG(s) 'example_time_delta_sensor_async' retrieved from /Users/azeez.ganiyu/airflow_venv/lib/python3.9/site-packages/airflow/example_dags/example_time_delta_sensor_async.py
[2025-01-06T16:16:29.065+0100] {logging_mixin.py:190} INFO - [2025-01-06T16:16:29.065+0100] {workday.py:41} WARNING - Could not import pandas. Holidays will not be considered.
[2025-01-06T16:16:29.105+0100] {logging_mixin.py:190} INFO - [2025-01-06T16:16:29.104+0100] {dag.py:3239} INFO - Sync 1 DAGs
[2025-01-06T16:16:29.115+0100] {logging_mixin.py:190} INFO - [2025-01-06T16:16:29.114+0100] {dag.py:4180} INFO - Setting next_dagrun for example_time_delta_sensor_async to None, run_after=None
[2025-01-06T16:16:29.137+0100] {processor.py:208} INFO - Processing /Users/azeez.ganiyu/airflow_venv/lib/python3.9/site-packages/airflow/example_dags/example_time_delta_sensor_async.py took 0.259 seconds
[2025-01-06T16:21:52.511+0100] {processor.py:186} INFO - Started process (PID=19358) to work on /Users/azeez.ganiyu/airflow_venv/lib/python3.9/site-packages/airflow/example_dags/example_time_delta_sensor_async.py
[2025-01-06T16:21:52.519+0100] {processor.py:914} INFO - Processing file /Users/azeez.ganiyu/airflow_venv/lib/python3.9/site-packages/airflow/example_dags/example_time_delta_sensor_async.py for tasks to queue
[2025-01-06T16:21:52.520+0100] {logging_mixin.py:190} INFO - [2025-01-06T16:21:52.520+0100] {dagbag.py:588} INFO - Filling up the DagBag from /Users/azeez.ganiyu/airflow_venv/lib/python3.9/site-packages/airflow/example_dags/example_time_delta_sensor_async.py
[2025-01-06T16:21:52.538+0100] {processor.py:925} INFO - DAG(s) 'example_time_delta_sensor_async' retrieved from /Users/azeez.ganiyu/airflow_venv/lib/python3.9/site-packages/airflow/example_dags/example_time_delta_sensor_async.py
[2025-01-06T16:21:52.689+0100] {logging_mixin.py:190} INFO - [2025-01-06T16:21:52.688+0100] {workday.py:41} WARNING - Could not import pandas. Holidays will not be considered.
[2025-01-06T16:21:52.732+0100] {logging_mixin.py:190} INFO - [2025-01-06T16:21:52.731+0100] {dag.py:3239} INFO - Sync 1 DAGs
[2025-01-06T16:21:52.742+0100] {logging_mixin.py:190} INFO - [2025-01-06T16:21:52.742+0100] {dag.py:4180} INFO - Setting next_dagrun for example_time_delta_sensor_async to None, run_after=None
[2025-01-06T16:21:52.765+0100] {processor.py:208} INFO - Processing /Users/azeez.ganiyu/airflow_venv/lib/python3.9/site-packages/airflow/example_dags/example_time_delta_sensor_async.py took 0.262 seconds
