[2025-01-06T01:55:08.326+0100] {processor.py:186} INFO - Started process (PID=4771) to work on /Users/azeez.ganiyu/airflow_venv/lib/python3.9/site-packages/airflow/example_dags/example_sla_dag.py
[2025-01-06T01:55:08.332+0100] {processor.py:914} INFO - Processing file /Users/azeez.ganiyu/airflow_venv/lib/python3.9/site-packages/airflow/example_dags/example_sla_dag.py for tasks to queue
[2025-01-06T01:55:08.332+0100] {logging_mixin.py:190} INFO - [2025-01-06T01:55:08.332+0100] {dagbag.py:588} INFO - Filling up the DagBag from /Users/azeez.ganiyu/airflow_venv/lib/python3.9/site-packages/airflow/example_dags/example_sla_dag.py
[2025-01-06T01:55:08.389+0100] {processor.py:925} INFO - DAG(s) 'example_sla_dag' retrieved from /Users/azeez.ganiyu/airflow_venv/lib/python3.9/site-packages/airflow/example_dags/example_sla_dag.py
[2025-01-06T01:55:08.523+0100] {logging_mixin.py:190} INFO - [2025-01-06T01:55:08.522+0100] {dag.py:3239} INFO - Sync 1 DAGs
[2025-01-06T01:55:08.545+0100] {logging_mixin.py:190} INFO - [2025-01-06T01:55:08.545+0100] {dag.py:4180} INFO - Setting next_dagrun for example_sla_dag to 2025-01-06 00:52:00+00:00, run_after=2025-01-06 00:54:00+00:00
[2025-01-06T01:55:08.565+0100] {processor.py:208} INFO - Processing /Users/azeez.ganiyu/airflow_venv/lib/python3.9/site-packages/airflow/example_dags/example_sla_dag.py took 0.247 seconds
[2025-01-06T16:16:45.474+0100] {processor.py:186} INFO - Started process (PID=16957) to work on /Users/azeez.ganiyu/airflow_venv/lib/python3.9/site-packages/airflow/example_dags/example_sla_dag.py
[2025-01-06T16:16:45.479+0100] {processor.py:914} INFO - Processing file /Users/azeez.ganiyu/airflow_venv/lib/python3.9/site-packages/airflow/example_dags/example_sla_dag.py for tasks to queue
[2025-01-06T16:16:45.481+0100] {logging_mixin.py:190} INFO - [2025-01-06T16:16:45.480+0100] {dagbag.py:588} INFO - Filling up the DagBag from /Users/azeez.ganiyu/airflow_venv/lib/python3.9/site-packages/airflow/example_dags/example_sla_dag.py
[2025-01-06T16:16:45.550+0100] {processor.py:925} INFO - DAG(s) 'example_sla_dag' retrieved from /Users/azeez.ganiyu/airflow_venv/lib/python3.9/site-packages/airflow/example_dags/example_sla_dag.py
[2025-01-06T16:16:45.703+0100] {logging_mixin.py:190} INFO - [2025-01-06T16:16:45.703+0100] {dag.py:3239} INFO - Sync 1 DAGs
[2025-01-06T16:16:45.730+0100] {logging_mixin.py:190} INFO - [2025-01-06T16:16:45.730+0100] {dag.py:4180} INFO - Setting next_dagrun for example_sla_dag to 2025-01-06 15:14:00+00:00, run_after=2025-01-06 15:16:00+00:00
[2025-01-06T16:16:45.752+0100] {processor.py:208} INFO - Processing /Users/azeez.ganiyu/airflow_venv/lib/python3.9/site-packages/airflow/example_dags/example_sla_dag.py took 0.286 seconds
[2025-01-06T16:22:10.114+0100] {processor.py:186} INFO - Started process (PID=19453) to work on /Users/azeez.ganiyu/airflow_venv/lib/python3.9/site-packages/airflow/example_dags/example_sla_dag.py
[2025-01-06T16:22:10.120+0100] {processor.py:914} INFO - Processing file /Users/azeez.ganiyu/airflow_venv/lib/python3.9/site-packages/airflow/example_dags/example_sla_dag.py for tasks to queue
[2025-01-06T16:22:10.122+0100] {logging_mixin.py:190} INFO - [2025-01-06T16:22:10.122+0100] {dagbag.py:588} INFO - Filling up the DagBag from /Users/azeez.ganiyu/airflow_venv/lib/python3.9/site-packages/airflow/example_dags/example_sla_dag.py
[2025-01-06T16:22:10.194+0100] {processor.py:925} INFO - DAG(s) 'example_sla_dag' retrieved from /Users/azeez.ganiyu/airflow_venv/lib/python3.9/site-packages/airflow/example_dags/example_sla_dag.py
[2025-01-06T16:22:10.367+0100] {logging_mixin.py:190} INFO - [2025-01-06T16:22:10.366+0100] {dag.py:3239} INFO - Sync 1 DAGs
[2025-01-06T16:22:10.392+0100] {logging_mixin.py:190} INFO - [2025-01-06T16:22:10.391+0100] {dag.py:4180} INFO - Setting next_dagrun for example_sla_dag to 2025-01-06 15:20:00+00:00, run_after=2025-01-06 15:22:00+00:00
[2025-01-06T16:22:10.413+0100] {processor.py:208} INFO - Processing /Users/azeez.ganiyu/airflow_venv/lib/python3.9/site-packages/airflow/example_dags/example_sla_dag.py took 0.308 seconds
