[2025-01-06T01:48:49.708+0100] {processor.py:186} INFO - Started process (PID=3882) to work on /Users/azeez.ganiyu/airflow_venv/lib/python3.9/site-packages/airflow/example_dags/example_branch_python_dop_operator_3.py
[2025-01-06T01:48:49.714+0100] {processor.py:914} INFO - Processing file /Users/azeez.ganiyu/airflow_venv/lib/python3.9/site-packages/airflow/example_dags/example_branch_python_dop_operator_3.py for tasks to queue
[2025-01-06T01:48:49.715+0100] {logging_mixin.py:190} INFO - [2025-01-06T01:48:49.715+0100] {dagbag.py:588} INFO - Filling up the DagBag from /Users/azeez.ganiyu/airflow_venv/lib/python3.9/site-packages/airflow/example_dags/example_branch_python_dop_operator_3.py
[2025-01-06T01:48:49.778+0100] {processor.py:925} INFO - DAG(s) 'example_branch_dop_operator_v3' retrieved from /Users/azeez.ganiyu/airflow_venv/lib/python3.9/site-packages/airflow/example_dags/example_branch_python_dop_operator_3.py
[2025-01-06T01:48:49.931+0100] {logging_mixin.py:190} INFO - [2025-01-06T01:48:49.931+0100] {dag.py:3239} INFO - Sync 1 DAGs
[2025-01-06T01:48:49.959+0100] {logging_mixin.py:190} INFO - [2025-01-06T01:48:49.959+0100] {dag.py:4180} INFO - Setting next_dagrun for example_branch_dop_operator_v3 to 2025-01-06 00:47:00+00:00, run_after=2025-01-06 00:48:00+00:00
[2025-01-06T01:48:49.981+0100] {processor.py:208} INFO - Processing /Users/azeez.ganiyu/airflow_venv/lib/python3.9/site-packages/airflow/example_dags/example_branch_python_dop_operator_3.py took 0.282 seconds
[2025-01-06T15:48:54.438+0100] {processor.py:186} INFO - Started process (PID=5546) to work on /Users/azeez.ganiyu/airflow_venv/lib/python3.9/site-packages/airflow/example_dags/example_branch_python_dop_operator_3.py
[2025-01-06T15:48:54.443+0100] {processor.py:914} INFO - Processing file /Users/azeez.ganiyu/airflow_venv/lib/python3.9/site-packages/airflow/example_dags/example_branch_python_dop_operator_3.py for tasks to queue
[2025-01-06T15:48:54.444+0100] {logging_mixin.py:190} INFO - [2025-01-06T15:48:54.444+0100] {dagbag.py:588} INFO - Filling up the DagBag from /Users/azeez.ganiyu/airflow_venv/lib/python3.9/site-packages/airflow/example_dags/example_branch_python_dop_operator_3.py
[2025-01-06T15:48:54.504+0100] {processor.py:925} INFO - DAG(s) 'example_branch_dop_operator_v3' retrieved from /Users/azeez.ganiyu/airflow_venv/lib/python3.9/site-packages/airflow/example_dags/example_branch_python_dop_operator_3.py
[2025-01-06T15:48:54.648+0100] {logging_mixin.py:190} INFO - [2025-01-06T15:48:54.648+0100] {dag.py:3239} INFO - Sync 1 DAGs
[2025-01-06T15:48:54.672+0100] {logging_mixin.py:190} INFO - [2025-01-06T15:48:54.672+0100] {dag.py:4180} INFO - Setting next_dagrun for example_branch_dop_operator_v3 to 2025-01-06 14:47:00+00:00, run_after=2025-01-06 14:48:00+00:00
[2025-01-06T15:48:54.694+0100] {processor.py:208} INFO - Processing /Users/azeez.ganiyu/airflow_venv/lib/python3.9/site-packages/airflow/example_dags/example_branch_python_dop_operator_3.py took 0.264 seconds
[2025-01-06T16:24:15.516+0100] {processor.py:186} INFO - Started process (PID=20133) to work on /Users/azeez.ganiyu/airflow_venv/lib/python3.9/site-packages/airflow/example_dags/example_branch_python_dop_operator_3.py
[2025-01-06T16:24:15.522+0100] {processor.py:914} INFO - Processing file /Users/azeez.ganiyu/airflow_venv/lib/python3.9/site-packages/airflow/example_dags/example_branch_python_dop_operator_3.py for tasks to queue
[2025-01-06T16:24:15.523+0100] {logging_mixin.py:190} INFO - [2025-01-06T16:24:15.523+0100] {dagbag.py:588} INFO - Filling up the DagBag from /Users/azeez.ganiyu/airflow_venv/lib/python3.9/site-packages/airflow/example_dags/example_branch_python_dop_operator_3.py
[2025-01-06T16:24:15.612+0100] {processor.py:925} INFO - DAG(s) 'example_branch_dop_operator_v3' retrieved from /Users/azeez.ganiyu/airflow_venv/lib/python3.9/site-packages/airflow/example_dags/example_branch_python_dop_operator_3.py
[2025-01-06T16:24:15.787+0100] {logging_mixin.py:190} INFO - [2025-01-06T16:24:15.787+0100] {dag.py:3239} INFO - Sync 1 DAGs
[2025-01-06T16:24:15.820+0100] {logging_mixin.py:190} INFO - [2025-01-06T16:24:15.819+0100] {dag.py:4180} INFO - Setting next_dagrun for example_branch_dop_operator_v3 to 2025-01-06 15:23:00+00:00, run_after=2025-01-06 15:24:00+00:00
[2025-01-06T16:24:15.842+0100] {processor.py:208} INFO - Processing /Users/azeez.ganiyu/airflow_venv/lib/python3.9/site-packages/airflow/example_dags/example_branch_python_dop_operator_3.py took 0.333 seconds
