[2025-01-06T01:49:09.322+0100] {processor.py:186} INFO - Started process (PID=3946) to work on /Users/azeez.ganiyu/airflow_venv/lib/python3.9/site-packages/airflow/example_dags/example_branch_datetime_operator.py
[2025-01-06T01:49:09.329+0100] {processor.py:914} INFO - Processing file /Users/azeez.ganiyu/airflow_venv/lib/python3.9/site-packages/airflow/example_dags/example_branch_datetime_operator.py for tasks to queue
[2025-01-06T01:49:09.330+0100] {logging_mixin.py:190} INFO - [2025-01-06T01:49:09.330+0100] {dagbag.py:588} INFO - Filling up the DagBag from /Users/azeez.ganiyu/airflow_venv/lib/python3.9/site-packages/airflow/example_dags/example_branch_datetime_operator.py
[2025-01-06T01:49:09.353+0100] {processor.py:925} INFO - DAG(s) 'example_branch_datetime_operator', 'example_branch_datetime_operator_3', 'example_branch_datetime_operator_2' retrieved from /Users/azeez.ganiyu/airflow_venv/lib/python3.9/site-packages/airflow/example_dags/example_branch_datetime_operator.py
[2025-01-06T01:49:09.495+0100] {logging_mixin.py:190} INFO - [2025-01-06T01:49:09.495+0100] {dag.py:3239} INFO - Sync 3 DAGs
[2025-01-06T01:49:09.511+0100] {logging_mixin.py:190} INFO - [2025-01-06T01:49:09.511+0100] {dag.py:4180} INFO - Setting next_dagrun for example_branch_datetime_operator to 2025-01-05 00:00:00+00:00, run_after=2025-01-06 00:00:00+00:00
[2025-01-06T01:49:09.515+0100] {logging_mixin.py:190} INFO - [2025-01-06T01:49:09.515+0100] {dag.py:4180} INFO - Setting next_dagrun for example_branch_datetime_operator_2 to 2025-01-05 00:00:00+00:00, run_after=2025-01-06 00:00:00+00:00
[2025-01-06T01:49:09.517+0100] {logging_mixin.py:190} INFO - [2025-01-06T01:49:09.517+0100] {dag.py:4180} INFO - Setting next_dagrun for example_branch_datetime_operator_3 to 2025-01-05 00:00:00+00:00, run_after=2025-01-06 00:00:00+00:00
[2025-01-06T01:49:09.536+0100] {processor.py:208} INFO - Processing /Users/azeez.ganiyu/airflow_venv/lib/python3.9/site-packages/airflow/example_dags/example_branch_datetime_operator.py took 0.221 seconds
[2025-01-06T15:49:12.425+0100] {processor.py:186} INFO - Started process (PID=5604) to work on /Users/azeez.ganiyu/airflow_venv/lib/python3.9/site-packages/airflow/example_dags/example_branch_datetime_operator.py
[2025-01-06T15:49:12.430+0100] {processor.py:914} INFO - Processing file /Users/azeez.ganiyu/airflow_venv/lib/python3.9/site-packages/airflow/example_dags/example_branch_datetime_operator.py for tasks to queue
[2025-01-06T15:49:12.431+0100] {logging_mixin.py:190} INFO - [2025-01-06T15:49:12.431+0100] {dagbag.py:588} INFO - Filling up the DagBag from /Users/azeez.ganiyu/airflow_venv/lib/python3.9/site-packages/airflow/example_dags/example_branch_datetime_operator.py
[2025-01-06T15:49:12.454+0100] {processor.py:925} INFO - DAG(s) 'example_branch_datetime_operator_2', 'example_branch_datetime_operator_3', 'example_branch_datetime_operator' retrieved from /Users/azeez.ganiyu/airflow_venv/lib/python3.9/site-packages/airflow/example_dags/example_branch_datetime_operator.py
[2025-01-06T15:49:12.602+0100] {logging_mixin.py:190} INFO - [2025-01-06T15:49:12.602+0100] {dag.py:3239} INFO - Sync 3 DAGs
[2025-01-06T15:49:12.619+0100] {logging_mixin.py:190} INFO - [2025-01-06T15:49:12.618+0100] {dag.py:4180} INFO - Setting next_dagrun for example_branch_datetime_operator to 2025-01-05 00:00:00+00:00, run_after=2025-01-06 00:00:00+00:00
[2025-01-06T15:49:12.623+0100] {logging_mixin.py:190} INFO - [2025-01-06T15:49:12.623+0100] {dag.py:4180} INFO - Setting next_dagrun for example_branch_datetime_operator_2 to 2025-01-05 00:00:00+00:00, run_after=2025-01-06 00:00:00+00:00
[2025-01-06T15:49:12.625+0100] {logging_mixin.py:190} INFO - [2025-01-06T15:49:12.625+0100] {dag.py:4180} INFO - Setting next_dagrun for example_branch_datetime_operator_3 to 2025-01-05 00:00:00+00:00, run_after=2025-01-06 00:00:00+00:00
[2025-01-06T15:49:12.644+0100] {processor.py:208} INFO - Processing /Users/azeez.ganiyu/airflow_venv/lib/python3.9/site-packages/airflow/example_dags/example_branch_datetime_operator.py took 0.227 seconds
[2025-01-06T16:24:36.872+0100] {processor.py:186} INFO - Started process (PID=20245) to work on /Users/azeez.ganiyu/airflow_venv/lib/python3.9/site-packages/airflow/example_dags/example_branch_datetime_operator.py
[2025-01-06T16:24:36.877+0100] {processor.py:914} INFO - Processing file /Users/azeez.ganiyu/airflow_venv/lib/python3.9/site-packages/airflow/example_dags/example_branch_datetime_operator.py for tasks to queue
[2025-01-06T16:24:36.879+0100] {logging_mixin.py:190} INFO - [2025-01-06T16:24:36.878+0100] {dagbag.py:588} INFO - Filling up the DagBag from /Users/azeez.ganiyu/airflow_venv/lib/python3.9/site-packages/airflow/example_dags/example_branch_datetime_operator.py
[2025-01-06T16:24:36.907+0100] {processor.py:925} INFO - DAG(s) 'example_branch_datetime_operator', 'example_branch_datetime_operator_2', 'example_branch_datetime_operator_3' retrieved from /Users/azeez.ganiyu/airflow_venv/lib/python3.9/site-packages/airflow/example_dags/example_branch_datetime_operator.py
[2025-01-06T16:24:37.085+0100] {logging_mixin.py:190} INFO - [2025-01-06T16:24:37.085+0100] {dag.py:3239} INFO - Sync 3 DAGs
[2025-01-06T16:24:37.106+0100] {logging_mixin.py:190} INFO - [2025-01-06T16:24:37.106+0100] {dag.py:4180} INFO - Setting next_dagrun for example_branch_datetime_operator to 2025-01-05 00:00:00+00:00, run_after=2025-01-06 00:00:00+00:00
[2025-01-06T16:24:37.111+0100] {logging_mixin.py:190} INFO - [2025-01-06T16:24:37.111+0100] {dag.py:4180} INFO - Setting next_dagrun for example_branch_datetime_operator_2 to 2025-01-05 00:00:00+00:00, run_after=2025-01-06 00:00:00+00:00
[2025-01-06T16:24:37.114+0100] {logging_mixin.py:190} INFO - [2025-01-06T16:24:37.114+0100] {dag.py:4180} INFO - Setting next_dagrun for example_branch_datetime_operator_3 to 2025-01-05 00:00:00+00:00, run_after=2025-01-06 00:00:00+00:00
[2025-01-06T16:24:37.135+0100] {processor.py:208} INFO - Processing /Users/azeez.ganiyu/airflow_venv/lib/python3.9/site-packages/airflow/example_dags/example_branch_datetime_operator.py took 0.271 seconds
