[2025-01-06T01:53:53.416+0100] {processor.py:186} INFO - Started process (PID=4576) to work on /Users/azeez.ganiyu/airflow_venv/lib/python3.9/site-packages/airflow/example_dags/example_trigger_target_dag.py
[2025-01-06T01:53:53.421+0100] {processor.py:914} INFO - Processing file /Users/azeez.ganiyu/airflow_venv/lib/python3.9/site-packages/airflow/example_dags/example_trigger_target_dag.py for tasks to queue
[2025-01-06T01:53:53.423+0100] {logging_mixin.py:190} INFO - [2025-01-06T01:53:53.423+0100] {dagbag.py:588} INFO - Filling up the DagBag from /Users/azeez.ganiyu/airflow_venv/lib/python3.9/site-packages/airflow/example_dags/example_trigger_target_dag.py
[2025-01-06T01:53:53.480+0100] {processor.py:925} INFO - DAG(s) 'example_trigger_target_dag' retrieved from /Users/azeez.ganiyu/airflow_venv/lib/python3.9/site-packages/airflow/example_dags/example_trigger_target_dag.py
[2025-01-06T01:53:53.641+0100] {logging_mixin.py:190} INFO - [2025-01-06T01:53:53.641+0100] {dag.py:3239} INFO - Sync 1 DAGs
[2025-01-06T01:53:53.654+0100] {logging_mixin.py:190} INFO - [2025-01-06T01:53:53.654+0100] {dag.py:4180} INFO - Setting next_dagrun for example_trigger_target_dag to None, run_after=None
[2025-01-06T01:53:53.673+0100] {processor.py:208} INFO - Processing /Users/azeez.ganiyu/airflow_venv/lib/python3.9/site-packages/airflow/example_dags/example_trigger_target_dag.py took 0.265 seconds
[2025-01-06T16:16:20.775+0100] {processor.py:186} INFO - Started process (PID=16826) to work on /Users/azeez.ganiyu/airflow_venv/lib/python3.9/site-packages/airflow/example_dags/example_trigger_target_dag.py
[2025-01-06T16:16:20.781+0100] {processor.py:914} INFO - Processing file /Users/azeez.ganiyu/airflow_venv/lib/python3.9/site-packages/airflow/example_dags/example_trigger_target_dag.py for tasks to queue
[2025-01-06T16:16:20.782+0100] {logging_mixin.py:190} INFO - [2025-01-06T16:16:20.782+0100] {dagbag.py:588} INFO - Filling up the DagBag from /Users/azeez.ganiyu/airflow_venv/lib/python3.9/site-packages/airflow/example_dags/example_trigger_target_dag.py
[2025-01-06T16:16:20.846+0100] {processor.py:925} INFO - DAG(s) 'example_trigger_target_dag' retrieved from /Users/azeez.ganiyu/airflow_venv/lib/python3.9/site-packages/airflow/example_dags/example_trigger_target_dag.py
[2025-01-06T16:16:20.993+0100] {logging_mixin.py:190} INFO - [2025-01-06T16:16:20.993+0100] {dag.py:3239} INFO - Sync 1 DAGs
[2025-01-06T16:16:21.003+0100] {logging_mixin.py:190} INFO - [2025-01-06T16:16:21.002+0100] {dag.py:4180} INFO - Setting next_dagrun for example_trigger_target_dag to None, run_after=None
[2025-01-06T16:16:21.024+0100] {processor.py:208} INFO - Processing /Users/azeez.ganiyu/airflow_venv/lib/python3.9/site-packages/airflow/example_dags/example_trigger_target_dag.py took 0.256 seconds
[2025-01-06T16:21:43.619+0100] {processor.py:186} INFO - Started process (PID=19311) to work on /Users/azeez.ganiyu/airflow_venv/lib/python3.9/site-packages/airflow/example_dags/example_trigger_target_dag.py
[2025-01-06T16:21:43.628+0100] {processor.py:914} INFO - Processing file /Users/azeez.ganiyu/airflow_venv/lib/python3.9/site-packages/airflow/example_dags/example_trigger_target_dag.py for tasks to queue
[2025-01-06T16:21:43.630+0100] {logging_mixin.py:190} INFO - [2025-01-06T16:21:43.630+0100] {dagbag.py:588} INFO - Filling up the DagBag from /Users/azeez.ganiyu/airflow_venv/lib/python3.9/site-packages/airflow/example_dags/example_trigger_target_dag.py
[2025-01-06T16:21:43.708+0100] {processor.py:925} INFO - DAG(s) 'example_trigger_target_dag' retrieved from /Users/azeez.ganiyu/airflow_venv/lib/python3.9/site-packages/airflow/example_dags/example_trigger_target_dag.py
[2025-01-06T16:21:43.899+0100] {logging_mixin.py:190} INFO - [2025-01-06T16:21:43.899+0100] {dag.py:3239} INFO - Sync 1 DAGs
[2025-01-06T16:21:43.913+0100] {logging_mixin.py:190} INFO - [2025-01-06T16:21:43.913+0100] {dag.py:4180} INFO - Setting next_dagrun for example_trigger_target_dag to None, run_after=None
[2025-01-06T16:21:43.940+0100] {processor.py:208} INFO - Processing /Users/azeez.ganiyu/airflow_venv/lib/python3.9/site-packages/airflow/example_dags/example_trigger_target_dag.py took 0.331 seconds
