[2025-01-06T01:47:29.126+0100] {processor.py:186} INFO - Started process (PID=3627) to work on /Users/azeez.ganiyu/airflow_venv/lib/python3.9/site-packages/airflow/example_dags/example_latest_only.py
[2025-01-06T01:47:29.131+0100] {processor.py:914} INFO - Processing file /Users/azeez.ganiyu/airflow_venv/lib/python3.9/site-packages/airflow/example_dags/example_latest_only.py for tasks to queue
[2025-01-06T01:47:29.132+0100] {logging_mixin.py:190} INFO - [2025-01-06T01:47:29.132+0100] {dagbag.py:588} INFO - Filling up the DagBag from /Users/azeez.ganiyu/airflow_venv/lib/python3.9/site-packages/airflow/example_dags/example_latest_only.py
[2025-01-06T01:47:29.153+0100] {processor.py:925} INFO - DAG(s) 'latest_only' retrieved from /Users/azeez.ganiyu/airflow_venv/lib/python3.9/site-packages/airflow/example_dags/example_latest_only.py
[2025-01-06T01:47:29.321+0100] {logging_mixin.py:190} INFO - [2025-01-06T01:47:29.320+0100] {dag.py:3239} INFO - Sync 1 DAGs
[2025-01-06T01:47:29.347+0100] {logging_mixin.py:190} INFO - [2025-01-06T01:47:29.346+0100] {dag.py:4180} INFO - Setting next_dagrun for latest_only to 2025-01-05 20:00:00+00:00, run_after=2025-01-06 00:00:00+00:00
[2025-01-06T01:47:29.371+0100] {processor.py:208} INFO - Processing /Users/azeez.ganiyu/airflow_venv/lib/python3.9/site-packages/airflow/example_dags/example_latest_only.py took 0.254 seconds
[2025-01-06T13:46:05.444+0100] {processor.py:186} INFO - Started process (PID=5240) to work on /Users/azeez.ganiyu/airflow_venv/lib/python3.9/site-packages/airflow/example_dags/example_latest_only.py
[2025-01-06T13:46:05.450+0100] {processor.py:914} INFO - Processing file /Users/azeez.ganiyu/airflow_venv/lib/python3.9/site-packages/airflow/example_dags/example_latest_only.py for tasks to queue
[2025-01-06T13:46:05.452+0100] {logging_mixin.py:190} INFO - [2025-01-06T13:46:05.452+0100] {dagbag.py:588} INFO - Filling up the DagBag from /Users/azeez.ganiyu/airflow_venv/lib/python3.9/site-packages/airflow/example_dags/example_latest_only.py
[2025-01-06T13:46:05.470+0100] {processor.py:925} INFO - DAG(s) 'latest_only' retrieved from /Users/azeez.ganiyu/airflow_venv/lib/python3.9/site-packages/airflow/example_dags/example_latest_only.py
[2025-01-06T13:46:05.624+0100] {logging_mixin.py:190} INFO - [2025-01-06T13:46:05.623+0100] {dag.py:3239} INFO - Sync 1 DAGs
[2025-01-06T13:46:05.644+0100] {logging_mixin.py:190} INFO - [2025-01-06T13:46:05.644+0100] {dag.py:4180} INFO - Setting next_dagrun for latest_only to 2025-01-06 08:00:00+00:00, run_after=2025-01-06 12:00:00+00:00
[2025-01-06T13:46:05.668+0100] {processor.py:208} INFO - Processing /Users/azeez.ganiyu/airflow_venv/lib/python3.9/site-packages/airflow/example_dags/example_latest_only.py took 0.232 seconds
[2025-01-06T16:23:24.499+0100] {processor.py:186} INFO - Started process (PID=19853) to work on /Users/azeez.ganiyu/airflow_venv/lib/python3.9/site-packages/airflow/example_dags/example_latest_only.py
[2025-01-06T16:23:24.506+0100] {processor.py:914} INFO - Processing file /Users/azeez.ganiyu/airflow_venv/lib/python3.9/site-packages/airflow/example_dags/example_latest_only.py for tasks to queue
[2025-01-06T16:23:24.507+0100] {logging_mixin.py:190} INFO - [2025-01-06T16:23:24.507+0100] {dagbag.py:588} INFO - Filling up the DagBag from /Users/azeez.ganiyu/airflow_venv/lib/python3.9/site-packages/airflow/example_dags/example_latest_only.py
[2025-01-06T16:23:24.525+0100] {processor.py:925} INFO - DAG(s) 'latest_only' retrieved from /Users/azeez.ganiyu/airflow_venv/lib/python3.9/site-packages/airflow/example_dags/example_latest_only.py
[2025-01-06T16:23:24.687+0100] {logging_mixin.py:190} INFO - [2025-01-06T16:23:24.687+0100] {dag.py:3239} INFO - Sync 1 DAGs
[2025-01-06T16:23:24.721+0100] {logging_mixin.py:190} INFO - [2025-01-06T16:23:24.720+0100] {dag.py:4180} INFO - Setting next_dagrun for latest_only to 2025-01-06 08:00:00+00:00, run_after=2025-01-06 12:00:00+00:00
[2025-01-06T16:23:24.746+0100] {processor.py:208} INFO - Processing /Users/azeez.ganiyu/airflow_venv/lib/python3.9/site-packages/airflow/example_dags/example_latest_only.py took 0.255 seconds
