[2025-01-06T01:53:49.831+0100] {processor.py:186} INFO - Started process (PID=4553) to work on /Users/azeez.ganiyu/airflow_venv/lib/python3.9/site-packages/airflow/example_dags/example_workday_timetable.py
[2025-01-06T01:53:49.836+0100] {processor.py:914} INFO - Processing file /Users/azeez.ganiyu/airflow_venv/lib/python3.9/site-packages/airflow/example_dags/example_workday_timetable.py for tasks to queue
[2025-01-06T01:53:49.838+0100] {logging_mixin.py:190} INFO - [2025-01-06T01:53:49.837+0100] {dagbag.py:588} INFO - Filling up the DagBag from /Users/azeez.ganiyu/airflow_venv/lib/python3.9/site-packages/airflow/example_dags/example_workday_timetable.py
[2025-01-06T01:53:49.843+0100] {logging_mixin.py:190} INFO - [2025-01-06T01:53:49.842+0100] {workday.py:41} WARNING - Could not import pandas. Holidays will not be considered.
[2025-01-06T01:53:49.854+0100] {processor.py:925} INFO - DAG(s) 'example_workday_timetable' retrieved from /Users/azeez.ganiyu/airflow_venv/lib/python3.9/site-packages/airflow/example_dags/example_workday_timetable.py
[2025-01-06T01:53:49.983+0100] {logging_mixin.py:190} INFO - [2025-01-06T01:53:49.982+0100] {workday.py:41} WARNING - Could not import pandas. Holidays will not be considered.
[2025-01-06T01:53:50.017+0100] {logging_mixin.py:190} INFO - [2025-01-06T01:53:50.016+0100] {dag.py:3239} INFO - Sync 1 DAGs
[2025-01-06T01:53:50.035+0100] {logging_mixin.py:190} INFO - [2025-01-06T01:53:50.035+0100] {dag.py:4180} INFO - Setting next_dagrun for example_workday_timetable to 2021-01-01 00:00:00+00:00, run_after=2021-01-02 00:00:00+00:00
[2025-01-06T01:53:50.060+0100] {processor.py:208} INFO - Processing /Users/azeez.ganiyu/airflow_venv/lib/python3.9/site-packages/airflow/example_dags/example_workday_timetable.py took 0.237 seconds
[2025-01-06T16:16:16.534+0100] {processor.py:186} INFO - Started process (PID=16804) to work on /Users/azeez.ganiyu/airflow_venv/lib/python3.9/site-packages/airflow/example_dags/example_workday_timetable.py
[2025-01-06T16:16:16.540+0100] {processor.py:914} INFO - Processing file /Users/azeez.ganiyu/airflow_venv/lib/python3.9/site-packages/airflow/example_dags/example_workday_timetable.py for tasks to queue
[2025-01-06T16:16:16.541+0100] {logging_mixin.py:190} INFO - [2025-01-06T16:16:16.540+0100] {dagbag.py:588} INFO - Filling up the DagBag from /Users/azeez.ganiyu/airflow_venv/lib/python3.9/site-packages/airflow/example_dags/example_workday_timetable.py
[2025-01-06T16:16:16.548+0100] {logging_mixin.py:190} INFO - [2025-01-06T16:16:16.548+0100] {workday.py:41} WARNING - Could not import pandas. Holidays will not be considered.
[2025-01-06T16:16:16.560+0100] {processor.py:925} INFO - DAG(s) 'example_workday_timetable' retrieved from /Users/azeez.ganiyu/airflow_venv/lib/python3.9/site-packages/airflow/example_dags/example_workday_timetable.py
[2025-01-06T16:16:16.701+0100] {logging_mixin.py:190} INFO - [2025-01-06T16:16:16.701+0100] {workday.py:41} WARNING - Could not import pandas. Holidays will not be considered.
[2025-01-06T16:16:16.742+0100] {logging_mixin.py:190} INFO - [2025-01-06T16:16:16.742+0100] {dag.py:3239} INFO - Sync 1 DAGs
[2025-01-06T16:16:16.763+0100] {logging_mixin.py:190} INFO - [2025-01-06T16:16:16.763+0100] {dag.py:4180} INFO - Setting next_dagrun for example_workday_timetable to 2021-01-01 00:00:00+00:00, run_after=2021-01-02 00:00:00+00:00
[2025-01-06T16:16:16.784+0100] {processor.py:208} INFO - Processing /Users/azeez.ganiyu/airflow_venv/lib/python3.9/site-packages/airflow/example_dags/example_workday_timetable.py took 0.258 seconds
[2025-01-06T16:21:38.586+0100] {processor.py:186} INFO - Started process (PID=19289) to work on /Users/azeez.ganiyu/airflow_venv/lib/python3.9/site-packages/airflow/example_dags/example_workday_timetable.py
[2025-01-06T16:21:38.591+0100] {processor.py:914} INFO - Processing file /Users/azeez.ganiyu/airflow_venv/lib/python3.9/site-packages/airflow/example_dags/example_workday_timetable.py for tasks to queue
[2025-01-06T16:21:38.592+0100] {logging_mixin.py:190} INFO - [2025-01-06T16:21:38.592+0100] {dagbag.py:588} INFO - Filling up the DagBag from /Users/azeez.ganiyu/airflow_venv/lib/python3.9/site-packages/airflow/example_dags/example_workday_timetable.py
[2025-01-06T16:21:38.600+0100] {logging_mixin.py:190} INFO - [2025-01-06T16:21:38.600+0100] {workday.py:41} WARNING - Could not import pandas. Holidays will not be considered.
[2025-01-06T16:21:38.612+0100] {processor.py:925} INFO - DAG(s) 'example_workday_timetable' retrieved from /Users/azeez.ganiyu/airflow_venv/lib/python3.9/site-packages/airflow/example_dags/example_workday_timetable.py
[2025-01-06T16:21:38.797+0100] {logging_mixin.py:190} INFO - [2025-01-06T16:21:38.797+0100] {workday.py:41} WARNING - Could not import pandas. Holidays will not be considered.
[2025-01-06T16:21:38.847+0100] {logging_mixin.py:190} INFO - [2025-01-06T16:21:38.846+0100] {dag.py:3239} INFO - Sync 1 DAGs
[2025-01-06T16:21:38.869+0100] {logging_mixin.py:190} INFO - [2025-01-06T16:21:38.868+0100] {dag.py:4180} INFO - Setting next_dagrun for example_workday_timetable to 2021-01-01 00:00:00+00:00, run_after=2021-01-02 00:00:00+00:00
[2025-01-06T16:21:38.900+0100] {processor.py:208} INFO - Processing /Users/azeez.ganiyu/airflow_venv/lib/python3.9/site-packages/airflow/example_dags/example_workday_timetable.py took 0.323 seconds
