[2025-01-06T01:55:11.957+0100] {processor.py:186} INFO - Started process (PID=4788) to work on /Users/azeez.ganiyu/airflow_venv/lib/python3.9/site-packages/airflow/example_dags/example_skip_dag.py
[2025-01-06T01:55:11.962+0100] {processor.py:914} INFO - Processing file /Users/azeez.ganiyu/airflow_venv/lib/python3.9/site-packages/airflow/example_dags/example_skip_dag.py for tasks to queue
[2025-01-06T01:55:11.963+0100] {logging_mixin.py:190} INFO - [2025-01-06T01:55:11.963+0100] {dagbag.py:588} INFO - Filling up the DagBag from /Users/azeez.ganiyu/airflow_venv/lib/python3.9/site-packages/airflow/example_dags/example_skip_dag.py
[2025-01-06T01:55:11.977+0100] {processor.py:925} INFO - DAG(s) 'example_skip_dag' retrieved from /Users/azeez.ganiyu/airflow_venv/lib/python3.9/site-packages/airflow/example_dags/example_skip_dag.py
[2025-01-06T01:55:12.116+0100] {logging_mixin.py:190} INFO - [2025-01-06T01:55:12.115+0100] {dag.py:3239} INFO - Sync 1 DAGs
[2025-01-06T01:55:12.134+0100] {logging_mixin.py:190} INFO - [2025-01-06T01:55:12.134+0100] {dag.py:4180} INFO - Setting next_dagrun for example_skip_dag to 2025-01-05 00:00:00+00:00, run_after=2025-01-06 00:00:00+00:00
[2025-01-06T01:55:12.155+0100] {processor.py:208} INFO - Processing /Users/azeez.ganiyu/airflow_venv/lib/python3.9/site-packages/airflow/example_dags/example_skip_dag.py took 0.206 seconds
[2025-01-06T16:16:49.435+0100] {processor.py:186} INFO - Started process (PID=16981) to work on /Users/azeez.ganiyu/airflow_venv/lib/python3.9/site-packages/airflow/example_dags/example_skip_dag.py
[2025-01-06T16:16:49.440+0100] {processor.py:914} INFO - Processing file /Users/azeez.ganiyu/airflow_venv/lib/python3.9/site-packages/airflow/example_dags/example_skip_dag.py for tasks to queue
[2025-01-06T16:16:49.441+0100] {logging_mixin.py:190} INFO - [2025-01-06T16:16:49.441+0100] {dagbag.py:588} INFO - Filling up the DagBag from /Users/azeez.ganiyu/airflow_venv/lib/python3.9/site-packages/airflow/example_dags/example_skip_dag.py
[2025-01-06T16:16:49.461+0100] {processor.py:925} INFO - DAG(s) 'example_skip_dag' retrieved from /Users/azeez.ganiyu/airflow_venv/lib/python3.9/site-packages/airflow/example_dags/example_skip_dag.py
[2025-01-06T16:16:49.621+0100] {logging_mixin.py:190} INFO - [2025-01-06T16:16:49.621+0100] {dag.py:3239} INFO - Sync 1 DAGs
[2025-01-06T16:16:49.645+0100] {logging_mixin.py:190} INFO - [2025-01-06T16:16:49.645+0100] {dag.py:4180} INFO - Setting next_dagrun for example_skip_dag to 2025-01-05 00:00:00+00:00, run_after=2025-01-06 00:00:00+00:00
[2025-01-06T16:16:49.668+0100] {processor.py:208} INFO - Processing /Users/azeez.ganiyu/airflow_venv/lib/python3.9/site-packages/airflow/example_dags/example_skip_dag.py took 0.241 seconds
[2025-01-06T16:22:14.906+0100] {processor.py:186} INFO - Started process (PID=19475) to work on /Users/azeez.ganiyu/airflow_venv/lib/python3.9/site-packages/airflow/example_dags/example_skip_dag.py
[2025-01-06T16:22:14.914+0100] {processor.py:914} INFO - Processing file /Users/azeez.ganiyu/airflow_venv/lib/python3.9/site-packages/airflow/example_dags/example_skip_dag.py for tasks to queue
[2025-01-06T16:22:14.916+0100] {logging_mixin.py:190} INFO - [2025-01-06T16:22:14.916+0100] {dagbag.py:588} INFO - Filling up the DagBag from /Users/azeez.ganiyu/airflow_venv/lib/python3.9/site-packages/airflow/example_dags/example_skip_dag.py
[2025-01-06T16:22:14.936+0100] {processor.py:925} INFO - DAG(s) 'example_skip_dag' retrieved from /Users/azeez.ganiyu/airflow_venv/lib/python3.9/site-packages/airflow/example_dags/example_skip_dag.py
[2025-01-06T16:22:15.160+0100] {logging_mixin.py:190} INFO - [2025-01-06T16:22:15.159+0100] {dag.py:3239} INFO - Sync 1 DAGs
[2025-01-06T16:22:15.194+0100] {logging_mixin.py:190} INFO - [2025-01-06T16:22:15.194+0100] {dag.py:4180} INFO - Setting next_dagrun for example_skip_dag to 2025-01-05 00:00:00+00:00, run_after=2025-01-06 00:00:00+00:00
[2025-01-06T16:22:15.220+0100] {processor.py:208} INFO - Processing /Users/azeez.ganiyu/airflow_venv/lib/python3.9/site-packages/airflow/example_dags/example_skip_dag.py took 0.324 seconds
