[2025-01-06T01:55:25.022+0100] {processor.py:186} INFO - Started process (PID=4820) to work on /Users/azeez.ganiyu/airflow_venv/lib/python3.9/site-packages/airflow/example_dags/example_short_circuit_decorator.py
[2025-01-06T01:55:25.027+0100] {processor.py:914} INFO - Processing file /Users/azeez.ganiyu/airflow_venv/lib/python3.9/site-packages/airflow/example_dags/example_short_circuit_decorator.py for tasks to queue
[2025-01-06T01:55:25.028+0100] {logging_mixin.py:190} INFO - [2025-01-06T01:55:25.028+0100] {dagbag.py:588} INFO - Filling up the DagBag from /Users/azeez.ganiyu/airflow_venv/lib/python3.9/site-packages/airflow/example_dags/example_short_circuit_decorator.py
[2025-01-06T01:55:25.112+0100] {processor.py:925} INFO - DAG(s) 'example_short_circuit_decorator' retrieved from /Users/azeez.ganiyu/airflow_venv/lib/python3.9/site-packages/airflow/example_dags/example_short_circuit_decorator.py
[2025-01-06T01:55:25.262+0100] {logging_mixin.py:190} INFO - [2025-01-06T01:55:25.261+0100] {dag.py:3239} INFO - Sync 1 DAGs
[2025-01-06T01:55:25.272+0100] {logging_mixin.py:190} INFO - [2025-01-06T01:55:25.271+0100] {dag.py:4180} INFO - Setting next_dagrun for example_short_circuit_decorator to None, run_after=None
[2025-01-06T01:55:25.291+0100] {processor.py:208} INFO - Processing /Users/azeez.ganiyu/airflow_venv/lib/python3.9/site-packages/airflow/example_dags/example_short_circuit_decorator.py took 0.277 seconds
[2025-01-06T16:16:57.615+0100] {processor.py:186} INFO - Started process (PID=17020) to work on /Users/azeez.ganiyu/airflow_venv/lib/python3.9/site-packages/airflow/example_dags/example_short_circuit_decorator.py
[2025-01-06T16:16:57.620+0100] {processor.py:914} INFO - Processing file /Users/azeez.ganiyu/airflow_venv/lib/python3.9/site-packages/airflow/example_dags/example_short_circuit_decorator.py for tasks to queue
[2025-01-06T16:16:57.622+0100] {logging_mixin.py:190} INFO - [2025-01-06T16:16:57.622+0100] {dagbag.py:588} INFO - Filling up the DagBag from /Users/azeez.ganiyu/airflow_venv/lib/python3.9/site-packages/airflow/example_dags/example_short_circuit_decorator.py
[2025-01-06T16:16:57.691+0100] {processor.py:925} INFO - DAG(s) 'example_short_circuit_decorator' retrieved from /Users/azeez.ganiyu/airflow_venv/lib/python3.9/site-packages/airflow/example_dags/example_short_circuit_decorator.py
[2025-01-06T16:16:57.843+0100] {logging_mixin.py:190} INFO - [2025-01-06T16:16:57.843+0100] {dag.py:3239} INFO - Sync 1 DAGs
[2025-01-06T16:16:57.853+0100] {logging_mixin.py:190} INFO - [2025-01-06T16:16:57.853+0100] {dag.py:4180} INFO - Setting next_dagrun for example_short_circuit_decorator to None, run_after=None
[2025-01-06T16:16:57.874+0100] {processor.py:208} INFO - Processing /Users/azeez.ganiyu/airflow_venv/lib/python3.9/site-packages/airflow/example_dags/example_short_circuit_decorator.py took 0.267 seconds
[2025-01-06T16:22:23.411+0100] {processor.py:186} INFO - Started process (PID=19524) to work on /Users/azeez.ganiyu/airflow_venv/lib/python3.9/site-packages/airflow/example_dags/example_short_circuit_decorator.py
[2025-01-06T16:22:23.417+0100] {processor.py:914} INFO - Processing file /Users/azeez.ganiyu/airflow_venv/lib/python3.9/site-packages/airflow/example_dags/example_short_circuit_decorator.py for tasks to queue
[2025-01-06T16:22:23.418+0100] {logging_mixin.py:190} INFO - [2025-01-06T16:22:23.418+0100] {dagbag.py:588} INFO - Filling up the DagBag from /Users/azeez.ganiyu/airflow_venv/lib/python3.9/site-packages/airflow/example_dags/example_short_circuit_decorator.py
[2025-01-06T16:22:23.484+0100] {processor.py:925} INFO - DAG(s) 'example_short_circuit_decorator' retrieved from /Users/azeez.ganiyu/airflow_venv/lib/python3.9/site-packages/airflow/example_dags/example_short_circuit_decorator.py
[2025-01-06T16:22:23.679+0100] {logging_mixin.py:190} INFO - [2025-01-06T16:22:23.679+0100] {dag.py:3239} INFO - Sync 1 DAGs
[2025-01-06T16:22:23.694+0100] {logging_mixin.py:190} INFO - [2025-01-06T16:22:23.694+0100] {dag.py:4180} INFO - Setting next_dagrun for example_short_circuit_decorator to None, run_after=None
[2025-01-06T16:22:23.722+0100] {processor.py:208} INFO - Processing /Users/azeez.ganiyu/airflow_venv/lib/python3.9/site-packages/airflow/example_dags/example_short_circuit_decorator.py took 0.319 seconds
