[2025-01-06T01:53:41.003+0100] {processor.py:186} INFO - Started process (PID=4541) to work on /Users/azeez.ganiyu/airflow_venv/lib/python3.9/site-packages/airflow/example_dags/example_xcom.py
[2025-01-06T01:53:41.009+0100] {processor.py:914} INFO - Processing file /Users/azeez.ganiyu/airflow_venv/lib/python3.9/site-packages/airflow/example_dags/example_xcom.py for tasks to queue
[2025-01-06T01:53:41.010+0100] {logging_mixin.py:190} INFO - [2025-01-06T01:53:41.010+0100] {dagbag.py:588} INFO - Filling up the DagBag from /Users/azeez.ganiyu/airflow_venv/lib/python3.9/site-packages/airflow/example_dags/example_xcom.py
[2025-01-06T01:53:41.064+0100] {processor.py:925} INFO - DAG(s) 'example_xcom' retrieved from /Users/azeez.ganiyu/airflow_venv/lib/python3.9/site-packages/airflow/example_dags/example_xcom.py
[2025-01-06T01:53:41.201+0100] {logging_mixin.py:190} INFO - [2025-01-06T01:53:41.201+0100] {dag.py:3239} INFO - Sync 1 DAGs
[2025-01-06T01:53:41.215+0100] {logging_mixin.py:190} INFO - [2025-01-06T01:53:41.215+0100] {dag.py:4180} INFO - Setting next_dagrun for example_xcom to 2021-01-01 00:00:00+00:00, run_after=2021-01-01 00:00:00+00:00
[2025-01-06T01:53:41.235+0100] {processor.py:208} INFO - Processing /Users/azeez.ganiyu/airflow_venv/lib/python3.9/site-packages/airflow/example_dags/example_xcom.py took 0.240 seconds
[2025-01-06T16:16:12.528+0100] {processor.py:186} INFO - Started process (PID=16782) to work on /Users/azeez.ganiyu/airflow_venv/lib/python3.9/site-packages/airflow/example_dags/example_xcom.py
[2025-01-06T16:16:12.533+0100] {processor.py:914} INFO - Processing file /Users/azeez.ganiyu/airflow_venv/lib/python3.9/site-packages/airflow/example_dags/example_xcom.py for tasks to queue
[2025-01-06T16:16:12.534+0100] {logging_mixin.py:190} INFO - [2025-01-06T16:16:12.534+0100] {dagbag.py:588} INFO - Filling up the DagBag from /Users/azeez.ganiyu/airflow_venv/lib/python3.9/site-packages/airflow/example_dags/example_xcom.py
[2025-01-06T16:16:12.613+0100] {processor.py:925} INFO - DAG(s) 'example_xcom' retrieved from /Users/azeez.ganiyu/airflow_venv/lib/python3.9/site-packages/airflow/example_dags/example_xcom.py
[2025-01-06T16:16:12.781+0100] {logging_mixin.py:190} INFO - [2025-01-06T16:16:12.781+0100] {dag.py:3239} INFO - Sync 1 DAGs
[2025-01-06T16:16:12.799+0100] {logging_mixin.py:190} INFO - [2025-01-06T16:16:12.798+0100] {dag.py:4180} INFO - Setting next_dagrun for example_xcom to 2021-01-01 00:00:00+00:00, run_after=2021-01-01 00:00:00+00:00
[2025-01-06T16:16:12.842+0100] {processor.py:208} INFO - Processing /Users/azeez.ganiyu/airflow_venv/lib/python3.9/site-packages/airflow/example_dags/example_xcom.py took 0.321 seconds
[2025-01-06T16:21:35.130+0100] {processor.py:186} INFO - Started process (PID=19265) to work on /Users/azeez.ganiyu/airflow_venv/lib/python3.9/site-packages/airflow/example_dags/example_xcom.py
[2025-01-06T16:21:35.137+0100] {processor.py:914} INFO - Processing file /Users/azeez.ganiyu/airflow_venv/lib/python3.9/site-packages/airflow/example_dags/example_xcom.py for tasks to queue
[2025-01-06T16:21:35.138+0100] {logging_mixin.py:190} INFO - [2025-01-06T16:21:35.138+0100] {dagbag.py:588} INFO - Filling up the DagBag from /Users/azeez.ganiyu/airflow_venv/lib/python3.9/site-packages/airflow/example_dags/example_xcom.py
[2025-01-06T16:21:35.200+0100] {processor.py:925} INFO - DAG(s) 'example_xcom' retrieved from /Users/azeez.ganiyu/airflow_venv/lib/python3.9/site-packages/airflow/example_dags/example_xcom.py
[2025-01-06T16:21:35.352+0100] {logging_mixin.py:190} INFO - [2025-01-06T16:21:35.352+0100] {dag.py:3239} INFO - Sync 1 DAGs
[2025-01-06T16:21:35.367+0100] {logging_mixin.py:190} INFO - [2025-01-06T16:21:35.367+0100] {dag.py:4180} INFO - Setting next_dagrun for example_xcom to 2021-01-01 00:00:00+00:00, run_after=2021-01-01 00:00:00+00:00
[2025-01-06T16:21:35.392+0100] {processor.py:208} INFO - Processing /Users/azeez.ganiyu/airflow_venv/lib/python3.9/site-packages/airflow/example_dags/example_xcom.py took 0.270 seconds
