[2025-01-06T01:55:37.214+0100] {processor.py:186} INFO - Started process (PID=4846) to work on /Users/azeez.ganiyu/airflow_venv/lib/python3.9/site-packages/airflow/example_dags/example_setup_teardown.py
[2025-01-06T01:55:37.220+0100] {processor.py:914} INFO - Processing file /Users/azeez.ganiyu/airflow_venv/lib/python3.9/site-packages/airflow/example_dags/example_setup_teardown.py for tasks to queue
[2025-01-06T01:55:37.222+0100] {logging_mixin.py:190} INFO - [2025-01-06T01:55:37.221+0100] {dagbag.py:588} INFO - Filling up the DagBag from /Users/azeez.ganiyu/airflow_venv/lib/python3.9/site-packages/airflow/example_dags/example_setup_teardown.py
[2025-01-06T01:55:37.237+0100] {processor.py:925} INFO - DAG(s) 'example_setup_teardown' retrieved from /Users/azeez.ganiyu/airflow_venv/lib/python3.9/site-packages/airflow/example_dags/example_setup_teardown.py
[2025-01-06T01:55:37.378+0100] {logging_mixin.py:190} INFO - [2025-01-06T01:55:37.377+0100] {dag.py:3239} INFO - Sync 1 DAGs
[2025-01-06T01:55:37.386+0100] {logging_mixin.py:190} INFO - [2025-01-06T01:55:37.386+0100] {dag.py:4180} INFO - Setting next_dagrun for example_setup_teardown to None, run_after=None
[2025-01-06T01:55:37.404+0100] {processor.py:208} INFO - Processing /Users/azeez.ganiyu/airflow_venv/lib/python3.9/site-packages/airflow/example_dags/example_setup_teardown.py took 0.198 seconds
[2025-01-06T16:17:05.713+0100] {processor.py:186} INFO - Started process (PID=17071) to work on /Users/azeez.ganiyu/airflow_venv/lib/python3.9/site-packages/airflow/example_dags/example_setup_teardown.py
[2025-01-06T16:17:05.718+0100] {processor.py:914} INFO - Processing file /Users/azeez.ganiyu/airflow_venv/lib/python3.9/site-packages/airflow/example_dags/example_setup_teardown.py for tasks to queue
[2025-01-06T16:17:05.719+0100] {logging_mixin.py:190} INFO - [2025-01-06T16:17:05.719+0100] {dagbag.py:588} INFO - Filling up the DagBag from /Users/azeez.ganiyu/airflow_venv/lib/python3.9/site-packages/airflow/example_dags/example_setup_teardown.py
[2025-01-06T16:17:05.737+0100] {processor.py:925} INFO - DAG(s) 'example_setup_teardown' retrieved from /Users/azeez.ganiyu/airflow_venv/lib/python3.9/site-packages/airflow/example_dags/example_setup_teardown.py
[2025-01-06T16:17:05.907+0100] {logging_mixin.py:190} INFO - [2025-01-06T16:17:05.906+0100] {dag.py:3239} INFO - Sync 1 DAGs
[2025-01-06T16:17:05.917+0100] {logging_mixin.py:190} INFO - [2025-01-06T16:17:05.917+0100] {dag.py:4180} INFO - Setting next_dagrun for example_setup_teardown to None, run_after=None
[2025-01-06T16:17:05.938+0100] {processor.py:208} INFO - Processing /Users/azeez.ganiyu/airflow_venv/lib/python3.9/site-packages/airflow/example_dags/example_setup_teardown.py took 0.233 seconds
[2025-01-06T16:22:31.915+0100] {processor.py:186} INFO - Started process (PID=19570) to work on /Users/azeez.ganiyu/airflow_venv/lib/python3.9/site-packages/airflow/example_dags/example_setup_teardown.py
[2025-01-06T16:22:31.921+0100] {processor.py:914} INFO - Processing file /Users/azeez.ganiyu/airflow_venv/lib/python3.9/site-packages/airflow/example_dags/example_setup_teardown.py for tasks to queue
[2025-01-06T16:22:31.922+0100] {logging_mixin.py:190} INFO - [2025-01-06T16:22:31.922+0100] {dagbag.py:588} INFO - Filling up the DagBag from /Users/azeez.ganiyu/airflow_venv/lib/python3.9/site-packages/airflow/example_dags/example_setup_teardown.py
[2025-01-06T16:22:31.940+0100] {processor.py:925} INFO - DAG(s) 'example_setup_teardown' retrieved from /Users/azeez.ganiyu/airflow_venv/lib/python3.9/site-packages/airflow/example_dags/example_setup_teardown.py
[2025-01-06T16:22:32.102+0100] {logging_mixin.py:190} INFO - [2025-01-06T16:22:32.102+0100] {dag.py:3239} INFO - Sync 1 DAGs
[2025-01-06T16:22:32.113+0100] {logging_mixin.py:190} INFO - [2025-01-06T16:22:32.113+0100] {dag.py:4180} INFO - Setting next_dagrun for example_setup_teardown to None, run_after=None
[2025-01-06T16:22:32.136+0100] {processor.py:208} INFO - Processing /Users/azeez.ganiyu/airflow_venv/lib/python3.9/site-packages/airflow/example_dags/example_setup_teardown.py took 0.229 seconds
