[2025-01-06T01:48:26.318+0100] {processor.py:186} INFO - Started process (PID=3740) to work on /Users/azeez.ganiyu/airflow_venv/lib/python3.9/site-packages/airflow/example_dags/example_external_task_marker_dag.py
[2025-01-06T01:48:26.404+0100] {processor.py:914} INFO - Processing file /Users/azeez.ganiyu/airflow_venv/lib/python3.9/site-packages/airflow/example_dags/example_external_task_marker_dag.py for tasks to queue
[2025-01-06T01:48:26.426+0100] {logging_mixin.py:190} INFO - [2025-01-06T01:48:26.422+0100] {dagbag.py:588} INFO - Filling up the DagBag from /Users/azeez.ganiyu/airflow_venv/lib/python3.9/site-packages/airflow/example_dags/example_external_task_marker_dag.py
[2025-01-06T01:48:26.811+0100] {processor.py:925} INFO - DAG(s) 'example_external_task_marker_child', 'example_external_task_marker_parent' retrieved from /Users/azeez.ganiyu/airflow_venv/lib/python3.9/site-packages/airflow/example_dags/example_external_task_marker_dag.py
[2025-01-06T01:48:29.897+0100] {logging_mixin.py:190} INFO - [2025-01-06T01:48:29.887+0100] {workday.py:41} WARNING - Could not import pandas. Holidays will not be considered.
[2025-01-06T01:48:30.794+0100] {logging_mixin.py:190} INFO - [2025-01-06T01:48:30.788+0100] {dag.py:3239} INFO - Sync 2 DAGs
[2025-01-06T01:48:31.075+0100] {logging_mixin.py:190} INFO - [2025-01-06T01:48:31.070+0100] {dag.py:4180} INFO - Setting next_dagrun for example_external_task_marker_child to None, run_after=None
[2025-01-06T01:48:31.143+0100] {logging_mixin.py:190} INFO - [2025-01-06T01:48:31.139+0100] {dag.py:4180} INFO - Setting next_dagrun for example_external_task_marker_parent to None, run_after=None
[2025-01-06T01:48:31.500+0100] {processor.py:208} INFO - Processing /Users/azeez.ganiyu/airflow_venv/lib/python3.9/site-packages/airflow/example_dags/example_external_task_marker_dag.py took 5.319 seconds
[2025-01-06T15:48:18.238+0100] {processor.py:186} INFO - Started process (PID=5410) to work on /Users/azeez.ganiyu/airflow_venv/lib/python3.9/site-packages/airflow/example_dags/example_external_task_marker_dag.py
[2025-01-06T15:48:18.245+0100] {processor.py:914} INFO - Processing file /Users/azeez.ganiyu/airflow_venv/lib/python3.9/site-packages/airflow/example_dags/example_external_task_marker_dag.py for tasks to queue
[2025-01-06T15:48:18.247+0100] {logging_mixin.py:190} INFO - [2025-01-06T15:48:18.246+0100] {dagbag.py:588} INFO - Filling up the DagBag from /Users/azeez.ganiyu/airflow_venv/lib/python3.9/site-packages/airflow/example_dags/example_external_task_marker_dag.py
[2025-01-06T15:48:18.288+0100] {processor.py:925} INFO - DAG(s) 'example_external_task_marker_parent', 'example_external_task_marker_child' retrieved from /Users/azeez.ganiyu/airflow_venv/lib/python3.9/site-packages/airflow/example_dags/example_external_task_marker_dag.py
[2025-01-06T15:48:18.555+0100] {logging_mixin.py:190} INFO - [2025-01-06T15:48:18.555+0100] {workday.py:41} WARNING - Could not import pandas. Holidays will not be considered.
[2025-01-06T15:48:18.601+0100] {logging_mixin.py:190} INFO - [2025-01-06T15:48:18.600+0100] {dag.py:3239} INFO - Sync 2 DAGs
[2025-01-06T15:48:18.617+0100] {logging_mixin.py:190} INFO - [2025-01-06T15:48:18.617+0100] {dag.py:4180} INFO - Setting next_dagrun for example_external_task_marker_child to None, run_after=None
[2025-01-06T15:48:18.621+0100] {logging_mixin.py:190} INFO - [2025-01-06T15:48:18.621+0100] {dag.py:4180} INFO - Setting next_dagrun for example_external_task_marker_parent to None, run_after=None
[2025-01-06T15:48:18.650+0100] {processor.py:208} INFO - Processing /Users/azeez.ganiyu/airflow_venv/lib/python3.9/site-packages/airflow/example_dags/example_external_task_marker_dag.py took 0.422 seconds
[2025-01-06T16:23:37.414+0100] {processor.py:186} INFO - Started process (PID=19926) to work on /Users/azeez.ganiyu/airflow_venv/lib/python3.9/site-packages/airflow/example_dags/example_external_task_marker_dag.py
[2025-01-06T16:23:37.420+0100] {processor.py:914} INFO - Processing file /Users/azeez.ganiyu/airflow_venv/lib/python3.9/site-packages/airflow/example_dags/example_external_task_marker_dag.py for tasks to queue
[2025-01-06T16:23:37.421+0100] {logging_mixin.py:190} INFO - [2025-01-06T16:23:37.421+0100] {dagbag.py:588} INFO - Filling up the DagBag from /Users/azeez.ganiyu/airflow_venv/lib/python3.9/site-packages/airflow/example_dags/example_external_task_marker_dag.py
[2025-01-06T16:23:37.451+0100] {processor.py:925} INFO - DAG(s) 'example_external_task_marker_parent', 'example_external_task_marker_child' retrieved from /Users/azeez.ganiyu/airflow_venv/lib/python3.9/site-packages/airflow/example_dags/example_external_task_marker_dag.py
[2025-01-06T16:23:37.615+0100] {logging_mixin.py:190} INFO - [2025-01-06T16:23:37.615+0100] {workday.py:41} WARNING - Could not import pandas. Holidays will not be considered.
[2025-01-06T16:23:37.648+0100] {logging_mixin.py:190} INFO - [2025-01-06T16:23:37.647+0100] {dag.py:3239} INFO - Sync 2 DAGs
[2025-01-06T16:23:37.659+0100] {logging_mixin.py:190} INFO - [2025-01-06T16:23:37.659+0100] {dag.py:4180} INFO - Setting next_dagrun for example_external_task_marker_child to None, run_after=None
[2025-01-06T16:23:37.662+0100] {logging_mixin.py:190} INFO - [2025-01-06T16:23:37.662+0100] {dag.py:4180} INFO - Setting next_dagrun for example_external_task_marker_parent to None, run_after=None
[2025-01-06T16:23:37.686+0100] {processor.py:208} INFO - Processing /Users/azeez.ganiyu/airflow_venv/lib/python3.9/site-packages/airflow/example_dags/example_external_task_marker_dag.py took 0.280 seconds
