[2025-01-06T01:52:15.212+0100] {processor.py:186} INFO - Started process (PID=4263) to work on /Users/azeez.ganiyu/airflow_venv/lib/python3.9/site-packages/airflow/example_dags/tutorial_taskflow_templates.py
[2025-01-06T01:52:15.284+0100] {processor.py:914} INFO - Processing file /Users/azeez.ganiyu/airflow_venv/lib/python3.9/site-packages/airflow/example_dags/tutorial_taskflow_templates.py for tasks to queue
[2025-01-06T01:52:15.301+0100] {logging_mixin.py:190} INFO - [2025-01-06T01:52:15.298+0100] {dagbag.py:588} INFO - Filling up the DagBag from /Users/azeez.ganiyu/airflow_venv/lib/python3.9/site-packages/airflow/example_dags/tutorial_taskflow_templates.py
[2025-01-06T01:52:16.678+0100] {processor.py:925} INFO - DAG(s) 'tutorial_taskflow_templates' retrieved from /Users/azeez.ganiyu/airflow_venv/lib/python3.9/site-packages/airflow/example_dags/tutorial_taskflow_templates.py
[2025-01-06T01:52:19.558+0100] {logging_mixin.py:190} INFO - [2025-01-06T01:52:19.557+0100] {dag.py:3239} INFO - Sync 1 DAGs
[2025-01-06T01:52:19.647+0100] {logging_mixin.py:190} INFO - [2025-01-06T01:52:19.647+0100] {dag.py:4180} INFO - Setting next_dagrun for tutorial_taskflow_templates to 2025-01-05 00:00:00+00:00, run_after=2025-01-06 00:00:00+00:00
[2025-01-06T01:52:19.711+0100] {processor.py:208} INFO - Processing /Users/azeez.ganiyu/airflow_venv/lib/python3.9/site-packages/airflow/example_dags/tutorial_taskflow_templates.py took 4.608 seconds
[2025-01-06T15:49:39.338+0100] {processor.py:186} INFO - Started process (PID=5704) to work on /Users/azeez.ganiyu/airflow_venv/lib/python3.9/site-packages/airflow/example_dags/tutorial_taskflow_templates.py
[2025-01-06T15:49:39.343+0100] {processor.py:914} INFO - Processing file /Users/azeez.ganiyu/airflow_venv/lib/python3.9/site-packages/airflow/example_dags/tutorial_taskflow_templates.py for tasks to queue
[2025-01-06T15:49:39.344+0100] {logging_mixin.py:190} INFO - [2025-01-06T15:49:39.344+0100] {dagbag.py:588} INFO - Filling up the DagBag from /Users/azeez.ganiyu/airflow_venv/lib/python3.9/site-packages/airflow/example_dags/tutorial_taskflow_templates.py
[2025-01-06T15:49:39.411+0100] {processor.py:925} INFO - DAG(s) 'tutorial_taskflow_templates' retrieved from /Users/azeez.ganiyu/airflow_venv/lib/python3.9/site-packages/airflow/example_dags/tutorial_taskflow_templates.py
[2025-01-06T15:49:39.558+0100] {logging_mixin.py:190} INFO - [2025-01-06T15:49:39.558+0100] {dag.py:3239} INFO - Sync 1 DAGs
[2025-01-06T15:49:39.575+0100] {logging_mixin.py:190} INFO - [2025-01-06T15:49:39.575+0100] {dag.py:4180} INFO - Setting next_dagrun for tutorial_taskflow_templates to 2025-01-05 00:00:00+00:00, run_after=2025-01-06 00:00:00+00:00
[2025-01-06T15:49:39.594+0100] {processor.py:208} INFO - Processing /Users/azeez.ganiyu/airflow_venv/lib/python3.9/site-packages/airflow/example_dags/tutorial_taskflow_templates.py took 0.265 seconds
[2025-01-06T16:15:43.498+0100] {processor.py:186} INFO - Started process (PID=16614) to work on /Users/azeez.ganiyu/airflow_venv/lib/python3.9/site-packages/airflow/example_dags/tutorial_taskflow_templates.py
[2025-01-06T16:15:43.505+0100] {processor.py:914} INFO - Processing file /Users/azeez.ganiyu/airflow_venv/lib/python3.9/site-packages/airflow/example_dags/tutorial_taskflow_templates.py for tasks to queue
[2025-01-06T16:15:43.506+0100] {logging_mixin.py:190} INFO - [2025-01-06T16:15:43.505+0100] {dagbag.py:588} INFO - Filling up the DagBag from /Users/azeez.ganiyu/airflow_venv/lib/python3.9/site-packages/airflow/example_dags/tutorial_taskflow_templates.py
[2025-01-06T16:15:43.575+0100] {processor.py:925} INFO - DAG(s) 'tutorial_taskflow_templates' retrieved from /Users/azeez.ganiyu/airflow_venv/lib/python3.9/site-packages/airflow/example_dags/tutorial_taskflow_templates.py
[2025-01-06T16:15:43.736+0100] {logging_mixin.py:190} INFO - [2025-01-06T16:15:43.735+0100] {dag.py:3239} INFO - Sync 1 DAGs
[2025-01-06T16:15:43.753+0100] {logging_mixin.py:190} INFO - [2025-01-06T16:15:43.752+0100] {dag.py:4180} INFO - Setting next_dagrun for tutorial_taskflow_templates to 2025-01-05 00:00:00+00:00, run_after=2025-01-06 00:00:00+00:00
[2025-01-06T16:15:43.773+0100] {processor.py:208} INFO - Processing /Users/azeez.ganiyu/airflow_venv/lib/python3.9/site-packages/airflow/example_dags/tutorial_taskflow_templates.py took 0.283 seconds
[2025-01-06T16:21:05.185+0100] {processor.py:186} INFO - Started process (PID=19089) to work on /Users/azeez.ganiyu/airflow_venv/lib/python3.9/site-packages/airflow/example_dags/tutorial_taskflow_templates.py
[2025-01-06T16:21:05.192+0100] {processor.py:914} INFO - Processing file /Users/azeez.ganiyu/airflow_venv/lib/python3.9/site-packages/airflow/example_dags/tutorial_taskflow_templates.py for tasks to queue
[2025-01-06T16:21:05.193+0100] {logging_mixin.py:190} INFO - [2025-01-06T16:21:05.193+0100] {dagbag.py:588} INFO - Filling up the DagBag from /Users/azeez.ganiyu/airflow_venv/lib/python3.9/site-packages/airflow/example_dags/tutorial_taskflow_templates.py
[2025-01-06T16:21:05.275+0100] {processor.py:925} INFO - DAG(s) 'tutorial_taskflow_templates' retrieved from /Users/azeez.ganiyu/airflow_venv/lib/python3.9/site-packages/airflow/example_dags/tutorial_taskflow_templates.py
[2025-01-06T16:21:05.442+0100] {logging_mixin.py:190} INFO - [2025-01-06T16:21:05.441+0100] {dag.py:3239} INFO - Sync 1 DAGs
[2025-01-06T16:21:05.461+0100] {logging_mixin.py:190} INFO - [2025-01-06T16:21:05.461+0100] {dag.py:4180} INFO - Setting next_dagrun for tutorial_taskflow_templates to 2025-01-05 00:00:00+00:00, run_after=2025-01-06 00:00:00+00:00
[2025-01-06T16:21:05.482+0100] {processor.py:208} INFO - Processing /Users/azeez.ganiyu/airflow_venv/lib/python3.9/site-packages/airflow/example_dags/tutorial_taskflow_templates.py took 0.305 seconds
[2025-01-06T16:25:16.601+0100] {processor.py:186} INFO - Started process (PID=20464) to work on /Users/azeez.ganiyu/airflow_venv/lib/python3.9/site-packages/airflow/example_dags/tutorial_taskflow_templates.py
[2025-01-06T16:25:16.607+0100] {processor.py:914} INFO - Processing file /Users/azeez.ganiyu/airflow_venv/lib/python3.9/site-packages/airflow/example_dags/tutorial_taskflow_templates.py for tasks to queue
[2025-01-06T16:25:16.609+0100] {logging_mixin.py:190} INFO - [2025-01-06T16:25:16.609+0100] {dagbag.py:588} INFO - Filling up the DagBag from /Users/azeez.ganiyu/airflow_venv/lib/python3.9/site-packages/airflow/example_dags/tutorial_taskflow_templates.py
[2025-01-06T16:25:16.679+0100] {processor.py:925} INFO - DAG(s) 'tutorial_taskflow_templates' retrieved from /Users/azeez.ganiyu/airflow_venv/lib/python3.9/site-packages/airflow/example_dags/tutorial_taskflow_templates.py
[2025-01-06T16:25:16.835+0100] {logging_mixin.py:190} INFO - [2025-01-06T16:25:16.835+0100] {dag.py:3239} INFO - Sync 1 DAGs
[2025-01-06T16:25:16.858+0100] {logging_mixin.py:190} INFO - [2025-01-06T16:25:16.858+0100] {dag.py:4180} INFO - Setting next_dagrun for tutorial_taskflow_templates to 2025-01-05 00:00:00+00:00, run_after=2025-01-06 00:00:00+00:00
[2025-01-06T16:25:16.883+0100] {processor.py:208} INFO - Processing /Users/azeez.ganiyu/airflow_venv/lib/python3.9/site-packages/airflow/example_dags/tutorial_taskflow_templates.py took 0.290 seconds
