[2025-01-06T01:53:21.381+0100] {processor.py:186} INFO - Started process (PID=4394) to work on /Users/azeez.ganiyu/airflow_venv/lib/python3.9/site-packages/airflow/example_dags/tutorial_dag.py
[2025-01-06T01:53:21.461+0100] {processor.py:914} INFO - Processing file /Users/azeez.ganiyu/airflow_venv/lib/python3.9/site-packages/airflow/example_dags/tutorial_dag.py for tasks to queue
[2025-01-06T01:53:21.480+0100] {logging_mixin.py:190} INFO - [2025-01-06T01:53:21.476+0100] {dagbag.py:588} INFO - Filling up the DagBag from /Users/azeez.ganiyu/airflow_venv/lib/python3.9/site-packages/airflow/example_dags/tutorial_dag.py
[2025-01-06T01:53:22.143+0100] {processor.py:925} INFO - DAG(s) 'tutorial_dag' retrieved from /Users/azeez.ganiyu/airflow_venv/lib/python3.9/site-packages/airflow/example_dags/tutorial_dag.py
[2025-01-06T01:53:25.097+0100] {logging_mixin.py:190} INFO - [2025-01-06T01:53:25.091+0100] {dag.py:3239} INFO - Sync 1 DAGs
[2025-01-06T01:53:25.347+0100] {logging_mixin.py:190} INFO - [2025-01-06T01:53:25.343+0100] {dag.py:4180} INFO - Setting next_dagrun for tutorial_dag to None, run_after=None
[2025-01-06T01:53:25.692+0100] {processor.py:208} INFO - Processing /Users/azeez.ganiyu/airflow_venv/lib/python3.9/site-packages/airflow/example_dags/tutorial_dag.py took 4.463 seconds
[2025-01-06T16:15:59.894+0100] {processor.py:186} INFO - Started process (PID=16705) to work on /Users/azeez.ganiyu/airflow_venv/lib/python3.9/site-packages/airflow/example_dags/tutorial_dag.py
[2025-01-06T16:15:59.901+0100] {processor.py:914} INFO - Processing file /Users/azeez.ganiyu/airflow_venv/lib/python3.9/site-packages/airflow/example_dags/tutorial_dag.py for tasks to queue
[2025-01-06T16:15:59.902+0100] {logging_mixin.py:190} INFO - [2025-01-06T16:15:59.902+0100] {dagbag.py:588} INFO - Filling up the DagBag from /Users/azeez.ganiyu/airflow_venv/lib/python3.9/site-packages/airflow/example_dags/tutorial_dag.py
[2025-01-06T16:15:59.944+0100] {processor.py:925} INFO - DAG(s) 'tutorial_dag' retrieved from /Users/azeez.ganiyu/airflow_venv/lib/python3.9/site-packages/airflow/example_dags/tutorial_dag.py
[2025-01-06T16:16:00.087+0100] {logging_mixin.py:190} INFO - [2025-01-06T16:16:00.086+0100] {dag.py:3239} INFO - Sync 1 DAGs
[2025-01-06T16:16:00.097+0100] {logging_mixin.py:190} INFO - [2025-01-06T16:16:00.097+0100] {dag.py:4180} INFO - Setting next_dagrun for tutorial_dag to None, run_after=None
[2025-01-06T16:16:00.118+0100] {processor.py:208} INFO - Processing /Users/azeez.ganiyu/airflow_venv/lib/python3.9/site-packages/airflow/example_dags/tutorial_dag.py took 0.233 seconds
[2025-01-06T16:21:21.591+0100] {processor.py:186} INFO - Started process (PID=19197) to work on /Users/azeez.ganiyu/airflow_venv/lib/python3.9/site-packages/airflow/example_dags/tutorial_dag.py
[2025-01-06T16:21:21.598+0100] {processor.py:914} INFO - Processing file /Users/azeez.ganiyu/airflow_venv/lib/python3.9/site-packages/airflow/example_dags/tutorial_dag.py for tasks to queue
[2025-01-06T16:21:21.599+0100] {logging_mixin.py:190} INFO - [2025-01-06T16:21:21.599+0100] {dagbag.py:588} INFO - Filling up the DagBag from /Users/azeez.ganiyu/airflow_venv/lib/python3.9/site-packages/airflow/example_dags/tutorial_dag.py
[2025-01-06T16:21:21.659+0100] {processor.py:925} INFO - DAG(s) 'tutorial_dag' retrieved from /Users/azeez.ganiyu/airflow_venv/lib/python3.9/site-packages/airflow/example_dags/tutorial_dag.py
[2025-01-06T16:21:21.828+0100] {logging_mixin.py:190} INFO - [2025-01-06T16:21:21.827+0100] {dag.py:3239} INFO - Sync 1 DAGs
[2025-01-06T16:21:21.839+0100] {logging_mixin.py:190} INFO - [2025-01-06T16:21:21.838+0100] {dag.py:4180} INFO - Setting next_dagrun for tutorial_dag to None, run_after=None
[2025-01-06T16:21:21.861+0100] {processor.py:208} INFO - Processing /Users/azeez.ganiyu/airflow_venv/lib/python3.9/site-packages/airflow/example_dags/tutorial_dag.py took 0.279 seconds
[2025-01-06T16:25:34.350+0100] {processor.py:186} INFO - Started process (PID=20559) to work on /Users/azeez.ganiyu/airflow_venv/lib/python3.9/site-packages/airflow/example_dags/tutorial_dag.py
[2025-01-06T16:25:34.358+0100] {processor.py:914} INFO - Processing file /Users/azeez.ganiyu/airflow_venv/lib/python3.9/site-packages/airflow/example_dags/tutorial_dag.py for tasks to queue
[2025-01-06T16:25:34.361+0100] {logging_mixin.py:190} INFO - [2025-01-06T16:25:34.360+0100] {dagbag.py:588} INFO - Filling up the DagBag from /Users/azeez.ganiyu/airflow_venv/lib/python3.9/site-packages/airflow/example_dags/tutorial_dag.py
[2025-01-06T16:25:34.407+0100] {processor.py:925} INFO - DAG(s) 'tutorial_dag' retrieved from /Users/azeez.ganiyu/airflow_venv/lib/python3.9/site-packages/airflow/example_dags/tutorial_dag.py
[2025-01-06T16:25:34.640+0100] {logging_mixin.py:190} INFO - [2025-01-06T16:25:34.640+0100] {dag.py:3239} INFO - Sync 1 DAGs
[2025-01-06T16:25:34.661+0100] {logging_mixin.py:190} INFO - [2025-01-06T16:25:34.661+0100] {dag.py:4180} INFO - Setting next_dagrun for tutorial_dag to None, run_after=None
[2025-01-06T16:25:34.693+0100] {processor.py:208} INFO - Processing /Users/azeez.ganiyu/airflow_venv/lib/python3.9/site-packages/airflow/example_dags/tutorial_dag.py took 0.351 seconds
