[2025-01-06T01:52:29.399+0100] {processor.py:186} INFO - Started process (PID=4368) to work on /Users/azeez.ganiyu/airflow_venv/lib/python3.9/site-packages/airflow/example_dags/tutorial_taskflow_api.py
[2025-01-06T01:52:29.405+0100] {processor.py:914} INFO - Processing file /Users/azeez.ganiyu/airflow_venv/lib/python3.9/site-packages/airflow/example_dags/tutorial_taskflow_api.py for tasks to queue
[2025-01-06T01:52:29.407+0100] {logging_mixin.py:190} INFO - [2025-01-06T01:52:29.406+0100] {dagbag.py:588} INFO - Filling up the DagBag from /Users/azeez.ganiyu/airflow_venv/lib/python3.9/site-packages/airflow/example_dags/tutorial_taskflow_api.py
[2025-01-06T01:52:29.465+0100] {processor.py:925} INFO - DAG(s) 'tutorial_taskflow_api' retrieved from /Users/azeez.ganiyu/airflow_venv/lib/python3.9/site-packages/airflow/example_dags/tutorial_taskflow_api.py
[2025-01-06T01:52:29.602+0100] {logging_mixin.py:190} INFO - [2025-01-06T01:52:29.602+0100] {dag.py:3239} INFO - Sync 1 DAGs
[2025-01-06T01:52:29.612+0100] {logging_mixin.py:190} INFO - [2025-01-06T01:52:29.611+0100] {dag.py:4180} INFO - Setting next_dagrun for tutorial_taskflow_api to None, run_after=None
[2025-01-06T01:52:29.632+0100] {processor.py:208} INFO - Processing /Users/azeez.ganiyu/airflow_venv/lib/python3.9/site-packages/airflow/example_dags/tutorial_taskflow_api.py took 0.241 seconds
[2025-01-06T16:15:51.609+0100] {processor.py:186} INFO - Started process (PID=16658) to work on /Users/azeez.ganiyu/airflow_venv/lib/python3.9/site-packages/airflow/example_dags/tutorial_taskflow_api.py
[2025-01-06T16:15:51.614+0100] {processor.py:914} INFO - Processing file /Users/azeez.ganiyu/airflow_venv/lib/python3.9/site-packages/airflow/example_dags/tutorial_taskflow_api.py for tasks to queue
[2025-01-06T16:15:51.615+0100] {logging_mixin.py:190} INFO - [2025-01-06T16:15:51.615+0100] {dagbag.py:588} INFO - Filling up the DagBag from /Users/azeez.ganiyu/airflow_venv/lib/python3.9/site-packages/airflow/example_dags/tutorial_taskflow_api.py
[2025-01-06T16:15:51.675+0100] {processor.py:925} INFO - DAG(s) 'tutorial_taskflow_api' retrieved from /Users/azeez.ganiyu/airflow_venv/lib/python3.9/site-packages/airflow/example_dags/tutorial_taskflow_api.py
[2025-01-06T16:15:51.818+0100] {logging_mixin.py:190} INFO - [2025-01-06T16:15:51.818+0100] {dag.py:3239} INFO - Sync 1 DAGs
[2025-01-06T16:15:51.828+0100] {logging_mixin.py:190} INFO - [2025-01-06T16:15:51.828+0100] {dag.py:4180} INFO - Setting next_dagrun for tutorial_taskflow_api to None, run_after=None
[2025-01-06T16:15:51.850+0100] {processor.py:208} INFO - Processing /Users/azeez.ganiyu/airflow_venv/lib/python3.9/site-packages/airflow/example_dags/tutorial_taskflow_api.py took 0.249 seconds
[2025-01-06T16:21:13.367+0100] {processor.py:186} INFO - Started process (PID=19144) to work on /Users/azeez.ganiyu/airflow_venv/lib/python3.9/site-packages/airflow/example_dags/tutorial_taskflow_api.py
[2025-01-06T16:21:13.373+0100] {processor.py:914} INFO - Processing file /Users/azeez.ganiyu/airflow_venv/lib/python3.9/site-packages/airflow/example_dags/tutorial_taskflow_api.py for tasks to queue
[2025-01-06T16:21:13.374+0100] {logging_mixin.py:190} INFO - [2025-01-06T16:21:13.373+0100] {dagbag.py:588} INFO - Filling up the DagBag from /Users/azeez.ganiyu/airflow_venv/lib/python3.9/site-packages/airflow/example_dags/tutorial_taskflow_api.py
[2025-01-06T16:21:13.434+0100] {processor.py:925} INFO - DAG(s) 'tutorial_taskflow_api' retrieved from /Users/azeez.ganiyu/airflow_venv/lib/python3.9/site-packages/airflow/example_dags/tutorial_taskflow_api.py
[2025-01-06T16:21:13.602+0100] {logging_mixin.py:190} INFO - [2025-01-06T16:21:13.602+0100] {dag.py:3239} INFO - Sync 1 DAGs
[2025-01-06T16:21:13.613+0100] {logging_mixin.py:190} INFO - [2025-01-06T16:21:13.613+0100] {dag.py:4180} INFO - Setting next_dagrun for tutorial_taskflow_api to None, run_after=None
[2025-01-06T16:21:13.635+0100] {processor.py:208} INFO - Processing /Users/azeez.ganiyu/airflow_venv/lib/python3.9/site-packages/airflow/example_dags/tutorial_taskflow_api.py took 0.275 seconds
[2025-01-06T16:25:25.450+0100] {processor.py:186} INFO - Started process (PID=20515) to work on /Users/azeez.ganiyu/airflow_venv/lib/python3.9/site-packages/airflow/example_dags/tutorial_taskflow_api.py
[2025-01-06T16:25:25.458+0100] {processor.py:914} INFO - Processing file /Users/azeez.ganiyu/airflow_venv/lib/python3.9/site-packages/airflow/example_dags/tutorial_taskflow_api.py for tasks to queue
[2025-01-06T16:25:25.460+0100] {logging_mixin.py:190} INFO - [2025-01-06T16:25:25.459+0100] {dagbag.py:588} INFO - Filling up the DagBag from /Users/azeez.ganiyu/airflow_venv/lib/python3.9/site-packages/airflow/example_dags/tutorial_taskflow_api.py
[2025-01-06T16:25:25.552+0100] {processor.py:925} INFO - DAG(s) 'tutorial_taskflow_api' retrieved from /Users/azeez.ganiyu/airflow_venv/lib/python3.9/site-packages/airflow/example_dags/tutorial_taskflow_api.py
[2025-01-06T16:25:25.761+0100] {logging_mixin.py:190} INFO - [2025-01-06T16:25:25.761+0100] {dag.py:3239} INFO - Sync 1 DAGs
[2025-01-06T16:25:25.774+0100] {logging_mixin.py:190} INFO - [2025-01-06T16:25:25.774+0100] {dag.py:4180} INFO - Setting next_dagrun for tutorial_taskflow_api to None, run_after=None
[2025-01-06T16:25:25.799+0100] {processor.py:208} INFO - Processing /Users/azeez.ganiyu/airflow_venv/lib/python3.9/site-packages/airflow/example_dags/tutorial_taskflow_api.py took 0.359 seconds
