[2025-01-31T16:05:51.190+0000] {processor.py:186} INFO - Started process (PID=211) to work on /opt/airflow/dags/dag_with_postgres_operator.py
[2025-01-31T16:05:51.191+0000] {processor.py:914} INFO - Processing file /opt/airflow/dags/dag_with_postgres_operator.py for tasks to queue
[2025-01-31T16:05:51.198+0000] {logging_mixin.py:190} INFO - [2025-01-31T16:05:51.197+0000] {dagbag.py:588} INFO - Filling up the DagBag from /opt/airflow/dags/dag_with_postgres_operator.py
[2025-01-31T16:05:51.309+0000] {processor.py:925} INFO - DAG(s) 'dag_with_postgres_operator_v03' retrieved from /opt/airflow/dags/dag_with_postgres_operator.py
[2025-01-31T16:05:51.506+0000] {logging_mixin.py:190} INFO - [2025-01-31T16:05:51.506+0000] {override.py:1911} INFO - Created Permission View: can read on DAG:dag_with_postgres_operator_v03
[2025-01-31T16:05:51.525+0000] {logging_mixin.py:190} INFO - [2025-01-31T16:05:51.524+0000] {override.py:1911} INFO - Created Permission View: can delete on DAG:dag_with_postgres_operator_v03
[2025-01-31T16:05:51.536+0000] {logging_mixin.py:190} INFO - [2025-01-31T16:05:51.536+0000] {override.py:1911} INFO - Created Permission View: can edit on DAG:dag_with_postgres_operator_v03
[2025-01-31T16:05:51.547+0000] {logging_mixin.py:190} INFO - [2025-01-31T16:05:51.546+0000] {override.py:1911} INFO - Created Permission View: can read on DAG Run:dag_with_postgres_operator_v03
[2025-01-31T16:05:51.556+0000] {logging_mixin.py:190} INFO - [2025-01-31T16:05:51.556+0000] {override.py:1911} INFO - Created Permission View: can delete on DAG Run:dag_with_postgres_operator_v03
[2025-01-31T16:05:51.563+0000] {logging_mixin.py:190} INFO - [2025-01-31T16:05:51.563+0000] {override.py:1911} INFO - Created Permission View: menu access on DAG Run:dag_with_postgres_operator_v03
[2025-01-31T16:05:51.574+0000] {logging_mixin.py:190} INFO - [2025-01-31T16:05:51.573+0000] {override.py:1911} INFO - Created Permission View: can create on DAG Run:dag_with_postgres_operator_v03
[2025-01-31T16:05:51.574+0000] {logging_mixin.py:190} INFO - [2025-01-31T16:05:51.574+0000] {dag.py:3239} INFO - Sync 1 DAGs
[2025-01-31T16:05:51.590+0000] {logging_mixin.py:190} INFO - [2025-01-31T16:05:51.590+0000] {dag.py:3262} INFO - Creating ORM DAG for dag_with_postgres_operator_v03
[2025-01-31T16:05:51.601+0000] {logging_mixin.py:190} INFO - [2025-01-31T16:05:51.601+0000] {dag.py:4180} INFO - Setting next_dagrun for dag_with_postgres_operator_v03 to 2025-01-16 00:00:00+00:00, run_after=2025-01-17 00:00:00+00:00
[2025-01-31T16:05:51.626+0000] {processor.py:208} INFO - Processing /opt/airflow/dags/dag_with_postgres_operator.py took 0.444 seconds
[2025-01-31T16:06:22.707+0000] {processor.py:186} INFO - Started process (PID=242) to work on /opt/airflow/dags/dag_with_postgres_operator.py
[2025-01-31T16:06:22.708+0000] {processor.py:914} INFO - Processing file /opt/airflow/dags/dag_with_postgres_operator.py for tasks to queue
[2025-01-31T16:06:22.711+0000] {logging_mixin.py:190} INFO - [2025-01-31T16:06:22.710+0000] {dagbag.py:588} INFO - Filling up the DagBag from /opt/airflow/dags/dag_with_postgres_operator.py
[2025-01-31T16:06:22.730+0000] {processor.py:925} INFO - DAG(s) 'dag_with_postgres_operator_v03' retrieved from /opt/airflow/dags/dag_with_postgres_operator.py
[2025-01-31T16:06:22.761+0000] {logging_mixin.py:190} INFO - [2025-01-31T16:06:22.761+0000] {dag.py:3239} INFO - Sync 1 DAGs
[2025-01-31T16:06:22.789+0000] {logging_mixin.py:190} INFO - [2025-01-31T16:06:22.788+0000] {dag.py:4180} INFO - Setting next_dagrun for dag_with_postgres_operator_v03 to 2025-01-16 00:00:00+00:00, run_after=2025-01-17 00:00:00+00:00
[2025-01-31T16:06:22.810+0000] {processor.py:208} INFO - Processing /opt/airflow/dags/dag_with_postgres_operator.py took 0.110 seconds
[2025-01-31T16:06:53.793+0000] {processor.py:186} INFO - Started process (PID=264) to work on /opt/airflow/dags/dag_with_postgres_operator.py
[2025-01-31T16:06:53.794+0000] {processor.py:914} INFO - Processing file /opt/airflow/dags/dag_with_postgres_operator.py for tasks to queue
[2025-01-31T16:06:53.797+0000] {logging_mixin.py:190} INFO - [2025-01-31T16:06:53.797+0000] {dagbag.py:588} INFO - Filling up the DagBag from /opt/airflow/dags/dag_with_postgres_operator.py
[2025-01-31T16:06:53.813+0000] {processor.py:925} INFO - DAG(s) 'dag_with_postgres_operator_v03' retrieved from /opt/airflow/dags/dag_with_postgres_operator.py
[2025-01-31T16:06:53.843+0000] {logging_mixin.py:190} INFO - [2025-01-31T16:06:53.843+0000] {dag.py:3239} INFO - Sync 1 DAGs
[2025-01-31T16:06:53.869+0000] {logging_mixin.py:190} INFO - [2025-01-31T16:06:53.869+0000] {dag.py:4180} INFO - Setting next_dagrun for dag_with_postgres_operator_v03 to 2025-01-16 00:00:00+00:00, run_after=2025-01-17 00:00:00+00:00
[2025-01-31T16:06:53.889+0000] {processor.py:208} INFO - Processing /opt/airflow/dags/dag_with_postgres_operator.py took 0.102 seconds
[2025-01-31T16:07:24.913+0000] {processor.py:186} INFO - Started process (PID=286) to work on /opt/airflow/dags/dag_with_postgres_operator.py
[2025-01-31T16:07:24.914+0000] {processor.py:914} INFO - Processing file /opt/airflow/dags/dag_with_postgres_operator.py for tasks to queue
[2025-01-31T16:07:24.916+0000] {logging_mixin.py:190} INFO - [2025-01-31T16:07:24.916+0000] {dagbag.py:588} INFO - Filling up the DagBag from /opt/airflow/dags/dag_with_postgres_operator.py
[2025-01-31T16:07:24.933+0000] {processor.py:925} INFO - DAG(s) 'dag_with_postgres_operator_v03' retrieved from /opt/airflow/dags/dag_with_postgres_operator.py
[2025-01-31T16:07:24.962+0000] {logging_mixin.py:190} INFO - [2025-01-31T16:07:24.961+0000] {dag.py:3239} INFO - Sync 1 DAGs
[2025-01-31T16:07:24.992+0000] {logging_mixin.py:190} INFO - [2025-01-31T16:07:24.991+0000] {dag.py:4180} INFO - Setting next_dagrun for dag_with_postgres_operator_v03 to 2025-01-16 00:00:00+00:00, run_after=2025-01-17 00:00:00+00:00
[2025-01-31T16:07:25.014+0000] {processor.py:208} INFO - Processing /opt/airflow/dags/dag_with_postgres_operator.py took 0.108 seconds
[2025-01-31T16:07:55.920+0000] {processor.py:186} INFO - Started process (PID=306) to work on /opt/airflow/dags/dag_with_postgres_operator.py
[2025-01-31T16:07:55.922+0000] {processor.py:914} INFO - Processing file /opt/airflow/dags/dag_with_postgres_operator.py for tasks to queue
[2025-01-31T16:07:55.925+0000] {logging_mixin.py:190} INFO - [2025-01-31T16:07:55.925+0000] {dagbag.py:588} INFO - Filling up the DagBag from /opt/airflow/dags/dag_with_postgres_operator.py
[2025-01-31T16:07:55.948+0000] {processor.py:925} INFO - DAG(s) 'dag_with_postgres_operator_v03' retrieved from /opt/airflow/dags/dag_with_postgres_operator.py
[2025-01-31T16:07:55.983+0000] {logging_mixin.py:190} INFO - [2025-01-31T16:07:55.983+0000] {dag.py:3239} INFO - Sync 1 DAGs
[2025-01-31T16:07:56.019+0000] {logging_mixin.py:190} INFO - [2025-01-31T16:07:56.018+0000] {dag.py:4180} INFO - Setting next_dagrun for dag_with_postgres_operator_v03 to 2025-01-16 00:00:00+00:00, run_after=2025-01-17 00:00:00+00:00
[2025-01-31T16:07:56.041+0000] {processor.py:208} INFO - Processing /opt/airflow/dags/dag_with_postgres_operator.py took 0.128 seconds
[2025-01-31T16:08:27.310+0000] {processor.py:186} INFO - Started process (PID=330) to work on /opt/airflow/dags/dag_with_postgres_operator.py
[2025-01-31T16:08:27.311+0000] {processor.py:914} INFO - Processing file /opt/airflow/dags/dag_with_postgres_operator.py for tasks to queue
[2025-01-31T16:08:27.314+0000] {logging_mixin.py:190} INFO - [2025-01-31T16:08:27.314+0000] {dagbag.py:588} INFO - Filling up the DagBag from /opt/airflow/dags/dag_with_postgres_operator.py
[2025-01-31T16:08:27.331+0000] {processor.py:925} INFO - DAG(s) 'dag_with_postgres_operator_v03' retrieved from /opt/airflow/dags/dag_with_postgres_operator.py
[2025-01-31T16:08:27.365+0000] {logging_mixin.py:190} INFO - [2025-01-31T16:08:27.364+0000] {dag.py:3239} INFO - Sync 1 DAGs
[2025-01-31T16:08:27.396+0000] {logging_mixin.py:190} INFO - [2025-01-31T16:08:27.395+0000] {dag.py:4180} INFO - Setting next_dagrun for dag_with_postgres_operator_v03 to 2025-01-16 00:00:00+00:00, run_after=2025-01-17 00:00:00+00:00
[2025-01-31T16:08:27.421+0000] {processor.py:208} INFO - Processing /opt/airflow/dags/dag_with_postgres_operator.py took 0.117 seconds
[2025-01-31T16:08:58.436+0000] {processor.py:186} INFO - Started process (PID=352) to work on /opt/airflow/dags/dag_with_postgres_operator.py
[2025-01-31T16:08:58.437+0000] {processor.py:914} INFO - Processing file /opt/airflow/dags/dag_with_postgres_operator.py for tasks to queue
[2025-01-31T16:08:58.441+0000] {logging_mixin.py:190} INFO - [2025-01-31T16:08:58.440+0000] {dagbag.py:588} INFO - Filling up the DagBag from /opt/airflow/dags/dag_with_postgres_operator.py
[2025-01-31T16:08:58.456+0000] {processor.py:925} INFO - DAG(s) 'dag_with_postgres_operator_v03' retrieved from /opt/airflow/dags/dag_with_postgres_operator.py
[2025-01-31T16:08:58.487+0000] {logging_mixin.py:190} INFO - [2025-01-31T16:08:58.487+0000] {dag.py:3239} INFO - Sync 1 DAGs
[2025-01-31T16:08:58.513+0000] {logging_mixin.py:190} INFO - [2025-01-31T16:08:58.512+0000] {dag.py:4180} INFO - Setting next_dagrun for dag_with_postgres_operator_v03 to 2025-01-16 00:00:00+00:00, run_after=2025-01-17 00:00:00+00:00
[2025-01-31T16:08:58.536+0000] {processor.py:208} INFO - Processing /opt/airflow/dags/dag_with_postgres_operator.py took 0.105 seconds
[2025-01-31T16:09:29.722+0000] {processor.py:186} INFO - Started process (PID=380) to work on /opt/airflow/dags/dag_with_postgres_operator.py
[2025-01-31T16:09:29.724+0000] {processor.py:914} INFO - Processing file /opt/airflow/dags/dag_with_postgres_operator.py for tasks to queue
[2025-01-31T16:09:29.727+0000] {logging_mixin.py:190} INFO - [2025-01-31T16:09:29.726+0000] {dagbag.py:588} INFO - Filling up the DagBag from /opt/airflow/dags/dag_with_postgres_operator.py
[2025-01-31T16:09:29.744+0000] {processor.py:925} INFO - DAG(s) 'dag_with_postgres_operator_v03' retrieved from /opt/airflow/dags/dag_with_postgres_operator.py
[2025-01-31T16:09:29.776+0000] {logging_mixin.py:190} INFO - [2025-01-31T16:09:29.775+0000] {dag.py:3239} INFO - Sync 1 DAGs
[2025-01-31T16:09:29.805+0000] {logging_mixin.py:190} INFO - [2025-01-31T16:09:29.804+0000] {dag.py:4180} INFO - Setting next_dagrun for dag_with_postgres_operator_v03 to 2025-01-16 00:00:00+00:00, run_after=2025-01-17 00:00:00+00:00
[2025-01-31T16:09:29.824+0000] {processor.py:208} INFO - Processing /opt/airflow/dags/dag_with_postgres_operator.py took 0.107 seconds
[2025-01-31T16:10:00.853+0000] {processor.py:186} INFO - Started process (PID=402) to work on /opt/airflow/dags/dag_with_postgres_operator.py
[2025-01-31T16:10:00.855+0000] {processor.py:914} INFO - Processing file /opt/airflow/dags/dag_with_postgres_operator.py for tasks to queue
[2025-01-31T16:10:00.858+0000] {logging_mixin.py:190} INFO - [2025-01-31T16:10:00.857+0000] {dagbag.py:588} INFO - Filling up the DagBag from /opt/airflow/dags/dag_with_postgres_operator.py
[2025-01-31T16:10:00.874+0000] {processor.py:925} INFO - DAG(s) 'dag_with_postgres_operator_v03' retrieved from /opt/airflow/dags/dag_with_postgres_operator.py
[2025-01-31T16:10:00.905+0000] {logging_mixin.py:190} INFO - [2025-01-31T16:10:00.905+0000] {dag.py:3239} INFO - Sync 1 DAGs
[2025-01-31T16:10:00.932+0000] {logging_mixin.py:190} INFO - [2025-01-31T16:10:00.932+0000] {dag.py:4180} INFO - Setting next_dagrun for dag_with_postgres_operator_v03 to 2025-01-16 00:00:00+00:00, run_after=2025-01-17 00:00:00+00:00
[2025-01-31T16:10:00.956+0000] {processor.py:208} INFO - Processing /opt/airflow/dags/dag_with_postgres_operator.py took 0.109 seconds
[2025-01-31T19:05:19.976+0000] {processor.py:186} INFO - Started process (PID=214) to work on /opt/airflow/dags/dag_with_postgres_operator.py
[2025-01-31T19:05:19.978+0000] {processor.py:914} INFO - Processing file /opt/airflow/dags/dag_with_postgres_operator.py for tasks to queue
[2025-01-31T19:05:19.983+0000] {logging_mixin.py:190} INFO - [2025-01-31T19:05:19.982+0000] {dagbag.py:588} INFO - Filling up the DagBag from /opt/airflow/dags/dag_with_postgres_operator.py
[2025-01-31T19:05:20.002+0000] {processor.py:925} INFO - DAG(s) 'dag_with_postgres_operator_v03' retrieved from /opt/airflow/dags/dag_with_postgres_operator.py
[2025-01-31T19:05:20.035+0000] {logging_mixin.py:190} INFO - [2025-01-31T19:05:20.035+0000] {dag.py:3239} INFO - Sync 1 DAGs
[2025-01-31T19:05:20.062+0000] {logging_mixin.py:190} INFO - [2025-01-31T19:05:20.062+0000] {dag.py:4180} INFO - Setting next_dagrun for dag_with_postgres_operator_v03 to 2025-01-16 00:00:00+00:00, run_after=2025-01-17 00:00:00+00:00
[2025-01-31T19:05:20.086+0000] {processor.py:208} INFO - Processing /opt/airflow/dags/dag_with_postgres_operator.py took 0.117 seconds
[2025-01-31T19:05:51.337+0000] {processor.py:186} INFO - Started process (PID=252) to work on /opt/airflow/dags/dag_with_postgres_operator.py
[2025-01-31T19:05:51.340+0000] {processor.py:914} INFO - Processing file /opt/airflow/dags/dag_with_postgres_operator.py for tasks to queue
[2025-01-31T19:05:51.344+0000] {logging_mixin.py:190} INFO - [2025-01-31T19:05:51.344+0000] {dagbag.py:588} INFO - Filling up the DagBag from /opt/airflow/dags/dag_with_postgres_operator.py
[2025-01-31T19:05:51.367+0000] {processor.py:925} INFO - DAG(s) 'dag_with_postgres_operator_v03' retrieved from /opt/airflow/dags/dag_with_postgres_operator.py
[2025-01-31T19:05:51.423+0000] {logging_mixin.py:190} INFO - [2025-01-31T19:05:51.423+0000] {dag.py:3239} INFO - Sync 1 DAGs
[2025-01-31T19:05:51.460+0000] {logging_mixin.py:190} INFO - [2025-01-31T19:05:51.460+0000] {dag.py:4180} INFO - Setting next_dagrun for dag_with_postgres_operator_v03 to 2025-01-16 00:00:00+00:00, run_after=2025-01-17 00:00:00+00:00
[2025-01-31T19:05:51.495+0000] {processor.py:208} INFO - Processing /opt/airflow/dags/dag_with_postgres_operator.py took 0.166 seconds
[2025-01-31T19:06:23.122+0000] {processor.py:186} INFO - Started process (PID=277) to work on /opt/airflow/dags/dag_with_postgres_operator.py
[2025-01-31T19:06:23.123+0000] {processor.py:914} INFO - Processing file /opt/airflow/dags/dag_with_postgres_operator.py for tasks to queue
[2025-01-31T19:06:23.126+0000] {logging_mixin.py:190} INFO - [2025-01-31T19:06:23.125+0000] {dagbag.py:588} INFO - Filling up the DagBag from /opt/airflow/dags/dag_with_postgres_operator.py
[2025-01-31T19:06:23.142+0000] {processor.py:925} INFO - DAG(s) 'dag_with_postgres_operator_v03' retrieved from /opt/airflow/dags/dag_with_postgres_operator.py
[2025-01-31T19:06:23.176+0000] {logging_mixin.py:190} INFO - [2025-01-31T19:06:23.175+0000] {dag.py:3239} INFO - Sync 1 DAGs
[2025-01-31T19:06:23.206+0000] {logging_mixin.py:190} INFO - [2025-01-31T19:06:23.206+0000] {dag.py:4180} INFO - Setting next_dagrun for dag_with_postgres_operator_v03 to 2025-01-16 00:00:00+00:00, run_after=2025-01-17 00:00:00+00:00
[2025-01-31T19:06:23.231+0000] {processor.py:208} INFO - Processing /opt/airflow/dags/dag_with_postgres_operator.py took 0.116 seconds
[2025-01-31T19:06:54.327+0000] {processor.py:186} INFO - Started process (PID=299) to work on /opt/airflow/dags/dag_with_postgres_operator.py
[2025-01-31T19:06:54.329+0000] {processor.py:914} INFO - Processing file /opt/airflow/dags/dag_with_postgres_operator.py for tasks to queue
[2025-01-31T19:06:54.333+0000] {logging_mixin.py:190} INFO - [2025-01-31T19:06:54.332+0000] {dagbag.py:588} INFO - Filling up the DagBag from /opt/airflow/dags/dag_with_postgres_operator.py
[2025-01-31T19:06:54.351+0000] {processor.py:925} INFO - DAG(s) 'dag_with_postgres_operator_v03' retrieved from /opt/airflow/dags/dag_with_postgres_operator.py
[2025-01-31T19:06:54.385+0000] {logging_mixin.py:190} INFO - [2025-01-31T19:06:54.385+0000] {dag.py:3239} INFO - Sync 1 DAGs
[2025-01-31T19:06:54.416+0000] {logging_mixin.py:190} INFO - [2025-01-31T19:06:54.416+0000] {dag.py:4180} INFO - Setting next_dagrun for dag_with_postgres_operator_v03 to 2025-01-16 00:00:00+00:00, run_after=2025-01-17 00:00:00+00:00
[2025-01-31T19:06:54.443+0000] {processor.py:208} INFO - Processing /opt/airflow/dags/dag_with_postgres_operator.py took 0.123 seconds
[2025-01-31T19:07:25.506+0000] {processor.py:186} INFO - Started process (PID=321) to work on /opt/airflow/dags/dag_with_postgres_operator.py
[2025-01-31T19:07:25.508+0000] {processor.py:914} INFO - Processing file /opt/airflow/dags/dag_with_postgres_operator.py for tasks to queue
[2025-01-31T19:07:25.511+0000] {logging_mixin.py:190} INFO - [2025-01-31T19:07:25.511+0000] {dagbag.py:588} INFO - Filling up the DagBag from /opt/airflow/dags/dag_with_postgres_operator.py
[2025-01-31T19:07:25.532+0000] {processor.py:925} INFO - DAG(s) 'dag_with_postgres_operator_v03' retrieved from /opt/airflow/dags/dag_with_postgres_operator.py
[2025-01-31T19:07:25.568+0000] {logging_mixin.py:190} INFO - [2025-01-31T19:07:25.567+0000] {dag.py:3239} INFO - Sync 1 DAGs
[2025-01-31T19:07:25.597+0000] {logging_mixin.py:190} INFO - [2025-01-31T19:07:25.596+0000] {dag.py:4180} INFO - Setting next_dagrun for dag_with_postgres_operator_v03 to 2025-01-16 00:00:00+00:00, run_after=2025-01-17 00:00:00+00:00
[2025-01-31T19:07:25.621+0000] {processor.py:208} INFO - Processing /opt/airflow/dags/dag_with_postgres_operator.py took 0.124 seconds
[2025-01-31T19:07:56.553+0000] {processor.py:186} INFO - Started process (PID=341) to work on /opt/airflow/dags/dag_with_postgres_operator.py
[2025-01-31T19:07:56.554+0000] {processor.py:914} INFO - Processing file /opt/airflow/dags/dag_with_postgres_operator.py for tasks to queue
[2025-01-31T19:07:56.556+0000] {logging_mixin.py:190} INFO - [2025-01-31T19:07:56.556+0000] {dagbag.py:588} INFO - Filling up the DagBag from /opt/airflow/dags/dag_with_postgres_operator.py
[2025-01-31T19:07:56.576+0000] {processor.py:925} INFO - DAG(s) 'dag_with_postgres_operator_v03' retrieved from /opt/airflow/dags/dag_with_postgres_operator.py
[2025-01-31T19:07:56.616+0000] {logging_mixin.py:190} INFO - [2025-01-31T19:07:56.615+0000] {dag.py:3239} INFO - Sync 1 DAGs
[2025-01-31T19:07:56.666+0000] {logging_mixin.py:190} INFO - [2025-01-31T19:07:56.665+0000] {dag.py:4180} INFO - Setting next_dagrun for dag_with_postgres_operator_v03 to 2025-01-16 00:00:00+00:00, run_after=2025-01-17 00:00:00+00:00
[2025-01-31T19:07:56.704+0000] {processor.py:208} INFO - Processing /opt/airflow/dags/dag_with_postgres_operator.py took 0.159 seconds
[2025-01-31T19:08:27.820+0000] {processor.py:186} INFO - Started process (PID=366) to work on /opt/airflow/dags/dag_with_postgres_operator.py
[2025-01-31T19:08:27.821+0000] {processor.py:914} INFO - Processing file /opt/airflow/dags/dag_with_postgres_operator.py for tasks to queue
[2025-01-31T19:08:27.824+0000] {logging_mixin.py:190} INFO - [2025-01-31T19:08:27.823+0000] {dagbag.py:588} INFO - Filling up the DagBag from /opt/airflow/dags/dag_with_postgres_operator.py
[2025-01-31T19:08:27.839+0000] {processor.py:925} INFO - DAG(s) 'dag_with_postgres_operator_v03' retrieved from /opt/airflow/dags/dag_with_postgres_operator.py
[2025-01-31T19:08:27.868+0000] {logging_mixin.py:190} INFO - [2025-01-31T19:08:27.868+0000] {dag.py:3239} INFO - Sync 1 DAGs
[2025-01-31T19:08:27.892+0000] {logging_mixin.py:190} INFO - [2025-01-31T19:08:27.892+0000] {dag.py:4180} INFO - Setting next_dagrun for dag_with_postgres_operator_v03 to 2025-01-16 00:00:00+00:00, run_after=2025-01-17 00:00:00+00:00
[2025-01-31T19:08:27.911+0000] {processor.py:208} INFO - Processing /opt/airflow/dags/dag_with_postgres_operator.py took 0.098 seconds
[2025-01-31T19:08:59.033+0000] {processor.py:186} INFO - Started process (PID=390) to work on /opt/airflow/dags/dag_with_postgres_operator.py
[2025-01-31T19:08:59.035+0000] {processor.py:914} INFO - Processing file /opt/airflow/dags/dag_with_postgres_operator.py for tasks to queue
[2025-01-31T19:08:59.041+0000] {logging_mixin.py:190} INFO - [2025-01-31T19:08:59.041+0000] {dagbag.py:588} INFO - Filling up the DagBag from /opt/airflow/dags/dag_with_postgres_operator.py
[2025-01-31T19:08:59.067+0000] {processor.py:925} INFO - DAG(s) 'dag_with_postgres_operator_v03' retrieved from /opt/airflow/dags/dag_with_postgres_operator.py
[2025-01-31T19:08:59.120+0000] {logging_mixin.py:190} INFO - [2025-01-31T19:08:59.120+0000] {dag.py:3239} INFO - Sync 1 DAGs
[2025-01-31T19:08:59.163+0000] {logging_mixin.py:190} INFO - [2025-01-31T19:08:59.162+0000] {dag.py:4180} INFO - Setting next_dagrun for dag_with_postgres_operator_v03 to 2025-01-16 00:00:00+00:00, run_after=2025-01-17 00:00:00+00:00
[2025-01-31T19:08:59.193+0000] {processor.py:208} INFO - Processing /opt/airflow/dags/dag_with_postgres_operator.py took 0.172 seconds
[2025-01-31T19:09:30.326+0000] {processor.py:186} INFO - Started process (PID=419) to work on /opt/airflow/dags/dag_with_postgres_operator.py
[2025-01-31T19:09:30.327+0000] {processor.py:914} INFO - Processing file /opt/airflow/dags/dag_with_postgres_operator.py for tasks to queue
[2025-01-31T19:09:30.330+0000] {logging_mixin.py:190} INFO - [2025-01-31T19:09:30.329+0000] {dagbag.py:588} INFO - Filling up the DagBag from /opt/airflow/dags/dag_with_postgres_operator.py
[2025-01-31T19:09:30.345+0000] {processor.py:925} INFO - DAG(s) 'dag_with_postgres_operator_v03' retrieved from /opt/airflow/dags/dag_with_postgres_operator.py
[2025-01-31T19:09:30.375+0000] {logging_mixin.py:190} INFO - [2025-01-31T19:09:30.374+0000] {dag.py:3239} INFO - Sync 1 DAGs
[2025-01-31T19:09:30.400+0000] {logging_mixin.py:190} INFO - [2025-01-31T19:09:30.400+0000] {dag.py:4180} INFO - Setting next_dagrun for dag_with_postgres_operator_v03 to 2025-01-16 00:00:00+00:00, run_after=2025-01-17 00:00:00+00:00
[2025-01-31T19:09:30.423+0000] {processor.py:208} INFO - Processing /opt/airflow/dags/dag_with_postgres_operator.py took 0.104 seconds
[2025-01-31T19:10:01.534+0000] {processor.py:186} INFO - Started process (PID=441) to work on /opt/airflow/dags/dag_with_postgres_operator.py
[2025-01-31T19:10:01.535+0000] {processor.py:914} INFO - Processing file /opt/airflow/dags/dag_with_postgres_operator.py for tasks to queue
[2025-01-31T19:10:01.537+0000] {logging_mixin.py:190} INFO - [2025-01-31T19:10:01.537+0000] {dagbag.py:588} INFO - Filling up the DagBag from /opt/airflow/dags/dag_with_postgres_operator.py
[2025-01-31T19:10:01.552+0000] {processor.py:925} INFO - DAG(s) 'dag_with_postgres_operator_v03' retrieved from /opt/airflow/dags/dag_with_postgres_operator.py
[2025-01-31T19:10:01.582+0000] {logging_mixin.py:190} INFO - [2025-01-31T19:10:01.582+0000] {dag.py:3239} INFO - Sync 1 DAGs
[2025-01-31T19:10:01.609+0000] {logging_mixin.py:190} INFO - [2025-01-31T19:10:01.609+0000] {dag.py:4180} INFO - Setting next_dagrun for dag_with_postgres_operator_v03 to 2025-01-16 00:00:00+00:00, run_after=2025-01-17 00:00:00+00:00
[2025-01-31T19:10:01.630+0000] {processor.py:208} INFO - Processing /opt/airflow/dags/dag_with_postgres_operator.py took 0.103 seconds
[2025-01-31T19:10:32.722+0000] {processor.py:186} INFO - Started process (PID=463) to work on /opt/airflow/dags/dag_with_postgres_operator.py
[2025-01-31T19:10:32.723+0000] {processor.py:914} INFO - Processing file /opt/airflow/dags/dag_with_postgres_operator.py for tasks to queue
[2025-01-31T19:10:32.726+0000] {logging_mixin.py:190} INFO - [2025-01-31T19:10:32.726+0000] {dagbag.py:588} INFO - Filling up the DagBag from /opt/airflow/dags/dag_with_postgres_operator.py
[2025-01-31T19:10:32.742+0000] {processor.py:925} INFO - DAG(s) 'dag_with_postgres_operator_v03' retrieved from /opt/airflow/dags/dag_with_postgres_operator.py
[2025-01-31T19:10:32.777+0000] {logging_mixin.py:190} INFO - [2025-01-31T19:10:32.776+0000] {dag.py:3239} INFO - Sync 1 DAGs
[2025-01-31T19:10:32.804+0000] {logging_mixin.py:190} INFO - [2025-01-31T19:10:32.804+0000] {dag.py:4180} INFO - Setting next_dagrun for dag_with_postgres_operator_v03 to 2025-01-16 00:00:00+00:00, run_after=2025-01-17 00:00:00+00:00
[2025-01-31T19:10:32.826+0000] {processor.py:208} INFO - Processing /opt/airflow/dags/dag_with_postgres_operator.py took 0.110 seconds
[2025-01-31T19:11:03.860+0000] {processor.py:186} INFO - Started process (PID=485) to work on /opt/airflow/dags/dag_with_postgres_operator.py
[2025-01-31T19:11:03.861+0000] {processor.py:914} INFO - Processing file /opt/airflow/dags/dag_with_postgres_operator.py for tasks to queue
[2025-01-31T19:11:03.864+0000] {logging_mixin.py:190} INFO - [2025-01-31T19:11:03.864+0000] {dagbag.py:588} INFO - Filling up the DagBag from /opt/airflow/dags/dag_with_postgres_operator.py
[2025-01-31T19:11:03.882+0000] {processor.py:925} INFO - DAG(s) 'dag_with_postgres_operator_v03' retrieved from /opt/airflow/dags/dag_with_postgres_operator.py
[2025-01-31T19:11:03.914+0000] {logging_mixin.py:190} INFO - [2025-01-31T19:11:03.914+0000] {dag.py:3239} INFO - Sync 1 DAGs
[2025-01-31T19:11:03.943+0000] {logging_mixin.py:190} INFO - [2025-01-31T19:11:03.942+0000] {dag.py:4180} INFO - Setting next_dagrun for dag_with_postgres_operator_v03 to 2025-01-16 00:00:00+00:00, run_after=2025-01-17 00:00:00+00:00
[2025-01-31T19:11:03.965+0000] {processor.py:208} INFO - Processing /opt/airflow/dags/dag_with_postgres_operator.py took 0.111 seconds
[2025-01-31T19:11:34.930+0000] {processor.py:186} INFO - Started process (PID=505) to work on /opt/airflow/dags/dag_with_postgres_operator.py
[2025-01-31T19:11:34.931+0000] {processor.py:914} INFO - Processing file /opt/airflow/dags/dag_with_postgres_operator.py for tasks to queue
[2025-01-31T19:11:34.934+0000] {logging_mixin.py:190} INFO - [2025-01-31T19:11:34.933+0000] {dagbag.py:588} INFO - Filling up the DagBag from /opt/airflow/dags/dag_with_postgres_operator.py
[2025-01-31T19:11:34.954+0000] {processor.py:925} INFO - DAG(s) 'dag_with_postgres_operator_v03' retrieved from /opt/airflow/dags/dag_with_postgres_operator.py
[2025-01-31T19:11:34.990+0000] {logging_mixin.py:190} INFO - [2025-01-31T19:11:34.989+0000] {dag.py:3239} INFO - Sync 1 DAGs
[2025-01-31T19:11:35.018+0000] {logging_mixin.py:190} INFO - [2025-01-31T19:11:35.017+0000] {dag.py:4180} INFO - Setting next_dagrun for dag_with_postgres_operator_v03 to 2025-01-16 00:00:00+00:00, run_after=2025-01-17 00:00:00+00:00
[2025-01-31T19:11:35.040+0000] {processor.py:208} INFO - Processing /opt/airflow/dags/dag_with_postgres_operator.py took 0.117 seconds
[2025-01-31T19:12:06.238+0000] {processor.py:186} INFO - Started process (PID=529) to work on /opt/airflow/dags/dag_with_postgres_operator.py
[2025-01-31T19:12:06.239+0000] {processor.py:914} INFO - Processing file /opt/airflow/dags/dag_with_postgres_operator.py for tasks to queue
[2025-01-31T19:12:06.242+0000] {logging_mixin.py:190} INFO - [2025-01-31T19:12:06.242+0000] {dagbag.py:588} INFO - Filling up the DagBag from /opt/airflow/dags/dag_with_postgres_operator.py
[2025-01-31T19:12:06.262+0000] {processor.py:925} INFO - DAG(s) 'dag_with_postgres_operator_v03' retrieved from /opt/airflow/dags/dag_with_postgres_operator.py
[2025-01-31T19:12:06.295+0000] {logging_mixin.py:190} INFO - [2025-01-31T19:12:06.294+0000] {dag.py:3239} INFO - Sync 1 DAGs
[2025-01-31T19:12:06.329+0000] {logging_mixin.py:190} INFO - [2025-01-31T19:12:06.329+0000] {dag.py:4180} INFO - Setting next_dagrun for dag_with_postgres_operator_v03 to 2025-01-16 00:00:00+00:00, run_after=2025-01-17 00:00:00+00:00
[2025-01-31T19:12:06.352+0000] {processor.py:208} INFO - Processing /opt/airflow/dags/dag_with_postgres_operator.py took 0.122 seconds
[2025-01-31T19:12:37.375+0000] {processor.py:186} INFO - Started process (PID=551) to work on /opt/airflow/dags/dag_with_postgres_operator.py
[2025-01-31T19:12:37.376+0000] {processor.py:914} INFO - Processing file /opt/airflow/dags/dag_with_postgres_operator.py for tasks to queue
[2025-01-31T19:12:37.379+0000] {logging_mixin.py:190} INFO - [2025-01-31T19:12:37.379+0000] {dagbag.py:588} INFO - Filling up the DagBag from /opt/airflow/dags/dag_with_postgres_operator.py
[2025-01-31T19:12:37.394+0000] {processor.py:925} INFO - DAG(s) 'dag_with_postgres_operator_v03' retrieved from /opt/airflow/dags/dag_with_postgres_operator.py
[2025-01-31T19:12:37.424+0000] {logging_mixin.py:190} INFO - [2025-01-31T19:12:37.424+0000] {dag.py:3239} INFO - Sync 1 DAGs
[2025-01-31T19:12:37.450+0000] {logging_mixin.py:190} INFO - [2025-01-31T19:12:37.449+0000] {dag.py:4180} INFO - Setting next_dagrun for dag_with_postgres_operator_v03 to 2025-01-16 00:00:00+00:00, run_after=2025-01-17 00:00:00+00:00
[2025-01-31T19:12:37.473+0000] {processor.py:208} INFO - Processing /opt/airflow/dags/dag_with_postgres_operator.py took 0.104 seconds
[2025-01-31T19:13:40.395+0000] {processor.py:186} INFO - Started process (PID=217) to work on /opt/airflow/dags/dag_with_postgres_operator.py
[2025-01-31T19:13:40.397+0000] {processor.py:914} INFO - Processing file /opt/airflow/dags/dag_with_postgres_operator.py for tasks to queue
[2025-01-31T19:13:40.402+0000] {logging_mixin.py:190} INFO - [2025-01-31T19:13:40.401+0000] {dagbag.py:588} INFO - Filling up the DagBag from /opt/airflow/dags/dag_with_postgres_operator.py
[2025-01-31T19:13:40.430+0000] {processor.py:925} INFO - DAG(s) 'dag_with_postgres_operator_v03' retrieved from /opt/airflow/dags/dag_with_postgres_operator.py
[2025-01-31T19:13:40.482+0000] {logging_mixin.py:190} INFO - [2025-01-31T19:13:40.482+0000] {dag.py:3239} INFO - Sync 1 DAGs
[2025-01-31T19:13:40.526+0000] {logging_mixin.py:190} INFO - [2025-01-31T19:13:40.525+0000] {dag.py:4180} INFO - Setting next_dagrun for dag_with_postgres_operator_v03 to 2025-01-16 00:00:00+00:00, run_after=2025-01-17 00:00:00+00:00
[2025-01-31T19:13:40.569+0000] {processor.py:208} INFO - Processing /opt/airflow/dags/dag_with_postgres_operator.py took 0.186 seconds
[2025-01-31T19:14:11.944+0000] {processor.py:186} INFO - Started process (PID=282) to work on /opt/airflow/dags/dag_with_postgres_operator.py
[2025-01-31T19:14:11.945+0000] {processor.py:914} INFO - Processing file /opt/airflow/dags/dag_with_postgres_operator.py for tasks to queue
[2025-01-31T19:14:11.949+0000] {logging_mixin.py:190} INFO - [2025-01-31T19:14:11.948+0000] {dagbag.py:588} INFO - Filling up the DagBag from /opt/airflow/dags/dag_with_postgres_operator.py
[2025-01-31T19:14:11.974+0000] {processor.py:925} INFO - DAG(s) 'dag_with_postgres_operator_v03' retrieved from /opt/airflow/dags/dag_with_postgres_operator.py
[2025-01-31T19:14:12.020+0000] {logging_mixin.py:190} INFO - [2025-01-31T19:14:12.020+0000] {dag.py:3239} INFO - Sync 1 DAGs
[2025-01-31T19:14:12.073+0000] {logging_mixin.py:190} INFO - [2025-01-31T19:14:12.073+0000] {dag.py:4180} INFO - Setting next_dagrun for dag_with_postgres_operator_v03 to 2025-01-16 00:00:00+00:00, run_after=2025-01-17 00:00:00+00:00
[2025-01-31T19:14:12.107+0000] {processor.py:208} INFO - Processing /opt/airflow/dags/dag_with_postgres_operator.py took 0.170 seconds
[2025-01-31T19:14:43.163+0000] {processor.py:186} INFO - Started process (PID=309) to work on /opt/airflow/dags/dag_with_postgres_operator.py
[2025-01-31T19:14:43.165+0000] {processor.py:914} INFO - Processing file /opt/airflow/dags/dag_with_postgres_operator.py for tasks to queue
[2025-01-31T19:14:43.168+0000] {logging_mixin.py:190} INFO - [2025-01-31T19:14:43.168+0000] {dagbag.py:588} INFO - Filling up the DagBag from /opt/airflow/dags/dag_with_postgres_operator.py
[2025-01-31T19:14:43.186+0000] {processor.py:925} INFO - DAG(s) 'dag_with_postgres_operator_v03' retrieved from /opt/airflow/dags/dag_with_postgres_operator.py
[2025-01-31T19:14:43.224+0000] {logging_mixin.py:190} INFO - [2025-01-31T19:14:43.223+0000] {dag.py:3239} INFO - Sync 1 DAGs
[2025-01-31T19:14:43.251+0000] {logging_mixin.py:190} INFO - [2025-01-31T19:14:43.250+0000] {dag.py:4180} INFO - Setting next_dagrun for dag_with_postgres_operator_v03 to 2025-01-16 00:00:00+00:00, run_after=2025-01-17 00:00:00+00:00
[2025-01-31T19:14:43.278+0000] {processor.py:208} INFO - Processing /opt/airflow/dags/dag_with_postgres_operator.py took 0.123 seconds
[2025-01-31T19:15:14.578+0000] {processor.py:186} INFO - Started process (PID=336) to work on /opt/airflow/dags/dag_with_postgres_operator.py
[2025-01-31T19:15:14.580+0000] {processor.py:914} INFO - Processing file /opt/airflow/dags/dag_with_postgres_operator.py for tasks to queue
[2025-01-31T19:15:14.584+0000] {logging_mixin.py:190} INFO - [2025-01-31T19:15:14.583+0000] {dagbag.py:588} INFO - Filling up the DagBag from /opt/airflow/dags/dag_with_postgres_operator.py
[2025-01-31T19:15:14.602+0000] {processor.py:925} INFO - DAG(s) 'dag_with_postgres_operator_v03' retrieved from /opt/airflow/dags/dag_with_postgres_operator.py
[2025-01-31T19:15:14.635+0000] {logging_mixin.py:190} INFO - [2025-01-31T19:15:14.635+0000] {dag.py:3239} INFO - Sync 1 DAGs
[2025-01-31T19:15:14.671+0000] {logging_mixin.py:190} INFO - [2025-01-31T19:15:14.670+0000] {dag.py:4180} INFO - Setting next_dagrun for dag_with_postgres_operator_v03 to 2025-01-16 00:00:00+00:00, run_after=2025-01-17 00:00:00+00:00
[2025-01-31T19:15:14.699+0000] {processor.py:208} INFO - Processing /opt/airflow/dags/dag_with_postgres_operator.py took 0.129 seconds
[2025-01-31T19:15:45.803+0000] {processor.py:186} INFO - Started process (PID=363) to work on /opt/airflow/dags/dag_with_postgres_operator.py
[2025-01-31T19:15:45.804+0000] {processor.py:914} INFO - Processing file /opt/airflow/dags/dag_with_postgres_operator.py for tasks to queue
[2025-01-31T19:15:45.806+0000] {logging_mixin.py:190} INFO - [2025-01-31T19:15:45.806+0000] {dagbag.py:588} INFO - Filling up the DagBag from /opt/airflow/dags/dag_with_postgres_operator.py
[2025-01-31T19:15:45.821+0000] {processor.py:925} INFO - DAG(s) 'dag_with_postgres_operator_v03' retrieved from /opt/airflow/dags/dag_with_postgres_operator.py
[2025-01-31T19:15:45.852+0000] {logging_mixin.py:190} INFO - [2025-01-31T19:15:45.852+0000] {dag.py:3239} INFO - Sync 1 DAGs
[2025-01-31T19:15:45.881+0000] {logging_mixin.py:190} INFO - [2025-01-31T19:15:45.881+0000] {dag.py:4180} INFO - Setting next_dagrun for dag_with_postgres_operator_v03 to 2025-01-16 00:00:00+00:00, run_after=2025-01-17 00:00:00+00:00
[2025-01-31T19:15:45.901+0000] {processor.py:208} INFO - Processing /opt/airflow/dags/dag_with_postgres_operator.py took 0.104 seconds
[2025-01-31T19:16:16.987+0000] {processor.py:186} INFO - Started process (PID=390) to work on /opt/airflow/dags/dag_with_postgres_operator.py
[2025-01-31T19:16:16.989+0000] {processor.py:914} INFO - Processing file /opt/airflow/dags/dag_with_postgres_operator.py for tasks to queue
[2025-01-31T19:16:16.992+0000] {logging_mixin.py:190} INFO - [2025-01-31T19:16:16.992+0000] {dagbag.py:588} INFO - Filling up the DagBag from /opt/airflow/dags/dag_with_postgres_operator.py
[2025-01-31T19:16:17.013+0000] {processor.py:925} INFO - DAG(s) 'dag_with_postgres_operator_v03' retrieved from /opt/airflow/dags/dag_with_postgres_operator.py
[2025-01-31T19:16:17.051+0000] {logging_mixin.py:190} INFO - [2025-01-31T19:16:17.051+0000] {dag.py:3239} INFO - Sync 1 DAGs
[2025-01-31T19:16:17.086+0000] {logging_mixin.py:190} INFO - [2025-01-31T19:16:17.085+0000] {dag.py:4180} INFO - Setting next_dagrun for dag_with_postgres_operator_v03 to 2025-01-16 00:00:00+00:00, run_after=2025-01-17 00:00:00+00:00
[2025-01-31T19:16:17.107+0000] {processor.py:208} INFO - Processing /opt/airflow/dags/dag_with_postgres_operator.py took 0.129 seconds
[2025-01-31T19:16:48.205+0000] {processor.py:186} INFO - Started process (PID=417) to work on /opt/airflow/dags/dag_with_postgres_operator.py
[2025-01-31T19:16:48.206+0000] {processor.py:914} INFO - Processing file /opt/airflow/dags/dag_with_postgres_operator.py for tasks to queue
[2025-01-31T19:16:48.209+0000] {logging_mixin.py:190} INFO - [2025-01-31T19:16:48.208+0000] {dagbag.py:588} INFO - Filling up the DagBag from /opt/airflow/dags/dag_with_postgres_operator.py
[2025-01-31T19:16:48.223+0000] {processor.py:925} INFO - DAG(s) 'dag_with_postgres_operator_v03' retrieved from /opt/airflow/dags/dag_with_postgres_operator.py
[2025-01-31T19:16:48.254+0000] {logging_mixin.py:190} INFO - [2025-01-31T19:16:48.254+0000] {dag.py:3239} INFO - Sync 1 DAGs
[2025-01-31T19:16:48.279+0000] {logging_mixin.py:190} INFO - [2025-01-31T19:16:48.279+0000] {dag.py:4180} INFO - Setting next_dagrun for dag_with_postgres_operator_v03 to 2025-01-16 00:00:00+00:00, run_after=2025-01-17 00:00:00+00:00
[2025-01-31T19:16:48.301+0000] {processor.py:208} INFO - Processing /opt/airflow/dags/dag_with_postgres_operator.py took 0.102 seconds
