[2025-01-31T16:05:50.994+0000] {processor.py:186} INFO - Started process (PID=208) to work on /opt/airflow/dags/sample.py
[2025-01-31T16:05:50.995+0000] {processor.py:914} INFO - Processing file /opt/airflow/dags/sample.py for tasks to queue
[2025-01-31T16:05:50.999+0000] {logging_mixin.py:190} INFO - [2025-01-31T16:05:50.998+0000] {dagbag.py:588} INFO - Filling up the DagBag from /opt/airflow/dags/sample.py
[2025-01-31T16:05:51.023+0000] {processor.py:925} INFO - DAG(s) 'hello_world_dag' retrieved from /opt/airflow/dags/sample.py
[2025-01-31T16:05:51.154+0000] {logging_mixin.py:190} INFO - [2025-01-31T16:05:51.153+0000] {override.py:1911} INFO - Created Permission View: can read on DAG:hello_world_dag
[2025-01-31T16:05:51.174+0000] {logging_mixin.py:190} INFO - [2025-01-31T16:05:51.173+0000] {override.py:1911} INFO - Created Permission View: can delete on DAG:hello_world_dag
[2025-01-31T16:05:51.184+0000] {logging_mixin.py:190} INFO - [2025-01-31T16:05:51.184+0000] {override.py:1911} INFO - Created Permission View: can edit on DAG:hello_world_dag
[2025-01-31T16:05:51.199+0000] {logging_mixin.py:190} INFO - [2025-01-31T16:05:51.198+0000] {override.py:1911} INFO - Created Permission View: can read on DAG Run:hello_world_dag
[2025-01-31T16:05:51.232+0000] {logging_mixin.py:190} INFO - [2025-01-31T16:05:51.231+0000] {override.py:1911} INFO - Created Permission View: can delete on DAG Run:hello_world_dag
[2025-01-31T16:05:51.267+0000] {logging_mixin.py:190} INFO - [2025-01-31T16:05:51.266+0000] {override.py:1911} INFO - Created Permission View: menu access on DAG Run:hello_world_dag
[2025-01-31T16:05:51.292+0000] {logging_mixin.py:190} INFO - [2025-01-31T16:05:51.292+0000] {override.py:1911} INFO - Created Permission View: can create on DAG Run:hello_world_dag
[2025-01-31T16:05:51.299+0000] {logging_mixin.py:190} INFO - [2025-01-31T16:05:51.298+0000] {dag.py:3239} INFO - Sync 1 DAGs
[2025-01-31T16:05:51.333+0000] {logging_mixin.py:190} INFO - [2025-01-31T16:05:51.332+0000] {dag.py:3262} INFO - Creating ORM DAG for hello_world_dag
[2025-01-31T16:05:51.335+0000] {logging_mixin.py:190} INFO - [2025-01-31T16:05:51.334+0000] {dag.py:4180} INFO - Setting next_dagrun for hello_world_dag to None, run_after=None
[2025-01-31T16:05:51.368+0000] {processor.py:208} INFO - Processing /opt/airflow/dags/sample.py took 0.382 seconds
[2025-01-31T16:06:22.578+0000] {processor.py:186} INFO - Started process (PID=237) to work on /opt/airflow/dags/sample.py
[2025-01-31T16:06:22.579+0000] {processor.py:914} INFO - Processing file /opt/airflow/dags/sample.py for tasks to queue
[2025-01-31T16:06:22.582+0000] {logging_mixin.py:190} INFO - [2025-01-31T16:06:22.582+0000] {dagbag.py:588} INFO - Filling up the DagBag from /opt/airflow/dags/sample.py
[2025-01-31T16:06:22.600+0000] {processor.py:925} INFO - DAG(s) 'hello_world_dag' retrieved from /opt/airflow/dags/sample.py
[2025-01-31T16:06:22.632+0000] {logging_mixin.py:190} INFO - [2025-01-31T16:06:22.632+0000] {dag.py:3239} INFO - Sync 1 DAGs
[2025-01-31T16:06:22.648+0000] {logging_mixin.py:190} INFO - [2025-01-31T16:06:22.648+0000] {dag.py:4180} INFO - Setting next_dagrun for hello_world_dag to None, run_after=None
[2025-01-31T16:06:22.671+0000] {processor.py:208} INFO - Processing /opt/airflow/dags/sample.py took 0.100 seconds
[2025-01-31T16:06:53.673+0000] {processor.py:186} INFO - Started process (PID=259) to work on /opt/airflow/dags/sample.py
[2025-01-31T16:06:53.674+0000] {processor.py:914} INFO - Processing file /opt/airflow/dags/sample.py for tasks to queue
[2025-01-31T16:06:53.677+0000] {logging_mixin.py:190} INFO - [2025-01-31T16:06:53.676+0000] {dagbag.py:588} INFO - Filling up the DagBag from /opt/airflow/dags/sample.py
[2025-01-31T16:06:53.689+0000] {processor.py:925} INFO - DAG(s) 'hello_world_dag' retrieved from /opt/airflow/dags/sample.py
[2025-01-31T16:06:53.723+0000] {logging_mixin.py:190} INFO - [2025-01-31T16:06:53.723+0000] {dag.py:3239} INFO - Sync 1 DAGs
[2025-01-31T16:06:53.741+0000] {logging_mixin.py:190} INFO - [2025-01-31T16:06:53.740+0000] {dag.py:4180} INFO - Setting next_dagrun for hello_world_dag to None, run_after=None
[2025-01-31T16:06:53.761+0000] {processor.py:208} INFO - Processing /opt/airflow/dags/sample.py took 0.094 seconds
[2025-01-31T16:07:24.786+0000] {processor.py:186} INFO - Started process (PID=281) to work on /opt/airflow/dags/sample.py
[2025-01-31T16:07:24.788+0000] {processor.py:914} INFO - Processing file /opt/airflow/dags/sample.py for tasks to queue
[2025-01-31T16:07:24.791+0000] {logging_mixin.py:190} INFO - [2025-01-31T16:07:24.790+0000] {dagbag.py:588} INFO - Filling up the DagBag from /opt/airflow/dags/sample.py
[2025-01-31T16:07:24.804+0000] {processor.py:925} INFO - DAG(s) 'hello_world_dag' retrieved from /opt/airflow/dags/sample.py
[2025-01-31T16:07:24.836+0000] {logging_mixin.py:190} INFO - [2025-01-31T16:07:24.836+0000] {dag.py:3239} INFO - Sync 1 DAGs
[2025-01-31T16:07:24.854+0000] {logging_mixin.py:190} INFO - [2025-01-31T16:07:24.854+0000] {dag.py:4180} INFO - Setting next_dagrun for hello_world_dag to None, run_after=None
[2025-01-31T16:07:24.879+0000] {processor.py:208} INFO - Processing /opt/airflow/dags/sample.py took 0.099 seconds
[2025-01-31T16:07:55.904+0000] {processor.py:186} INFO - Started process (PID=303) to work on /opt/airflow/dags/sample.py
[2025-01-31T16:07:55.905+0000] {processor.py:914} INFO - Processing file /opt/airflow/dags/sample.py for tasks to queue
[2025-01-31T16:07:55.909+0000] {logging_mixin.py:190} INFO - [2025-01-31T16:07:55.908+0000] {dagbag.py:588} INFO - Filling up the DagBag from /opt/airflow/dags/sample.py
[2025-01-31T16:07:55.921+0000] {processor.py:925} INFO - DAG(s) 'hello_world_dag' retrieved from /opt/airflow/dags/sample.py
[2025-01-31T16:07:55.959+0000] {logging_mixin.py:190} INFO - [2025-01-31T16:07:55.958+0000] {dag.py:3239} INFO - Sync 1 DAGs
[2025-01-31T16:07:55.977+0000] {logging_mixin.py:190} INFO - [2025-01-31T16:07:55.977+0000] {dag.py:4180} INFO - Setting next_dagrun for hello_world_dag to None, run_after=None
[2025-01-31T16:07:56.005+0000] {processor.py:208} INFO - Processing /opt/airflow/dags/sample.py took 0.107 seconds
[2025-01-31T16:08:27.177+0000] {processor.py:186} INFO - Started process (PID=325) to work on /opt/airflow/dags/sample.py
[2025-01-31T16:08:27.178+0000] {processor.py:914} INFO - Processing file /opt/airflow/dags/sample.py for tasks to queue
[2025-01-31T16:08:27.181+0000] {logging_mixin.py:190} INFO - [2025-01-31T16:08:27.180+0000] {dagbag.py:588} INFO - Filling up the DagBag from /opt/airflow/dags/sample.py
[2025-01-31T16:08:27.196+0000] {processor.py:925} INFO - DAG(s) 'hello_world_dag' retrieved from /opt/airflow/dags/sample.py
[2025-01-31T16:08:27.231+0000] {logging_mixin.py:190} INFO - [2025-01-31T16:08:27.231+0000] {dag.py:3239} INFO - Sync 1 DAGs
[2025-01-31T16:08:27.249+0000] {logging_mixin.py:190} INFO - [2025-01-31T16:08:27.248+0000] {dag.py:4180} INFO - Setting next_dagrun for hello_world_dag to None, run_after=None
[2025-01-31T16:08:27.273+0000] {processor.py:208} INFO - Processing /opt/airflow/dags/sample.py took 0.104 seconds
[2025-01-31T16:08:58.319+0000] {processor.py:186} INFO - Started process (PID=347) to work on /opt/airflow/dags/sample.py
[2025-01-31T16:08:58.320+0000] {processor.py:914} INFO - Processing file /opt/airflow/dags/sample.py for tasks to queue
[2025-01-31T16:08:58.322+0000] {logging_mixin.py:190} INFO - [2025-01-31T16:08:58.322+0000] {dagbag.py:588} INFO - Filling up the DagBag from /opt/airflow/dags/sample.py
[2025-01-31T16:08:58.335+0000] {processor.py:925} INFO - DAG(s) 'hello_world_dag' retrieved from /opt/airflow/dags/sample.py
[2025-01-31T16:08:58.365+0000] {logging_mixin.py:190} INFO - [2025-01-31T16:08:58.365+0000] {dag.py:3239} INFO - Sync 1 DAGs
[2025-01-31T16:08:58.381+0000] {logging_mixin.py:190} INFO - [2025-01-31T16:08:58.380+0000] {dag.py:4180} INFO - Setting next_dagrun for hello_world_dag to None, run_after=None
[2025-01-31T16:08:58.402+0000] {processor.py:208} INFO - Processing /opt/airflow/dags/sample.py took 0.089 seconds
[2025-01-31T16:09:29.588+0000] {processor.py:186} INFO - Started process (PID=375) to work on /opt/airflow/dags/sample.py
[2025-01-31T16:09:29.590+0000] {processor.py:914} INFO - Processing file /opt/airflow/dags/sample.py for tasks to queue
[2025-01-31T16:09:29.593+0000] {logging_mixin.py:190} INFO - [2025-01-31T16:09:29.593+0000] {dagbag.py:588} INFO - Filling up the DagBag from /opt/airflow/dags/sample.py
[2025-01-31T16:09:29.608+0000] {processor.py:925} INFO - DAG(s) 'hello_world_dag' retrieved from /opt/airflow/dags/sample.py
[2025-01-31T16:09:29.642+0000] {logging_mixin.py:190} INFO - [2025-01-31T16:09:29.641+0000] {dag.py:3239} INFO - Sync 1 DAGs
[2025-01-31T16:09:29.661+0000] {logging_mixin.py:190} INFO - [2025-01-31T16:09:29.661+0000] {dag.py:4180} INFO - Setting next_dagrun for hello_world_dag to None, run_after=None
[2025-01-31T16:09:29.685+0000] {processor.py:208} INFO - Processing /opt/airflow/dags/sample.py took 0.103 seconds
[2025-01-31T16:10:00.721+0000] {processor.py:186} INFO - Started process (PID=397) to work on /opt/airflow/dags/sample.py
[2025-01-31T16:10:00.722+0000] {processor.py:914} INFO - Processing file /opt/airflow/dags/sample.py for tasks to queue
[2025-01-31T16:10:00.725+0000] {logging_mixin.py:190} INFO - [2025-01-31T16:10:00.725+0000] {dagbag.py:588} INFO - Filling up the DagBag from /opt/airflow/dags/sample.py
[2025-01-31T16:10:00.742+0000] {processor.py:925} INFO - DAG(s) 'hello_world_dag' retrieved from /opt/airflow/dags/sample.py
[2025-01-31T16:10:00.776+0000] {logging_mixin.py:190} INFO - [2025-01-31T16:10:00.776+0000] {dag.py:3239} INFO - Sync 1 DAGs
[2025-01-31T16:10:00.792+0000] {logging_mixin.py:190} INFO - [2025-01-31T16:10:00.792+0000] {dag.py:4180} INFO - Setting next_dagrun for hello_world_dag to None, run_after=None
[2025-01-31T16:10:00.819+0000] {processor.py:208} INFO - Processing /opt/airflow/dags/sample.py took 0.105 seconds
[2025-01-31T19:05:19.839+0000] {processor.py:186} INFO - Started process (PID=209) to work on /opt/airflow/dags/sample.py
[2025-01-31T19:05:19.841+0000] {processor.py:914} INFO - Processing file /opt/airflow/dags/sample.py for tasks to queue
[2025-01-31T19:05:19.843+0000] {logging_mixin.py:190} INFO - [2025-01-31T19:05:19.843+0000] {dagbag.py:588} INFO - Filling up the DagBag from /opt/airflow/dags/sample.py
[2025-01-31T19:05:19.861+0000] {processor.py:925} INFO - DAG(s) 'hello_world_dag' retrieved from /opt/airflow/dags/sample.py
[2025-01-31T19:05:19.899+0000] {logging_mixin.py:190} INFO - [2025-01-31T19:05:19.899+0000] {dag.py:3239} INFO - Sync 1 DAGs
[2025-01-31T19:05:19.915+0000] {logging_mixin.py:190} INFO - [2025-01-31T19:05:19.914+0000] {dag.py:4180} INFO - Setting next_dagrun for hello_world_dag to None, run_after=None
[2025-01-31T19:05:19.939+0000] {processor.py:208} INFO - Processing /opt/airflow/dags/sample.py took 0.106 seconds
[2025-01-31T19:05:51.318+0000] {processor.py:186} INFO - Started process (PID=249) to work on /opt/airflow/dags/sample.py
[2025-01-31T19:05:51.320+0000] {processor.py:914} INFO - Processing file /opt/airflow/dags/sample.py for tasks to queue
[2025-01-31T19:05:51.323+0000] {logging_mixin.py:190} INFO - [2025-01-31T19:05:51.322+0000] {dagbag.py:588} INFO - Filling up the DagBag from /opt/airflow/dags/sample.py
[2025-01-31T19:05:51.343+0000] {processor.py:925} INFO - DAG(s) 'hello_world_dag' retrieved from /opt/airflow/dags/sample.py
[2025-01-31T19:05:51.376+0000] {logging_mixin.py:190} INFO - [2025-01-31T19:05:51.376+0000] {dag.py:3239} INFO - Sync 1 DAGs
[2025-01-31T19:05:51.415+0000] {logging_mixin.py:190} INFO - [2025-01-31T19:05:51.415+0000] {dag.py:4180} INFO - Setting next_dagrun for hello_world_dag to None, run_after=None
[2025-01-31T19:05:51.445+0000] {processor.py:208} INFO - Processing /opt/airflow/dags/sample.py took 0.135 seconds
[2025-01-31T19:06:22.971+0000] {processor.py:186} INFO - Started process (PID=272) to work on /opt/airflow/dags/sample.py
[2025-01-31T19:06:22.972+0000] {processor.py:914} INFO - Processing file /opt/airflow/dags/sample.py for tasks to queue
[2025-01-31T19:06:22.977+0000] {logging_mixin.py:190} INFO - [2025-01-31T19:06:22.976+0000] {dagbag.py:588} INFO - Filling up the DagBag from /opt/airflow/dags/sample.py
[2025-01-31T19:06:22.997+0000] {processor.py:925} INFO - DAG(s) 'hello_world_dag' retrieved from /opt/airflow/dags/sample.py
[2025-01-31T19:06:23.036+0000] {logging_mixin.py:190} INFO - [2025-01-31T19:06:23.036+0000] {dag.py:3239} INFO - Sync 1 DAGs
[2025-01-31T19:06:23.054+0000] {logging_mixin.py:190} INFO - [2025-01-31T19:06:23.053+0000] {dag.py:4180} INFO - Setting next_dagrun for hello_world_dag to None, run_after=None
[2025-01-31T19:06:23.084+0000] {processor.py:208} INFO - Processing /opt/airflow/dags/sample.py took 0.122 seconds
[2025-01-31T19:06:54.182+0000] {processor.py:186} INFO - Started process (PID=294) to work on /opt/airflow/dags/sample.py
[2025-01-31T19:06:54.184+0000] {processor.py:914} INFO - Processing file /opt/airflow/dags/sample.py for tasks to queue
[2025-01-31T19:06:54.188+0000] {logging_mixin.py:190} INFO - [2025-01-31T19:06:54.188+0000] {dagbag.py:588} INFO - Filling up the DagBag from /opt/airflow/dags/sample.py
[2025-01-31T19:06:54.203+0000] {processor.py:925} INFO - DAG(s) 'hello_world_dag' retrieved from /opt/airflow/dags/sample.py
[2025-01-31T19:06:54.244+0000] {logging_mixin.py:190} INFO - [2025-01-31T19:06:54.244+0000] {dag.py:3239} INFO - Sync 1 DAGs
[2025-01-31T19:06:54.265+0000] {logging_mixin.py:190} INFO - [2025-01-31T19:06:54.265+0000] {dag.py:4180} INFO - Setting next_dagrun for hello_world_dag to None, run_after=None
[2025-01-31T19:06:54.292+0000] {processor.py:208} INFO - Processing /opt/airflow/dags/sample.py took 0.117 seconds
[2025-01-31T19:07:25.346+0000] {processor.py:186} INFO - Started process (PID=316) to work on /opt/airflow/dags/sample.py
[2025-01-31T19:07:25.348+0000] {processor.py:914} INFO - Processing file /opt/airflow/dags/sample.py for tasks to queue
[2025-01-31T19:07:25.352+0000] {logging_mixin.py:190} INFO - [2025-01-31T19:07:25.352+0000] {dagbag.py:588} INFO - Filling up the DagBag from /opt/airflow/dags/sample.py
[2025-01-31T19:07:25.372+0000] {processor.py:925} INFO - DAG(s) 'hello_world_dag' retrieved from /opt/airflow/dags/sample.py
[2025-01-31T19:07:25.410+0000] {logging_mixin.py:190} INFO - [2025-01-31T19:07:25.409+0000] {dag.py:3239} INFO - Sync 1 DAGs
[2025-01-31T19:07:25.429+0000] {logging_mixin.py:190} INFO - [2025-01-31T19:07:25.429+0000] {dag.py:4180} INFO - Setting next_dagrun for hello_world_dag to None, run_after=None
[2025-01-31T19:07:25.461+0000] {processor.py:208} INFO - Processing /opt/airflow/dags/sample.py took 0.123 seconds
[2025-01-31T19:07:56.538+0000] {processor.py:186} INFO - Started process (PID=338) to work on /opt/airflow/dags/sample.py
[2025-01-31T19:07:56.539+0000] {processor.py:914} INFO - Processing file /opt/airflow/dags/sample.py for tasks to queue
[2025-01-31T19:07:56.542+0000] {logging_mixin.py:190} INFO - [2025-01-31T19:07:56.541+0000] {dagbag.py:588} INFO - Filling up the DagBag from /opt/airflow/dags/sample.py
[2025-01-31T19:07:56.556+0000] {processor.py:925} INFO - DAG(s) 'hello_world_dag' retrieved from /opt/airflow/dags/sample.py
[2025-01-31T19:07:56.598+0000] {logging_mixin.py:190} INFO - [2025-01-31T19:07:56.598+0000] {dag.py:3239} INFO - Sync 1 DAGs
[2025-01-31T19:07:56.617+0000] {logging_mixin.py:190} INFO - [2025-01-31T19:07:56.617+0000] {dag.py:4180} INFO - Setting next_dagrun for hello_world_dag to None, run_after=None
[2025-01-31T19:07:56.660+0000] {processor.py:208} INFO - Processing /opt/airflow/dags/sample.py took 0.129 seconds
[2025-01-31T19:08:27.703+0000] {processor.py:186} INFO - Started process (PID=361) to work on /opt/airflow/dags/sample.py
[2025-01-31T19:08:27.704+0000] {processor.py:914} INFO - Processing file /opt/airflow/dags/sample.py for tasks to queue
[2025-01-31T19:08:27.706+0000] {logging_mixin.py:190} INFO - [2025-01-31T19:08:27.706+0000] {dagbag.py:588} INFO - Filling up the DagBag from /opt/airflow/dags/sample.py
[2025-01-31T19:08:27.720+0000] {processor.py:925} INFO - DAG(s) 'hello_world_dag' retrieved from /opt/airflow/dags/sample.py
[2025-01-31T19:08:27.750+0000] {logging_mixin.py:190} INFO - [2025-01-31T19:08:27.750+0000] {dag.py:3239} INFO - Sync 1 DAGs
[2025-01-31T19:08:27.766+0000] {logging_mixin.py:190} INFO - [2025-01-31T19:08:27.765+0000] {dag.py:4180} INFO - Setting next_dagrun for hello_world_dag to None, run_after=None
[2025-01-31T19:08:27.788+0000] {processor.py:208} INFO - Processing /opt/airflow/dags/sample.py took 0.091 seconds
[2025-01-31T19:08:59.013+0000] {processor.py:186} INFO - Started process (PID=387) to work on /opt/airflow/dags/sample.py
[2025-01-31T19:08:59.014+0000] {processor.py:914} INFO - Processing file /opt/airflow/dags/sample.py for tasks to queue
[2025-01-31T19:08:59.019+0000] {logging_mixin.py:190} INFO - [2025-01-31T19:08:59.018+0000] {dagbag.py:588} INFO - Filling up the DagBag from /opt/airflow/dags/sample.py
[2025-01-31T19:08:59.043+0000] {processor.py:925} INFO - DAG(s) 'hello_world_dag' retrieved from /opt/airflow/dags/sample.py
[2025-01-31T19:08:59.095+0000] {logging_mixin.py:190} INFO - [2025-01-31T19:08:59.094+0000] {dag.py:3239} INFO - Sync 1 DAGs
[2025-01-31T19:08:59.118+0000] {logging_mixin.py:190} INFO - [2025-01-31T19:08:59.118+0000] {dag.py:4180} INFO - Setting next_dagrun for hello_world_dag to None, run_after=None
[2025-01-31T19:08:59.151+0000] {processor.py:208} INFO - Processing /opt/airflow/dags/sample.py took 0.148 seconds
[2025-01-31T19:09:30.207+0000] {processor.py:186} INFO - Started process (PID=414) to work on /opt/airflow/dags/sample.py
[2025-01-31T19:09:30.209+0000] {processor.py:914} INFO - Processing file /opt/airflow/dags/sample.py for tasks to queue
[2025-01-31T19:09:30.211+0000] {logging_mixin.py:190} INFO - [2025-01-31T19:09:30.211+0000] {dagbag.py:588} INFO - Filling up the DagBag from /opt/airflow/dags/sample.py
[2025-01-31T19:09:30.224+0000] {processor.py:925} INFO - DAG(s) 'hello_world_dag' retrieved from /opt/airflow/dags/sample.py
[2025-01-31T19:09:30.254+0000] {logging_mixin.py:190} INFO - [2025-01-31T19:09:30.253+0000] {dag.py:3239} INFO - Sync 1 DAGs
[2025-01-31T19:09:30.268+0000] {logging_mixin.py:190} INFO - [2025-01-31T19:09:30.268+0000] {dag.py:4180} INFO - Setting next_dagrun for hello_world_dag to None, run_after=None
[2025-01-31T19:09:30.289+0000] {processor.py:208} INFO - Processing /opt/airflow/dags/sample.py took 0.088 seconds
[2025-01-31T19:10:01.406+0000] {processor.py:186} INFO - Started process (PID=436) to work on /opt/airflow/dags/sample.py
[2025-01-31T19:10:01.407+0000] {processor.py:914} INFO - Processing file /opt/airflow/dags/sample.py for tasks to queue
[2025-01-31T19:10:01.410+0000] {logging_mixin.py:190} INFO - [2025-01-31T19:10:01.409+0000] {dagbag.py:588} INFO - Filling up the DagBag from /opt/airflow/dags/sample.py
[2025-01-31T19:10:01.432+0000] {processor.py:925} INFO - DAG(s) 'hello_world_dag' retrieved from /opt/airflow/dags/sample.py
[2025-01-31T19:10:01.462+0000] {logging_mixin.py:190} INFO - [2025-01-31T19:10:01.462+0000] {dag.py:3239} INFO - Sync 1 DAGs
[2025-01-31T19:10:01.477+0000] {logging_mixin.py:190} INFO - [2025-01-31T19:10:01.477+0000] {dag.py:4180} INFO - Setting next_dagrun for hello_world_dag to None, run_after=None
[2025-01-31T19:10:01.500+0000] {processor.py:208} INFO - Processing /opt/airflow/dags/sample.py took 0.100 seconds
[2025-01-31T19:10:32.590+0000] {processor.py:186} INFO - Started process (PID=458) to work on /opt/airflow/dags/sample.py
[2025-01-31T19:10:32.591+0000] {processor.py:914} INFO - Processing file /opt/airflow/dags/sample.py for tasks to queue
[2025-01-31T19:10:32.596+0000] {logging_mixin.py:190} INFO - [2025-01-31T19:10:32.596+0000] {dagbag.py:588} INFO - Filling up the DagBag from /opt/airflow/dags/sample.py
[2025-01-31T19:10:32.612+0000] {processor.py:925} INFO - DAG(s) 'hello_world_dag' retrieved from /opt/airflow/dags/sample.py
[2025-01-31T19:10:32.645+0000] {logging_mixin.py:190} INFO - [2025-01-31T19:10:32.645+0000] {dag.py:3239} INFO - Sync 1 DAGs
[2025-01-31T19:10:32.664+0000] {logging_mixin.py:190} INFO - [2025-01-31T19:10:32.664+0000] {dag.py:4180} INFO - Setting next_dagrun for hello_world_dag to None, run_after=None
[2025-01-31T19:10:32.687+0000] {processor.py:208} INFO - Processing /opt/airflow/dags/sample.py took 0.104 seconds
[2025-01-31T19:11:03.736+0000] {processor.py:186} INFO - Started process (PID=480) to work on /opt/airflow/dags/sample.py
[2025-01-31T19:11:03.737+0000] {processor.py:914} INFO - Processing file /opt/airflow/dags/sample.py for tasks to queue
[2025-01-31T19:11:03.740+0000] {logging_mixin.py:190} INFO - [2025-01-31T19:11:03.739+0000] {dagbag.py:588} INFO - Filling up the DagBag from /opt/airflow/dags/sample.py
[2025-01-31T19:11:03.755+0000] {processor.py:925} INFO - DAG(s) 'hello_world_dag' retrieved from /opt/airflow/dags/sample.py
[2025-01-31T19:11:03.787+0000] {logging_mixin.py:190} INFO - [2025-01-31T19:11:03.787+0000] {dag.py:3239} INFO - Sync 1 DAGs
[2025-01-31T19:11:03.802+0000] {logging_mixin.py:190} INFO - [2025-01-31T19:11:03.802+0000] {dag.py:4180} INFO - Setting next_dagrun for hello_world_dag to None, run_after=None
[2025-01-31T19:11:03.825+0000] {processor.py:208} INFO - Processing /opt/airflow/dags/sample.py took 0.096 seconds
[2025-01-31T19:11:34.909+0000] {processor.py:186} INFO - Started process (PID=502) to work on /opt/airflow/dags/sample.py
[2025-01-31T19:11:34.910+0000] {processor.py:914} INFO - Processing file /opt/airflow/dags/sample.py for tasks to queue
[2025-01-31T19:11:34.913+0000] {logging_mixin.py:190} INFO - [2025-01-31T19:11:34.913+0000] {dagbag.py:588} INFO - Filling up the DagBag from /opt/airflow/dags/sample.py
[2025-01-31T19:11:34.930+0000] {processor.py:925} INFO - DAG(s) 'hello_world_dag' retrieved from /opt/airflow/dags/sample.py
[2025-01-31T19:11:34.965+0000] {logging_mixin.py:190} INFO - [2025-01-31T19:11:34.965+0000] {dag.py:3239} INFO - Sync 1 DAGs
[2025-01-31T19:11:34.983+0000] {logging_mixin.py:190} INFO - [2025-01-31T19:11:34.983+0000] {dag.py:4180} INFO - Setting next_dagrun for hello_world_dag to None, run_after=None
[2025-01-31T19:11:35.007+0000] {processor.py:208} INFO - Processing /opt/airflow/dags/sample.py took 0.106 seconds
[2025-01-31T19:12:06.110+0000] {processor.py:186} INFO - Started process (PID=524) to work on /opt/airflow/dags/sample.py
[2025-01-31T19:12:06.111+0000] {processor.py:914} INFO - Processing file /opt/airflow/dags/sample.py for tasks to queue
[2025-01-31T19:12:06.115+0000] {logging_mixin.py:190} INFO - [2025-01-31T19:12:06.114+0000] {dagbag.py:588} INFO - Filling up the DagBag from /opt/airflow/dags/sample.py
[2025-01-31T19:12:06.129+0000] {processor.py:925} INFO - DAG(s) 'hello_world_dag' retrieved from /opt/airflow/dags/sample.py
[2025-01-31T19:12:06.160+0000] {logging_mixin.py:190} INFO - [2025-01-31T19:12:06.160+0000] {dag.py:3239} INFO - Sync 1 DAGs
[2025-01-31T19:12:06.180+0000] {logging_mixin.py:190} INFO - [2025-01-31T19:12:06.179+0000] {dag.py:4180} INFO - Setting next_dagrun for hello_world_dag to None, run_after=None
[2025-01-31T19:12:06.204+0000] {processor.py:208} INFO - Processing /opt/airflow/dags/sample.py took 0.103 seconds
[2025-01-31T19:12:37.255+0000] {processor.py:186} INFO - Started process (PID=546) to work on /opt/airflow/dags/sample.py
[2025-01-31T19:12:37.256+0000] {processor.py:914} INFO - Processing file /opt/airflow/dags/sample.py for tasks to queue
[2025-01-31T19:12:37.260+0000] {logging_mixin.py:190} INFO - [2025-01-31T19:12:37.260+0000] {dagbag.py:588} INFO - Filling up the DagBag from /opt/airflow/dags/sample.py
[2025-01-31T19:12:37.274+0000] {processor.py:925} INFO - DAG(s) 'hello_world_dag' retrieved from /opt/airflow/dags/sample.py
[2025-01-31T19:12:37.303+0000] {logging_mixin.py:190} INFO - [2025-01-31T19:12:37.303+0000] {dag.py:3239} INFO - Sync 1 DAGs
[2025-01-31T19:12:37.320+0000] {logging_mixin.py:190} INFO - [2025-01-31T19:12:37.320+0000] {dag.py:4180} INFO - Setting next_dagrun for hello_world_dag to None, run_after=None
[2025-01-31T19:12:37.342+0000] {processor.py:208} INFO - Processing /opt/airflow/dags/sample.py took 0.093 seconds
[2025-01-31T19:13:40.207+0000] {processor.py:186} INFO - Started process (PID=211) to work on /opt/airflow/dags/sample.py
[2025-01-31T19:13:40.208+0000] {processor.py:914} INFO - Processing file /opt/airflow/dags/sample.py for tasks to queue
[2025-01-31T19:13:40.211+0000] {logging_mixin.py:190} INFO - [2025-01-31T19:13:40.211+0000] {dagbag.py:588} INFO - Filling up the DagBag from /opt/airflow/dags/sample.py
[2025-01-31T19:13:40.228+0000] {processor.py:925} INFO - DAG(s) 'hello_world_dag' retrieved from /opt/airflow/dags/sample.py
[2025-01-31T19:13:40.276+0000] {logging_mixin.py:190} INFO - [2025-01-31T19:13:40.275+0000] {dag.py:3239} INFO - Sync 1 DAGs
[2025-01-31T19:13:40.296+0000] {logging_mixin.py:190} INFO - [2025-01-31T19:13:40.296+0000] {dag.py:4180} INFO - Setting next_dagrun for hello_world_dag to None, run_after=None
[2025-01-31T19:13:40.336+0000] {processor.py:208} INFO - Processing /opt/airflow/dags/sample.py took 0.139 seconds
[2025-01-31T19:14:11.787+0000] {processor.py:186} INFO - Started process (PID=265) to work on /opt/airflow/dags/sample.py
[2025-01-31T19:14:11.788+0000] {processor.py:914} INFO - Processing file /opt/airflow/dags/sample.py for tasks to queue
[2025-01-31T19:14:11.791+0000] {logging_mixin.py:190} INFO - [2025-01-31T19:14:11.791+0000] {dagbag.py:588} INFO - Filling up the DagBag from /opt/airflow/dags/sample.py
[2025-01-31T19:14:11.817+0000] {processor.py:925} INFO - DAG(s) 'hello_world_dag' retrieved from /opt/airflow/dags/sample.py
[2025-01-31T19:14:11.852+0000] {logging_mixin.py:190} INFO - [2025-01-31T19:14:11.852+0000] {dag.py:3239} INFO - Sync 1 DAGs
[2025-01-31T19:14:11.876+0000] {logging_mixin.py:190} INFO - [2025-01-31T19:14:11.876+0000] {dag.py:4180} INFO - Setting next_dagrun for hello_world_dag to None, run_after=None
[2025-01-31T19:14:11.900+0000] {processor.py:208} INFO - Processing /opt/airflow/dags/sample.py took 0.121 seconds
[2025-01-31T19:14:43.023+0000] {processor.py:186} INFO - Started process (PID=304) to work on /opt/airflow/dags/sample.py
[2025-01-31T19:14:43.026+0000] {processor.py:914} INFO - Processing file /opt/airflow/dags/sample.py for tasks to queue
[2025-01-31T19:14:43.029+0000] {logging_mixin.py:190} INFO - [2025-01-31T19:14:43.028+0000] {dagbag.py:588} INFO - Filling up the DagBag from /opt/airflow/dags/sample.py
[2025-01-31T19:14:43.046+0000] {processor.py:925} INFO - DAG(s) 'hello_world_dag' retrieved from /opt/airflow/dags/sample.py
[2025-01-31T19:14:43.082+0000] {logging_mixin.py:190} INFO - [2025-01-31T19:14:43.082+0000] {dag.py:3239} INFO - Sync 1 DAGs
[2025-01-31T19:14:43.100+0000] {logging_mixin.py:190} INFO - [2025-01-31T19:14:43.099+0000] {dag.py:4180} INFO - Setting next_dagrun for hello_world_dag to None, run_after=None
[2025-01-31T19:14:43.126+0000] {processor.py:208} INFO - Processing /opt/airflow/dags/sample.py took 0.113 seconds
[2025-01-31T19:15:14.372+0000] {processor.py:186} INFO - Started process (PID=331) to work on /opt/airflow/dags/sample.py
[2025-01-31T19:15:14.373+0000] {processor.py:914} INFO - Processing file /opt/airflow/dags/sample.py for tasks to queue
[2025-01-31T19:15:14.377+0000] {logging_mixin.py:190} INFO - [2025-01-31T19:15:14.376+0000] {dagbag.py:588} INFO - Filling up the DagBag from /opt/airflow/dags/sample.py
[2025-01-31T19:15:14.393+0000] {processor.py:925} INFO - DAG(s) 'hello_world_dag' retrieved from /opt/airflow/dags/sample.py
[2025-01-31T19:15:14.426+0000] {logging_mixin.py:190} INFO - [2025-01-31T19:15:14.426+0000] {dag.py:3239} INFO - Sync 1 DAGs
[2025-01-31T19:15:14.445+0000] {logging_mixin.py:190} INFO - [2025-01-31T19:15:14.445+0000] {dag.py:4180} INFO - Setting next_dagrun for hello_world_dag to None, run_after=None
[2025-01-31T19:15:14.520+0000] {processor.py:208} INFO - Processing /opt/airflow/dags/sample.py took 0.156 seconds
[2025-01-31T19:15:45.664+0000] {processor.py:186} INFO - Started process (PID=358) to work on /opt/airflow/dags/sample.py
[2025-01-31T19:15:45.666+0000] {processor.py:914} INFO - Processing file /opt/airflow/dags/sample.py for tasks to queue
[2025-01-31T19:15:45.670+0000] {logging_mixin.py:190} INFO - [2025-01-31T19:15:45.669+0000] {dagbag.py:588} INFO - Filling up the DagBag from /opt/airflow/dags/sample.py
[2025-01-31T19:15:45.687+0000] {processor.py:925} INFO - DAG(s) 'hello_world_dag' retrieved from /opt/airflow/dags/sample.py
[2025-01-31T19:15:45.731+0000] {logging_mixin.py:190} INFO - [2025-01-31T19:15:45.731+0000] {dag.py:3239} INFO - Sync 1 DAGs
[2025-01-31T19:15:45.748+0000] {logging_mixin.py:190} INFO - [2025-01-31T19:15:45.748+0000] {dag.py:4180} INFO - Setting next_dagrun for hello_world_dag to None, run_after=None
[2025-01-31T19:15:45.769+0000] {processor.py:208} INFO - Processing /opt/airflow/dags/sample.py took 0.114 seconds
[2025-01-31T19:16:16.813+0000] {processor.py:186} INFO - Started process (PID=385) to work on /opt/airflow/dags/sample.py
[2025-01-31T19:16:16.815+0000] {processor.py:914} INFO - Processing file /opt/airflow/dags/sample.py for tasks to queue
[2025-01-31T19:16:16.817+0000] {logging_mixin.py:190} INFO - [2025-01-31T19:16:16.817+0000] {dagbag.py:588} INFO - Filling up the DagBag from /opt/airflow/dags/sample.py
[2025-01-31T19:16:16.831+0000] {processor.py:925} INFO - DAG(s) 'hello_world_dag' retrieved from /opt/airflow/dags/sample.py
[2025-01-31T19:16:16.863+0000] {logging_mixin.py:190} INFO - [2025-01-31T19:16:16.863+0000] {dag.py:3239} INFO - Sync 1 DAGs
[2025-01-31T19:16:16.891+0000] {logging_mixin.py:190} INFO - [2025-01-31T19:16:16.890+0000] {dag.py:4180} INFO - Setting next_dagrun for hello_world_dag to None, run_after=None
[2025-01-31T19:16:16.938+0000] {processor.py:208} INFO - Processing /opt/airflow/dags/sample.py took 0.130 seconds
[2025-01-31T19:16:48.086+0000] {processor.py:186} INFO - Started process (PID=412) to work on /opt/airflow/dags/sample.py
[2025-01-31T19:16:48.087+0000] {processor.py:914} INFO - Processing file /opt/airflow/dags/sample.py for tasks to queue
[2025-01-31T19:16:48.089+0000] {logging_mixin.py:190} INFO - [2025-01-31T19:16:48.089+0000] {dagbag.py:588} INFO - Filling up the DagBag from /opt/airflow/dags/sample.py
[2025-01-31T19:16:48.102+0000] {processor.py:925} INFO - DAG(s) 'hello_world_dag' retrieved from /opt/airflow/dags/sample.py
[2025-01-31T19:16:48.132+0000] {logging_mixin.py:190} INFO - [2025-01-31T19:16:48.131+0000] {dag.py:3239} INFO - Sync 1 DAGs
[2025-01-31T19:16:48.147+0000] {logging_mixin.py:190} INFO - [2025-01-31T19:16:48.147+0000] {dag.py:4180} INFO - Setting next_dagrun for hello_world_dag to None, run_after=None
[2025-01-31T19:16:48.171+0000] {processor.py:208} INFO - Processing /opt/airflow/dags/sample.py took 0.091 seconds
