[2025-01-31T19:13:38.811+0000] {processor.py:186} INFO - Started process (PID=195) to work on /opt/airflow/dags/spark_dag.py
[2025-01-31T19:13:38.812+0000] {processor.py:914} INFO - Processing file /opt/airflow/dags/spark_dag.py for tasks to queue
[2025-01-31T19:13:38.816+0000] {logging_mixin.py:190} INFO - [2025-01-31T19:13:38.815+0000] {dagbag.py:588} INFO - Filling up the DagBag from /opt/airflow/dags/spark_dag.py
[2025-01-31T19:13:38.865+0000] {processor.py:925} INFO - DAG(s) 'pyspark_example' retrieved from /opt/airflow/dags/spark_dag.py
[2025-01-31T19:13:39.143+0000] {logging_mixin.py:190} INFO - [2025-01-31T19:13:39.142+0000] {override.py:1911} INFO - Created Permission View: can edit on DAG:pyspark_example
[2025-01-31T19:13:39.162+0000] {logging_mixin.py:190} INFO - [2025-01-31T19:13:39.162+0000] {override.py:1911} INFO - Created Permission View: can read on DAG:pyspark_example
[2025-01-31T19:13:39.174+0000] {logging_mixin.py:190} INFO - [2025-01-31T19:13:39.174+0000] {override.py:1911} INFO - Created Permission View: can delete on DAG:pyspark_example
[2025-01-31T19:13:39.186+0000] {logging_mixin.py:190} INFO - [2025-01-31T19:13:39.186+0000] {override.py:1911} INFO - Created Permission View: can delete on DAG Run:pyspark_example
[2025-01-31T19:13:39.197+0000] {logging_mixin.py:190} INFO - [2025-01-31T19:13:39.197+0000] {override.py:1911} INFO - Created Permission View: menu access on DAG Run:pyspark_example
[2025-01-31T19:13:39.208+0000] {logging_mixin.py:190} INFO - [2025-01-31T19:13:39.208+0000] {override.py:1911} INFO - Created Permission View: can read on DAG Run:pyspark_example
[2025-01-31T19:13:39.230+0000] {logging_mixin.py:190} INFO - [2025-01-31T19:13:39.229+0000] {override.py:1911} INFO - Created Permission View: can create on DAG Run:pyspark_example
[2025-01-31T19:13:39.231+0000] {logging_mixin.py:190} INFO - [2025-01-31T19:13:39.231+0000] {dag.py:3239} INFO - Sync 1 DAGs
[2025-01-31T19:13:39.263+0000] {logging_mixin.py:190} INFO - [2025-01-31T19:13:39.263+0000] {dag.py:3262} INFO - Creating ORM DAG for pyspark_example
[2025-01-31T19:13:39.292+0000] {logging_mixin.py:190} INFO - [2025-01-31T19:13:39.292+0000] {dag.py:4180} INFO - Setting next_dagrun for pyspark_example to 2025-01-30 00:00:00+00:00, run_after=2025-01-31 00:00:00+00:00
[2025-01-31T19:13:39.333+0000] {processor.py:208} INFO - Processing /opt/airflow/dags/spark_dag.py took 0.531 seconds
[2025-01-31T19:14:09.772+0000] {processor.py:186} INFO - Started process (PID=242) to work on /opt/airflow/dags/spark_dag.py
[2025-01-31T19:14:09.773+0000] {processor.py:914} INFO - Processing file /opt/airflow/dags/spark_dag.py for tasks to queue
[2025-01-31T19:14:09.778+0000] {logging_mixin.py:190} INFO - [2025-01-31T19:14:09.777+0000] {dagbag.py:588} INFO - Filling up the DagBag from /opt/airflow/dags/spark_dag.py
[2025-01-31T19:14:09.810+0000] {processor.py:925} INFO - DAG(s) 'pyspark_example' retrieved from /opt/airflow/dags/spark_dag.py
[2025-01-31T19:14:09.840+0000] {logging_mixin.py:190} INFO - [2025-01-31T19:14:09.840+0000] {dag.py:3239} INFO - Sync 1 DAGs
[2025-01-31T19:14:09.866+0000] {logging_mixin.py:190} INFO - [2025-01-31T19:14:09.866+0000] {dag.py:4180} INFO - Setting next_dagrun for pyspark_example to 2025-01-30 00:00:00+00:00, run_after=2025-01-31 00:00:00+00:00
[2025-01-31T19:14:09.887+0000] {processor.py:208} INFO - Processing /opt/airflow/dags/spark_dag.py took 0.124 seconds
[2025-01-31T19:14:40.279+0000] {processor.py:186} INFO - Started process (PID=287) to work on /opt/airflow/dags/spark_dag.py
[2025-01-31T19:14:40.280+0000] {processor.py:914} INFO - Processing file /opt/airflow/dags/spark_dag.py for tasks to queue
[2025-01-31T19:14:40.283+0000] {logging_mixin.py:190} INFO - [2025-01-31T19:14:40.283+0000] {dagbag.py:588} INFO - Filling up the DagBag from /opt/airflow/dags/spark_dag.py
[2025-01-31T19:14:40.300+0000] {processor.py:925} INFO - DAG(s) 'pyspark_example' retrieved from /opt/airflow/dags/spark_dag.py
[2025-01-31T19:14:40.331+0000] {logging_mixin.py:190} INFO - [2025-01-31T19:14:40.331+0000] {dag.py:3239} INFO - Sync 1 DAGs
[2025-01-31T19:14:40.362+0000] {logging_mixin.py:190} INFO - [2025-01-31T19:14:40.362+0000] {dag.py:4180} INFO - Setting next_dagrun for pyspark_example to 2025-01-31 00:00:00+00:00, run_after=2025-02-01 00:00:00+00:00
[2025-01-31T19:14:40.388+0000] {processor.py:208} INFO - Processing /opt/airflow/dags/spark_dag.py took 0.117 seconds
[2025-01-31T19:15:10.478+0000] {processor.py:186} INFO - Started process (PID=314) to work on /opt/airflow/dags/spark_dag.py
[2025-01-31T19:15:10.479+0000] {processor.py:914} INFO - Processing file /opt/airflow/dags/spark_dag.py for tasks to queue
[2025-01-31T19:15:10.482+0000] {logging_mixin.py:190} INFO - [2025-01-31T19:15:10.482+0000] {dagbag.py:588} INFO - Filling up the DagBag from /opt/airflow/dags/spark_dag.py
[2025-01-31T19:15:10.498+0000] {processor.py:925} INFO - DAG(s) 'pyspark_example' retrieved from /opt/airflow/dags/spark_dag.py
[2025-01-31T19:15:10.526+0000] {logging_mixin.py:190} INFO - [2025-01-31T19:15:10.526+0000] {dag.py:3239} INFO - Sync 1 DAGs
[2025-01-31T19:15:10.555+0000] {logging_mixin.py:190} INFO - [2025-01-31T19:15:10.554+0000] {dag.py:4180} INFO - Setting next_dagrun for pyspark_example to 2025-01-31 00:00:00+00:00, run_after=2025-02-01 00:00:00+00:00
[2025-01-31T19:15:10.582+0000] {processor.py:208} INFO - Processing /opt/airflow/dags/spark_dag.py took 0.112 seconds
[2025-01-31T19:15:40.858+0000] {processor.py:186} INFO - Started process (PID=341) to work on /opt/airflow/dags/spark_dag.py
[2025-01-31T19:15:40.858+0000] {processor.py:914} INFO - Processing file /opt/airflow/dags/spark_dag.py for tasks to queue
[2025-01-31T19:15:40.862+0000] {logging_mixin.py:190} INFO - [2025-01-31T19:15:40.862+0000] {dagbag.py:588} INFO - Filling up the DagBag from /opt/airflow/dags/spark_dag.py
[2025-01-31T19:15:40.882+0000] {processor.py:925} INFO - DAG(s) 'pyspark_example' retrieved from /opt/airflow/dags/spark_dag.py
[2025-01-31T19:15:40.919+0000] {logging_mixin.py:190} INFO - [2025-01-31T19:15:40.919+0000] {dag.py:3239} INFO - Sync 1 DAGs
[2025-01-31T19:15:40.954+0000] {logging_mixin.py:190} INFO - [2025-01-31T19:15:40.954+0000] {dag.py:4180} INFO - Setting next_dagrun for pyspark_example to 2025-01-31 00:00:00+00:00, run_after=2025-02-01 00:00:00+00:00
[2025-01-31T19:15:40.980+0000] {processor.py:208} INFO - Processing /opt/airflow/dags/spark_dag.py took 0.130 seconds
[2025-01-31T19:16:11.097+0000] {processor.py:186} INFO - Started process (PID=368) to work on /opt/airflow/dags/spark_dag.py
[2025-01-31T19:16:11.098+0000] {processor.py:914} INFO - Processing file /opt/airflow/dags/spark_dag.py for tasks to queue
[2025-01-31T19:16:11.101+0000] {logging_mixin.py:190} INFO - [2025-01-31T19:16:11.101+0000] {dagbag.py:588} INFO - Filling up the DagBag from /opt/airflow/dags/spark_dag.py
[2025-01-31T19:16:11.116+0000] {processor.py:925} INFO - DAG(s) 'pyspark_example' retrieved from /opt/airflow/dags/spark_dag.py
[2025-01-31T19:16:11.147+0000] {logging_mixin.py:190} INFO - [2025-01-31T19:16:11.146+0000] {dag.py:3239} INFO - Sync 1 DAGs
[2025-01-31T19:16:11.183+0000] {logging_mixin.py:190} INFO - [2025-01-31T19:16:11.182+0000] {dag.py:4180} INFO - Setting next_dagrun for pyspark_example to 2025-01-31 00:00:00+00:00, run_after=2025-02-01 00:00:00+00:00
[2025-01-31T19:16:11.207+0000] {processor.py:208} INFO - Processing /opt/airflow/dags/spark_dag.py took 0.117 seconds
[2025-01-31T19:16:41.388+0000] {processor.py:186} INFO - Started process (PID=395) to work on /opt/airflow/dags/spark_dag.py
[2025-01-31T19:16:41.389+0000] {processor.py:914} INFO - Processing file /opt/airflow/dags/spark_dag.py for tasks to queue
[2025-01-31T19:16:41.392+0000] {logging_mixin.py:190} INFO - [2025-01-31T19:16:41.392+0000] {dagbag.py:588} INFO - Filling up the DagBag from /opt/airflow/dags/spark_dag.py
[2025-01-31T19:16:41.408+0000] {processor.py:925} INFO - DAG(s) 'pyspark_example' retrieved from /opt/airflow/dags/spark_dag.py
[2025-01-31T19:16:41.438+0000] {logging_mixin.py:190} INFO - [2025-01-31T19:16:41.438+0000] {dag.py:3239} INFO - Sync 1 DAGs
[2025-01-31T19:16:41.466+0000] {logging_mixin.py:190} INFO - [2025-01-31T19:16:41.466+0000] {dag.py:4180} INFO - Setting next_dagrun for pyspark_example to 2025-01-31 00:00:00+00:00, run_after=2025-02-01 00:00:00+00:00
[2025-01-31T19:16:41.487+0000] {processor.py:208} INFO - Processing /opt/airflow/dags/spark_dag.py took 0.107 seconds
[2025-01-31T19:17:11.600+0000] {processor.py:186} INFO - Started process (PID=422) to work on /opt/airflow/dags/spark_dag.py
[2025-01-31T19:17:11.602+0000] {processor.py:914} INFO - Processing file /opt/airflow/dags/spark_dag.py for tasks to queue
[2025-01-31T19:17:11.605+0000] {logging_mixin.py:190} INFO - [2025-01-31T19:17:11.604+0000] {dagbag.py:588} INFO - Filling up the DagBag from /opt/airflow/dags/spark_dag.py
[2025-01-31T19:17:11.621+0000] {processor.py:925} INFO - DAG(s) 'pyspark_example' retrieved from /opt/airflow/dags/spark_dag.py
[2025-01-31T19:17:11.651+0000] {logging_mixin.py:190} INFO - [2025-01-31T19:17:11.650+0000] {dag.py:3239} INFO - Sync 1 DAGs
[2025-01-31T19:17:11.676+0000] {logging_mixin.py:190} INFO - [2025-01-31T19:17:11.676+0000] {dag.py:4180} INFO - Setting next_dagrun for pyspark_example to 2025-01-31 00:00:00+00:00, run_after=2025-02-01 00:00:00+00:00
[2025-01-31T19:17:11.697+0000] {processor.py:208} INFO - Processing /opt/airflow/dags/spark_dag.py took 0.104 seconds
