[2025-01-31T16:05:49.120+0000] {processor.py:186} INFO - Started process (PID=195) to work on /opt/airflow/dags/weather_etl_postgres.py
[2025-01-31T16:05:49.122+0000] {processor.py:914} INFO - Processing file /opt/airflow/dags/weather_etl_postgres.py for tasks to queue
[2025-01-31T16:05:49.128+0000] {logging_mixin.py:190} INFO - [2025-01-31T16:05:49.128+0000] {dagbag.py:588} INFO - Filling up the DagBag from /opt/airflow/dags/weather_etl_postgres.py
[2025-01-31T16:05:50.660+0000] {processor.py:925} INFO - DAG(s) 'Temp_elt_postgres' retrieved from /opt/airflow/dags/weather_etl_postgres.py
[2025-01-31T16:05:50.817+0000] {logging_mixin.py:190} INFO - [2025-01-31T16:05:50.817+0000] {override.py:1911} INFO - Created Permission View: can read on DAG:Temp_elt_postgres
[2025-01-31T16:05:50.832+0000] {logging_mixin.py:190} INFO - [2025-01-31T16:05:50.832+0000] {override.py:1911} INFO - Created Permission View: can delete on DAG:Temp_elt_postgres
[2025-01-31T16:05:50.844+0000] {logging_mixin.py:190} INFO - [2025-01-31T16:05:50.843+0000] {override.py:1911} INFO - Created Permission View: can edit on DAG:Temp_elt_postgres
[2025-01-31T16:05:50.855+0000] {logging_mixin.py:190} INFO - [2025-01-31T16:05:50.855+0000] {override.py:1911} INFO - Created Permission View: can read on DAG Run:Temp_elt_postgres
[2025-01-31T16:05:50.865+0000] {logging_mixin.py:190} INFO - [2025-01-31T16:05:50.865+0000] {override.py:1911} INFO - Created Permission View: can delete on DAG Run:Temp_elt_postgres
[2025-01-31T16:05:50.876+0000] {logging_mixin.py:190} INFO - [2025-01-31T16:05:50.876+0000] {override.py:1911} INFO - Created Permission View: menu access on DAG Run:Temp_elt_postgres
[2025-01-31T16:05:50.886+0000] {logging_mixin.py:190} INFO - [2025-01-31T16:05:50.885+0000] {override.py:1911} INFO - Created Permission View: can create on DAG Run:Temp_elt_postgres
[2025-01-31T16:05:50.887+0000] {logging_mixin.py:190} INFO - [2025-01-31T16:05:50.887+0000] {dag.py:3239} INFO - Sync 1 DAGs
[2025-01-31T16:05:50.902+0000] {logging_mixin.py:190} INFO - [2025-01-31T16:05:50.902+0000] {dag.py:3262} INFO - Creating ORM DAG for Temp_elt_postgres
[2025-01-31T16:05:50.915+0000] {logging_mixin.py:190} INFO - [2025-01-31T16:05:50.915+0000] {dag.py:4180} INFO - Setting next_dagrun for Temp_elt_postgres to 2025-01-22 00:00:00+00:00, run_after=2025-01-23 00:00:00+00:00
[2025-01-31T16:05:50.942+0000] {processor.py:208} INFO - Processing /opt/airflow/dags/weather_etl_postgres.py took 1.839 seconds
[2025-01-31T16:06:21.817+0000] {processor.py:186} INFO - Started process (PID=225) to work on /opt/airflow/dags/weather_etl_postgres.py
[2025-01-31T16:06:21.818+0000] {processor.py:914} INFO - Processing file /opt/airflow/dags/weather_etl_postgres.py for tasks to queue
[2025-01-31T16:06:21.821+0000] {logging_mixin.py:190} INFO - [2025-01-31T16:06:21.820+0000] {dagbag.py:588} INFO - Filling up the DagBag from /opt/airflow/dags/weather_etl_postgres.py
[2025-01-31T16:06:22.457+0000] {processor.py:925} INFO - DAG(s) 'Temp_elt_postgres' retrieved from /opt/airflow/dags/weather_etl_postgres.py
[2025-01-31T16:06:22.487+0000] {logging_mixin.py:190} INFO - [2025-01-31T16:06:22.487+0000] {dag.py:3239} INFO - Sync 1 DAGs
[2025-01-31T16:06:22.512+0000] {logging_mixin.py:190} INFO - [2025-01-31T16:06:22.512+0000] {dag.py:4180} INFO - Setting next_dagrun for Temp_elt_postgres to 2025-01-22 00:00:00+00:00, run_after=2025-01-23 00:00:00+00:00
[2025-01-31T16:06:22.540+0000] {processor.py:208} INFO - Processing /opt/airflow/dags/weather_etl_postgres.py took 0.732 seconds
[2025-01-31T16:06:53.064+0000] {processor.py:186} INFO - Started process (PID=247) to work on /opt/airflow/dags/weather_etl_postgres.py
[2025-01-31T16:06:53.066+0000] {processor.py:914} INFO - Processing file /opt/airflow/dags/weather_etl_postgres.py for tasks to queue
[2025-01-31T16:06:53.068+0000] {logging_mixin.py:190} INFO - [2025-01-31T16:06:53.068+0000] {dagbag.py:588} INFO - Filling up the DagBag from /opt/airflow/dags/weather_etl_postgres.py
[2025-01-31T16:06:53.558+0000] {processor.py:925} INFO - DAG(s) 'Temp_elt_postgres' retrieved from /opt/airflow/dags/weather_etl_postgres.py
[2025-01-31T16:06:53.587+0000] {logging_mixin.py:190} INFO - [2025-01-31T16:06:53.587+0000] {dag.py:3239} INFO - Sync 1 DAGs
[2025-01-31T16:06:53.612+0000] {logging_mixin.py:190} INFO - [2025-01-31T16:06:53.612+0000] {dag.py:4180} INFO - Setting next_dagrun for Temp_elt_postgres to 2025-01-22 00:00:00+00:00, run_after=2025-01-23 00:00:00+00:00
[2025-01-31T16:06:53.634+0000] {processor.py:208} INFO - Processing /opt/airflow/dags/weather_etl_postgres.py took 0.576 seconds
[2025-01-31T16:07:24.150+0000] {processor.py:186} INFO - Started process (PID=269) to work on /opt/airflow/dags/weather_etl_postgres.py
[2025-01-31T16:07:24.151+0000] {processor.py:914} INFO - Processing file /opt/airflow/dags/weather_etl_postgres.py for tasks to queue
[2025-01-31T16:07:24.155+0000] {logging_mixin.py:190} INFO - [2025-01-31T16:07:24.154+0000] {dagbag.py:588} INFO - Filling up the DagBag from /opt/airflow/dags/weather_etl_postgres.py
[2025-01-31T16:07:24.674+0000] {processor.py:925} INFO - DAG(s) 'Temp_elt_postgres' retrieved from /opt/airflow/dags/weather_etl_postgres.py
[2025-01-31T16:07:24.701+0000] {logging_mixin.py:190} INFO - [2025-01-31T16:07:24.701+0000] {dag.py:3239} INFO - Sync 1 DAGs
[2025-01-31T16:07:24.722+0000] {logging_mixin.py:190} INFO - [2025-01-31T16:07:24.722+0000] {dag.py:4180} INFO - Setting next_dagrun for Temp_elt_postgres to 2025-01-22 00:00:00+00:00, run_after=2025-01-23 00:00:00+00:00
[2025-01-31T16:07:24.746+0000] {processor.py:208} INFO - Processing /opt/airflow/dags/weather_etl_postgres.py took 0.605 seconds
[2025-01-31T16:07:55.289+0000] {processor.py:186} INFO - Started process (PID=291) to work on /opt/airflow/dags/weather_etl_postgres.py
[2025-01-31T16:07:55.290+0000] {processor.py:914} INFO - Processing file /opt/airflow/dags/weather_etl_postgres.py for tasks to queue
[2025-01-31T16:07:55.293+0000] {logging_mixin.py:190} INFO - [2025-01-31T16:07:55.292+0000] {dagbag.py:588} INFO - Filling up the DagBag from /opt/airflow/dags/weather_etl_postgres.py
[2025-01-31T16:07:55.792+0000] {processor.py:925} INFO - DAG(s) 'Temp_elt_postgres' retrieved from /opt/airflow/dags/weather_etl_postgres.py
[2025-01-31T16:07:55.819+0000] {logging_mixin.py:190} INFO - [2025-01-31T16:07:55.819+0000] {dag.py:3239} INFO - Sync 1 DAGs
[2025-01-31T16:07:55.840+0000] {logging_mixin.py:190} INFO - [2025-01-31T16:07:55.840+0000] {dag.py:4180} INFO - Setting next_dagrun for Temp_elt_postgres to 2025-01-22 00:00:00+00:00, run_after=2025-01-23 00:00:00+00:00
[2025-01-31T16:07:55.862+0000] {processor.py:208} INFO - Processing /opt/airflow/dags/weather_etl_postgres.py took 0.581 seconds
[2025-01-31T16:08:26.410+0000] {processor.py:186} INFO - Started process (PID=313) to work on /opt/airflow/dags/weather_etl_postgres.py
[2025-01-31T16:08:26.413+0000] {processor.py:914} INFO - Processing file /opt/airflow/dags/weather_etl_postgres.py for tasks to queue
[2025-01-31T16:08:26.424+0000] {logging_mixin.py:190} INFO - [2025-01-31T16:08:26.424+0000] {dagbag.py:588} INFO - Filling up the DagBag from /opt/airflow/dags/weather_etl_postgres.py
[2025-01-31T16:08:27.067+0000] {processor.py:925} INFO - DAG(s) 'Temp_elt_postgres' retrieved from /opt/airflow/dags/weather_etl_postgres.py
[2025-01-31T16:08:27.089+0000] {logging_mixin.py:190} INFO - [2025-01-31T16:08:27.089+0000] {dag.py:3239} INFO - Sync 1 DAGs
[2025-01-31T16:08:27.110+0000] {logging_mixin.py:190} INFO - [2025-01-31T16:08:27.110+0000] {dag.py:4180} INFO - Setting next_dagrun for Temp_elt_postgres to 2025-01-22 00:00:00+00:00, run_after=2025-01-23 00:00:00+00:00
[2025-01-31T16:08:27.131+0000] {processor.py:208} INFO - Processing /opt/airflow/dags/weather_etl_postgres.py took 0.743 seconds
[2025-01-31T16:08:57.708+0000] {processor.py:186} INFO - Started process (PID=335) to work on /opt/airflow/dags/weather_etl_postgres.py
[2025-01-31T16:08:57.709+0000] {processor.py:914} INFO - Processing file /opt/airflow/dags/weather_etl_postgres.py for tasks to queue
[2025-01-31T16:08:57.712+0000] {logging_mixin.py:190} INFO - [2025-01-31T16:08:57.712+0000] {dagbag.py:588} INFO - Filling up the DagBag from /opt/airflow/dags/weather_etl_postgres.py
[2025-01-31T16:08:58.212+0000] {processor.py:925} INFO - DAG(s) 'Temp_elt_postgres' retrieved from /opt/airflow/dags/weather_etl_postgres.py
[2025-01-31T16:08:58.238+0000] {logging_mixin.py:190} INFO - [2025-01-31T16:08:58.238+0000] {dag.py:3239} INFO - Sync 1 DAGs
[2025-01-31T16:08:58.259+0000] {logging_mixin.py:190} INFO - [2025-01-31T16:08:58.258+0000] {dag.py:4180} INFO - Setting next_dagrun for Temp_elt_postgres to 2025-01-22 00:00:00+00:00, run_after=2025-01-23 00:00:00+00:00
[2025-01-31T16:08:58.280+0000] {processor.py:208} INFO - Processing /opt/airflow/dags/weather_etl_postgres.py took 0.581 seconds
[2025-01-31T16:09:28.854+0000] {processor.py:186} INFO - Started process (PID=363) to work on /opt/airflow/dags/weather_etl_postgres.py
[2025-01-31T16:09:28.856+0000] {processor.py:914} INFO - Processing file /opt/airflow/dags/weather_etl_postgres.py for tasks to queue
[2025-01-31T16:09:28.859+0000] {logging_mixin.py:190} INFO - [2025-01-31T16:09:28.858+0000] {dagbag.py:588} INFO - Filling up the DagBag from /opt/airflow/dags/weather_etl_postgres.py
[2025-01-31T16:09:29.470+0000] {processor.py:925} INFO - DAG(s) 'Temp_elt_postgres' retrieved from /opt/airflow/dags/weather_etl_postgres.py
[2025-01-31T16:09:29.499+0000] {logging_mixin.py:190} INFO - [2025-01-31T16:09:29.499+0000] {dag.py:3239} INFO - Sync 1 DAGs
[2025-01-31T16:09:29.521+0000] {logging_mixin.py:190} INFO - [2025-01-31T16:09:29.521+0000] {dag.py:4180} INFO - Setting next_dagrun for Temp_elt_postgres to 2025-01-22 00:00:00+00:00, run_after=2025-01-23 00:00:00+00:00
[2025-01-31T16:09:29.544+0000] {processor.py:208} INFO - Processing /opt/airflow/dags/weather_etl_postgres.py took 0.699 seconds
[2025-01-31T16:10:00.085+0000] {processor.py:186} INFO - Started process (PID=385) to work on /opt/airflow/dags/weather_etl_postgres.py
[2025-01-31T16:10:00.087+0000] {processor.py:914} INFO - Processing file /opt/airflow/dags/weather_etl_postgres.py for tasks to queue
[2025-01-31T16:10:00.090+0000] {logging_mixin.py:190} INFO - [2025-01-31T16:10:00.090+0000] {dagbag.py:588} INFO - Filling up the DagBag from /opt/airflow/dags/weather_etl_postgres.py
[2025-01-31T16:10:00.599+0000] {processor.py:925} INFO - DAG(s) 'Temp_elt_postgres' retrieved from /opt/airflow/dags/weather_etl_postgres.py
[2025-01-31T16:10:00.627+0000] {logging_mixin.py:190} INFO - [2025-01-31T16:10:00.626+0000] {dag.py:3239} INFO - Sync 1 DAGs
[2025-01-31T16:10:00.651+0000] {logging_mixin.py:190} INFO - [2025-01-31T16:10:00.651+0000] {dag.py:4180} INFO - Setting next_dagrun for Temp_elt_postgres to 2025-01-22 00:00:00+00:00, run_after=2025-01-23 00:00:00+00:00
[2025-01-31T16:10:00.676+0000] {processor.py:208} INFO - Processing /opt/airflow/dags/weather_etl_postgres.py took 0.598 seconds
[2025-01-31T19:05:19.155+0000] {processor.py:186} INFO - Started process (PID=196) to work on /opt/airflow/dags/weather_etl_postgres.py
[2025-01-31T19:05:19.158+0000] {processor.py:914} INFO - Processing file /opt/airflow/dags/weather_etl_postgres.py for tasks to queue
[2025-01-31T19:05:19.161+0000] {logging_mixin.py:190} INFO - [2025-01-31T19:05:19.160+0000] {dagbag.py:588} INFO - Filling up the DagBag from /opt/airflow/dags/weather_etl_postgres.py
[2025-01-31T19:05:19.713+0000] {processor.py:925} INFO - DAG(s) 'Temp_elt_postgres' retrieved from /opt/airflow/dags/weather_etl_postgres.py
[2025-01-31T19:05:19.754+0000] {logging_mixin.py:190} INFO - [2025-01-31T19:05:19.754+0000] {dag.py:3239} INFO - Sync 1 DAGs
[2025-01-31T19:05:19.776+0000] {logging_mixin.py:190} INFO - [2025-01-31T19:05:19.776+0000] {dag.py:4180} INFO - Setting next_dagrun for Temp_elt_postgres to 2025-01-22 00:00:00+00:00, run_after=2025-01-23 00:00:00+00:00
[2025-01-31T19:05:19.801+0000] {processor.py:208} INFO - Processing /opt/airflow/dags/weather_etl_postgres.py took 0.653 seconds
[2025-01-31T19:05:50.276+0000] {processor.py:186} INFO - Started process (PID=237) to work on /opt/airflow/dags/weather_etl_postgres.py
[2025-01-31T19:05:50.278+0000] {processor.py:914} INFO - Processing file /opt/airflow/dags/weather_etl_postgres.py for tasks to queue
[2025-01-31T19:05:50.285+0000] {logging_mixin.py:190} INFO - [2025-01-31T19:05:50.284+0000] {dagbag.py:588} INFO - Filling up the DagBag from /opt/airflow/dags/weather_etl_postgres.py
[2025-01-31T19:05:51.182+0000] {processor.py:925} INFO - DAG(s) 'Temp_elt_postgres' retrieved from /opt/airflow/dags/weather_etl_postgres.py
[2025-01-31T19:05:51.227+0000] {logging_mixin.py:190} INFO - [2025-01-31T19:05:51.226+0000] {dag.py:3239} INFO - Sync 1 DAGs
[2025-01-31T19:05:51.260+0000] {logging_mixin.py:190} INFO - [2025-01-31T19:05:51.260+0000] {dag.py:4180} INFO - Setting next_dagrun for Temp_elt_postgres to 2025-01-22 00:00:00+00:00, run_after=2025-01-23 00:00:00+00:00
[2025-01-31T19:05:51.287+0000] {processor.py:208} INFO - Processing /opt/airflow/dags/weather_etl_postgres.py took 1.019 seconds
[2025-01-31T19:06:21.838+0000] {processor.py:186} INFO - Started process (PID=260) to work on /opt/airflow/dags/weather_etl_postgres.py
[2025-01-31T19:06:21.839+0000] {processor.py:914} INFO - Processing file /opt/airflow/dags/weather_etl_postgres.py for tasks to queue
[2025-01-31T19:06:21.844+0000] {logging_mixin.py:190} INFO - [2025-01-31T19:06:21.844+0000] {dagbag.py:588} INFO - Filling up the DagBag from /opt/airflow/dags/weather_etl_postgres.py
[2025-01-31T19:06:22.744+0000] {processor.py:925} INFO - DAG(s) 'Temp_elt_postgres' retrieved from /opt/airflow/dags/weather_etl_postgres.py
[2025-01-31T19:06:22.792+0000] {logging_mixin.py:190} INFO - [2025-01-31T19:06:22.791+0000] {dag.py:3239} INFO - Sync 1 DAGs
[2025-01-31T19:06:22.857+0000] {logging_mixin.py:190} INFO - [2025-01-31T19:06:22.856+0000] {dag.py:4180} INFO - Setting next_dagrun for Temp_elt_postgres to 2025-01-22 00:00:00+00:00, run_after=2025-01-23 00:00:00+00:00
[2025-01-31T19:06:22.918+0000] {processor.py:208} INFO - Processing /opt/airflow/dags/weather_etl_postgres.py took 1.092 seconds
[2025-01-31T19:06:53.432+0000] {processor.py:186} INFO - Started process (PID=282) to work on /opt/airflow/dags/weather_etl_postgres.py
[2025-01-31T19:06:53.436+0000] {processor.py:914} INFO - Processing file /opt/airflow/dags/weather_etl_postgres.py for tasks to queue
[2025-01-31T19:06:53.440+0000] {logging_mixin.py:190} INFO - [2025-01-31T19:06:53.439+0000] {dagbag.py:588} INFO - Filling up the DagBag from /opt/airflow/dags/weather_etl_postgres.py
[2025-01-31T19:06:54.042+0000] {processor.py:925} INFO - DAG(s) 'Temp_elt_postgres' retrieved from /opt/airflow/dags/weather_etl_postgres.py
[2025-01-31T19:06:54.080+0000] {logging_mixin.py:190} INFO - [2025-01-31T19:06:54.080+0000] {dag.py:3239} INFO - Sync 1 DAGs
[2025-01-31T19:06:54.114+0000] {logging_mixin.py:190} INFO - [2025-01-31T19:06:54.113+0000] {dag.py:4180} INFO - Setting next_dagrun for Temp_elt_postgres to 2025-01-22 00:00:00+00:00, run_after=2025-01-23 00:00:00+00:00
[2025-01-31T19:06:54.141+0000] {processor.py:208} INFO - Processing /opt/airflow/dags/weather_etl_postgres.py took 0.716 seconds
[2025-01-31T19:07:24.631+0000] {processor.py:186} INFO - Started process (PID=304) to work on /opt/airflow/dags/weather_etl_postgres.py
[2025-01-31T19:07:24.634+0000] {processor.py:914} INFO - Processing file /opt/airflow/dags/weather_etl_postgres.py for tasks to queue
[2025-01-31T19:07:24.639+0000] {logging_mixin.py:190} INFO - [2025-01-31T19:07:24.638+0000] {dagbag.py:588} INFO - Filling up the DagBag from /opt/airflow/dags/weather_etl_postgres.py
[2025-01-31T19:07:25.207+0000] {processor.py:925} INFO - DAG(s) 'Temp_elt_postgres' retrieved from /opt/airflow/dags/weather_etl_postgres.py
[2025-01-31T19:07:25.241+0000] {logging_mixin.py:190} INFO - [2025-01-31T19:07:25.240+0000] {dag.py:3239} INFO - Sync 1 DAGs
[2025-01-31T19:07:25.269+0000] {logging_mixin.py:190} INFO - [2025-01-31T19:07:25.268+0000] {dag.py:4180} INFO - Setting next_dagrun for Temp_elt_postgres to 2025-01-22 00:00:00+00:00, run_after=2025-01-23 00:00:00+00:00
[2025-01-31T19:07:25.295+0000] {processor.py:208} INFO - Processing /opt/airflow/dags/weather_etl_postgres.py took 0.673 seconds
[2025-01-31T19:07:55.873+0000] {processor.py:186} INFO - Started process (PID=326) to work on /opt/airflow/dags/weather_etl_postgres.py
[2025-01-31T19:07:55.876+0000] {processor.py:914} INFO - Processing file /opt/airflow/dags/weather_etl_postgres.py for tasks to queue
[2025-01-31T19:07:55.880+0000] {logging_mixin.py:190} INFO - [2025-01-31T19:07:55.879+0000] {dagbag.py:588} INFO - Filling up the DagBag from /opt/airflow/dags/weather_etl_postgres.py
[2025-01-31T19:07:56.412+0000] {processor.py:925} INFO - DAG(s) 'Temp_elt_postgres' retrieved from /opt/airflow/dags/weather_etl_postgres.py
[2025-01-31T19:07:56.446+0000] {logging_mixin.py:190} INFO - [2025-01-31T19:07:56.445+0000] {dag.py:3239} INFO - Sync 1 DAGs
[2025-01-31T19:07:56.469+0000] {logging_mixin.py:190} INFO - [2025-01-31T19:07:56.469+0000] {dag.py:4180} INFO - Setting next_dagrun for Temp_elt_postgres to 2025-01-22 00:00:00+00:00, run_after=2025-01-23 00:00:00+00:00
[2025-01-31T19:07:56.495+0000] {processor.py:208} INFO - Processing /opt/airflow/dags/weather_etl_postgres.py took 0.629 seconds
[2025-01-31T19:08:27.061+0000] {processor.py:186} INFO - Started process (PID=349) to work on /opt/airflow/dags/weather_etl_postgres.py
[2025-01-31T19:08:27.062+0000] {processor.py:914} INFO - Processing file /opt/airflow/dags/weather_etl_postgres.py for tasks to queue
[2025-01-31T19:08:27.065+0000] {logging_mixin.py:190} INFO - [2025-01-31T19:08:27.065+0000] {dagbag.py:588} INFO - Filling up the DagBag from /opt/airflow/dags/weather_etl_postgres.py
[2025-01-31T19:08:27.590+0000] {processor.py:925} INFO - DAG(s) 'Temp_elt_postgres' retrieved from /opt/airflow/dags/weather_etl_postgres.py
[2025-01-31T19:08:27.618+0000] {logging_mixin.py:190} INFO - [2025-01-31T19:08:27.618+0000] {dag.py:3239} INFO - Sync 1 DAGs
[2025-01-31T19:08:27.641+0000] {logging_mixin.py:190} INFO - [2025-01-31T19:08:27.641+0000] {dag.py:4180} INFO - Setting next_dagrun for Temp_elt_postgres to 2025-01-22 00:00:00+00:00, run_after=2025-01-23 00:00:00+00:00
[2025-01-31T19:08:27.663+0000] {processor.py:208} INFO - Processing /opt/airflow/dags/weather_etl_postgres.py took 0.611 seconds
[2025-01-31T19:08:58.195+0000] {processor.py:186} INFO - Started process (PID=374) to work on /opt/airflow/dags/weather_etl_postgres.py
[2025-01-31T19:08:58.200+0000] {processor.py:914} INFO - Processing file /opt/airflow/dags/weather_etl_postgres.py for tasks to queue
[2025-01-31T19:08:58.204+0000] {logging_mixin.py:190} INFO - [2025-01-31T19:08:58.203+0000] {dagbag.py:588} INFO - Filling up the DagBag from /opt/airflow/dags/weather_etl_postgres.py
[2025-01-31T19:08:58.851+0000] {processor.py:925} INFO - DAG(s) 'Temp_elt_postgres' retrieved from /opt/airflow/dags/weather_etl_postgres.py
[2025-01-31T19:08:58.893+0000] {logging_mixin.py:190} INFO - [2025-01-31T19:08:58.893+0000] {dag.py:3239} INFO - Sync 1 DAGs
[2025-01-31T19:08:58.928+0000] {logging_mixin.py:190} INFO - [2025-01-31T19:08:58.928+0000] {dag.py:4180} INFO - Setting next_dagrun for Temp_elt_postgres to 2025-01-22 00:00:00+00:00, run_after=2025-01-23 00:00:00+00:00
[2025-01-31T19:08:58.957+0000] {processor.py:208} INFO - Processing /opt/airflow/dags/weather_etl_postgres.py took 0.772 seconds
[2025-01-31T19:09:29.561+0000] {processor.py:186} INFO - Started process (PID=402) to work on /opt/airflow/dags/weather_etl_postgres.py
[2025-01-31T19:09:29.563+0000] {processor.py:914} INFO - Processing file /opt/airflow/dags/weather_etl_postgres.py for tasks to queue
[2025-01-31T19:09:29.566+0000] {logging_mixin.py:190} INFO - [2025-01-31T19:09:29.565+0000] {dagbag.py:588} INFO - Filling up the DagBag from /opt/airflow/dags/weather_etl_postgres.py
[2025-01-31T19:09:30.092+0000] {processor.py:925} INFO - DAG(s) 'Temp_elt_postgres' retrieved from /opt/airflow/dags/weather_etl_postgres.py
[2025-01-31T19:09:30.124+0000] {logging_mixin.py:190} INFO - [2025-01-31T19:09:30.123+0000] {dag.py:3239} INFO - Sync 1 DAGs
[2025-01-31T19:09:30.150+0000] {logging_mixin.py:190} INFO - [2025-01-31T19:09:30.150+0000] {dag.py:4180} INFO - Setting next_dagrun for Temp_elt_postgres to 2025-01-22 00:00:00+00:00, run_after=2025-01-23 00:00:00+00:00
[2025-01-31T19:09:30.172+0000] {processor.py:208} INFO - Processing /opt/airflow/dags/weather_etl_postgres.py took 0.619 seconds
[2025-01-31T19:10:00.715+0000] {processor.py:186} INFO - Started process (PID=424) to work on /opt/airflow/dags/weather_etl_postgres.py
[2025-01-31T19:10:00.717+0000] {processor.py:914} INFO - Processing file /opt/airflow/dags/weather_etl_postgres.py for tasks to queue
[2025-01-31T19:10:00.720+0000] {logging_mixin.py:190} INFO - [2025-01-31T19:10:00.720+0000] {dagbag.py:588} INFO - Filling up the DagBag from /opt/airflow/dags/weather_etl_postgres.py
[2025-01-31T19:10:01.280+0000] {processor.py:925} INFO - DAG(s) 'Temp_elt_postgres' retrieved from /opt/airflow/dags/weather_etl_postgres.py
[2025-01-31T19:10:01.311+0000] {logging_mixin.py:190} INFO - [2025-01-31T19:10:01.310+0000] {dag.py:3239} INFO - Sync 1 DAGs
[2025-01-31T19:10:01.339+0000] {logging_mixin.py:190} INFO - [2025-01-31T19:10:01.339+0000] {dag.py:4180} INFO - Setting next_dagrun for Temp_elt_postgres to 2025-01-22 00:00:00+00:00, run_after=2025-01-23 00:00:00+00:00
[2025-01-31T19:10:01.367+0000] {processor.py:208} INFO - Processing /opt/airflow/dags/weather_etl_postgres.py took 0.659 seconds
[2025-01-31T19:10:31.910+0000] {processor.py:186} INFO - Started process (PID=446) to work on /opt/airflow/dags/weather_etl_postgres.py
[2025-01-31T19:10:31.911+0000] {processor.py:914} INFO - Processing file /opt/airflow/dags/weather_etl_postgres.py for tasks to queue
[2025-01-31T19:10:31.915+0000] {logging_mixin.py:190} INFO - [2025-01-31T19:10:31.914+0000] {dagbag.py:588} INFO - Filling up the DagBag from /opt/airflow/dags/weather_etl_postgres.py
[2025-01-31T19:10:32.468+0000] {processor.py:925} INFO - DAG(s) 'Temp_elt_postgres' retrieved from /opt/airflow/dags/weather_etl_postgres.py
[2025-01-31T19:10:32.497+0000] {logging_mixin.py:190} INFO - [2025-01-31T19:10:32.497+0000] {dag.py:3239} INFO - Sync 1 DAGs
[2025-01-31T19:10:32.523+0000] {logging_mixin.py:190} INFO - [2025-01-31T19:10:32.522+0000] {dag.py:4180} INFO - Setting next_dagrun for Temp_elt_postgres to 2025-01-22 00:00:00+00:00, run_after=2025-01-23 00:00:00+00:00
[2025-01-31T19:10:32.546+0000] {processor.py:208} INFO - Processing /opt/airflow/dags/weather_etl_postgres.py took 0.672 seconds
[2025-01-31T19:11:03.130+0000] {processor.py:186} INFO - Started process (PID=468) to work on /opt/airflow/dags/weather_etl_postgres.py
[2025-01-31T19:11:03.132+0000] {processor.py:914} INFO - Processing file /opt/airflow/dags/weather_etl_postgres.py for tasks to queue
[2025-01-31T19:11:03.134+0000] {logging_mixin.py:190} INFO - [2025-01-31T19:11:03.134+0000] {dagbag.py:588} INFO - Filling up the DagBag from /opt/airflow/dags/weather_etl_postgres.py
[2025-01-31T19:11:03.622+0000] {processor.py:925} INFO - DAG(s) 'Temp_elt_postgres' retrieved from /opt/airflow/dags/weather_etl_postgres.py
[2025-01-31T19:11:03.649+0000] {logging_mixin.py:190} INFO - [2025-01-31T19:11:03.649+0000] {dag.py:3239} INFO - Sync 1 DAGs
[2025-01-31T19:11:03.671+0000] {logging_mixin.py:190} INFO - [2025-01-31T19:11:03.671+0000] {dag.py:4180} INFO - Setting next_dagrun for Temp_elt_postgres to 2025-01-22 00:00:00+00:00, run_after=2025-01-23 00:00:00+00:00
[2025-01-31T19:11:03.693+0000] {processor.py:208} INFO - Processing /opt/airflow/dags/weather_etl_postgres.py took 0.569 seconds
[2025-01-31T19:11:34.217+0000] {processor.py:186} INFO - Started process (PID=490) to work on /opt/airflow/dags/weather_etl_postgres.py
[2025-01-31T19:11:34.218+0000] {processor.py:914} INFO - Processing file /opt/airflow/dags/weather_etl_postgres.py for tasks to queue
[2025-01-31T19:11:34.222+0000] {logging_mixin.py:190} INFO - [2025-01-31T19:11:34.221+0000] {dagbag.py:588} INFO - Filling up the DagBag from /opt/airflow/dags/weather_etl_postgres.py
[2025-01-31T19:11:34.789+0000] {processor.py:925} INFO - DAG(s) 'Temp_elt_postgres' retrieved from /opt/airflow/dags/weather_etl_postgres.py
[2025-01-31T19:11:34.817+0000] {logging_mixin.py:190} INFO - [2025-01-31T19:11:34.816+0000] {dag.py:3239} INFO - Sync 1 DAGs
[2025-01-31T19:11:34.845+0000] {logging_mixin.py:190} INFO - [2025-01-31T19:11:34.845+0000] {dag.py:4180} INFO - Setting next_dagrun for Temp_elt_postgres to 2025-01-22 00:00:00+00:00, run_after=2025-01-23 00:00:00+00:00
[2025-01-31T19:11:34.866+0000] {processor.py:208} INFO - Processing /opt/airflow/dags/weather_etl_postgres.py took 0.657 seconds
[2025-01-31T19:12:05.414+0000] {processor.py:186} INFO - Started process (PID=512) to work on /opt/airflow/dags/weather_etl_postgres.py
[2025-01-31T19:12:05.416+0000] {processor.py:914} INFO - Processing file /opt/airflow/dags/weather_etl_postgres.py for tasks to queue
[2025-01-31T19:12:05.418+0000] {logging_mixin.py:190} INFO - [2025-01-31T19:12:05.418+0000] {dagbag.py:588} INFO - Filling up the DagBag from /opt/airflow/dags/weather_etl_postgres.py
[2025-01-31T19:12:05.980+0000] {processor.py:925} INFO - DAG(s) 'Temp_elt_postgres' retrieved from /opt/airflow/dags/weather_etl_postgres.py
[2025-01-31T19:12:06.008+0000] {logging_mixin.py:190} INFO - [2025-01-31T19:12:06.008+0000] {dag.py:3239} INFO - Sync 1 DAGs
[2025-01-31T19:12:06.042+0000] {logging_mixin.py:190} INFO - [2025-01-31T19:12:06.042+0000] {dag.py:4180} INFO - Setting next_dagrun for Temp_elt_postgres to 2025-01-22 00:00:00+00:00, run_after=2025-01-23 00:00:00+00:00
[2025-01-31T19:12:06.071+0000] {processor.py:208} INFO - Processing /opt/airflow/dags/weather_etl_postgres.py took 0.665 seconds
[2025-01-31T19:12:36.608+0000] {processor.py:186} INFO - Started process (PID=534) to work on /opt/airflow/dags/weather_etl_postgres.py
[2025-01-31T19:12:36.609+0000] {processor.py:914} INFO - Processing file /opt/airflow/dags/weather_etl_postgres.py for tasks to queue
[2025-01-31T19:12:36.613+0000] {logging_mixin.py:190} INFO - [2025-01-31T19:12:36.613+0000] {dagbag.py:588} INFO - Filling up the DagBag from /opt/airflow/dags/weather_etl_postgres.py
[2025-01-31T19:12:37.139+0000] {processor.py:925} INFO - DAG(s) 'Temp_elt_postgres' retrieved from /opt/airflow/dags/weather_etl_postgres.py
[2025-01-31T19:12:37.165+0000] {logging_mixin.py:190} INFO - [2025-01-31T19:12:37.165+0000] {dag.py:3239} INFO - Sync 1 DAGs
[2025-01-31T19:12:37.189+0000] {logging_mixin.py:190} INFO - [2025-01-31T19:12:37.188+0000] {dag.py:4180} INFO - Setting next_dagrun for Temp_elt_postgres to 2025-01-22 00:00:00+00:00, run_after=2025-01-23 00:00:00+00:00
[2025-01-31T19:12:37.212+0000] {processor.py:208} INFO - Processing /opt/airflow/dags/weather_etl_postgres.py took 0.614 seconds
[2025-01-31T19:13:07.733+0000] {processor.py:186} INFO - Started process (PID=556) to work on /opt/airflow/dags/weather_etl_postgres.py
[2025-01-31T19:13:07.736+0000] {processor.py:914} INFO - Processing file /opt/airflow/dags/weather_etl_postgres.py for tasks to queue
[2025-01-31T19:13:07.740+0000] {logging_mixin.py:190} INFO - [2025-01-31T19:13:07.739+0000] {dagbag.py:588} INFO - Filling up the DagBag from /opt/airflow/dags/weather_etl_postgres.py
[2025-01-31T19:13:08.397+0000] {processor.py:925} INFO - DAG(s) 'Temp_elt_postgres' retrieved from /opt/airflow/dags/weather_etl_postgres.py
[2025-01-31T19:13:39.064+0000] {processor.py:186} INFO - Started process (PID=198) to work on /opt/airflow/dags/weather_etl_postgres.py
[2025-01-31T19:13:39.066+0000] {processor.py:914} INFO - Processing file /opt/airflow/dags/weather_etl_postgres.py for tasks to queue
[2025-01-31T19:13:39.069+0000] {logging_mixin.py:190} INFO - [2025-01-31T19:13:39.069+0000] {dagbag.py:588} INFO - Filling up the DagBag from /opt/airflow/dags/weather_etl_postgres.py
[2025-01-31T19:13:40.013+0000] {processor.py:925} INFO - DAG(s) 'Temp_elt_postgres' retrieved from /opt/airflow/dags/weather_etl_postgres.py
[2025-01-31T19:13:40.086+0000] {logging_mixin.py:190} INFO - [2025-01-31T19:13:40.085+0000] {dag.py:3239} INFO - Sync 1 DAGs
[2025-01-31T19:13:40.125+0000] {logging_mixin.py:190} INFO - [2025-01-31T19:13:40.125+0000] {dag.py:4180} INFO - Setting next_dagrun for Temp_elt_postgres to 2025-01-22 00:00:00+00:00, run_after=2025-01-23 00:00:00+00:00
[2025-01-31T19:13:40.149+0000] {processor.py:208} INFO - Processing /opt/airflow/dags/weather_etl_postgres.py took 1.095 seconds
[2025-01-31T19:14:10.843+0000] {processor.py:186} INFO - Started process (PID=247) to work on /opt/airflow/dags/weather_etl_postgres.py
[2025-01-31T19:14:10.845+0000] {processor.py:914} INFO - Processing file /opt/airflow/dags/weather_etl_postgres.py for tasks to queue
[2025-01-31T19:14:10.848+0000] {logging_mixin.py:190} INFO - [2025-01-31T19:14:10.847+0000] {dagbag.py:588} INFO - Filling up the DagBag from /opt/airflow/dags/weather_etl_postgres.py
[2025-01-31T19:14:11.652+0000] {processor.py:925} INFO - DAG(s) 'Temp_elt_postgres' retrieved from /opt/airflow/dags/weather_etl_postgres.py
[2025-01-31T19:14:11.688+0000] {logging_mixin.py:190} INFO - [2025-01-31T19:14:11.687+0000] {dag.py:3239} INFO - Sync 1 DAGs
[2025-01-31T19:14:11.716+0000] {logging_mixin.py:190} INFO - [2025-01-31T19:14:11.716+0000] {dag.py:4180} INFO - Setting next_dagrun for Temp_elt_postgres to 2025-01-22 00:00:00+00:00, run_after=2025-01-23 00:00:00+00:00
[2025-01-31T19:14:11.740+0000] {processor.py:208} INFO - Processing /opt/airflow/dags/weather_etl_postgres.py took 0.904 seconds
[2025-01-31T19:14:42.325+0000] {processor.py:186} INFO - Started process (PID=292) to work on /opt/airflow/dags/weather_etl_postgres.py
[2025-01-31T19:14:42.326+0000] {processor.py:914} INFO - Processing file /opt/airflow/dags/weather_etl_postgres.py for tasks to queue
[2025-01-31T19:14:42.329+0000] {logging_mixin.py:190} INFO - [2025-01-31T19:14:42.329+0000] {dagbag.py:588} INFO - Filling up the DagBag from /opt/airflow/dags/weather_etl_postgres.py
[2025-01-31T19:14:42.891+0000] {processor.py:925} INFO - DAG(s) 'Temp_elt_postgres' retrieved from /opt/airflow/dags/weather_etl_postgres.py
[2025-01-31T19:14:42.921+0000] {logging_mixin.py:190} INFO - [2025-01-31T19:14:42.921+0000] {dag.py:3239} INFO - Sync 1 DAGs
[2025-01-31T19:14:42.945+0000] {logging_mixin.py:190} INFO - [2025-01-31T19:14:42.944+0000] {dag.py:4180} INFO - Setting next_dagrun for Temp_elt_postgres to 2025-01-22 00:00:00+00:00, run_after=2025-01-23 00:00:00+00:00
[2025-01-31T19:14:42.971+0000] {processor.py:208} INFO - Processing /opt/airflow/dags/weather_etl_postgres.py took 0.656 seconds
[2025-01-31T19:15:13.640+0000] {processor.py:186} INFO - Started process (PID=319) to work on /opt/airflow/dags/weather_etl_postgres.py
[2025-01-31T19:15:13.642+0000] {processor.py:914} INFO - Processing file /opt/airflow/dags/weather_etl_postgres.py for tasks to queue
[2025-01-31T19:15:13.645+0000] {logging_mixin.py:190} INFO - [2025-01-31T19:15:13.644+0000] {dagbag.py:588} INFO - Filling up the DagBag from /opt/airflow/dags/weather_etl_postgres.py
[2025-01-31T19:15:14.232+0000] {processor.py:925} INFO - DAG(s) 'Temp_elt_postgres' retrieved from /opt/airflow/dags/weather_etl_postgres.py
[2025-01-31T19:15:14.269+0000] {logging_mixin.py:190} INFO - [2025-01-31T19:15:14.268+0000] {dag.py:3239} INFO - Sync 1 DAGs
[2025-01-31T19:15:14.293+0000] {logging_mixin.py:190} INFO - [2025-01-31T19:15:14.293+0000] {dag.py:4180} INFO - Setting next_dagrun for Temp_elt_postgres to 2025-01-22 00:00:00+00:00, run_after=2025-01-23 00:00:00+00:00
[2025-01-31T19:15:14.317+0000] {processor.py:208} INFO - Processing /opt/airflow/dags/weather_etl_postgres.py took 0.685 seconds
[2025-01-31T19:15:45.025+0000] {processor.py:186} INFO - Started process (PID=346) to work on /opt/airflow/dags/weather_etl_postgres.py
[2025-01-31T19:15:45.026+0000] {processor.py:914} INFO - Processing file /opt/airflow/dags/weather_etl_postgres.py for tasks to queue
[2025-01-31T19:15:45.030+0000] {logging_mixin.py:190} INFO - [2025-01-31T19:15:45.030+0000] {dagbag.py:588} INFO - Filling up the DagBag from /opt/airflow/dags/weather_etl_postgres.py
[2025-01-31T19:15:45.527+0000] {processor.py:925} INFO - DAG(s) 'Temp_elt_postgres' retrieved from /opt/airflow/dags/weather_etl_postgres.py
[2025-01-31T19:15:45.552+0000] {logging_mixin.py:190} INFO - [2025-01-31T19:15:45.551+0000] {dag.py:3239} INFO - Sync 1 DAGs
[2025-01-31T19:15:45.582+0000] {logging_mixin.py:190} INFO - [2025-01-31T19:15:45.582+0000] {dag.py:4180} INFO - Setting next_dagrun for Temp_elt_postgres to 2025-01-22 00:00:00+00:00, run_after=2025-01-23 00:00:00+00:00
[2025-01-31T19:15:45.610+0000] {processor.py:208} INFO - Processing /opt/airflow/dags/weather_etl_postgres.py took 0.593 seconds
[2025-01-31T19:16:16.171+0000] {processor.py:186} INFO - Started process (PID=373) to work on /opt/airflow/dags/weather_etl_postgres.py
[2025-01-31T19:16:16.173+0000] {processor.py:914} INFO - Processing file /opt/airflow/dags/weather_etl_postgres.py for tasks to queue
[2025-01-31T19:16:16.176+0000] {logging_mixin.py:190} INFO - [2025-01-31T19:16:16.175+0000] {dagbag.py:588} INFO - Filling up the DagBag from /opt/airflow/dags/weather_etl_postgres.py
[2025-01-31T19:16:16.703+0000] {processor.py:925} INFO - DAG(s) 'Temp_elt_postgres' retrieved from /opt/airflow/dags/weather_etl_postgres.py
[2025-01-31T19:16:16.731+0000] {logging_mixin.py:190} INFO - [2025-01-31T19:16:16.730+0000] {dag.py:3239} INFO - Sync 1 DAGs
[2025-01-31T19:16:16.753+0000] {logging_mixin.py:190} INFO - [2025-01-31T19:16:16.752+0000] {dag.py:4180} INFO - Setting next_dagrun for Temp_elt_postgres to 2025-01-22 00:00:00+00:00, run_after=2025-01-23 00:00:00+00:00
[2025-01-31T19:16:16.776+0000] {processor.py:208} INFO - Processing /opt/airflow/dags/weather_etl_postgres.py took 0.614 seconds
[2025-01-31T19:16:47.453+0000] {processor.py:186} INFO - Started process (PID=400) to work on /opt/airflow/dags/weather_etl_postgres.py
[2025-01-31T19:16:47.455+0000] {processor.py:914} INFO - Processing file /opt/airflow/dags/weather_etl_postgres.py for tasks to queue
[2025-01-31T19:16:47.458+0000] {logging_mixin.py:190} INFO - [2025-01-31T19:16:47.457+0000] {dagbag.py:588} INFO - Filling up the DagBag from /opt/airflow/dags/weather_etl_postgres.py
[2025-01-31T19:16:47.971+0000] {processor.py:925} INFO - DAG(s) 'Temp_elt_postgres' retrieved from /opt/airflow/dags/weather_etl_postgres.py
[2025-01-31T19:16:47.997+0000] {logging_mixin.py:190} INFO - [2025-01-31T19:16:47.997+0000] {dag.py:3239} INFO - Sync 1 DAGs
[2025-01-31T19:16:48.020+0000] {logging_mixin.py:190} INFO - [2025-01-31T19:16:48.019+0000] {dag.py:4180} INFO - Setting next_dagrun for Temp_elt_postgres to 2025-01-22 00:00:00+00:00, run_after=2025-01-23 00:00:00+00:00
[2025-01-31T19:16:48.044+0000] {processor.py:208} INFO - Processing /opt/airflow/dags/weather_etl_postgres.py took 0.598 seconds
