[2025-01-31T16:05:49.127+0000] {processor.py:186} INFO - Started process (PID=198) to work on /opt/airflow/dags/weather_etl_dag.py
[2025-01-31T16:05:49.130+0000] {processor.py:914} INFO - Processing file /opt/airflow/dags/weather_etl_dag.py for tasks to queue
[2025-01-31T16:05:49.138+0000] {logging_mixin.py:190} INFO - [2025-01-31T16:05:49.137+0000] {dagbag.py:588} INFO - Filling up the DagBag from /opt/airflow/dags/weather_etl_dag.py
[2025-01-31T16:05:50.662+0000] {processor.py:925} INFO - DAG(s) 'Temp_elt' retrieved from /opt/airflow/dags/weather_etl_dag.py
[2025-01-31T16:05:50.821+0000] {logging_mixin.py:190} INFO - [2025-01-31T16:05:50.820+0000] {override.py:1911} INFO - Created Permission View: can read on DAG:Temp_elt
[2025-01-31T16:05:50.836+0000] {logging_mixin.py:190} INFO - [2025-01-31T16:05:50.835+0000] {override.py:1911} INFO - Created Permission View: can delete on DAG:Temp_elt
[2025-01-31T16:05:50.848+0000] {logging_mixin.py:190} INFO - [2025-01-31T16:05:50.847+0000] {override.py:1911} INFO - Created Permission View: can edit on DAG:Temp_elt
[2025-01-31T16:05:50.861+0000] {logging_mixin.py:190} INFO - [2025-01-31T16:05:50.860+0000] {override.py:1911} INFO - Created Permission View: can read on DAG Run:Temp_elt
[2025-01-31T16:05:50.871+0000] {logging_mixin.py:190} INFO - [2025-01-31T16:05:50.871+0000] {override.py:1911} INFO - Created Permission View: can delete on DAG Run:Temp_elt
[2025-01-31T16:05:50.881+0000] {logging_mixin.py:190} INFO - [2025-01-31T16:05:50.881+0000] {override.py:1911} INFO - Created Permission View: menu access on DAG Run:Temp_elt
[2025-01-31T16:05:50.893+0000] {logging_mixin.py:190} INFO - [2025-01-31T16:05:50.892+0000] {override.py:1911} INFO - Created Permission View: can create on DAG Run:Temp_elt
[2025-01-31T16:05:50.895+0000] {logging_mixin.py:190} INFO - [2025-01-31T16:05:50.894+0000] {dag.py:3239} INFO - Sync 1 DAGs
[2025-01-31T16:05:50.909+0000] {logging_mixin.py:190} INFO - [2025-01-31T16:05:50.909+0000] {dag.py:3262} INFO - Creating ORM DAG for Temp_elt
[2025-01-31T16:05:50.925+0000] {logging_mixin.py:190} INFO - [2025-01-31T16:05:50.924+0000] {dag.py:4180} INFO - Setting next_dagrun for Temp_elt to 2025-01-03 00:00:00+00:00, run_after=2025-01-04 00:00:00+00:00
[2025-01-31T16:05:50.947+0000] {processor.py:208} INFO - Processing /opt/airflow/dags/weather_etl_dag.py took 1.833 seconds
[2025-01-31T16:06:21.823+0000] {processor.py:186} INFO - Started process (PID=228) to work on /opt/airflow/dags/weather_etl_dag.py
[2025-01-31T16:06:21.824+0000] {processor.py:914} INFO - Processing file /opt/airflow/dags/weather_etl_dag.py for tasks to queue
[2025-01-31T16:06:21.830+0000] {logging_mixin.py:190} INFO - [2025-01-31T16:06:21.830+0000] {dagbag.py:588} INFO - Filling up the DagBag from /opt/airflow/dags/weather_etl_dag.py
[2025-01-31T16:06:22.456+0000] {processor.py:925} INFO - DAG(s) 'Temp_elt' retrieved from /opt/airflow/dags/weather_etl_dag.py
[2025-01-31T16:06:22.486+0000] {logging_mixin.py:190} INFO - [2025-01-31T16:06:22.485+0000] {dag.py:3239} INFO - Sync 1 DAGs
[2025-01-31T16:06:22.509+0000] {logging_mixin.py:190} INFO - [2025-01-31T16:06:22.508+0000] {dag.py:4180} INFO - Setting next_dagrun for Temp_elt to 2025-01-03 00:00:00+00:00, run_after=2025-01-04 00:00:00+00:00
[2025-01-31T16:06:22.538+0000] {processor.py:208} INFO - Processing /opt/airflow/dags/weather_etl_dag.py took 0.722 seconds
[2025-01-31T16:06:53.073+0000] {processor.py:186} INFO - Started process (PID=250) to work on /opt/airflow/dags/weather_etl_dag.py
[2025-01-31T16:06:53.075+0000] {processor.py:914} INFO - Processing file /opt/airflow/dags/weather_etl_dag.py for tasks to queue
[2025-01-31T16:06:53.078+0000] {logging_mixin.py:190} INFO - [2025-01-31T16:06:53.078+0000] {dagbag.py:588} INFO - Filling up the DagBag from /opt/airflow/dags/weather_etl_dag.py
[2025-01-31T16:06:53.558+0000] {processor.py:925} INFO - DAG(s) 'Temp_elt' retrieved from /opt/airflow/dags/weather_etl_dag.py
[2025-01-31T16:06:53.587+0000] {logging_mixin.py:190} INFO - [2025-01-31T16:06:53.587+0000] {dag.py:3239} INFO - Sync 1 DAGs
[2025-01-31T16:06:53.611+0000] {logging_mixin.py:190} INFO - [2025-01-31T16:06:53.611+0000] {dag.py:4180} INFO - Setting next_dagrun for Temp_elt to 2025-01-03 00:00:00+00:00, run_after=2025-01-04 00:00:00+00:00
[2025-01-31T16:06:53.635+0000] {processor.py:208} INFO - Processing /opt/airflow/dags/weather_etl_dag.py took 0.569 seconds
[2025-01-31T16:07:24.157+0000] {processor.py:186} INFO - Started process (PID=272) to work on /opt/airflow/dags/weather_etl_dag.py
[2025-01-31T16:07:24.159+0000] {processor.py:914} INFO - Processing file /opt/airflow/dags/weather_etl_dag.py for tasks to queue
[2025-01-31T16:07:24.162+0000] {logging_mixin.py:190} INFO - [2025-01-31T16:07:24.162+0000] {dagbag.py:588} INFO - Filling up the DagBag from /opt/airflow/dags/weather_etl_dag.py
[2025-01-31T16:07:24.676+0000] {processor.py:925} INFO - DAG(s) 'Temp_elt' retrieved from /opt/airflow/dags/weather_etl_dag.py
[2025-01-31T16:07:24.702+0000] {logging_mixin.py:190} INFO - [2025-01-31T16:07:24.701+0000] {dag.py:3239} INFO - Sync 1 DAGs
[2025-01-31T16:07:24.728+0000] {logging_mixin.py:190} INFO - [2025-01-31T16:07:24.727+0000] {dag.py:4180} INFO - Setting next_dagrun for Temp_elt to 2025-01-03 00:00:00+00:00, run_after=2025-01-04 00:00:00+00:00
[2025-01-31T16:07:24.752+0000] {processor.py:208} INFO - Processing /opt/airflow/dags/weather_etl_dag.py took 0.602 seconds
[2025-01-31T16:07:55.297+0000] {processor.py:186} INFO - Started process (PID=294) to work on /opt/airflow/dags/weather_etl_dag.py
[2025-01-31T16:07:55.299+0000] {processor.py:914} INFO - Processing file /opt/airflow/dags/weather_etl_dag.py for tasks to queue
[2025-01-31T16:07:55.302+0000] {logging_mixin.py:190} INFO - [2025-01-31T16:07:55.301+0000] {dagbag.py:588} INFO - Filling up the DagBag from /opt/airflow/dags/weather_etl_dag.py
[2025-01-31T16:07:55.809+0000] {processor.py:925} INFO - DAG(s) 'Temp_elt' retrieved from /opt/airflow/dags/weather_etl_dag.py
[2025-01-31T16:07:55.834+0000] {logging_mixin.py:190} INFO - [2025-01-31T16:07:55.833+0000] {dag.py:3239} INFO - Sync 1 DAGs
[2025-01-31T16:07:55.855+0000] {logging_mixin.py:190} INFO - [2025-01-31T16:07:55.855+0000] {dag.py:4180} INFO - Setting next_dagrun for Temp_elt to 2025-01-03 00:00:00+00:00, run_after=2025-01-04 00:00:00+00:00
[2025-01-31T16:07:55.879+0000] {processor.py:208} INFO - Processing /opt/airflow/dags/weather_etl_dag.py took 0.590 seconds
[2025-01-31T16:08:26.429+0000] {processor.py:186} INFO - Started process (PID=316) to work on /opt/airflow/dags/weather_etl_dag.py
[2025-01-31T16:08:26.431+0000] {processor.py:914} INFO - Processing file /opt/airflow/dags/weather_etl_dag.py for tasks to queue
[2025-01-31T16:08:26.435+0000] {logging_mixin.py:190} INFO - [2025-01-31T16:08:26.435+0000] {dagbag.py:588} INFO - Filling up the DagBag from /opt/airflow/dags/weather_etl_dag.py
[2025-01-31T16:08:27.066+0000] {processor.py:925} INFO - DAG(s) 'Temp_elt' retrieved from /opt/airflow/dags/weather_etl_dag.py
[2025-01-31T16:08:27.090+0000] {logging_mixin.py:190} INFO - [2025-01-31T16:08:27.089+0000] {dag.py:3239} INFO - Sync 1 DAGs
[2025-01-31T16:08:27.112+0000] {logging_mixin.py:190} INFO - [2025-01-31T16:08:27.112+0000] {dag.py:4180} INFO - Setting next_dagrun for Temp_elt to 2025-01-03 00:00:00+00:00, run_after=2025-01-04 00:00:00+00:00
[2025-01-31T16:08:27.131+0000] {processor.py:208} INFO - Processing /opt/airflow/dags/weather_etl_dag.py took 0.722 seconds
[2025-01-31T16:08:57.715+0000] {processor.py:186} INFO - Started process (PID=338) to work on /opt/airflow/dags/weather_etl_dag.py
[2025-01-31T16:08:57.716+0000] {processor.py:914} INFO - Processing file /opt/airflow/dags/weather_etl_dag.py for tasks to queue
[2025-01-31T16:08:57.719+0000] {logging_mixin.py:190} INFO - [2025-01-31T16:08:57.719+0000] {dagbag.py:588} INFO - Filling up the DagBag from /opt/airflow/dags/weather_etl_dag.py
[2025-01-31T16:08:58.212+0000] {processor.py:925} INFO - DAG(s) 'Temp_elt' retrieved from /opt/airflow/dags/weather_etl_dag.py
[2025-01-31T16:08:58.239+0000] {logging_mixin.py:190} INFO - [2025-01-31T16:08:58.239+0000] {dag.py:3239} INFO - Sync 1 DAGs
[2025-01-31T16:08:58.261+0000] {logging_mixin.py:190} INFO - [2025-01-31T16:08:58.260+0000] {dag.py:4180} INFO - Setting next_dagrun for Temp_elt to 2025-01-03 00:00:00+00:00, run_after=2025-01-04 00:00:00+00:00
[2025-01-31T16:08:58.281+0000] {processor.py:208} INFO - Processing /opt/airflow/dags/weather_etl_dag.py took 0.574 seconds
[2025-01-31T16:09:28.861+0000] {processor.py:186} INFO - Started process (PID=366) to work on /opt/airflow/dags/weather_etl_dag.py
[2025-01-31T16:09:28.863+0000] {processor.py:914} INFO - Processing file /opt/airflow/dags/weather_etl_dag.py for tasks to queue
[2025-01-31T16:09:28.866+0000] {logging_mixin.py:190} INFO - [2025-01-31T16:09:28.866+0000] {dagbag.py:588} INFO - Filling up the DagBag from /opt/airflow/dags/weather_etl_dag.py
[2025-01-31T16:09:29.477+0000] {processor.py:925} INFO - DAG(s) 'Temp_elt' retrieved from /opt/airflow/dags/weather_etl_dag.py
[2025-01-31T16:09:29.503+0000] {logging_mixin.py:190} INFO - [2025-01-31T16:09:29.503+0000] {dag.py:3239} INFO - Sync 1 DAGs
[2025-01-31T16:09:29.525+0000] {logging_mixin.py:190} INFO - [2025-01-31T16:09:29.524+0000] {dag.py:4180} INFO - Setting next_dagrun for Temp_elt to 2025-01-03 00:00:00+00:00, run_after=2025-01-04 00:00:00+00:00
[2025-01-31T16:09:29.548+0000] {processor.py:208} INFO - Processing /opt/airflow/dags/weather_etl_dag.py took 0.694 seconds
[2025-01-31T16:10:00.092+0000] {processor.py:186} INFO - Started process (PID=388) to work on /opt/airflow/dags/weather_etl_dag.py
[2025-01-31T16:10:00.094+0000] {processor.py:914} INFO - Processing file /opt/airflow/dags/weather_etl_dag.py for tasks to queue
[2025-01-31T16:10:00.097+0000] {logging_mixin.py:190} INFO - [2025-01-31T16:10:00.097+0000] {dagbag.py:588} INFO - Filling up the DagBag from /opt/airflow/dags/weather_etl_dag.py
[2025-01-31T16:10:00.601+0000] {processor.py:925} INFO - DAG(s) 'Temp_elt' retrieved from /opt/airflow/dags/weather_etl_dag.py
[2025-01-31T16:10:00.629+0000] {logging_mixin.py:190} INFO - [2025-01-31T16:10:00.628+0000] {dag.py:3239} INFO - Sync 1 DAGs
[2025-01-31T16:10:00.651+0000] {logging_mixin.py:190} INFO - [2025-01-31T16:10:00.651+0000] {dag.py:4180} INFO - Setting next_dagrun for Temp_elt to 2025-01-03 00:00:00+00:00, run_after=2025-01-04 00:00:00+00:00
[2025-01-31T16:10:00.677+0000] {processor.py:208} INFO - Processing /opt/airflow/dags/weather_etl_dag.py took 0.593 seconds
[2025-01-31T19:05:19.162+0000] {processor.py:186} INFO - Started process (PID=199) to work on /opt/airflow/dags/weather_etl_dag.py
[2025-01-31T19:05:19.165+0000] {processor.py:914} INFO - Processing file /opt/airflow/dags/weather_etl_dag.py for tasks to queue
[2025-01-31T19:05:19.169+0000] {logging_mixin.py:190} INFO - [2025-01-31T19:05:19.168+0000] {dagbag.py:588} INFO - Filling up the DagBag from /opt/airflow/dags/weather_etl_dag.py
[2025-01-31T19:05:19.711+0000] {processor.py:925} INFO - DAG(s) 'Temp_elt' retrieved from /opt/airflow/dags/weather_etl_dag.py
[2025-01-31T19:05:19.753+0000] {logging_mixin.py:190} INFO - [2025-01-31T19:05:19.753+0000] {dag.py:3239} INFO - Sync 1 DAGs
[2025-01-31T19:05:19.775+0000] {logging_mixin.py:190} INFO - [2025-01-31T19:05:19.775+0000] {dag.py:4180} INFO - Setting next_dagrun for Temp_elt to 2025-01-03 00:00:00+00:00, run_after=2025-01-04 00:00:00+00:00
[2025-01-31T19:05:19.803+0000] {processor.py:208} INFO - Processing /opt/airflow/dags/weather_etl_dag.py took 0.646 seconds
[2025-01-31T19:05:50.305+0000] {processor.py:186} INFO - Started process (PID=240) to work on /opt/airflow/dags/weather_etl_dag.py
[2025-01-31T19:05:50.308+0000] {processor.py:914} INFO - Processing file /opt/airflow/dags/weather_etl_dag.py for tasks to queue
[2025-01-31T19:05:50.314+0000] {logging_mixin.py:190} INFO - [2025-01-31T19:05:50.314+0000] {dagbag.py:588} INFO - Filling up the DagBag from /opt/airflow/dags/weather_etl_dag.py
[2025-01-31T19:05:51.167+0000] {processor.py:925} INFO - DAG(s) 'Temp_elt' retrieved from /opt/airflow/dags/weather_etl_dag.py
[2025-01-31T19:05:51.211+0000] {logging_mixin.py:190} INFO - [2025-01-31T19:05:51.211+0000] {dag.py:3239} INFO - Sync 1 DAGs
[2025-01-31T19:05:51.243+0000] {logging_mixin.py:190} INFO - [2025-01-31T19:05:51.243+0000] {dag.py:4180} INFO - Setting next_dagrun for Temp_elt to 2025-01-03 00:00:00+00:00, run_after=2025-01-04 00:00:00+00:00
[2025-01-31T19:05:51.270+0000] {processor.py:208} INFO - Processing /opt/airflow/dags/weather_etl_dag.py took 0.983 seconds
[2025-01-31T19:06:21.844+0000] {processor.py:186} INFO - Started process (PID=263) to work on /opt/airflow/dags/weather_etl_dag.py
[2025-01-31T19:06:21.845+0000] {processor.py:914} INFO - Processing file /opt/airflow/dags/weather_etl_dag.py for tasks to queue
[2025-01-31T19:06:21.848+0000] {logging_mixin.py:190} INFO - [2025-01-31T19:06:21.848+0000] {dagbag.py:588} INFO - Filling up the DagBag from /opt/airflow/dags/weather_etl_dag.py
[2025-01-31T19:06:22.756+0000] {processor.py:925} INFO - DAG(s) 'Temp_elt' retrieved from /opt/airflow/dags/weather_etl_dag.py
[2025-01-31T19:06:22.805+0000] {logging_mixin.py:190} INFO - [2025-01-31T19:06:22.803+0000] {dag.py:3239} INFO - Sync 1 DAGs
[2025-01-31T19:06:22.859+0000] {logging_mixin.py:190} INFO - [2025-01-31T19:06:22.859+0000] {dag.py:4180} INFO - Setting next_dagrun for Temp_elt to 2025-01-03 00:00:00+00:00, run_after=2025-01-04 00:00:00+00:00
[2025-01-31T19:06:22.913+0000] {processor.py:208} INFO - Processing /opt/airflow/dags/weather_etl_dag.py took 1.078 seconds
[2025-01-31T19:06:53.436+0000] {processor.py:186} INFO - Started process (PID=285) to work on /opt/airflow/dags/weather_etl_dag.py
[2025-01-31T19:06:53.438+0000] {processor.py:914} INFO - Processing file /opt/airflow/dags/weather_etl_dag.py for tasks to queue
[2025-01-31T19:06:53.441+0000] {logging_mixin.py:190} INFO - [2025-01-31T19:06:53.440+0000] {dagbag.py:588} INFO - Filling up the DagBag from /opt/airflow/dags/weather_etl_dag.py
[2025-01-31T19:06:54.049+0000] {processor.py:925} INFO - DAG(s) 'Temp_elt' retrieved from /opt/airflow/dags/weather_etl_dag.py
[2025-01-31T19:06:54.076+0000] {logging_mixin.py:190} INFO - [2025-01-31T19:06:54.075+0000] {dag.py:3239} INFO - Sync 1 DAGs
[2025-01-31T19:06:54.113+0000] {logging_mixin.py:190} INFO - [2025-01-31T19:06:54.113+0000] {dag.py:4180} INFO - Setting next_dagrun for Temp_elt to 2025-01-03 00:00:00+00:00, run_after=2025-01-04 00:00:00+00:00
[2025-01-31T19:06:54.137+0000] {processor.py:208} INFO - Processing /opt/airflow/dags/weather_etl_dag.py took 0.708 seconds
[2025-01-31T19:07:24.639+0000] {processor.py:186} INFO - Started process (PID=307) to work on /opt/airflow/dags/weather_etl_dag.py
[2025-01-31T19:07:24.641+0000] {processor.py:914} INFO - Processing file /opt/airflow/dags/weather_etl_dag.py for tasks to queue
[2025-01-31T19:07:24.644+0000] {logging_mixin.py:190} INFO - [2025-01-31T19:07:24.644+0000] {dagbag.py:588} INFO - Filling up the DagBag from /opt/airflow/dags/weather_etl_dag.py
[2025-01-31T19:07:25.223+0000] {processor.py:925} INFO - DAG(s) 'Temp_elt' retrieved from /opt/airflow/dags/weather_etl_dag.py
[2025-01-31T19:07:25.246+0000] {logging_mixin.py:190} INFO - [2025-01-31T19:07:25.246+0000] {dag.py:3239} INFO - Sync 1 DAGs
[2025-01-31T19:07:25.271+0000] {logging_mixin.py:190} INFO - [2025-01-31T19:07:25.271+0000] {dag.py:4180} INFO - Setting next_dagrun for Temp_elt to 2025-01-03 00:00:00+00:00, run_after=2025-01-04 00:00:00+00:00
[2025-01-31T19:07:25.297+0000] {processor.py:208} INFO - Processing /opt/airflow/dags/weather_etl_dag.py took 0.667 seconds
[2025-01-31T19:07:55.878+0000] {processor.py:186} INFO - Started process (PID=329) to work on /opt/airflow/dags/weather_etl_dag.py
[2025-01-31T19:07:55.879+0000] {processor.py:914} INFO - Processing file /opt/airflow/dags/weather_etl_dag.py for tasks to queue
[2025-01-31T19:07:55.884+0000] {logging_mixin.py:190} INFO - [2025-01-31T19:07:55.883+0000] {dagbag.py:588} INFO - Filling up the DagBag from /opt/airflow/dags/weather_etl_dag.py
[2025-01-31T19:07:56.433+0000] {processor.py:925} INFO - DAG(s) 'Temp_elt' retrieved from /opt/airflow/dags/weather_etl_dag.py
[2025-01-31T19:07:56.459+0000] {logging_mixin.py:190} INFO - [2025-01-31T19:07:56.458+0000] {dag.py:3239} INFO - Sync 1 DAGs
[2025-01-31T19:07:56.486+0000] {logging_mixin.py:190} INFO - [2025-01-31T19:07:56.486+0000] {dag.py:4180} INFO - Setting next_dagrun for Temp_elt to 2025-01-03 00:00:00+00:00, run_after=2025-01-04 00:00:00+00:00
[2025-01-31T19:07:56.508+0000] {processor.py:208} INFO - Processing /opt/airflow/dags/weather_etl_dag.py took 0.638 seconds
[2025-01-31T19:08:27.068+0000] {processor.py:186} INFO - Started process (PID=352) to work on /opt/airflow/dags/weather_etl_dag.py
[2025-01-31T19:08:27.070+0000] {processor.py:914} INFO - Processing file /opt/airflow/dags/weather_etl_dag.py for tasks to queue
[2025-01-31T19:08:27.073+0000] {logging_mixin.py:190} INFO - [2025-01-31T19:08:27.073+0000] {dagbag.py:588} INFO - Filling up the DagBag from /opt/airflow/dags/weather_etl_dag.py
[2025-01-31T19:08:27.594+0000] {processor.py:925} INFO - DAG(s) 'Temp_elt' retrieved from /opt/airflow/dags/weather_etl_dag.py
[2025-01-31T19:08:27.622+0000] {logging_mixin.py:190} INFO - [2025-01-31T19:08:27.622+0000] {dag.py:3239} INFO - Sync 1 DAGs
[2025-01-31T19:08:27.644+0000] {logging_mixin.py:190} INFO - [2025-01-31T19:08:27.643+0000] {dag.py:4180} INFO - Setting next_dagrun for Temp_elt to 2025-01-03 00:00:00+00:00, run_after=2025-01-04 00:00:00+00:00
[2025-01-31T19:08:27.666+0000] {processor.py:208} INFO - Processing /opt/airflow/dags/weather_etl_dag.py took 0.605 seconds
[2025-01-31T19:08:58.202+0000] {processor.py:186} INFO - Started process (PID=377) to work on /opt/airflow/dags/weather_etl_dag.py
[2025-01-31T19:08:58.205+0000] {processor.py:914} INFO - Processing file /opt/airflow/dags/weather_etl_dag.py for tasks to queue
[2025-01-31T19:08:58.209+0000] {logging_mixin.py:190} INFO - [2025-01-31T19:08:58.209+0000] {dagbag.py:588} INFO - Filling up the DagBag from /opt/airflow/dags/weather_etl_dag.py
[2025-01-31T19:08:58.866+0000] {processor.py:925} INFO - DAG(s) 'Temp_elt' retrieved from /opt/airflow/dags/weather_etl_dag.py
[2025-01-31T19:08:58.904+0000] {logging_mixin.py:190} INFO - [2025-01-31T19:08:58.903+0000] {dag.py:3239} INFO - Sync 1 DAGs
[2025-01-31T19:08:58.941+0000] {logging_mixin.py:190} INFO - [2025-01-31T19:08:58.941+0000] {dag.py:4180} INFO - Setting next_dagrun for Temp_elt to 2025-01-03 00:00:00+00:00, run_after=2025-01-04 00:00:00+00:00
[2025-01-31T19:08:58.972+0000] {processor.py:208} INFO - Processing /opt/airflow/dags/weather_etl_dag.py took 0.780 seconds
[2025-01-31T19:09:29.568+0000] {processor.py:186} INFO - Started process (PID=405) to work on /opt/airflow/dags/weather_etl_dag.py
[2025-01-31T19:09:29.570+0000] {processor.py:914} INFO - Processing file /opt/airflow/dags/weather_etl_dag.py for tasks to queue
[2025-01-31T19:09:29.574+0000] {logging_mixin.py:190} INFO - [2025-01-31T19:09:29.574+0000] {dagbag.py:588} INFO - Filling up the DagBag from /opt/airflow/dags/weather_etl_dag.py
[2025-01-31T19:09:30.096+0000] {processor.py:925} INFO - DAG(s) 'Temp_elt' retrieved from /opt/airflow/dags/weather_etl_dag.py
[2025-01-31T19:09:30.120+0000] {logging_mixin.py:190} INFO - [2025-01-31T19:09:30.120+0000] {dag.py:3239} INFO - Sync 1 DAGs
[2025-01-31T19:09:30.142+0000] {logging_mixin.py:190} INFO - [2025-01-31T19:09:30.141+0000] {dag.py:4180} INFO - Setting next_dagrun for Temp_elt to 2025-01-03 00:00:00+00:00, run_after=2025-01-04 00:00:00+00:00
[2025-01-31T19:09:30.163+0000] {processor.py:208} INFO - Processing /opt/airflow/dags/weather_etl_dag.py took 0.602 seconds
[2025-01-31T19:10:00.721+0000] {processor.py:186} INFO - Started process (PID=427) to work on /opt/airflow/dags/weather_etl_dag.py
[2025-01-31T19:10:00.723+0000] {processor.py:914} INFO - Processing file /opt/airflow/dags/weather_etl_dag.py for tasks to queue
[2025-01-31T19:10:00.725+0000] {logging_mixin.py:190} INFO - [2025-01-31T19:10:00.725+0000] {dagbag.py:588} INFO - Filling up the DagBag from /opt/airflow/dags/weather_etl_dag.py
[2025-01-31T19:10:01.293+0000] {processor.py:925} INFO - DAG(s) 'Temp_elt' retrieved from /opt/airflow/dags/weather_etl_dag.py
[2025-01-31T19:10:01.317+0000] {logging_mixin.py:190} INFO - [2025-01-31T19:10:01.316+0000] {dag.py:3239} INFO - Sync 1 DAGs
[2025-01-31T19:10:01.339+0000] {logging_mixin.py:190} INFO - [2025-01-31T19:10:01.338+0000] {dag.py:4180} INFO - Setting next_dagrun for Temp_elt to 2025-01-03 00:00:00+00:00, run_after=2025-01-04 00:00:00+00:00
[2025-01-31T19:10:01.367+0000] {processor.py:208} INFO - Processing /opt/airflow/dags/weather_etl_dag.py took 0.654 seconds
[2025-01-31T19:10:31.916+0000] {processor.py:186} INFO - Started process (PID=449) to work on /opt/airflow/dags/weather_etl_dag.py
[2025-01-31T19:10:31.917+0000] {processor.py:914} INFO - Processing file /opt/airflow/dags/weather_etl_dag.py for tasks to queue
[2025-01-31T19:10:31.921+0000] {logging_mixin.py:190} INFO - [2025-01-31T19:10:31.920+0000] {dagbag.py:588} INFO - Filling up the DagBag from /opt/airflow/dags/weather_etl_dag.py
[2025-01-31T19:10:32.470+0000] {processor.py:925} INFO - DAG(s) 'Temp_elt' retrieved from /opt/airflow/dags/weather_etl_dag.py
[2025-01-31T19:10:32.495+0000] {logging_mixin.py:190} INFO - [2025-01-31T19:10:32.494+0000] {dag.py:3239} INFO - Sync 1 DAGs
[2025-01-31T19:10:32.524+0000] {logging_mixin.py:190} INFO - [2025-01-31T19:10:32.524+0000] {dag.py:4180} INFO - Setting next_dagrun for Temp_elt to 2025-01-03 00:00:00+00:00, run_after=2025-01-04 00:00:00+00:00
[2025-01-31T19:10:32.549+0000] {processor.py:208} INFO - Processing /opt/airflow/dags/weather_etl_dag.py took 0.668 seconds
[2025-01-31T19:11:03.137+0000] {processor.py:186} INFO - Started process (PID=471) to work on /opt/airflow/dags/weather_etl_dag.py
[2025-01-31T19:11:03.139+0000] {processor.py:914} INFO - Processing file /opt/airflow/dags/weather_etl_dag.py for tasks to queue
[2025-01-31T19:11:03.141+0000] {logging_mixin.py:190} INFO - [2025-01-31T19:11:03.141+0000] {dagbag.py:588} INFO - Filling up the DagBag from /opt/airflow/dags/weather_etl_dag.py
[2025-01-31T19:11:03.627+0000] {processor.py:925} INFO - DAG(s) 'Temp_elt' retrieved from /opt/airflow/dags/weather_etl_dag.py
[2025-01-31T19:11:03.651+0000] {logging_mixin.py:190} INFO - [2025-01-31T19:11:03.651+0000] {dag.py:3239} INFO - Sync 1 DAGs
[2025-01-31T19:11:03.671+0000] {logging_mixin.py:190} INFO - [2025-01-31T19:11:03.671+0000] {dag.py:4180} INFO - Setting next_dagrun for Temp_elt to 2025-01-03 00:00:00+00:00, run_after=2025-01-04 00:00:00+00:00
[2025-01-31T19:11:03.693+0000] {processor.py:208} INFO - Processing /opt/airflow/dags/weather_etl_dag.py took 0.564 seconds
[2025-01-31T19:11:34.225+0000] {processor.py:186} INFO - Started process (PID=493) to work on /opt/airflow/dags/weather_etl_dag.py
[2025-01-31T19:11:34.228+0000] {processor.py:914} INFO - Processing file /opt/airflow/dags/weather_etl_dag.py for tasks to queue
[2025-01-31T19:11:34.232+0000] {logging_mixin.py:190} INFO - [2025-01-31T19:11:34.231+0000] {dagbag.py:588} INFO - Filling up the DagBag from /opt/airflow/dags/weather_etl_dag.py
[2025-01-31T19:11:34.801+0000] {processor.py:925} INFO - DAG(s) 'Temp_elt' retrieved from /opt/airflow/dags/weather_etl_dag.py
[2025-01-31T19:11:34.832+0000] {logging_mixin.py:190} INFO - [2025-01-31T19:11:34.831+0000] {dag.py:3239} INFO - Sync 1 DAGs
[2025-01-31T19:11:34.857+0000] {logging_mixin.py:190} INFO - [2025-01-31T19:11:34.857+0000] {dag.py:4180} INFO - Setting next_dagrun for Temp_elt to 2025-01-03 00:00:00+00:00, run_after=2025-01-04 00:00:00+00:00
[2025-01-31T19:11:34.878+0000] {processor.py:208} INFO - Processing /opt/airflow/dags/weather_etl_dag.py took 0.661 seconds
[2025-01-31T19:12:05.420+0000] {processor.py:186} INFO - Started process (PID=515) to work on /opt/airflow/dags/weather_etl_dag.py
[2025-01-31T19:12:05.421+0000] {processor.py:914} INFO - Processing file /opt/airflow/dags/weather_etl_dag.py for tasks to queue
[2025-01-31T19:12:05.425+0000] {logging_mixin.py:190} INFO - [2025-01-31T19:12:05.424+0000] {dagbag.py:588} INFO - Filling up the DagBag from /opt/airflow/dags/weather_etl_dag.py
[2025-01-31T19:12:05.970+0000] {processor.py:925} INFO - DAG(s) 'Temp_elt' retrieved from /opt/airflow/dags/weather_etl_dag.py
[2025-01-31T19:12:05.997+0000] {logging_mixin.py:190} INFO - [2025-01-31T19:12:05.996+0000] {dag.py:3239} INFO - Sync 1 DAGs
[2025-01-31T19:12:06.028+0000] {logging_mixin.py:190} INFO - [2025-01-31T19:12:06.028+0000] {dag.py:4180} INFO - Setting next_dagrun for Temp_elt to 2025-01-03 00:00:00+00:00, run_after=2025-01-04 00:00:00+00:00
[2025-01-31T19:12:06.059+0000] {processor.py:208} INFO - Processing /opt/airflow/dags/weather_etl_dag.py took 0.646 seconds
[2025-01-31T19:12:36.616+0000] {processor.py:186} INFO - Started process (PID=537) to work on /opt/airflow/dags/weather_etl_dag.py
[2025-01-31T19:12:36.617+0000] {processor.py:914} INFO - Processing file /opt/airflow/dags/weather_etl_dag.py for tasks to queue
[2025-01-31T19:12:36.623+0000] {logging_mixin.py:190} INFO - [2025-01-31T19:12:36.622+0000] {dagbag.py:588} INFO - Filling up the DagBag from /opt/airflow/dags/weather_etl_dag.py
[2025-01-31T19:12:37.139+0000] {processor.py:925} INFO - DAG(s) 'Temp_elt' retrieved from /opt/airflow/dags/weather_etl_dag.py
[2025-01-31T19:12:37.165+0000] {logging_mixin.py:190} INFO - [2025-01-31T19:12:37.165+0000] {dag.py:3239} INFO - Sync 1 DAGs
[2025-01-31T19:12:37.187+0000] {logging_mixin.py:190} INFO - [2025-01-31T19:12:37.187+0000] {dag.py:4180} INFO - Setting next_dagrun for Temp_elt to 2025-01-03 00:00:00+00:00, run_after=2025-01-04 00:00:00+00:00
[2025-01-31T19:12:37.211+0000] {processor.py:208} INFO - Processing /opt/airflow/dags/weather_etl_dag.py took 0.603 seconds
[2025-01-31T19:13:07.743+0000] {processor.py:186} INFO - Started process (PID=559) to work on /opt/airflow/dags/weather_etl_dag.py
[2025-01-31T19:13:07.744+0000] {processor.py:914} INFO - Processing file /opt/airflow/dags/weather_etl_dag.py for tasks to queue
[2025-01-31T19:13:07.749+0000] {logging_mixin.py:190} INFO - [2025-01-31T19:13:07.748+0000] {dagbag.py:588} INFO - Filling up the DagBag from /opt/airflow/dags/weather_etl_dag.py
[2025-01-31T19:13:08.397+0000] {processor.py:925} INFO - DAG(s) 'Temp_elt' retrieved from /opt/airflow/dags/weather_etl_dag.py
[2025-01-31T19:13:39.386+0000] {processor.py:186} INFO - Started process (PID=204) to work on /opt/airflow/dags/weather_etl_dag.py
[2025-01-31T19:13:39.388+0000] {processor.py:914} INFO - Processing file /opt/airflow/dags/weather_etl_dag.py for tasks to queue
[2025-01-31T19:13:39.392+0000] {logging_mixin.py:190} INFO - [2025-01-31T19:13:39.392+0000] {dagbag.py:588} INFO - Filling up the DagBag from /opt/airflow/dags/weather_etl_dag.py
[2025-01-31T19:13:40.308+0000] {processor.py:925} INFO - DAG(s) 'Temp_elt' retrieved from /opt/airflow/dags/weather_etl_dag.py
[2025-01-31T19:13:40.350+0000] {logging_mixin.py:190} INFO - [2025-01-31T19:13:40.349+0000] {dag.py:3239} INFO - Sync 1 DAGs
[2025-01-31T19:13:40.395+0000] {logging_mixin.py:190} INFO - [2025-01-31T19:13:40.395+0000] {dag.py:4180} INFO - Setting next_dagrun for Temp_elt to 2025-01-03 00:00:00+00:00, run_after=2025-01-04 00:00:00+00:00
[2025-01-31T19:13:40.424+0000] {processor.py:208} INFO - Processing /opt/airflow/dags/weather_etl_dag.py took 1.050 seconds
[2025-01-31T19:14:10.849+0000] {processor.py:186} INFO - Started process (PID=250) to work on /opt/airflow/dags/weather_etl_dag.py
[2025-01-31T19:14:10.851+0000] {processor.py:914} INFO - Processing file /opt/airflow/dags/weather_etl_dag.py for tasks to queue
[2025-01-31T19:14:10.854+0000] {logging_mixin.py:190} INFO - [2025-01-31T19:14:10.854+0000] {dagbag.py:588} INFO - Filling up the DagBag from /opt/airflow/dags/weather_etl_dag.py
[2025-01-31T19:14:11.658+0000] {processor.py:925} INFO - DAG(s) 'Temp_elt' retrieved from /opt/airflow/dags/weather_etl_dag.py
[2025-01-31T19:14:11.692+0000] {logging_mixin.py:190} INFO - [2025-01-31T19:14:11.691+0000] {dag.py:3239} INFO - Sync 1 DAGs
[2025-01-31T19:14:11.718+0000] {logging_mixin.py:190} INFO - [2025-01-31T19:14:11.718+0000] {dag.py:4180} INFO - Setting next_dagrun for Temp_elt to 2025-01-03 00:00:00+00:00, run_after=2025-01-04 00:00:00+00:00
[2025-01-31T19:14:11.741+0000] {processor.py:208} INFO - Processing /opt/airflow/dags/weather_etl_dag.py took 0.900 seconds
[2025-01-31T19:14:42.332+0000] {processor.py:186} INFO - Started process (PID=295) to work on /opt/airflow/dags/weather_etl_dag.py
[2025-01-31T19:14:42.334+0000] {processor.py:914} INFO - Processing file /opt/airflow/dags/weather_etl_dag.py for tasks to queue
[2025-01-31T19:14:42.337+0000] {logging_mixin.py:190} INFO - [2025-01-31T19:14:42.337+0000] {dagbag.py:588} INFO - Filling up the DagBag from /opt/airflow/dags/weather_etl_dag.py
[2025-01-31T19:14:42.903+0000] {processor.py:925} INFO - DAG(s) 'Temp_elt' retrieved from /opt/airflow/dags/weather_etl_dag.py
[2025-01-31T19:14:42.931+0000] {logging_mixin.py:190} INFO - [2025-01-31T19:14:42.930+0000] {dag.py:3239} INFO - Sync 1 DAGs
[2025-01-31T19:14:42.955+0000] {logging_mixin.py:190} INFO - [2025-01-31T19:14:42.955+0000] {dag.py:4180} INFO - Setting next_dagrun for Temp_elt to 2025-01-03 00:00:00+00:00, run_after=2025-01-04 00:00:00+00:00
[2025-01-31T19:14:42.983+0000] {processor.py:208} INFO - Processing /opt/airflow/dags/weather_etl_dag.py took 0.660 seconds
[2025-01-31T19:15:13.645+0000] {processor.py:186} INFO - Started process (PID=321) to work on /opt/airflow/dags/weather_etl_dag.py
[2025-01-31T19:15:13.647+0000] {processor.py:914} INFO - Processing file /opt/airflow/dags/weather_etl_dag.py for tasks to queue
[2025-01-31T19:15:13.652+0000] {logging_mixin.py:190} INFO - [2025-01-31T19:15:13.651+0000] {dagbag.py:588} INFO - Filling up the DagBag from /opt/airflow/dags/weather_etl_dag.py
[2025-01-31T19:15:14.246+0000] {processor.py:925} INFO - DAG(s) 'Temp_elt' retrieved from /opt/airflow/dags/weather_etl_dag.py
[2025-01-31T19:15:14.275+0000] {logging_mixin.py:190} INFO - [2025-01-31T19:15:14.274+0000] {dag.py:3239} INFO - Sync 1 DAGs
[2025-01-31T19:15:14.302+0000] {logging_mixin.py:190} INFO - [2025-01-31T19:15:14.302+0000] {dag.py:4180} INFO - Setting next_dagrun for Temp_elt to 2025-01-03 00:00:00+00:00, run_after=2025-01-04 00:00:00+00:00
[2025-01-31T19:15:14.332+0000] {processor.py:208} INFO - Processing /opt/airflow/dags/weather_etl_dag.py took 0.695 seconds
[2025-01-31T19:15:45.034+0000] {processor.py:186} INFO - Started process (PID=349) to work on /opt/airflow/dags/weather_etl_dag.py
[2025-01-31T19:15:45.035+0000] {processor.py:914} INFO - Processing file /opt/airflow/dags/weather_etl_dag.py for tasks to queue
[2025-01-31T19:15:45.039+0000] {logging_mixin.py:190} INFO - [2025-01-31T19:15:45.038+0000] {dagbag.py:588} INFO - Filling up the DagBag from /opt/airflow/dags/weather_etl_dag.py
[2025-01-31T19:15:45.526+0000] {processor.py:925} INFO - DAG(s) 'Temp_elt' retrieved from /opt/airflow/dags/weather_etl_dag.py
[2025-01-31T19:15:45.550+0000] {logging_mixin.py:190} INFO - [2025-01-31T19:15:45.550+0000] {dag.py:3239} INFO - Sync 1 DAGs
[2025-01-31T19:15:45.581+0000] {logging_mixin.py:190} INFO - [2025-01-31T19:15:45.581+0000] {dag.py:4180} INFO - Setting next_dagrun for Temp_elt to 2025-01-03 00:00:00+00:00, run_after=2025-01-04 00:00:00+00:00
[2025-01-31T19:15:45.613+0000] {processor.py:208} INFO - Processing /opt/airflow/dags/weather_etl_dag.py took 0.587 seconds
[2025-01-31T19:16:16.180+0000] {processor.py:186} INFO - Started process (PID=376) to work on /opt/airflow/dags/weather_etl_dag.py
[2025-01-31T19:16:16.181+0000] {processor.py:914} INFO - Processing file /opt/airflow/dags/weather_etl_dag.py for tasks to queue
[2025-01-31T19:16:16.184+0000] {logging_mixin.py:190} INFO - [2025-01-31T19:16:16.184+0000] {dagbag.py:588} INFO - Filling up the DagBag from /opt/airflow/dags/weather_etl_dag.py
[2025-01-31T19:16:16.701+0000] {processor.py:925} INFO - DAG(s) 'Temp_elt' retrieved from /opt/airflow/dags/weather_etl_dag.py
[2025-01-31T19:16:16.726+0000] {logging_mixin.py:190} INFO - [2025-01-31T19:16:16.726+0000] {dag.py:3239} INFO - Sync 1 DAGs
[2025-01-31T19:16:16.748+0000] {logging_mixin.py:190} INFO - [2025-01-31T19:16:16.748+0000] {dag.py:4180} INFO - Setting next_dagrun for Temp_elt to 2025-01-03 00:00:00+00:00, run_after=2025-01-04 00:00:00+00:00
[2025-01-31T19:16:16.771+0000] {processor.py:208} INFO - Processing /opt/airflow/dags/weather_etl_dag.py took 0.599 seconds
[2025-01-31T19:16:47.461+0000] {processor.py:186} INFO - Started process (PID=403) to work on /opt/airflow/dags/weather_etl_dag.py
[2025-01-31T19:16:47.462+0000] {processor.py:914} INFO - Processing file /opt/airflow/dags/weather_etl_dag.py for tasks to queue
[2025-01-31T19:16:47.465+0000] {logging_mixin.py:190} INFO - [2025-01-31T19:16:47.465+0000] {dagbag.py:588} INFO - Filling up the DagBag from /opt/airflow/dags/weather_etl_dag.py
[2025-01-31T19:16:47.971+0000] {processor.py:925} INFO - DAG(s) 'Temp_elt' retrieved from /opt/airflow/dags/weather_etl_dag.py
[2025-01-31T19:16:47.997+0000] {logging_mixin.py:190} INFO - [2025-01-31T19:16:47.997+0000] {dag.py:3239} INFO - Sync 1 DAGs
[2025-01-31T19:16:48.020+0000] {logging_mixin.py:190} INFO - [2025-01-31T19:16:48.019+0000] {dag.py:4180} INFO - Setting next_dagrun for Temp_elt to 2025-01-03 00:00:00+00:00, run_after=2025-01-04 00:00:00+00:00
[2025-01-31T19:16:48.041+0000] {processor.py:208} INFO - Processing /opt/airflow/dags/weather_etl_dag.py took 0.588 seconds
