[2025-01-04T17:24:42.409+0100] {processor.py:186} INFO - Started process (PID=98158) to work on /Users/azeez.ganiyu/airflow_venv/lib/python3.9/site-packages/airflow/example_dags/example_trigger_target_dag.py
[2025-01-04T17:24:42.416+0100] {processor.py:914} INFO - Processing file /Users/azeez.ganiyu/airflow_venv/lib/python3.9/site-packages/airflow/example_dags/example_trigger_target_dag.py for tasks to queue
[2025-01-04T17:24:42.417+0100] {logging_mixin.py:190} INFO - [2025-01-04T17:24:42.417+0100] {dagbag.py:588} INFO - Filling up the DagBag from /Users/azeez.ganiyu/airflow_venv/lib/python3.9/site-packages/airflow/example_dags/example_trigger_target_dag.py
[2025-01-04T17:24:42.479+0100] {processor.py:925} INFO - DAG(s) 'example_trigger_target_dag' retrieved from /Users/azeez.ganiyu/airflow_venv/lib/python3.9/site-packages/airflow/example_dags/example_trigger_target_dag.py
[2025-01-04T17:24:42.642+0100] {logging_mixin.py:190} INFO - [2025-01-04T17:24:42.642+0100] {dag.py:3239} INFO - Sync 1 DAGs
[2025-01-04T17:24:42.653+0100] {logging_mixin.py:190} INFO - [2025-01-04T17:24:42.652+0100] {dag.py:4180} INFO - Setting next_dagrun for example_trigger_target_dag to None, run_after=None
[2025-01-04T17:24:42.673+0100] {processor.py:208} INFO - Processing /Users/azeez.ganiyu/airflow_venv/lib/python3.9/site-packages/airflow/example_dags/example_trigger_target_dag.py took 0.273 seconds
[2025-01-04T17:28:21.460+0100] {processor.py:186} INFO - Started process (PID=98903) to work on /Users/azeez.ganiyu/airflow_venv/lib/python3.9/site-packages/airflow/example_dags/example_trigger_target_dag.py
[2025-01-04T17:28:21.464+0100] {processor.py:914} INFO - Processing file /Users/azeez.ganiyu/airflow_venv/lib/python3.9/site-packages/airflow/example_dags/example_trigger_target_dag.py for tasks to queue
[2025-01-04T17:28:21.466+0100] {logging_mixin.py:190} INFO - [2025-01-04T17:28:21.466+0100] {dagbag.py:588} INFO - Filling up the DagBag from /Users/azeez.ganiyu/airflow_venv/lib/python3.9/site-packages/airflow/example_dags/example_trigger_target_dag.py
[2025-01-04T17:28:21.532+0100] {processor.py:925} INFO - DAG(s) 'example_trigger_target_dag' retrieved from /Users/azeez.ganiyu/airflow_venv/lib/python3.9/site-packages/airflow/example_dags/example_trigger_target_dag.py
[2025-01-04T17:28:21.694+0100] {logging_mixin.py:190} INFO - [2025-01-04T17:28:21.694+0100] {dag.py:3239} INFO - Sync 1 DAGs
[2025-01-04T17:28:21.706+0100] {logging_mixin.py:190} INFO - [2025-01-04T17:28:21.706+0100] {dag.py:4180} INFO - Setting next_dagrun for example_trigger_target_dag to None, run_after=None
[2025-01-04T17:28:21.728+0100] {processor.py:208} INFO - Processing /Users/azeez.ganiyu/airflow_venv/lib/python3.9/site-packages/airflow/example_dags/example_trigger_target_dag.py took 0.277 seconds
[2025-01-04T17:31:22.322+0100] {processor.py:186} INFO - Started process (PID=99511) to work on /Users/azeez.ganiyu/airflow_venv/lib/python3.9/site-packages/airflow/example_dags/example_trigger_target_dag.py
[2025-01-04T17:31:22.331+0100] {processor.py:914} INFO - Processing file /Users/azeez.ganiyu/airflow_venv/lib/python3.9/site-packages/airflow/example_dags/example_trigger_target_dag.py for tasks to queue
[2025-01-04T17:31:22.332+0100] {logging_mixin.py:190} INFO - [2025-01-04T17:31:22.332+0100] {dagbag.py:588} INFO - Filling up the DagBag from /Users/azeez.ganiyu/airflow_venv/lib/python3.9/site-packages/airflow/example_dags/example_trigger_target_dag.py
[2025-01-04T17:31:22.390+0100] {processor.py:925} INFO - DAG(s) 'example_trigger_target_dag' retrieved from /Users/azeez.ganiyu/airflow_venv/lib/python3.9/site-packages/airflow/example_dags/example_trigger_target_dag.py
[2025-01-04T17:31:22.534+0100] {logging_mixin.py:190} INFO - [2025-01-04T17:31:22.534+0100] {dag.py:3239} INFO - Sync 1 DAGs
[2025-01-04T17:31:22.544+0100] {logging_mixin.py:190} INFO - [2025-01-04T17:31:22.544+0100] {dag.py:4180} INFO - Setting next_dagrun for example_trigger_target_dag to None, run_after=None
[2025-01-04T17:31:22.565+0100] {processor.py:208} INFO - Processing /Users/azeez.ganiyu/airflow_venv/lib/python3.9/site-packages/airflow/example_dags/example_trigger_target_dag.py took 0.251 seconds
[2025-01-04T17:34:17.158+0100] {processor.py:186} INFO - Started process (PID=289) to work on /Users/azeez.ganiyu/airflow_venv/lib/python3.9/site-packages/airflow/example_dags/example_trigger_target_dag.py
[2025-01-04T17:34:17.163+0100] {processor.py:914} INFO - Processing file /Users/azeez.ganiyu/airflow_venv/lib/python3.9/site-packages/airflow/example_dags/example_trigger_target_dag.py for tasks to queue
[2025-01-04T17:34:17.164+0100] {logging_mixin.py:190} INFO - [2025-01-04T17:34:17.164+0100] {dagbag.py:588} INFO - Filling up the DagBag from /Users/azeez.ganiyu/airflow_venv/lib/python3.9/site-packages/airflow/example_dags/example_trigger_target_dag.py
[2025-01-04T17:34:17.219+0100] {processor.py:925} INFO - DAG(s) 'example_trigger_target_dag' retrieved from /Users/azeez.ganiyu/airflow_venv/lib/python3.9/site-packages/airflow/example_dags/example_trigger_target_dag.py
[2025-01-04T17:34:17.352+0100] {logging_mixin.py:190} INFO - [2025-01-04T17:34:17.352+0100] {dag.py:3239} INFO - Sync 1 DAGs
[2025-01-04T17:34:17.361+0100] {logging_mixin.py:190} INFO - [2025-01-04T17:34:17.361+0100] {dag.py:4180} INFO - Setting next_dagrun for example_trigger_target_dag to None, run_after=None
[2025-01-04T17:34:17.381+0100] {processor.py:208} INFO - Processing /Users/azeez.ganiyu/airflow_venv/lib/python3.9/site-packages/airflow/example_dags/example_trigger_target_dag.py took 0.231 seconds
[2025-01-04T17:37:15.715+0100] {processor.py:186} INFO - Started process (PID=1147) to work on /Users/azeez.ganiyu/airflow_venv/lib/python3.9/site-packages/airflow/example_dags/example_trigger_target_dag.py
[2025-01-04T17:37:15.720+0100] {processor.py:914} INFO - Processing file /Users/azeez.ganiyu/airflow_venv/lib/python3.9/site-packages/airflow/example_dags/example_trigger_target_dag.py for tasks to queue
[2025-01-04T17:37:15.721+0100] {logging_mixin.py:190} INFO - [2025-01-04T17:37:15.721+0100] {dagbag.py:588} INFO - Filling up the DagBag from /Users/azeez.ganiyu/airflow_venv/lib/python3.9/site-packages/airflow/example_dags/example_trigger_target_dag.py
[2025-01-04T17:37:15.777+0100] {processor.py:925} INFO - DAG(s) 'example_trigger_target_dag' retrieved from /Users/azeez.ganiyu/airflow_venv/lib/python3.9/site-packages/airflow/example_dags/example_trigger_target_dag.py
[2025-01-04T17:37:15.915+0100] {logging_mixin.py:190} INFO - [2025-01-04T17:37:15.915+0100] {dag.py:3239} INFO - Sync 1 DAGs
[2025-01-04T17:37:15.924+0100] {logging_mixin.py:190} INFO - [2025-01-04T17:37:15.924+0100] {dag.py:4180} INFO - Setting next_dagrun for example_trigger_target_dag to None, run_after=None
[2025-01-04T17:37:15.945+0100] {processor.py:208} INFO - Processing /Users/azeez.ganiyu/airflow_venv/lib/python3.9/site-packages/airflow/example_dags/example_trigger_target_dag.py took 0.239 seconds
[2025-01-04T17:40:14.025+0100] {processor.py:186} INFO - Started process (PID=1752) to work on /Users/azeez.ganiyu/airflow_venv/lib/python3.9/site-packages/airflow/example_dags/example_trigger_target_dag.py
[2025-01-04T17:40:14.030+0100] {processor.py:914} INFO - Processing file /Users/azeez.ganiyu/airflow_venv/lib/python3.9/site-packages/airflow/example_dags/example_trigger_target_dag.py for tasks to queue
[2025-01-04T17:40:14.031+0100] {logging_mixin.py:190} INFO - [2025-01-04T17:40:14.031+0100] {dagbag.py:588} INFO - Filling up the DagBag from /Users/azeez.ganiyu/airflow_venv/lib/python3.9/site-packages/airflow/example_dags/example_trigger_target_dag.py
[2025-01-04T17:40:14.085+0100] {processor.py:925} INFO - DAG(s) 'example_trigger_target_dag' retrieved from /Users/azeez.ganiyu/airflow_venv/lib/python3.9/site-packages/airflow/example_dags/example_trigger_target_dag.py
[2025-01-04T17:40:14.222+0100] {logging_mixin.py:190} INFO - [2025-01-04T17:40:14.222+0100] {dag.py:3239} INFO - Sync 1 DAGs
[2025-01-04T17:40:14.232+0100] {logging_mixin.py:190} INFO - [2025-01-04T17:40:14.232+0100] {dag.py:4180} INFO - Setting next_dagrun for example_trigger_target_dag to None, run_after=None
[2025-01-04T17:40:14.252+0100] {processor.py:208} INFO - Processing /Users/azeez.ganiyu/airflow_venv/lib/python3.9/site-packages/airflow/example_dags/example_trigger_target_dag.py took 0.235 seconds
[2025-01-04T17:45:07.217+0100] {processor.py:186} INFO - Started process (PID=3058) to work on /Users/azeez.ganiyu/airflow_venv/lib/python3.9/site-packages/airflow/example_dags/example_trigger_target_dag.py
[2025-01-04T17:45:07.223+0100] {processor.py:914} INFO - Processing file /Users/azeez.ganiyu/airflow_venv/lib/python3.9/site-packages/airflow/example_dags/example_trigger_target_dag.py for tasks to queue
[2025-01-04T17:45:07.224+0100] {logging_mixin.py:190} INFO - [2025-01-04T17:45:07.224+0100] {dagbag.py:588} INFO - Filling up the DagBag from /Users/azeez.ganiyu/airflow_venv/lib/python3.9/site-packages/airflow/example_dags/example_trigger_target_dag.py
[2025-01-04T17:45:07.279+0100] {processor.py:925} INFO - DAG(s) 'example_trigger_target_dag' retrieved from /Users/azeez.ganiyu/airflow_venv/lib/python3.9/site-packages/airflow/example_dags/example_trigger_target_dag.py
[2025-01-04T17:45:07.419+0100] {logging_mixin.py:190} INFO - [2025-01-04T17:45:07.419+0100] {dag.py:3239} INFO - Sync 1 DAGs
[2025-01-04T17:45:07.430+0100] {logging_mixin.py:190} INFO - [2025-01-04T17:45:07.430+0100] {dag.py:4180} INFO - Setting next_dagrun for example_trigger_target_dag to None, run_after=None
[2025-01-04T17:45:07.449+0100] {processor.py:208} INFO - Processing /Users/azeez.ganiyu/airflow_venv/lib/python3.9/site-packages/airflow/example_dags/example_trigger_target_dag.py took 0.239 seconds
