[2025-01-04T17:24:57.427+0100] {processor.py:186} INFO - Started process (PID=98201) to work on /Users/azeez.ganiyu/airflow_venv/lib/python3.9/site-packages/airflow/example_dags/example_task_group.py
[2025-01-04T17:24:57.433+0100] {processor.py:914} INFO - Processing file /Users/azeez.ganiyu/airflow_venv/lib/python3.9/site-packages/airflow/example_dags/example_task_group.py for tasks to queue
[2025-01-04T17:24:57.434+0100] {logging_mixin.py:190} INFO - [2025-01-04T17:24:57.434+0100] {dagbag.py:588} INFO - Filling up the DagBag from /Users/azeez.ganiyu/airflow_venv/lib/python3.9/site-packages/airflow/example_dags/example_task_group.py
[2025-01-04T17:24:57.451+0100] {processor.py:925} INFO - DAG(s) 'example_task_group' retrieved from /Users/azeez.ganiyu/airflow_venv/lib/python3.9/site-packages/airflow/example_dags/example_task_group.py
[2025-01-04T17:24:57.591+0100] {logging_mixin.py:190} INFO - [2025-01-04T17:24:57.591+0100] {dag.py:3239} INFO - Sync 1 DAGs
[2025-01-04T17:24:57.599+0100] {logging_mixin.py:190} INFO - [2025-01-04T17:24:57.599+0100] {dag.py:4180} INFO - Setting next_dagrun for example_task_group to None, run_after=None
[2025-01-04T17:24:57.618+0100] {processor.py:208} INFO - Processing /Users/azeez.ganiyu/airflow_venv/lib/python3.9/site-packages/airflow/example_dags/example_task_group.py took 0.200 seconds
[2025-01-04T17:28:38.441+0100] {processor.py:186} INFO - Started process (PID=98951) to work on /Users/azeez.ganiyu/airflow_venv/lib/python3.9/site-packages/airflow/example_dags/example_task_group.py
[2025-01-04T17:28:38.447+0100] {processor.py:914} INFO - Processing file /Users/azeez.ganiyu/airflow_venv/lib/python3.9/site-packages/airflow/example_dags/example_task_group.py for tasks to queue
[2025-01-04T17:28:38.449+0100] {logging_mixin.py:190} INFO - [2025-01-04T17:28:38.448+0100] {dagbag.py:588} INFO - Filling up the DagBag from /Users/azeez.ganiyu/airflow_venv/lib/python3.9/site-packages/airflow/example_dags/example_task_group.py
[2025-01-04T17:28:38.469+0100] {processor.py:925} INFO - DAG(s) 'example_task_group' retrieved from /Users/azeez.ganiyu/airflow_venv/lib/python3.9/site-packages/airflow/example_dags/example_task_group.py
[2025-01-04T17:28:38.643+0100] {logging_mixin.py:190} INFO - [2025-01-04T17:28:38.643+0100] {dag.py:3239} INFO - Sync 1 DAGs
[2025-01-04T17:28:38.655+0100] {logging_mixin.py:190} INFO - [2025-01-04T17:28:38.655+0100] {dag.py:4180} INFO - Setting next_dagrun for example_task_group to None, run_after=None
[2025-01-04T17:28:38.677+0100] {processor.py:208} INFO - Processing /Users/azeez.ganiyu/airflow_venv/lib/python3.9/site-packages/airflow/example_dags/example_task_group.py took 0.244 seconds
[2025-01-04T17:31:37.656+0100] {processor.py:186} INFO - Started process (PID=99568) to work on /Users/azeez.ganiyu/airflow_venv/lib/python3.9/site-packages/airflow/example_dags/example_task_group.py
[2025-01-04T17:31:37.660+0100] {processor.py:914} INFO - Processing file /Users/azeez.ganiyu/airflow_venv/lib/python3.9/site-packages/airflow/example_dags/example_task_group.py for tasks to queue
[2025-01-04T17:31:37.662+0100] {logging_mixin.py:190} INFO - [2025-01-04T17:31:37.661+0100] {dagbag.py:588} INFO - Filling up the DagBag from /Users/azeez.ganiyu/airflow_venv/lib/python3.9/site-packages/airflow/example_dags/example_task_group.py
[2025-01-04T17:31:37.678+0100] {processor.py:925} INFO - DAG(s) 'example_task_group' retrieved from /Users/azeez.ganiyu/airflow_venv/lib/python3.9/site-packages/airflow/example_dags/example_task_group.py
[2025-01-04T17:31:37.819+0100] {logging_mixin.py:190} INFO - [2025-01-04T17:31:37.818+0100] {dag.py:3239} INFO - Sync 1 DAGs
[2025-01-04T17:31:37.828+0100] {logging_mixin.py:190} INFO - [2025-01-04T17:31:37.827+0100] {dag.py:4180} INFO - Setting next_dagrun for example_task_group to None, run_after=None
[2025-01-04T17:31:37.848+0100] {processor.py:208} INFO - Processing /Users/azeez.ganiyu/airflow_venv/lib/python3.9/site-packages/airflow/example_dags/example_task_group.py took 0.200 seconds
[2025-01-04T17:34:31.448+0100] {processor.py:186} INFO - Started process (PID=371) to work on /Users/azeez.ganiyu/airflow_venv/lib/python3.9/site-packages/airflow/example_dags/example_task_group.py
[2025-01-04T17:34:31.454+0100] {processor.py:914} INFO - Processing file /Users/azeez.ganiyu/airflow_venv/lib/python3.9/site-packages/airflow/example_dags/example_task_group.py for tasks to queue
[2025-01-04T17:34:31.455+0100] {logging_mixin.py:190} INFO - [2025-01-04T17:34:31.455+0100] {dagbag.py:588} INFO - Filling up the DagBag from /Users/azeez.ganiyu/airflow_venv/lib/python3.9/site-packages/airflow/example_dags/example_task_group.py
[2025-01-04T17:34:31.474+0100] {processor.py:925} INFO - DAG(s) 'example_task_group' retrieved from /Users/azeez.ganiyu/airflow_venv/lib/python3.9/site-packages/airflow/example_dags/example_task_group.py
[2025-01-04T17:34:31.650+0100] {logging_mixin.py:190} INFO - [2025-01-04T17:34:31.650+0100] {dag.py:3239} INFO - Sync 1 DAGs
[2025-01-04T17:34:31.659+0100] {logging_mixin.py:190} INFO - [2025-01-04T17:34:31.659+0100] {dag.py:4180} INFO - Setting next_dagrun for example_task_group to None, run_after=None
[2025-01-04T17:34:31.679+0100] {processor.py:208} INFO - Processing /Users/azeez.ganiyu/airflow_venv/lib/python3.9/site-packages/airflow/example_dags/example_task_group.py took 0.240 seconds
[2025-01-04T17:37:28.394+0100] {processor.py:186} INFO - Started process (PID=1195) to work on /Users/azeez.ganiyu/airflow_venv/lib/python3.9/site-packages/airflow/example_dags/example_task_group.py
[2025-01-04T17:37:28.400+0100] {processor.py:914} INFO - Processing file /Users/azeez.ganiyu/airflow_venv/lib/python3.9/site-packages/airflow/example_dags/example_task_group.py for tasks to queue
[2025-01-04T17:37:28.401+0100] {logging_mixin.py:190} INFO - [2025-01-04T17:37:28.401+0100] {dagbag.py:588} INFO - Filling up the DagBag from /Users/azeez.ganiyu/airflow_venv/lib/python3.9/site-packages/airflow/example_dags/example_task_group.py
[2025-01-04T17:37:28.418+0100] {processor.py:925} INFO - DAG(s) 'example_task_group' retrieved from /Users/azeez.ganiyu/airflow_venv/lib/python3.9/site-packages/airflow/example_dags/example_task_group.py
[2025-01-04T17:37:28.578+0100] {logging_mixin.py:190} INFO - [2025-01-04T17:37:28.578+0100] {dag.py:3239} INFO - Sync 1 DAGs
[2025-01-04T17:37:28.586+0100] {logging_mixin.py:190} INFO - [2025-01-04T17:37:28.586+0100] {dag.py:4180} INFO - Setting next_dagrun for example_task_group to None, run_after=None
[2025-01-04T17:37:28.608+0100] {processor.py:208} INFO - Processing /Users/azeez.ganiyu/airflow_venv/lib/python3.9/site-packages/airflow/example_dags/example_task_group.py took 0.223 seconds
[2025-01-04T17:40:28.893+0100] {processor.py:186} INFO - Started process (PID=1805) to work on /Users/azeez.ganiyu/airflow_venv/lib/python3.9/site-packages/airflow/example_dags/example_task_group.py
[2025-01-04T17:40:28.899+0100] {processor.py:914} INFO - Processing file /Users/azeez.ganiyu/airflow_venv/lib/python3.9/site-packages/airflow/example_dags/example_task_group.py for tasks to queue
[2025-01-04T17:40:28.900+0100] {logging_mixin.py:190} INFO - [2025-01-04T17:40:28.900+0100] {dagbag.py:588} INFO - Filling up the DagBag from /Users/azeez.ganiyu/airflow_venv/lib/python3.9/site-packages/airflow/example_dags/example_task_group.py
[2025-01-04T17:40:28.917+0100] {processor.py:925} INFO - DAG(s) 'example_task_group' retrieved from /Users/azeez.ganiyu/airflow_venv/lib/python3.9/site-packages/airflow/example_dags/example_task_group.py
[2025-01-04T17:40:29.064+0100] {logging_mixin.py:190} INFO - [2025-01-04T17:40:29.064+0100] {dag.py:3239} INFO - Sync 1 DAGs
[2025-01-04T17:40:29.073+0100] {logging_mixin.py:190} INFO - [2025-01-04T17:40:29.073+0100] {dag.py:4180} INFO - Setting next_dagrun for example_task_group to None, run_after=None
[2025-01-04T17:40:29.096+0100] {processor.py:208} INFO - Processing /Users/azeez.ganiyu/airflow_venv/lib/python3.9/site-packages/airflow/example_dags/example_task_group.py took 0.211 seconds
[2025-01-04T17:45:24.820+0100] {processor.py:186} INFO - Started process (PID=3124) to work on /Users/azeez.ganiyu/airflow_venv/lib/python3.9/site-packages/airflow/example_dags/example_task_group.py
[2025-01-04T17:45:24.825+0100] {processor.py:914} INFO - Processing file /Users/azeez.ganiyu/airflow_venv/lib/python3.9/site-packages/airflow/example_dags/example_task_group.py for tasks to queue
[2025-01-04T17:45:24.826+0100] {logging_mixin.py:190} INFO - [2025-01-04T17:45:24.826+0100] {dagbag.py:588} INFO - Filling up the DagBag from /Users/azeez.ganiyu/airflow_venv/lib/python3.9/site-packages/airflow/example_dags/example_task_group.py
[2025-01-04T17:45:24.844+0100] {processor.py:925} INFO - DAG(s) 'example_task_group' retrieved from /Users/azeez.ganiyu/airflow_venv/lib/python3.9/site-packages/airflow/example_dags/example_task_group.py
[2025-01-04T17:45:24.982+0100] {logging_mixin.py:190} INFO - [2025-01-04T17:45:24.982+0100] {dag.py:3239} INFO - Sync 1 DAGs
[2025-01-04T17:45:24.991+0100] {logging_mixin.py:190} INFO - [2025-01-04T17:45:24.990+0100] {dag.py:4180} INFO - Setting next_dagrun for example_task_group to None, run_after=None
[2025-01-04T17:45:25.011+0100] {processor.py:208} INFO - Processing /Users/azeez.ganiyu/airflow_venv/lib/python3.9/site-packages/airflow/example_dags/example_task_group.py took 0.198 seconds
