[2025-01-04T17:26:24.791+0100] {processor.py:186} INFO - Started process (PID=98496) to work on /Users/azeez.ganiyu/airflow_venv/lib/python3.9/site-packages/airflow/example_dags/example_dynamic_task_mapping.py
[2025-01-04T17:26:24.795+0100] {processor.py:914} INFO - Processing file /Users/azeez.ganiyu/airflow_venv/lib/python3.9/site-packages/airflow/example_dags/example_dynamic_task_mapping.py for tasks to queue
[2025-01-04T17:26:24.796+0100] {logging_mixin.py:190} INFO - [2025-01-04T17:26:24.796+0100] {dagbag.py:588} INFO - Filling up the DagBag from /Users/azeez.ganiyu/airflow_venv/lib/python3.9/site-packages/airflow/example_dags/example_dynamic_task_mapping.py
[2025-01-04T17:26:24.853+0100] {processor.py:925} INFO - DAG(s) 'example_dynamic_task_mapping' retrieved from /Users/azeez.ganiyu/airflow_venv/lib/python3.9/site-packages/airflow/example_dags/example_dynamic_task_mapping.py
[2025-01-04T17:26:24.991+0100] {logging_mixin.py:190} INFO - [2025-01-04T17:26:24.990+0100] {dag.py:3239} INFO - Sync 1 DAGs
[2025-01-04T17:26:25.000+0100] {logging_mixin.py:190} INFO - [2025-01-04T17:26:25.000+0100] {dag.py:4180} INFO - Setting next_dagrun for example_dynamic_task_mapping to None, run_after=None
[2025-01-04T17:26:25.019+0100] {processor.py:208} INFO - Processing /Users/azeez.ganiyu/airflow_venv/lib/python3.9/site-packages/airflow/example_dags/example_dynamic_task_mapping.py took 0.236 seconds
[2025-01-04T17:30:08.754+0100] {processor.py:186} INFO - Started process (PID=99282) to work on /Users/azeez.ganiyu/airflow_venv/lib/python3.9/site-packages/airflow/example_dags/example_dynamic_task_mapping.py
[2025-01-04T17:30:08.759+0100] {processor.py:914} INFO - Processing file /Users/azeez.ganiyu/airflow_venv/lib/python3.9/site-packages/airflow/example_dags/example_dynamic_task_mapping.py for tasks to queue
[2025-01-04T17:30:08.760+0100] {logging_mixin.py:190} INFO - [2025-01-04T17:30:08.760+0100] {dagbag.py:588} INFO - Filling up the DagBag from /Users/azeez.ganiyu/airflow_venv/lib/python3.9/site-packages/airflow/example_dags/example_dynamic_task_mapping.py
[2025-01-04T17:30:08.813+0100] {processor.py:925} INFO - DAG(s) 'example_dynamic_task_mapping' retrieved from /Users/azeez.ganiyu/airflow_venv/lib/python3.9/site-packages/airflow/example_dags/example_dynamic_task_mapping.py
[2025-01-04T17:30:08.944+0100] {logging_mixin.py:190} INFO - [2025-01-04T17:30:08.944+0100] {dag.py:3239} INFO - Sync 1 DAGs
[2025-01-04T17:30:08.953+0100] {logging_mixin.py:190} INFO - [2025-01-04T17:30:08.953+0100] {dag.py:4180} INFO - Setting next_dagrun for example_dynamic_task_mapping to None, run_after=None
[2025-01-04T17:30:08.972+0100] {processor.py:208} INFO - Processing /Users/azeez.ganiyu/airflow_venv/lib/python3.9/site-packages/airflow/example_dags/example_dynamic_task_mapping.py took 0.226 seconds
[2025-01-04T17:35:59.536+0100] {processor.py:186} INFO - Started process (PID=695) to work on /Users/azeez.ganiyu/airflow_venv/lib/python3.9/site-packages/airflow/example_dags/example_dynamic_task_mapping.py
[2025-01-04T17:35:59.542+0100] {processor.py:914} INFO - Processing file /Users/azeez.ganiyu/airflow_venv/lib/python3.9/site-packages/airflow/example_dags/example_dynamic_task_mapping.py for tasks to queue
[2025-01-04T17:35:59.543+0100] {logging_mixin.py:190} INFO - [2025-01-04T17:35:59.543+0100] {dagbag.py:588} INFO - Filling up the DagBag from /Users/azeez.ganiyu/airflow_venv/lib/python3.9/site-packages/airflow/example_dags/example_dynamic_task_mapping.py
[2025-01-04T17:35:59.599+0100] {processor.py:925} INFO - DAG(s) 'example_dynamic_task_mapping' retrieved from /Users/azeez.ganiyu/airflow_venv/lib/python3.9/site-packages/airflow/example_dags/example_dynamic_task_mapping.py
[2025-01-04T17:35:59.743+0100] {logging_mixin.py:190} INFO - [2025-01-04T17:35:59.742+0100] {dag.py:3239} INFO - Sync 1 DAGs
[2025-01-04T17:35:59.755+0100] {logging_mixin.py:190} INFO - [2025-01-04T17:35:59.755+0100] {dag.py:4180} INFO - Setting next_dagrun for example_dynamic_task_mapping to None, run_after=None
[2025-01-04T17:35:59.797+0100] {processor.py:208} INFO - Processing /Users/azeez.ganiyu/airflow_venv/lib/python3.9/site-packages/airflow/example_dags/example_dynamic_task_mapping.py took 0.269 seconds
[2025-01-04T17:43:21.184+0100] {processor.py:186} INFO - Started process (PID=2760) to work on /Users/azeez.ganiyu/airflow_venv/lib/python3.9/site-packages/airflow/example_dags/example_dynamic_task_mapping.py
[2025-01-04T17:43:21.188+0100] {processor.py:914} INFO - Processing file /Users/azeez.ganiyu/airflow_venv/lib/python3.9/site-packages/airflow/example_dags/example_dynamic_task_mapping.py for tasks to queue
[2025-01-04T17:43:21.189+0100] {logging_mixin.py:190} INFO - [2025-01-04T17:43:21.189+0100] {dagbag.py:588} INFO - Filling up the DagBag from /Users/azeez.ganiyu/airflow_venv/lib/python3.9/site-packages/airflow/example_dags/example_dynamic_task_mapping.py
[2025-01-04T17:43:21.243+0100] {processor.py:925} INFO - DAG(s) 'example_dynamic_task_mapping' retrieved from /Users/azeez.ganiyu/airflow_venv/lib/python3.9/site-packages/airflow/example_dags/example_dynamic_task_mapping.py
[2025-01-04T17:43:21.379+0100] {logging_mixin.py:190} INFO - [2025-01-04T17:43:21.379+0100] {dag.py:3239} INFO - Sync 1 DAGs
[2025-01-04T17:43:21.390+0100] {logging_mixin.py:190} INFO - [2025-01-04T17:43:21.390+0100] {dag.py:4180} INFO - Setting next_dagrun for example_dynamic_task_mapping to None, run_after=None
[2025-01-04T17:43:21.410+0100] {processor.py:208} INFO - Processing /Users/azeez.ganiyu/airflow_venv/lib/python3.9/site-packages/airflow/example_dags/example_dynamic_task_mapping.py took 0.235 seconds
