[2025-01-04T17:26:42.451+0100] {processor.py:186} INFO - Started process (PID=98556) to work on /Users/azeez.ganiyu/airflow_venv/lib/python3.9/site-packages/airflow/example_dags/example_dag_decorator.py
[2025-01-04T17:26:42.456+0100] {processor.py:914} INFO - Processing file /Users/azeez.ganiyu/airflow_venv/lib/python3.9/site-packages/airflow/example_dags/example_dag_decorator.py for tasks to queue
[2025-01-04T17:26:42.457+0100] {logging_mixin.py:190} INFO - [2025-01-04T17:26:42.457+0100] {dagbag.py:588} INFO - Filling up the DagBag from /Users/azeez.ganiyu/airflow_venv/lib/python3.9/site-packages/airflow/example_dags/example_dag_decorator.py
[2025-01-04T17:26:42.668+0100] {processor.py:925} INFO - DAG(s) 'example_dag_decorator' retrieved from /Users/azeez.ganiyu/airflow_venv/lib/python3.9/site-packages/airflow/example_dags/example_dag_decorator.py
[2025-01-04T17:26:42.919+0100] {logging_mixin.py:190} INFO - [2025-01-04T17:26:42.918+0100] {dag.py:3239} INFO - Sync 1 DAGs
[2025-01-04T17:26:42.928+0100] {logging_mixin.py:190} INFO - [2025-01-04T17:26:42.927+0100] {dag.py:4180} INFO - Setting next_dagrun for example_dag_decorator to None, run_after=None
[2025-01-04T17:26:42.947+0100] {processor.py:208} INFO - Processing /Users/azeez.ganiyu/airflow_venv/lib/python3.9/site-packages/airflow/example_dags/example_dag_decorator.py took 0.504 seconds
[2025-01-04T17:30:26.602+0100] {processor.py:186} INFO - Started process (PID=99332) to work on /Users/azeez.ganiyu/airflow_venv/lib/python3.9/site-packages/airflow/example_dags/example_dag_decorator.py
[2025-01-04T17:30:26.608+0100] {processor.py:914} INFO - Processing file /Users/azeez.ganiyu/airflow_venv/lib/python3.9/site-packages/airflow/example_dags/example_dag_decorator.py for tasks to queue
[2025-01-04T17:30:26.610+0100] {logging_mixin.py:190} INFO - [2025-01-04T17:30:26.610+0100] {dagbag.py:588} INFO - Filling up the DagBag from /Users/azeez.ganiyu/airflow_venv/lib/python3.9/site-packages/airflow/example_dags/example_dag_decorator.py
[2025-01-04T17:30:26.826+0100] {processor.py:925} INFO - DAG(s) 'example_dag_decorator' retrieved from /Users/azeez.ganiyu/airflow_venv/lib/python3.9/site-packages/airflow/example_dags/example_dag_decorator.py
[2025-01-04T17:30:27.041+0100] {logging_mixin.py:190} INFO - [2025-01-04T17:30:27.040+0100] {dag.py:3239} INFO - Sync 1 DAGs
[2025-01-04T17:30:27.048+0100] {logging_mixin.py:190} INFO - [2025-01-04T17:30:27.048+0100] {dag.py:4180} INFO - Setting next_dagrun for example_dag_decorator to None, run_after=None
[2025-01-04T17:30:27.068+0100] {processor.py:208} INFO - Processing /Users/azeez.ganiyu/airflow_venv/lib/python3.9/site-packages/airflow/example_dags/example_dag_decorator.py took 0.474 seconds
[2025-01-04T17:36:17.838+0100] {processor.py:186} INFO - Started process (PID=886) to work on /Users/azeez.ganiyu/airflow_venv/lib/python3.9/site-packages/airflow/example_dags/example_dag_decorator.py
[2025-01-04T17:36:17.843+0100] {processor.py:914} INFO - Processing file /Users/azeez.ganiyu/airflow_venv/lib/python3.9/site-packages/airflow/example_dags/example_dag_decorator.py for tasks to queue
[2025-01-04T17:36:17.845+0100] {logging_mixin.py:190} INFO - [2025-01-04T17:36:17.845+0100] {dagbag.py:588} INFO - Filling up the DagBag from /Users/azeez.ganiyu/airflow_venv/lib/python3.9/site-packages/airflow/example_dags/example_dag_decorator.py
[2025-01-04T17:36:18.055+0100] {processor.py:925} INFO - DAG(s) 'example_dag_decorator' retrieved from /Users/azeez.ganiyu/airflow_venv/lib/python3.9/site-packages/airflow/example_dags/example_dag_decorator.py
[2025-01-04T17:36:18.264+0100] {logging_mixin.py:190} INFO - [2025-01-04T17:36:18.264+0100] {dag.py:3239} INFO - Sync 1 DAGs
[2025-01-04T17:36:18.272+0100] {logging_mixin.py:190} INFO - [2025-01-04T17:36:18.272+0100] {dag.py:4180} INFO - Setting next_dagrun for example_dag_decorator to None, run_after=None
[2025-01-04T17:36:18.293+0100] {processor.py:208} INFO - Processing /Users/azeez.ganiyu/airflow_venv/lib/python3.9/site-packages/airflow/example_dags/example_dag_decorator.py took 0.462 seconds
[2025-01-04T17:43:44.079+0100] {processor.py:186} INFO - Started process (PID=2843) to work on /Users/azeez.ganiyu/airflow_venv/lib/python3.9/site-packages/airflow/example_dags/example_dag_decorator.py
[2025-01-04T17:43:44.084+0100] {processor.py:914} INFO - Processing file /Users/azeez.ganiyu/airflow_venv/lib/python3.9/site-packages/airflow/example_dags/example_dag_decorator.py for tasks to queue
[2025-01-04T17:43:44.085+0100] {logging_mixin.py:190} INFO - [2025-01-04T17:43:44.085+0100] {dagbag.py:588} INFO - Filling up the DagBag from /Users/azeez.ganiyu/airflow_venv/lib/python3.9/site-packages/airflow/example_dags/example_dag_decorator.py
[2025-01-04T17:43:44.284+0100] {processor.py:925} INFO - DAG(s) 'example_dag_decorator' retrieved from /Users/azeez.ganiyu/airflow_venv/lib/python3.9/site-packages/airflow/example_dags/example_dag_decorator.py
[2025-01-04T17:43:44.524+0100] {logging_mixin.py:190} INFO - [2025-01-04T17:43:44.524+0100] {dag.py:3239} INFO - Sync 1 DAGs
[2025-01-04T17:43:44.533+0100] {logging_mixin.py:190} INFO - [2025-01-04T17:43:44.533+0100] {dag.py:4180} INFO - Setting next_dagrun for example_dag_decorator to None, run_after=None
[2025-01-04T17:43:44.552+0100] {processor.py:208} INFO - Processing /Users/azeez.ganiyu/airflow_venv/lib/python3.9/site-packages/airflow/example_dags/example_dag_decorator.py took 0.481 seconds
