[2025-01-04T17:26:32.089+0100] {processor.py:186} INFO - Started process (PID=98523) to work on /Users/azeez.ganiyu/airflow_venv/lib/python3.9/site-packages/airflow/example_dags/example_datasets.py
[2025-01-04T17:26:32.094+0100] {processor.py:914} INFO - Processing file /Users/azeez.ganiyu/airflow_venv/lib/python3.9/site-packages/airflow/example_dags/example_datasets.py for tasks to queue
[2025-01-04T17:26:32.095+0100] {logging_mixin.py:190} INFO - [2025-01-04T17:26:32.094+0100] {dagbag.py:588} INFO - Filling up the DagBag from /Users/azeez.ganiyu/airflow_venv/lib/python3.9/site-packages/airflow/example_dags/example_datasets.py
[2025-01-04T17:26:32.213+0100] {processor.py:925} INFO - DAG(s) 'dataset_consumes_1_and_2', 'dataset_produces_2', 'consume_1_or_2_with_dataset_expressions', 'consume_1_or_both_2_and_3_with_dataset_expressions', 'dataset_consumes_unknown_never_scheduled', 'dataset_consumes_1', 'dataset_consumes_1_never_scheduled', 'dataset_produces_1', 'conditional_dataset_and_time_based_timetable', 'consume_1_and_2_with_dataset_expressions' retrieved from /Users/azeez.ganiyu/airflow_venv/lib/python3.9/site-packages/airflow/example_dags/example_datasets.py
[2025-01-04T17:26:32.370+0100] {logging_mixin.py:190} INFO - [2025-01-04T17:26:32.370+0100] {dag.py:3239} INFO - Sync 10 DAGs
[2025-01-04T17:26:32.389+0100] {logging_mixin.py:190} INFO - [2025-01-04T17:26:32.389+0100] {dag.py:4180} INFO - Setting next_dagrun for conditional_dataset_and_time_based_timetable to 2025-01-01 01:00:00+00:00, run_after=2025-01-01 01:00:00+00:00
[2025-01-04T17:26:32.392+0100] {logging_mixin.py:190} INFO - [2025-01-04T17:26:32.391+0100] {dag.py:4180} INFO - Setting next_dagrun for consume_1_and_2_with_dataset_expressions to None, run_after=None
[2025-01-04T17:26:32.393+0100] {logging_mixin.py:190} INFO - [2025-01-04T17:26:32.392+0100] {dag.py:4180} INFO - Setting next_dagrun for consume_1_or_2_with_dataset_expressions to None, run_after=None
[2025-01-04T17:26:32.393+0100] {logging_mixin.py:190} INFO - [2025-01-04T17:26:32.393+0100] {dag.py:4180} INFO - Setting next_dagrun for consume_1_or_both_2_and_3_with_dataset_expressions to None, run_after=None
[2025-01-04T17:26:32.394+0100] {logging_mixin.py:190} INFO - [2025-01-04T17:26:32.394+0100] {dag.py:4180} INFO - Setting next_dagrun for dataset_consumes_1 to None, run_after=None
[2025-01-04T17:26:32.395+0100] {logging_mixin.py:190} INFO - [2025-01-04T17:26:32.395+0100] {dag.py:4180} INFO - Setting next_dagrun for dataset_consumes_1_and_2 to None, run_after=None
[2025-01-04T17:26:32.395+0100] {logging_mixin.py:190} INFO - [2025-01-04T17:26:32.395+0100] {dag.py:4180} INFO - Setting next_dagrun for dataset_consumes_1_never_scheduled to None, run_after=None
[2025-01-04T17:26:32.396+0100] {logging_mixin.py:190} INFO - [2025-01-04T17:26:32.396+0100] {dag.py:4180} INFO - Setting next_dagrun for dataset_consumes_unknown_never_scheduled to None, run_after=None
[2025-01-04T17:26:32.398+0100] {logging_mixin.py:190} INFO - [2025-01-04T17:26:32.398+0100] {dag.py:4180} INFO - Setting next_dagrun for dataset_produces_1 to 2025-01-03 00:00:00+00:00, run_after=2025-01-04 00:00:00+00:00
[2025-01-04T17:26:32.399+0100] {logging_mixin.py:190} INFO - [2025-01-04T17:26:32.399+0100] {dag.py:4180} INFO - Setting next_dagrun for dataset_produces_2 to None, run_after=None
[2025-01-04T17:26:32.427+0100] {processor.py:208} INFO - Processing /Users/azeez.ganiyu/airflow_venv/lib/python3.9/site-packages/airflow/example_dags/example_datasets.py took 0.346 seconds
[2025-01-04T17:30:15.800+0100] {processor.py:186} INFO - Started process (PID=99301) to work on /Users/azeez.ganiyu/airflow_venv/lib/python3.9/site-packages/airflow/example_dags/example_datasets.py
[2025-01-04T17:30:15.805+0100] {processor.py:914} INFO - Processing file /Users/azeez.ganiyu/airflow_venv/lib/python3.9/site-packages/airflow/example_dags/example_datasets.py for tasks to queue
[2025-01-04T17:30:15.806+0100] {logging_mixin.py:190} INFO - [2025-01-04T17:30:15.806+0100] {dagbag.py:588} INFO - Filling up the DagBag from /Users/azeez.ganiyu/airflow_venv/lib/python3.9/site-packages/airflow/example_dags/example_datasets.py
[2025-01-04T17:30:15.912+0100] {processor.py:925} INFO - DAG(s) 'consume_1_or_2_with_dataset_expressions', 'dataset_produces_2', 'dataset_consumes_1', 'dataset_consumes_1_and_2', 'dataset_consumes_unknown_never_scheduled', 'dataset_consumes_1_never_scheduled', 'consume_1_or_both_2_and_3_with_dataset_expressions', 'conditional_dataset_and_time_based_timetable', 'dataset_produces_1', 'consume_1_and_2_with_dataset_expressions' retrieved from /Users/azeez.ganiyu/airflow_venv/lib/python3.9/site-packages/airflow/example_dags/example_datasets.py
[2025-01-04T17:30:16.059+0100] {logging_mixin.py:190} INFO - [2025-01-04T17:30:16.059+0100] {dag.py:3239} INFO - Sync 10 DAGs
[2025-01-04T17:30:16.076+0100] {logging_mixin.py:190} INFO - [2025-01-04T17:30:16.076+0100] {dag.py:4180} INFO - Setting next_dagrun for conditional_dataset_and_time_based_timetable to 2025-01-01 01:00:00+00:00, run_after=2025-01-01 01:00:00+00:00
[2025-01-04T17:30:16.079+0100] {logging_mixin.py:190} INFO - [2025-01-04T17:30:16.079+0100] {dag.py:4180} INFO - Setting next_dagrun for consume_1_and_2_with_dataset_expressions to None, run_after=None
[2025-01-04T17:30:16.080+0100] {logging_mixin.py:190} INFO - [2025-01-04T17:30:16.079+0100] {dag.py:4180} INFO - Setting next_dagrun for consume_1_or_2_with_dataset_expressions to None, run_after=None
[2025-01-04T17:30:16.080+0100] {logging_mixin.py:190} INFO - [2025-01-04T17:30:16.080+0100] {dag.py:4180} INFO - Setting next_dagrun for consume_1_or_both_2_and_3_with_dataset_expressions to None, run_after=None
[2025-01-04T17:30:16.081+0100] {logging_mixin.py:190} INFO - [2025-01-04T17:30:16.081+0100] {dag.py:4180} INFO - Setting next_dagrun for dataset_consumes_1 to None, run_after=None
[2025-01-04T17:30:16.082+0100] {logging_mixin.py:190} INFO - [2025-01-04T17:30:16.082+0100] {dag.py:4180} INFO - Setting next_dagrun for dataset_consumes_1_and_2 to None, run_after=None
[2025-01-04T17:30:16.082+0100] {logging_mixin.py:190} INFO - [2025-01-04T17:30:16.082+0100] {dag.py:4180} INFO - Setting next_dagrun for dataset_consumes_1_never_scheduled to None, run_after=None
[2025-01-04T17:30:16.083+0100] {logging_mixin.py:190} INFO - [2025-01-04T17:30:16.083+0100] {dag.py:4180} INFO - Setting next_dagrun for dataset_consumes_unknown_never_scheduled to None, run_after=None
[2025-01-04T17:30:16.085+0100] {logging_mixin.py:190} INFO - [2025-01-04T17:30:16.085+0100] {dag.py:4180} INFO - Setting next_dagrun for dataset_produces_1 to 2025-01-03 00:00:00+00:00, run_after=2025-01-04 00:00:00+00:00
[2025-01-04T17:30:16.086+0100] {logging_mixin.py:190} INFO - [2025-01-04T17:30:16.086+0100] {dag.py:4180} INFO - Setting next_dagrun for dataset_produces_2 to None, run_after=None
[2025-01-04T17:30:16.112+0100] {processor.py:208} INFO - Processing /Users/azeez.ganiyu/airflow_venv/lib/python3.9/site-packages/airflow/example_dags/example_datasets.py took 0.320 seconds
[2025-01-04T17:36:06.648+0100] {processor.py:186} INFO - Started process (PID=723) to work on /Users/azeez.ganiyu/airflow_venv/lib/python3.9/site-packages/airflow/example_dags/example_datasets.py
[2025-01-04T17:36:06.654+0100] {processor.py:914} INFO - Processing file /Users/azeez.ganiyu/airflow_venv/lib/python3.9/site-packages/airflow/example_dags/example_datasets.py for tasks to queue
[2025-01-04T17:36:06.656+0100] {logging_mixin.py:190} INFO - [2025-01-04T17:36:06.656+0100] {dagbag.py:588} INFO - Filling up the DagBag from /Users/azeez.ganiyu/airflow_venv/lib/python3.9/site-packages/airflow/example_dags/example_datasets.py
[2025-01-04T17:36:06.781+0100] {processor.py:925} INFO - DAG(s) 'consume_1_or_2_with_dataset_expressions', 'dataset_produces_1', 'dataset_consumes_unknown_never_scheduled', 'conditional_dataset_and_time_based_timetable', 'dataset_consumes_1', 'dataset_consumes_1_and_2', 'consume_1_or_both_2_and_3_with_dataset_expressions', 'dataset_consumes_1_never_scheduled', 'consume_1_and_2_with_dataset_expressions', 'dataset_produces_2' retrieved from /Users/azeez.ganiyu/airflow_venv/lib/python3.9/site-packages/airflow/example_dags/example_datasets.py
[2025-01-04T17:36:06.962+0100] {logging_mixin.py:190} INFO - [2025-01-04T17:36:06.961+0100] {dag.py:3239} INFO - Sync 10 DAGs
[2025-01-04T17:36:06.980+0100] {logging_mixin.py:190} INFO - [2025-01-04T17:36:06.980+0100] {dag.py:4180} INFO - Setting next_dagrun for conditional_dataset_and_time_based_timetable to 2025-01-01 01:00:00+00:00, run_after=2025-01-01 01:00:00+00:00
[2025-01-04T17:36:06.984+0100] {logging_mixin.py:190} INFO - [2025-01-04T17:36:06.983+0100] {dag.py:4180} INFO - Setting next_dagrun for consume_1_and_2_with_dataset_expressions to None, run_after=None
[2025-01-04T17:36:06.985+0100] {logging_mixin.py:190} INFO - [2025-01-04T17:36:06.985+0100] {dag.py:4180} INFO - Setting next_dagrun for consume_1_or_2_with_dataset_expressions to None, run_after=None
[2025-01-04T17:36:06.986+0100] {logging_mixin.py:190} INFO - [2025-01-04T17:36:06.986+0100] {dag.py:4180} INFO - Setting next_dagrun for consume_1_or_both_2_and_3_with_dataset_expressions to None, run_after=None
[2025-01-04T17:36:06.987+0100] {logging_mixin.py:190} INFO - [2025-01-04T17:36:06.986+0100] {dag.py:4180} INFO - Setting next_dagrun for dataset_consumes_1 to None, run_after=None
[2025-01-04T17:36:06.987+0100] {logging_mixin.py:190} INFO - [2025-01-04T17:36:06.987+0100] {dag.py:4180} INFO - Setting next_dagrun for dataset_consumes_1_and_2 to None, run_after=None
[2025-01-04T17:36:06.989+0100] {logging_mixin.py:190} INFO - [2025-01-04T17:36:06.988+0100] {dag.py:4180} INFO - Setting next_dagrun for dataset_consumes_1_never_scheduled to None, run_after=None
[2025-01-04T17:36:06.989+0100] {logging_mixin.py:190} INFO - [2025-01-04T17:36:06.989+0100] {dag.py:4180} INFO - Setting next_dagrun for dataset_consumes_unknown_never_scheduled to None, run_after=None
[2025-01-04T17:36:06.992+0100] {logging_mixin.py:190} INFO - [2025-01-04T17:36:06.992+0100] {dag.py:4180} INFO - Setting next_dagrun for dataset_produces_1 to 2025-01-03 00:00:00+00:00, run_after=2025-01-04 00:00:00+00:00
[2025-01-04T17:36:06.993+0100] {logging_mixin.py:190} INFO - [2025-01-04T17:36:06.993+0100] {dag.py:4180} INFO - Setting next_dagrun for dataset_produces_2 to None, run_after=None
[2025-01-04T17:36:07.024+0100] {processor.py:208} INFO - Processing /Users/azeez.ganiyu/airflow_venv/lib/python3.9/site-packages/airflow/example_dags/example_datasets.py took 0.384 seconds
[2025-01-04T17:43:28.084+0100] {processor.py:186} INFO - Started process (PID=2799) to work on /Users/azeez.ganiyu/airflow_venv/lib/python3.9/site-packages/airflow/example_dags/example_datasets.py
[2025-01-04T17:43:28.089+0100] {processor.py:914} INFO - Processing file /Users/azeez.ganiyu/airflow_venv/lib/python3.9/site-packages/airflow/example_dags/example_datasets.py for tasks to queue
[2025-01-04T17:43:28.090+0100] {logging_mixin.py:190} INFO - [2025-01-04T17:43:28.090+0100] {dagbag.py:588} INFO - Filling up the DagBag from /Users/azeez.ganiyu/airflow_venv/lib/python3.9/site-packages/airflow/example_dags/example_datasets.py
[2025-01-04T17:43:28.200+0100] {processor.py:925} INFO - DAG(s) 'dataset_consumes_1_and_2', 'consume_1_and_2_with_dataset_expressions', 'dataset_produces_1', 'consume_1_or_2_with_dataset_expressions', 'consume_1_or_both_2_and_3_with_dataset_expressions', 'dataset_consumes_1_never_scheduled', 'conditional_dataset_and_time_based_timetable', 'dataset_consumes_unknown_never_scheduled', 'dataset_consumes_1', 'dataset_produces_2' retrieved from /Users/azeez.ganiyu/airflow_venv/lib/python3.9/site-packages/airflow/example_dags/example_datasets.py
[2025-01-04T17:43:28.351+0100] {logging_mixin.py:190} INFO - [2025-01-04T17:43:28.350+0100] {dag.py:3239} INFO - Sync 10 DAGs
[2025-01-04T17:43:28.368+0100] {logging_mixin.py:190} INFO - [2025-01-04T17:43:28.368+0100] {dag.py:4180} INFO - Setting next_dagrun for conditional_dataset_and_time_based_timetable to 2025-01-01 01:00:00+00:00, run_after=2025-01-01 01:00:00+00:00
[2025-01-04T17:43:28.371+0100] {logging_mixin.py:190} INFO - [2025-01-04T17:43:28.371+0100] {dag.py:4180} INFO - Setting next_dagrun for consume_1_and_2_with_dataset_expressions to None, run_after=None
[2025-01-04T17:43:28.372+0100] {logging_mixin.py:190} INFO - [2025-01-04T17:43:28.372+0100] {dag.py:4180} INFO - Setting next_dagrun for consume_1_or_2_with_dataset_expressions to None, run_after=None
[2025-01-04T17:43:28.373+0100] {logging_mixin.py:190} INFO - [2025-01-04T17:43:28.373+0100] {dag.py:4180} INFO - Setting next_dagrun for consume_1_or_both_2_and_3_with_dataset_expressions to None, run_after=None
[2025-01-04T17:43:28.374+0100] {logging_mixin.py:190} INFO - [2025-01-04T17:43:28.374+0100] {dag.py:4180} INFO - Setting next_dagrun for dataset_consumes_1 to None, run_after=None
[2025-01-04T17:43:28.375+0100] {logging_mixin.py:190} INFO - [2025-01-04T17:43:28.375+0100] {dag.py:4180} INFO - Setting next_dagrun for dataset_consumes_1_and_2 to None, run_after=None
[2025-01-04T17:43:28.375+0100] {logging_mixin.py:190} INFO - [2025-01-04T17:43:28.375+0100] {dag.py:4180} INFO - Setting next_dagrun for dataset_consumes_1_never_scheduled to None, run_after=None
[2025-01-04T17:43:28.376+0100] {logging_mixin.py:190} INFO - [2025-01-04T17:43:28.376+0100] {dag.py:4180} INFO - Setting next_dagrun for dataset_consumes_unknown_never_scheduled to None, run_after=None
[2025-01-04T17:43:28.378+0100] {logging_mixin.py:190} INFO - [2025-01-04T17:43:28.378+0100] {dag.py:4180} INFO - Setting next_dagrun for dataset_produces_1 to 2025-01-03 00:00:00+00:00, run_after=2025-01-04 00:00:00+00:00
[2025-01-04T17:43:28.379+0100] {logging_mixin.py:190} INFO - [2025-01-04T17:43:28.379+0100] {dag.py:4180} INFO - Setting next_dagrun for dataset_produces_2 to None, run_after=None
[2025-01-04T17:43:28.406+0100] {processor.py:208} INFO - Processing /Users/azeez.ganiyu/airflow_venv/lib/python3.9/site-packages/airflow/example_dags/example_datasets.py took 0.329 seconds
