[2025-01-04T17:26:10.617+0100] {processor.py:186} INFO - Started process (PID=98442) to work on /Users/azeez.ganiyu/airflow_venv/lib/python3.9/site-packages/airflow/example_dags/example_kubernetes_executor.py
[2025-01-04T17:26:10.623+0100] {processor.py:914} INFO - Processing file /Users/azeez.ganiyu/airflow_venv/lib/python3.9/site-packages/airflow/example_dags/example_kubernetes_executor.py for tasks to queue
[2025-01-04T17:26:10.625+0100] {logging_mixin.py:190} INFO - [2025-01-04T17:26:10.624+0100] {dagbag.py:588} INFO - Filling up the DagBag from /Users/azeez.ganiyu/airflow_venv/lib/python3.9/site-packages/airflow/example_dags/example_kubernetes_executor.py
[2025-01-04T17:26:10.681+0100] {logging_mixin.py:190} INFO - [2025-01-04T17:26:10.680+0100] {example_kubernetes_executor.py:39} WARNING - The example_kubernetes_executor example DAG requires the kubernetes provider. Please install it with: pip install apache-airflow[cncf.kubernetes]
[2025-01-04T17:26:10.681+0100] {processor.py:927} WARNING - No viable dags retrieved from /Users/azeez.ganiyu/airflow_venv/lib/python3.9/site-packages/airflow/example_dags/example_kubernetes_executor.py
[2025-01-04T17:26:10.806+0100] {processor.py:208} INFO - Processing /Users/azeez.ganiyu/airflow_venv/lib/python3.9/site-packages/airflow/example_dags/example_kubernetes_executor.py took 0.197 seconds
[2025-01-04T17:29:54.847+0100] {processor.py:186} INFO - Started process (PID=99235) to work on /Users/azeez.ganiyu/airflow_venv/lib/python3.9/site-packages/airflow/example_dags/example_kubernetes_executor.py
[2025-01-04T17:29:54.852+0100] {processor.py:914} INFO - Processing file /Users/azeez.ganiyu/airflow_venv/lib/python3.9/site-packages/airflow/example_dags/example_kubernetes_executor.py for tasks to queue
[2025-01-04T17:29:54.853+0100] {logging_mixin.py:190} INFO - [2025-01-04T17:29:54.853+0100] {dagbag.py:588} INFO - Filling up the DagBag from /Users/azeez.ganiyu/airflow_venv/lib/python3.9/site-packages/airflow/example_dags/example_kubernetes_executor.py
[2025-01-04T17:29:54.904+0100] {logging_mixin.py:190} INFO - [2025-01-04T17:29:54.904+0100] {example_kubernetes_executor.py:39} WARNING - The example_kubernetes_executor example DAG requires the kubernetes provider. Please install it with: pip install apache-airflow[cncf.kubernetes]
[2025-01-04T17:29:54.905+0100] {processor.py:927} WARNING - No viable dags retrieved from /Users/azeez.ganiyu/airflow_venv/lib/python3.9/site-packages/airflow/example_dags/example_kubernetes_executor.py
[2025-01-04T17:29:55.021+0100] {processor.py:208} INFO - Processing /Users/azeez.ganiyu/airflow_venv/lib/python3.9/site-packages/airflow/example_dags/example_kubernetes_executor.py took 0.181 seconds
[2025-01-04T17:32:47.698+0100] {processor.py:186} INFO - Started process (PID=99787) to work on /Users/azeez.ganiyu/airflow_venv/lib/python3.9/site-packages/airflow/example_dags/example_kubernetes_executor.py
[2025-01-04T17:32:47.703+0100] {processor.py:914} INFO - Processing file /Users/azeez.ganiyu/airflow_venv/lib/python3.9/site-packages/airflow/example_dags/example_kubernetes_executor.py for tasks to queue
[2025-01-04T17:32:47.704+0100] {logging_mixin.py:190} INFO - [2025-01-04T17:32:47.703+0100] {dagbag.py:588} INFO - Filling up the DagBag from /Users/azeez.ganiyu/airflow_venv/lib/python3.9/site-packages/airflow/example_dags/example_kubernetes_executor.py
[2025-01-04T17:32:47.754+0100] {logging_mixin.py:190} INFO - [2025-01-04T17:32:47.754+0100] {example_kubernetes_executor.py:39} WARNING - The example_kubernetes_executor example DAG requires the kubernetes provider. Please install it with: pip install apache-airflow[cncf.kubernetes]
[2025-01-04T17:32:47.755+0100] {processor.py:927} WARNING - No viable dags retrieved from /Users/azeez.ganiyu/airflow_venv/lib/python3.9/site-packages/airflow/example_dags/example_kubernetes_executor.py
[2025-01-04T17:32:47.879+0100] {processor.py:208} INFO - Processing /Users/azeez.ganiyu/airflow_venv/lib/python3.9/site-packages/airflow/example_dags/example_kubernetes_executor.py took 0.187 seconds
[2025-01-04T17:35:45.560+0100] {processor.py:186} INFO - Started process (PID=652) to work on /Users/azeez.ganiyu/airflow_venv/lib/python3.9/site-packages/airflow/example_dags/example_kubernetes_executor.py
[2025-01-04T17:35:45.565+0100] {processor.py:914} INFO - Processing file /Users/azeez.ganiyu/airflow_venv/lib/python3.9/site-packages/airflow/example_dags/example_kubernetes_executor.py for tasks to queue
[2025-01-04T17:35:45.566+0100] {logging_mixin.py:190} INFO - [2025-01-04T17:35:45.565+0100] {dagbag.py:588} INFO - Filling up the DagBag from /Users/azeez.ganiyu/airflow_venv/lib/python3.9/site-packages/airflow/example_dags/example_kubernetes_executor.py
[2025-01-04T17:35:45.621+0100] {logging_mixin.py:190} INFO - [2025-01-04T17:35:45.621+0100] {example_kubernetes_executor.py:39} WARNING - The example_kubernetes_executor example DAG requires the kubernetes provider. Please install it with: pip install apache-airflow[cncf.kubernetes]
[2025-01-04T17:35:45.622+0100] {processor.py:927} WARNING - No viable dags retrieved from /Users/azeez.ganiyu/airflow_venv/lib/python3.9/site-packages/airflow/example_dags/example_kubernetes_executor.py
[2025-01-04T17:35:45.769+0100] {processor.py:208} INFO - Processing /Users/azeez.ganiyu/airflow_venv/lib/python3.9/site-packages/airflow/example_dags/example_kubernetes_executor.py took 0.217 seconds
[2025-01-04T17:38:38.995+0100] {processor.py:186} INFO - Started process (PID=1441) to work on /Users/azeez.ganiyu/airflow_venv/lib/python3.9/site-packages/airflow/example_dags/example_kubernetes_executor.py
[2025-01-04T17:38:39.000+0100] {processor.py:914} INFO - Processing file /Users/azeez.ganiyu/airflow_venv/lib/python3.9/site-packages/airflow/example_dags/example_kubernetes_executor.py for tasks to queue
[2025-01-04T17:38:39.002+0100] {logging_mixin.py:190} INFO - [2025-01-04T17:38:39.002+0100] {dagbag.py:588} INFO - Filling up the DagBag from /Users/azeez.ganiyu/airflow_venv/lib/python3.9/site-packages/airflow/example_dags/example_kubernetes_executor.py
[2025-01-04T17:38:39.054+0100] {logging_mixin.py:190} INFO - [2025-01-04T17:38:39.054+0100] {example_kubernetes_executor.py:39} WARNING - The example_kubernetes_executor example DAG requires the kubernetes provider. Please install it with: pip install apache-airflow[cncf.kubernetes]
[2025-01-04T17:38:39.054+0100] {processor.py:927} WARNING - No viable dags retrieved from /Users/azeez.ganiyu/airflow_venv/lib/python3.9/site-packages/airflow/example_dags/example_kubernetes_executor.py
[2025-01-04T17:38:39.178+0100] {processor.py:208} INFO - Processing /Users/azeez.ganiyu/airflow_venv/lib/python3.9/site-packages/airflow/example_dags/example_kubernetes_executor.py took 0.191 seconds
[2025-01-04T17:42:57.393+0100] {processor.py:186} INFO - Started process (PID=2705) to work on /Users/azeez.ganiyu/airflow_venv/lib/python3.9/site-packages/airflow/example_dags/example_kubernetes_executor.py
[2025-01-04T17:42:57.398+0100] {processor.py:914} INFO - Processing file /Users/azeez.ganiyu/airflow_venv/lib/python3.9/site-packages/airflow/example_dags/example_kubernetes_executor.py for tasks to queue
[2025-01-04T17:42:57.399+0100] {logging_mixin.py:190} INFO - [2025-01-04T17:42:57.399+0100] {dagbag.py:588} INFO - Filling up the DagBag from /Users/azeez.ganiyu/airflow_venv/lib/python3.9/site-packages/airflow/example_dags/example_kubernetes_executor.py
[2025-01-04T17:42:57.450+0100] {logging_mixin.py:190} INFO - [2025-01-04T17:42:57.450+0100] {example_kubernetes_executor.py:39} WARNING - The example_kubernetes_executor example DAG requires the kubernetes provider. Please install it with: pip install apache-airflow[cncf.kubernetes]
[2025-01-04T17:42:57.450+0100] {processor.py:927} WARNING - No viable dags retrieved from /Users/azeez.ganiyu/airflow_venv/lib/python3.9/site-packages/airflow/example_dags/example_kubernetes_executor.py
[2025-01-04T17:42:57.571+0100] {processor.py:208} INFO - Processing /Users/azeez.ganiyu/airflow_venv/lib/python3.9/site-packages/airflow/example_dags/example_kubernetes_executor.py took 0.186 seconds
