[2025-01-04T17:25:33.224+0100] {processor.py:186} INFO - Started process (PID=98323) to work on /Users/azeez.ganiyu/airflow_venv/lib/python3.9/site-packages/airflow/example_dags/example_python_operator.py
[2025-01-04T17:25:33.229+0100] {processor.py:914} INFO - Processing file /Users/azeez.ganiyu/airflow_venv/lib/python3.9/site-packages/airflow/example_dags/example_python_operator.py for tasks to queue
[2025-01-04T17:25:33.230+0100] {logging_mixin.py:190} INFO - [2025-01-04T17:25:33.230+0100] {dagbag.py:588} INFO - Filling up the DagBag from /Users/azeez.ganiyu/airflow_venv/lib/python3.9/site-packages/airflow/example_dags/example_python_operator.py
[2025-01-04T17:25:33.260+0100] {logging_mixin.py:190} INFO - [2025-01-04T17:25:33.260+0100] {example_python_operator.py:93} WARNING - The virtalenv_python example task requires virtualenv, please install it.
[2025-01-04T17:25:33.267+0100] {processor.py:925} INFO - DAG(s) 'example_python_operator' retrieved from /Users/azeez.ganiyu/airflow_venv/lib/python3.9/site-packages/airflow/example_dags/example_python_operator.py
[2025-01-04T17:25:33.406+0100] {logging_mixin.py:190} INFO - [2025-01-04T17:25:33.406+0100] {dag.py:3239} INFO - Sync 1 DAGs
[2025-01-04T17:25:33.416+0100] {logging_mixin.py:190} INFO - [2025-01-04T17:25:33.416+0100] {dag.py:4180} INFO - Setting next_dagrun for example_python_operator to None, run_after=None
[2025-01-04T17:25:33.437+0100] {processor.py:208} INFO - Processing /Users/azeez.ganiyu/airflow_venv/lib/python3.9/site-packages/airflow/example_dags/example_python_operator.py took 0.221 seconds
[2025-01-04T17:29:18.382+0100] {processor.py:186} INFO - Started process (PID=99076) to work on /Users/azeez.ganiyu/airflow_venv/lib/python3.9/site-packages/airflow/example_dags/example_python_operator.py
[2025-01-04T17:29:18.387+0100] {processor.py:914} INFO - Processing file /Users/azeez.ganiyu/airflow_venv/lib/python3.9/site-packages/airflow/example_dags/example_python_operator.py for tasks to queue
[2025-01-04T17:29:18.388+0100] {logging_mixin.py:190} INFO - [2025-01-04T17:29:18.388+0100] {dagbag.py:588} INFO - Filling up the DagBag from /Users/azeez.ganiyu/airflow_venv/lib/python3.9/site-packages/airflow/example_dags/example_python_operator.py
[2025-01-04T17:29:18.438+0100] {logging_mixin.py:190} INFO - [2025-01-04T17:29:18.437+0100] {example_python_operator.py:93} WARNING - The virtalenv_python example task requires virtualenv, please install it.
[2025-01-04T17:29:18.446+0100] {processor.py:925} INFO - DAG(s) 'example_python_operator' retrieved from /Users/azeez.ganiyu/airflow_venv/lib/python3.9/site-packages/airflow/example_dags/example_python_operator.py
[2025-01-04T17:29:18.582+0100] {logging_mixin.py:190} INFO - [2025-01-04T17:29:18.582+0100] {dag.py:3239} INFO - Sync 1 DAGs
[2025-01-04T17:29:18.591+0100] {logging_mixin.py:190} INFO - [2025-01-04T17:29:18.591+0100] {dag.py:4180} INFO - Setting next_dagrun for example_python_operator to None, run_after=None
[2025-01-04T17:29:18.610+0100] {processor.py:208} INFO - Processing /Users/azeez.ganiyu/airflow_venv/lib/python3.9/site-packages/airflow/example_dags/example_python_operator.py took 0.235 seconds
[2025-01-04T17:32:12.580+0100] {processor.py:186} INFO - Started process (PID=99682) to work on /Users/azeez.ganiyu/airflow_venv/lib/python3.9/site-packages/airflow/example_dags/example_python_operator.py
[2025-01-04T17:32:12.586+0100] {processor.py:914} INFO - Processing file /Users/azeez.ganiyu/airflow_venv/lib/python3.9/site-packages/airflow/example_dags/example_python_operator.py for tasks to queue
[2025-01-04T17:32:12.587+0100] {logging_mixin.py:190} INFO - [2025-01-04T17:32:12.586+0100] {dagbag.py:588} INFO - Filling up the DagBag from /Users/azeez.ganiyu/airflow_venv/lib/python3.9/site-packages/airflow/example_dags/example_python_operator.py
[2025-01-04T17:32:12.616+0100] {logging_mixin.py:190} INFO - [2025-01-04T17:32:12.616+0100] {example_python_operator.py:93} WARNING - The virtalenv_python example task requires virtualenv, please install it.
[2025-01-04T17:32:12.623+0100] {processor.py:925} INFO - DAG(s) 'example_python_operator' retrieved from /Users/azeez.ganiyu/airflow_venv/lib/python3.9/site-packages/airflow/example_dags/example_python_operator.py
[2025-01-04T17:32:12.754+0100] {logging_mixin.py:190} INFO - [2025-01-04T17:32:12.754+0100] {dag.py:3239} INFO - Sync 1 DAGs
[2025-01-04T17:32:12.764+0100] {logging_mixin.py:190} INFO - [2025-01-04T17:32:12.763+0100] {dag.py:4180} INFO - Setting next_dagrun for example_python_operator to None, run_after=None
[2025-01-04T17:32:12.783+0100] {processor.py:208} INFO - Processing /Users/azeez.ganiyu/airflow_venv/lib/python3.9/site-packages/airflow/example_dags/example_python_operator.py took 0.210 seconds
[2025-01-04T17:35:07.198+0100] {processor.py:186} INFO - Started process (PID=527) to work on /Users/azeez.ganiyu/airflow_venv/lib/python3.9/site-packages/airflow/example_dags/example_python_operator.py
[2025-01-04T17:35:07.203+0100] {processor.py:914} INFO - Processing file /Users/azeez.ganiyu/airflow_venv/lib/python3.9/site-packages/airflow/example_dags/example_python_operator.py for tasks to queue
[2025-01-04T17:35:07.205+0100] {logging_mixin.py:190} INFO - [2025-01-04T17:35:07.204+0100] {dagbag.py:588} INFO - Filling up the DagBag from /Users/azeez.ganiyu/airflow_venv/lib/python3.9/site-packages/airflow/example_dags/example_python_operator.py
[2025-01-04T17:35:07.236+0100] {logging_mixin.py:190} INFO - [2025-01-04T17:35:07.235+0100] {example_python_operator.py:93} WARNING - The virtalenv_python example task requires virtualenv, please install it.
[2025-01-04T17:35:07.243+0100] {processor.py:925} INFO - DAG(s) 'example_python_operator' retrieved from /Users/azeez.ganiyu/airflow_venv/lib/python3.9/site-packages/airflow/example_dags/example_python_operator.py
[2025-01-04T17:35:07.384+0100] {logging_mixin.py:190} INFO - [2025-01-04T17:35:07.384+0100] {dag.py:3239} INFO - Sync 1 DAGs
[2025-01-04T17:35:07.394+0100] {logging_mixin.py:190} INFO - [2025-01-04T17:35:07.394+0100] {dag.py:4180} INFO - Setting next_dagrun for example_python_operator to None, run_after=None
[2025-01-04T17:35:07.414+0100] {processor.py:208} INFO - Processing /Users/azeez.ganiyu/airflow_venv/lib/python3.9/site-packages/airflow/example_dags/example_python_operator.py took 0.223 seconds
[2025-01-04T17:38:04.112+0100] {processor.py:186} INFO - Started process (PID=1323) to work on /Users/azeez.ganiyu/airflow_venv/lib/python3.9/site-packages/airflow/example_dags/example_python_operator.py
[2025-01-04T17:38:04.116+0100] {processor.py:914} INFO - Processing file /Users/azeez.ganiyu/airflow_venv/lib/python3.9/site-packages/airflow/example_dags/example_python_operator.py for tasks to queue
[2025-01-04T17:38:04.117+0100] {logging_mixin.py:190} INFO - [2025-01-04T17:38:04.117+0100] {dagbag.py:588} INFO - Filling up the DagBag from /Users/azeez.ganiyu/airflow_venv/lib/python3.9/site-packages/airflow/example_dags/example_python_operator.py
[2025-01-04T17:38:04.149+0100] {logging_mixin.py:190} INFO - [2025-01-04T17:38:04.148+0100] {example_python_operator.py:93} WARNING - The virtalenv_python example task requires virtualenv, please install it.
[2025-01-04T17:38:04.156+0100] {processor.py:925} INFO - DAG(s) 'example_python_operator' retrieved from /Users/azeez.ganiyu/airflow_venv/lib/python3.9/site-packages/airflow/example_dags/example_python_operator.py
[2025-01-04T17:38:04.297+0100] {logging_mixin.py:190} INFO - [2025-01-04T17:38:04.296+0100] {dag.py:3239} INFO - Sync 1 DAGs
[2025-01-04T17:38:04.306+0100] {logging_mixin.py:190} INFO - [2025-01-04T17:38:04.306+0100] {dag.py:4180} INFO - Setting next_dagrun for example_python_operator to None, run_after=None
[2025-01-04T17:38:04.326+0100] {processor.py:208} INFO - Processing /Users/azeez.ganiyu/airflow_venv/lib/python3.9/site-packages/airflow/example_dags/example_python_operator.py took 0.222 seconds
[2025-01-04T17:42:05.579+0100] {processor.py:186} INFO - Started process (PID=2360) to work on /Users/azeez.ganiyu/airflow_venv/lib/python3.9/site-packages/airflow/example_dags/example_python_operator.py
[2025-01-04T17:42:05.585+0100] {processor.py:914} INFO - Processing file /Users/azeez.ganiyu/airflow_venv/lib/python3.9/site-packages/airflow/example_dags/example_python_operator.py for tasks to queue
[2025-01-04T17:42:05.587+0100] {logging_mixin.py:190} INFO - [2025-01-04T17:42:05.587+0100] {dagbag.py:588} INFO - Filling up the DagBag from /Users/azeez.ganiyu/airflow_venv/lib/python3.9/site-packages/airflow/example_dags/example_python_operator.py
[2025-01-04T17:42:05.632+0100] {logging_mixin.py:190} INFO - [2025-01-04T17:42:05.632+0100] {example_python_operator.py:93} WARNING - The virtalenv_python example task requires virtualenv, please install it.
[2025-01-04T17:42:05.642+0100] {processor.py:925} INFO - DAG(s) 'example_python_operator' retrieved from /Users/azeez.ganiyu/airflow_venv/lib/python3.9/site-packages/airflow/example_dags/example_python_operator.py
[2025-01-04T17:42:05.838+0100] {logging_mixin.py:190} INFO - [2025-01-04T17:42:05.838+0100] {dag.py:3239} INFO - Sync 1 DAGs
[2025-01-04T17:42:05.853+0100] {logging_mixin.py:190} INFO - [2025-01-04T17:42:05.852+0100] {dag.py:4180} INFO - Setting next_dagrun for example_python_operator to None, run_after=None
[2025-01-04T17:42:05.877+0100] {processor.py:208} INFO - Processing /Users/azeez.ganiyu/airflow_venv/lib/python3.9/site-packages/airflow/example_dags/example_python_operator.py took 0.306 seconds
[2025-01-04T17:47:06.283+0100] {processor.py:186} INFO - Started process (PID=3354) to work on /Users/azeez.ganiyu/airflow_venv/lib/python3.9/site-packages/airflow/example_dags/example_python_operator.py
[2025-01-04T17:47:06.289+0100] {processor.py:914} INFO - Processing file /Users/azeez.ganiyu/airflow_venv/lib/python3.9/site-packages/airflow/example_dags/example_python_operator.py for tasks to queue
[2025-01-04T17:47:06.290+0100] {logging_mixin.py:190} INFO - [2025-01-04T17:47:06.290+0100] {dagbag.py:588} INFO - Filling up the DagBag from /Users/azeez.ganiyu/airflow_venv/lib/python3.9/site-packages/airflow/example_dags/example_python_operator.py
[2025-01-04T17:47:06.332+0100] {logging_mixin.py:190} INFO - [2025-01-04T17:47:06.332+0100] {example_python_operator.py:93} WARNING - The virtalenv_python example task requires virtualenv, please install it.
[2025-01-04T17:47:06.342+0100] {processor.py:925} INFO - DAG(s) 'example_python_operator' retrieved from /Users/azeez.ganiyu/airflow_venv/lib/python3.9/site-packages/airflow/example_dags/example_python_operator.py
[2025-01-04T17:47:06.530+0100] {logging_mixin.py:190} INFO - [2025-01-04T17:47:06.530+0100] {dag.py:3239} INFO - Sync 1 DAGs
[2025-01-04T17:47:06.544+0100] {logging_mixin.py:190} INFO - [2025-01-04T17:47:06.544+0100] {dag.py:4180} INFO - Setting next_dagrun for example_python_operator to None, run_after=None
[2025-01-04T17:47:06.571+0100] {processor.py:208} INFO - Processing /Users/azeez.ganiyu/airflow_venv/lib/python3.9/site-packages/airflow/example_dags/example_python_operator.py took 0.299 seconds
