[2025-01-04T17:26:28.399+0100] {processor.py:186} INFO - Started process (PID=98516) to work on /Users/azeez.ganiyu/airflow_venv/lib/python3.9/site-packages/airflow/example_dags/example_display_name.py
[2025-01-04T17:26:28.404+0100] {processor.py:914} INFO - Processing file /Users/azeez.ganiyu/airflow_venv/lib/python3.9/site-packages/airflow/example_dags/example_display_name.py for tasks to queue
[2025-01-04T17:26:28.405+0100] {logging_mixin.py:190} INFO - [2025-01-04T17:26:28.405+0100] {dagbag.py:588} INFO - Filling up the DagBag from /Users/azeez.ganiyu/airflow_venv/lib/python3.9/site-packages/airflow/example_dags/example_display_name.py
[2025-01-04T17:26:28.467+0100] {processor.py:925} INFO - DAG(s) 'example_display_name' retrieved from /Users/azeez.ganiyu/airflow_venv/lib/python3.9/site-packages/airflow/example_dags/example_display_name.py
[2025-01-04T17:26:28.609+0100] {logging_mixin.py:190} INFO - [2025-01-04T17:26:28.608+0100] {dag.py:3239} INFO - Sync 1 DAGs
[2025-01-04T17:26:28.620+0100] {logging_mixin.py:190} INFO - [2025-01-04T17:26:28.619+0100] {dag.py:4180} INFO - Setting next_dagrun for example_display_name to None, run_after=None
[2025-01-04T17:26:28.640+0100] {processor.py:208} INFO - Processing /Users/azeez.ganiyu/airflow_venv/lib/python3.9/site-packages/airflow/example_dags/example_display_name.py took 0.249 seconds
[2025-01-04T17:30:12.250+0100] {processor.py:186} INFO - Started process (PID=99294) to work on /Users/azeez.ganiyu/airflow_venv/lib/python3.9/site-packages/airflow/example_dags/example_display_name.py
[2025-01-04T17:30:12.255+0100] {processor.py:914} INFO - Processing file /Users/azeez.ganiyu/airflow_venv/lib/python3.9/site-packages/airflow/example_dags/example_display_name.py for tasks to queue
[2025-01-04T17:30:12.256+0100] {logging_mixin.py:190} INFO - [2025-01-04T17:30:12.256+0100] {dagbag.py:588} INFO - Filling up the DagBag from /Users/azeez.ganiyu/airflow_venv/lib/python3.9/site-packages/airflow/example_dags/example_display_name.py
[2025-01-04T17:30:12.315+0100] {processor.py:925} INFO - DAG(s) 'example_display_name' retrieved from /Users/azeez.ganiyu/airflow_venv/lib/python3.9/site-packages/airflow/example_dags/example_display_name.py
[2025-01-04T17:30:12.462+0100] {logging_mixin.py:190} INFO - [2025-01-04T17:30:12.462+0100] {dag.py:3239} INFO - Sync 1 DAGs
[2025-01-04T17:30:12.472+0100] {logging_mixin.py:190} INFO - [2025-01-04T17:30:12.472+0100] {dag.py:4180} INFO - Setting next_dagrun for example_display_name to None, run_after=None
[2025-01-04T17:30:12.491+0100] {processor.py:208} INFO - Processing /Users/azeez.ganiyu/airflow_venv/lib/python3.9/site-packages/airflow/example_dags/example_display_name.py took 0.249 seconds
[2025-01-04T17:36:02.947+0100] {processor.py:186} INFO - Started process (PID=708) to work on /Users/azeez.ganiyu/airflow_venv/lib/python3.9/site-packages/airflow/example_dags/example_display_name.py
[2025-01-04T17:36:02.952+0100] {processor.py:914} INFO - Processing file /Users/azeez.ganiyu/airflow_venv/lib/python3.9/site-packages/airflow/example_dags/example_display_name.py for tasks to queue
[2025-01-04T17:36:02.953+0100] {logging_mixin.py:190} INFO - [2025-01-04T17:36:02.952+0100] {dagbag.py:588} INFO - Filling up the DagBag from /Users/azeez.ganiyu/airflow_venv/lib/python3.9/site-packages/airflow/example_dags/example_display_name.py
[2025-01-04T17:36:03.012+0100] {processor.py:925} INFO - DAG(s) 'example_display_name' retrieved from /Users/azeez.ganiyu/airflow_venv/lib/python3.9/site-packages/airflow/example_dags/example_display_name.py
[2025-01-04T17:36:03.161+0100] {logging_mixin.py:190} INFO - [2025-01-04T17:36:03.160+0100] {dag.py:3239} INFO - Sync 1 DAGs
[2025-01-04T17:36:03.173+0100] {logging_mixin.py:190} INFO - [2025-01-04T17:36:03.172+0100] {dag.py:4180} INFO - Setting next_dagrun for example_display_name to None, run_after=None
[2025-01-04T17:36:03.196+0100] {processor.py:208} INFO - Processing /Users/azeez.ganiyu/airflow_venv/lib/python3.9/site-packages/airflow/example_dags/example_display_name.py took 0.258 seconds
[2025-01-04T17:43:24.516+0100] {processor.py:186} INFO - Started process (PID=2780) to work on /Users/azeez.ganiyu/airflow_venv/lib/python3.9/site-packages/airflow/example_dags/example_display_name.py
[2025-01-04T17:43:24.521+0100] {processor.py:914} INFO - Processing file /Users/azeez.ganiyu/airflow_venv/lib/python3.9/site-packages/airflow/example_dags/example_display_name.py for tasks to queue
[2025-01-04T17:43:24.522+0100] {logging_mixin.py:190} INFO - [2025-01-04T17:43:24.522+0100] {dagbag.py:588} INFO - Filling up the DagBag from /Users/azeez.ganiyu/airflow_venv/lib/python3.9/site-packages/airflow/example_dags/example_display_name.py
[2025-01-04T17:43:24.575+0100] {processor.py:925} INFO - DAG(s) 'example_display_name' retrieved from /Users/azeez.ganiyu/airflow_venv/lib/python3.9/site-packages/airflow/example_dags/example_display_name.py
[2025-01-04T17:43:24.708+0100] {logging_mixin.py:190} INFO - [2025-01-04T17:43:24.707+0100] {dag.py:3239} INFO - Sync 1 DAGs
[2025-01-04T17:43:24.717+0100] {logging_mixin.py:190} INFO - [2025-01-04T17:43:24.717+0100] {dag.py:4180} INFO - Setting next_dagrun for example_display_name to None, run_after=None
[2025-01-04T17:43:24.736+0100] {processor.py:208} INFO - Processing /Users/azeez.ganiyu/airflow_venv/lib/python3.9/site-packages/airflow/example_dags/example_display_name.py took 0.228 seconds
