[2025-01-04T17:25:55.236+0100] {processor.py:186} INFO - Started process (PID=98393) to work on /Users/azeez.ganiyu/airflow_venv/lib/python3.9/site-packages/airflow/example_dags/example_nested_branch_dag.py
[2025-01-04T17:25:55.243+0100] {processor.py:914} INFO - Processing file /Users/azeez.ganiyu/airflow_venv/lib/python3.9/site-packages/airflow/example_dags/example_nested_branch_dag.py for tasks to queue
[2025-01-04T17:25:55.244+0100] {logging_mixin.py:190} INFO - [2025-01-04T17:25:55.244+0100] {dagbag.py:588} INFO - Filling up the DagBag from /Users/azeez.ganiyu/airflow_venv/lib/python3.9/site-packages/airflow/example_dags/example_nested_branch_dag.py
[2025-01-04T17:25:55.317+0100] {processor.py:925} INFO - DAG(s) 'example_nested_branch_dag' retrieved from /Users/azeez.ganiyu/airflow_venv/lib/python3.9/site-packages/airflow/example_dags/example_nested_branch_dag.py
[2025-01-04T17:25:55.469+0100] {logging_mixin.py:190} INFO - [2025-01-04T17:25:55.469+0100] {dag.py:3239} INFO - Sync 1 DAGs
[2025-01-04T17:25:55.488+0100] {logging_mixin.py:190} INFO - [2025-01-04T17:25:55.488+0100] {dag.py:4180} INFO - Setting next_dagrun for example_nested_branch_dag to 2025-01-03 00:00:00+00:00, run_after=2025-01-04 00:00:00+00:00
[2025-01-04T17:25:55.511+0100] {processor.py:208} INFO - Processing /Users/azeez.ganiyu/airflow_venv/lib/python3.9/site-packages/airflow/example_dags/example_nested_branch_dag.py took 0.283 seconds
[2025-01-04T17:29:40.021+0100] {processor.py:186} INFO - Started process (PID=99162) to work on /Users/azeez.ganiyu/airflow_venv/lib/python3.9/site-packages/airflow/example_dags/example_nested_branch_dag.py
[2025-01-04T17:29:40.026+0100] {processor.py:914} INFO - Processing file /Users/azeez.ganiyu/airflow_venv/lib/python3.9/site-packages/airflow/example_dags/example_nested_branch_dag.py for tasks to queue
[2025-01-04T17:29:40.027+0100] {logging_mixin.py:190} INFO - [2025-01-04T17:29:40.027+0100] {dagbag.py:588} INFO - Filling up the DagBag from /Users/azeez.ganiyu/airflow_venv/lib/python3.9/site-packages/airflow/example_dags/example_nested_branch_dag.py
[2025-01-04T17:29:40.084+0100] {processor.py:925} INFO - DAG(s) 'example_nested_branch_dag' retrieved from /Users/azeez.ganiyu/airflow_venv/lib/python3.9/site-packages/airflow/example_dags/example_nested_branch_dag.py
[2025-01-04T17:29:40.215+0100] {logging_mixin.py:190} INFO - [2025-01-04T17:29:40.214+0100] {dag.py:3239} INFO - Sync 1 DAGs
[2025-01-04T17:29:40.229+0100] {logging_mixin.py:190} INFO - [2025-01-04T17:29:40.228+0100] {dag.py:4180} INFO - Setting next_dagrun for example_nested_branch_dag to 2025-01-03 00:00:00+00:00, run_after=2025-01-04 00:00:00+00:00
[2025-01-04T17:29:40.248+0100] {processor.py:208} INFO - Processing /Users/azeez.ganiyu/airflow_venv/lib/python3.9/site-packages/airflow/example_dags/example_nested_branch_dag.py took 0.236 seconds
[2025-01-04T17:32:34.065+0100] {processor.py:186} INFO - Started process (PID=99744) to work on /Users/azeez.ganiyu/airflow_venv/lib/python3.9/site-packages/airflow/example_dags/example_nested_branch_dag.py
[2025-01-04T17:32:34.077+0100] {processor.py:914} INFO - Processing file /Users/azeez.ganiyu/airflow_venv/lib/python3.9/site-packages/airflow/example_dags/example_nested_branch_dag.py for tasks to queue
[2025-01-04T17:32:34.079+0100] {logging_mixin.py:190} INFO - [2025-01-04T17:32:34.079+0100] {dagbag.py:588} INFO - Filling up the DagBag from /Users/azeez.ganiyu/airflow_venv/lib/python3.9/site-packages/airflow/example_dags/example_nested_branch_dag.py
[2025-01-04T17:32:34.137+0100] {processor.py:925} INFO - DAG(s) 'example_nested_branch_dag' retrieved from /Users/azeez.ganiyu/airflow_venv/lib/python3.9/site-packages/airflow/example_dags/example_nested_branch_dag.py
[2025-01-04T17:32:34.275+0100] {logging_mixin.py:190} INFO - [2025-01-04T17:32:34.275+0100] {dag.py:3239} INFO - Sync 1 DAGs
[2025-01-04T17:32:34.291+0100] {logging_mixin.py:190} INFO - [2025-01-04T17:32:34.290+0100] {dag.py:4180} INFO - Setting next_dagrun for example_nested_branch_dag to 2025-01-03 00:00:00+00:00, run_after=2025-01-04 00:00:00+00:00
[2025-01-04T17:32:34.312+0100] {processor.py:208} INFO - Processing /Users/azeez.ganiyu/airflow_venv/lib/python3.9/site-packages/airflow/example_dags/example_nested_branch_dag.py took 0.255 seconds
[2025-01-04T17:35:30.539+0100] {processor.py:186} INFO - Started process (PID=597) to work on /Users/azeez.ganiyu/airflow_venv/lib/python3.9/site-packages/airflow/example_dags/example_nested_branch_dag.py
[2025-01-04T17:35:30.545+0100] {processor.py:914} INFO - Processing file /Users/azeez.ganiyu/airflow_venv/lib/python3.9/site-packages/airflow/example_dags/example_nested_branch_dag.py for tasks to queue
[2025-01-04T17:35:30.547+0100] {logging_mixin.py:190} INFO - [2025-01-04T17:35:30.547+0100] {dagbag.py:588} INFO - Filling up the DagBag from /Users/azeez.ganiyu/airflow_venv/lib/python3.9/site-packages/airflow/example_dags/example_nested_branch_dag.py
[2025-01-04T17:35:30.608+0100] {processor.py:925} INFO - DAG(s) 'example_nested_branch_dag' retrieved from /Users/azeez.ganiyu/airflow_venv/lib/python3.9/site-packages/airflow/example_dags/example_nested_branch_dag.py
[2025-01-04T17:35:30.764+0100] {logging_mixin.py:190} INFO - [2025-01-04T17:35:30.764+0100] {dag.py:3239} INFO - Sync 1 DAGs
[2025-01-04T17:35:30.781+0100] {logging_mixin.py:190} INFO - [2025-01-04T17:35:30.781+0100] {dag.py:4180} INFO - Setting next_dagrun for example_nested_branch_dag to 2025-01-03 00:00:00+00:00, run_after=2025-01-04 00:00:00+00:00
[2025-01-04T17:35:30.801+0100] {processor.py:208} INFO - Processing /Users/azeez.ganiyu/airflow_venv/lib/python3.9/site-packages/airflow/example_dags/example_nested_branch_dag.py took 0.270 seconds
[2025-01-04T17:38:25.477+0100] {processor.py:186} INFO - Started process (PID=1397) to work on /Users/azeez.ganiyu/airflow_venv/lib/python3.9/site-packages/airflow/example_dags/example_nested_branch_dag.py
[2025-01-04T17:38:25.482+0100] {processor.py:914} INFO - Processing file /Users/azeez.ganiyu/airflow_venv/lib/python3.9/site-packages/airflow/example_dags/example_nested_branch_dag.py for tasks to queue
[2025-01-04T17:38:25.483+0100] {logging_mixin.py:190} INFO - [2025-01-04T17:38:25.483+0100] {dagbag.py:588} INFO - Filling up the DagBag from /Users/azeez.ganiyu/airflow_venv/lib/python3.9/site-packages/airflow/example_dags/example_nested_branch_dag.py
[2025-01-04T17:38:25.547+0100] {processor.py:925} INFO - DAG(s) 'example_nested_branch_dag' retrieved from /Users/azeez.ganiyu/airflow_venv/lib/python3.9/site-packages/airflow/example_dags/example_nested_branch_dag.py
[2025-01-04T17:38:25.692+0100] {logging_mixin.py:190} INFO - [2025-01-04T17:38:25.691+0100] {dag.py:3239} INFO - Sync 1 DAGs
[2025-01-04T17:38:25.707+0100] {logging_mixin.py:190} INFO - [2025-01-04T17:38:25.707+0100] {dag.py:4180} INFO - Setting next_dagrun for example_nested_branch_dag to 2025-01-03 00:00:00+00:00, run_after=2025-01-04 00:00:00+00:00
[2025-01-04T17:38:25.728+0100] {processor.py:208} INFO - Processing /Users/azeez.ganiyu/airflow_venv/lib/python3.9/site-packages/airflow/example_dags/example_nested_branch_dag.py took 0.258 seconds
[2025-01-04T17:42:38.521+0100] {processor.py:186} INFO - Started process (PID=2654) to work on /Users/azeez.ganiyu/airflow_venv/lib/python3.9/site-packages/airflow/example_dags/example_nested_branch_dag.py
[2025-01-04T17:42:38.526+0100] {processor.py:914} INFO - Processing file /Users/azeez.ganiyu/airflow_venv/lib/python3.9/site-packages/airflow/example_dags/example_nested_branch_dag.py for tasks to queue
[2025-01-04T17:42:38.527+0100] {logging_mixin.py:190} INFO - [2025-01-04T17:42:38.527+0100] {dagbag.py:588} INFO - Filling up the DagBag from /Users/azeez.ganiyu/airflow_venv/lib/python3.9/site-packages/airflow/example_dags/example_nested_branch_dag.py
[2025-01-04T17:42:38.584+0100] {processor.py:925} INFO - DAG(s) 'example_nested_branch_dag' retrieved from /Users/azeez.ganiyu/airflow_venv/lib/python3.9/site-packages/airflow/example_dags/example_nested_branch_dag.py
[2025-01-04T17:42:38.717+0100] {logging_mixin.py:190} INFO - [2025-01-04T17:42:38.716+0100] {dag.py:3239} INFO - Sync 1 DAGs
[2025-01-04T17:42:38.732+0100] {logging_mixin.py:190} INFO - [2025-01-04T17:42:38.732+0100] {dag.py:4180} INFO - Setting next_dagrun for example_nested_branch_dag to 2025-01-03 00:00:00+00:00, run_after=2025-01-04 00:00:00+00:00
[2025-01-04T17:42:38.751+0100] {processor.py:208} INFO - Processing /Users/azeez.ganiyu/airflow_venv/lib/python3.9/site-packages/airflow/example_dags/example_nested_branch_dag.py took 0.238 seconds
[2025-01-04T17:48:24.183+0100] {processor.py:186} INFO - Started process (PID=3497) to work on /Users/azeez.ganiyu/airflow_venv/lib/python3.9/site-packages/airflow/example_dags/example_nested_branch_dag.py
[2025-01-04T17:48:24.189+0100] {processor.py:914} INFO - Processing file /Users/azeez.ganiyu/airflow_venv/lib/python3.9/site-packages/airflow/example_dags/example_nested_branch_dag.py for tasks to queue
[2025-01-04T17:48:24.190+0100] {logging_mixin.py:190} INFO - [2025-01-04T17:48:24.190+0100] {dagbag.py:588} INFO - Filling up the DagBag from /Users/azeez.ganiyu/airflow_venv/lib/python3.9/site-packages/airflow/example_dags/example_nested_branch_dag.py
[2025-01-04T17:48:24.247+0100] {processor.py:925} INFO - DAG(s) 'example_nested_branch_dag' retrieved from /Users/azeez.ganiyu/airflow_venv/lib/python3.9/site-packages/airflow/example_dags/example_nested_branch_dag.py
[2025-01-04T17:48:24.533+0100] {logging_mixin.py:190} INFO - [2025-01-04T17:48:24.532+0100] {dag.py:3239} INFO - Sync 1 DAGs
[2025-01-04T17:48:24.573+0100] {logging_mixin.py:190} INFO - [2025-01-04T17:48:24.573+0100] {dag.py:4180} INFO - Setting next_dagrun for example_nested_branch_dag to 2025-01-03 00:00:00+00:00, run_after=2025-01-04 00:00:00+00:00
[2025-01-04T17:48:24.670+0100] {processor.py:208} INFO - Processing /Users/azeez.ganiyu/airflow_venv/lib/python3.9/site-packages/airflow/example_dags/example_nested_branch_dag.py took 0.496 seconds
