[2025-01-04T17:25:17.975+0100] {processor.py:186} INFO - Started process (PID=98269) to work on /Users/azeez.ganiyu/airflow_venv/lib/python3.9/site-packages/airflow/example_dags/example_setup_teardown_taskflow.py
[2025-01-04T17:25:17.981+0100] {processor.py:914} INFO - Processing file /Users/azeez.ganiyu/airflow_venv/lib/python3.9/site-packages/airflow/example_dags/example_setup_teardown_taskflow.py for tasks to queue
[2025-01-04T17:25:17.982+0100] {logging_mixin.py:190} INFO - [2025-01-04T17:25:17.982+0100] {dagbag.py:588} INFO - Filling up the DagBag from /Users/azeez.ganiyu/airflow_venv/lib/python3.9/site-packages/airflow/example_dags/example_setup_teardown_taskflow.py
[2025-01-04T17:25:18.038+0100] {processor.py:925} INFO - DAG(s) 'example_setup_teardown_taskflow' retrieved from /Users/azeez.ganiyu/airflow_venv/lib/python3.9/site-packages/airflow/example_dags/example_setup_teardown_taskflow.py
[2025-01-04T17:25:18.187+0100] {logging_mixin.py:190} INFO - [2025-01-04T17:25:18.187+0100] {dag.py:3239} INFO - Sync 1 DAGs
[2025-01-04T17:25:18.196+0100] {logging_mixin.py:190} INFO - [2025-01-04T17:25:18.196+0100] {dag.py:4180} INFO - Setting next_dagrun for example_setup_teardown_taskflow to None, run_after=None
[2025-01-04T17:25:18.216+0100] {processor.py:208} INFO - Processing /Users/azeez.ganiyu/airflow_venv/lib/python3.9/site-packages/airflow/example_dags/example_setup_teardown_taskflow.py took 0.249 seconds
[2025-01-04T17:29:03.339+0100] {processor.py:186} INFO - Started process (PID=99031) to work on /Users/azeez.ganiyu/airflow_venv/lib/python3.9/site-packages/airflow/example_dags/example_setup_teardown_taskflow.py
[2025-01-04T17:29:03.343+0100] {processor.py:914} INFO - Processing file /Users/azeez.ganiyu/airflow_venv/lib/python3.9/site-packages/airflow/example_dags/example_setup_teardown_taskflow.py for tasks to queue
[2025-01-04T17:29:03.345+0100] {logging_mixin.py:190} INFO - [2025-01-04T17:29:03.344+0100] {dagbag.py:588} INFO - Filling up the DagBag from /Users/azeez.ganiyu/airflow_venv/lib/python3.9/site-packages/airflow/example_dags/example_setup_teardown_taskflow.py
[2025-01-04T17:29:03.415+0100] {processor.py:925} INFO - DAG(s) 'example_setup_teardown_taskflow' retrieved from /Users/azeez.ganiyu/airflow_venv/lib/python3.9/site-packages/airflow/example_dags/example_setup_teardown_taskflow.py
[2025-01-04T17:29:03.594+0100] {logging_mixin.py:190} INFO - [2025-01-04T17:29:03.593+0100] {dag.py:3239} INFO - Sync 1 DAGs
[2025-01-04T17:29:03.612+0100] {logging_mixin.py:190} INFO - [2025-01-04T17:29:03.612+0100] {dag.py:4180} INFO - Setting next_dagrun for example_setup_teardown_taskflow to None, run_after=None
[2025-01-04T17:29:03.639+0100] {processor.py:208} INFO - Processing /Users/azeez.ganiyu/airflow_venv/lib/python3.9/site-packages/airflow/example_dags/example_setup_teardown_taskflow.py took 0.310 seconds
[2025-01-04T17:31:58.299+0100] {processor.py:186} INFO - Started process (PID=99638) to work on /Users/azeez.ganiyu/airflow_venv/lib/python3.9/site-packages/airflow/example_dags/example_setup_teardown_taskflow.py
[2025-01-04T17:31:58.304+0100] {processor.py:914} INFO - Processing file /Users/azeez.ganiyu/airflow_venv/lib/python3.9/site-packages/airflow/example_dags/example_setup_teardown_taskflow.py for tasks to queue
[2025-01-04T17:31:58.306+0100] {logging_mixin.py:190} INFO - [2025-01-04T17:31:58.305+0100] {dagbag.py:588} INFO - Filling up the DagBag from /Users/azeez.ganiyu/airflow_venv/lib/python3.9/site-packages/airflow/example_dags/example_setup_teardown_taskflow.py
[2025-01-04T17:31:58.367+0100] {processor.py:925} INFO - DAG(s) 'example_setup_teardown_taskflow' retrieved from /Users/azeez.ganiyu/airflow_venv/lib/python3.9/site-packages/airflow/example_dags/example_setup_teardown_taskflow.py
[2025-01-04T17:31:58.501+0100] {logging_mixin.py:190} INFO - [2025-01-04T17:31:58.500+0100] {dag.py:3239} INFO - Sync 1 DAGs
[2025-01-04T17:31:58.510+0100] {logging_mixin.py:190} INFO - [2025-01-04T17:31:58.510+0100] {dag.py:4180} INFO - Setting next_dagrun for example_setup_teardown_taskflow to None, run_after=None
[2025-01-04T17:31:58.529+0100] {processor.py:208} INFO - Processing /Users/azeez.ganiyu/airflow_venv/lib/python3.9/site-packages/airflow/example_dags/example_setup_teardown_taskflow.py took 0.238 seconds
[2025-01-04T17:34:52.682+0100] {processor.py:186} INFO - Started process (PID=457) to work on /Users/azeez.ganiyu/airflow_venv/lib/python3.9/site-packages/airflow/example_dags/example_setup_teardown_taskflow.py
[2025-01-04T17:34:52.687+0100] {processor.py:914} INFO - Processing file /Users/azeez.ganiyu/airflow_venv/lib/python3.9/site-packages/airflow/example_dags/example_setup_teardown_taskflow.py for tasks to queue
[2025-01-04T17:34:52.689+0100] {logging_mixin.py:190} INFO - [2025-01-04T17:34:52.688+0100] {dagbag.py:588} INFO - Filling up the DagBag from /Users/azeez.ganiyu/airflow_venv/lib/python3.9/site-packages/airflow/example_dags/example_setup_teardown_taskflow.py
[2025-01-04T17:34:52.747+0100] {processor.py:925} INFO - DAG(s) 'example_setup_teardown_taskflow' retrieved from /Users/azeez.ganiyu/airflow_venv/lib/python3.9/site-packages/airflow/example_dags/example_setup_teardown_taskflow.py
[2025-01-04T17:34:52.892+0100] {logging_mixin.py:190} INFO - [2025-01-04T17:34:52.892+0100] {dag.py:3239} INFO - Sync 1 DAGs
[2025-01-04T17:34:52.902+0100] {logging_mixin.py:190} INFO - [2025-01-04T17:34:52.902+0100] {dag.py:4180} INFO - Setting next_dagrun for example_setup_teardown_taskflow to None, run_after=None
[2025-01-04T17:34:52.923+0100] {processor.py:208} INFO - Processing /Users/azeez.ganiyu/airflow_venv/lib/python3.9/site-packages/airflow/example_dags/example_setup_teardown_taskflow.py took 0.249 seconds
[2025-01-04T17:37:49.950+0100] {processor.py:186} INFO - Started process (PID=1278) to work on /Users/azeez.ganiyu/airflow_venv/lib/python3.9/site-packages/airflow/example_dags/example_setup_teardown_taskflow.py
[2025-01-04T17:37:49.957+0100] {processor.py:914} INFO - Processing file /Users/azeez.ganiyu/airflow_venv/lib/python3.9/site-packages/airflow/example_dags/example_setup_teardown_taskflow.py for tasks to queue
[2025-01-04T17:37:49.958+0100] {logging_mixin.py:190} INFO - [2025-01-04T17:37:49.958+0100] {dagbag.py:588} INFO - Filling up the DagBag from /Users/azeez.ganiyu/airflow_venv/lib/python3.9/site-packages/airflow/example_dags/example_setup_teardown_taskflow.py
[2025-01-04T17:37:50.016+0100] {processor.py:925} INFO - DAG(s) 'example_setup_teardown_taskflow' retrieved from /Users/azeez.ganiyu/airflow_venv/lib/python3.9/site-packages/airflow/example_dags/example_setup_teardown_taskflow.py
[2025-01-04T17:37:50.158+0100] {logging_mixin.py:190} INFO - [2025-01-04T17:37:50.158+0100] {dag.py:3239} INFO - Sync 1 DAGs
[2025-01-04T17:37:50.168+0100] {logging_mixin.py:190} INFO - [2025-01-04T17:37:50.168+0100] {dag.py:4180} INFO - Setting next_dagrun for example_setup_teardown_taskflow to None, run_after=None
[2025-01-04T17:37:50.188+0100] {processor.py:208} INFO - Processing /Users/azeez.ganiyu/airflow_venv/lib/python3.9/site-packages/airflow/example_dags/example_setup_teardown_taskflow.py took 0.245 seconds
[2025-01-04T17:41:01.606+0100] {processor.py:186} INFO - Started process (PID=1891) to work on /Users/azeez.ganiyu/airflow_venv/lib/python3.9/site-packages/airflow/example_dags/example_setup_teardown_taskflow.py
[2025-01-04T17:41:01.612+0100] {processor.py:914} INFO - Processing file /Users/azeez.ganiyu/airflow_venv/lib/python3.9/site-packages/airflow/example_dags/example_setup_teardown_taskflow.py for tasks to queue
[2025-01-04T17:41:01.613+0100] {logging_mixin.py:190} INFO - [2025-01-04T17:41:01.613+0100] {dagbag.py:588} INFO - Filling up the DagBag from /Users/azeez.ganiyu/airflow_venv/lib/python3.9/site-packages/airflow/example_dags/example_setup_teardown_taskflow.py
[2025-01-04T17:41:01.667+0100] {processor.py:925} INFO - DAG(s) 'example_setup_teardown_taskflow' retrieved from /Users/azeez.ganiyu/airflow_venv/lib/python3.9/site-packages/airflow/example_dags/example_setup_teardown_taskflow.py
[2025-01-04T17:41:01.803+0100] {logging_mixin.py:190} INFO - [2025-01-04T17:41:01.803+0100] {dag.py:3239} INFO - Sync 1 DAGs
[2025-01-04T17:41:01.814+0100] {logging_mixin.py:190} INFO - [2025-01-04T17:41:01.814+0100] {dag.py:4180} INFO - Setting next_dagrun for example_setup_teardown_taskflow to None, run_after=None
[2025-01-04T17:41:01.833+0100] {processor.py:208} INFO - Processing /Users/azeez.ganiyu/airflow_venv/lib/python3.9/site-packages/airflow/example_dags/example_setup_teardown_taskflow.py took 0.235 seconds
[2025-01-04T17:45:56.207+0100] {processor.py:186} INFO - Started process (PID=3216) to work on /Users/azeez.ganiyu/airflow_venv/lib/python3.9/site-packages/airflow/example_dags/example_setup_teardown_taskflow.py
[2025-01-04T17:45:56.212+0100] {processor.py:914} INFO - Processing file /Users/azeez.ganiyu/airflow_venv/lib/python3.9/site-packages/airflow/example_dags/example_setup_teardown_taskflow.py for tasks to queue
[2025-01-04T17:45:56.213+0100] {logging_mixin.py:190} INFO - [2025-01-04T17:45:56.213+0100] {dagbag.py:588} INFO - Filling up the DagBag from /Users/azeez.ganiyu/airflow_venv/lib/python3.9/site-packages/airflow/example_dags/example_setup_teardown_taskflow.py
[2025-01-04T17:45:56.267+0100] {processor.py:925} INFO - DAG(s) 'example_setup_teardown_taskflow' retrieved from /Users/azeez.ganiyu/airflow_venv/lib/python3.9/site-packages/airflow/example_dags/example_setup_teardown_taskflow.py
[2025-01-04T17:45:56.422+0100] {logging_mixin.py:190} INFO - [2025-01-04T17:45:56.422+0100] {dag.py:3239} INFO - Sync 1 DAGs
[2025-01-04T17:45:56.433+0100] {logging_mixin.py:190} INFO - [2025-01-04T17:45:56.433+0100] {dag.py:4180} INFO - Setting next_dagrun for example_setup_teardown_taskflow to None, run_after=None
[2025-01-04T17:45:56.453+0100] {processor.py:208} INFO - Processing /Users/azeez.ganiyu/airflow_venv/lib/python3.9/site-packages/airflow/example_dags/example_setup_teardown_taskflow.py took 0.254 seconds
