[2025-01-04T17:25:36.918+0100] {processor.py:186} INFO - Started process (PID=98335) to work on /Users/azeez.ganiyu/airflow_venv/lib/python3.9/site-packages/airflow/example_dags/example_python_decorator.py
[2025-01-04T17:25:36.924+0100] {processor.py:914} INFO - Processing file /Users/azeez.ganiyu/airflow_venv/lib/python3.9/site-packages/airflow/example_dags/example_python_decorator.py for tasks to queue
[2025-01-04T17:25:36.925+0100] {logging_mixin.py:190} INFO - [2025-01-04T17:25:36.925+0100] {dagbag.py:588} INFO - Filling up the DagBag from /Users/azeez.ganiyu/airflow_venv/lib/python3.9/site-packages/airflow/example_dags/example_python_decorator.py
[2025-01-04T17:25:36.978+0100] {logging_mixin.py:190} INFO - [2025-01-04T17:25:36.977+0100] {example_python_decorator.py:80} WARNING - The virtalenv_python example task requires virtualenv, please install it.
[2025-01-04T17:25:36.981+0100] {processor.py:925} INFO - DAG(s) 'example_python_decorator' retrieved from /Users/azeez.ganiyu/airflow_venv/lib/python3.9/site-packages/airflow/example_dags/example_python_decorator.py
[2025-01-04T17:25:37.136+0100] {logging_mixin.py:190} INFO - [2025-01-04T17:25:37.135+0100] {dag.py:3239} INFO - Sync 1 DAGs
[2025-01-04T17:25:37.147+0100] {logging_mixin.py:190} INFO - [2025-01-04T17:25:37.147+0100] {dag.py:4180} INFO - Setting next_dagrun for example_python_decorator to None, run_after=None
[2025-01-04T17:25:37.169+0100] {processor.py:208} INFO - Processing /Users/azeez.ganiyu/airflow_venv/lib/python3.9/site-packages/airflow/example_dags/example_python_decorator.py took 0.259 seconds
[2025-01-04T17:29:21.924+0100] {processor.py:186} INFO - Started process (PID=99089) to work on /Users/azeez.ganiyu/airflow_venv/lib/python3.9/site-packages/airflow/example_dags/example_python_decorator.py
[2025-01-04T17:29:21.929+0100] {processor.py:914} INFO - Processing file /Users/azeez.ganiyu/airflow_venv/lib/python3.9/site-packages/airflow/example_dags/example_python_decorator.py for tasks to queue
[2025-01-04T17:29:21.931+0100] {logging_mixin.py:190} INFO - [2025-01-04T17:29:21.930+0100] {dagbag.py:588} INFO - Filling up the DagBag from /Users/azeez.ganiyu/airflow_venv/lib/python3.9/site-packages/airflow/example_dags/example_python_decorator.py
[2025-01-04T17:29:21.982+0100] {logging_mixin.py:190} INFO - [2025-01-04T17:29:21.982+0100] {example_python_decorator.py:80} WARNING - The virtalenv_python example task requires virtualenv, please install it.
[2025-01-04T17:29:21.988+0100] {processor.py:925} INFO - DAG(s) 'example_python_decorator' retrieved from /Users/azeez.ganiyu/airflow_venv/lib/python3.9/site-packages/airflow/example_dags/example_python_decorator.py
[2025-01-04T17:29:22.120+0100] {logging_mixin.py:190} INFO - [2025-01-04T17:29:22.119+0100] {dag.py:3239} INFO - Sync 1 DAGs
[2025-01-04T17:29:22.129+0100] {logging_mixin.py:190} INFO - [2025-01-04T17:29:22.129+0100] {dag.py:4180} INFO - Setting next_dagrun for example_python_decorator to None, run_after=None
[2025-01-04T17:29:22.149+0100] {processor.py:208} INFO - Processing /Users/azeez.ganiyu/airflow_venv/lib/python3.9/site-packages/airflow/example_dags/example_python_decorator.py took 0.233 seconds
[2025-01-04T17:32:16.093+0100] {processor.py:186} INFO - Started process (PID=99694) to work on /Users/azeez.ganiyu/airflow_venv/lib/python3.9/site-packages/airflow/example_dags/example_python_decorator.py
[2025-01-04T17:32:16.097+0100] {processor.py:914} INFO - Processing file /Users/azeez.ganiyu/airflow_venv/lib/python3.9/site-packages/airflow/example_dags/example_python_decorator.py for tasks to queue
[2025-01-04T17:32:16.098+0100] {logging_mixin.py:190} INFO - [2025-01-04T17:32:16.098+0100] {dagbag.py:588} INFO - Filling up the DagBag from /Users/azeez.ganiyu/airflow_venv/lib/python3.9/site-packages/airflow/example_dags/example_python_decorator.py
[2025-01-04T17:32:16.151+0100] {logging_mixin.py:190} INFO - [2025-01-04T17:32:16.150+0100] {example_python_decorator.py:80} WARNING - The virtalenv_python example task requires virtualenv, please install it.
[2025-01-04T17:32:16.155+0100] {processor.py:925} INFO - DAG(s) 'example_python_decorator' retrieved from /Users/azeez.ganiyu/airflow_venv/lib/python3.9/site-packages/airflow/example_dags/example_python_decorator.py
[2025-01-04T17:32:16.287+0100] {logging_mixin.py:190} INFO - [2025-01-04T17:32:16.287+0100] {dag.py:3239} INFO - Sync 1 DAGs
[2025-01-04T17:32:16.296+0100] {logging_mixin.py:190} INFO - [2025-01-04T17:32:16.296+0100] {dag.py:4180} INFO - Setting next_dagrun for example_python_decorator to None, run_after=None
[2025-01-04T17:32:16.317+0100] {processor.py:208} INFO - Processing /Users/azeez.ganiyu/airflow_venv/lib/python3.9/site-packages/airflow/example_dags/example_python_decorator.py took 0.232 seconds
[2025-01-04T17:35:10.786+0100] {processor.py:186} INFO - Started process (PID=542) to work on /Users/azeez.ganiyu/airflow_venv/lib/python3.9/site-packages/airflow/example_dags/example_python_decorator.py
[2025-01-04T17:35:10.791+0100] {processor.py:914} INFO - Processing file /Users/azeez.ganiyu/airflow_venv/lib/python3.9/site-packages/airflow/example_dags/example_python_decorator.py for tasks to queue
[2025-01-04T17:35:10.793+0100] {logging_mixin.py:190} INFO - [2025-01-04T17:35:10.792+0100] {dagbag.py:588} INFO - Filling up the DagBag from /Users/azeez.ganiyu/airflow_venv/lib/python3.9/site-packages/airflow/example_dags/example_python_decorator.py
[2025-01-04T17:35:10.847+0100] {logging_mixin.py:190} INFO - [2025-01-04T17:35:10.846+0100] {example_python_decorator.py:80} WARNING - The virtalenv_python example task requires virtualenv, please install it.
[2025-01-04T17:35:10.851+0100] {processor.py:925} INFO - DAG(s) 'example_python_decorator' retrieved from /Users/azeez.ganiyu/airflow_venv/lib/python3.9/site-packages/airflow/example_dags/example_python_decorator.py
[2025-01-04T17:35:10.991+0100] {logging_mixin.py:190} INFO - [2025-01-04T17:35:10.990+0100] {dag.py:3239} INFO - Sync 1 DAGs
[2025-01-04T17:35:11.000+0100] {logging_mixin.py:190} INFO - [2025-01-04T17:35:10.999+0100] {dag.py:4180} INFO - Setting next_dagrun for example_python_decorator to None, run_after=None
[2025-01-04T17:35:11.020+0100] {processor.py:208} INFO - Processing /Users/azeez.ganiyu/airflow_venv/lib/python3.9/site-packages/airflow/example_dags/example_python_decorator.py took 0.242 seconds
[2025-01-04T17:38:07.199+0100] {processor.py:186} INFO - Started process (PID=1330) to work on /Users/azeez.ganiyu/airflow_venv/lib/python3.9/site-packages/airflow/example_dags/example_python_decorator.py
[2025-01-04T17:38:07.204+0100] {processor.py:914} INFO - Processing file /Users/azeez.ganiyu/airflow_venv/lib/python3.9/site-packages/airflow/example_dags/example_python_decorator.py for tasks to queue
[2025-01-04T17:38:07.205+0100] {logging_mixin.py:190} INFO - [2025-01-04T17:38:07.205+0100] {dagbag.py:588} INFO - Filling up the DagBag from /Users/azeez.ganiyu/airflow_venv/lib/python3.9/site-packages/airflow/example_dags/example_python_decorator.py
[2025-01-04T17:38:07.260+0100] {logging_mixin.py:190} INFO - [2025-01-04T17:38:07.260+0100] {example_python_decorator.py:80} WARNING - The virtalenv_python example task requires virtualenv, please install it.
[2025-01-04T17:38:07.265+0100] {processor.py:925} INFO - DAG(s) 'example_python_decorator' retrieved from /Users/azeez.ganiyu/airflow_venv/lib/python3.9/site-packages/airflow/example_dags/example_python_decorator.py
[2025-01-04T17:38:07.408+0100] {logging_mixin.py:190} INFO - [2025-01-04T17:38:07.408+0100] {dag.py:3239} INFO - Sync 1 DAGs
[2025-01-04T17:38:07.417+0100] {logging_mixin.py:190} INFO - [2025-01-04T17:38:07.417+0100] {dag.py:4180} INFO - Setting next_dagrun for example_python_decorator to None, run_after=None
[2025-01-04T17:38:07.437+0100] {processor.py:208} INFO - Processing /Users/azeez.ganiyu/airflow_venv/lib/python3.9/site-packages/airflow/example_dags/example_python_decorator.py took 0.247 seconds
[2025-01-04T17:42:09.422+0100] {processor.py:186} INFO - Started process (PID=2565) to work on /Users/azeez.ganiyu/airflow_venv/lib/python3.9/site-packages/airflow/example_dags/example_python_decorator.py
[2025-01-04T17:42:09.427+0100] {processor.py:914} INFO - Processing file /Users/azeez.ganiyu/airflow_venv/lib/python3.9/site-packages/airflow/example_dags/example_python_decorator.py for tasks to queue
[2025-01-04T17:42:09.428+0100] {logging_mixin.py:190} INFO - [2025-01-04T17:42:09.428+0100] {dagbag.py:588} INFO - Filling up the DagBag from /Users/azeez.ganiyu/airflow_venv/lib/python3.9/site-packages/airflow/example_dags/example_python_decorator.py
[2025-01-04T17:42:09.480+0100] {logging_mixin.py:190} INFO - [2025-01-04T17:42:09.480+0100] {example_python_decorator.py:80} WARNING - The virtalenv_python example task requires virtualenv, please install it.
[2025-01-04T17:42:09.485+0100] {processor.py:925} INFO - DAG(s) 'example_python_decorator' retrieved from /Users/azeez.ganiyu/airflow_venv/lib/python3.9/site-packages/airflow/example_dags/example_python_decorator.py
[2025-01-04T17:42:09.628+0100] {logging_mixin.py:190} INFO - [2025-01-04T17:42:09.628+0100] {dag.py:3239} INFO - Sync 1 DAGs
[2025-01-04T17:42:09.638+0100] {logging_mixin.py:190} INFO - [2025-01-04T17:42:09.637+0100] {dag.py:4180} INFO - Setting next_dagrun for example_python_decorator to None, run_after=None
[2025-01-04T17:42:09.658+0100] {processor.py:208} INFO - Processing /Users/azeez.ganiyu/airflow_venv/lib/python3.9/site-packages/airflow/example_dags/example_python_decorator.py took 0.243 seconds
[2025-01-04T17:47:10.390+0100] {processor.py:186} INFO - Started process (PID=3371) to work on /Users/azeez.ganiyu/airflow_venv/lib/python3.9/site-packages/airflow/example_dags/example_python_decorator.py
[2025-01-04T17:47:10.395+0100] {processor.py:914} INFO - Processing file /Users/azeez.ganiyu/airflow_venv/lib/python3.9/site-packages/airflow/example_dags/example_python_decorator.py for tasks to queue
[2025-01-04T17:47:10.396+0100] {logging_mixin.py:190} INFO - [2025-01-04T17:47:10.396+0100] {dagbag.py:588} INFO - Filling up the DagBag from /Users/azeez.ganiyu/airflow_venv/lib/python3.9/site-packages/airflow/example_dags/example_python_decorator.py
[2025-01-04T17:47:10.451+0100] {logging_mixin.py:190} INFO - [2025-01-04T17:47:10.451+0100] {example_python_decorator.py:80} WARNING - The virtalenv_python example task requires virtualenv, please install it.
[2025-01-04T17:47:10.456+0100] {processor.py:925} INFO - DAG(s) 'example_python_decorator' retrieved from /Users/azeez.ganiyu/airflow_venv/lib/python3.9/site-packages/airflow/example_dags/example_python_decorator.py
[2025-01-04T17:47:10.612+0100] {logging_mixin.py:190} INFO - [2025-01-04T17:47:10.611+0100] {dag.py:3239} INFO - Sync 1 DAGs
[2025-01-04T17:47:10.622+0100] {logging_mixin.py:190} INFO - [2025-01-04T17:47:10.622+0100] {dag.py:4180} INFO - Setting next_dagrun for example_python_decorator to None, run_after=None
[2025-01-04T17:47:10.643+0100] {processor.py:208} INFO - Processing /Users/azeez.ganiyu/airflow_venv/lib/python3.9/site-packages/airflow/example_dags/example_python_decorator.py took 0.261 seconds
