[2025-01-04T17:25:50.995+0100] {processor.py:186} INFO - Started process (PID=98381) to work on /Users/azeez.ganiyu/airflow_venv/lib/python3.9/site-packages/airflow/example_dags/example_outlet_event_extra.py
[2025-01-04T17:25:51.000+0100] {processor.py:914} INFO - Processing file /Users/azeez.ganiyu/airflow_venv/lib/python3.9/site-packages/airflow/example_dags/example_outlet_event_extra.py for tasks to queue
[2025-01-04T17:25:51.002+0100] {logging_mixin.py:190} INFO - [2025-01-04T17:25:51.001+0100] {dagbag.py:588} INFO - Filling up the DagBag from /Users/azeez.ganiyu/airflow_venv/lib/python3.9/site-packages/airflow/example_dags/example_outlet_event_extra.py
[2025-01-04T17:25:51.258+0100] {processor.py:925} INFO - DAG(s) 'dataset_with_extra_from_classic_operator', 'dataset_with_extra_by_context', 'dataset_with_extra_by_yield' retrieved from /Users/azeez.ganiyu/airflow_venv/lib/python3.9/site-packages/airflow/example_dags/example_outlet_event_extra.py
[2025-01-04T17:25:51.372+0100] {logging_mixin.py:190} INFO - [2025-01-04T17:25:51.372+0100] {dag.py:3239} INFO - Sync 3 DAGs
[2025-01-04T17:25:51.389+0100] {logging_mixin.py:190} INFO - [2025-01-04T17:25:51.389+0100] {dag.py:4180} INFO - Setting next_dagrun for dataset_with_extra_by_context to 2025-01-03 00:00:00+00:00, run_after=2025-01-04 00:00:00+00:00
[2025-01-04T17:25:51.394+0100] {logging_mixin.py:190} INFO - [2025-01-04T17:25:51.393+0100] {dag.py:4180} INFO - Setting next_dagrun for dataset_with_extra_by_yield to 2025-01-03 00:00:00+00:00, run_after=2025-01-04 00:00:00+00:00
[2025-01-04T17:25:51.396+0100] {logging_mixin.py:190} INFO - [2025-01-04T17:25:51.396+0100] {dag.py:4180} INFO - Setting next_dagrun for dataset_with_extra_from_classic_operator to 2025-01-03 00:00:00+00:00, run_after=2025-01-04 00:00:00+00:00
[2025-01-04T17:25:51.421+0100] {processor.py:208} INFO - Processing /Users/azeez.ganiyu/airflow_venv/lib/python3.9/site-packages/airflow/example_dags/example_outlet_event_extra.py took 0.433 seconds
[2025-01-04T17:29:36.184+0100] {processor.py:186} INFO - Started process (PID=99148) to work on /Users/azeez.ganiyu/airflow_venv/lib/python3.9/site-packages/airflow/example_dags/example_outlet_event_extra.py
[2025-01-04T17:29:36.189+0100] {processor.py:914} INFO - Processing file /Users/azeez.ganiyu/airflow_venv/lib/python3.9/site-packages/airflow/example_dags/example_outlet_event_extra.py for tasks to queue
[2025-01-04T17:29:36.190+0100] {logging_mixin.py:190} INFO - [2025-01-04T17:29:36.189+0100] {dagbag.py:588} INFO - Filling up the DagBag from /Users/azeez.ganiyu/airflow_venv/lib/python3.9/site-packages/airflow/example_dags/example_outlet_event_extra.py
[2025-01-04T17:29:36.392+0100] {processor.py:925} INFO - DAG(s) 'dataset_with_extra_by_context', 'dataset_with_extra_from_classic_operator', 'dataset_with_extra_by_yield' retrieved from /Users/azeez.ganiyu/airflow_venv/lib/python3.9/site-packages/airflow/example_dags/example_outlet_event_extra.py
[2025-01-04T17:29:36.487+0100] {logging_mixin.py:190} INFO - [2025-01-04T17:29:36.487+0100] {dag.py:3239} INFO - Sync 3 DAGs
[2025-01-04T17:29:36.502+0100] {logging_mixin.py:190} INFO - [2025-01-04T17:29:36.502+0100] {dag.py:4180} INFO - Setting next_dagrun for dataset_with_extra_by_context to 2025-01-03 00:00:00+00:00, run_after=2025-01-04 00:00:00+00:00
[2025-01-04T17:29:36.505+0100] {logging_mixin.py:190} INFO - [2025-01-04T17:29:36.505+0100] {dag.py:4180} INFO - Setting next_dagrun for dataset_with_extra_by_yield to 2025-01-03 00:00:00+00:00, run_after=2025-01-04 00:00:00+00:00
[2025-01-04T17:29:36.507+0100] {logging_mixin.py:190} INFO - [2025-01-04T17:29:36.507+0100] {dag.py:4180} INFO - Setting next_dagrun for dataset_with_extra_from_classic_operator to 2025-01-03 00:00:00+00:00, run_after=2025-01-04 00:00:00+00:00
[2025-01-04T17:29:36.528+0100] {processor.py:208} INFO - Processing /Users/azeez.ganiyu/airflow_venv/lib/python3.9/site-packages/airflow/example_dags/example_outlet_event_extra.py took 0.351 seconds
[2025-01-04T17:32:30.307+0100] {processor.py:186} INFO - Started process (PID=99732) to work on /Users/azeez.ganiyu/airflow_venv/lib/python3.9/site-packages/airflow/example_dags/example_outlet_event_extra.py
[2025-01-04T17:32:30.314+0100] {processor.py:914} INFO - Processing file /Users/azeez.ganiyu/airflow_venv/lib/python3.9/site-packages/airflow/example_dags/example_outlet_event_extra.py for tasks to queue
[2025-01-04T17:32:30.315+0100] {logging_mixin.py:190} INFO - [2025-01-04T17:32:30.315+0100] {dagbag.py:588} INFO - Filling up the DagBag from /Users/azeez.ganiyu/airflow_venv/lib/python3.9/site-packages/airflow/example_dags/example_outlet_event_extra.py
[2025-01-04T17:32:30.537+0100] {processor.py:925} INFO - DAG(s) 'dataset_with_extra_by_yield', 'dataset_with_extra_from_classic_operator', 'dataset_with_extra_by_context' retrieved from /Users/azeez.ganiyu/airflow_venv/lib/python3.9/site-packages/airflow/example_dags/example_outlet_event_extra.py
[2025-01-04T17:32:30.635+0100] {logging_mixin.py:190} INFO - [2025-01-04T17:32:30.634+0100] {dag.py:3239} INFO - Sync 3 DAGs
[2025-01-04T17:32:30.650+0100] {logging_mixin.py:190} INFO - [2025-01-04T17:32:30.650+0100] {dag.py:4180} INFO - Setting next_dagrun for dataset_with_extra_by_context to 2025-01-03 00:00:00+00:00, run_after=2025-01-04 00:00:00+00:00
[2025-01-04T17:32:30.653+0100] {logging_mixin.py:190} INFO - [2025-01-04T17:32:30.653+0100] {dag.py:4180} INFO - Setting next_dagrun for dataset_with_extra_by_yield to 2025-01-03 00:00:00+00:00, run_after=2025-01-04 00:00:00+00:00
[2025-01-04T17:32:30.655+0100] {logging_mixin.py:190} INFO - [2025-01-04T17:32:30.655+0100] {dag.py:4180} INFO - Setting next_dagrun for dataset_with_extra_from_classic_operator to 2025-01-03 00:00:00+00:00, run_after=2025-01-04 00:00:00+00:00
[2025-01-04T17:32:30.676+0100] {processor.py:208} INFO - Processing /Users/azeez.ganiyu/airflow_venv/lib/python3.9/site-packages/airflow/example_dags/example_outlet_event_extra.py took 0.377 seconds
[2025-01-04T17:35:26.486+0100] {processor.py:186} INFO - Started process (PID=585) to work on /Users/azeez.ganiyu/airflow_venv/lib/python3.9/site-packages/airflow/example_dags/example_outlet_event_extra.py
[2025-01-04T17:35:26.494+0100] {processor.py:914} INFO - Processing file /Users/azeez.ganiyu/airflow_venv/lib/python3.9/site-packages/airflow/example_dags/example_outlet_event_extra.py for tasks to queue
[2025-01-04T17:35:26.496+0100] {logging_mixin.py:190} INFO - [2025-01-04T17:35:26.495+0100] {dagbag.py:588} INFO - Filling up the DagBag from /Users/azeez.ganiyu/airflow_venv/lib/python3.9/site-packages/airflow/example_dags/example_outlet_event_extra.py
[2025-01-04T17:35:26.758+0100] {processor.py:925} INFO - DAG(s) 'dataset_with_extra_by_context', 'dataset_with_extra_from_classic_operator', 'dataset_with_extra_by_yield' retrieved from /Users/azeez.ganiyu/airflow_venv/lib/python3.9/site-packages/airflow/example_dags/example_outlet_event_extra.py
[2025-01-04T17:35:26.885+0100] {logging_mixin.py:190} INFO - [2025-01-04T17:35:26.884+0100] {dag.py:3239} INFO - Sync 3 DAGs
[2025-01-04T17:35:26.904+0100] {logging_mixin.py:190} INFO - [2025-01-04T17:35:26.904+0100] {dag.py:4180} INFO - Setting next_dagrun for dataset_with_extra_by_context to 2025-01-03 00:00:00+00:00, run_after=2025-01-04 00:00:00+00:00
[2025-01-04T17:35:26.911+0100] {logging_mixin.py:190} INFO - [2025-01-04T17:35:26.911+0100] {dag.py:4180} INFO - Setting next_dagrun for dataset_with_extra_by_yield to 2025-01-03 00:00:00+00:00, run_after=2025-01-04 00:00:00+00:00
[2025-01-04T17:35:26.914+0100] {logging_mixin.py:190} INFO - [2025-01-04T17:35:26.914+0100] {dag.py:4180} INFO - Setting next_dagrun for dataset_with_extra_from_classic_operator to 2025-01-03 00:00:00+00:00, run_after=2025-01-04 00:00:00+00:00
[2025-01-04T17:35:26.940+0100] {processor.py:208} INFO - Processing /Users/azeez.ganiyu/airflow_venv/lib/python3.9/site-packages/airflow/example_dags/example_outlet_event_extra.py took 0.465 seconds
[2025-01-04T17:38:21.716+0100] {processor.py:186} INFO - Started process (PID=1385) to work on /Users/azeez.ganiyu/airflow_venv/lib/python3.9/site-packages/airflow/example_dags/example_outlet_event_extra.py
[2025-01-04T17:38:21.722+0100] {processor.py:914} INFO - Processing file /Users/azeez.ganiyu/airflow_venv/lib/python3.9/site-packages/airflow/example_dags/example_outlet_event_extra.py for tasks to queue
[2025-01-04T17:38:21.723+0100] {logging_mixin.py:190} INFO - [2025-01-04T17:38:21.723+0100] {dagbag.py:588} INFO - Filling up the DagBag from /Users/azeez.ganiyu/airflow_venv/lib/python3.9/site-packages/airflow/example_dags/example_outlet_event_extra.py
[2025-01-04T17:38:21.925+0100] {processor.py:925} INFO - DAG(s) 'dataset_with_extra_by_context', 'dataset_with_extra_from_classic_operator', 'dataset_with_extra_by_yield' retrieved from /Users/azeez.ganiyu/airflow_venv/lib/python3.9/site-packages/airflow/example_dags/example_outlet_event_extra.py
[2025-01-04T17:38:22.026+0100] {logging_mixin.py:190} INFO - [2025-01-04T17:38:22.025+0100] {dag.py:3239} INFO - Sync 3 DAGs
[2025-01-04T17:38:22.042+0100] {logging_mixin.py:190} INFO - [2025-01-04T17:38:22.042+0100] {dag.py:4180} INFO - Setting next_dagrun for dataset_with_extra_by_context to 2025-01-03 00:00:00+00:00, run_after=2025-01-04 00:00:00+00:00
[2025-01-04T17:38:22.046+0100] {logging_mixin.py:190} INFO - [2025-01-04T17:38:22.046+0100] {dag.py:4180} INFO - Setting next_dagrun for dataset_with_extra_by_yield to 2025-01-03 00:00:00+00:00, run_after=2025-01-04 00:00:00+00:00
[2025-01-04T17:38:22.048+0100] {logging_mixin.py:190} INFO - [2025-01-04T17:38:22.047+0100] {dag.py:4180} INFO - Setting next_dagrun for dataset_with_extra_from_classic_operator to 2025-01-03 00:00:00+00:00, run_after=2025-01-04 00:00:00+00:00
[2025-01-04T17:38:22.068+0100] {processor.py:208} INFO - Processing /Users/azeez.ganiyu/airflow_venv/lib/python3.9/site-packages/airflow/example_dags/example_outlet_event_extra.py took 0.360 seconds
[2025-01-04T17:42:34.538+0100] {processor.py:186} INFO - Started process (PID=2631) to work on /Users/azeez.ganiyu/airflow_venv/lib/python3.9/site-packages/airflow/example_dags/example_outlet_event_extra.py
[2025-01-04T17:42:34.545+0100] {processor.py:914} INFO - Processing file /Users/azeez.ganiyu/airflow_venv/lib/python3.9/site-packages/airflow/example_dags/example_outlet_event_extra.py for tasks to queue
[2025-01-04T17:42:34.547+0100] {logging_mixin.py:190} INFO - [2025-01-04T17:42:34.547+0100] {dagbag.py:588} INFO - Filling up the DagBag from /Users/azeez.ganiyu/airflow_venv/lib/python3.9/site-packages/airflow/example_dags/example_outlet_event_extra.py
[2025-01-04T17:42:34.833+0100] {processor.py:925} INFO - DAG(s) 'dataset_with_extra_by_yield', 'dataset_with_extra_by_context', 'dataset_with_extra_from_classic_operator' retrieved from /Users/azeez.ganiyu/airflow_venv/lib/python3.9/site-packages/airflow/example_dags/example_outlet_event_extra.py
[2025-01-04T17:42:34.970+0100] {logging_mixin.py:190} INFO - [2025-01-04T17:42:34.969+0100] {dag.py:3239} INFO - Sync 3 DAGs
[2025-01-04T17:42:34.994+0100] {logging_mixin.py:190} INFO - [2025-01-04T17:42:34.994+0100] {dag.py:4180} INFO - Setting next_dagrun for dataset_with_extra_by_context to 2025-01-03 00:00:00+00:00, run_after=2025-01-04 00:00:00+00:00
[2025-01-04T17:42:34.999+0100] {logging_mixin.py:190} INFO - [2025-01-04T17:42:34.999+0100] {dag.py:4180} INFO - Setting next_dagrun for dataset_with_extra_by_yield to 2025-01-03 00:00:00+00:00, run_after=2025-01-04 00:00:00+00:00
[2025-01-04T17:42:35.001+0100] {logging_mixin.py:190} INFO - [2025-01-04T17:42:35.001+0100] {dag.py:4180} INFO - Setting next_dagrun for dataset_with_extra_from_classic_operator to 2025-01-03 00:00:00+00:00, run_after=2025-01-04 00:00:00+00:00
[2025-01-04T17:42:35.027+0100] {processor.py:208} INFO - Processing /Users/azeez.ganiyu/airflow_venv/lib/python3.9/site-packages/airflow/example_dags/example_outlet_event_extra.py took 0.498 seconds
[2025-01-04T17:47:41.120+0100] {processor.py:186} INFO - Started process (PID=3428) to work on /Users/azeez.ganiyu/airflow_venv/lib/python3.9/site-packages/airflow/example_dags/example_outlet_event_extra.py
[2025-01-04T17:47:41.212+0100] {processor.py:914} INFO - Processing file /Users/azeez.ganiyu/airflow_venv/lib/python3.9/site-packages/airflow/example_dags/example_outlet_event_extra.py for tasks to queue
[2025-01-04T17:47:41.231+0100] {logging_mixin.py:190} INFO - [2025-01-04T17:47:41.227+0100] {dagbag.py:588} INFO - Filling up the DagBag from /Users/azeez.ganiyu/airflow_venv/lib/python3.9/site-packages/airflow/example_dags/example_outlet_event_extra.py
[2025-01-04T17:47:45.906+0100] {processor.py:925} INFO - DAG(s) 'dataset_with_extra_by_yield', 'dataset_with_extra_from_classic_operator', 'dataset_with_extra_by_context' retrieved from /Users/azeez.ganiyu/airflow_venv/lib/python3.9/site-packages/airflow/example_dags/example_outlet_event_extra.py
[2025-01-04T17:47:49.150+0100] {logging_mixin.py:190} INFO - [2025-01-04T17:47:49.147+0100] {dag.py:3239} INFO - Sync 3 DAGs
[2025-01-04T17:47:49.551+0100] {logging_mixin.py:190} INFO - [2025-01-04T17:47:49.546+0100] {dag.py:4180} INFO - Setting next_dagrun for dataset_with_extra_by_context to 2025-01-03 00:00:00+00:00, run_after=2025-01-04 00:00:00+00:00
[2025-01-04T17:47:49.770+0100] {logging_mixin.py:190} INFO - [2025-01-04T17:47:49.766+0100] {dag.py:4180} INFO - Setting next_dagrun for dataset_with_extra_by_yield to 2025-01-03 00:00:00+00:00, run_after=2025-01-04 00:00:00+00:00
[2025-01-04T17:47:49.849+0100] {logging_mixin.py:190} INFO - [2025-01-04T17:47:49.843+0100] {dag.py:4180} INFO - Setting next_dagrun for dataset_with_extra_from_classic_operator to 2025-01-03 00:00:00+00:00, run_after=2025-01-04 00:00:00+00:00
[2025-01-04T17:47:50.700+0100] {processor.py:208} INFO - Processing /Users/azeez.ganiyu/airflow_venv/lib/python3.9/site-packages/airflow/example_dags/example_outlet_event_extra.py took 9.735 seconds
