[2025-01-04T17:27:00.347+0100] {processor.py:186} INFO - Started process (PID=98624) to work on /Users/azeez.ganiyu/airflow_venv/lib/python3.9/site-packages/airflow/example_dags/example_branch_labels.py
[2025-01-04T17:27:00.352+0100] {processor.py:914} INFO - Processing file /Users/azeez.ganiyu/airflow_venv/lib/python3.9/site-packages/airflow/example_dags/example_branch_labels.py for tasks to queue
[2025-01-04T17:27:00.354+0100] {logging_mixin.py:190} INFO - [2025-01-04T17:27:00.353+0100] {dagbag.py:588} INFO - Filling up the DagBag from /Users/azeez.ganiyu/airflow_venv/lib/python3.9/site-packages/airflow/example_dags/example_branch_labels.py
[2025-01-04T17:27:00.374+0100] {processor.py:925} INFO - DAG(s) 'example_branch_labels' retrieved from /Users/azeez.ganiyu/airflow_venv/lib/python3.9/site-packages/airflow/example_dags/example_branch_labels.py
[2025-01-04T17:27:00.517+0100] {logging_mixin.py:190} INFO - [2025-01-04T17:27:00.517+0100] {dag.py:3239} INFO - Sync 1 DAGs
[2025-01-04T17:27:00.534+0100] {logging_mixin.py:190} INFO - [2025-01-04T17:27:00.533+0100] {dag.py:4180} INFO - Setting next_dagrun for example_branch_labels to 2025-01-03 00:00:00+00:00, run_after=2025-01-04 00:00:00+00:00
[2025-01-04T17:27:00.554+0100] {processor.py:208} INFO - Processing /Users/azeez.ganiyu/airflow_venv/lib/python3.9/site-packages/airflow/example_dags/example_branch_labels.py took 0.214 seconds
[2025-01-04T17:33:05.198+0100] {processor.py:186} INFO - Started process (PID=99845) to work on /Users/azeez.ganiyu/airflow_venv/lib/python3.9/site-packages/airflow/example_dags/example_branch_labels.py
[2025-01-04T17:33:05.203+0100] {processor.py:914} INFO - Processing file /Users/azeez.ganiyu/airflow_venv/lib/python3.9/site-packages/airflow/example_dags/example_branch_labels.py for tasks to queue
[2025-01-04T17:33:05.204+0100] {logging_mixin.py:190} INFO - [2025-01-04T17:33:05.204+0100] {dagbag.py:588} INFO - Filling up the DagBag from /Users/azeez.ganiyu/airflow_venv/lib/python3.9/site-packages/airflow/example_dags/example_branch_labels.py
[2025-01-04T17:33:05.222+0100] {processor.py:925} INFO - DAG(s) 'example_branch_labels' retrieved from /Users/azeez.ganiyu/airflow_venv/lib/python3.9/site-packages/airflow/example_dags/example_branch_labels.py
[2025-01-04T17:33:05.363+0100] {logging_mixin.py:190} INFO - [2025-01-04T17:33:05.362+0100] {dag.py:3239} INFO - Sync 1 DAGs
[2025-01-04T17:33:05.377+0100] {logging_mixin.py:190} INFO - [2025-01-04T17:33:05.377+0100] {dag.py:4180} INFO - Setting next_dagrun for example_branch_labels to 2025-01-03 00:00:00+00:00, run_after=2025-01-04 00:00:00+00:00
[2025-01-04T17:33:05.396+0100] {processor.py:208} INFO - Processing /Users/azeez.ganiyu/airflow_venv/lib/python3.9/site-packages/airflow/example_dags/example_branch_labels.py took 0.205 seconds
[2025-01-04T17:38:56.667+0100] {processor.py:186} INFO - Started process (PID=1492) to work on /Users/azeez.ganiyu/airflow_venv/lib/python3.9/site-packages/airflow/example_dags/example_branch_labels.py
[2025-01-04T17:38:56.673+0100] {processor.py:914} INFO - Processing file /Users/azeez.ganiyu/airflow_venv/lib/python3.9/site-packages/airflow/example_dags/example_branch_labels.py for tasks to queue
[2025-01-04T17:38:56.674+0100] {logging_mixin.py:190} INFO - [2025-01-04T17:38:56.673+0100] {dagbag.py:588} INFO - Filling up the DagBag from /Users/azeez.ganiyu/airflow_venv/lib/python3.9/site-packages/airflow/example_dags/example_branch_labels.py
[2025-01-04T17:38:56.691+0100] {processor.py:925} INFO - DAG(s) 'example_branch_labels' retrieved from /Users/azeez.ganiyu/airflow_venv/lib/python3.9/site-packages/airflow/example_dags/example_branch_labels.py
[2025-01-04T17:38:56.833+0100] {logging_mixin.py:190} INFO - [2025-01-04T17:38:56.833+0100] {dag.py:3239} INFO - Sync 1 DAGs
[2025-01-04T17:38:56.848+0100] {logging_mixin.py:190} INFO - [2025-01-04T17:38:56.848+0100] {dag.py:4180} INFO - Setting next_dagrun for example_branch_labels to 2025-01-03 00:00:00+00:00, run_after=2025-01-04 00:00:00+00:00
[2025-01-04T17:38:56.869+0100] {processor.py:208} INFO - Processing /Users/azeez.ganiyu/airflow_venv/lib/python3.9/site-packages/airflow/example_dags/example_branch_labels.py took 0.210 seconds
