[2025-01-04T17:25:07.655+0100] {processor.py:186} INFO - Started process (PID=98236) to work on /Users/azeez.ganiyu/airflow_venv/lib/python3.9/site-packages/airflow/example_dags/example_skip_dag.py
[2025-01-04T17:25:07.661+0100] {processor.py:914} INFO - Processing file /Users/azeez.ganiyu/airflow_venv/lib/python3.9/site-packages/airflow/example_dags/example_skip_dag.py for tasks to queue
[2025-01-04T17:25:07.662+0100] {logging_mixin.py:190} INFO - [2025-01-04T17:25:07.662+0100] {dagbag.py:588} INFO - Filling up the DagBag from /Users/azeez.ganiyu/airflow_venv/lib/python3.9/site-packages/airflow/example_dags/example_skip_dag.py
[2025-01-04T17:25:07.675+0100] {processor.py:925} INFO - DAG(s) 'example_skip_dag' retrieved from /Users/azeez.ganiyu/airflow_venv/lib/python3.9/site-packages/airflow/example_dags/example_skip_dag.py
[2025-01-04T17:25:07.822+0100] {logging_mixin.py:190} INFO - [2025-01-04T17:25:07.821+0100] {dag.py:3239} INFO - Sync 1 DAGs
[2025-01-04T17:25:07.840+0100] {logging_mixin.py:190} INFO - [2025-01-04T17:25:07.840+0100] {dag.py:4180} INFO - Setting next_dagrun for example_skip_dag to 2025-01-03 00:00:00+00:00, run_after=2025-01-04 00:00:00+00:00
[2025-01-04T17:25:07.861+0100] {processor.py:208} INFO - Processing /Users/azeez.ganiyu/airflow_venv/lib/python3.9/site-packages/airflow/example_dags/example_skip_dag.py took 0.212 seconds
[2025-01-04T17:28:50.623+0100] {processor.py:186} INFO - Started process (PID=98988) to work on /Users/azeez.ganiyu/airflow_venv/lib/python3.9/site-packages/airflow/example_dags/example_skip_dag.py
[2025-01-04T17:28:50.628+0100] {processor.py:914} INFO - Processing file /Users/azeez.ganiyu/airflow_venv/lib/python3.9/site-packages/airflow/example_dags/example_skip_dag.py for tasks to queue
[2025-01-04T17:28:50.629+0100] {logging_mixin.py:190} INFO - [2025-01-04T17:28:50.629+0100] {dagbag.py:588} INFO - Filling up the DagBag from /Users/azeez.ganiyu/airflow_venv/lib/python3.9/site-packages/airflow/example_dags/example_skip_dag.py
[2025-01-04T17:28:50.647+0100] {processor.py:925} INFO - DAG(s) 'example_skip_dag' retrieved from /Users/azeez.ganiyu/airflow_venv/lib/python3.9/site-packages/airflow/example_dags/example_skip_dag.py
[2025-01-04T17:28:50.832+0100] {logging_mixin.py:190} INFO - [2025-01-04T17:28:50.832+0100] {dag.py:3239} INFO - Sync 1 DAGs
[2025-01-04T17:28:50.864+0100] {logging_mixin.py:190} INFO - [2025-01-04T17:28:50.864+0100] {dag.py:4180} INFO - Setting next_dagrun for example_skip_dag to 2025-01-03 00:00:00+00:00, run_after=2025-01-04 00:00:00+00:00
[2025-01-04T17:28:50.890+0100] {processor.py:208} INFO - Processing /Users/azeez.ganiyu/airflow_venv/lib/python3.9/site-packages/airflow/example_dags/example_skip_dag.py took 0.276 seconds
[2025-01-04T17:31:47.662+0100] {processor.py:186} INFO - Started process (PID=99600) to work on /Users/azeez.ganiyu/airflow_venv/lib/python3.9/site-packages/airflow/example_dags/example_skip_dag.py
[2025-01-04T17:31:47.667+0100] {processor.py:914} INFO - Processing file /Users/azeez.ganiyu/airflow_venv/lib/python3.9/site-packages/airflow/example_dags/example_skip_dag.py for tasks to queue
[2025-01-04T17:31:47.668+0100] {logging_mixin.py:190} INFO - [2025-01-04T17:31:47.668+0100] {dagbag.py:588} INFO - Filling up the DagBag from /Users/azeez.ganiyu/airflow_venv/lib/python3.9/site-packages/airflow/example_dags/example_skip_dag.py
[2025-01-04T17:31:47.682+0100] {processor.py:925} INFO - DAG(s) 'example_skip_dag' retrieved from /Users/azeez.ganiyu/airflow_venv/lib/python3.9/site-packages/airflow/example_dags/example_skip_dag.py
[2025-01-04T17:31:47.823+0100] {logging_mixin.py:190} INFO - [2025-01-04T17:31:47.823+0100] {dag.py:3239} INFO - Sync 1 DAGs
[2025-01-04T17:31:47.843+0100] {logging_mixin.py:190} INFO - [2025-01-04T17:31:47.843+0100] {dag.py:4180} INFO - Setting next_dagrun for example_skip_dag to 2025-01-03 00:00:00+00:00, run_after=2025-01-04 00:00:00+00:00
[2025-01-04T17:31:47.864+0100] {processor.py:208} INFO - Processing /Users/azeez.ganiyu/airflow_venv/lib/python3.9/site-packages/airflow/example_dags/example_skip_dag.py took 0.211 seconds
[2025-01-04T17:34:42.640+0100] {processor.py:186} INFO - Started process (PID=426) to work on /Users/azeez.ganiyu/airflow_venv/lib/python3.9/site-packages/airflow/example_dags/example_skip_dag.py
[2025-01-04T17:34:42.652+0100] {processor.py:914} INFO - Processing file /Users/azeez.ganiyu/airflow_venv/lib/python3.9/site-packages/airflow/example_dags/example_skip_dag.py for tasks to queue
[2025-01-04T17:34:42.655+0100] {logging_mixin.py:190} INFO - [2025-01-04T17:34:42.654+0100] {dagbag.py:588} INFO - Filling up the DagBag from /Users/azeez.ganiyu/airflow_venv/lib/python3.9/site-packages/airflow/example_dags/example_skip_dag.py
[2025-01-04T17:34:42.677+0100] {processor.py:925} INFO - DAG(s) 'example_skip_dag' retrieved from /Users/azeez.ganiyu/airflow_venv/lib/python3.9/site-packages/airflow/example_dags/example_skip_dag.py
[2025-01-04T17:34:42.863+0100] {logging_mixin.py:190} INFO - [2025-01-04T17:34:42.862+0100] {dag.py:3239} INFO - Sync 1 DAGs
[2025-01-04T17:34:42.882+0100] {logging_mixin.py:190} INFO - [2025-01-04T17:34:42.882+0100] {dag.py:4180} INFO - Setting next_dagrun for example_skip_dag to 2025-01-03 00:00:00+00:00, run_after=2025-01-04 00:00:00+00:00
[2025-01-04T17:34:42.905+0100] {processor.py:208} INFO - Processing /Users/azeez.ganiyu/airflow_venv/lib/python3.9/site-packages/airflow/example_dags/example_skip_dag.py took 0.273 seconds
[2025-01-04T17:37:39.255+0100] {processor.py:186} INFO - Started process (PID=1245) to work on /Users/azeez.ganiyu/airflow_venv/lib/python3.9/site-packages/airflow/example_dags/example_skip_dag.py
[2025-01-04T17:37:39.260+0100] {processor.py:914} INFO - Processing file /Users/azeez.ganiyu/airflow_venv/lib/python3.9/site-packages/airflow/example_dags/example_skip_dag.py for tasks to queue
[2025-01-04T17:37:39.261+0100] {logging_mixin.py:190} INFO - [2025-01-04T17:37:39.261+0100] {dagbag.py:588} INFO - Filling up the DagBag from /Users/azeez.ganiyu/airflow_venv/lib/python3.9/site-packages/airflow/example_dags/example_skip_dag.py
[2025-01-04T17:37:39.276+0100] {processor.py:925} INFO - DAG(s) 'example_skip_dag' retrieved from /Users/azeez.ganiyu/airflow_venv/lib/python3.9/site-packages/airflow/example_dags/example_skip_dag.py
[2025-01-04T17:37:39.421+0100] {logging_mixin.py:190} INFO - [2025-01-04T17:37:39.420+0100] {dag.py:3239} INFO - Sync 1 DAGs
[2025-01-04T17:37:39.440+0100] {logging_mixin.py:190} INFO - [2025-01-04T17:37:39.440+0100] {dag.py:4180} INFO - Setting next_dagrun for example_skip_dag to 2025-01-03 00:00:00+00:00, run_after=2025-01-04 00:00:00+00:00
[2025-01-04T17:37:39.462+0100] {processor.py:208} INFO - Processing /Users/azeez.ganiyu/airflow_venv/lib/python3.9/site-packages/airflow/example_dags/example_skip_dag.py took 0.215 seconds
[2025-01-04T17:40:41.596+0100] {processor.py:186} INFO - Started process (PID=1842) to work on /Users/azeez.ganiyu/airflow_venv/lib/python3.9/site-packages/airflow/example_dags/example_skip_dag.py
[2025-01-04T17:40:41.602+0100] {processor.py:914} INFO - Processing file /Users/azeez.ganiyu/airflow_venv/lib/python3.9/site-packages/airflow/example_dags/example_skip_dag.py for tasks to queue
[2025-01-04T17:40:41.603+0100] {logging_mixin.py:190} INFO - [2025-01-04T17:40:41.603+0100] {dagbag.py:588} INFO - Filling up the DagBag from /Users/azeez.ganiyu/airflow_venv/lib/python3.9/site-packages/airflow/example_dags/example_skip_dag.py
[2025-01-04T17:40:41.617+0100] {processor.py:925} INFO - DAG(s) 'example_skip_dag' retrieved from /Users/azeez.ganiyu/airflow_venv/lib/python3.9/site-packages/airflow/example_dags/example_skip_dag.py
[2025-01-04T17:40:41.756+0100] {logging_mixin.py:190} INFO - [2025-01-04T17:40:41.756+0100] {dag.py:3239} INFO - Sync 1 DAGs
[2025-01-04T17:40:41.774+0100] {logging_mixin.py:190} INFO - [2025-01-04T17:40:41.774+0100] {dag.py:4180} INFO - Setting next_dagrun for example_skip_dag to 2025-01-03 00:00:00+00:00, run_after=2025-01-04 00:00:00+00:00
[2025-01-04T17:40:41.794+0100] {processor.py:208} INFO - Processing /Users/azeez.ganiyu/airflow_venv/lib/python3.9/site-packages/airflow/example_dags/example_skip_dag.py took 0.206 seconds
[2025-01-04T17:45:40.084+0100] {processor.py:186} INFO - Started process (PID=3173) to work on /Users/azeez.ganiyu/airflow_venv/lib/python3.9/site-packages/airflow/example_dags/example_skip_dag.py
[2025-01-04T17:45:40.089+0100] {processor.py:914} INFO - Processing file /Users/azeez.ganiyu/airflow_venv/lib/python3.9/site-packages/airflow/example_dags/example_skip_dag.py for tasks to queue
[2025-01-04T17:45:40.090+0100] {logging_mixin.py:190} INFO - [2025-01-04T17:45:40.090+0100] {dagbag.py:588} INFO - Filling up the DagBag from /Users/azeez.ganiyu/airflow_venv/lib/python3.9/site-packages/airflow/example_dags/example_skip_dag.py
[2025-01-04T17:45:40.104+0100] {processor.py:925} INFO - DAG(s) 'example_skip_dag' retrieved from /Users/azeez.ganiyu/airflow_venv/lib/python3.9/site-packages/airflow/example_dags/example_skip_dag.py
[2025-01-04T17:45:40.243+0100] {logging_mixin.py:190} INFO - [2025-01-04T17:45:40.242+0100] {dag.py:3239} INFO - Sync 1 DAGs
[2025-01-04T17:45:40.261+0100] {logging_mixin.py:190} INFO - [2025-01-04T17:45:40.261+0100] {dag.py:4180} INFO - Setting next_dagrun for example_skip_dag to 2025-01-03 00:00:00+00:00, run_after=2025-01-04 00:00:00+00:00
[2025-01-04T17:45:40.282+0100] {processor.py:208} INFO - Processing /Users/azeez.ganiyu/airflow_venv/lib/python3.9/site-packages/airflow/example_dags/example_skip_dag.py took 0.205 seconds
