[2025-01-04T17:25:04.083+0100] {processor.py:186} INFO - Started process (PID=98227) to work on /Users/azeez.ganiyu/airflow_venv/lib/python3.9/site-packages/airflow/example_dags/example_sla_dag.py
[2025-01-04T17:25:04.089+0100] {processor.py:914} INFO - Processing file /Users/azeez.ganiyu/airflow_venv/lib/python3.9/site-packages/airflow/example_dags/example_sla_dag.py for tasks to queue
[2025-01-04T17:25:04.090+0100] {logging_mixin.py:190} INFO - [2025-01-04T17:25:04.090+0100] {dagbag.py:588} INFO - Filling up the DagBag from /Users/azeez.ganiyu/airflow_venv/lib/python3.9/site-packages/airflow/example_dags/example_sla_dag.py
[2025-01-04T17:25:04.147+0100] {processor.py:925} INFO - DAG(s) 'example_sla_dag' retrieved from /Users/azeez.ganiyu/airflow_venv/lib/python3.9/site-packages/airflow/example_dags/example_sla_dag.py
[2025-01-04T17:25:04.282+0100] {logging_mixin.py:190} INFO - [2025-01-04T17:25:04.281+0100] {dag.py:3239} INFO - Sync 1 DAGs
[2025-01-04T17:25:04.304+0100] {logging_mixin.py:190} INFO - [2025-01-04T17:25:04.303+0100] {dag.py:4180} INFO - Setting next_dagrun for example_sla_dag to 2025-01-04 16:22:00+00:00, run_after=2025-01-04 16:24:00+00:00
[2025-01-04T17:25:04.323+0100] {processor.py:208} INFO - Processing /Users/azeez.ganiyu/airflow_venv/lib/python3.9/site-packages/airflow/example_dags/example_sla_dag.py took 0.248 seconds
[2025-01-04T17:28:46.832+0100] {processor.py:186} INFO - Started process (PID=98976) to work on /Users/azeez.ganiyu/airflow_venv/lib/python3.9/site-packages/airflow/example_dags/example_sla_dag.py
[2025-01-04T17:28:46.838+0100] {processor.py:914} INFO - Processing file /Users/azeez.ganiyu/airflow_venv/lib/python3.9/site-packages/airflow/example_dags/example_sla_dag.py for tasks to queue
[2025-01-04T17:28:46.839+0100] {logging_mixin.py:190} INFO - [2025-01-04T17:28:46.839+0100] {dagbag.py:588} INFO - Filling up the DagBag from /Users/azeez.ganiyu/airflow_venv/lib/python3.9/site-packages/airflow/example_dags/example_sla_dag.py
[2025-01-04T17:28:46.907+0100] {processor.py:925} INFO - DAG(s) 'example_sla_dag' retrieved from /Users/azeez.ganiyu/airflow_venv/lib/python3.9/site-packages/airflow/example_dags/example_sla_dag.py
[2025-01-04T17:28:47.065+0100] {logging_mixin.py:190} INFO - [2025-01-04T17:28:47.065+0100] {dag.py:3239} INFO - Sync 1 DAGs
[2025-01-04T17:28:47.093+0100] {logging_mixin.py:190} INFO - [2025-01-04T17:28:47.093+0100] {dag.py:4180} INFO - Setting next_dagrun for example_sla_dag to 2025-01-04 16:26:00+00:00, run_after=2025-01-04 16:28:00+00:00
[2025-01-04T17:28:47.116+0100] {processor.py:208} INFO - Processing /Users/azeez.ganiyu/airflow_venv/lib/python3.9/site-packages/airflow/example_dags/example_sla_dag.py took 0.293 seconds
[2025-01-04T17:31:44.832+0100] {processor.py:186} INFO - Started process (PID=99588) to work on /Users/azeez.ganiyu/airflow_venv/lib/python3.9/site-packages/airflow/example_dags/example_sla_dag.py
[2025-01-04T17:31:44.838+0100] {processor.py:914} INFO - Processing file /Users/azeez.ganiyu/airflow_venv/lib/python3.9/site-packages/airflow/example_dags/example_sla_dag.py for tasks to queue
[2025-01-04T17:31:44.839+0100] {logging_mixin.py:190} INFO - [2025-01-04T17:31:44.839+0100] {dagbag.py:588} INFO - Filling up the DagBag from /Users/azeez.ganiyu/airflow_venv/lib/python3.9/site-packages/airflow/example_dags/example_sla_dag.py
[2025-01-04T17:31:44.895+0100] {processor.py:925} INFO - DAG(s) 'example_sla_dag' retrieved from /Users/azeez.ganiyu/airflow_venv/lib/python3.9/site-packages/airflow/example_dags/example_sla_dag.py
[2025-01-04T17:31:45.051+0100] {logging_mixin.py:190} INFO - [2025-01-04T17:31:45.050+0100] {dag.py:3239} INFO - Sync 1 DAGs
[2025-01-04T17:31:45.073+0100] {logging_mixin.py:190} INFO - [2025-01-04T17:31:45.073+0100] {dag.py:4180} INFO - Setting next_dagrun for example_sla_dag to 2025-01-04 16:28:00+00:00, run_after=2025-01-04 16:30:00+00:00
[2025-01-04T17:31:45.092+0100] {processor.py:208} INFO - Processing /Users/azeez.ganiyu/airflow_venv/lib/python3.9/site-packages/airflow/example_dags/example_sla_dag.py took 0.267 seconds
[2025-01-04T17:34:38.947+0100] {processor.py:186} INFO - Started process (PID=411) to work on /Users/azeez.ganiyu/airflow_venv/lib/python3.9/site-packages/airflow/example_dags/example_sla_dag.py
[2025-01-04T17:34:38.952+0100] {processor.py:914} INFO - Processing file /Users/azeez.ganiyu/airflow_venv/lib/python3.9/site-packages/airflow/example_dags/example_sla_dag.py for tasks to queue
[2025-01-04T17:34:38.953+0100] {logging_mixin.py:190} INFO - [2025-01-04T17:34:38.953+0100] {dagbag.py:588} INFO - Filling up the DagBag from /Users/azeez.ganiyu/airflow_venv/lib/python3.9/site-packages/airflow/example_dags/example_sla_dag.py
[2025-01-04T17:34:39.008+0100] {processor.py:925} INFO - DAG(s) 'example_sla_dag' retrieved from /Users/azeez.ganiyu/airflow_venv/lib/python3.9/site-packages/airflow/example_dags/example_sla_dag.py
[2025-01-04T17:34:39.163+0100] {logging_mixin.py:190} INFO - [2025-01-04T17:34:39.163+0100] {dag.py:3239} INFO - Sync 1 DAGs
[2025-01-04T17:34:39.185+0100] {logging_mixin.py:190} INFO - [2025-01-04T17:34:39.185+0100] {dag.py:4180} INFO - Setting next_dagrun for example_sla_dag to 2025-01-04 16:32:00+00:00, run_after=2025-01-04 16:34:00+00:00
[2025-01-04T17:34:39.206+0100] {processor.py:208} INFO - Processing /Users/azeez.ganiyu/airflow_venv/lib/python3.9/site-packages/airflow/example_dags/example_sla_dag.py took 0.268 seconds
[2025-01-04T17:37:35.634+0100] {processor.py:186} INFO - Started process (PID=1231) to work on /Users/azeez.ganiyu/airflow_venv/lib/python3.9/site-packages/airflow/example_dags/example_sla_dag.py
[2025-01-04T17:37:35.640+0100] {processor.py:914} INFO - Processing file /Users/azeez.ganiyu/airflow_venv/lib/python3.9/site-packages/airflow/example_dags/example_sla_dag.py for tasks to queue
[2025-01-04T17:37:35.642+0100] {logging_mixin.py:190} INFO - [2025-01-04T17:37:35.641+0100] {dagbag.py:588} INFO - Filling up the DagBag from /Users/azeez.ganiyu/airflow_venv/lib/python3.9/site-packages/airflow/example_dags/example_sla_dag.py
[2025-01-04T17:37:35.704+0100] {processor.py:925} INFO - DAG(s) 'example_sla_dag' retrieved from /Users/azeez.ganiyu/airflow_venv/lib/python3.9/site-packages/airflow/example_dags/example_sla_dag.py
[2025-01-04T17:37:35.844+0100] {logging_mixin.py:190} INFO - [2025-01-04T17:37:35.843+0100] {dag.py:3239} INFO - Sync 1 DAGs
[2025-01-04T17:37:35.868+0100] {logging_mixin.py:190} INFO - [2025-01-04T17:37:35.868+0100] {dag.py:4180} INFO - Setting next_dagrun for example_sla_dag to 2025-01-04 16:34:00+00:00, run_after=2025-01-04 16:36:00+00:00
[2025-01-04T17:37:35.889+0100] {processor.py:208} INFO - Processing /Users/azeez.ganiyu/airflow_venv/lib/python3.9/site-packages/airflow/example_dags/example_sla_dag.py took 0.262 seconds
[2025-01-04T17:40:37.879+0100] {processor.py:186} INFO - Started process (PID=1824) to work on /Users/azeez.ganiyu/airflow_venv/lib/python3.9/site-packages/airflow/example_dags/example_sla_dag.py
[2025-01-04T17:40:37.884+0100] {processor.py:914} INFO - Processing file /Users/azeez.ganiyu/airflow_venv/lib/python3.9/site-packages/airflow/example_dags/example_sla_dag.py for tasks to queue
[2025-01-04T17:40:37.885+0100] {logging_mixin.py:190} INFO - [2025-01-04T17:40:37.885+0100] {dagbag.py:588} INFO - Filling up the DagBag from /Users/azeez.ganiyu/airflow_venv/lib/python3.9/site-packages/airflow/example_dags/example_sla_dag.py
[2025-01-04T17:40:37.950+0100] {processor.py:925} INFO - DAG(s) 'example_sla_dag' retrieved from /Users/azeez.ganiyu/airflow_venv/lib/python3.9/site-packages/airflow/example_dags/example_sla_dag.py
[2025-01-04T17:40:38.124+0100] {logging_mixin.py:190} INFO - [2025-01-04T17:40:38.124+0100] {dag.py:3239} INFO - Sync 1 DAGs
[2025-01-04T17:40:38.152+0100] {logging_mixin.py:190} INFO - [2025-01-04T17:40:38.151+0100] {dag.py:4180} INFO - Setting next_dagrun for example_sla_dag to 2025-01-04 16:38:00+00:00, run_after=2025-01-04 16:40:00+00:00
[2025-01-04T17:40:38.172+0100] {processor.py:208} INFO - Processing /Users/azeez.ganiyu/airflow_venv/lib/python3.9/site-packages/airflow/example_dags/example_sla_dag.py took 0.304 seconds
[2025-01-04T17:45:36.494+0100] {processor.py:186} INFO - Started process (PID=3159) to work on /Users/azeez.ganiyu/airflow_venv/lib/python3.9/site-packages/airflow/example_dags/example_sla_dag.py
[2025-01-04T17:45:36.499+0100] {processor.py:914} INFO - Processing file /Users/azeez.ganiyu/airflow_venv/lib/python3.9/site-packages/airflow/example_dags/example_sla_dag.py for tasks to queue
[2025-01-04T17:45:36.500+0100] {logging_mixin.py:190} INFO - [2025-01-04T17:45:36.500+0100] {dagbag.py:588} INFO - Filling up the DagBag from /Users/azeez.ganiyu/airflow_venv/lib/python3.9/site-packages/airflow/example_dags/example_sla_dag.py
[2025-01-04T17:45:36.558+0100] {processor.py:925} INFO - DAG(s) 'example_sla_dag' retrieved from /Users/azeez.ganiyu/airflow_venv/lib/python3.9/site-packages/airflow/example_dags/example_sla_dag.py
[2025-01-04T17:45:36.693+0100] {logging_mixin.py:190} INFO - [2025-01-04T17:45:36.693+0100] {dag.py:3239} INFO - Sync 1 DAGs
[2025-01-04T17:45:36.715+0100] {logging_mixin.py:190} INFO - [2025-01-04T17:45:36.715+0100] {dag.py:4180} INFO - Setting next_dagrun for example_sla_dag to 2025-01-04 16:42:00+00:00, run_after=2025-01-04 16:44:00+00:00
[2025-01-04T17:45:36.734+0100] {processor.py:208} INFO - Processing /Users/azeez.ganiyu/airflow_venv/lib/python3.9/site-packages/airflow/example_dags/example_sla_dag.py took 0.248 seconds
