[2025-01-04T17:25:11.191+0100] {processor.py:186} INFO - Started process (PID=98250) to work on /Users/azeez.ganiyu/airflow_venv/lib/python3.9/site-packages/airflow/example_dags/example_short_circuit_operator.py
[2025-01-04T17:25:11.196+0100] {processor.py:914} INFO - Processing file /Users/azeez.ganiyu/airflow_venv/lib/python3.9/site-packages/airflow/example_dags/example_short_circuit_operator.py for tasks to queue
[2025-01-04T17:25:11.197+0100] {logging_mixin.py:190} INFO - [2025-01-04T17:25:11.197+0100] {dagbag.py:588} INFO - Filling up the DagBag from /Users/azeez.ganiyu/airflow_venv/lib/python3.9/site-packages/airflow/example_dags/example_short_circuit_operator.py
[2025-01-04T17:25:11.238+0100] {processor.py:925} INFO - DAG(s) 'example_short_circuit_operator' retrieved from /Users/azeez.ganiyu/airflow_venv/lib/python3.9/site-packages/airflow/example_dags/example_short_circuit_operator.py
[2025-01-04T17:25:11.375+0100] {logging_mixin.py:190} INFO - [2025-01-04T17:25:11.375+0100] {dag.py:3239} INFO - Sync 1 DAGs
[2025-01-04T17:25:11.384+0100] {logging_mixin.py:190} INFO - [2025-01-04T17:25:11.384+0100] {dag.py:4180} INFO - Setting next_dagrun for example_short_circuit_operator to None, run_after=None
[2025-01-04T17:25:11.405+0100] {processor.py:208} INFO - Processing /Users/azeez.ganiyu/airflow_venv/lib/python3.9/site-packages/airflow/example_dags/example_short_circuit_operator.py took 0.221 seconds
[2025-01-04T17:28:55.209+0100] {processor.py:186} INFO - Started process (PID=99007) to work on /Users/azeez.ganiyu/airflow_venv/lib/python3.9/site-packages/airflow/example_dags/example_short_circuit_operator.py
[2025-01-04T17:28:55.214+0100] {processor.py:914} INFO - Processing file /Users/azeez.ganiyu/airflow_venv/lib/python3.9/site-packages/airflow/example_dags/example_short_circuit_operator.py for tasks to queue
[2025-01-04T17:28:55.215+0100] {logging_mixin.py:190} INFO - [2025-01-04T17:28:55.215+0100] {dagbag.py:588} INFO - Filling up the DagBag from /Users/azeez.ganiyu/airflow_venv/lib/python3.9/site-packages/airflow/example_dags/example_short_circuit_operator.py
[2025-01-04T17:28:55.274+0100] {processor.py:925} INFO - DAG(s) 'example_short_circuit_operator' retrieved from /Users/azeez.ganiyu/airflow_venv/lib/python3.9/site-packages/airflow/example_dags/example_short_circuit_operator.py
[2025-01-04T17:28:55.456+0100] {logging_mixin.py:190} INFO - [2025-01-04T17:28:55.455+0100] {dag.py:3239} INFO - Sync 1 DAGs
[2025-01-04T17:28:55.467+0100] {logging_mixin.py:190} INFO - [2025-01-04T17:28:55.467+0100] {dag.py:4180} INFO - Setting next_dagrun for example_short_circuit_operator to None, run_after=None
[2025-01-04T17:28:55.490+0100] {processor.py:208} INFO - Processing /Users/azeez.ganiyu/airflow_venv/lib/python3.9/site-packages/airflow/example_dags/example_short_circuit_operator.py took 0.289 seconds
[2025-01-04T17:31:51.151+0100] {processor.py:186} INFO - Started process (PID=99612) to work on /Users/azeez.ganiyu/airflow_venv/lib/python3.9/site-packages/airflow/example_dags/example_short_circuit_operator.py
[2025-01-04T17:31:51.156+0100] {processor.py:914} INFO - Processing file /Users/azeez.ganiyu/airflow_venv/lib/python3.9/site-packages/airflow/example_dags/example_short_circuit_operator.py for tasks to queue
[2025-01-04T17:31:51.157+0100] {logging_mixin.py:190} INFO - [2025-01-04T17:31:51.157+0100] {dagbag.py:588} INFO - Filling up the DagBag from /Users/azeez.ganiyu/airflow_venv/lib/python3.9/site-packages/airflow/example_dags/example_short_circuit_operator.py
[2025-01-04T17:31:51.216+0100] {processor.py:925} INFO - DAG(s) 'example_short_circuit_operator' retrieved from /Users/azeez.ganiyu/airflow_venv/lib/python3.9/site-packages/airflow/example_dags/example_short_circuit_operator.py
[2025-01-04T17:31:51.365+0100] {logging_mixin.py:190} INFO - [2025-01-04T17:31:51.365+0100] {dag.py:3239} INFO - Sync 1 DAGs
[2025-01-04T17:31:51.374+0100] {logging_mixin.py:190} INFO - [2025-01-04T17:31:51.374+0100] {dag.py:4180} INFO - Setting next_dagrun for example_short_circuit_operator to None, run_after=None
[2025-01-04T17:31:51.395+0100] {processor.py:208} INFO - Processing /Users/azeez.ganiyu/airflow_venv/lib/python3.9/site-packages/airflow/example_dags/example_short_circuit_operator.py took 0.252 seconds
[2025-01-04T17:34:45.418+0100] {processor.py:186} INFO - Started process (PID=438) to work on /Users/azeez.ganiyu/airflow_venv/lib/python3.9/site-packages/airflow/example_dags/example_short_circuit_operator.py
[2025-01-04T17:34:45.422+0100] {processor.py:914} INFO - Processing file /Users/azeez.ganiyu/airflow_venv/lib/python3.9/site-packages/airflow/example_dags/example_short_circuit_operator.py for tasks to queue
[2025-01-04T17:34:45.424+0100] {logging_mixin.py:190} INFO - [2025-01-04T17:34:45.423+0100] {dagbag.py:588} INFO - Filling up the DagBag from /Users/azeez.ganiyu/airflow_venv/lib/python3.9/site-packages/airflow/example_dags/example_short_circuit_operator.py
[2025-01-04T17:34:45.463+0100] {processor.py:925} INFO - DAG(s) 'example_short_circuit_operator' retrieved from /Users/azeez.ganiyu/airflow_venv/lib/python3.9/site-packages/airflow/example_dags/example_short_circuit_operator.py
[2025-01-04T17:34:45.602+0100] {logging_mixin.py:190} INFO - [2025-01-04T17:34:45.602+0100] {dag.py:3239} INFO - Sync 1 DAGs
[2025-01-04T17:34:45.614+0100] {logging_mixin.py:190} INFO - [2025-01-04T17:34:45.613+0100] {dag.py:4180} INFO - Setting next_dagrun for example_short_circuit_operator to None, run_after=None
[2025-01-04T17:34:45.634+0100] {processor.py:208} INFO - Processing /Users/azeez.ganiyu/airflow_venv/lib/python3.9/site-packages/airflow/example_dags/example_short_circuit_operator.py took 0.224 seconds
[2025-01-04T17:37:42.784+0100] {processor.py:186} INFO - Started process (PID=1252) to work on /Users/azeez.ganiyu/airflow_venv/lib/python3.9/site-packages/airflow/example_dags/example_short_circuit_operator.py
[2025-01-04T17:37:42.788+0100] {processor.py:914} INFO - Processing file /Users/azeez.ganiyu/airflow_venv/lib/python3.9/site-packages/airflow/example_dags/example_short_circuit_operator.py for tasks to queue
[2025-01-04T17:37:42.789+0100] {logging_mixin.py:190} INFO - [2025-01-04T17:37:42.789+0100] {dagbag.py:588} INFO - Filling up the DagBag from /Users/azeez.ganiyu/airflow_venv/lib/python3.9/site-packages/airflow/example_dags/example_short_circuit_operator.py
[2025-01-04T17:37:42.829+0100] {processor.py:925} INFO - DAG(s) 'example_short_circuit_operator' retrieved from /Users/azeez.ganiyu/airflow_venv/lib/python3.9/site-packages/airflow/example_dags/example_short_circuit_operator.py
[2025-01-04T17:37:42.992+0100] {logging_mixin.py:190} INFO - [2025-01-04T17:37:42.992+0100] {dag.py:3239} INFO - Sync 1 DAGs
[2025-01-04T17:37:43.002+0100] {logging_mixin.py:190} INFO - [2025-01-04T17:37:43.001+0100] {dag.py:4180} INFO - Setting next_dagrun for example_short_circuit_operator to None, run_after=None
[2025-01-04T17:37:43.022+0100] {processor.py:208} INFO - Processing /Users/azeez.ganiyu/airflow_venv/lib/python3.9/site-packages/airflow/example_dags/example_short_circuit_operator.py took 0.245 seconds
[2025-01-04T17:40:45.227+0100] {processor.py:186} INFO - Started process (PID=1850) to work on /Users/azeez.ganiyu/airflow_venv/lib/python3.9/site-packages/airflow/example_dags/example_short_circuit_operator.py
[2025-01-04T17:40:45.231+0100] {processor.py:914} INFO - Processing file /Users/azeez.ganiyu/airflow_venv/lib/python3.9/site-packages/airflow/example_dags/example_short_circuit_operator.py for tasks to queue
[2025-01-04T17:40:45.232+0100] {logging_mixin.py:190} INFO - [2025-01-04T17:40:45.232+0100] {dagbag.py:588} INFO - Filling up the DagBag from /Users/azeez.ganiyu/airflow_venv/lib/python3.9/site-packages/airflow/example_dags/example_short_circuit_operator.py
[2025-01-04T17:40:45.270+0100] {processor.py:925} INFO - DAG(s) 'example_short_circuit_operator' retrieved from /Users/azeez.ganiyu/airflow_venv/lib/python3.9/site-packages/airflow/example_dags/example_short_circuit_operator.py
[2025-01-04T17:40:45.404+0100] {logging_mixin.py:190} INFO - [2025-01-04T17:40:45.403+0100] {dag.py:3239} INFO - Sync 1 DAGs
[2025-01-04T17:40:45.413+0100] {logging_mixin.py:190} INFO - [2025-01-04T17:40:45.413+0100] {dag.py:4180} INFO - Setting next_dagrun for example_short_circuit_operator to None, run_after=None
[2025-01-04T17:40:45.432+0100] {processor.py:208} INFO - Processing /Users/azeez.ganiyu/airflow_venv/lib/python3.9/site-packages/airflow/example_dags/example_short_circuit_operator.py took 0.213 seconds
[2025-01-04T17:45:43.618+0100] {processor.py:186} INFO - Started process (PID=3185) to work on /Users/azeez.ganiyu/airflow_venv/lib/python3.9/site-packages/airflow/example_dags/example_short_circuit_operator.py
[2025-01-04T17:45:43.622+0100] {processor.py:914} INFO - Processing file /Users/azeez.ganiyu/airflow_venv/lib/python3.9/site-packages/airflow/example_dags/example_short_circuit_operator.py for tasks to queue
[2025-01-04T17:45:43.623+0100] {logging_mixin.py:190} INFO - [2025-01-04T17:45:43.623+0100] {dagbag.py:588} INFO - Filling up the DagBag from /Users/azeez.ganiyu/airflow_venv/lib/python3.9/site-packages/airflow/example_dags/example_short_circuit_operator.py
[2025-01-04T17:45:43.662+0100] {processor.py:925} INFO - DAG(s) 'example_short_circuit_operator' retrieved from /Users/azeez.ganiyu/airflow_venv/lib/python3.9/site-packages/airflow/example_dags/example_short_circuit_operator.py
[2025-01-04T17:45:43.799+0100] {logging_mixin.py:190} INFO - [2025-01-04T17:45:43.798+0100] {dag.py:3239} INFO - Sync 1 DAGs
[2025-01-04T17:45:43.808+0100] {logging_mixin.py:190} INFO - [2025-01-04T17:45:43.808+0100] {dag.py:4180} INFO - Setting next_dagrun for example_short_circuit_operator to None, run_after=None
[2025-01-04T17:45:43.827+0100] {processor.py:208} INFO - Processing /Users/azeez.ganiyu/airflow_venv/lib/python3.9/site-packages/airflow/example_dags/example_short_circuit_operator.py took 0.218 seconds
