[2025-01-04T17:26:03.054+0100] {processor.py:186} INFO - Started process (PID=98418) to work on /Users/azeez.ganiyu/airflow_venv/lib/python3.9/site-packages/airflow/example_dags/example_latest_only_with_trigger.py
[2025-01-04T17:26:03.060+0100] {processor.py:914} INFO - Processing file /Users/azeez.ganiyu/airflow_venv/lib/python3.9/site-packages/airflow/example_dags/example_latest_only_with_trigger.py for tasks to queue
[2025-01-04T17:26:03.062+0100] {logging_mixin.py:190} INFO - [2025-01-04T17:26:03.062+0100] {dagbag.py:588} INFO - Filling up the DagBag from /Users/azeez.ganiyu/airflow_venv/lib/python3.9/site-packages/airflow/example_dags/example_latest_only_with_trigger.py
[2025-01-04T17:26:03.083+0100] {processor.py:925} INFO - DAG(s) 'latest_only_with_trigger' retrieved from /Users/azeez.ganiyu/airflow_venv/lib/python3.9/site-packages/airflow/example_dags/example_latest_only_with_trigger.py
[2025-01-04T17:26:03.245+0100] {logging_mixin.py:190} INFO - [2025-01-04T17:26:03.244+0100] {dag.py:3239} INFO - Sync 1 DAGs
[2025-01-04T17:26:03.272+0100] {logging_mixin.py:190} INFO - [2025-01-04T17:26:03.272+0100] {dag.py:4180} INFO - Setting next_dagrun for latest_only_with_trigger to 2025-01-04 12:00:00+00:00, run_after=2025-01-04 16:00:00+00:00
[2025-01-04T17:26:03.298+0100] {processor.py:208} INFO - Processing /Users/azeez.ganiyu/airflow_venv/lib/python3.9/site-packages/airflow/example_dags/example_latest_only_with_trigger.py took 0.252 seconds
[2025-01-04T17:29:47.729+0100] {processor.py:186} INFO - Started process (PID=99191) to work on /Users/azeez.ganiyu/airflow_venv/lib/python3.9/site-packages/airflow/example_dags/example_latest_only_with_trigger.py
[2025-01-04T17:29:47.734+0100] {processor.py:914} INFO - Processing file /Users/azeez.ganiyu/airflow_venv/lib/python3.9/site-packages/airflow/example_dags/example_latest_only_with_trigger.py for tasks to queue
[2025-01-04T17:29:47.735+0100] {logging_mixin.py:190} INFO - [2025-01-04T17:29:47.735+0100] {dagbag.py:588} INFO - Filling up the DagBag from /Users/azeez.ganiyu/airflow_venv/lib/python3.9/site-packages/airflow/example_dags/example_latest_only_with_trigger.py
[2025-01-04T17:29:47.749+0100] {processor.py:925} INFO - DAG(s) 'latest_only_with_trigger' retrieved from /Users/azeez.ganiyu/airflow_venv/lib/python3.9/site-packages/airflow/example_dags/example_latest_only_with_trigger.py
[2025-01-04T17:29:47.887+0100] {logging_mixin.py:190} INFO - [2025-01-04T17:29:47.886+0100] {dag.py:3239} INFO - Sync 1 DAGs
[2025-01-04T17:29:47.905+0100] {logging_mixin.py:190} INFO - [2025-01-04T17:29:47.905+0100] {dag.py:4180} INFO - Setting next_dagrun for latest_only_with_trigger to 2025-01-04 12:00:00+00:00, run_after=2025-01-04 16:00:00+00:00
[2025-01-04T17:29:47.926+0100] {processor.py:208} INFO - Processing /Users/azeez.ganiyu/airflow_venv/lib/python3.9/site-packages/airflow/example_dags/example_latest_only_with_trigger.py took 0.204 seconds
[2025-01-04T17:32:40.628+0100] {processor.py:186} INFO - Started process (PID=99763) to work on /Users/azeez.ganiyu/airflow_venv/lib/python3.9/site-packages/airflow/example_dags/example_latest_only_with_trigger.py
[2025-01-04T17:32:40.633+0100] {processor.py:914} INFO - Processing file /Users/azeez.ganiyu/airflow_venv/lib/python3.9/site-packages/airflow/example_dags/example_latest_only_with_trigger.py for tasks to queue
[2025-01-04T17:32:40.634+0100] {logging_mixin.py:190} INFO - [2025-01-04T17:32:40.634+0100] {dagbag.py:588} INFO - Filling up the DagBag from /Users/azeez.ganiyu/airflow_venv/lib/python3.9/site-packages/airflow/example_dags/example_latest_only_with_trigger.py
[2025-01-04T17:32:40.650+0100] {processor.py:925} INFO - DAG(s) 'latest_only_with_trigger' retrieved from /Users/azeez.ganiyu/airflow_venv/lib/python3.9/site-packages/airflow/example_dags/example_latest_only_with_trigger.py
[2025-01-04T17:32:40.799+0100] {logging_mixin.py:190} INFO - [2025-01-04T17:32:40.798+0100] {dag.py:3239} INFO - Sync 1 DAGs
[2025-01-04T17:32:40.819+0100] {logging_mixin.py:190} INFO - [2025-01-04T17:32:40.819+0100] {dag.py:4180} INFO - Setting next_dagrun for latest_only_with_trigger to 2025-01-04 12:00:00+00:00, run_after=2025-01-04 16:00:00+00:00
[2025-01-04T17:32:40.840+0100] {processor.py:208} INFO - Processing /Users/azeez.ganiyu/airflow_venv/lib/python3.9/site-packages/airflow/example_dags/example_latest_only_with_trigger.py took 0.220 seconds
[2025-01-04T17:35:38.207+0100] {processor.py:186} INFO - Started process (PID=628) to work on /Users/azeez.ganiyu/airflow_venv/lib/python3.9/site-packages/airflow/example_dags/example_latest_only_with_trigger.py
[2025-01-04T17:35:38.213+0100] {processor.py:914} INFO - Processing file /Users/azeez.ganiyu/airflow_venv/lib/python3.9/site-packages/airflow/example_dags/example_latest_only_with_trigger.py for tasks to queue
[2025-01-04T17:35:38.215+0100] {logging_mixin.py:190} INFO - [2025-01-04T17:35:38.214+0100] {dagbag.py:588} INFO - Filling up the DagBag from /Users/azeez.ganiyu/airflow_venv/lib/python3.9/site-packages/airflow/example_dags/example_latest_only_with_trigger.py
[2025-01-04T17:35:38.231+0100] {processor.py:925} INFO - DAG(s) 'latest_only_with_trigger' retrieved from /Users/azeez.ganiyu/airflow_venv/lib/python3.9/site-packages/airflow/example_dags/example_latest_only_with_trigger.py
[2025-01-04T17:35:38.392+0100] {logging_mixin.py:190} INFO - [2025-01-04T17:35:38.391+0100] {dag.py:3239} INFO - Sync 1 DAGs
[2025-01-04T17:35:38.414+0100] {logging_mixin.py:190} INFO - [2025-01-04T17:35:38.414+0100] {dag.py:4180} INFO - Setting next_dagrun for latest_only_with_trigger to 2025-01-04 12:00:00+00:00, run_after=2025-01-04 16:00:00+00:00
[2025-01-04T17:35:38.437+0100] {processor.py:208} INFO - Processing /Users/azeez.ganiyu/airflow_venv/lib/python3.9/site-packages/airflow/example_dags/example_latest_only_with_trigger.py took 0.238 seconds
[2025-01-04T17:38:31.882+0100] {processor.py:186} INFO - Started process (PID=1416) to work on /Users/azeez.ganiyu/airflow_venv/lib/python3.9/site-packages/airflow/example_dags/example_latest_only_with_trigger.py
[2025-01-04T17:38:31.887+0100] {processor.py:914} INFO - Processing file /Users/azeez.ganiyu/airflow_venv/lib/python3.9/site-packages/airflow/example_dags/example_latest_only_with_trigger.py for tasks to queue
[2025-01-04T17:38:31.888+0100] {logging_mixin.py:190} INFO - [2025-01-04T17:38:31.887+0100] {dagbag.py:588} INFO - Filling up the DagBag from /Users/azeez.ganiyu/airflow_venv/lib/python3.9/site-packages/airflow/example_dags/example_latest_only_with_trigger.py
[2025-01-04T17:38:31.905+0100] {processor.py:925} INFO - DAG(s) 'latest_only_with_trigger' retrieved from /Users/azeez.ganiyu/airflow_venv/lib/python3.9/site-packages/airflow/example_dags/example_latest_only_with_trigger.py
[2025-01-04T17:38:32.048+0100] {logging_mixin.py:190} INFO - [2025-01-04T17:38:32.048+0100] {dag.py:3239} INFO - Sync 1 DAGs
[2025-01-04T17:38:32.068+0100] {logging_mixin.py:190} INFO - [2025-01-04T17:38:32.068+0100] {dag.py:4180} INFO - Setting next_dagrun for latest_only_with_trigger to 2025-01-04 12:00:00+00:00, run_after=2025-01-04 16:00:00+00:00
[2025-01-04T17:38:32.089+0100] {processor.py:208} INFO - Processing /Users/azeez.ganiyu/airflow_venv/lib/python3.9/site-packages/airflow/example_dags/example_latest_only_with_trigger.py took 0.215 seconds
[2025-01-04T17:42:50.147+0100] {processor.py:186} INFO - Started process (PID=2674) to work on /Users/azeez.ganiyu/airflow_venv/lib/python3.9/site-packages/airflow/example_dags/example_latest_only_with_trigger.py
[2025-01-04T17:42:50.152+0100] {processor.py:914} INFO - Processing file /Users/azeez.ganiyu/airflow_venv/lib/python3.9/site-packages/airflow/example_dags/example_latest_only_with_trigger.py for tasks to queue
[2025-01-04T17:42:50.153+0100] {logging_mixin.py:190} INFO - [2025-01-04T17:42:50.153+0100] {dagbag.py:588} INFO - Filling up the DagBag from /Users/azeez.ganiyu/airflow_venv/lib/python3.9/site-packages/airflow/example_dags/example_latest_only_with_trigger.py
[2025-01-04T17:42:50.170+0100] {processor.py:925} INFO - DAG(s) 'latest_only_with_trigger' retrieved from /Users/azeez.ganiyu/airflow_venv/lib/python3.9/site-packages/airflow/example_dags/example_latest_only_with_trigger.py
[2025-01-04T17:42:50.325+0100] {logging_mixin.py:190} INFO - [2025-01-04T17:42:50.324+0100] {dag.py:3239} INFO - Sync 1 DAGs
[2025-01-04T17:42:50.344+0100] {logging_mixin.py:190} INFO - [2025-01-04T17:42:50.343+0100] {dag.py:4180} INFO - Setting next_dagrun for latest_only_with_trigger to 2025-01-04 12:00:00+00:00, run_after=2025-01-04 16:00:00+00:00
[2025-01-04T17:42:50.365+0100] {processor.py:208} INFO - Processing /Users/azeez.ganiyu/airflow_venv/lib/python3.9/site-packages/airflow/example_dags/example_latest_only_with_trigger.py took 0.225 seconds
