[2025-01-04T17:24:38.600+0100] {processor.py:186} INFO - Started process (PID=98146) to work on /Users/azeez.ganiyu/airflow_venv/lib/python3.9/site-packages/airflow/example_dags/example_workday_timetable.py
[2025-01-04T17:24:38.605+0100] {processor.py:914} INFO - Processing file /Users/azeez.ganiyu/airflow_venv/lib/python3.9/site-packages/airflow/example_dags/example_workday_timetable.py for tasks to queue
[2025-01-04T17:24:38.606+0100] {logging_mixin.py:190} INFO - [2025-01-04T17:24:38.606+0100] {dagbag.py:588} INFO - Filling up the DagBag from /Users/azeez.ganiyu/airflow_venv/lib/python3.9/site-packages/airflow/example_dags/example_workday_timetable.py
[2025-01-04T17:24:38.613+0100] {logging_mixin.py:190} INFO - [2025-01-04T17:24:38.612+0100] {workday.py:41} WARNING - Could not import pandas. Holidays will not be considered.
[2025-01-04T17:24:38.627+0100] {processor.py:925} INFO - DAG(s) 'example_workday_timetable' retrieved from /Users/azeez.ganiyu/airflow_venv/lib/python3.9/site-packages/airflow/example_dags/example_workday_timetable.py
[2025-01-04T17:24:38.792+0100] {logging_mixin.py:190} INFO - [2025-01-04T17:24:38.792+0100] {workday.py:41} WARNING - Could not import pandas. Holidays will not be considered.
[2025-01-04T17:24:38.840+0100] {logging_mixin.py:190} INFO - [2025-01-04T17:24:38.840+0100] {dag.py:3239} INFO - Sync 1 DAGs
[2025-01-04T17:24:38.860+0100] {logging_mixin.py:190} INFO - [2025-01-04T17:24:38.860+0100] {dag.py:4180} INFO - Setting next_dagrun for example_workday_timetable to 2021-01-01 00:00:00+00:00, run_after=2021-01-02 00:00:00+00:00
[2025-01-04T17:24:38.882+0100] {processor.py:208} INFO - Processing /Users/azeez.ganiyu/airflow_venv/lib/python3.9/site-packages/airflow/example_dags/example_workday_timetable.py took 0.291 seconds
[2025-01-04T17:28:17.280+0100] {processor.py:186} INFO - Started process (PID=98891) to work on /Users/azeez.ganiyu/airflow_venv/lib/python3.9/site-packages/airflow/example_dags/example_workday_timetable.py
[2025-01-04T17:28:17.286+0100] {processor.py:914} INFO - Processing file /Users/azeez.ganiyu/airflow_venv/lib/python3.9/site-packages/airflow/example_dags/example_workday_timetable.py for tasks to queue
[2025-01-04T17:28:17.287+0100] {logging_mixin.py:190} INFO - [2025-01-04T17:28:17.287+0100] {dagbag.py:588} INFO - Filling up the DagBag from /Users/azeez.ganiyu/airflow_venv/lib/python3.9/site-packages/airflow/example_dags/example_workday_timetable.py
[2025-01-04T17:28:17.292+0100] {logging_mixin.py:190} INFO - [2025-01-04T17:28:17.292+0100] {workday.py:41} WARNING - Could not import pandas. Holidays will not be considered.
[2025-01-04T17:28:17.305+0100] {processor.py:925} INFO - DAG(s) 'example_workday_timetable' retrieved from /Users/azeez.ganiyu/airflow_venv/lib/python3.9/site-packages/airflow/example_dags/example_workday_timetable.py
[2025-01-04T17:28:17.457+0100] {logging_mixin.py:190} INFO - [2025-01-04T17:28:17.457+0100] {workday.py:41} WARNING - Could not import pandas. Holidays will not be considered.
[2025-01-04T17:28:17.501+0100] {logging_mixin.py:190} INFO - [2025-01-04T17:28:17.500+0100] {dag.py:3239} INFO - Sync 1 DAGs
[2025-01-04T17:28:17.524+0100] {logging_mixin.py:190} INFO - [2025-01-04T17:28:17.524+0100] {dag.py:4180} INFO - Setting next_dagrun for example_workday_timetable to 2021-01-01 00:00:00+00:00, run_after=2021-01-02 00:00:00+00:00
[2025-01-04T17:28:17.548+0100] {processor.py:208} INFO - Processing /Users/azeez.ganiyu/airflow_venv/lib/python3.9/site-packages/airflow/example_dags/example_workday_timetable.py took 0.276 seconds
[2025-01-04T17:31:18.803+0100] {processor.py:186} INFO - Started process (PID=99499) to work on /Users/azeez.ganiyu/airflow_venv/lib/python3.9/site-packages/airflow/example_dags/example_workday_timetable.py
[2025-01-04T17:31:18.808+0100] {processor.py:914} INFO - Processing file /Users/azeez.ganiyu/airflow_venv/lib/python3.9/site-packages/airflow/example_dags/example_workday_timetable.py for tasks to queue
[2025-01-04T17:31:18.809+0100] {logging_mixin.py:190} INFO - [2025-01-04T17:31:18.809+0100] {dagbag.py:588} INFO - Filling up the DagBag from /Users/azeez.ganiyu/airflow_venv/lib/python3.9/site-packages/airflow/example_dags/example_workday_timetable.py
[2025-01-04T17:31:18.815+0100] {logging_mixin.py:190} INFO - [2025-01-04T17:31:18.814+0100] {workday.py:41} WARNING - Could not import pandas. Holidays will not be considered.
[2025-01-04T17:31:18.824+0100] {processor.py:925} INFO - DAG(s) 'example_workday_timetable' retrieved from /Users/azeez.ganiyu/airflow_venv/lib/python3.9/site-packages/airflow/example_dags/example_workday_timetable.py
[2025-01-04T17:31:18.949+0100] {logging_mixin.py:190} INFO - [2025-01-04T17:31:18.949+0100] {workday.py:41} WARNING - Could not import pandas. Holidays will not be considered.
[2025-01-04T17:31:18.982+0100] {logging_mixin.py:190} INFO - [2025-01-04T17:31:18.982+0100] {dag.py:3239} INFO - Sync 1 DAGs
[2025-01-04T17:31:19.000+0100] {logging_mixin.py:190} INFO - [2025-01-04T17:31:19.000+0100] {dag.py:4180} INFO - Setting next_dagrun for example_workday_timetable to 2021-01-01 00:00:00+00:00, run_after=2021-01-02 00:00:00+00:00
[2025-01-04T17:31:19.020+0100] {processor.py:208} INFO - Processing /Users/azeez.ganiyu/airflow_venv/lib/python3.9/site-packages/airflow/example_dags/example_workday_timetable.py took 0.225 seconds
[2025-01-04T17:34:13.475+0100] {processor.py:186} INFO - Started process (PID=268) to work on /Users/azeez.ganiyu/airflow_venv/lib/python3.9/site-packages/airflow/example_dags/example_workday_timetable.py
[2025-01-04T17:34:13.480+0100] {processor.py:914} INFO - Processing file /Users/azeez.ganiyu/airflow_venv/lib/python3.9/site-packages/airflow/example_dags/example_workday_timetable.py for tasks to queue
[2025-01-04T17:34:13.481+0100] {logging_mixin.py:190} INFO - [2025-01-04T17:34:13.481+0100] {dagbag.py:588} INFO - Filling up the DagBag from /Users/azeez.ganiyu/airflow_venv/lib/python3.9/site-packages/airflow/example_dags/example_workday_timetable.py
[2025-01-04T17:34:13.486+0100] {logging_mixin.py:190} INFO - [2025-01-04T17:34:13.486+0100] {workday.py:41} WARNING - Could not import pandas. Holidays will not be considered.
[2025-01-04T17:34:13.497+0100] {processor.py:925} INFO - DAG(s) 'example_workday_timetable' retrieved from /Users/azeez.ganiyu/airflow_venv/lib/python3.9/site-packages/airflow/example_dags/example_workday_timetable.py
[2025-01-04T17:34:13.622+0100] {logging_mixin.py:190} INFO - [2025-01-04T17:34:13.622+0100] {workday.py:41} WARNING - Could not import pandas. Holidays will not be considered.
[2025-01-04T17:34:13.660+0100] {logging_mixin.py:190} INFO - [2025-01-04T17:34:13.659+0100] {dag.py:3239} INFO - Sync 1 DAGs
[2025-01-04T17:34:13.678+0100] {logging_mixin.py:190} INFO - [2025-01-04T17:34:13.678+0100] {dag.py:4180} INFO - Setting next_dagrun for example_workday_timetable to 2021-01-01 00:00:00+00:00, run_after=2021-01-02 00:00:00+00:00
[2025-01-04T17:34:13.699+0100] {processor.py:208} INFO - Processing /Users/azeez.ganiyu/airflow_venv/lib/python3.9/site-packages/airflow/example_dags/example_workday_timetable.py took 0.232 seconds
[2025-01-04T17:37:12.133+0100] {processor.py:186} INFO - Started process (PID=1135) to work on /Users/azeez.ganiyu/airflow_venv/lib/python3.9/site-packages/airflow/example_dags/example_workday_timetable.py
[2025-01-04T17:37:12.138+0100] {processor.py:914} INFO - Processing file /Users/azeez.ganiyu/airflow_venv/lib/python3.9/site-packages/airflow/example_dags/example_workday_timetable.py for tasks to queue
[2025-01-04T17:37:12.140+0100] {logging_mixin.py:190} INFO - [2025-01-04T17:37:12.139+0100] {dagbag.py:588} INFO - Filling up the DagBag from /Users/azeez.ganiyu/airflow_venv/lib/python3.9/site-packages/airflow/example_dags/example_workday_timetable.py
[2025-01-04T17:37:12.146+0100] {logging_mixin.py:190} INFO - [2025-01-04T17:37:12.146+0100] {workday.py:41} WARNING - Could not import pandas. Holidays will not be considered.
[2025-01-04T17:37:12.157+0100] {processor.py:925} INFO - DAG(s) 'example_workday_timetable' retrieved from /Users/azeez.ganiyu/airflow_venv/lib/python3.9/site-packages/airflow/example_dags/example_workday_timetable.py
[2025-01-04T17:37:12.285+0100] {logging_mixin.py:190} INFO - [2025-01-04T17:37:12.285+0100] {workday.py:41} WARNING - Could not import pandas. Holidays will not be considered.
[2025-01-04T17:37:12.322+0100] {logging_mixin.py:190} INFO - [2025-01-04T17:37:12.322+0100] {dag.py:3239} INFO - Sync 1 DAGs
[2025-01-04T17:37:12.341+0100] {logging_mixin.py:190} INFO - [2025-01-04T17:37:12.341+0100] {dag.py:4180} INFO - Setting next_dagrun for example_workday_timetable to 2021-01-01 00:00:00+00:00, run_after=2021-01-02 00:00:00+00:00
[2025-01-04T17:37:12.362+0100] {processor.py:208} INFO - Processing /Users/azeez.ganiyu/airflow_venv/lib/python3.9/site-packages/airflow/example_dags/example_workday_timetable.py took 0.236 seconds
[2025-01-04T17:40:10.404+0100] {processor.py:186} INFO - Started process (PID=1740) to work on /Users/azeez.ganiyu/airflow_venv/lib/python3.9/site-packages/airflow/example_dags/example_workday_timetable.py
[2025-01-04T17:40:10.410+0100] {processor.py:914} INFO - Processing file /Users/azeez.ganiyu/airflow_venv/lib/python3.9/site-packages/airflow/example_dags/example_workday_timetable.py for tasks to queue
[2025-01-04T17:40:10.411+0100] {logging_mixin.py:190} INFO - [2025-01-04T17:40:10.411+0100] {dagbag.py:588} INFO - Filling up the DagBag from /Users/azeez.ganiyu/airflow_venv/lib/python3.9/site-packages/airflow/example_dags/example_workday_timetable.py
[2025-01-04T17:40:10.417+0100] {logging_mixin.py:190} INFO - [2025-01-04T17:40:10.416+0100] {workday.py:41} WARNING - Could not import pandas. Holidays will not be considered.
[2025-01-04T17:40:10.428+0100] {processor.py:925} INFO - DAG(s) 'example_workday_timetable' retrieved from /Users/azeez.ganiyu/airflow_venv/lib/python3.9/site-packages/airflow/example_dags/example_workday_timetable.py
[2025-01-04T17:40:10.558+0100] {logging_mixin.py:190} INFO - [2025-01-04T17:40:10.558+0100] {workday.py:41} WARNING - Could not import pandas. Holidays will not be considered.
[2025-01-04T17:40:10.593+0100] {logging_mixin.py:190} INFO - [2025-01-04T17:40:10.593+0100] {dag.py:3239} INFO - Sync 1 DAGs
[2025-01-04T17:40:10.612+0100] {logging_mixin.py:190} INFO - [2025-01-04T17:40:10.612+0100] {dag.py:4180} INFO - Setting next_dagrun for example_workday_timetable to 2021-01-01 00:00:00+00:00, run_after=2021-01-02 00:00:00+00:00
[2025-01-04T17:40:10.634+0100] {processor.py:208} INFO - Processing /Users/azeez.ganiyu/airflow_venv/lib/python3.9/site-packages/airflow/example_dags/example_workday_timetable.py took 0.237 seconds
[2025-01-04T17:44:57.460+0100] {processor.py:186} INFO - Started process (PID=3051) to work on /Users/azeez.ganiyu/airflow_venv/lib/python3.9/site-packages/airflow/example_dags/example_workday_timetable.py
[2025-01-04T17:44:57.465+0100] {processor.py:914} INFO - Processing file /Users/azeez.ganiyu/airflow_venv/lib/python3.9/site-packages/airflow/example_dags/example_workday_timetable.py for tasks to queue
[2025-01-04T17:44:57.466+0100] {logging_mixin.py:190} INFO - [2025-01-04T17:44:57.466+0100] {dagbag.py:588} INFO - Filling up the DagBag from /Users/azeez.ganiyu/airflow_venv/lib/python3.9/site-packages/airflow/example_dags/example_workday_timetable.py
[2025-01-04T17:44:57.471+0100] {logging_mixin.py:190} INFO - [2025-01-04T17:44:57.471+0100] {workday.py:41} WARNING - Could not import pandas. Holidays will not be considered.
[2025-01-04T17:44:57.481+0100] {processor.py:925} INFO - DAG(s) 'example_workday_timetable' retrieved from /Users/azeez.ganiyu/airflow_venv/lib/python3.9/site-packages/airflow/example_dags/example_workday_timetable.py
[2025-01-04T17:44:57.605+0100] {logging_mixin.py:190} INFO - [2025-01-04T17:44:57.605+0100] {workday.py:41} WARNING - Could not import pandas. Holidays will not be considered.
[2025-01-04T17:44:57.638+0100] {logging_mixin.py:190} INFO - [2025-01-04T17:44:57.638+0100] {dag.py:3239} INFO - Sync 1 DAGs
[2025-01-04T17:44:57.657+0100] {logging_mixin.py:190} INFO - [2025-01-04T17:44:57.657+0100] {dag.py:4180} INFO - Setting next_dagrun for example_workday_timetable to 2021-01-01 00:00:00+00:00, run_after=2021-01-02 00:00:00+00:00
[2025-01-04T17:44:57.676+0100] {processor.py:208} INFO - Processing /Users/azeez.ganiyu/airflow_venv/lib/python3.9/site-packages/airflow/example_dags/example_workday_timetable.py took 0.224 seconds
