[2025-01-04T17:25:44.192+0100] {processor.py:186} INFO - Started process (PID=98362) to work on /Users/azeez.ganiyu/airflow_venv/lib/python3.9/site-packages/airflow/example_dags/example_params_ui_tutorial.py
[2025-01-04T17:25:44.196+0100] {processor.py:914} INFO - Processing file /Users/azeez.ganiyu/airflow_venv/lib/python3.9/site-packages/airflow/example_dags/example_params_ui_tutorial.py for tasks to queue
[2025-01-04T17:25:44.197+0100] {logging_mixin.py:190} INFO - [2025-01-04T17:25:44.197+0100] {dagbag.py:588} INFO - Filling up the DagBag from /Users/azeez.ganiyu/airflow_venv/lib/python3.9/site-packages/airflow/example_dags/example_params_ui_tutorial.py
[2025-01-04T17:25:44.254+0100] {processor.py:925} INFO - DAG(s) 'example_params_ui_tutorial' retrieved from /Users/azeez.ganiyu/airflow_venv/lib/python3.9/site-packages/airflow/example_dags/example_params_ui_tutorial.py
[2025-01-04T17:25:44.548+0100] {logging_mixin.py:190} INFO - [2025-01-04T17:25:44.548+0100] {dag.py:3239} INFO - Sync 1 DAGs
[2025-01-04T17:25:44.558+0100] {logging_mixin.py:190} INFO - [2025-01-04T17:25:44.558+0100] {dag.py:4180} INFO - Setting next_dagrun for example_params_ui_tutorial to None, run_after=None
[2025-01-04T17:25:44.577+0100] {processor.py:208} INFO - Processing /Users/azeez.ganiyu/airflow_venv/lib/python3.9/site-packages/airflow/example_dags/example_params_ui_tutorial.py took 0.392 seconds
[2025-01-04T17:29:29.387+0100] {processor.py:186} INFO - Started process (PID=99119) to work on /Users/azeez.ganiyu/airflow_venv/lib/python3.9/site-packages/airflow/example_dags/example_params_ui_tutorial.py
[2025-01-04T17:29:29.393+0100] {processor.py:914} INFO - Processing file /Users/azeez.ganiyu/airflow_venv/lib/python3.9/site-packages/airflow/example_dags/example_params_ui_tutorial.py for tasks to queue
[2025-01-04T17:29:29.395+0100] {logging_mixin.py:190} INFO - [2025-01-04T17:29:29.395+0100] {dagbag.py:588} INFO - Filling up the DagBag from /Users/azeez.ganiyu/airflow_venv/lib/python3.9/site-packages/airflow/example_dags/example_params_ui_tutorial.py
[2025-01-04T17:29:29.455+0100] {processor.py:925} INFO - DAG(s) 'example_params_ui_tutorial' retrieved from /Users/azeez.ganiyu/airflow_venv/lib/python3.9/site-packages/airflow/example_dags/example_params_ui_tutorial.py
[2025-01-04T17:29:29.626+0100] {logging_mixin.py:190} INFO - [2025-01-04T17:29:29.626+0100] {dag.py:3239} INFO - Sync 1 DAGs
[2025-01-04T17:29:29.635+0100] {logging_mixin.py:190} INFO - [2025-01-04T17:29:29.635+0100] {dag.py:4180} INFO - Setting next_dagrun for example_params_ui_tutorial to None, run_after=None
[2025-01-04T17:29:29.655+0100] {processor.py:208} INFO - Processing /Users/azeez.ganiyu/airflow_venv/lib/python3.9/site-packages/airflow/example_dags/example_params_ui_tutorial.py took 0.276 seconds
[2025-01-04T17:32:23.002+0100] {processor.py:186} INFO - Started process (PID=99713) to work on /Users/azeez.ganiyu/airflow_venv/lib/python3.9/site-packages/airflow/example_dags/example_params_ui_tutorial.py
[2025-01-04T17:32:23.007+0100] {processor.py:914} INFO - Processing file /Users/azeez.ganiyu/airflow_venv/lib/python3.9/site-packages/airflow/example_dags/example_params_ui_tutorial.py for tasks to queue
[2025-01-04T17:32:23.008+0100] {logging_mixin.py:190} INFO - [2025-01-04T17:32:23.008+0100] {dagbag.py:588} INFO - Filling up the DagBag from /Users/azeez.ganiyu/airflow_venv/lib/python3.9/site-packages/airflow/example_dags/example_params_ui_tutorial.py
[2025-01-04T17:32:23.060+0100] {processor.py:925} INFO - DAG(s) 'example_params_ui_tutorial' retrieved from /Users/azeez.ganiyu/airflow_venv/lib/python3.9/site-packages/airflow/example_dags/example_params_ui_tutorial.py
[2025-01-04T17:32:23.216+0100] {logging_mixin.py:190} INFO - [2025-01-04T17:32:23.216+0100] {dag.py:3239} INFO - Sync 1 DAGs
[2025-01-04T17:32:23.226+0100] {logging_mixin.py:190} INFO - [2025-01-04T17:32:23.226+0100] {dag.py:4180} INFO - Setting next_dagrun for example_params_ui_tutorial to None, run_after=None
[2025-01-04T17:32:23.245+0100] {processor.py:208} INFO - Processing /Users/azeez.ganiyu/airflow_venv/lib/python3.9/site-packages/airflow/example_dags/example_params_ui_tutorial.py took 0.251 seconds
[2025-01-04T17:35:18.432+0100] {processor.py:186} INFO - Started process (PID=561) to work on /Users/azeez.ganiyu/airflow_venv/lib/python3.9/site-packages/airflow/example_dags/example_params_ui_tutorial.py
[2025-01-04T17:35:18.452+0100] {processor.py:914} INFO - Processing file /Users/azeez.ganiyu/airflow_venv/lib/python3.9/site-packages/airflow/example_dags/example_params_ui_tutorial.py for tasks to queue
[2025-01-04T17:35:18.453+0100] {logging_mixin.py:190} INFO - [2025-01-04T17:35:18.453+0100] {dagbag.py:588} INFO - Filling up the DagBag from /Users/azeez.ganiyu/airflow_venv/lib/python3.9/site-packages/airflow/example_dags/example_params_ui_tutorial.py
[2025-01-04T17:35:18.520+0100] {processor.py:925} INFO - DAG(s) 'example_params_ui_tutorial' retrieved from /Users/azeez.ganiyu/airflow_venv/lib/python3.9/site-packages/airflow/example_dags/example_params_ui_tutorial.py
[2025-01-04T17:35:18.705+0100] {logging_mixin.py:190} INFO - [2025-01-04T17:35:18.705+0100] {dag.py:3239} INFO - Sync 1 DAGs
[2025-01-04T17:35:18.716+0100] {logging_mixin.py:190} INFO - [2025-01-04T17:35:18.716+0100] {dag.py:4180} INFO - Setting next_dagrun for example_params_ui_tutorial to None, run_after=None
[2025-01-04T17:35:18.739+0100] {processor.py:208} INFO - Processing /Users/azeez.ganiyu/airflow_venv/lib/python3.9/site-packages/airflow/example_dags/example_params_ui_tutorial.py took 0.315 seconds
[2025-01-04T17:38:14.486+0100] {processor.py:186} INFO - Started process (PID=1360) to work on /Users/azeez.ganiyu/airflow_venv/lib/python3.9/site-packages/airflow/example_dags/example_params_ui_tutorial.py
[2025-01-04T17:38:14.493+0100] {processor.py:914} INFO - Processing file /Users/azeez.ganiyu/airflow_venv/lib/python3.9/site-packages/airflow/example_dags/example_params_ui_tutorial.py for tasks to queue
[2025-01-04T17:38:14.494+0100] {logging_mixin.py:190} INFO - [2025-01-04T17:38:14.494+0100] {dagbag.py:588} INFO - Filling up the DagBag from /Users/azeez.ganiyu/airflow_venv/lib/python3.9/site-packages/airflow/example_dags/example_params_ui_tutorial.py
[2025-01-04T17:38:14.550+0100] {processor.py:925} INFO - DAG(s) 'example_params_ui_tutorial' retrieved from /Users/azeez.ganiyu/airflow_venv/lib/python3.9/site-packages/airflow/example_dags/example_params_ui_tutorial.py
[2025-01-04T17:38:14.714+0100] {logging_mixin.py:190} INFO - [2025-01-04T17:38:14.714+0100] {dag.py:3239} INFO - Sync 1 DAGs
[2025-01-04T17:38:14.723+0100] {logging_mixin.py:190} INFO - [2025-01-04T17:38:14.723+0100] {dag.py:4180} INFO - Setting next_dagrun for example_params_ui_tutorial to None, run_after=None
[2025-01-04T17:38:14.743+0100] {processor.py:208} INFO - Processing /Users/azeez.ganiyu/airflow_venv/lib/python3.9/site-packages/airflow/example_dags/example_params_ui_tutorial.py took 0.265 seconds
[2025-01-04T17:42:21.806+0100] {processor.py:186} INFO - Started process (PID=2599) to work on /Users/azeez.ganiyu/airflow_venv/lib/python3.9/site-packages/airflow/example_dags/example_params_ui_tutorial.py
[2025-01-04T17:42:21.811+0100] {processor.py:914} INFO - Processing file /Users/azeez.ganiyu/airflow_venv/lib/python3.9/site-packages/airflow/example_dags/example_params_ui_tutorial.py for tasks to queue
[2025-01-04T17:42:21.812+0100] {logging_mixin.py:190} INFO - [2025-01-04T17:42:21.812+0100] {dagbag.py:588} INFO - Filling up the DagBag from /Users/azeez.ganiyu/airflow_venv/lib/python3.9/site-packages/airflow/example_dags/example_params_ui_tutorial.py
[2025-01-04T17:42:21.868+0100] {processor.py:925} INFO - DAG(s) 'example_params_ui_tutorial' retrieved from /Users/azeez.ganiyu/airflow_venv/lib/python3.9/site-packages/airflow/example_dags/example_params_ui_tutorial.py
[2025-01-04T17:42:22.029+0100] {logging_mixin.py:190} INFO - [2025-01-04T17:42:22.029+0100] {dag.py:3239} INFO - Sync 1 DAGs
[2025-01-04T17:42:22.039+0100] {logging_mixin.py:190} INFO - [2025-01-04T17:42:22.039+0100] {dag.py:4180} INFO - Setting next_dagrun for example_params_ui_tutorial to None, run_after=None
[2025-01-04T17:42:22.059+0100] {processor.py:208} INFO - Processing /Users/azeez.ganiyu/airflow_venv/lib/python3.9/site-packages/airflow/example_dags/example_params_ui_tutorial.py took 0.262 seconds
[2025-01-04T17:47:19.433+0100] {processor.py:186} INFO - Started process (PID=3396) to work on /Users/azeez.ganiyu/airflow_venv/lib/python3.9/site-packages/airflow/example_dags/example_params_ui_tutorial.py
[2025-01-04T17:47:19.438+0100] {processor.py:914} INFO - Processing file /Users/azeez.ganiyu/airflow_venv/lib/python3.9/site-packages/airflow/example_dags/example_params_ui_tutorial.py for tasks to queue
[2025-01-04T17:47:19.439+0100] {logging_mixin.py:190} INFO - [2025-01-04T17:47:19.439+0100] {dagbag.py:588} INFO - Filling up the DagBag from /Users/azeez.ganiyu/airflow_venv/lib/python3.9/site-packages/airflow/example_dags/example_params_ui_tutorial.py
[2025-01-04T17:47:19.495+0100] {processor.py:925} INFO - DAG(s) 'example_params_ui_tutorial' retrieved from /Users/azeez.ganiyu/airflow_venv/lib/python3.9/site-packages/airflow/example_dags/example_params_ui_tutorial.py
[2025-01-04T17:47:19.660+0100] {logging_mixin.py:190} INFO - [2025-01-04T17:47:19.660+0100] {dag.py:3239} INFO - Sync 1 DAGs
[2025-01-04T17:47:19.670+0100] {logging_mixin.py:190} INFO - [2025-01-04T17:47:19.670+0100] {dag.py:4180} INFO - Setting next_dagrun for example_params_ui_tutorial to None, run_after=None
[2025-01-04T17:47:19.690+0100] {processor.py:208} INFO - Processing /Users/azeez.ganiyu/airflow_venv/lib/python3.9/site-packages/airflow/example_dags/example_params_ui_tutorial.py took 0.265 seconds
