[2025-01-04T17:24:46.547+0100] {processor.py:186} INFO - Started process (PID=98170) to work on /Users/azeez.ganiyu/airflow_venv/lib/python3.9/site-packages/airflow/example_dags/example_trigger_controller_dag.py
[2025-01-04T17:24:46.552+0100] {processor.py:914} INFO - Processing file /Users/azeez.ganiyu/airflow_venv/lib/python3.9/site-packages/airflow/example_dags/example_trigger_controller_dag.py for tasks to queue
[2025-01-04T17:24:46.554+0100] {logging_mixin.py:190} INFO - [2025-01-04T17:24:46.553+0100] {dagbag.py:588} INFO - Filling up the DagBag from /Users/azeez.ganiyu/airflow_venv/lib/python3.9/site-packages/airflow/example_dags/example_trigger_controller_dag.py
[2025-01-04T17:24:46.579+0100] {processor.py:925} INFO - DAG(s) 'example_trigger_controller_dag' retrieved from /Users/azeez.ganiyu/airflow_venv/lib/python3.9/site-packages/airflow/example_dags/example_trigger_controller_dag.py
[2025-01-04T17:24:46.721+0100] {logging_mixin.py:190} INFO - [2025-01-04T17:24:46.720+0100] {dag.py:3239} INFO - Sync 1 DAGs
[2025-01-04T17:24:46.734+0100] {logging_mixin.py:190} INFO - [2025-01-04T17:24:46.734+0100] {dag.py:4180} INFO - Setting next_dagrun for example_trigger_controller_dag to 2021-01-01 00:00:00+00:00, run_after=2021-01-01 00:00:00+00:00
[2025-01-04T17:24:46.755+0100] {processor.py:208} INFO - Processing /Users/azeez.ganiyu/airflow_venv/lib/python3.9/site-packages/airflow/example_dags/example_trigger_controller_dag.py took 0.215 seconds
[2025-01-04T17:28:25.658+0100] {processor.py:186} INFO - Started process (PID=98915) to work on /Users/azeez.ganiyu/airflow_venv/lib/python3.9/site-packages/airflow/example_dags/example_trigger_controller_dag.py
[2025-01-04T17:28:25.662+0100] {processor.py:914} INFO - Processing file /Users/azeez.ganiyu/airflow_venv/lib/python3.9/site-packages/airflow/example_dags/example_trigger_controller_dag.py for tasks to queue
[2025-01-04T17:28:25.663+0100] {logging_mixin.py:190} INFO - [2025-01-04T17:28:25.663+0100] {dagbag.py:588} INFO - Filling up the DagBag from /Users/azeez.ganiyu/airflow_venv/lib/python3.9/site-packages/airflow/example_dags/example_trigger_controller_dag.py
[2025-01-04T17:28:25.689+0100] {processor.py:925} INFO - DAG(s) 'example_trigger_controller_dag' retrieved from /Users/azeez.ganiyu/airflow_venv/lib/python3.9/site-packages/airflow/example_dags/example_trigger_controller_dag.py
[2025-01-04T17:28:25.846+0100] {logging_mixin.py:190} INFO - [2025-01-04T17:28:25.845+0100] {dag.py:3239} INFO - Sync 1 DAGs
[2025-01-04T17:28:25.861+0100] {logging_mixin.py:190} INFO - [2025-01-04T17:28:25.861+0100] {dag.py:4180} INFO - Setting next_dagrun for example_trigger_controller_dag to 2021-01-01 00:00:00+00:00, run_after=2021-01-01 00:00:00+00:00
[2025-01-04T17:28:25.889+0100] {processor.py:208} INFO - Processing /Users/azeez.ganiyu/airflow_venv/lib/python3.9/site-packages/airflow/example_dags/example_trigger_controller_dag.py took 0.239 seconds
[2025-01-04T17:31:26.323+0100] {processor.py:186} INFO - Started process (PID=99523) to work on /Users/azeez.ganiyu/airflow_venv/lib/python3.9/site-packages/airflow/example_dags/example_trigger_controller_dag.py
[2025-01-04T17:31:26.329+0100] {processor.py:914} INFO - Processing file /Users/azeez.ganiyu/airflow_venv/lib/python3.9/site-packages/airflow/example_dags/example_trigger_controller_dag.py for tasks to queue
[2025-01-04T17:31:26.330+0100] {logging_mixin.py:190} INFO - [2025-01-04T17:31:26.330+0100] {dagbag.py:588} INFO - Filling up the DagBag from /Users/azeez.ganiyu/airflow_venv/lib/python3.9/site-packages/airflow/example_dags/example_trigger_controller_dag.py
[2025-01-04T17:31:26.351+0100] {processor.py:925} INFO - DAG(s) 'example_trigger_controller_dag' retrieved from /Users/azeez.ganiyu/airflow_venv/lib/python3.9/site-packages/airflow/example_dags/example_trigger_controller_dag.py
[2025-01-04T17:31:26.493+0100] {logging_mixin.py:190} INFO - [2025-01-04T17:31:26.493+0100] {dag.py:3239} INFO - Sync 1 DAGs
[2025-01-04T17:31:26.508+0100] {logging_mixin.py:190} INFO - [2025-01-04T17:31:26.508+0100] {dag.py:4180} INFO - Setting next_dagrun for example_trigger_controller_dag to 2021-01-01 00:00:00+00:00, run_after=2021-01-01 00:00:00+00:00
[2025-01-04T17:31:26.529+0100] {processor.py:208} INFO - Processing /Users/azeez.ganiyu/airflow_venv/lib/python3.9/site-packages/airflow/example_dags/example_trigger_controller_dag.py took 0.214 seconds
[2025-01-04T17:34:20.799+0100] {processor.py:186} INFO - Started process (PID=324) to work on /Users/azeez.ganiyu/airflow_venv/lib/python3.9/site-packages/airflow/example_dags/example_trigger_controller_dag.py
[2025-01-04T17:34:20.805+0100] {processor.py:914} INFO - Processing file /Users/azeez.ganiyu/airflow_venv/lib/python3.9/site-packages/airflow/example_dags/example_trigger_controller_dag.py for tasks to queue
[2025-01-04T17:34:20.806+0100] {logging_mixin.py:190} INFO - [2025-01-04T17:34:20.806+0100] {dagbag.py:588} INFO - Filling up the DagBag from /Users/azeez.ganiyu/airflow_venv/lib/python3.9/site-packages/airflow/example_dags/example_trigger_controller_dag.py
[2025-01-04T17:34:20.828+0100] {processor.py:925} INFO - DAG(s) 'example_trigger_controller_dag' retrieved from /Users/azeez.ganiyu/airflow_venv/lib/python3.9/site-packages/airflow/example_dags/example_trigger_controller_dag.py
[2025-01-04T17:34:20.982+0100] {logging_mixin.py:190} INFO - [2025-01-04T17:34:20.981+0100] {dag.py:3239} INFO - Sync 1 DAGs
[2025-01-04T17:34:21.000+0100] {logging_mixin.py:190} INFO - [2025-01-04T17:34:20.999+0100] {dag.py:4180} INFO - Setting next_dagrun for example_trigger_controller_dag to 2021-01-01 00:00:00+00:00, run_after=2021-01-01 00:00:00+00:00
[2025-01-04T17:34:21.023+0100] {processor.py:208} INFO - Processing /Users/azeez.ganiyu/airflow_venv/lib/python3.9/site-packages/airflow/example_dags/example_trigger_controller_dag.py took 0.231 seconds
[2025-01-04T17:37:18.386+0100] {processor.py:186} INFO - Started process (PID=1159) to work on /Users/azeez.ganiyu/airflow_venv/lib/python3.9/site-packages/airflow/example_dags/example_trigger_controller_dag.py
[2025-01-04T17:37:18.390+0100] {processor.py:914} INFO - Processing file /Users/azeez.ganiyu/airflow_venv/lib/python3.9/site-packages/airflow/example_dags/example_trigger_controller_dag.py for tasks to queue
[2025-01-04T17:37:18.392+0100] {logging_mixin.py:190} INFO - [2025-01-04T17:37:18.392+0100] {dagbag.py:588} INFO - Filling up the DagBag from /Users/azeez.ganiyu/airflow_venv/lib/python3.9/site-packages/airflow/example_dags/example_trigger_controller_dag.py
[2025-01-04T17:37:18.415+0100] {processor.py:925} INFO - DAG(s) 'example_trigger_controller_dag' retrieved from /Users/azeez.ganiyu/airflow_venv/lib/python3.9/site-packages/airflow/example_dags/example_trigger_controller_dag.py
[2025-01-04T17:37:18.550+0100] {logging_mixin.py:190} INFO - [2025-01-04T17:37:18.549+0100] {dag.py:3239} INFO - Sync 1 DAGs
[2025-01-04T17:37:18.563+0100] {logging_mixin.py:190} INFO - [2025-01-04T17:37:18.562+0100] {dag.py:4180} INFO - Setting next_dagrun for example_trigger_controller_dag to 2021-01-01 00:00:00+00:00, run_after=2021-01-01 00:00:00+00:00
[2025-01-04T17:37:18.584+0100] {processor.py:208} INFO - Processing /Users/azeez.ganiyu/airflow_venv/lib/python3.9/site-packages/airflow/example_dags/example_trigger_controller_dag.py took 0.205 seconds
[2025-01-04T17:40:17.591+0100] {processor.py:186} INFO - Started process (PID=1761) to work on /Users/azeez.ganiyu/airflow_venv/lib/python3.9/site-packages/airflow/example_dags/example_trigger_controller_dag.py
[2025-01-04T17:40:17.596+0100] {processor.py:914} INFO - Processing file /Users/azeez.ganiyu/airflow_venv/lib/python3.9/site-packages/airflow/example_dags/example_trigger_controller_dag.py for tasks to queue
[2025-01-04T17:40:17.597+0100] {logging_mixin.py:190} INFO - [2025-01-04T17:40:17.597+0100] {dagbag.py:588} INFO - Filling up the DagBag from /Users/azeez.ganiyu/airflow_venv/lib/python3.9/site-packages/airflow/example_dags/example_trigger_controller_dag.py
[2025-01-04T17:40:17.620+0100] {processor.py:925} INFO - DAG(s) 'example_trigger_controller_dag' retrieved from /Users/azeez.ganiyu/airflow_venv/lib/python3.9/site-packages/airflow/example_dags/example_trigger_controller_dag.py
[2025-01-04T17:40:17.753+0100] {logging_mixin.py:190} INFO - [2025-01-04T17:40:17.753+0100] {dag.py:3239} INFO - Sync 1 DAGs
[2025-01-04T17:40:17.767+0100] {logging_mixin.py:190} INFO - [2025-01-04T17:40:17.767+0100] {dag.py:4180} INFO - Setting next_dagrun for example_trigger_controller_dag to 2021-01-01 00:00:00+00:00, run_after=2021-01-01 00:00:00+00:00
[2025-01-04T17:40:17.787+0100] {processor.py:208} INFO - Processing /Users/azeez.ganiyu/airflow_venv/lib/python3.9/site-packages/airflow/example_dags/example_trigger_controller_dag.py took 0.203 seconds
[2025-01-04T17:45:10.775+0100] {processor.py:186} INFO - Started process (PID=3085) to work on /Users/azeez.ganiyu/airflow_venv/lib/python3.9/site-packages/airflow/example_dags/example_trigger_controller_dag.py
[2025-01-04T17:45:10.780+0100] {processor.py:914} INFO - Processing file /Users/azeez.ganiyu/airflow_venv/lib/python3.9/site-packages/airflow/example_dags/example_trigger_controller_dag.py for tasks to queue
[2025-01-04T17:45:10.781+0100] {logging_mixin.py:190} INFO - [2025-01-04T17:45:10.781+0100] {dagbag.py:588} INFO - Filling up the DagBag from /Users/azeez.ganiyu/airflow_venv/lib/python3.9/site-packages/airflow/example_dags/example_trigger_controller_dag.py
[2025-01-04T17:45:10.805+0100] {processor.py:925} INFO - DAG(s) 'example_trigger_controller_dag' retrieved from /Users/azeez.ganiyu/airflow_venv/lib/python3.9/site-packages/airflow/example_dags/example_trigger_controller_dag.py
[2025-01-04T17:45:10.933+0100] {logging_mixin.py:190} INFO - [2025-01-04T17:45:10.933+0100] {dag.py:3239} INFO - Sync 1 DAGs
[2025-01-04T17:45:10.947+0100] {logging_mixin.py:190} INFO - [2025-01-04T17:45:10.947+0100] {dag.py:4180} INFO - Setting next_dagrun for example_trigger_controller_dag to 2021-01-01 00:00:00+00:00, run_after=2021-01-01 00:00:00+00:00
[2025-01-04T17:45:10.966+0100] {processor.py:208} INFO - Processing /Users/azeez.ganiyu/airflow_venv/lib/python3.9/site-packages/airflow/example_dags/example_trigger_controller_dag.py took 0.200 seconds
