[2025-01-04T17:26:17.986+0100] {processor.py:186} INFO - Started process (PID=98477) to work on /Users/azeez.ganiyu/airflow_venv/lib/python3.9/site-packages/airflow/example_dags/example_external_task_marker_dag.py
[2025-01-04T17:26:17.992+0100] {processor.py:914} INFO - Processing file /Users/azeez.ganiyu/airflow_venv/lib/python3.9/site-packages/airflow/example_dags/example_external_task_marker_dag.py for tasks to queue
[2025-01-04T17:26:17.993+0100] {logging_mixin.py:190} INFO - [2025-01-04T17:26:17.993+0100] {dagbag.py:588} INFO - Filling up the DagBag from /Users/azeez.ganiyu/airflow_venv/lib/python3.9/site-packages/airflow/example_dags/example_external_task_marker_dag.py
[2025-01-04T17:26:18.019+0100] {processor.py:925} INFO - DAG(s) 'example_external_task_marker_child', 'example_external_task_marker_parent' retrieved from /Users/azeez.ganiyu/airflow_venv/lib/python3.9/site-packages/airflow/example_dags/example_external_task_marker_dag.py
[2025-01-04T17:26:18.154+0100] {logging_mixin.py:190} INFO - [2025-01-04T17:26:18.154+0100] {workday.py:41} WARNING - Could not import pandas. Holidays will not be considered.
[2025-01-04T17:26:18.187+0100] {logging_mixin.py:190} INFO - [2025-01-04T17:26:18.186+0100] {dag.py:3239} INFO - Sync 2 DAGs
[2025-01-04T17:26:18.196+0100] {logging_mixin.py:190} INFO - [2025-01-04T17:26:18.196+0100] {dag.py:4180} INFO - Setting next_dagrun for example_external_task_marker_child to None, run_after=None
[2025-01-04T17:26:18.199+0100] {logging_mixin.py:190} INFO - [2025-01-04T17:26:18.199+0100] {dag.py:4180} INFO - Setting next_dagrun for example_external_task_marker_parent to None, run_after=None
[2025-01-04T17:26:18.218+0100] {processor.py:208} INFO - Processing /Users/azeez.ganiyu/airflow_venv/lib/python3.9/site-packages/airflow/example_dags/example_external_task_marker_dag.py took 0.240 seconds
[2025-01-04T17:30:02.110+0100] {processor.py:186} INFO - Started process (PID=99260) to work on /Users/azeez.ganiyu/airflow_venv/lib/python3.9/site-packages/airflow/example_dags/example_external_task_marker_dag.py
[2025-01-04T17:30:02.116+0100] {processor.py:914} INFO - Processing file /Users/azeez.ganiyu/airflow_venv/lib/python3.9/site-packages/airflow/example_dags/example_external_task_marker_dag.py for tasks to queue
[2025-01-04T17:30:02.117+0100] {logging_mixin.py:190} INFO - [2025-01-04T17:30:02.117+0100] {dagbag.py:588} INFO - Filling up the DagBag from /Users/azeez.ganiyu/airflow_venv/lib/python3.9/site-packages/airflow/example_dags/example_external_task_marker_dag.py
[2025-01-04T17:30:02.146+0100] {processor.py:925} INFO - DAG(s) 'example_external_task_marker_child', 'example_external_task_marker_parent' retrieved from /Users/azeez.ganiyu/airflow_venv/lib/python3.9/site-packages/airflow/example_dags/example_external_task_marker_dag.py
[2025-01-04T17:30:02.291+0100] {logging_mixin.py:190} INFO - [2025-01-04T17:30:02.291+0100] {workday.py:41} WARNING - Could not import pandas. Holidays will not be considered.
[2025-01-04T17:30:02.328+0100] {logging_mixin.py:190} INFO - [2025-01-04T17:30:02.327+0100] {dag.py:3239} INFO - Sync 2 DAGs
[2025-01-04T17:30:02.336+0100] {logging_mixin.py:190} INFO - [2025-01-04T17:30:02.336+0100] {dag.py:4180} INFO - Setting next_dagrun for example_external_task_marker_child to None, run_after=None
[2025-01-04T17:30:02.339+0100] {logging_mixin.py:190} INFO - [2025-01-04T17:30:02.339+0100] {dag.py:4180} INFO - Setting next_dagrun for example_external_task_marker_parent to None, run_after=None
[2025-01-04T17:30:02.357+0100] {processor.py:208} INFO - Processing /Users/azeez.ganiyu/airflow_venv/lib/python3.9/site-packages/airflow/example_dags/example_external_task_marker_dag.py took 0.256 seconds
[2025-01-04T17:35:52.384+0100] {processor.py:186} INFO - Started process (PID=671) to work on /Users/azeez.ganiyu/airflow_venv/lib/python3.9/site-packages/airflow/example_dags/example_external_task_marker_dag.py
[2025-01-04T17:35:52.389+0100] {processor.py:914} INFO - Processing file /Users/azeez.ganiyu/airflow_venv/lib/python3.9/site-packages/airflow/example_dags/example_external_task_marker_dag.py for tasks to queue
[2025-01-04T17:35:52.391+0100] {logging_mixin.py:190} INFO - [2025-01-04T17:35:52.390+0100] {dagbag.py:588} INFO - Filling up the DagBag from /Users/azeez.ganiyu/airflow_venv/lib/python3.9/site-packages/airflow/example_dags/example_external_task_marker_dag.py
[2025-01-04T17:35:52.414+0100] {processor.py:925} INFO - DAG(s) 'example_external_task_marker_child', 'example_external_task_marker_parent' retrieved from /Users/azeez.ganiyu/airflow_venv/lib/python3.9/site-packages/airflow/example_dags/example_external_task_marker_dag.py
[2025-01-04T17:35:52.544+0100] {logging_mixin.py:190} INFO - [2025-01-04T17:35:52.544+0100] {workday.py:41} WARNING - Could not import pandas. Holidays will not be considered.
[2025-01-04T17:35:52.577+0100] {logging_mixin.py:190} INFO - [2025-01-04T17:35:52.577+0100] {dag.py:3239} INFO - Sync 2 DAGs
[2025-01-04T17:35:52.587+0100] {logging_mixin.py:190} INFO - [2025-01-04T17:35:52.587+0100] {dag.py:4180} INFO - Setting next_dagrun for example_external_task_marker_child to None, run_after=None
[2025-01-04T17:35:52.590+0100] {logging_mixin.py:190} INFO - [2025-01-04T17:35:52.590+0100] {dag.py:4180} INFO - Setting next_dagrun for example_external_task_marker_parent to None, run_after=None
[2025-01-04T17:35:52.608+0100] {processor.py:208} INFO - Processing /Users/azeez.ganiyu/airflow_venv/lib/python3.9/site-packages/airflow/example_dags/example_external_task_marker_dag.py took 0.231 seconds
[2025-01-04T17:43:09.121+0100] {processor.py:186} INFO - Started process (PID=2736) to work on /Users/azeez.ganiyu/airflow_venv/lib/python3.9/site-packages/airflow/example_dags/example_external_task_marker_dag.py
[2025-01-04T17:43:09.126+0100] {processor.py:914} INFO - Processing file /Users/azeez.ganiyu/airflow_venv/lib/python3.9/site-packages/airflow/example_dags/example_external_task_marker_dag.py for tasks to queue
[2025-01-04T17:43:09.127+0100] {logging_mixin.py:190} INFO - [2025-01-04T17:43:09.127+0100] {dagbag.py:588} INFO - Filling up the DagBag from /Users/azeez.ganiyu/airflow_venv/lib/python3.9/site-packages/airflow/example_dags/example_external_task_marker_dag.py
[2025-01-04T17:43:09.148+0100] {processor.py:925} INFO - DAG(s) 'example_external_task_marker_child', 'example_external_task_marker_parent' retrieved from /Users/azeez.ganiyu/airflow_venv/lib/python3.9/site-packages/airflow/example_dags/example_external_task_marker_dag.py
[2025-01-04T17:43:09.272+0100] {logging_mixin.py:190} INFO - [2025-01-04T17:43:09.272+0100] {workday.py:41} WARNING - Could not import pandas. Holidays will not be considered.
[2025-01-04T17:43:09.304+0100] {logging_mixin.py:190} INFO - [2025-01-04T17:43:09.303+0100] {dag.py:3239} INFO - Sync 2 DAGs
[2025-01-04T17:43:09.312+0100] {logging_mixin.py:190} INFO - [2025-01-04T17:43:09.312+0100] {dag.py:4180} INFO - Setting next_dagrun for example_external_task_marker_child to None, run_after=None
[2025-01-04T17:43:09.315+0100] {logging_mixin.py:190} INFO - [2025-01-04T17:43:09.315+0100] {dag.py:4180} INFO - Setting next_dagrun for example_external_task_marker_parent to None, run_after=None
[2025-01-04T17:43:09.332+0100] {processor.py:208} INFO - Processing /Users/azeez.ganiyu/airflow_venv/lib/python3.9/site-packages/airflow/example_dags/example_external_task_marker_dag.py took 0.219 seconds
