[2025-01-04T17:26:35.854+0100] {processor.py:186} INFO - Started process (PID=98537) to work on /Users/azeez.ganiyu/airflow_venv/lib/python3.9/site-packages/airflow/example_dags/example_dataset_alias_with_no_taskflow.py
[2025-01-04T17:26:35.859+0100] {processor.py:914} INFO - Processing file /Users/azeez.ganiyu/airflow_venv/lib/python3.9/site-packages/airflow/example_dags/example_dataset_alias_with_no_taskflow.py for tasks to queue
[2025-01-04T17:26:35.860+0100] {logging_mixin.py:190} INFO - [2025-01-04T17:26:35.860+0100] {dagbag.py:588} INFO - Filling up the DagBag from /Users/azeez.ganiyu/airflow_venv/lib/python3.9/site-packages/airflow/example_dags/example_dataset_alias_with_no_taskflow.py
[2025-01-04T17:26:36.129+0100] {processor.py:925} INFO - DAG(s) 'dataset_alias_example_alias_consumer_with_no_taskflow', 'dataset_s3_bucket_consumer_with_no_taskflow', 'dataset_alias_example_alias_producer_with_no_taskflow', 'dataset_s3_bucket_producer_with_no_taskflow' retrieved from /Users/azeez.ganiyu/airflow_venv/lib/python3.9/site-packages/airflow/example_dags/example_dataset_alias_with_no_taskflow.py
[2025-01-04T17:26:36.161+0100] {logging_mixin.py:190} INFO - [2025-01-04T17:26:36.161+0100] {dag.py:3239} INFO - Sync 4 DAGs
[2025-01-04T17:26:36.179+0100] {logging_mixin.py:190} INFO - [2025-01-04T17:26:36.179+0100] {dag.py:4180} INFO - Setting next_dagrun for dataset_alias_example_alias_consumer_with_no_taskflow to None, run_after=None
[2025-01-04T17:26:36.181+0100] {logging_mixin.py:190} INFO - [2025-01-04T17:26:36.181+0100] {dag.py:4180} INFO - Setting next_dagrun for dataset_alias_example_alias_producer_with_no_taskflow to None, run_after=None
[2025-01-04T17:26:36.182+0100] {logging_mixin.py:190} INFO - [2025-01-04T17:26:36.182+0100] {dag.py:4180} INFO - Setting next_dagrun for dataset_s3_bucket_consumer_with_no_taskflow to None, run_after=None
[2025-01-04T17:26:36.183+0100] {logging_mixin.py:190} INFO - [2025-01-04T17:26:36.183+0100] {dag.py:4180} INFO - Setting next_dagrun for dataset_s3_bucket_producer_with_no_taskflow to None, run_after=None
[2025-01-04T17:26:36.205+0100] {processor.py:208} INFO - Processing /Users/azeez.ganiyu/airflow_venv/lib/python3.9/site-packages/airflow/example_dags/example_dataset_alias_with_no_taskflow.py took 0.359 seconds
[2025-01-04T17:30:19.416+0100] {processor.py:186} INFO - Started process (PID=99313) to work on /Users/azeez.ganiyu/airflow_venv/lib/python3.9/site-packages/airflow/example_dags/example_dataset_alias_with_no_taskflow.py
[2025-01-04T17:30:19.421+0100] {processor.py:914} INFO - Processing file /Users/azeez.ganiyu/airflow_venv/lib/python3.9/site-packages/airflow/example_dags/example_dataset_alias_with_no_taskflow.py for tasks to queue
[2025-01-04T17:30:19.422+0100] {logging_mixin.py:190} INFO - [2025-01-04T17:30:19.422+0100] {dagbag.py:588} INFO - Filling up the DagBag from /Users/azeez.ganiyu/airflow_venv/lib/python3.9/site-packages/airflow/example_dags/example_dataset_alias_with_no_taskflow.py
[2025-01-04T17:30:19.659+0100] {processor.py:925} INFO - DAG(s) 'dataset_alias_example_alias_producer_with_no_taskflow', 'dataset_alias_example_alias_consumer_with_no_taskflow', 'dataset_s3_bucket_consumer_with_no_taskflow', 'dataset_s3_bucket_producer_with_no_taskflow' retrieved from /Users/azeez.ganiyu/airflow_venv/lib/python3.9/site-packages/airflow/example_dags/example_dataset_alias_with_no_taskflow.py
[2025-01-04T17:30:19.688+0100] {logging_mixin.py:190} INFO - [2025-01-04T17:30:19.687+0100] {dag.py:3239} INFO - Sync 4 DAGs
[2025-01-04T17:30:19.702+0100] {logging_mixin.py:190} INFO - [2025-01-04T17:30:19.701+0100] {dag.py:4180} INFO - Setting next_dagrun for dataset_alias_example_alias_consumer_with_no_taskflow to None, run_after=None
[2025-01-04T17:30:19.704+0100] {logging_mixin.py:190} INFO - [2025-01-04T17:30:19.703+0100] {dag.py:4180} INFO - Setting next_dagrun for dataset_alias_example_alias_producer_with_no_taskflow to None, run_after=None
[2025-01-04T17:30:19.704+0100] {logging_mixin.py:190} INFO - [2025-01-04T17:30:19.704+0100] {dag.py:4180} INFO - Setting next_dagrun for dataset_s3_bucket_consumer_with_no_taskflow to None, run_after=None
[2025-01-04T17:30:19.705+0100] {logging_mixin.py:190} INFO - [2025-01-04T17:30:19.705+0100] {dag.py:4180} INFO - Setting next_dagrun for dataset_s3_bucket_producer_with_no_taskflow to None, run_after=None
[2025-01-04T17:30:19.726+0100] {processor.py:208} INFO - Processing /Users/azeez.ganiyu/airflow_venv/lib/python3.9/site-packages/airflow/example_dags/example_dataset_alias_with_no_taskflow.py took 0.318 seconds
[2025-01-04T17:36:10.172+0100] {processor.py:186} INFO - Started process (PID=741) to work on /Users/azeez.ganiyu/airflow_venv/lib/python3.9/site-packages/airflow/example_dags/example_dataset_alias_with_no_taskflow.py
[2025-01-04T17:36:10.177+0100] {processor.py:914} INFO - Processing file /Users/azeez.ganiyu/airflow_venv/lib/python3.9/site-packages/airflow/example_dags/example_dataset_alias_with_no_taskflow.py for tasks to queue
[2025-01-04T17:36:10.178+0100] {logging_mixin.py:190} INFO - [2025-01-04T17:36:10.178+0100] {dagbag.py:588} INFO - Filling up the DagBag from /Users/azeez.ganiyu/airflow_venv/lib/python3.9/site-packages/airflow/example_dags/example_dataset_alias_with_no_taskflow.py
[2025-01-04T17:36:10.457+0100] {processor.py:925} INFO - DAG(s) 'dataset_s3_bucket_consumer_with_no_taskflow', 'dataset_alias_example_alias_consumer_with_no_taskflow', 'dataset_alias_example_alias_producer_with_no_taskflow', 'dataset_s3_bucket_producer_with_no_taskflow' retrieved from /Users/azeez.ganiyu/airflow_venv/lib/python3.9/site-packages/airflow/example_dags/example_dataset_alias_with_no_taskflow.py
[2025-01-04T17:36:10.490+0100] {logging_mixin.py:190} INFO - [2025-01-04T17:36:10.489+0100] {dag.py:3239} INFO - Sync 4 DAGs
[2025-01-04T17:36:10.505+0100] {logging_mixin.py:190} INFO - [2025-01-04T17:36:10.504+0100] {dag.py:4180} INFO - Setting next_dagrun for dataset_alias_example_alias_consumer_with_no_taskflow to None, run_after=None
[2025-01-04T17:36:10.506+0100] {logging_mixin.py:190} INFO - [2025-01-04T17:36:10.506+0100] {dag.py:4180} INFO - Setting next_dagrun for dataset_alias_example_alias_producer_with_no_taskflow to None, run_after=None
[2025-01-04T17:36:10.507+0100] {logging_mixin.py:190} INFO - [2025-01-04T17:36:10.507+0100] {dag.py:4180} INFO - Setting next_dagrun for dataset_s3_bucket_consumer_with_no_taskflow to None, run_after=None
[2025-01-04T17:36:10.508+0100] {logging_mixin.py:190} INFO - [2025-01-04T17:36:10.508+0100] {dag.py:4180} INFO - Setting next_dagrun for dataset_s3_bucket_producer_with_no_taskflow to None, run_after=None
[2025-01-04T17:36:10.529+0100] {processor.py:208} INFO - Processing /Users/azeez.ganiyu/airflow_venv/lib/python3.9/site-packages/airflow/example_dags/example_dataset_alias_with_no_taskflow.py took 0.365 seconds
[2025-01-04T17:43:36.515+0100] {processor.py:186} INFO - Started process (PID=2812) to work on /Users/azeez.ganiyu/airflow_venv/lib/python3.9/site-packages/airflow/example_dags/example_dataset_alias_with_no_taskflow.py
[2025-01-04T17:43:36.521+0100] {processor.py:914} INFO - Processing file /Users/azeez.ganiyu/airflow_venv/lib/python3.9/site-packages/airflow/example_dags/example_dataset_alias_with_no_taskflow.py for tasks to queue
[2025-01-04T17:43:36.522+0100] {logging_mixin.py:190} INFO - [2025-01-04T17:43:36.521+0100] {dagbag.py:588} INFO - Filling up the DagBag from /Users/azeez.ganiyu/airflow_venv/lib/python3.9/site-packages/airflow/example_dags/example_dataset_alias_with_no_taskflow.py
[2025-01-04T17:43:36.777+0100] {processor.py:925} INFO - DAG(s) 'dataset_s3_bucket_producer_with_no_taskflow', 'dataset_alias_example_alias_producer_with_no_taskflow', 'dataset_s3_bucket_consumer_with_no_taskflow', 'dataset_alias_example_alias_consumer_with_no_taskflow' retrieved from /Users/azeez.ganiyu/airflow_venv/lib/python3.9/site-packages/airflow/example_dags/example_dataset_alias_with_no_taskflow.py
[2025-01-04T17:43:36.804+0100] {logging_mixin.py:190} INFO - [2025-01-04T17:43:36.804+0100] {dag.py:3239} INFO - Sync 4 DAGs
[2025-01-04T17:43:36.819+0100] {logging_mixin.py:190} INFO - [2025-01-04T17:43:36.818+0100] {dag.py:4180} INFO - Setting next_dagrun for dataset_alias_example_alias_consumer_with_no_taskflow to None, run_after=None
[2025-01-04T17:43:36.821+0100] {logging_mixin.py:190} INFO - [2025-01-04T17:43:36.820+0100] {dag.py:4180} INFO - Setting next_dagrun for dataset_alias_example_alias_producer_with_no_taskflow to None, run_after=None
[2025-01-04T17:43:36.821+0100] {logging_mixin.py:190} INFO - [2025-01-04T17:43:36.821+0100] {dag.py:4180} INFO - Setting next_dagrun for dataset_s3_bucket_consumer_with_no_taskflow to None, run_after=None
[2025-01-04T17:43:36.822+0100] {logging_mixin.py:190} INFO - [2025-01-04T17:43:36.822+0100] {dag.py:4180} INFO - Setting next_dagrun for dataset_s3_bucket_producer_with_no_taskflow to None, run_after=None
[2025-01-04T17:43:36.844+0100] {processor.py:208} INFO - Processing /Users/azeez.ganiyu/airflow_venv/lib/python3.9/site-packages/airflow/example_dags/example_dataset_alias_with_no_taskflow.py took 0.337 seconds
