[2025-01-04T17:25:14.917+0100] {processor.py:186} INFO - Started process (PID=98262) to work on /Users/azeez.ganiyu/airflow_venv/lib/python3.9/site-packages/airflow/example_dags/example_short_circuit_decorator.py
[2025-01-04T17:25:14.922+0100] {processor.py:914} INFO - Processing file /Users/azeez.ganiyu/airflow_venv/lib/python3.9/site-packages/airflow/example_dags/example_short_circuit_decorator.py for tasks to queue
[2025-01-04T17:25:14.923+0100] {logging_mixin.py:190} INFO - [2025-01-04T17:25:14.923+0100] {dagbag.py:588} INFO - Filling up the DagBag from /Users/azeez.ganiyu/airflow_venv/lib/python3.9/site-packages/airflow/example_dags/example_short_circuit_decorator.py
[2025-01-04T17:25:14.977+0100] {processor.py:925} INFO - DAG(s) 'example_short_circuit_decorator' retrieved from /Users/azeez.ganiyu/airflow_venv/lib/python3.9/site-packages/airflow/example_dags/example_short_circuit_decorator.py
[2025-01-04T17:25:15.113+0100] {logging_mixin.py:190} INFO - [2025-01-04T17:25:15.112+0100] {dag.py:3239} INFO - Sync 1 DAGs
[2025-01-04T17:25:15.122+0100] {logging_mixin.py:190} INFO - [2025-01-04T17:25:15.121+0100] {dag.py:4180} INFO - Setting next_dagrun for example_short_circuit_decorator to None, run_after=None
[2025-01-04T17:25:15.141+0100] {processor.py:208} INFO - Processing /Users/azeez.ganiyu/airflow_venv/lib/python3.9/site-packages/airflow/example_dags/example_short_circuit_decorator.py took 0.232 seconds
[2025-01-04T17:28:58.923+0100] {processor.py:186} INFO - Started process (PID=99019) to work on /Users/azeez.ganiyu/airflow_venv/lib/python3.9/site-packages/airflow/example_dags/example_short_circuit_decorator.py
[2025-01-04T17:28:58.929+0100] {processor.py:914} INFO - Processing file /Users/azeez.ganiyu/airflow_venv/lib/python3.9/site-packages/airflow/example_dags/example_short_circuit_decorator.py for tasks to queue
[2025-01-04T17:28:58.930+0100] {logging_mixin.py:190} INFO - [2025-01-04T17:28:58.930+0100] {dagbag.py:588} INFO - Filling up the DagBag from /Users/azeez.ganiyu/airflow_venv/lib/python3.9/site-packages/airflow/example_dags/example_short_circuit_decorator.py
[2025-01-04T17:28:59.012+0100] {processor.py:925} INFO - DAG(s) 'example_short_circuit_decorator' retrieved from /Users/azeez.ganiyu/airflow_venv/lib/python3.9/site-packages/airflow/example_dags/example_short_circuit_decorator.py
[2025-01-04T17:28:59.183+0100] {logging_mixin.py:190} INFO - [2025-01-04T17:28:59.182+0100] {dag.py:3239} INFO - Sync 1 DAGs
[2025-01-04T17:28:59.194+0100] {logging_mixin.py:190} INFO - [2025-01-04T17:28:59.194+0100] {dag.py:4180} INFO - Setting next_dagrun for example_short_circuit_decorator to None, run_after=None
[2025-01-04T17:28:59.218+0100] {processor.py:208} INFO - Processing /Users/azeez.ganiyu/airflow_venv/lib/python3.9/site-packages/airflow/example_dags/example_short_circuit_decorator.py took 0.305 seconds
[2025-01-04T17:31:54.724+0100] {processor.py:186} INFO - Started process (PID=99619) to work on /Users/azeez.ganiyu/airflow_venv/lib/python3.9/site-packages/airflow/example_dags/example_short_circuit_decorator.py
[2025-01-04T17:31:54.729+0100] {processor.py:914} INFO - Processing file /Users/azeez.ganiyu/airflow_venv/lib/python3.9/site-packages/airflow/example_dags/example_short_circuit_decorator.py for tasks to queue
[2025-01-04T17:31:54.730+0100] {logging_mixin.py:190} INFO - [2025-01-04T17:31:54.730+0100] {dagbag.py:588} INFO - Filling up the DagBag from /Users/azeez.ganiyu/airflow_venv/lib/python3.9/site-packages/airflow/example_dags/example_short_circuit_decorator.py
[2025-01-04T17:31:54.786+0100] {processor.py:925} INFO - DAG(s) 'example_short_circuit_decorator' retrieved from /Users/azeez.ganiyu/airflow_venv/lib/python3.9/site-packages/airflow/example_dags/example_short_circuit_decorator.py
[2025-01-04T17:31:54.922+0100] {logging_mixin.py:190} INFO - [2025-01-04T17:31:54.922+0100] {dag.py:3239} INFO - Sync 1 DAGs
[2025-01-04T17:31:54.931+0100] {logging_mixin.py:190} INFO - [2025-01-04T17:31:54.931+0100] {dag.py:4180} INFO - Setting next_dagrun for example_short_circuit_decorator to None, run_after=None
[2025-01-04T17:31:54.951+0100] {processor.py:208} INFO - Processing /Users/azeez.ganiyu/airflow_venv/lib/python3.9/site-packages/airflow/example_dags/example_short_circuit_decorator.py took 0.235 seconds
[2025-01-04T17:34:49.040+0100] {processor.py:186} INFO - Started process (PID=445) to work on /Users/azeez.ganiyu/airflow_venv/lib/python3.9/site-packages/airflow/example_dags/example_short_circuit_decorator.py
[2025-01-04T17:34:49.046+0100] {processor.py:914} INFO - Processing file /Users/azeez.ganiyu/airflow_venv/lib/python3.9/site-packages/airflow/example_dags/example_short_circuit_decorator.py for tasks to queue
[2025-01-04T17:34:49.047+0100] {logging_mixin.py:190} INFO - [2025-01-04T17:34:49.047+0100] {dagbag.py:588} INFO - Filling up the DagBag from /Users/azeez.ganiyu/airflow_venv/lib/python3.9/site-packages/airflow/example_dags/example_short_circuit_decorator.py
[2025-01-04T17:34:49.106+0100] {processor.py:925} INFO - DAG(s) 'example_short_circuit_decorator' retrieved from /Users/azeez.ganiyu/airflow_venv/lib/python3.9/site-packages/airflow/example_dags/example_short_circuit_decorator.py
[2025-01-04T17:34:49.262+0100] {logging_mixin.py:190} INFO - [2025-01-04T17:34:49.262+0100] {dag.py:3239} INFO - Sync 1 DAGs
[2025-01-04T17:34:49.274+0100] {logging_mixin.py:190} INFO - [2025-01-04T17:34:49.273+0100] {dag.py:4180} INFO - Setting next_dagrun for example_short_circuit_decorator to None, run_after=None
[2025-01-04T17:34:49.296+0100] {processor.py:208} INFO - Processing /Users/azeez.ganiyu/airflow_venv/lib/python3.9/site-packages/airflow/example_dags/example_short_circuit_decorator.py took 0.264 seconds
[2025-01-04T17:37:46.373+0100] {processor.py:186} INFO - Started process (PID=1266) to work on /Users/azeez.ganiyu/airflow_venv/lib/python3.9/site-packages/airflow/example_dags/example_short_circuit_decorator.py
[2025-01-04T17:37:46.378+0100] {processor.py:914} INFO - Processing file /Users/azeez.ganiyu/airflow_venv/lib/python3.9/site-packages/airflow/example_dags/example_short_circuit_decorator.py for tasks to queue
[2025-01-04T17:37:46.379+0100] {logging_mixin.py:190} INFO - [2025-01-04T17:37:46.379+0100] {dagbag.py:588} INFO - Filling up the DagBag from /Users/azeez.ganiyu/airflow_venv/lib/python3.9/site-packages/airflow/example_dags/example_short_circuit_decorator.py
[2025-01-04T17:37:46.439+0100] {processor.py:925} INFO - DAG(s) 'example_short_circuit_decorator' retrieved from /Users/azeez.ganiyu/airflow_venv/lib/python3.9/site-packages/airflow/example_dags/example_short_circuit_decorator.py
[2025-01-04T17:37:46.582+0100] {logging_mixin.py:190} INFO - [2025-01-04T17:37:46.582+0100] {dag.py:3239} INFO - Sync 1 DAGs
[2025-01-04T17:37:46.593+0100] {logging_mixin.py:190} INFO - [2025-01-04T17:37:46.592+0100] {dag.py:4180} INFO - Setting next_dagrun for example_short_circuit_decorator to None, run_after=None
[2025-01-04T17:37:46.613+0100] {processor.py:208} INFO - Processing /Users/azeez.ganiyu/airflow_venv/lib/python3.9/site-packages/airflow/example_dags/example_short_circuit_decorator.py took 0.247 seconds
[2025-01-04T17:40:57.866+0100] {processor.py:186} INFO - Started process (PID=1862) to work on /Users/azeez.ganiyu/airflow_venv/lib/python3.9/site-packages/airflow/example_dags/example_short_circuit_decorator.py
[2025-01-04T17:40:57.871+0100] {processor.py:914} INFO - Processing file /Users/azeez.ganiyu/airflow_venv/lib/python3.9/site-packages/airflow/example_dags/example_short_circuit_decorator.py for tasks to queue
[2025-01-04T17:40:57.872+0100] {logging_mixin.py:190} INFO - [2025-01-04T17:40:57.872+0100] {dagbag.py:588} INFO - Filling up the DagBag from /Users/azeez.ganiyu/airflow_venv/lib/python3.9/site-packages/airflow/example_dags/example_short_circuit_decorator.py
[2025-01-04T17:40:57.931+0100] {processor.py:925} INFO - DAG(s) 'example_short_circuit_decorator' retrieved from /Users/azeez.ganiyu/airflow_venv/lib/python3.9/site-packages/airflow/example_dags/example_short_circuit_decorator.py
[2025-01-04T17:40:58.070+0100] {logging_mixin.py:190} INFO - [2025-01-04T17:40:58.070+0100] {dag.py:3239} INFO - Sync 1 DAGs
[2025-01-04T17:40:58.080+0100] {logging_mixin.py:190} INFO - [2025-01-04T17:40:58.080+0100] {dag.py:4180} INFO - Setting next_dagrun for example_short_circuit_decorator to None, run_after=None
[2025-01-04T17:40:58.100+0100] {processor.py:208} INFO - Processing /Users/azeez.ganiyu/airflow_venv/lib/python3.9/site-packages/airflow/example_dags/example_short_circuit_decorator.py took 0.242 seconds
[2025-01-04T17:45:52.579+0100] {processor.py:186} INFO - Started process (PID=3197) to work on /Users/azeez.ganiyu/airflow_venv/lib/python3.9/site-packages/airflow/example_dags/example_short_circuit_decorator.py
[2025-01-04T17:45:52.584+0100] {processor.py:914} INFO - Processing file /Users/azeez.ganiyu/airflow_venv/lib/python3.9/site-packages/airflow/example_dags/example_short_circuit_decorator.py for tasks to queue
[2025-01-04T17:45:52.585+0100] {logging_mixin.py:190} INFO - [2025-01-04T17:45:52.585+0100] {dagbag.py:588} INFO - Filling up the DagBag from /Users/azeez.ganiyu/airflow_venv/lib/python3.9/site-packages/airflow/example_dags/example_short_circuit_decorator.py
[2025-01-04T17:45:52.643+0100] {processor.py:925} INFO - DAG(s) 'example_short_circuit_decorator' retrieved from /Users/azeez.ganiyu/airflow_venv/lib/python3.9/site-packages/airflow/example_dags/example_short_circuit_decorator.py
[2025-01-04T17:45:52.785+0100] {logging_mixin.py:190} INFO - [2025-01-04T17:45:52.785+0100] {dag.py:3239} INFO - Sync 1 DAGs
[2025-01-04T17:45:52.797+0100] {logging_mixin.py:190} INFO - [2025-01-04T17:45:52.797+0100] {dag.py:4180} INFO - Setting next_dagrun for example_short_circuit_decorator to None, run_after=None
[2025-01-04T17:45:52.819+0100] {processor.py:208} INFO - Processing /Users/azeez.ganiyu/airflow_venv/lib/python3.9/site-packages/airflow/example_dags/example_short_circuit_decorator.py took 0.248 seconds
