[2025-01-04T17:24:53.795+0100] {processor.py:186} INFO - Started process (PID=98194) to work on /Users/azeez.ganiyu/airflow_venv/lib/python3.9/site-packages/airflow/example_dags/example_task_group_decorator.py
[2025-01-04T17:24:53.799+0100] {processor.py:914} INFO - Processing file /Users/azeez.ganiyu/airflow_venv/lib/python3.9/site-packages/airflow/example_dags/example_task_group_decorator.py for tasks to queue
[2025-01-04T17:24:53.800+0100] {logging_mixin.py:190} INFO - [2025-01-04T17:24:53.800+0100] {dagbag.py:588} INFO - Filling up the DagBag from /Users/azeez.ganiyu/airflow_venv/lib/python3.9/site-packages/airflow/example_dags/example_task_group_decorator.py
[2025-01-04T17:24:53.860+0100] {processor.py:925} INFO - DAG(s) 'example_task_group_decorator' retrieved from /Users/azeez.ganiyu/airflow_venv/lib/python3.9/site-packages/airflow/example_dags/example_task_group_decorator.py
[2025-01-04T17:24:53.996+0100] {logging_mixin.py:190} INFO - [2025-01-04T17:24:53.996+0100] {dag.py:3239} INFO - Sync 1 DAGs
[2025-01-04T17:24:54.005+0100] {logging_mixin.py:190} INFO - [2025-01-04T17:24:54.005+0100] {dag.py:4180} INFO - Setting next_dagrun for example_task_group_decorator to None, run_after=None
[2025-01-04T17:24:54.025+0100] {processor.py:208} INFO - Processing /Users/azeez.ganiyu/airflow_venv/lib/python3.9/site-packages/airflow/example_dags/example_task_group_decorator.py took 0.238 seconds
[2025-01-04T17:28:33.954+0100] {processor.py:186} INFO - Started process (PID=98939) to work on /Users/azeez.ganiyu/airflow_venv/lib/python3.9/site-packages/airflow/example_dags/example_task_group_decorator.py
[2025-01-04T17:28:33.959+0100] {processor.py:914} INFO - Processing file /Users/azeez.ganiyu/airflow_venv/lib/python3.9/site-packages/airflow/example_dags/example_task_group_decorator.py for tasks to queue
[2025-01-04T17:28:33.960+0100] {logging_mixin.py:190} INFO - [2025-01-04T17:28:33.960+0100] {dagbag.py:588} INFO - Filling up the DagBag from /Users/azeez.ganiyu/airflow_venv/lib/python3.9/site-packages/airflow/example_dags/example_task_group_decorator.py
[2025-01-04T17:28:34.037+0100] {processor.py:925} INFO - DAG(s) 'example_task_group_decorator' retrieved from /Users/azeez.ganiyu/airflow_venv/lib/python3.9/site-packages/airflow/example_dags/example_task_group_decorator.py
[2025-01-04T17:28:34.202+0100] {logging_mixin.py:190} INFO - [2025-01-04T17:28:34.202+0100] {dag.py:3239} INFO - Sync 1 DAGs
[2025-01-04T17:28:34.215+0100] {logging_mixin.py:190} INFO - [2025-01-04T17:28:34.214+0100] {dag.py:4180} INFO - Setting next_dagrun for example_task_group_decorator to None, run_after=None
[2025-01-04T17:28:34.239+0100] {processor.py:208} INFO - Processing /Users/azeez.ganiyu/airflow_venv/lib/python3.9/site-packages/airflow/example_dags/example_task_group_decorator.py took 0.294 seconds
[2025-01-04T17:31:33.687+0100] {processor.py:186} INFO - Started process (PID=99556) to work on /Users/azeez.ganiyu/airflow_venv/lib/python3.9/site-packages/airflow/example_dags/example_task_group_decorator.py
[2025-01-04T17:31:33.693+0100] {processor.py:914} INFO - Processing file /Users/azeez.ganiyu/airflow_venv/lib/python3.9/site-packages/airflow/example_dags/example_task_group_decorator.py for tasks to queue
[2025-01-04T17:31:33.694+0100] {logging_mixin.py:190} INFO - [2025-01-04T17:31:33.694+0100] {dagbag.py:588} INFO - Filling up the DagBag from /Users/azeez.ganiyu/airflow_venv/lib/python3.9/site-packages/airflow/example_dags/example_task_group_decorator.py
[2025-01-04T17:31:33.753+0100] {processor.py:925} INFO - DAG(s) 'example_task_group_decorator' retrieved from /Users/azeez.ganiyu/airflow_venv/lib/python3.9/site-packages/airflow/example_dags/example_task_group_decorator.py
[2025-01-04T17:31:33.889+0100] {logging_mixin.py:190} INFO - [2025-01-04T17:31:33.889+0100] {dag.py:3239} INFO - Sync 1 DAGs
[2025-01-04T17:31:33.898+0100] {logging_mixin.py:190} INFO - [2025-01-04T17:31:33.898+0100] {dag.py:4180} INFO - Setting next_dagrun for example_task_group_decorator to None, run_after=None
[2025-01-04T17:31:33.918+0100] {processor.py:208} INFO - Processing /Users/azeez.ganiyu/airflow_venv/lib/python3.9/site-packages/airflow/example_dags/example_task_group_decorator.py took 0.238 seconds
[2025-01-04T17:34:27.751+0100] {processor.py:186} INFO - Started process (PID=357) to work on /Users/azeez.ganiyu/airflow_venv/lib/python3.9/site-packages/airflow/example_dags/example_task_group_decorator.py
[2025-01-04T17:34:27.757+0100] {processor.py:914} INFO - Processing file /Users/azeez.ganiyu/airflow_venv/lib/python3.9/site-packages/airflow/example_dags/example_task_group_decorator.py for tasks to queue
[2025-01-04T17:34:27.758+0100] {logging_mixin.py:190} INFO - [2025-01-04T17:34:27.758+0100] {dagbag.py:588} INFO - Filling up the DagBag from /Users/azeez.ganiyu/airflow_venv/lib/python3.9/site-packages/airflow/example_dags/example_task_group_decorator.py
[2025-01-04T17:34:27.821+0100] {processor.py:925} INFO - DAG(s) 'example_task_group_decorator' retrieved from /Users/azeez.ganiyu/airflow_venv/lib/python3.9/site-packages/airflow/example_dags/example_task_group_decorator.py
[2025-01-04T17:34:27.966+0100] {logging_mixin.py:190} INFO - [2025-01-04T17:34:27.966+0100] {dag.py:3239} INFO - Sync 1 DAGs
[2025-01-04T17:34:27.976+0100] {logging_mixin.py:190} INFO - [2025-01-04T17:34:27.975+0100] {dag.py:4180} INFO - Setting next_dagrun for example_task_group_decorator to None, run_after=None
[2025-01-04T17:34:27.998+0100] {processor.py:208} INFO - Processing /Users/azeez.ganiyu/airflow_venv/lib/python3.9/site-packages/airflow/example_dags/example_task_group_decorator.py took 0.254 seconds
[2025-01-04T17:37:24.817+0100] {processor.py:186} INFO - Started process (PID=1185) to work on /Users/azeez.ganiyu/airflow_venv/lib/python3.9/site-packages/airflow/example_dags/example_task_group_decorator.py
[2025-01-04T17:37:24.822+0100] {processor.py:914} INFO - Processing file /Users/azeez.ganiyu/airflow_venv/lib/python3.9/site-packages/airflow/example_dags/example_task_group_decorator.py for tasks to queue
[2025-01-04T17:37:24.823+0100] {logging_mixin.py:190} INFO - [2025-01-04T17:37:24.823+0100] {dagbag.py:588} INFO - Filling up the DagBag from /Users/azeez.ganiyu/airflow_venv/lib/python3.9/site-packages/airflow/example_dags/example_task_group_decorator.py
[2025-01-04T17:37:24.885+0100] {processor.py:925} INFO - DAG(s) 'example_task_group_decorator' retrieved from /Users/azeez.ganiyu/airflow_venv/lib/python3.9/site-packages/airflow/example_dags/example_task_group_decorator.py
[2025-01-04T17:37:25.034+0100] {logging_mixin.py:190} INFO - [2025-01-04T17:37:25.034+0100] {dag.py:3239} INFO - Sync 1 DAGs
[2025-01-04T17:37:25.044+0100] {logging_mixin.py:190} INFO - [2025-01-04T17:37:25.044+0100] {dag.py:4180} INFO - Setting next_dagrun for example_task_group_decorator to None, run_after=None
[2025-01-04T17:37:25.065+0100] {processor.py:208} INFO - Processing /Users/azeez.ganiyu/airflow_venv/lib/python3.9/site-packages/airflow/example_dags/example_task_group_decorator.py took 0.256 seconds
[2025-01-04T17:40:25.128+0100] {processor.py:186} INFO - Started process (PID=1793) to work on /Users/azeez.ganiyu/airflow_venv/lib/python3.9/site-packages/airflow/example_dags/example_task_group_decorator.py
[2025-01-04T17:40:25.134+0100] {processor.py:914} INFO - Processing file /Users/azeez.ganiyu/airflow_venv/lib/python3.9/site-packages/airflow/example_dags/example_task_group_decorator.py for tasks to queue
[2025-01-04T17:40:25.136+0100] {logging_mixin.py:190} INFO - [2025-01-04T17:40:25.135+0100] {dagbag.py:588} INFO - Filling up the DagBag from /Users/azeez.ganiyu/airflow_venv/lib/python3.9/site-packages/airflow/example_dags/example_task_group_decorator.py
[2025-01-04T17:40:25.214+0100] {processor.py:925} INFO - DAG(s) 'example_task_group_decorator' retrieved from /Users/azeez.ganiyu/airflow_venv/lib/python3.9/site-packages/airflow/example_dags/example_task_group_decorator.py
[2025-01-04T17:40:25.387+0100] {logging_mixin.py:190} INFO - [2025-01-04T17:40:25.387+0100] {dag.py:3239} INFO - Sync 1 DAGs
[2025-01-04T17:40:25.400+0100] {logging_mixin.py:190} INFO - [2025-01-04T17:40:25.399+0100] {dag.py:4180} INFO - Setting next_dagrun for example_task_group_decorator to None, run_after=None
[2025-01-04T17:40:25.453+0100] {processor.py:208} INFO - Processing /Users/azeez.ganiyu/airflow_venv/lib/python3.9/site-packages/airflow/example_dags/example_task_group_decorator.py took 0.333 seconds
[2025-01-04T17:45:21.831+0100] {processor.py:186} INFO - Started process (PID=3104) to work on /Users/azeez.ganiyu/airflow_venv/lib/python3.9/site-packages/airflow/example_dags/example_task_group_decorator.py
[2025-01-04T17:45:21.836+0100] {processor.py:914} INFO - Processing file /Users/azeez.ganiyu/airflow_venv/lib/python3.9/site-packages/airflow/example_dags/example_task_group_decorator.py for tasks to queue
[2025-01-04T17:45:21.837+0100] {logging_mixin.py:190} INFO - [2025-01-04T17:45:21.837+0100] {dagbag.py:588} INFO - Filling up the DagBag from /Users/azeez.ganiyu/airflow_venv/lib/python3.9/site-packages/airflow/example_dags/example_task_group_decorator.py
[2025-01-04T17:45:21.900+0100] {processor.py:925} INFO - DAG(s) 'example_task_group_decorator' retrieved from /Users/azeez.ganiyu/airflow_venv/lib/python3.9/site-packages/airflow/example_dags/example_task_group_decorator.py
[2025-01-04T17:45:22.044+0100] {logging_mixin.py:190} INFO - [2025-01-04T17:45:22.043+0100] {dag.py:3239} INFO - Sync 1 DAGs
[2025-01-04T17:45:22.053+0100] {logging_mixin.py:190} INFO - [2025-01-04T17:45:22.053+0100] {dag.py:4180} INFO - Setting next_dagrun for example_task_group_decorator to None, run_after=None
[2025-01-04T17:45:22.072+0100] {processor.py:208} INFO - Processing /Users/azeez.ganiyu/airflow_venv/lib/python3.9/site-packages/airflow/example_dags/example_task_group_decorator.py took 0.249 seconds
