[2025-01-04T17:26:39.593+0100] {processor.py:186} INFO - Started process (PID=98549) to work on /Users/azeez.ganiyu/airflow_venv/lib/python3.9/site-packages/airflow/example_dags/example_dataset_alias.py
[2025-01-04T17:26:39.598+0100] {processor.py:914} INFO - Processing file /Users/azeez.ganiyu/airflow_venv/lib/python3.9/site-packages/airflow/example_dags/example_dataset_alias.py for tasks to queue
[2025-01-04T17:26:39.599+0100] {logging_mixin.py:190} INFO - [2025-01-04T17:26:39.599+0100] {dagbag.py:588} INFO - Filling up the DagBag from /Users/azeez.ganiyu/airflow_venv/lib/python3.9/site-packages/airflow/example_dags/example_dataset_alias.py
[2025-01-04T17:26:39.881+0100] {processor.py:925} INFO - DAG(s) 'dataset_alias_example_alias_consumer', 'dataset_s3_bucket_consumer', 'dataset_alias_example_alias_producer', 'dataset_s3_bucket_producer' retrieved from /Users/azeez.ganiyu/airflow_venv/lib/python3.9/site-packages/airflow/example_dags/example_dataset_alias.py
[2025-01-04T17:26:39.910+0100] {logging_mixin.py:190} INFO - [2025-01-04T17:26:39.909+0100] {dag.py:3239} INFO - Sync 4 DAGs
[2025-01-04T17:26:39.924+0100] {logging_mixin.py:190} INFO - [2025-01-04T17:26:39.923+0100] {dag.py:4180} INFO - Setting next_dagrun for dataset_alias_example_alias_consumer to None, run_after=None
[2025-01-04T17:26:39.925+0100] {logging_mixin.py:190} INFO - [2025-01-04T17:26:39.925+0100] {dag.py:4180} INFO - Setting next_dagrun for dataset_alias_example_alias_producer to None, run_after=None
[2025-01-04T17:26:39.926+0100] {logging_mixin.py:190} INFO - [2025-01-04T17:26:39.926+0100] {dag.py:4180} INFO - Setting next_dagrun for dataset_s3_bucket_consumer to None, run_after=None
[2025-01-04T17:26:39.927+0100] {logging_mixin.py:190} INFO - [2025-01-04T17:26:39.927+0100] {dag.py:4180} INFO - Setting next_dagrun for dataset_s3_bucket_producer to None, run_after=None
[2025-01-04T17:26:39.952+0100] {processor.py:208} INFO - Processing /Users/azeez.ganiyu/airflow_venv/lib/python3.9/site-packages/airflow/example_dags/example_dataset_alias.py took 0.367 seconds
[2025-01-04T17:30:22.779+0100] {processor.py:186} INFO - Started process (PID=99325) to work on /Users/azeez.ganiyu/airflow_venv/lib/python3.9/site-packages/airflow/example_dags/example_dataset_alias.py
[2025-01-04T17:30:22.784+0100] {processor.py:914} INFO - Processing file /Users/azeez.ganiyu/airflow_venv/lib/python3.9/site-packages/airflow/example_dags/example_dataset_alias.py for tasks to queue
[2025-01-04T17:30:22.785+0100] {logging_mixin.py:190} INFO - [2025-01-04T17:30:22.785+0100] {dagbag.py:588} INFO - Filling up the DagBag from /Users/azeez.ganiyu/airflow_venv/lib/python3.9/site-packages/airflow/example_dags/example_dataset_alias.py
[2025-01-04T17:30:23.056+0100] {processor.py:925} INFO - DAG(s) 'dataset_s3_bucket_consumer', 'dataset_s3_bucket_producer', 'dataset_alias_example_alias_producer', 'dataset_alias_example_alias_consumer' retrieved from /Users/azeez.ganiyu/airflow_venv/lib/python3.9/site-packages/airflow/example_dags/example_dataset_alias.py
[2025-01-04T17:30:23.084+0100] {logging_mixin.py:190} INFO - [2025-01-04T17:30:23.083+0100] {dag.py:3239} INFO - Sync 4 DAGs
[2025-01-04T17:30:23.101+0100] {logging_mixin.py:190} INFO - [2025-01-04T17:30:23.101+0100] {dag.py:4180} INFO - Setting next_dagrun for dataset_alias_example_alias_consumer to None, run_after=None
[2025-01-04T17:30:23.104+0100] {logging_mixin.py:190} INFO - [2025-01-04T17:30:23.104+0100] {dag.py:4180} INFO - Setting next_dagrun for dataset_alias_example_alias_producer to None, run_after=None
[2025-01-04T17:30:23.105+0100] {logging_mixin.py:190} INFO - [2025-01-04T17:30:23.105+0100] {dag.py:4180} INFO - Setting next_dagrun for dataset_s3_bucket_consumer to None, run_after=None
[2025-01-04T17:30:23.106+0100] {logging_mixin.py:190} INFO - [2025-01-04T17:30:23.105+0100] {dag.py:4180} INFO - Setting next_dagrun for dataset_s3_bucket_producer to None, run_after=None
[2025-01-04T17:30:23.127+0100] {processor.py:208} INFO - Processing /Users/azeez.ganiyu/airflow_venv/lib/python3.9/site-packages/airflow/example_dags/example_dataset_alias.py took 0.356 seconds
[2025-01-04T17:36:14.216+0100] {processor.py:186} INFO - Started process (PID=819) to work on /Users/azeez.ganiyu/airflow_venv/lib/python3.9/site-packages/airflow/example_dags/example_dataset_alias.py
[2025-01-04T17:36:14.221+0100] {processor.py:914} INFO - Processing file /Users/azeez.ganiyu/airflow_venv/lib/python3.9/site-packages/airflow/example_dags/example_dataset_alias.py for tasks to queue
[2025-01-04T17:36:14.222+0100] {logging_mixin.py:190} INFO - [2025-01-04T17:36:14.222+0100] {dagbag.py:588} INFO - Filling up the DagBag from /Users/azeez.ganiyu/airflow_venv/lib/python3.9/site-packages/airflow/example_dags/example_dataset_alias.py
[2025-01-04T17:36:14.533+0100] {processor.py:925} INFO - DAG(s) 'dataset_s3_bucket_producer', 'dataset_alias_example_alias_consumer', 'dataset_alias_example_alias_producer', 'dataset_s3_bucket_consumer' retrieved from /Users/azeez.ganiyu/airflow_venv/lib/python3.9/site-packages/airflow/example_dags/example_dataset_alias.py
[2025-01-04T17:36:14.561+0100] {logging_mixin.py:190} INFO - [2025-01-04T17:36:14.561+0100] {dag.py:3239} INFO - Sync 4 DAGs
[2025-01-04T17:36:14.576+0100] {logging_mixin.py:190} INFO - [2025-01-04T17:36:14.576+0100] {dag.py:4180} INFO - Setting next_dagrun for dataset_alias_example_alias_consumer to None, run_after=None
[2025-01-04T17:36:14.578+0100] {logging_mixin.py:190} INFO - [2025-01-04T17:36:14.577+0100] {dag.py:4180} INFO - Setting next_dagrun for dataset_alias_example_alias_producer to None, run_after=None
[2025-01-04T17:36:14.578+0100] {logging_mixin.py:190} INFO - [2025-01-04T17:36:14.578+0100] {dag.py:4180} INFO - Setting next_dagrun for dataset_s3_bucket_consumer to None, run_after=None
[2025-01-04T17:36:14.579+0100] {logging_mixin.py:190} INFO - [2025-01-04T17:36:14.579+0100] {dag.py:4180} INFO - Setting next_dagrun for dataset_s3_bucket_producer to None, run_after=None
[2025-01-04T17:36:14.601+0100] {processor.py:208} INFO - Processing /Users/azeez.ganiyu/airflow_venv/lib/python3.9/site-packages/airflow/example_dags/example_dataset_alias.py took 0.392 seconds
[2025-01-04T17:43:40.297+0100] {processor.py:186} INFO - Started process (PID=2831) to work on /Users/azeez.ganiyu/airflow_venv/lib/python3.9/site-packages/airflow/example_dags/example_dataset_alias.py
[2025-01-04T17:43:40.303+0100] {processor.py:914} INFO - Processing file /Users/azeez.ganiyu/airflow_venv/lib/python3.9/site-packages/airflow/example_dags/example_dataset_alias.py for tasks to queue
[2025-01-04T17:43:40.304+0100] {logging_mixin.py:190} INFO - [2025-01-04T17:43:40.304+0100] {dagbag.py:588} INFO - Filling up the DagBag from /Users/azeez.ganiyu/airflow_venv/lib/python3.9/site-packages/airflow/example_dags/example_dataset_alias.py
[2025-01-04T17:43:40.601+0100] {processor.py:925} INFO - DAG(s) 'dataset_alias_example_alias_producer', 'dataset_alias_example_alias_consumer', 'dataset_s3_bucket_consumer', 'dataset_s3_bucket_producer' retrieved from /Users/azeez.ganiyu/airflow_venv/lib/python3.9/site-packages/airflow/example_dags/example_dataset_alias.py
[2025-01-04T17:43:40.628+0100] {logging_mixin.py:190} INFO - [2025-01-04T17:43:40.627+0100] {dag.py:3239} INFO - Sync 4 DAGs
[2025-01-04T17:43:40.642+0100] {logging_mixin.py:190} INFO - [2025-01-04T17:43:40.642+0100] {dag.py:4180} INFO - Setting next_dagrun for dataset_alias_example_alias_consumer to None, run_after=None
[2025-01-04T17:43:40.644+0100] {logging_mixin.py:190} INFO - [2025-01-04T17:43:40.644+0100] {dag.py:4180} INFO - Setting next_dagrun for dataset_alias_example_alias_producer to None, run_after=None
[2025-01-04T17:43:40.645+0100] {logging_mixin.py:190} INFO - [2025-01-04T17:43:40.645+0100] {dag.py:4180} INFO - Setting next_dagrun for dataset_s3_bucket_consumer to None, run_after=None
[2025-01-04T17:43:40.646+0100] {logging_mixin.py:190} INFO - [2025-01-04T17:43:40.646+0100] {dag.py:4180} INFO - Setting next_dagrun for dataset_s3_bucket_producer to None, run_after=None
[2025-01-04T17:43:40.669+0100] {processor.py:208} INFO - Processing /Users/azeez.ganiyu/airflow_venv/lib/python3.9/site-packages/airflow/example_dags/example_dataset_alias.py took 0.380 seconds
