[2025-01-04T17:26:50.030+0100] {processor.py:186} INFO - Started process (PID=98591) to work on /Users/azeez.ganiyu/airflow_venv/lib/python3.9/site-packages/airflow/example_dags/example_branch_python_dop_operator_3.py
[2025-01-04T17:26:50.036+0100] {processor.py:914} INFO - Processing file /Users/azeez.ganiyu/airflow_venv/lib/python3.9/site-packages/airflow/example_dags/example_branch_python_dop_operator_3.py for tasks to queue
[2025-01-04T17:26:50.037+0100] {logging_mixin.py:190} INFO - [2025-01-04T17:26:50.037+0100] {dagbag.py:588} INFO - Filling up the DagBag from /Users/azeez.ganiyu/airflow_venv/lib/python3.9/site-packages/airflow/example_dags/example_branch_python_dop_operator_3.py
[2025-01-04T17:26:50.099+0100] {processor.py:925} INFO - DAG(s) 'example_branch_dop_operator_v3' retrieved from /Users/azeez.ganiyu/airflow_venv/lib/python3.9/site-packages/airflow/example_dags/example_branch_python_dop_operator_3.py
[2025-01-04T17:26:50.240+0100] {logging_mixin.py:190} INFO - [2025-01-04T17:26:50.239+0100] {dag.py:3239} INFO - Sync 1 DAGs
[2025-01-04T17:26:50.264+0100] {logging_mixin.py:190} INFO - [2025-01-04T17:26:50.264+0100] {dag.py:4180} INFO - Setting next_dagrun for example_branch_dop_operator_v3 to 2025-01-04 16:25:00+00:00, run_after=2025-01-04 16:26:00+00:00
[2025-01-04T17:26:50.286+0100] {processor.py:208} INFO - Processing /Users/azeez.ganiyu/airflow_venv/lib/python3.9/site-packages/airflow/example_dags/example_branch_python_dop_operator_3.py took 0.264 seconds
[2025-01-04T17:32:54.801+0100] {processor.py:186} INFO - Started process (PID=99806) to work on /Users/azeez.ganiyu/airflow_venv/lib/python3.9/site-packages/airflow/example_dags/example_branch_python_dop_operator_3.py
[2025-01-04T17:32:54.807+0100] {processor.py:914} INFO - Processing file /Users/azeez.ganiyu/airflow_venv/lib/python3.9/site-packages/airflow/example_dags/example_branch_python_dop_operator_3.py for tasks to queue
[2025-01-04T17:32:54.808+0100] {logging_mixin.py:190} INFO - [2025-01-04T17:32:54.808+0100] {dagbag.py:588} INFO - Filling up the DagBag from /Users/azeez.ganiyu/airflow_venv/lib/python3.9/site-packages/airflow/example_dags/example_branch_python_dop_operator_3.py
[2025-01-04T17:32:54.868+0100] {processor.py:925} INFO - DAG(s) 'example_branch_dop_operator_v3' retrieved from /Users/azeez.ganiyu/airflow_venv/lib/python3.9/site-packages/airflow/example_dags/example_branch_python_dop_operator_3.py
[2025-01-04T17:32:54.997+0100] {logging_mixin.py:190} INFO - [2025-01-04T17:32:54.997+0100] {dag.py:3239} INFO - Sync 1 DAGs
[2025-01-04T17:32:55.020+0100] {logging_mixin.py:190} INFO - [2025-01-04T17:32:55.020+0100] {dag.py:4180} INFO - Setting next_dagrun for example_branch_dop_operator_v3 to 2025-01-04 16:31:00+00:00, run_after=2025-01-04 16:32:00+00:00
[2025-01-04T17:32:55.040+0100] {processor.py:208} INFO - Processing /Users/azeez.ganiyu/airflow_venv/lib/python3.9/site-packages/airflow/example_dags/example_branch_python_dop_operator_3.py took 0.246 seconds
[2025-01-04T17:38:45.910+0100] {processor.py:186} INFO - Started process (PID=1461) to work on /Users/azeez.ganiyu/airflow_venv/lib/python3.9/site-packages/airflow/example_dags/example_branch_python_dop_operator_3.py
[2025-01-04T17:38:45.916+0100] {processor.py:914} INFO - Processing file /Users/azeez.ganiyu/airflow_venv/lib/python3.9/site-packages/airflow/example_dags/example_branch_python_dop_operator_3.py for tasks to queue
[2025-01-04T17:38:45.918+0100] {logging_mixin.py:190} INFO - [2025-01-04T17:38:45.917+0100] {dagbag.py:588} INFO - Filling up the DagBag from /Users/azeez.ganiyu/airflow_venv/lib/python3.9/site-packages/airflow/example_dags/example_branch_python_dop_operator_3.py
[2025-01-04T17:38:45.977+0100] {processor.py:925} INFO - DAG(s) 'example_branch_dop_operator_v3' retrieved from /Users/azeez.ganiyu/airflow_venv/lib/python3.9/site-packages/airflow/example_dags/example_branch_python_dop_operator_3.py
[2025-01-04T17:38:46.117+0100] {logging_mixin.py:190} INFO - [2025-01-04T17:38:46.117+0100] {dag.py:3239} INFO - Sync 1 DAGs
[2025-01-04T17:38:46.141+0100] {logging_mixin.py:190} INFO - [2025-01-04T17:38:46.140+0100] {dag.py:4180} INFO - Setting next_dagrun for example_branch_dop_operator_v3 to 2025-01-04 16:37:00+00:00, run_after=2025-01-04 16:38:00+00:00
[2025-01-04T17:38:46.161+0100] {processor.py:208} INFO - Processing /Users/azeez.ganiyu/airflow_venv/lib/python3.9/site-packages/airflow/example_dags/example_branch_python_dop_operator_3.py took 0.259 seconds
