[2025-01-04T17:26:14.229+0100] {processor.py:186} INFO - Started process (PID=98463) to work on /Users/azeez.ganiyu/airflow_venv/lib/python3.9/site-packages/airflow/example_dags/example_inlet_event_extra.py
[2025-01-04T17:26:14.234+0100] {processor.py:914} INFO - Processing file /Users/azeez.ganiyu/airflow_venv/lib/python3.9/site-packages/airflow/example_dags/example_inlet_event_extra.py for tasks to queue
[2025-01-04T17:26:14.235+0100] {logging_mixin.py:190} INFO - [2025-01-04T17:26:14.235+0100] {dagbag.py:588} INFO - Filling up the DagBag from /Users/azeez.ganiyu/airflow_venv/lib/python3.9/site-packages/airflow/example_dags/example_inlet_event_extra.py
[2025-01-04T17:26:14.441+0100] {processor.py:925} INFO - DAG(s) 'read_dataset_event', 'read_dataset_event_from_classic' retrieved from /Users/azeez.ganiyu/airflow_venv/lib/python3.9/site-packages/airflow/example_dags/example_inlet_event_extra.py
[2025-01-04T17:26:14.539+0100] {logging_mixin.py:190} INFO - [2025-01-04T17:26:14.539+0100] {dag.py:3239} INFO - Sync 2 DAGs
[2025-01-04T17:26:14.557+0100] {logging_mixin.py:190} INFO - [2025-01-04T17:26:14.556+0100] {dag.py:4180} INFO - Setting next_dagrun for read_dataset_event to 2025-01-03 00:00:00+00:00, run_after=2025-01-04 00:00:00+00:00
[2025-01-04T17:26:14.561+0100] {logging_mixin.py:190} INFO - [2025-01-04T17:26:14.561+0100] {dag.py:4180} INFO - Setting next_dagrun for read_dataset_event_from_classic to 2025-01-03 00:00:00+00:00, run_after=2025-01-04 00:00:00+00:00
[2025-01-04T17:26:14.581+0100] {processor.py:208} INFO - Processing /Users/azeez.ganiyu/airflow_venv/lib/python3.9/site-packages/airflow/example_dags/example_inlet_event_extra.py took 0.360 seconds
[2025-01-04T17:29:58.413+0100] {processor.py:186} INFO - Started process (PID=99247) to work on /Users/azeez.ganiyu/airflow_venv/lib/python3.9/site-packages/airflow/example_dags/example_inlet_event_extra.py
[2025-01-04T17:29:58.419+0100] {processor.py:914} INFO - Processing file /Users/azeez.ganiyu/airflow_venv/lib/python3.9/site-packages/airflow/example_dags/example_inlet_event_extra.py for tasks to queue
[2025-01-04T17:29:58.420+0100] {logging_mixin.py:190} INFO - [2025-01-04T17:29:58.420+0100] {dagbag.py:588} INFO - Filling up the DagBag from /Users/azeez.ganiyu/airflow_venv/lib/python3.9/site-packages/airflow/example_dags/example_inlet_event_extra.py
[2025-01-04T17:29:58.612+0100] {processor.py:925} INFO - DAG(s) 'read_dataset_event', 'read_dataset_event_from_classic' retrieved from /Users/azeez.ganiyu/airflow_venv/lib/python3.9/site-packages/airflow/example_dags/example_inlet_event_extra.py
[2025-01-04T17:29:58.705+0100] {logging_mixin.py:190} INFO - [2025-01-04T17:29:58.705+0100] {dag.py:3239} INFO - Sync 2 DAGs
[2025-01-04T17:29:58.720+0100] {logging_mixin.py:190} INFO - [2025-01-04T17:29:58.720+0100] {dag.py:4180} INFO - Setting next_dagrun for read_dataset_event to 2025-01-03 00:00:00+00:00, run_after=2025-01-04 00:00:00+00:00
[2025-01-04T17:29:58.724+0100] {logging_mixin.py:190} INFO - [2025-01-04T17:29:58.724+0100] {dag.py:4180} INFO - Setting next_dagrun for read_dataset_event_from_classic to 2025-01-03 00:00:00+00:00, run_after=2025-01-04 00:00:00+00:00
[2025-01-04T17:29:58.742+0100] {processor.py:208} INFO - Processing /Users/azeez.ganiyu/airflow_venv/lib/python3.9/site-packages/airflow/example_dags/example_inlet_event_extra.py took 0.336 seconds
[2025-01-04T17:35:49.257+0100] {processor.py:186} INFO - Started process (PID=659) to work on /Users/azeez.ganiyu/airflow_venv/lib/python3.9/site-packages/airflow/example_dags/example_inlet_event_extra.py
[2025-01-04T17:35:49.263+0100] {processor.py:914} INFO - Processing file /Users/azeez.ganiyu/airflow_venv/lib/python3.9/site-packages/airflow/example_dags/example_inlet_event_extra.py for tasks to queue
[2025-01-04T17:35:49.264+0100] {logging_mixin.py:190} INFO - [2025-01-04T17:35:49.264+0100] {dagbag.py:588} INFO - Filling up the DagBag from /Users/azeez.ganiyu/airflow_venv/lib/python3.9/site-packages/airflow/example_dags/example_inlet_event_extra.py
[2025-01-04T17:35:49.474+0100] {processor.py:925} INFO - DAG(s) 'read_dataset_event', 'read_dataset_event_from_classic' retrieved from /Users/azeez.ganiyu/airflow_venv/lib/python3.9/site-packages/airflow/example_dags/example_inlet_event_extra.py
[2025-01-04T17:35:49.603+0100] {logging_mixin.py:190} INFO - [2025-01-04T17:35:49.602+0100] {dag.py:3239} INFO - Sync 2 DAGs
[2025-01-04T17:35:49.619+0100] {logging_mixin.py:190} INFO - [2025-01-04T17:35:49.619+0100] {dag.py:4180} INFO - Setting next_dagrun for read_dataset_event to 2025-01-03 00:00:00+00:00, run_after=2025-01-04 00:00:00+00:00
[2025-01-04T17:35:49.623+0100] {logging_mixin.py:190} INFO - [2025-01-04T17:35:49.623+0100] {dag.py:4180} INFO - Setting next_dagrun for read_dataset_event_from_classic to 2025-01-03 00:00:00+00:00, run_after=2025-01-04 00:00:00+00:00
[2025-01-04T17:35:49.641+0100] {processor.py:208} INFO - Processing /Users/azeez.ganiyu/airflow_venv/lib/python3.9/site-packages/airflow/example_dags/example_inlet_event_extra.py took 0.392 seconds
[2025-01-04T17:43:05.301+0100] {processor.py:186} INFO - Started process (PID=2717) to work on /Users/azeez.ganiyu/airflow_venv/lib/python3.9/site-packages/airflow/example_dags/example_inlet_event_extra.py
[2025-01-04T17:43:05.305+0100] {processor.py:914} INFO - Processing file /Users/azeez.ganiyu/airflow_venv/lib/python3.9/site-packages/airflow/example_dags/example_inlet_event_extra.py for tasks to queue
[2025-01-04T17:43:05.306+0100] {logging_mixin.py:190} INFO - [2025-01-04T17:43:05.306+0100] {dagbag.py:588} INFO - Filling up the DagBag from /Users/azeez.ganiyu/airflow_venv/lib/python3.9/site-packages/airflow/example_dags/example_inlet_event_extra.py
[2025-01-04T17:43:05.498+0100] {processor.py:925} INFO - DAG(s) 'read_dataset_event', 'read_dataset_event_from_classic' retrieved from /Users/azeez.ganiyu/airflow_venv/lib/python3.9/site-packages/airflow/example_dags/example_inlet_event_extra.py
[2025-01-04T17:43:05.597+0100] {logging_mixin.py:190} INFO - [2025-01-04T17:43:05.597+0100] {dag.py:3239} INFO - Sync 2 DAGs
[2025-01-04T17:43:05.612+0100] {logging_mixin.py:190} INFO - [2025-01-04T17:43:05.612+0100] {dag.py:4180} INFO - Setting next_dagrun for read_dataset_event to 2025-01-03 00:00:00+00:00, run_after=2025-01-04 00:00:00+00:00
[2025-01-04T17:43:05.616+0100] {logging_mixin.py:190} INFO - [2025-01-04T17:43:05.616+0100] {dag.py:4180} INFO - Setting next_dagrun for read_dataset_event_from_classic to 2025-01-03 00:00:00+00:00, run_after=2025-01-04 00:00:00+00:00
[2025-01-04T17:43:05.633+0100] {processor.py:208} INFO - Processing /Users/azeez.ganiyu/airflow_venv/lib/python3.9/site-packages/airflow/example_dags/example_inlet_event_extra.py took 0.340 seconds
