[2025-01-04T17:27:11.238+0100] {processor.py:186} INFO - Started process (PID=98663) to work on /Users/azeez.ganiyu/airflow_venv/lib/python3.9/site-packages/airflow/example_dags/example_bash_operator.py
[2025-01-04T17:27:11.243+0100] {processor.py:914} INFO - Processing file /Users/azeez.ganiyu/airflow_venv/lib/python3.9/site-packages/airflow/example_dags/example_bash_operator.py for tasks to queue
[2025-01-04T17:27:11.244+0100] {logging_mixin.py:190} INFO - [2025-01-04T17:27:11.244+0100] {dagbag.py:588} INFO - Filling up the DagBag from /Users/azeez.ganiyu/airflow_venv/lib/python3.9/site-packages/airflow/example_dags/example_bash_operator.py
[2025-01-04T17:27:11.270+0100] {processor.py:925} INFO - DAG(s) 'example_bash_operator' retrieved from /Users/azeez.ganiyu/airflow_venv/lib/python3.9/site-packages/airflow/example_dags/example_bash_operator.py
[2025-01-04T17:27:11.424+0100] {logging_mixin.py:190} INFO - [2025-01-04T17:27:11.423+0100] {dag.py:3239} INFO - Sync 1 DAGs
[2025-01-04T17:27:11.438+0100] {logging_mixin.py:190} INFO - [2025-01-04T17:27:11.438+0100] {dag.py:4180} INFO - Setting next_dagrun for example_bash_operator to 2025-01-03 00:00:00+00:00, run_after=2025-01-04 00:00:00+00:00
[2025-01-04T17:27:11.460+0100] {processor.py:208} INFO - Processing /Users/azeez.ganiyu/airflow_venv/lib/python3.9/site-packages/airflow/example_dags/example_bash_operator.py took 0.230 seconds
[2025-01-04T17:33:15.641+0100] {processor.py:186} INFO - Started process (PID=99876) to work on /Users/azeez.ganiyu/airflow_venv/lib/python3.9/site-packages/airflow/example_dags/example_bash_operator.py
[2025-01-04T17:33:15.645+0100] {processor.py:914} INFO - Processing file /Users/azeez.ganiyu/airflow_venv/lib/python3.9/site-packages/airflow/example_dags/example_bash_operator.py for tasks to queue
[2025-01-04T17:33:15.646+0100] {logging_mixin.py:190} INFO - [2025-01-04T17:33:15.646+0100] {dagbag.py:588} INFO - Filling up the DagBag from /Users/azeez.ganiyu/airflow_venv/lib/python3.9/site-packages/airflow/example_dags/example_bash_operator.py
[2025-01-04T17:33:15.667+0100] {processor.py:925} INFO - DAG(s) 'example_bash_operator' retrieved from /Users/azeez.ganiyu/airflow_venv/lib/python3.9/site-packages/airflow/example_dags/example_bash_operator.py
[2025-01-04T17:33:15.821+0100] {logging_mixin.py:190} INFO - [2025-01-04T17:33:15.821+0100] {dag.py:3239} INFO - Sync 1 DAGs
[2025-01-04T17:33:15.836+0100] {logging_mixin.py:190} INFO - [2025-01-04T17:33:15.835+0100] {dag.py:4180} INFO - Setting next_dagrun for example_bash_operator to 2025-01-03 00:00:00+00:00, run_after=2025-01-04 00:00:00+00:00
[2025-01-04T17:33:15.856+0100] {processor.py:208} INFO - Processing /Users/azeez.ganiyu/airflow_venv/lib/python3.9/site-packages/airflow/example_dags/example_bash_operator.py took 0.224 seconds
[2025-01-04T17:39:07.100+0100] {processor.py:186} INFO - Started process (PID=1523) to work on /Users/azeez.ganiyu/airflow_venv/lib/python3.9/site-packages/airflow/example_dags/example_bash_operator.py
[2025-01-04T17:39:07.106+0100] {processor.py:914} INFO - Processing file /Users/azeez.ganiyu/airflow_venv/lib/python3.9/site-packages/airflow/example_dags/example_bash_operator.py for tasks to queue
[2025-01-04T17:39:07.107+0100] {logging_mixin.py:190} INFO - [2025-01-04T17:39:07.106+0100] {dagbag.py:588} INFO - Filling up the DagBag from /Users/azeez.ganiyu/airflow_venv/lib/python3.9/site-packages/airflow/example_dags/example_bash_operator.py
[2025-01-04T17:39:07.127+0100] {processor.py:925} INFO - DAG(s) 'example_bash_operator' retrieved from /Users/azeez.ganiyu/airflow_venv/lib/python3.9/site-packages/airflow/example_dags/example_bash_operator.py
[2025-01-04T17:39:07.279+0100] {logging_mixin.py:190} INFO - [2025-01-04T17:39:07.279+0100] {dag.py:3239} INFO - Sync 1 DAGs
[2025-01-04T17:39:07.295+0100] {logging_mixin.py:190} INFO - [2025-01-04T17:39:07.295+0100] {dag.py:4180} INFO - Setting next_dagrun for example_bash_operator to 2025-01-03 00:00:00+00:00, run_after=2025-01-04 00:00:00+00:00
[2025-01-04T17:39:07.317+0100] {processor.py:208} INFO - Processing /Users/azeez.ganiyu/airflow_venv/lib/python3.9/site-packages/airflow/example_dags/example_bash_operator.py took 0.225 seconds
