[2025-01-04T17:25:29.440+0100] {processor.py:186} INFO - Started process (PID=98311) to work on /Users/azeez.ganiyu/airflow_venv/lib/python3.9/site-packages/airflow/example_dags/example_sensor_decorator.py
[2025-01-04T17:25:29.445+0100] {processor.py:914} INFO - Processing file /Users/azeez.ganiyu/airflow_venv/lib/python3.9/site-packages/airflow/example_dags/example_sensor_decorator.py for tasks to queue
[2025-01-04T17:25:29.447+0100] {logging_mixin.py:190} INFO - [2025-01-04T17:25:29.446+0100] {dagbag.py:588} INFO - Filling up the DagBag from /Users/azeez.ganiyu/airflow_venv/lib/python3.9/site-packages/airflow/example_dags/example_sensor_decorator.py
[2025-01-04T17:25:29.505+0100] {processor.py:925} INFO - DAG(s) 'example_sensor_decorator' retrieved from /Users/azeez.ganiyu/airflow_venv/lib/python3.9/site-packages/airflow/example_dags/example_sensor_decorator.py
[2025-01-04T17:25:29.634+0100] {logging_mixin.py:190} INFO - [2025-01-04T17:25:29.634+0100] {workday.py:41} WARNING - Could not import pandas. Holidays will not be considered.
[2025-01-04T17:25:29.698+0100] {logging_mixin.py:190} INFO - [2025-01-04T17:25:29.697+0100] {dag.py:3239} INFO - Sync 1 DAGs
[2025-01-04T17:25:29.722+0100] {logging_mixin.py:190} INFO - [2025-01-04T17:25:29.721+0100] {dag.py:4180} INFO - Setting next_dagrun for example_sensor_decorator to None, run_after=None
[2025-01-04T17:25:29.741+0100] {processor.py:208} INFO - Processing /Users/azeez.ganiyu/airflow_venv/lib/python3.9/site-packages/airflow/example_dags/example_sensor_decorator.py took 0.309 seconds
[2025-01-04T17:29:14.811+0100] {processor.py:186} INFO - Started process (PID=99069) to work on /Users/azeez.ganiyu/airflow_venv/lib/python3.9/site-packages/airflow/example_dags/example_sensor_decorator.py
[2025-01-04T17:29:14.815+0100] {processor.py:914} INFO - Processing file /Users/azeez.ganiyu/airflow_venv/lib/python3.9/site-packages/airflow/example_dags/example_sensor_decorator.py for tasks to queue
[2025-01-04T17:29:14.817+0100] {logging_mixin.py:190} INFO - [2025-01-04T17:29:14.816+0100] {dagbag.py:588} INFO - Filling up the DagBag from /Users/azeez.ganiyu/airflow_venv/lib/python3.9/site-packages/airflow/example_dags/example_sensor_decorator.py
[2025-01-04T17:29:14.870+0100] {processor.py:925} INFO - DAG(s) 'example_sensor_decorator' retrieved from /Users/azeez.ganiyu/airflow_venv/lib/python3.9/site-packages/airflow/example_dags/example_sensor_decorator.py
[2025-01-04T17:29:14.995+0100] {logging_mixin.py:190} INFO - [2025-01-04T17:29:14.995+0100] {workday.py:41} WARNING - Could not import pandas. Holidays will not be considered.
[2025-01-04T17:29:15.031+0100] {logging_mixin.py:190} INFO - [2025-01-04T17:29:15.031+0100] {dag.py:3239} INFO - Sync 1 DAGs
[2025-01-04T17:29:15.041+0100] {logging_mixin.py:190} INFO - [2025-01-04T17:29:15.041+0100] {dag.py:4180} INFO - Setting next_dagrun for example_sensor_decorator to None, run_after=None
[2025-01-04T17:29:15.060+0100] {processor.py:208} INFO - Processing /Users/azeez.ganiyu/airflow_venv/lib/python3.9/site-packages/airflow/example_dags/example_sensor_decorator.py took 0.257 seconds
[2025-01-04T17:32:08.958+0100] {processor.py:186} INFO - Started process (PID=99669) to work on /Users/azeez.ganiyu/airflow_venv/lib/python3.9/site-packages/airflow/example_dags/example_sensor_decorator.py
[2025-01-04T17:32:08.963+0100] {processor.py:914} INFO - Processing file /Users/azeez.ganiyu/airflow_venv/lib/python3.9/site-packages/airflow/example_dags/example_sensor_decorator.py for tasks to queue
[2025-01-04T17:32:08.964+0100] {logging_mixin.py:190} INFO - [2025-01-04T17:32:08.964+0100] {dagbag.py:588} INFO - Filling up the DagBag from /Users/azeez.ganiyu/airflow_venv/lib/python3.9/site-packages/airflow/example_dags/example_sensor_decorator.py
[2025-01-04T17:32:09.017+0100] {processor.py:925} INFO - DAG(s) 'example_sensor_decorator' retrieved from /Users/azeez.ganiyu/airflow_venv/lib/python3.9/site-packages/airflow/example_dags/example_sensor_decorator.py
[2025-01-04T17:32:09.136+0100] {logging_mixin.py:190} INFO - [2025-01-04T17:32:09.136+0100] {workday.py:41} WARNING - Could not import pandas. Holidays will not be considered.
[2025-01-04T17:32:09.170+0100] {logging_mixin.py:190} INFO - [2025-01-04T17:32:09.170+0100] {dag.py:3239} INFO - Sync 1 DAGs
[2025-01-04T17:32:09.179+0100] {logging_mixin.py:190} INFO - [2025-01-04T17:32:09.179+0100] {dag.py:4180} INFO - Setting next_dagrun for example_sensor_decorator to None, run_after=None
[2025-01-04T17:32:09.199+0100] {processor.py:208} INFO - Processing /Users/azeez.ganiyu/airflow_venv/lib/python3.9/site-packages/airflow/example_dags/example_sensor_decorator.py took 0.249 seconds
[2025-01-04T17:35:03.174+0100] {processor.py:186} INFO - Started process (PID=500) to work on /Users/azeez.ganiyu/airflow_venv/lib/python3.9/site-packages/airflow/example_dags/example_sensor_decorator.py
[2025-01-04T17:35:03.180+0100] {processor.py:914} INFO - Processing file /Users/azeez.ganiyu/airflow_venv/lib/python3.9/site-packages/airflow/example_dags/example_sensor_decorator.py for tasks to queue
[2025-01-04T17:35:03.181+0100] {logging_mixin.py:190} INFO - [2025-01-04T17:35:03.181+0100] {dagbag.py:588} INFO - Filling up the DagBag from /Users/azeez.ganiyu/airflow_venv/lib/python3.9/site-packages/airflow/example_dags/example_sensor_decorator.py
[2025-01-04T17:35:03.245+0100] {processor.py:925} INFO - DAG(s) 'example_sensor_decorator' retrieved from /Users/azeez.ganiyu/airflow_venv/lib/python3.9/site-packages/airflow/example_dags/example_sensor_decorator.py
[2025-01-04T17:35:03.436+0100] {logging_mixin.py:190} INFO - [2025-01-04T17:35:03.435+0100] {workday.py:41} WARNING - Could not import pandas. Holidays will not be considered.
[2025-01-04T17:35:03.511+0100] {logging_mixin.py:190} INFO - [2025-01-04T17:35:03.510+0100] {dag.py:3239} INFO - Sync 1 DAGs
[2025-01-04T17:35:03.529+0100] {logging_mixin.py:190} INFO - [2025-01-04T17:35:03.528+0100] {dag.py:4180} INFO - Setting next_dagrun for example_sensor_decorator to None, run_after=None
[2025-01-04T17:35:03.568+0100] {processor.py:208} INFO - Processing /Users/azeez.ganiyu/airflow_venv/lib/python3.9/site-packages/airflow/example_dags/example_sensor_decorator.py took 0.403 seconds
[2025-01-04T17:38:00.456+0100] {processor.py:186} INFO - Started process (PID=1311) to work on /Users/azeez.ganiyu/airflow_venv/lib/python3.9/site-packages/airflow/example_dags/example_sensor_decorator.py
[2025-01-04T17:38:00.462+0100] {processor.py:914} INFO - Processing file /Users/azeez.ganiyu/airflow_venv/lib/python3.9/site-packages/airflow/example_dags/example_sensor_decorator.py for tasks to queue
[2025-01-04T17:38:00.463+0100] {logging_mixin.py:190} INFO - [2025-01-04T17:38:00.462+0100] {dagbag.py:588} INFO - Filling up the DagBag from /Users/azeez.ganiyu/airflow_venv/lib/python3.9/site-packages/airflow/example_dags/example_sensor_decorator.py
[2025-01-04T17:38:00.518+0100] {processor.py:925} INFO - DAG(s) 'example_sensor_decorator' retrieved from /Users/azeez.ganiyu/airflow_venv/lib/python3.9/site-packages/airflow/example_dags/example_sensor_decorator.py
[2025-01-04T17:38:00.649+0100] {logging_mixin.py:190} INFO - [2025-01-04T17:38:00.649+0100] {workday.py:41} WARNING - Could not import pandas. Holidays will not be considered.
[2025-01-04T17:38:00.684+0100] {logging_mixin.py:190} INFO - [2025-01-04T17:38:00.684+0100] {dag.py:3239} INFO - Sync 1 DAGs
[2025-01-04T17:38:00.694+0100] {logging_mixin.py:190} INFO - [2025-01-04T17:38:00.693+0100] {dag.py:4180} INFO - Setting next_dagrun for example_sensor_decorator to None, run_after=None
[2025-01-04T17:38:00.714+0100] {processor.py:208} INFO - Processing /Users/azeez.ganiyu/airflow_venv/lib/python3.9/site-packages/airflow/example_dags/example_sensor_decorator.py took 0.266 seconds
[2025-01-04T17:41:26.055+0100] {processor.py:186} INFO - Started process (PID=2078) to work on /Users/azeez.ganiyu/airflow_venv/lib/python3.9/site-packages/airflow/example_dags/example_sensor_decorator.py
[2025-01-04T17:41:26.062+0100] {processor.py:914} INFO - Processing file /Users/azeez.ganiyu/airflow_venv/lib/python3.9/site-packages/airflow/example_dags/example_sensor_decorator.py for tasks to queue
[2025-01-04T17:41:26.064+0100] {logging_mixin.py:190} INFO - [2025-01-04T17:41:26.063+0100] {dagbag.py:588} INFO - Filling up the DagBag from /Users/azeez.ganiyu/airflow_venv/lib/python3.9/site-packages/airflow/example_dags/example_sensor_decorator.py
[2025-01-04T17:41:26.141+0100] {processor.py:925} INFO - DAG(s) 'example_sensor_decorator' retrieved from /Users/azeez.ganiyu/airflow_venv/lib/python3.9/site-packages/airflow/example_dags/example_sensor_decorator.py
[2025-01-04T17:41:26.362+0100] {logging_mixin.py:190} INFO - [2025-01-04T17:41:26.361+0100] {workday.py:41} WARNING - Could not import pandas. Holidays will not be considered.
[2025-01-04T17:41:27.546+0100] {logging_mixin.py:190} INFO - [2025-01-04T17:41:27.488+0100] {dag.py:3239} INFO - Sync 1 DAGs
[2025-01-04T17:41:28.115+0100] {logging_mixin.py:190} INFO - [2025-01-04T17:41:28.109+0100] {dag.py:4180} INFO - Setting next_dagrun for example_sensor_decorator to None, run_after=None
[2025-01-04T17:41:28.692+0100] {processor.py:208} INFO - Processing /Users/azeez.ganiyu/airflow_venv/lib/python3.9/site-packages/airflow/example_dags/example_sensor_decorator.py took 2.644 seconds
[2025-01-04T17:47:00.704+0100] {processor.py:186} INFO - Started process (PID=3331) to work on /Users/azeez.ganiyu/airflow_venv/lib/python3.9/site-packages/airflow/example_dags/example_sensor_decorator.py
[2025-01-04T17:47:00.713+0100] {processor.py:914} INFO - Processing file /Users/azeez.ganiyu/airflow_venv/lib/python3.9/site-packages/airflow/example_dags/example_sensor_decorator.py for tasks to queue
[2025-01-04T17:47:00.715+0100] {logging_mixin.py:190} INFO - [2025-01-04T17:47:00.715+0100] {dagbag.py:588} INFO - Filling up the DagBag from /Users/azeez.ganiyu/airflow_venv/lib/python3.9/site-packages/airflow/example_dags/example_sensor_decorator.py
[2025-01-04T17:47:00.824+0100] {processor.py:925} INFO - DAG(s) 'example_sensor_decorator' retrieved from /Users/azeez.ganiyu/airflow_venv/lib/python3.9/site-packages/airflow/example_dags/example_sensor_decorator.py
[2025-01-04T17:47:01.136+0100] {logging_mixin.py:190} INFO - [2025-01-04T17:47:01.136+0100] {workday.py:41} WARNING - Could not import pandas. Holidays will not be considered.
[2025-01-04T17:47:01.215+0100] {logging_mixin.py:190} INFO - [2025-01-04T17:47:01.214+0100] {dag.py:3239} INFO - Sync 1 DAGs
[2025-01-04T17:47:01.236+0100] {logging_mixin.py:190} INFO - [2025-01-04T17:47:01.235+0100] {dag.py:4180} INFO - Setting next_dagrun for example_sensor_decorator to None, run_after=None
[2025-01-04T17:47:01.272+0100] {processor.py:208} INFO - Processing /Users/azeez.ganiyu/airflow_venv/lib/python3.9/site-packages/airflow/example_dags/example_sensor_decorator.py took 0.584 seconds
