[2025-01-04T17:27:14.928+0100] {processor.py:186} INFO - Started process (PID=98677) to work on /Users/azeez.ganiyu/airflow_venv/lib/python3.9/site-packages/airflow/example_dags/example_bash_decorator.py
[2025-01-04T17:27:14.932+0100] {processor.py:914} INFO - Processing file /Users/azeez.ganiyu/airflow_venv/lib/python3.9/site-packages/airflow/example_dags/example_bash_decorator.py for tasks to queue
[2025-01-04T17:27:14.934+0100] {logging_mixin.py:190} INFO - [2025-01-04T17:27:14.933+0100] {dagbag.py:588} INFO - Filling up the DagBag from /Users/azeez.ganiyu/airflow_venv/lib/python3.9/site-packages/airflow/example_dags/example_bash_decorator.py
[2025-01-04T17:27:15.039+0100] {processor.py:925} INFO - DAG(s) 'example_bash_decorator' retrieved from /Users/azeez.ganiyu/airflow_venv/lib/python3.9/site-packages/airflow/example_dags/example_bash_decorator.py
[2025-01-04T17:27:15.303+0100] {logging_mixin.py:190} INFO - [2025-01-04T17:27:15.303+0100] {dag.py:3239} INFO - Sync 1 DAGs
[2025-01-04T17:27:15.314+0100] {logging_mixin.py:190} INFO - [2025-01-04T17:27:15.314+0100] {dag.py:4180} INFO - Setting next_dagrun for example_bash_decorator to None, run_after=None
[2025-01-04T17:27:15.337+0100] {processor.py:208} INFO - Processing /Users/azeez.ganiyu/airflow_venv/lib/python3.9/site-packages/airflow/example_dags/example_bash_decorator.py took 0.418 seconds
[2025-01-04T17:33:19.184+0100] {processor.py:186} INFO - Started process (PID=99888) to work on /Users/azeez.ganiyu/airflow_venv/lib/python3.9/site-packages/airflow/example_dags/example_bash_decorator.py
[2025-01-04T17:33:19.189+0100] {processor.py:914} INFO - Processing file /Users/azeez.ganiyu/airflow_venv/lib/python3.9/site-packages/airflow/example_dags/example_bash_decorator.py for tasks to queue
[2025-01-04T17:33:19.190+0100] {logging_mixin.py:190} INFO - [2025-01-04T17:33:19.189+0100] {dagbag.py:588} INFO - Filling up the DagBag from /Users/azeez.ganiyu/airflow_venv/lib/python3.9/site-packages/airflow/example_dags/example_bash_decorator.py
[2025-01-04T17:33:19.291+0100] {processor.py:925} INFO - DAG(s) 'example_bash_decorator' retrieved from /Users/azeez.ganiyu/airflow_venv/lib/python3.9/site-packages/airflow/example_dags/example_bash_decorator.py
[2025-01-04T17:33:19.504+0100] {logging_mixin.py:190} INFO - [2025-01-04T17:33:19.504+0100] {dag.py:3239} INFO - Sync 1 DAGs
[2025-01-04T17:33:19.513+0100] {logging_mixin.py:190} INFO - [2025-01-04T17:33:19.513+0100] {dag.py:4180} INFO - Setting next_dagrun for example_bash_decorator to None, run_after=None
[2025-01-04T17:33:19.533+0100] {processor.py:208} INFO - Processing /Users/azeez.ganiyu/airflow_venv/lib/python3.9/site-packages/airflow/example_dags/example_bash_decorator.py took 0.357 seconds
[2025-01-04T17:39:09.786+0100] {processor.py:186} INFO - Started process (PID=1535) to work on /Users/azeez.ganiyu/airflow_venv/lib/python3.9/site-packages/airflow/example_dags/example_bash_decorator.py
[2025-01-04T17:39:09.791+0100] {processor.py:914} INFO - Processing file /Users/azeez.ganiyu/airflow_venv/lib/python3.9/site-packages/airflow/example_dags/example_bash_decorator.py for tasks to queue
[2025-01-04T17:39:09.793+0100] {logging_mixin.py:190} INFO - [2025-01-04T17:39:09.793+0100] {dagbag.py:588} INFO - Filling up the DagBag from /Users/azeez.ganiyu/airflow_venv/lib/python3.9/site-packages/airflow/example_dags/example_bash_decorator.py
[2025-01-04T17:39:09.903+0100] {processor.py:925} INFO - DAG(s) 'example_bash_decorator' retrieved from /Users/azeez.ganiyu/airflow_venv/lib/python3.9/site-packages/airflow/example_dags/example_bash_decorator.py
[2025-01-04T17:39:10.132+0100] {logging_mixin.py:190} INFO - [2025-01-04T17:39:10.132+0100] {dag.py:3239} INFO - Sync 1 DAGs
[2025-01-04T17:39:10.141+0100] {logging_mixin.py:190} INFO - [2025-01-04T17:39:10.140+0100] {dag.py:4180} INFO - Setting next_dagrun for example_bash_decorator to None, run_after=None
[2025-01-04T17:39:10.160+0100] {processor.py:208} INFO - Processing /Users/azeez.ganiyu/airflow_venv/lib/python3.9/site-packages/airflow/example_dags/example_bash_decorator.py took 0.382 seconds
