[2025-01-04T17:27:07.649+0100] {processor.py:186} INFO - Started process (PID=98647) to work on /Users/azeez.ganiyu/airflow_venv/lib/python3.9/site-packages/airflow/example_dags/example_branch_datetime_operator.py
[2025-01-04T17:27:07.654+0100] {processor.py:914} INFO - Processing file /Users/azeez.ganiyu/airflow_venv/lib/python3.9/site-packages/airflow/example_dags/example_branch_datetime_operator.py for tasks to queue
[2025-01-04T17:27:07.657+0100] {logging_mixin.py:190} INFO - [2025-01-04T17:27:07.656+0100] {dagbag.py:588} INFO - Filling up the DagBag from /Users/azeez.ganiyu/airflow_venv/lib/python3.9/site-packages/airflow/example_dags/example_branch_datetime_operator.py
[2025-01-04T17:27:07.685+0100] {processor.py:925} INFO - DAG(s) 'example_branch_datetime_operator', 'example_branch_datetime_operator_3', 'example_branch_datetime_operator_2' retrieved from /Users/azeez.ganiyu/airflow_venv/lib/python3.9/site-packages/airflow/example_dags/example_branch_datetime_operator.py
[2025-01-04T17:27:07.834+0100] {logging_mixin.py:190} INFO - [2025-01-04T17:27:07.834+0100] {dag.py:3239} INFO - Sync 3 DAGs
[2025-01-04T17:27:07.850+0100] {logging_mixin.py:190} INFO - [2025-01-04T17:27:07.850+0100] {dag.py:4180} INFO - Setting next_dagrun for example_branch_datetime_operator to 2025-01-03 00:00:00+00:00, run_after=2025-01-04 00:00:00+00:00
[2025-01-04T17:27:07.854+0100] {logging_mixin.py:190} INFO - [2025-01-04T17:27:07.854+0100] {dag.py:4180} INFO - Setting next_dagrun for example_branch_datetime_operator_2 to 2025-01-03 00:00:00+00:00, run_after=2025-01-04 00:00:00+00:00
[2025-01-04T17:27:07.856+0100] {logging_mixin.py:190} INFO - [2025-01-04T17:27:07.856+0100] {dag.py:4180} INFO - Setting next_dagrun for example_branch_datetime_operator_3 to 2025-01-03 00:00:00+00:00, run_after=2025-01-04 00:00:00+00:00
[2025-01-04T17:27:07.876+0100] {processor.py:208} INFO - Processing /Users/azeez.ganiyu/airflow_venv/lib/python3.9/site-packages/airflow/example_dags/example_branch_datetime_operator.py took 0.234 seconds
[2025-01-04T17:33:12.269+0100] {processor.py:186} INFO - Started process (PID=99869) to work on /Users/azeez.ganiyu/airflow_venv/lib/python3.9/site-packages/airflow/example_dags/example_branch_datetime_operator.py
[2025-01-04T17:33:12.274+0100] {processor.py:914} INFO - Processing file /Users/azeez.ganiyu/airflow_venv/lib/python3.9/site-packages/airflow/example_dags/example_branch_datetime_operator.py for tasks to queue
[2025-01-04T17:33:12.275+0100] {logging_mixin.py:190} INFO - [2025-01-04T17:33:12.275+0100] {dagbag.py:588} INFO - Filling up the DagBag from /Users/azeez.ganiyu/airflow_venv/lib/python3.9/site-packages/airflow/example_dags/example_branch_datetime_operator.py
[2025-01-04T17:33:12.296+0100] {processor.py:925} INFO - DAG(s) 'example_branch_datetime_operator_3', 'example_branch_datetime_operator', 'example_branch_datetime_operator_2' retrieved from /Users/azeez.ganiyu/airflow_venv/lib/python3.9/site-packages/airflow/example_dags/example_branch_datetime_operator.py
[2025-01-04T17:33:12.439+0100] {logging_mixin.py:190} INFO - [2025-01-04T17:33:12.438+0100] {dag.py:3239} INFO - Sync 3 DAGs
[2025-01-04T17:33:12.454+0100] {logging_mixin.py:190} INFO - [2025-01-04T17:33:12.454+0100] {dag.py:4180} INFO - Setting next_dagrun for example_branch_datetime_operator to 2025-01-03 00:00:00+00:00, run_after=2025-01-04 00:00:00+00:00
[2025-01-04T17:33:12.458+0100] {logging_mixin.py:190} INFO - [2025-01-04T17:33:12.458+0100] {dag.py:4180} INFO - Setting next_dagrun for example_branch_datetime_operator_2 to 2025-01-03 00:00:00+00:00, run_after=2025-01-04 00:00:00+00:00
[2025-01-04T17:33:12.460+0100] {logging_mixin.py:190} INFO - [2025-01-04T17:33:12.460+0100] {dag.py:4180} INFO - Setting next_dagrun for example_branch_datetime_operator_3 to 2025-01-03 00:00:00+00:00, run_after=2025-01-04 00:00:00+00:00
[2025-01-04T17:33:12.479+0100] {processor.py:208} INFO - Processing /Users/azeez.ganiyu/airflow_venv/lib/python3.9/site-packages/airflow/example_dags/example_branch_datetime_operator.py took 0.218 seconds
[2025-01-04T17:39:03.527+0100] {processor.py:186} INFO - Started process (PID=1516) to work on /Users/azeez.ganiyu/airflow_venv/lib/python3.9/site-packages/airflow/example_dags/example_branch_datetime_operator.py
[2025-01-04T17:39:03.532+0100] {processor.py:914} INFO - Processing file /Users/azeez.ganiyu/airflow_venv/lib/python3.9/site-packages/airflow/example_dags/example_branch_datetime_operator.py for tasks to queue
[2025-01-04T17:39:03.533+0100] {logging_mixin.py:190} INFO - [2025-01-04T17:39:03.533+0100] {dagbag.py:588} INFO - Filling up the DagBag from /Users/azeez.ganiyu/airflow_venv/lib/python3.9/site-packages/airflow/example_dags/example_branch_datetime_operator.py
[2025-01-04T17:39:03.559+0100] {processor.py:925} INFO - DAG(s) 'example_branch_datetime_operator_3', 'example_branch_datetime_operator', 'example_branch_datetime_operator_2' retrieved from /Users/azeez.ganiyu/airflow_venv/lib/python3.9/site-packages/airflow/example_dags/example_branch_datetime_operator.py
[2025-01-04T17:39:03.706+0100] {logging_mixin.py:190} INFO - [2025-01-04T17:39:03.705+0100] {dag.py:3239} INFO - Sync 3 DAGs
[2025-01-04T17:39:03.722+0100] {logging_mixin.py:190} INFO - [2025-01-04T17:39:03.721+0100] {dag.py:4180} INFO - Setting next_dagrun for example_branch_datetime_operator to 2025-01-03 00:00:00+00:00, run_after=2025-01-04 00:00:00+00:00
[2025-01-04T17:39:03.727+0100] {logging_mixin.py:190} INFO - [2025-01-04T17:39:03.726+0100] {dag.py:4180} INFO - Setting next_dagrun for example_branch_datetime_operator_2 to 2025-01-03 00:00:00+00:00, run_after=2025-01-04 00:00:00+00:00
[2025-01-04T17:39:03.729+0100] {logging_mixin.py:190} INFO - [2025-01-04T17:39:03.729+0100] {dag.py:4180} INFO - Setting next_dagrun for example_branch_datetime_operator_3 to 2025-01-03 00:00:00+00:00, run_after=2025-01-04 00:00:00+00:00
[2025-01-04T17:39:03.748+0100] {processor.py:208} INFO - Processing /Users/azeez.ganiyu/airflow_venv/lib/python3.9/site-packages/airflow/example_dags/example_branch_datetime_operator.py took 0.229 seconds
