[2025-01-04T17:24:23.618+0100] {processor.py:186} INFO - Started process (PID=98096) to work on /Users/azeez.ganiyu/airflow_venv/lib/python3.9/site-packages/airflow/example_dags/tutorial_dag.py
[2025-01-04T17:24:23.623+0100] {processor.py:914} INFO - Processing file /Users/azeez.ganiyu/airflow_venv/lib/python3.9/site-packages/airflow/example_dags/tutorial_dag.py for tasks to queue
[2025-01-04T17:24:23.624+0100] {logging_mixin.py:190} INFO - [2025-01-04T17:24:23.624+0100] {dagbag.py:588} INFO - Filling up the DagBag from /Users/azeez.ganiyu/airflow_venv/lib/python3.9/site-packages/airflow/example_dags/tutorial_dag.py
[2025-01-04T17:24:23.659+0100] {processor.py:925} INFO - DAG(s) 'tutorial_dag' retrieved from /Users/azeez.ganiyu/airflow_venv/lib/python3.9/site-packages/airflow/example_dags/tutorial_dag.py
[2025-01-04T17:24:23.792+0100] {logging_mixin.py:190} INFO - [2025-01-04T17:24:23.791+0100] {dag.py:3239} INFO - Sync 1 DAGs
[2025-01-04T17:24:23.801+0100] {logging_mixin.py:190} INFO - [2025-01-04T17:24:23.801+0100] {dag.py:4180} INFO - Setting next_dagrun for tutorial_dag to None, run_after=None
[2025-01-04T17:24:23.820+0100] {processor.py:208} INFO - Processing /Users/azeez.ganiyu/airflow_venv/lib/python3.9/site-packages/airflow/example_dags/tutorial_dag.py took 0.211 seconds
[2025-01-04T17:28:00.193+0100] {processor.py:186} INFO - Started process (PID=98833) to work on /Users/azeez.ganiyu/airflow_venv/lib/python3.9/site-packages/airflow/example_dags/tutorial_dag.py
[2025-01-04T17:28:00.198+0100] {processor.py:914} INFO - Processing file /Users/azeez.ganiyu/airflow_venv/lib/python3.9/site-packages/airflow/example_dags/tutorial_dag.py for tasks to queue
[2025-01-04T17:28:00.200+0100] {logging_mixin.py:190} INFO - [2025-01-04T17:28:00.200+0100] {dagbag.py:588} INFO - Filling up the DagBag from /Users/azeez.ganiyu/airflow_venv/lib/python3.9/site-packages/airflow/example_dags/tutorial_dag.py
[2025-01-04T17:28:00.246+0100] {processor.py:925} INFO - DAG(s) 'tutorial_dag' retrieved from /Users/azeez.ganiyu/airflow_venv/lib/python3.9/site-packages/airflow/example_dags/tutorial_dag.py
[2025-01-04T17:28:00.409+0100] {logging_mixin.py:190} INFO - [2025-01-04T17:28:00.409+0100] {dag.py:3239} INFO - Sync 1 DAGs
[2025-01-04T17:28:00.419+0100] {logging_mixin.py:190} INFO - [2025-01-04T17:28:00.419+0100] {dag.py:4180} INFO - Setting next_dagrun for tutorial_dag to None, run_after=None
[2025-01-04T17:28:00.445+0100] {processor.py:208} INFO - Processing /Users/azeez.ganiyu/airflow_venv/lib/python3.9/site-packages/airflow/example_dags/tutorial_dag.py took 0.260 seconds
[2025-01-04T17:31:04.619+0100] {processor.py:186} INFO - Started process (PID=99456) to work on /Users/azeez.ganiyu/airflow_venv/lib/python3.9/site-packages/airflow/example_dags/tutorial_dag.py
[2025-01-04T17:31:04.624+0100] {processor.py:914} INFO - Processing file /Users/azeez.ganiyu/airflow_venv/lib/python3.9/site-packages/airflow/example_dags/tutorial_dag.py for tasks to queue
[2025-01-04T17:31:04.625+0100] {logging_mixin.py:190} INFO - [2025-01-04T17:31:04.625+0100] {dagbag.py:588} INFO - Filling up the DagBag from /Users/azeez.ganiyu/airflow_venv/lib/python3.9/site-packages/airflow/example_dags/tutorial_dag.py
[2025-01-04T17:31:04.662+0100] {processor.py:925} INFO - DAG(s) 'tutorial_dag' retrieved from /Users/azeez.ganiyu/airflow_venv/lib/python3.9/site-packages/airflow/example_dags/tutorial_dag.py
[2025-01-04T17:31:04.791+0100] {logging_mixin.py:190} INFO - [2025-01-04T17:31:04.791+0100] {dag.py:3239} INFO - Sync 1 DAGs
[2025-01-04T17:31:04.800+0100] {logging_mixin.py:190} INFO - [2025-01-04T17:31:04.800+0100] {dag.py:4180} INFO - Setting next_dagrun for tutorial_dag to None, run_after=None
[2025-01-04T17:31:04.822+0100] {processor.py:208} INFO - Processing /Users/azeez.ganiyu/airflow_venv/lib/python3.9/site-packages/airflow/example_dags/tutorial_dag.py took 0.211 seconds
[2025-01-04T17:33:57.484+0100] {processor.py:186} INFO - Started process (PID=131) to work on /Users/azeez.ganiyu/airflow_venv/lib/python3.9/site-packages/airflow/example_dags/tutorial_dag.py
[2025-01-04T17:33:57.489+0100] {processor.py:914} INFO - Processing file /Users/azeez.ganiyu/airflow_venv/lib/python3.9/site-packages/airflow/example_dags/tutorial_dag.py for tasks to queue
[2025-01-04T17:33:57.491+0100] {logging_mixin.py:190} INFO - [2025-01-04T17:33:57.491+0100] {dagbag.py:588} INFO - Filling up the DagBag from /Users/azeez.ganiyu/airflow_venv/lib/python3.9/site-packages/airflow/example_dags/tutorial_dag.py
[2025-01-04T17:33:57.531+0100] {processor.py:925} INFO - DAG(s) 'tutorial_dag' retrieved from /Users/azeez.ganiyu/airflow_venv/lib/python3.9/site-packages/airflow/example_dags/tutorial_dag.py
[2025-01-04T17:33:57.671+0100] {logging_mixin.py:190} INFO - [2025-01-04T17:33:57.670+0100] {dag.py:3239} INFO - Sync 1 DAGs
[2025-01-04T17:33:57.681+0100] {logging_mixin.py:190} INFO - [2025-01-04T17:33:57.681+0100] {dag.py:4180} INFO - Setting next_dagrun for tutorial_dag to None, run_after=None
[2025-01-04T17:33:57.703+0100] {processor.py:208} INFO - Processing /Users/azeez.ganiyu/airflow_venv/lib/python3.9/site-packages/airflow/example_dags/tutorial_dag.py took 0.226 seconds
[2025-01-04T17:36:57.582+0100] {processor.py:186} INFO - Started process (PID=1081) to work on /Users/azeez.ganiyu/airflow_venv/lib/python3.9/site-packages/airflow/example_dags/tutorial_dag.py
[2025-01-04T17:36:57.589+0100] {processor.py:914} INFO - Processing file /Users/azeez.ganiyu/airflow_venv/lib/python3.9/site-packages/airflow/example_dags/tutorial_dag.py for tasks to queue
[2025-01-04T17:36:57.591+0100] {logging_mixin.py:190} INFO - [2025-01-04T17:36:57.590+0100] {dagbag.py:588} INFO - Filling up the DagBag from /Users/azeez.ganiyu/airflow_venv/lib/python3.9/site-packages/airflow/example_dags/tutorial_dag.py
[2025-01-04T17:36:57.631+0100] {processor.py:925} INFO - DAG(s) 'tutorial_dag' retrieved from /Users/azeez.ganiyu/airflow_venv/lib/python3.9/site-packages/airflow/example_dags/tutorial_dag.py
[2025-01-04T17:36:57.784+0100] {logging_mixin.py:190} INFO - [2025-01-04T17:36:57.783+0100] {dag.py:3239} INFO - Sync 1 DAGs
[2025-01-04T17:36:57.795+0100] {logging_mixin.py:190} INFO - [2025-01-04T17:36:57.794+0100] {dag.py:4180} INFO - Setting next_dagrun for tutorial_dag to None, run_after=None
[2025-01-04T17:36:57.817+0100] {processor.py:208} INFO - Processing /Users/azeez.ganiyu/airflow_venv/lib/python3.9/site-packages/airflow/example_dags/tutorial_dag.py took 0.242 seconds
[2025-01-04T17:39:49.119+0100] {processor.py:186} INFO - Started process (PID=1677) to work on /Users/azeez.ganiyu/airflow_venv/lib/python3.9/site-packages/airflow/example_dags/tutorial_dag.py
[2025-01-04T17:39:49.124+0100] {processor.py:914} INFO - Processing file /Users/azeez.ganiyu/airflow_venv/lib/python3.9/site-packages/airflow/example_dags/tutorial_dag.py for tasks to queue
[2025-01-04T17:39:49.125+0100] {logging_mixin.py:190} INFO - [2025-01-04T17:39:49.125+0100] {dagbag.py:588} INFO - Filling up the DagBag from /Users/azeez.ganiyu/airflow_venv/lib/python3.9/site-packages/airflow/example_dags/tutorial_dag.py
[2025-01-04T17:39:49.162+0100] {processor.py:925} INFO - DAG(s) 'tutorial_dag' retrieved from /Users/azeez.ganiyu/airflow_venv/lib/python3.9/site-packages/airflow/example_dags/tutorial_dag.py
[2025-01-04T17:39:49.296+0100] {logging_mixin.py:190} INFO - [2025-01-04T17:39:49.295+0100] {dag.py:3239} INFO - Sync 1 DAGs
[2025-01-04T17:39:49.305+0100] {logging_mixin.py:190} INFO - [2025-01-04T17:39:49.304+0100] {dag.py:4180} INFO - Setting next_dagrun for tutorial_dag to None, run_after=None
[2025-01-04T17:39:49.323+0100] {processor.py:208} INFO - Processing /Users/azeez.ganiyu/airflow_venv/lib/python3.9/site-packages/airflow/example_dags/tutorial_dag.py took 0.212 seconds
[2025-01-04T17:44:38.795+0100] {processor.py:186} INFO - Started process (PID=2995) to work on /Users/azeez.ganiyu/airflow_venv/lib/python3.9/site-packages/airflow/example_dags/tutorial_dag.py
[2025-01-04T17:44:38.800+0100] {processor.py:914} INFO - Processing file /Users/azeez.ganiyu/airflow_venv/lib/python3.9/site-packages/airflow/example_dags/tutorial_dag.py for tasks to queue
[2025-01-04T17:44:38.801+0100] {logging_mixin.py:190} INFO - [2025-01-04T17:44:38.800+0100] {dagbag.py:588} INFO - Filling up the DagBag from /Users/azeez.ganiyu/airflow_venv/lib/python3.9/site-packages/airflow/example_dags/tutorial_dag.py
[2025-01-04T17:44:38.837+0100] {processor.py:925} INFO - DAG(s) 'tutorial_dag' retrieved from /Users/azeez.ganiyu/airflow_venv/lib/python3.9/site-packages/airflow/example_dags/tutorial_dag.py
[2025-01-04T17:44:38.971+0100] {logging_mixin.py:190} INFO - [2025-01-04T17:44:38.970+0100] {dag.py:3239} INFO - Sync 1 DAGs
[2025-01-04T17:44:38.980+0100] {logging_mixin.py:190} INFO - [2025-01-04T17:44:38.980+0100] {dag.py:4180} INFO - Setting next_dagrun for tutorial_dag to None, run_after=None
[2025-01-04T17:44:39.000+0100] {processor.py:208} INFO - Processing /Users/azeez.ganiyu/airflow_venv/lib/python3.9/site-packages/airflow/example_dags/tutorial_dag.py took 0.212 seconds
