[2025-01-04T17:24:07.689+0100] {processor.py:186} INFO - Started process (PID=98039) to work on /Users/azeez.ganiyu/airflow_venv/lib/python3.9/site-packages/airflow/example_dags/tutorial_taskflow_templates.py
[2025-01-04T17:24:07.696+0100] {processor.py:914} INFO - Processing file /Users/azeez.ganiyu/airflow_venv/lib/python3.9/site-packages/airflow/example_dags/tutorial_taskflow_templates.py for tasks to queue
[2025-01-04T17:24:07.697+0100] {logging_mixin.py:190} INFO - [2025-01-04T17:24:07.697+0100] {dagbag.py:588} INFO - Filling up the DagBag from /Users/azeez.ganiyu/airflow_venv/lib/python3.9/site-packages/airflow/example_dags/tutorial_taskflow_templates.py
[2025-01-04T17:24:07.758+0100] {processor.py:925} INFO - DAG(s) 'tutorial_taskflow_templates' retrieved from /Users/azeez.ganiyu/airflow_venv/lib/python3.9/site-packages/airflow/example_dags/tutorial_taskflow_templates.py
[2025-01-04T17:24:07.910+0100] {logging_mixin.py:190} INFO - [2025-01-04T17:24:07.909+0100] {dag.py:3239} INFO - Sync 1 DAGs
[2025-01-04T17:24:07.927+0100] {logging_mixin.py:190} INFO - [2025-01-04T17:24:07.926+0100] {dag.py:4180} INFO - Setting next_dagrun for tutorial_taskflow_templates to 2025-01-03 00:00:00+00:00, run_after=2025-01-04 00:00:00+00:00
[2025-01-04T17:24:07.950+0100] {processor.py:208} INFO - Processing /Users/azeez.ganiyu/airflow_venv/lib/python3.9/site-packages/airflow/example_dags/tutorial_taskflow_templates.py took 0.269 seconds
[2025-01-04T17:27:43.387+0100] {processor.py:186} INFO - Started process (PID=98778) to work on /Users/azeez.ganiyu/airflow_venv/lib/python3.9/site-packages/airflow/example_dags/tutorial_taskflow_templates.py
[2025-01-04T17:27:43.394+0100] {processor.py:914} INFO - Processing file /Users/azeez.ganiyu/airflow_venv/lib/python3.9/site-packages/airflow/example_dags/tutorial_taskflow_templates.py for tasks to queue
[2025-01-04T17:27:43.395+0100] {logging_mixin.py:190} INFO - [2025-01-04T17:27:43.395+0100] {dagbag.py:588} INFO - Filling up the DagBag from /Users/azeez.ganiyu/airflow_venv/lib/python3.9/site-packages/airflow/example_dags/tutorial_taskflow_templates.py
[2025-01-04T17:27:43.470+0100] {processor.py:925} INFO - DAG(s) 'tutorial_taskflow_templates' retrieved from /Users/azeez.ganiyu/airflow_venv/lib/python3.9/site-packages/airflow/example_dags/tutorial_taskflow_templates.py
[2025-01-04T17:27:43.634+0100] {logging_mixin.py:190} INFO - [2025-01-04T17:27:43.633+0100] {dag.py:3239} INFO - Sync 1 DAGs
[2025-01-04T17:27:43.652+0100] {logging_mixin.py:190} INFO - [2025-01-04T17:27:43.651+0100] {dag.py:4180} INFO - Setting next_dagrun for tutorial_taskflow_templates to 2025-01-03 00:00:00+00:00, run_after=2025-01-04 00:00:00+00:00
[2025-01-04T17:27:43.675+0100] {processor.py:208} INFO - Processing /Users/azeez.ganiyu/airflow_venv/lib/python3.9/site-packages/airflow/example_dags/tutorial_taskflow_templates.py took 0.296 seconds
[2025-01-04T17:30:50.193+0100] {processor.py:186} INFO - Started process (PID=99406) to work on /Users/azeez.ganiyu/airflow_venv/lib/python3.9/site-packages/airflow/example_dags/tutorial_taskflow_templates.py
[2025-01-04T17:30:50.198+0100] {processor.py:914} INFO - Processing file /Users/azeez.ganiyu/airflow_venv/lib/python3.9/site-packages/airflow/example_dags/tutorial_taskflow_templates.py for tasks to queue
[2025-01-04T17:30:50.199+0100] {logging_mixin.py:190} INFO - [2025-01-04T17:30:50.199+0100] {dagbag.py:588} INFO - Filling up the DagBag from /Users/azeez.ganiyu/airflow_venv/lib/python3.9/site-packages/airflow/example_dags/tutorial_taskflow_templates.py
[2025-01-04T17:30:50.258+0100] {processor.py:925} INFO - DAG(s) 'tutorial_taskflow_templates' retrieved from /Users/azeez.ganiyu/airflow_venv/lib/python3.9/site-packages/airflow/example_dags/tutorial_taskflow_templates.py
[2025-01-04T17:30:50.394+0100] {logging_mixin.py:190} INFO - [2025-01-04T17:30:50.394+0100] {dag.py:3239} INFO - Sync 1 DAGs
[2025-01-04T17:30:50.409+0100] {logging_mixin.py:190} INFO - [2025-01-04T17:30:50.408+0100] {dag.py:4180} INFO - Setting next_dagrun for tutorial_taskflow_templates to 2025-01-03 00:00:00+00:00, run_after=2025-01-04 00:00:00+00:00
[2025-01-04T17:30:50.428+0100] {processor.py:208} INFO - Processing /Users/azeez.ganiyu/airflow_venv/lib/python3.9/site-packages/airflow/example_dags/tutorial_taskflow_templates.py took 0.243 seconds
[2025-01-04T17:33:43.736+0100] {processor.py:186} INFO - Started process (PID=99969) to work on /Users/azeez.ganiyu/airflow_venv/lib/python3.9/site-packages/airflow/example_dags/tutorial_taskflow_templates.py
[2025-01-04T17:33:43.742+0100] {processor.py:914} INFO - Processing file /Users/azeez.ganiyu/airflow_venv/lib/python3.9/site-packages/airflow/example_dags/tutorial_taskflow_templates.py for tasks to queue
[2025-01-04T17:33:43.743+0100] {logging_mixin.py:190} INFO - [2025-01-04T17:33:43.743+0100] {dagbag.py:588} INFO - Filling up the DagBag from /Users/azeez.ganiyu/airflow_venv/lib/python3.9/site-packages/airflow/example_dags/tutorial_taskflow_templates.py
[2025-01-04T17:33:43.802+0100] {processor.py:925} INFO - DAG(s) 'tutorial_taskflow_templates' retrieved from /Users/azeez.ganiyu/airflow_venv/lib/python3.9/site-packages/airflow/example_dags/tutorial_taskflow_templates.py
[2025-01-04T17:33:43.938+0100] {logging_mixin.py:190} INFO - [2025-01-04T17:33:43.937+0100] {dag.py:3239} INFO - Sync 1 DAGs
[2025-01-04T17:33:43.953+0100] {logging_mixin.py:190} INFO - [2025-01-04T17:33:43.953+0100] {dag.py:4180} INFO - Setting next_dagrun for tutorial_taskflow_templates to 2025-01-03 00:00:00+00:00, run_after=2025-01-04 00:00:00+00:00
[2025-01-04T17:33:43.973+0100] {processor.py:208} INFO - Processing /Users/azeez.ganiyu/airflow_venv/lib/python3.9/site-packages/airflow/example_dags/tutorial_taskflow_templates.py took 0.245 seconds
[2025-01-04T17:36:43.040+0100] {processor.py:186} INFO - Started process (PID=1038) to work on /Users/azeez.ganiyu/airflow_venv/lib/python3.9/site-packages/airflow/example_dags/tutorial_taskflow_templates.py
[2025-01-04T17:36:43.045+0100] {processor.py:914} INFO - Processing file /Users/azeez.ganiyu/airflow_venv/lib/python3.9/site-packages/airflow/example_dags/tutorial_taskflow_templates.py for tasks to queue
[2025-01-04T17:36:43.047+0100] {logging_mixin.py:190} INFO - [2025-01-04T17:36:43.046+0100] {dagbag.py:588} INFO - Filling up the DagBag from /Users/azeez.ganiyu/airflow_venv/lib/python3.9/site-packages/airflow/example_dags/tutorial_taskflow_templates.py
[2025-01-04T17:36:43.133+0100] {processor.py:925} INFO - DAG(s) 'tutorial_taskflow_templates' retrieved from /Users/azeez.ganiyu/airflow_venv/lib/python3.9/site-packages/airflow/example_dags/tutorial_taskflow_templates.py
[2025-01-04T17:36:43.274+0100] {logging_mixin.py:190} INFO - [2025-01-04T17:36:43.274+0100] {dag.py:3239} INFO - Sync 1 DAGs
[2025-01-04T17:36:43.290+0100] {logging_mixin.py:190} INFO - [2025-01-04T17:36:43.290+0100] {dag.py:4180} INFO - Setting next_dagrun for tutorial_taskflow_templates to 2025-01-03 00:00:00+00:00, run_after=2025-01-04 00:00:00+00:00
[2025-01-04T17:36:43.310+0100] {processor.py:208} INFO - Processing /Users/azeez.ganiyu/airflow_venv/lib/python3.9/site-packages/airflow/example_dags/tutorial_taskflow_templates.py took 0.278 seconds
[2025-01-04T17:39:35.007+0100] {processor.py:186} INFO - Started process (PID=1627) to work on /Users/azeez.ganiyu/airflow_venv/lib/python3.9/site-packages/airflow/example_dags/tutorial_taskflow_templates.py
[2025-01-04T17:39:35.012+0100] {processor.py:914} INFO - Processing file /Users/azeez.ganiyu/airflow_venv/lib/python3.9/site-packages/airflow/example_dags/tutorial_taskflow_templates.py for tasks to queue
[2025-01-04T17:39:35.013+0100] {logging_mixin.py:190} INFO - [2025-01-04T17:39:35.013+0100] {dagbag.py:588} INFO - Filling up the DagBag from /Users/azeez.ganiyu/airflow_venv/lib/python3.9/site-packages/airflow/example_dags/tutorial_taskflow_templates.py
[2025-01-04T17:39:35.070+0100] {processor.py:925} INFO - DAG(s) 'tutorial_taskflow_templates' retrieved from /Users/azeez.ganiyu/airflow_venv/lib/python3.9/site-packages/airflow/example_dags/tutorial_taskflow_templates.py
[2025-01-04T17:39:35.198+0100] {logging_mixin.py:190} INFO - [2025-01-04T17:39:35.198+0100] {dag.py:3239} INFO - Sync 1 DAGs
[2025-01-04T17:39:35.214+0100] {logging_mixin.py:190} INFO - [2025-01-04T17:39:35.213+0100] {dag.py:4180} INFO - Setting next_dagrun for tutorial_taskflow_templates to 2025-01-03 00:00:00+00:00, run_after=2025-01-04 00:00:00+00:00
[2025-01-04T17:39:35.232+0100] {processor.py:208} INFO - Processing /Users/azeez.ganiyu/airflow_venv/lib/python3.9/site-packages/airflow/example_dags/tutorial_taskflow_templates.py took 0.233 seconds
[2025-01-04T17:44:20.005+0100] {processor.py:186} INFO - Started process (PID=2926) to work on /Users/azeez.ganiyu/airflow_venv/lib/python3.9/site-packages/airflow/example_dags/tutorial_taskflow_templates.py
[2025-01-04T17:44:20.010+0100] {processor.py:914} INFO - Processing file /Users/azeez.ganiyu/airflow_venv/lib/python3.9/site-packages/airflow/example_dags/tutorial_taskflow_templates.py for tasks to queue
[2025-01-04T17:44:20.011+0100] {logging_mixin.py:190} INFO - [2025-01-04T17:44:20.011+0100] {dagbag.py:588} INFO - Filling up the DagBag from /Users/azeez.ganiyu/airflow_venv/lib/python3.9/site-packages/airflow/example_dags/tutorial_taskflow_templates.py
[2025-01-04T17:44:20.076+0100] {processor.py:925} INFO - DAG(s) 'tutorial_taskflow_templates' retrieved from /Users/azeez.ganiyu/airflow_venv/lib/python3.9/site-packages/airflow/example_dags/tutorial_taskflow_templates.py
[2025-01-04T17:44:20.230+0100] {logging_mixin.py:190} INFO - [2025-01-04T17:44:20.229+0100] {dag.py:3239} INFO - Sync 1 DAGs
[2025-01-04T17:44:20.247+0100] {logging_mixin.py:190} INFO - [2025-01-04T17:44:20.246+0100] {dag.py:4180} INFO - Setting next_dagrun for tutorial_taskflow_templates to 2025-01-03 00:00:00+00:00, run_after=2025-01-04 00:00:00+00:00
[2025-01-04T17:44:20.269+0100] {processor.py:208} INFO - Processing /Users/azeez.ganiyu/airflow_venv/lib/python3.9/site-packages/airflow/example_dags/tutorial_taskflow_templates.py took 0.272 seconds
