[2025-01-04T17:24:16.082+0100] {processor.py:186} INFO - Started process (PID=98072) to work on /Users/azeez.ganiyu/airflow_venv/lib/python3.9/site-packages/airflow/example_dags/tutorial_taskflow_api.py
[2025-01-04T17:24:16.087+0100] {processor.py:914} INFO - Processing file /Users/azeez.ganiyu/airflow_venv/lib/python3.9/site-packages/airflow/example_dags/tutorial_taskflow_api.py for tasks to queue
[2025-01-04T17:24:16.088+0100] {logging_mixin.py:190} INFO - [2025-01-04T17:24:16.088+0100] {dagbag.py:588} INFO - Filling up the DagBag from /Users/azeez.ganiyu/airflow_venv/lib/python3.9/site-packages/airflow/example_dags/tutorial_taskflow_api.py
[2025-01-04T17:24:16.144+0100] {processor.py:925} INFO - DAG(s) 'tutorial_taskflow_api' retrieved from /Users/azeez.ganiyu/airflow_venv/lib/python3.9/site-packages/airflow/example_dags/tutorial_taskflow_api.py
[2025-01-04T17:24:16.283+0100] {logging_mixin.py:190} INFO - [2025-01-04T17:24:16.283+0100] {dag.py:3239} INFO - Sync 1 DAGs
[2025-01-04T17:24:16.293+0100] {logging_mixin.py:190} INFO - [2025-01-04T17:24:16.293+0100] {dag.py:4180} INFO - Setting next_dagrun for tutorial_taskflow_api to None, run_after=None
[2025-01-04T17:24:16.314+0100] {processor.py:208} INFO - Processing /Users/azeez.ganiyu/airflow_venv/lib/python3.9/site-packages/airflow/example_dags/tutorial_taskflow_api.py took 0.241 seconds
[2025-01-04T17:27:51.802+0100] {processor.py:186} INFO - Started process (PID=98809) to work on /Users/azeez.ganiyu/airflow_venv/lib/python3.9/site-packages/airflow/example_dags/tutorial_taskflow_api.py
[2025-01-04T17:27:51.808+0100] {processor.py:914} INFO - Processing file /Users/azeez.ganiyu/airflow_venv/lib/python3.9/site-packages/airflow/example_dags/tutorial_taskflow_api.py for tasks to queue
[2025-01-04T17:27:51.810+0100] {logging_mixin.py:190} INFO - [2025-01-04T17:27:51.809+0100] {dagbag.py:588} INFO - Filling up the DagBag from /Users/azeez.ganiyu/airflow_venv/lib/python3.9/site-packages/airflow/example_dags/tutorial_taskflow_api.py
[2025-01-04T17:27:51.876+0100] {processor.py:925} INFO - DAG(s) 'tutorial_taskflow_api' retrieved from /Users/azeez.ganiyu/airflow_venv/lib/python3.9/site-packages/airflow/example_dags/tutorial_taskflow_api.py
[2025-01-04T17:27:52.036+0100] {logging_mixin.py:190} INFO - [2025-01-04T17:27:52.035+0100] {dag.py:3239} INFO - Sync 1 DAGs
[2025-01-04T17:27:52.048+0100] {logging_mixin.py:190} INFO - [2025-01-04T17:27:52.047+0100] {dag.py:4180} INFO - Setting next_dagrun for tutorial_taskflow_api to None, run_after=None
[2025-01-04T17:27:52.070+0100] {processor.py:208} INFO - Processing /Users/azeez.ganiyu/airflow_venv/lib/python3.9/site-packages/airflow/example_dags/tutorial_taskflow_api.py took 0.276 seconds
[2025-01-04T17:30:57.457+0100] {processor.py:186} INFO - Started process (PID=99432) to work on /Users/azeez.ganiyu/airflow_venv/lib/python3.9/site-packages/airflow/example_dags/tutorial_taskflow_api.py
[2025-01-04T17:30:57.462+0100] {processor.py:914} INFO - Processing file /Users/azeez.ganiyu/airflow_venv/lib/python3.9/site-packages/airflow/example_dags/tutorial_taskflow_api.py for tasks to queue
[2025-01-04T17:30:57.463+0100] {logging_mixin.py:190} INFO - [2025-01-04T17:30:57.463+0100] {dagbag.py:588} INFO - Filling up the DagBag from /Users/azeez.ganiyu/airflow_venv/lib/python3.9/site-packages/airflow/example_dags/tutorial_taskflow_api.py
[2025-01-04T17:30:57.536+0100] {processor.py:925} INFO - DAG(s) 'tutorial_taskflow_api' retrieved from /Users/azeez.ganiyu/airflow_venv/lib/python3.9/site-packages/airflow/example_dags/tutorial_taskflow_api.py
[2025-01-04T17:30:57.669+0100] {logging_mixin.py:190} INFO - [2025-01-04T17:30:57.669+0100] {dag.py:3239} INFO - Sync 1 DAGs
[2025-01-04T17:30:57.678+0100] {logging_mixin.py:190} INFO - [2025-01-04T17:30:57.678+0100] {dag.py:4180} INFO - Setting next_dagrun for tutorial_taskflow_api to None, run_after=None
[2025-01-04T17:30:57.698+0100] {processor.py:208} INFO - Processing /Users/azeez.ganiyu/airflow_venv/lib/python3.9/site-packages/airflow/example_dags/tutorial_taskflow_api.py took 0.249 seconds
[2025-01-04T17:33:50.701+0100] {processor.py:186} INFO - Started process (PID=99988) to work on /Users/azeez.ganiyu/airflow_venv/lib/python3.9/site-packages/airflow/example_dags/tutorial_taskflow_api.py
[2025-01-04T17:33:50.705+0100] {processor.py:914} INFO - Processing file /Users/azeez.ganiyu/airflow_venv/lib/python3.9/site-packages/airflow/example_dags/tutorial_taskflow_api.py for tasks to queue
[2025-01-04T17:33:50.707+0100] {logging_mixin.py:190} INFO - [2025-01-04T17:33:50.706+0100] {dagbag.py:588} INFO - Filling up the DagBag from /Users/azeez.ganiyu/airflow_venv/lib/python3.9/site-packages/airflow/example_dags/tutorial_taskflow_api.py
[2025-01-04T17:33:50.778+0100] {processor.py:925} INFO - DAG(s) 'tutorial_taskflow_api' retrieved from /Users/azeez.ganiyu/airflow_venv/lib/python3.9/site-packages/airflow/example_dags/tutorial_taskflow_api.py
[2025-01-04T17:33:50.918+0100] {logging_mixin.py:190} INFO - [2025-01-04T17:33:50.918+0100] {dag.py:3239} INFO - Sync 1 DAGs
[2025-01-04T17:33:50.927+0100] {logging_mixin.py:190} INFO - [2025-01-04T17:33:50.927+0100] {dag.py:4180} INFO - Setting next_dagrun for tutorial_taskflow_api to None, run_after=None
[2025-01-04T17:33:50.946+0100] {processor.py:208} INFO - Processing /Users/azeez.ganiyu/airflow_venv/lib/python3.9/site-packages/airflow/example_dags/tutorial_taskflow_api.py took 0.253 seconds
[2025-01-04T17:36:50.173+0100] {processor.py:186} INFO - Started process (PID=1062) to work on /Users/azeez.ganiyu/airflow_venv/lib/python3.9/site-packages/airflow/example_dags/tutorial_taskflow_api.py
[2025-01-04T17:36:50.178+0100] {processor.py:914} INFO - Processing file /Users/azeez.ganiyu/airflow_venv/lib/python3.9/site-packages/airflow/example_dags/tutorial_taskflow_api.py for tasks to queue
[2025-01-04T17:36:50.180+0100] {logging_mixin.py:190} INFO - [2025-01-04T17:36:50.179+0100] {dagbag.py:588} INFO - Filling up the DagBag from /Users/azeez.ganiyu/airflow_venv/lib/python3.9/site-packages/airflow/example_dags/tutorial_taskflow_api.py
[2025-01-04T17:36:50.237+0100] {processor.py:925} INFO - DAG(s) 'tutorial_taskflow_api' retrieved from /Users/azeez.ganiyu/airflow_venv/lib/python3.9/site-packages/airflow/example_dags/tutorial_taskflow_api.py
[2025-01-04T17:36:50.390+0100] {logging_mixin.py:190} INFO - [2025-01-04T17:36:50.389+0100] {dag.py:3239} INFO - Sync 1 DAGs
[2025-01-04T17:36:50.399+0100] {logging_mixin.py:190} INFO - [2025-01-04T17:36:50.399+0100] {dag.py:4180} INFO - Setting next_dagrun for tutorial_taskflow_api to None, run_after=None
[2025-01-04T17:36:50.420+0100] {processor.py:208} INFO - Processing /Users/azeez.ganiyu/airflow_venv/lib/python3.9/site-packages/airflow/example_dags/tutorial_taskflow_api.py took 0.255 seconds
[2025-01-04T17:39:41.533+0100] {processor.py:186} INFO - Started process (PID=1653) to work on /Users/azeez.ganiyu/airflow_venv/lib/python3.9/site-packages/airflow/example_dags/tutorial_taskflow_api.py
[2025-01-04T17:39:41.537+0100] {processor.py:914} INFO - Processing file /Users/azeez.ganiyu/airflow_venv/lib/python3.9/site-packages/airflow/example_dags/tutorial_taskflow_api.py for tasks to queue
[2025-01-04T17:39:41.538+0100] {logging_mixin.py:190} INFO - [2025-01-04T17:39:41.538+0100] {dagbag.py:588} INFO - Filling up the DagBag from /Users/azeez.ganiyu/airflow_venv/lib/python3.9/site-packages/airflow/example_dags/tutorial_taskflow_api.py
[2025-01-04T17:39:41.594+0100] {processor.py:925} INFO - DAG(s) 'tutorial_taskflow_api' retrieved from /Users/azeez.ganiyu/airflow_venv/lib/python3.9/site-packages/airflow/example_dags/tutorial_taskflow_api.py
[2025-01-04T17:39:41.721+0100] {logging_mixin.py:190} INFO - [2025-01-04T17:39:41.721+0100] {dag.py:3239} INFO - Sync 1 DAGs
[2025-01-04T17:39:41.731+0100] {logging_mixin.py:190} INFO - [2025-01-04T17:39:41.730+0100] {dag.py:4180} INFO - Setting next_dagrun for tutorial_taskflow_api to None, run_after=None
[2025-01-04T17:39:41.751+0100] {processor.py:208} INFO - Processing /Users/azeez.ganiyu/airflow_venv/lib/python3.9/site-packages/airflow/example_dags/tutorial_taskflow_api.py took 0.225 seconds
[2025-01-04T17:44:27.175+0100] {processor.py:186} INFO - Started process (PID=2957) to work on /Users/azeez.ganiyu/airflow_venv/lib/python3.9/site-packages/airflow/example_dags/tutorial_taskflow_api.py
[2025-01-04T17:44:27.180+0100] {processor.py:914} INFO - Processing file /Users/azeez.ganiyu/airflow_venv/lib/python3.9/site-packages/airflow/example_dags/tutorial_taskflow_api.py for tasks to queue
[2025-01-04T17:44:27.181+0100] {logging_mixin.py:190} INFO - [2025-01-04T17:44:27.181+0100] {dagbag.py:588} INFO - Filling up the DagBag from /Users/azeez.ganiyu/airflow_venv/lib/python3.9/site-packages/airflow/example_dags/tutorial_taskflow_api.py
[2025-01-04T17:44:27.235+0100] {processor.py:925} INFO - DAG(s) 'tutorial_taskflow_api' retrieved from /Users/azeez.ganiyu/airflow_venv/lib/python3.9/site-packages/airflow/example_dags/tutorial_taskflow_api.py
[2025-01-04T17:44:27.369+0100] {logging_mixin.py:190} INFO - [2025-01-04T17:44:27.369+0100] {dag.py:3239} INFO - Sync 1 DAGs
[2025-01-04T17:44:27.378+0100] {logging_mixin.py:190} INFO - [2025-01-04T17:44:27.378+0100] {dag.py:4180} INFO - Setting next_dagrun for tutorial_taskflow_api to None, run_after=None
[2025-01-04T17:44:27.398+0100] {processor.py:208} INFO - Processing /Users/azeez.ganiyu/airflow_venv/lib/python3.9/site-packages/airflow/example_dags/tutorial_taskflow_api.py took 0.231 seconds
