[2025-01-04T17:24:19.943+0100] {processor.py:186} INFO - Started process (PID=98084) to work on /Users/azeez.ganiyu/airflow_venv/lib/python3.9/site-packages/airflow/example_dags/tutorial_objectstorage.py
[2025-01-04T17:24:19.948+0100] {processor.py:914} INFO - Processing file /Users/azeez.ganiyu/airflow_venv/lib/python3.9/site-packages/airflow/example_dags/tutorial_objectstorage.py for tasks to queue
[2025-01-04T17:24:19.949+0100] {logging_mixin.py:190} INFO - [2025-01-04T17:24:19.949+0100] {dagbag.py:588} INFO - Filling up the DagBag from /Users/azeez.ganiyu/airflow_venv/lib/python3.9/site-packages/airflow/example_dags/tutorial_objectstorage.py
[2025-01-04T17:24:20.005+0100] {processor.py:925} INFO - DAG(s) 'tutorial_objectstorage' retrieved from /Users/azeez.ganiyu/airflow_venv/lib/python3.9/site-packages/airflow/example_dags/tutorial_objectstorage.py
[2025-01-04T17:24:20.145+0100] {logging_mixin.py:190} INFO - [2025-01-04T17:24:20.145+0100] {dag.py:3239} INFO - Sync 1 DAGs
[2025-01-04T17:24:20.156+0100] {logging_mixin.py:190} INFO - [2025-01-04T17:24:20.155+0100] {dag.py:4180} INFO - Setting next_dagrun for tutorial_objectstorage to None, run_after=None
[2025-01-04T17:24:20.177+0100] {processor.py:208} INFO - Processing /Users/azeez.ganiyu/airflow_venv/lib/python3.9/site-packages/airflow/example_dags/tutorial_objectstorage.py took 0.242 seconds
[2025-01-04T17:27:56.361+0100] {processor.py:186} INFO - Started process (PID=98826) to work on /Users/azeez.ganiyu/airflow_venv/lib/python3.9/site-packages/airflow/example_dags/tutorial_objectstorage.py
[2025-01-04T17:27:56.367+0100] {processor.py:914} INFO - Processing file /Users/azeez.ganiyu/airflow_venv/lib/python3.9/site-packages/airflow/example_dags/tutorial_objectstorage.py for tasks to queue
[2025-01-04T17:27:56.368+0100] {logging_mixin.py:190} INFO - [2025-01-04T17:27:56.368+0100] {dagbag.py:588} INFO - Filling up the DagBag from /Users/azeez.ganiyu/airflow_venv/lib/python3.9/site-packages/airflow/example_dags/tutorial_objectstorage.py
[2025-01-04T17:27:56.435+0100] {processor.py:925} INFO - DAG(s) 'tutorial_objectstorage' retrieved from /Users/azeez.ganiyu/airflow_venv/lib/python3.9/site-packages/airflow/example_dags/tutorial_objectstorage.py
[2025-01-04T17:27:56.592+0100] {logging_mixin.py:190} INFO - [2025-01-04T17:27:56.592+0100] {dag.py:3239} INFO - Sync 1 DAGs
[2025-01-04T17:27:56.603+0100] {logging_mixin.py:190} INFO - [2025-01-04T17:27:56.603+0100] {dag.py:4180} INFO - Setting next_dagrun for tutorial_objectstorage to None, run_after=None
[2025-01-04T17:27:56.628+0100] {processor.py:208} INFO - Processing /Users/azeez.ganiyu/airflow_venv/lib/python3.9/site-packages/airflow/example_dags/tutorial_objectstorage.py took 0.276 seconds
[2025-01-04T17:31:01.042+0100] {processor.py:186} INFO - Started process (PID=99444) to work on /Users/azeez.ganiyu/airflow_venv/lib/python3.9/site-packages/airflow/example_dags/tutorial_objectstorage.py
[2025-01-04T17:31:01.047+0100] {processor.py:914} INFO - Processing file /Users/azeez.ganiyu/airflow_venv/lib/python3.9/site-packages/airflow/example_dags/tutorial_objectstorage.py for tasks to queue
[2025-01-04T17:31:01.048+0100] {logging_mixin.py:190} INFO - [2025-01-04T17:31:01.048+0100] {dagbag.py:588} INFO - Filling up the DagBag from /Users/azeez.ganiyu/airflow_venv/lib/python3.9/site-packages/airflow/example_dags/tutorial_objectstorage.py
[2025-01-04T17:31:01.103+0100] {processor.py:925} INFO - DAG(s) 'tutorial_objectstorage' retrieved from /Users/azeez.ganiyu/airflow_venv/lib/python3.9/site-packages/airflow/example_dags/tutorial_objectstorage.py
[2025-01-04T17:31:01.232+0100] {logging_mixin.py:190} INFO - [2025-01-04T17:31:01.232+0100] {dag.py:3239} INFO - Sync 1 DAGs
[2025-01-04T17:31:01.241+0100] {logging_mixin.py:190} INFO - [2025-01-04T17:31:01.241+0100] {dag.py:4180} INFO - Setting next_dagrun for tutorial_objectstorage to None, run_after=None
[2025-01-04T17:31:01.261+0100] {processor.py:208} INFO - Processing /Users/azeez.ganiyu/airflow_venv/lib/python3.9/site-packages/airflow/example_dags/tutorial_objectstorage.py took 0.227 seconds
[2025-01-04T17:33:54.708+0100] {processor.py:186} INFO - Started process (PID=105) to work on /Users/azeez.ganiyu/airflow_venv/lib/python3.9/site-packages/airflow/example_dags/tutorial_objectstorage.py
[2025-01-04T17:33:54.713+0100] {processor.py:914} INFO - Processing file /Users/azeez.ganiyu/airflow_venv/lib/python3.9/site-packages/airflow/example_dags/tutorial_objectstorage.py for tasks to queue
[2025-01-04T17:33:54.715+0100] {logging_mixin.py:190} INFO - [2025-01-04T17:33:54.715+0100] {dagbag.py:588} INFO - Filling up the DagBag from /Users/azeez.ganiyu/airflow_venv/lib/python3.9/site-packages/airflow/example_dags/tutorial_objectstorage.py
[2025-01-04T17:33:54.771+0100] {processor.py:925} INFO - DAG(s) 'tutorial_objectstorage' retrieved from /Users/azeez.ganiyu/airflow_venv/lib/python3.9/site-packages/airflow/example_dags/tutorial_objectstorage.py
[2025-01-04T17:33:54.927+0100] {logging_mixin.py:190} INFO - [2025-01-04T17:33:54.926+0100] {dag.py:3239} INFO - Sync 1 DAGs
[2025-01-04T17:33:54.938+0100] {logging_mixin.py:190} INFO - [2025-01-04T17:33:54.938+0100] {dag.py:4180} INFO - Setting next_dagrun for tutorial_objectstorage to None, run_after=None
[2025-01-04T17:33:54.959+0100] {processor.py:208} INFO - Processing /Users/azeez.ganiyu/airflow_venv/lib/python3.9/site-packages/airflow/example_dags/tutorial_objectstorage.py took 0.258 seconds
[2025-01-04T17:36:53.876+0100] {processor.py:186} INFO - Started process (PID=1074) to work on /Users/azeez.ganiyu/airflow_venv/lib/python3.9/site-packages/airflow/example_dags/tutorial_objectstorage.py
[2025-01-04T17:36:53.881+0100] {processor.py:914} INFO - Processing file /Users/azeez.ganiyu/airflow_venv/lib/python3.9/site-packages/airflow/example_dags/tutorial_objectstorage.py for tasks to queue
[2025-01-04T17:36:53.882+0100] {logging_mixin.py:190} INFO - [2025-01-04T17:36:53.882+0100] {dagbag.py:588} INFO - Filling up the DagBag from /Users/azeez.ganiyu/airflow_venv/lib/python3.9/site-packages/airflow/example_dags/tutorial_objectstorage.py
[2025-01-04T17:36:53.939+0100] {processor.py:925} INFO - DAG(s) 'tutorial_objectstorage' retrieved from /Users/azeez.ganiyu/airflow_venv/lib/python3.9/site-packages/airflow/example_dags/tutorial_objectstorage.py
[2025-01-04T17:36:54.078+0100] {logging_mixin.py:190} INFO - [2025-01-04T17:36:54.078+0100] {dag.py:3239} INFO - Sync 1 DAGs
[2025-01-04T17:36:54.088+0100] {logging_mixin.py:190} INFO - [2025-01-04T17:36:54.088+0100] {dag.py:4180} INFO - Setting next_dagrun for tutorial_objectstorage to None, run_after=None
[2025-01-04T17:36:54.109+0100] {processor.py:208} INFO - Processing /Users/azeez.ganiyu/airflow_venv/lib/python3.9/site-packages/airflow/example_dags/tutorial_objectstorage.py took 0.239 seconds
[2025-01-04T17:39:46.208+0100] {processor.py:186} INFO - Started process (PID=1665) to work on /Users/azeez.ganiyu/airflow_venv/lib/python3.9/site-packages/airflow/example_dags/tutorial_objectstorage.py
[2025-01-04T17:39:46.213+0100] {processor.py:914} INFO - Processing file /Users/azeez.ganiyu/airflow_venv/lib/python3.9/site-packages/airflow/example_dags/tutorial_objectstorage.py for tasks to queue
[2025-01-04T17:39:46.214+0100] {logging_mixin.py:190} INFO - [2025-01-04T17:39:46.214+0100] {dagbag.py:588} INFO - Filling up the DagBag from /Users/azeez.ganiyu/airflow_venv/lib/python3.9/site-packages/airflow/example_dags/tutorial_objectstorage.py
[2025-01-04T17:39:46.268+0100] {processor.py:925} INFO - DAG(s) 'tutorial_objectstorage' retrieved from /Users/azeez.ganiyu/airflow_venv/lib/python3.9/site-packages/airflow/example_dags/tutorial_objectstorage.py
[2025-01-04T17:39:46.399+0100] {logging_mixin.py:190} INFO - [2025-01-04T17:39:46.399+0100] {dag.py:3239} INFO - Sync 1 DAGs
[2025-01-04T17:39:46.410+0100] {logging_mixin.py:190} INFO - [2025-01-04T17:39:46.410+0100] {dag.py:4180} INFO - Setting next_dagrun for tutorial_objectstorage to None, run_after=None
[2025-01-04T17:39:46.428+0100] {processor.py:208} INFO - Processing /Users/azeez.ganiyu/airflow_venv/lib/python3.9/site-packages/airflow/example_dags/tutorial_objectstorage.py took 0.228 seconds
[2025-01-04T17:44:35.146+0100] {processor.py:186} INFO - Started process (PID=2976) to work on /Users/azeez.ganiyu/airflow_venv/lib/python3.9/site-packages/airflow/example_dags/tutorial_objectstorage.py
[2025-01-04T17:44:35.156+0100] {processor.py:914} INFO - Processing file /Users/azeez.ganiyu/airflow_venv/lib/python3.9/site-packages/airflow/example_dags/tutorial_objectstorage.py for tasks to queue
[2025-01-04T17:44:35.157+0100] {logging_mixin.py:190} INFO - [2025-01-04T17:44:35.157+0100] {dagbag.py:588} INFO - Filling up the DagBag from /Users/azeez.ganiyu/airflow_venv/lib/python3.9/site-packages/airflow/example_dags/tutorial_objectstorage.py
[2025-01-04T17:44:35.233+0100] {processor.py:925} INFO - DAG(s) 'tutorial_objectstorage' retrieved from /Users/azeez.ganiyu/airflow_venv/lib/python3.9/site-packages/airflow/example_dags/tutorial_objectstorage.py
[2025-01-04T17:44:35.369+0100] {logging_mixin.py:190} INFO - [2025-01-04T17:44:35.369+0100] {dag.py:3239} INFO - Sync 1 DAGs
[2025-01-04T17:44:35.379+0100] {logging_mixin.py:190} INFO - [2025-01-04T17:44:35.379+0100] {dag.py:4180} INFO - Setting next_dagrun for tutorial_objectstorage to None, run_after=None
[2025-01-04T17:44:35.399+0100] {processor.py:208} INFO - Processing /Users/azeez.ganiyu/airflow_venv/lib/python3.9/site-packages/airflow/example_dags/tutorial_objectstorage.py took 0.260 seconds
