[2025-02-01T20:01:08.284+0000] {local_task_job_runner.py:123} INFO - ::group::Pre task execution logs
[2025-02-01T20:01:08.301+0000] {taskinstance.py:2613} INFO - Dependencies all met for dep_context=non-requeueable deps ti=<TaskInstance: dag_with_postgres_operator_v03.insert_into_table scheduled__2025-01-30T00:00:00+00:00 [queued]>
[2025-02-01T20:01:08.312+0000] {taskinstance.py:2613} INFO - Dependencies all met for dep_context=requeueable deps ti=<TaskInstance: dag_with_postgres_operator_v03.insert_into_table scheduled__2025-01-30T00:00:00+00:00 [queued]>
[2025-02-01T20:01:08.313+0000] {taskinstance.py:2866} INFO - Starting attempt 1 of 6
[2025-02-01T20:01:08.352+0000] {taskinstance.py:2889} INFO - Executing <Task(PostgresOperator): insert_into_table> on 2025-01-30 00:00:00+00:00
[2025-02-01T20:01:08.357+0000] {standard_task_runner.py:72} INFO - Started process 544 to run task
[2025-02-01T20:01:08.363+0000] {standard_task_runner.py:104} INFO - Running: ['airflow', 'tasks', 'run', 'dag_with_postgres_operator_v03', 'insert_into_table', 'scheduled__2025-01-30T00:00:00+00:00', '--job-id', '118', '--raw', '--subdir', 'DAGS_FOLDER/dag_with_postgres_operator.py', '--cfg-path', '/tmp/tmpkucggo8v']
[2025-02-01T20:01:08.366+0000] {standard_task_runner.py:105} INFO - Job 118: Subtask insert_into_table
[2025-02-01T20:01:08.455+0000] {task_command.py:467} INFO - Running <TaskInstance: dag_with_postgres_operator_v03.insert_into_table scheduled__2025-01-30T00:00:00+00:00 [running]> on host ba586a51095f
[2025-02-01T20:01:08.573+0000] {taskinstance.py:3132} INFO - Exporting env vars: AIRFLOW_CTX_DAG_OWNER='coder2j' AIRFLOW_CTX_DAG_ID='dag_with_postgres_operator_v03' AIRFLOW_CTX_TASK_ID='insert_into_table' AIRFLOW_CTX_EXECUTION_DATE='2025-01-30T00:00:00+00:00' AIRFLOW_CTX_TRY_NUMBER='1' AIRFLOW_CTX_DAG_RUN_ID='scheduled__2025-01-30T00:00:00+00:00'
[2025-02-01T20:01:08.574+0000] {taskinstance.py:731} INFO - ::endgroup::
[2025-02-01T20:01:08.593+0000] {sql.py:278} INFO - Executing: 
            insert into dag_runs (dt, dag_id) values ('2025-01-30', 'dag_with_postgres_operator_v03')
        
[2025-02-01T20:01:08.607+0000] {base.py:84} INFO - Retrieving connection 'postgres_localhost'
[2025-02-01T20:01:08.691+0000] {base.py:84} INFO - Retrieving connection 'postgres_localhost'
[2025-02-01T20:01:08.706+0000] {sql.py:553} INFO - Running statement: 
            insert into dag_runs (dt, dag_id) values ('2025-01-30', 'dag_with_postgres_operator_v03')
        , parameters: None
[2025-02-01T20:01:08.710+0000] {sql.py:562} INFO - Rows affected: 1
[2025-02-01T20:01:08.729+0000] {taskinstance.py:340} INFO - ::group::Post task execution logs
[2025-02-01T20:01:08.730+0000] {taskinstance.py:352} INFO - Marking task as SUCCESS. dag_id=dag_with_postgres_operator_v03, task_id=insert_into_table, run_id=scheduled__2025-01-30T00:00:00+00:00, execution_date=20250130T000000, start_date=20250201T200108, end_date=20250201T200108
[2025-02-01T20:01:08.833+0000] {local_task_job_runner.py:266} INFO - Task exited with return code 0
[2025-02-01T20:01:08.855+0000] {taskinstance.py:3895} INFO - 0 downstream tasks scheduled from follow-on schedule check
[2025-02-01T20:01:08.857+0000] {local_task_job_runner.py:245} INFO - ::endgroup::
