[2025-02-06T00:04:16.890+0000] {local_task_job_runner.py:123} INFO - ::group::Pre task execution logs
[2025-02-06T00:04:16.910+0000] {taskinstance.py:2613} INFO - Dependencies all met for dep_context=non-requeueable deps ti=<TaskInstance: Temp_elt_postgres.transform_weather_data scheduled__2025-02-05T00:00:00+00:00 [queued]>
[2025-02-06T00:04:16.921+0000] {taskinstance.py:2613} INFO - Dependencies all met for dep_context=requeueable deps ti=<TaskInstance: Temp_elt_postgres.transform_weather_data scheduled__2025-02-05T00:00:00+00:00 [queued]>
[2025-02-06T00:04:16.921+0000] {taskinstance.py:2866} INFO - Starting attempt 1 of 2
[2025-02-06T00:04:16.956+0000] {taskinstance.py:2889} INFO - Executing <Task(SparkSubmitOperator): transform_weather_data> on 2025-02-05 00:00:00+00:00
[2025-02-06T00:04:16.969+0000] {standard_task_runner.py:104} INFO - Running: ['airflow', 'tasks', 'run', 'Temp_elt_postgres', 'transform_weather_data', 'scheduled__2025-02-05T00:00:00+00:00', '--job-id', '181', '--raw', '--subdir', 'DAGS_FOLDER/weather_etl_postgres.py', '--cfg-path', '/tmp/tmpkawglxu5']
[2025-02-06T00:04:16.972+0000] {standard_task_runner.py:105} INFO - Job 181: Subtask transform_weather_data
[2025-02-06T00:04:16.974+0000] {logging_mixin.py:190} WARNING - /home/airflow/.local/lib/python3.12/site-packages/airflow/task/task_runner/standard_task_runner.py:70 DeprecationWarning: This process (pid=1589) is multi-threaded, use of fork() may lead to deadlocks in the child.
[2025-02-06T00:04:16.976+0000] {standard_task_runner.py:72} INFO - Started process 1599 to run task
[2025-02-06T00:04:17.056+0000] {task_command.py:467} INFO - Running <TaskInstance: Temp_elt_postgres.transform_weather_data scheduled__2025-02-05T00:00:00+00:00 [running]> on host d6e98d5928d2
[2025-02-06T00:19:43.612+0000] {job.py:229} INFO - Heartbeat recovered after 926.80 seconds
[2025-02-06T00:19:43.733+0000] {taskinstance.py:3132} INFO - Exporting env vars: AIRFLOW_CTX_DAG_OWNER='airflow' AIRFLOW_CTX_DAG_ID='Temp_elt_postgres' AIRFLOW_CTX_TASK_ID='transform_weather_data' AIRFLOW_CTX_EXECUTION_DATE='2025-02-05T00:00:00+00:00' AIRFLOW_CTX_TRY_NUMBER='1' AIRFLOW_CTX_DAG_RUN_ID='scheduled__2025-02-05T00:00:00+00:00'
[2025-02-06T00:19:43.736+0000] {taskinstance.py:731} INFO - ::endgroup::
[2025-02-06T00:19:43.799+0000] {base.py:84} INFO - Retrieving connection 'spark_default'
[2025-02-06T00:19:43.808+0000] {spark_submit.py:474} INFO - Spark-Submit cmd: spark-submit --master spark://spark-master:7077 --executor-cores 1 --executor-memory 1g --driver-memory 1g --name arrow-spark --verbose --queue root.default --deploy-mode client /opt/airflow/tasks/transform.py
[2025-02-06T00:19:45.685+0000] {spark_submit.py:641} INFO - Using properties file: null
[2025-02-06T00:19:45.909+0000] {spark_submit.py:641} INFO - Parsed arguments:
[2025-02-06T00:19:45.910+0000] {spark_submit.py:641} INFO - master                  spark://spark-master:7077
[2025-02-06T00:19:45.911+0000] {spark_submit.py:641} INFO - remote                  null
[2025-02-06T00:19:45.912+0000] {spark_submit.py:641} INFO - deployMode              client
[2025-02-06T00:19:45.913+0000] {spark_submit.py:641} INFO - executorMemory          1g
[2025-02-06T00:19:45.914+0000] {spark_submit.py:641} INFO - executorCores           1
[2025-02-06T00:19:45.915+0000] {spark_submit.py:641} INFO - totalExecutorCores      null
[2025-02-06T00:19:45.915+0000] {spark_submit.py:641} INFO - propertiesFile          null
[2025-02-06T00:19:45.917+0000] {spark_submit.py:641} INFO - driverMemory            1g
[2025-02-06T00:19:45.917+0000] {spark_submit.py:641} INFO - driverCores             null
[2025-02-06T00:19:45.918+0000] {spark_submit.py:641} INFO - driverExtraClassPath    null
[2025-02-06T00:19:45.919+0000] {spark_submit.py:641} INFO - driverExtraLibraryPath  null
[2025-02-06T00:19:45.920+0000] {spark_submit.py:641} INFO - driverExtraJavaOptions  null
[2025-02-06T00:19:45.921+0000] {spark_submit.py:641} INFO - supervise               false
[2025-02-06T00:19:45.921+0000] {spark_submit.py:641} INFO - queue                   root.default
[2025-02-06T00:19:45.923+0000] {spark_submit.py:641} INFO - numExecutors            null
[2025-02-06T00:19:45.924+0000] {spark_submit.py:641} INFO - files                   null
[2025-02-06T00:19:45.924+0000] {spark_submit.py:641} INFO - pyFiles                 null
[2025-02-06T00:19:45.925+0000] {spark_submit.py:641} INFO - archives                null
[2025-02-06T00:19:45.926+0000] {spark_submit.py:641} INFO - mainClass               null
[2025-02-06T00:19:45.927+0000] {spark_submit.py:641} INFO - primaryResource         file:/opt/airflow/tasks/transform.py
[2025-02-06T00:19:45.928+0000] {spark_submit.py:641} INFO - name                    arrow-spark
[2025-02-06T00:19:45.930+0000] {spark_submit.py:641} INFO - childArgs               []
[2025-02-06T00:19:45.931+0000] {spark_submit.py:641} INFO - jars                    null
[2025-02-06T00:19:45.932+0000] {spark_submit.py:641} INFO - packages                null
[2025-02-06T00:19:45.933+0000] {spark_submit.py:641} INFO - packagesExclusions      null
[2025-02-06T00:19:45.934+0000] {spark_submit.py:641} INFO - repositories            null
[2025-02-06T00:19:45.935+0000] {spark_submit.py:641} INFO - verbose                 true
[2025-02-06T00:19:45.935+0000] {spark_submit.py:641} INFO - 
[2025-02-06T00:19:45.936+0000] {spark_submit.py:641} INFO - Spark properties used, including those specified through
[2025-02-06T00:19:45.937+0000] {spark_submit.py:641} INFO - --conf and those from the properties file null:
[2025-02-06T00:19:45.938+0000] {spark_submit.py:641} INFO - (spark.driver.memory,1g)
[2025-02-06T00:19:45.939+0000] {spark_submit.py:641} INFO - 
[2025-02-06T00:19:45.940+0000] {spark_submit.py:641} INFO - 
[2025-02-06T00:19:46.310+0000] {spark_submit.py:641} INFO - Main class:
[2025-02-06T00:19:46.311+0000] {spark_submit.py:641} INFO - org.apache.spark.deploy.PythonRunner
[2025-02-06T00:19:46.312+0000] {spark_submit.py:641} INFO - Arguments:
[2025-02-06T00:19:46.313+0000] {spark_submit.py:641} INFO - file:/opt/airflow/tasks/transform.py
[2025-02-06T00:19:46.314+0000] {spark_submit.py:641} INFO - null
[2025-02-06T00:19:46.316+0000] {spark_submit.py:641} INFO - Spark config:
[2025-02-06T00:19:46.317+0000] {spark_submit.py:641} INFO - (spark.app.name,arrow-spark)
[2025-02-06T00:19:46.318+0000] {spark_submit.py:641} INFO - (spark.app.submitTime,1738801186284)
[2025-02-06T00:19:46.319+0000] {spark_submit.py:641} INFO - (spark.driver.memory,1g)
[2025-02-06T00:19:46.319+0000] {spark_submit.py:641} INFO - (spark.executor.cores,1)
[2025-02-06T00:19:46.320+0000] {spark_submit.py:641} INFO - (spark.executor.memory,1g)
[2025-02-06T00:19:46.321+0000] {spark_submit.py:641} INFO - (spark.master,spark://spark-master:7077)
[2025-02-06T00:19:46.321+0000] {spark_submit.py:641} INFO - (spark.submit.deployMode,client)
[2025-02-06T00:19:46.322+0000] {spark_submit.py:641} INFO - (spark.submit.pyFiles,)
[2025-02-06T00:19:46.323+0000] {spark_submit.py:641} INFO - Classpath elements:
[2025-02-06T00:19:46.323+0000] {spark_submit.py:641} INFO - 
[2025-02-06T00:19:46.324+0000] {spark_submit.py:641} INFO - 
[2025-02-06T00:19:46.325+0000] {spark_submit.py:641} INFO - 
[2025-02-06T00:19:47.745+0000] {spark_submit.py:641} INFO - 25/02/06 00:19:47 INFO SparkContext: Running Spark version 3.5.4
[2025-02-06T00:19:47.748+0000] {spark_submit.py:641} INFO - 25/02/06 00:19:47 INFO SparkContext: OS info Linux, 6.10.14-linuxkit, amd64
[2025-02-06T00:19:47.749+0000] {spark_submit.py:641} INFO - 25/02/06 00:19:47 INFO SparkContext: Java version 17.0.13
[2025-02-06T00:19:47.837+0000] {spark_submit.py:641} INFO - 25/02/06 00:19:47 WARN NativeCodeLoader: Unable to load native-hadoop library for your platform... using builtin-java classes where applicable
[2025-02-06T00:19:47.970+0000] {spark_submit.py:641} INFO - 25/02/06 00:19:47 INFO ResourceUtils: ==============================================================
[2025-02-06T00:19:47.971+0000] {spark_submit.py:641} INFO - 25/02/06 00:19:47 INFO ResourceUtils: No custom resources configured for spark.driver.
[2025-02-06T00:19:47.972+0000] {spark_submit.py:641} INFO - 25/02/06 00:19:47 INFO ResourceUtils: ==============================================================
[2025-02-06T00:19:47.973+0000] {spark_submit.py:641} INFO - 25/02/06 00:19:47 INFO SparkContext: Submitted application: WeatherDataProcessing
[2025-02-06T00:19:48.002+0000] {spark_submit.py:641} INFO - 25/02/06 00:19:48 INFO ResourceProfile: Default ResourceProfile created, executor resources: Map(cores -> name: cores, amount: 1, script: , vendor: , memory -> name: memory, amount: 1024, script: , vendor: , offHeap -> name: offHeap, amount: 0, script: , vendor: ), task resources: Map(cpus -> name: cpus, amount: 1.0)
[2025-02-06T00:19:48.017+0000] {spark_submit.py:641} INFO - 25/02/06 00:19:48 INFO ResourceProfile: Limiting resource is cpus at 1 tasks per executor
[2025-02-06T00:19:48.021+0000] {spark_submit.py:641} INFO - 25/02/06 00:19:48 INFO ResourceProfileManager: Added ResourceProfile id: 0
[2025-02-06T00:19:48.101+0000] {spark_submit.py:641} INFO - 25/02/06 00:19:48 INFO SecurityManager: Changing view acls to: airflow
[2025-02-06T00:19:48.103+0000] {spark_submit.py:641} INFO - 25/02/06 00:19:48 INFO SecurityManager: Changing modify acls to: airflow
[2025-02-06T00:19:48.104+0000] {spark_submit.py:641} INFO - 25/02/06 00:19:48 INFO SecurityManager: Changing view acls groups to:
[2025-02-06T00:19:48.105+0000] {spark_submit.py:641} INFO - 25/02/06 00:19:48 INFO SecurityManager: Changing modify acls groups to:
[2025-02-06T00:19:48.106+0000] {spark_submit.py:641} INFO - 25/02/06 00:19:48 INFO SecurityManager: SecurityManager: authentication disabled; ui acls disabled; users with view permissions: airflow; groups with view permissions: EMPTY; users with modify permissions: airflow; groups with modify permissions: EMPTY
[2025-02-06T00:19:48.428+0000] {spark_submit.py:641} INFO - 25/02/06 00:19:48 INFO Utils: Successfully started service 'sparkDriver' on port 33641.
[2025-02-06T00:19:48.471+0000] {spark_submit.py:641} INFO - 25/02/06 00:19:48 INFO SparkEnv: Registering MapOutputTracker
[2025-02-06T00:19:48.524+0000] {spark_submit.py:641} INFO - 25/02/06 00:19:48 INFO SparkEnv: Registering BlockManagerMaster
[2025-02-06T00:19:48.550+0000] {spark_submit.py:641} INFO - 25/02/06 00:19:48 INFO BlockManagerMasterEndpoint: Using org.apache.spark.storage.DefaultTopologyMapper for getting topology information
[2025-02-06T00:19:48.552+0000] {spark_submit.py:641} INFO - 25/02/06 00:19:48 INFO BlockManagerMasterEndpoint: BlockManagerMasterEndpoint up
[2025-02-06T00:19:48.558+0000] {spark_submit.py:641} INFO - 25/02/06 00:19:48 INFO SparkEnv: Registering BlockManagerMasterHeartbeat
[2025-02-06T00:19:48.582+0000] {spark_submit.py:641} INFO - 25/02/06 00:19:48 INFO DiskBlockManager: Created local directory at /tmp/blockmgr-b3029d20-77cb-404f-8c78-f1cdc10746e0
[2025-02-06T00:19:48.601+0000] {spark_submit.py:641} INFO - 25/02/06 00:19:48 INFO MemoryStore: MemoryStore started with capacity 434.4 MiB
[2025-02-06T00:19:48.624+0000] {spark_submit.py:641} INFO - 25/02/06 00:19:48 INFO SparkEnv: Registering OutputCommitCoordinator
[2025-02-06T00:19:48.820+0000] {spark_submit.py:641} INFO - 25/02/06 00:19:48 INFO JettyUtils: Start Jetty 0.0.0.0:4040 for SparkUI
[2025-02-06T00:19:48.906+0000] {spark_submit.py:641} INFO - 25/02/06 00:19:48 INFO Utils: Successfully started service 'SparkUI' on port 4040.
[2025-02-06T00:19:49.077+0000] {spark_submit.py:641} INFO - 25/02/06 00:19:49 INFO StandaloneAppClient$ClientEndpoint: Connecting to master spark://spark-master:7077...
[2025-02-06T00:19:49.136+0000] {spark_submit.py:641} INFO - 25/02/06 00:19:49 INFO TransportClientFactory: Successfully created connection to spark-master/172.18.0.3:7077 after 31 ms (0 ms spent in bootstraps)
[2025-02-06T00:19:49.246+0000] {spark_submit.py:641} INFO - 25/02/06 00:19:49 INFO StandaloneSchedulerBackend: Connected to Spark cluster with app ID app-20250206001949-0003
[2025-02-06T00:19:49.257+0000] {spark_submit.py:641} INFO - 25/02/06 00:19:49 INFO Utils: Successfully started service 'org.apache.spark.network.netty.NettyBlockTransferService' on port 42253.
[2025-02-06T00:19:49.258+0000] {spark_submit.py:641} INFO - 25/02/06 00:19:49 INFO NettyBlockTransferService: Server created on d6e98d5928d2:42253
[2025-02-06T00:19:49.260+0000] {spark_submit.py:641} INFO - 25/02/06 00:19:49 INFO BlockManager: Using org.apache.spark.storage.RandomBlockReplicationPolicy for block replication policy
[2025-02-06T00:19:49.267+0000] {spark_submit.py:641} INFO - 25/02/06 00:19:49 INFO BlockManagerMaster: Registering BlockManager BlockManagerId(driver, d6e98d5928d2, 42253, None)
[2025-02-06T00:19:49.271+0000] {spark_submit.py:641} INFO - 25/02/06 00:19:49 INFO BlockManagerMasterEndpoint: Registering block manager d6e98d5928d2:42253 with 434.4 MiB RAM, BlockManagerId(driver, d6e98d5928d2, 42253, None)
[2025-02-06T00:19:49.274+0000] {spark_submit.py:641} INFO - 25/02/06 00:19:49 INFO BlockManagerMaster: Registered BlockManager BlockManagerId(driver, d6e98d5928d2, 42253, None)
[2025-02-06T00:19:49.276+0000] {spark_submit.py:641} INFO - 25/02/06 00:19:49 INFO BlockManager: Initialized BlockManager: BlockManagerId(driver, d6e98d5928d2, 42253, None)
[2025-02-06T00:19:49.522+0000] {spark_submit.py:641} INFO - 25/02/06 00:19:49 INFO StandaloneSchedulerBackend: SchedulerBackend is ready for scheduling beginning after reached minRegisteredResourcesRatio: 0.0
[2025-02-06T00:19:49.770+0000] {spark_submit.py:641} INFO - Processing: 2025-02-05.parquet
[2025-02-06T00:19:49.770+0000] {spark_submit.py:641} INFO - reading files
[2025-02-06T00:19:49.773+0000] {spark_submit.py:641} INFO - file_path
[2025-02-06T00:19:49.774+0000] {spark_submit.py:641} INFO - file:///shared-data/raw/raw/2025-02-05/2025-02-05.parquet
[2025-02-06T00:19:49.861+0000] {spark_submit.py:641} INFO - 25/02/06 00:19:49 INFO SharedState: Setting hive.metastore.warehouse.dir ('null') to the value of spark.sql.warehouse.dir.
[2025-02-06T00:19:49.872+0000] {spark_submit.py:641} INFO - 25/02/06 00:19:49 INFO SharedState: Warehouse path is 'file:/opt/airflow/spark-warehouse'.
[2025-02-06T00:19:50.827+0000] {spark_submit.py:641} INFO - 25/02/06 00:19:50 INFO InMemoryFileIndex: It took 53 ms to list leaf files for 1 paths.
[2025-02-06T00:19:51.361+0000] {spark_submit.py:641} INFO - 25/02/06 00:19:51 INFO SparkContext: Starting job: parquet at NativeMethodAccessorImpl.java:0
[2025-02-06T00:19:51.380+0000] {spark_submit.py:641} INFO - 25/02/06 00:19:51 INFO DAGScheduler: Got job 0 (parquet at NativeMethodAccessorImpl.java:0) with 1 output partitions
[2025-02-06T00:19:51.381+0000] {spark_submit.py:641} INFO - 25/02/06 00:19:51 INFO DAGScheduler: Final stage: ResultStage 0 (parquet at NativeMethodAccessorImpl.java:0)
[2025-02-06T00:19:51.382+0000] {spark_submit.py:641} INFO - 25/02/06 00:19:51 INFO DAGScheduler: Parents of final stage: List()
[2025-02-06T00:19:51.382+0000] {spark_submit.py:641} INFO - 25/02/06 00:19:51 INFO DAGScheduler: Missing parents: List()
[2025-02-06T00:19:51.385+0000] {spark_submit.py:641} INFO - 25/02/06 00:19:51 INFO DAGScheduler: Submitting ResultStage 0 (MapPartitionsRDD[1] at parquet at NativeMethodAccessorImpl.java:0), which has no missing parents
[2025-02-06T00:19:51.455+0000] {spark_submit.py:641} INFO - 25/02/06 00:19:51 INFO MemoryStore: Block broadcast_0 stored as values in memory (estimated size 103.4 KiB, free 434.3 MiB)
[2025-02-06T00:19:51.489+0000] {spark_submit.py:641} INFO - 25/02/06 00:19:51 INFO MemoryStore: Block broadcast_0_piece0 stored as bytes in memory (estimated size 37.2 KiB, free 434.3 MiB)
[2025-02-06T00:19:51.493+0000] {spark_submit.py:641} INFO - 25/02/06 00:19:51 INFO BlockManagerInfo: Added broadcast_0_piece0 in memory on d6e98d5928d2:42253 (size: 37.2 KiB, free: 434.4 MiB)
[2025-02-06T00:19:51.499+0000] {spark_submit.py:641} INFO - 25/02/06 00:19:51 INFO SparkContext: Created broadcast 0 from broadcast at DAGScheduler.scala:1585
[2025-02-06T00:19:51.520+0000] {spark_submit.py:641} INFO - 25/02/06 00:19:51 INFO DAGScheduler: Submitting 1 missing tasks from ResultStage 0 (MapPartitionsRDD[1] at parquet at NativeMethodAccessorImpl.java:0) (first 15 tasks are for partitions Vector(0))
[2025-02-06T00:19:51.523+0000] {spark_submit.py:641} INFO - 25/02/06 00:19:51 INFO TaskSchedulerImpl: Adding task set 0.0 with 1 tasks resource profile 0
[2025-02-06T00:20:06.561+0000] {spark_submit.py:641} INFO - 25/02/06 00:20:06 WARN TaskSchedulerImpl: Initial job has not accepted any resources; check your cluster UI to ensure that workers are registered and have sufficient resources
[2025-02-06T00:20:21.603+0000] {spark_submit.py:641} INFO - 25/02/06 00:20:21 WARN TaskSchedulerImpl: Initial job has not accepted any resources; check your cluster UI to ensure that workers are registered and have sufficient resources
[2025-02-06T00:20:36.538+0000] {spark_submit.py:641} INFO - 25/02/06 00:20:36 WARN TaskSchedulerImpl: Initial job has not accepted any resources; check your cluster UI to ensure that workers are registered and have sufficient resources
[2025-02-06T00:20:51.532+0000] {spark_submit.py:641} INFO - 25/02/06 00:20:51 WARN TaskSchedulerImpl: Initial job has not accepted any resources; check your cluster UI to ensure that workers are registered and have sufficient resources
[2025-02-06T00:21:06.532+0000] {spark_submit.py:641} INFO - 25/02/06 00:21:06 WARN TaskSchedulerImpl: Initial job has not accepted any resources; check your cluster UI to ensure that workers are registered and have sufficient resources
[2025-02-06T00:21:21.619+0000] {spark_submit.py:641} INFO - 25/02/06 00:21:21 WARN TaskSchedulerImpl: Initial job has not accepted any resources; check your cluster UI to ensure that workers are registered and have sufficient resources
[2025-02-06T00:21:36.531+0000] {spark_submit.py:641} INFO - 25/02/06 00:21:36 WARN TaskSchedulerImpl: Initial job has not accepted any resources; check your cluster UI to ensure that workers are registered and have sufficient resources
[2025-02-06T00:21:51.533+0000] {spark_submit.py:641} INFO - 25/02/06 00:21:51 WARN TaskSchedulerImpl: Initial job has not accepted any resources; check your cluster UI to ensure that workers are registered and have sufficient resources
[2025-02-06T00:22:06.532+0000] {spark_submit.py:641} INFO - 25/02/06 00:22:06 WARN TaskSchedulerImpl: Initial job has not accepted any resources; check your cluster UI to ensure that workers are registered and have sufficient resources
[2025-02-06T00:22:21.532+0000] {spark_submit.py:641} INFO - 25/02/06 00:22:21 WARN TaskSchedulerImpl: Initial job has not accepted any resources; check your cluster UI to ensure that workers are registered and have sufficient resources
[2025-02-06T00:22:36.531+0000] {spark_submit.py:641} INFO - 25/02/06 00:22:36 WARN TaskSchedulerImpl: Initial job has not accepted any resources; check your cluster UI to ensure that workers are registered and have sufficient resources
[2025-02-06T00:22:51.534+0000] {spark_submit.py:641} INFO - 25/02/06 00:22:51 WARN TaskSchedulerImpl: Initial job has not accepted any resources; check your cluster UI to ensure that workers are registered and have sufficient resources
[2025-02-06T00:23:06.530+0000] {spark_submit.py:641} INFO - 25/02/06 00:23:06 WARN TaskSchedulerImpl: Initial job has not accepted any resources; check your cluster UI to ensure that workers are registered and have sufficient resources
[2025-02-06T00:23:21.533+0000] {spark_submit.py:641} INFO - 25/02/06 00:23:21 WARN TaskSchedulerImpl: Initial job has not accepted any resources; check your cluster UI to ensure that workers are registered and have sufficient resources
[2025-02-06T00:23:36.531+0000] {spark_submit.py:641} INFO - 25/02/06 00:23:36 WARN TaskSchedulerImpl: Initial job has not accepted any resources; check your cluster UI to ensure that workers are registered and have sufficient resources
[2025-02-06T00:23:51.532+0000] {spark_submit.py:641} INFO - 25/02/06 00:23:51 WARN TaskSchedulerImpl: Initial job has not accepted any resources; check your cluster UI to ensure that workers are registered and have sufficient resources
[2025-02-06T00:24:06.531+0000] {spark_submit.py:641} INFO - 25/02/06 00:24:06 WARN TaskSchedulerImpl: Initial job has not accepted any resources; check your cluster UI to ensure that workers are registered and have sufficient resources
[2025-02-06T00:24:21.534+0000] {spark_submit.py:641} INFO - 25/02/06 00:24:21 WARN TaskSchedulerImpl: Initial job has not accepted any resources; check your cluster UI to ensure that workers are registered and have sufficient resources
[2025-02-06T00:24:36.532+0000] {spark_submit.py:641} INFO - 25/02/06 00:24:36 WARN TaskSchedulerImpl: Initial job has not accepted any resources; check your cluster UI to ensure that workers are registered and have sufficient resources
[2025-02-06T00:24:51.533+0000] {spark_submit.py:641} INFO - 25/02/06 00:24:51 WARN TaskSchedulerImpl: Initial job has not accepted any resources; check your cluster UI to ensure that workers are registered and have sufficient resources
[2025-02-06T00:25:06.532+0000] {spark_submit.py:641} INFO - 25/02/06 00:25:06 WARN TaskSchedulerImpl: Initial job has not accepted any resources; check your cluster UI to ensure that workers are registered and have sufficient resources
[2025-02-06T00:25:21.532+0000] {spark_submit.py:641} INFO - 25/02/06 00:25:21 WARN TaskSchedulerImpl: Initial job has not accepted any resources; check your cluster UI to ensure that workers are registered and have sufficient resources
[2025-02-06T00:27:06.905+0000] {spark_submit.py:641} INFO - 25/02/06 00:27:06 WARN TaskSchedulerImpl: Initial job has not accepted any resources; check your cluster UI to ensure that workers are registered and have sufficient resources
[2025-02-06T00:27:06.945+0000] {spark_submit.py:641} INFO - 25/02/06 00:27:06 WARN TaskSchedulerImpl: Initial job has not accepted any resources; check your cluster UI to ensure that workers are registered and have sufficient resources
[2025-02-06T00:27:06.946+0000] {spark_submit.py:641} INFO - 25/02/06 00:27:06 WARN TaskSchedulerImpl: Initial job has not accepted any resources; check your cluster UI to ensure that workers are registered and have sufficient resources
[2025-02-06T00:27:06.947+0000] {spark_submit.py:641} INFO - 25/02/06 00:27:06 WARN TaskSchedulerImpl: Initial job has not accepted any resources; check your cluster UI to ensure that workers are registered and have sufficient resources
[2025-02-06T00:27:06.949+0000] {spark_submit.py:641} INFO - 25/02/06 00:27:06 WARN TaskSchedulerImpl: Initial job has not accepted any resources; check your cluster UI to ensure that workers are registered and have sufficient resources
[2025-02-06T00:27:06.950+0000] {spark_submit.py:641} INFO - 25/02/06 00:27:06 WARN TaskSchedulerImpl: Initial job has not accepted any resources; check your cluster UI to ensure that workers are registered and have sufficient resources
[2025-02-06T00:27:06.951+0000] {spark_submit.py:641} INFO - 25/02/06 00:27:06 WARN TaskSchedulerImpl: Initial job has not accepted any resources; check your cluster UI to ensure that workers are registered and have sufficient resources
[2025-02-06T00:27:07.630+0000] {job.py:229} INFO - Heartbeat recovered after 97.65 seconds
[2025-02-06T00:27:21.540+0000] {spark_submit.py:641} INFO - 25/02/06 00:27:21 WARN TaskSchedulerImpl: Initial job has not accepted any resources; check your cluster UI to ensure that workers are registered and have sufficient resources
[2025-02-06T00:27:36.542+0000] {spark_submit.py:641} INFO - 25/02/06 00:27:36 WARN TaskSchedulerImpl: Initial job has not accepted any resources; check your cluster UI to ensure that workers are registered and have sufficient resources
[2025-02-06T00:27:51.540+0000] {spark_submit.py:641} INFO - 25/02/06 00:27:51 WARN TaskSchedulerImpl: Initial job has not accepted any resources; check your cluster UI to ensure that workers are registered and have sufficient resources
[2025-02-06T00:28:06.535+0000] {spark_submit.py:641} INFO - 25/02/06 00:28:06 WARN TaskSchedulerImpl: Initial job has not accepted any resources; check your cluster UI to ensure that workers are registered and have sufficient resources
[2025-02-06T00:36:45.301+0000] {spark_submit.py:641} INFO - 25/02/06 00:36:45 WARN TaskSchedulerImpl: Initial job has not accepted any resources; check your cluster UI to ensure that workers are registered and have sufficient resources
[2025-02-06T00:36:45.434+0000] {spark_submit.py:641} INFO - 25/02/06 00:36:45 WARN TaskSchedulerImpl: Initial job has not accepted any resources; check your cluster UI to ensure that workers are registered and have sufficient resources
[2025-02-06T00:36:45.557+0000] {spark_submit.py:641} INFO - 25/02/06 00:36:45 WARN TaskSchedulerImpl: Initial job has not accepted any resources; check your cluster UI to ensure that workers are registered and have sufficient resources
[2025-02-06T00:36:45.560+0000] {spark_submit.py:641} INFO - 25/02/06 00:36:45 WARN TaskSchedulerImpl: Initial job has not accepted any resources; check your cluster UI to ensure that workers are registered and have sufficient resources
[2025-02-06T00:36:45.565+0000] {spark_submit.py:641} INFO - 25/02/06 00:36:45 WARN TaskSchedulerImpl: Initial job has not accepted any resources; check your cluster UI to ensure that workers are registered and have sufficient resources
[2025-02-06T00:36:45.566+0000] {spark_submit.py:641} INFO - 25/02/06 00:36:45 WARN TaskSchedulerImpl: Initial job has not accepted any resources; check your cluster UI to ensure that workers are registered and have sufficient resources
[2025-02-06T00:36:45.568+0000] {spark_submit.py:641} INFO - 25/02/06 00:36:45 WARN TaskSchedulerImpl: Initial job has not accepted any resources; check your cluster UI to ensure that workers are registered and have sufficient resources
[2025-02-06T00:36:45.571+0000] {spark_submit.py:641} INFO - 25/02/06 00:36:45 WARN TaskSchedulerImpl: Initial job has not accepted any resources; check your cluster UI to ensure that workers are registered and have sufficient resources
[2025-02-06T00:36:45.576+0000] {spark_submit.py:641} INFO - 25/02/06 00:36:45 WARN TaskSchedulerImpl: Initial job has not accepted any resources; check your cluster UI to ensure that workers are registered and have sufficient resources
[2025-02-06T00:36:45.577+0000] {spark_submit.py:641} INFO - 25/02/06 00:36:45 WARN TaskSchedulerImpl: Initial job has not accepted any resources; check your cluster UI to ensure that workers are registered and have sufficient resources
[2025-02-06T00:36:45.582+0000] {spark_submit.py:641} INFO - 25/02/06 00:36:45 WARN TaskSchedulerImpl: Initial job has not accepted any resources; check your cluster UI to ensure that workers are registered and have sufficient resources
[2025-02-06T00:36:45.582+0000] {spark_submit.py:641} INFO - 25/02/06 00:36:45 WARN TaskSchedulerImpl: Initial job has not accepted any resources; check your cluster UI to ensure that workers are registered and have sufficient resources
[2025-02-06T00:36:45.593+0000] {spark_submit.py:641} INFO - 25/02/06 00:36:45 WARN TaskSchedulerImpl: Initial job has not accepted any resources; check your cluster UI to ensure that workers are registered and have sufficient resources
[2025-02-06T00:36:45.601+0000] {spark_submit.py:641} INFO - 25/02/06 00:36:45 WARN TaskSchedulerImpl: Initial job has not accepted any resources; check your cluster UI to ensure that workers are registered and have sufficient resources
[2025-02-06T00:36:45.602+0000] {spark_submit.py:641} INFO - 25/02/06 00:36:45 WARN TaskSchedulerImpl: Initial job has not accepted any resources; check your cluster UI to ensure that workers are registered and have sufficient resources
[2025-02-06T00:36:45.605+0000] {spark_submit.py:641} INFO - 25/02/06 00:36:45 WARN TaskSchedulerImpl: Initial job has not accepted any resources; check your cluster UI to ensure that workers are registered and have sufficient resources
[2025-02-06T00:36:45.607+0000] {spark_submit.py:641} INFO - 25/02/06 00:36:45 WARN TaskSchedulerImpl: Initial job has not accepted any resources; check your cluster UI to ensure that workers are registered and have sufficient resources
[2025-02-06T00:36:45.608+0000] {spark_submit.py:641} INFO - 25/02/06 00:36:45 WARN TaskSchedulerImpl: Initial job has not accepted any resources; check your cluster UI to ensure that workers are registered and have sufficient resources
[2025-02-06T00:36:45.610+0000] {spark_submit.py:641} INFO - 25/02/06 00:36:45 WARN TaskSchedulerImpl: Initial job has not accepted any resources; check your cluster UI to ensure that workers are registered and have sufficient resources
[2025-02-06T00:36:45.612+0000] {spark_submit.py:641} INFO - 25/02/06 00:36:45 WARN TaskSchedulerImpl: Initial job has not accepted any resources; check your cluster UI to ensure that workers are registered and have sufficient resources
[2025-02-06T00:36:45.613+0000] {spark_submit.py:641} INFO - 25/02/06 00:36:45 WARN TaskSchedulerImpl: Initial job has not accepted any resources; check your cluster UI to ensure that workers are registered and have sufficient resources
[2025-02-06T00:36:45.616+0000] {spark_submit.py:641} INFO - 25/02/06 00:36:45 WARN TaskSchedulerImpl: Initial job has not accepted any resources; check your cluster UI to ensure that workers are registered and have sufficient resources
[2025-02-06T00:36:46.019+0000] {spark_submit.py:641} INFO - 25/02/06 00:36:45 WARN TaskSchedulerImpl: Initial job has not accepted any resources; check your cluster UI to ensure that workers are registered and have sufficient resources
[2025-02-06T00:36:46.057+0000] {spark_submit.py:641} INFO - 25/02/06 00:36:45 WARN TaskSchedulerImpl: Initial job has not accepted any resources; check your cluster UI to ensure that workers are registered and have sufficient resources
[2025-02-06T00:36:46.058+0000] {spark_submit.py:641} INFO - 25/02/06 00:36:45 WARN TaskSchedulerImpl: Initial job has not accepted any resources; check your cluster UI to ensure that workers are registered and have sufficient resources
[2025-02-06T00:36:46.071+0000] {spark_submit.py:641} INFO - 25/02/06 00:36:45 WARN TaskSchedulerImpl: Initial job has not accepted any resources; check your cluster UI to ensure that workers are registered and have sufficient resources
[2025-02-06T00:36:46.071+0000] {spark_submit.py:641} INFO - 25/02/06 00:36:45 WARN TaskSchedulerImpl: Initial job has not accepted any resources; check your cluster UI to ensure that workers are registered and have sufficient resources
[2025-02-06T00:36:46.072+0000] {spark_submit.py:641} INFO - 25/02/06 00:36:45 WARN TaskSchedulerImpl: Initial job has not accepted any resources; check your cluster UI to ensure that workers are registered and have sufficient resources
[2025-02-06T00:36:46.073+0000] {spark_submit.py:641} INFO - 25/02/06 00:36:45 WARN TaskSchedulerImpl: Initial job has not accepted any resources; check your cluster UI to ensure that workers are registered and have sufficient resources
[2025-02-06T00:36:46.074+0000] {spark_submit.py:641} INFO - 25/02/06 00:36:45 WARN TaskSchedulerImpl: Initial job has not accepted any resources; check your cluster UI to ensure that workers are registered and have sufficient resources
[2025-02-06T00:36:46.075+0000] {job.py:229} INFO - Heartbeat recovered after 523.61 seconds
[2025-02-06T00:36:46.077+0000] {spark_submit.py:641} INFO - 25/02/06 00:36:45 WARN TaskSchedulerImpl: Initial job has not accepted any resources; check your cluster UI to ensure that workers are registered and have sufficient resources
[2025-02-06T00:36:46.080+0000] {spark_submit.py:641} INFO - 25/02/06 00:36:45 WARN TaskSchedulerImpl: Initial job has not accepted any resources; check your cluster UI to ensure that workers are registered and have sufficient resources
[2025-02-06T00:36:46.082+0000] {spark_submit.py:641} INFO - 25/02/06 00:36:45 WARN TaskSchedulerImpl: Initial job has not accepted any resources; check your cluster UI to ensure that workers are registered and have sufficient resources
[2025-02-06T00:36:46.083+0000] {spark_submit.py:641} INFO - 25/02/06 00:36:45 WARN TaskSchedulerImpl: Initial job has not accepted any resources; check your cluster UI to ensure that workers are registered and have sufficient resources
[2025-02-06T00:36:51.549+0000] {spark_submit.py:641} INFO - 25/02/06 00:36:51 WARN TaskSchedulerImpl: Initial job has not accepted any resources; check your cluster UI to ensure that workers are registered and have sufficient resources
[2025-02-06T00:37:06.542+0000] {spark_submit.py:641} INFO - 25/02/06 00:37:06 WARN TaskSchedulerImpl: Initial job has not accepted any resources; check your cluster UI to ensure that workers are registered and have sufficient resources
[2025-02-06T00:37:21.540+0000] {spark_submit.py:641} INFO - 25/02/06 00:37:21 WARN TaskSchedulerImpl: Initial job has not accepted any resources; check your cluster UI to ensure that workers are registered and have sufficient resources
[2025-02-06T00:37:36.541+0000] {spark_submit.py:641} INFO - 25/02/06 00:37:36 WARN TaskSchedulerImpl: Initial job has not accepted any resources; check your cluster UI to ensure that workers are registered and have sufficient resources
[2025-02-06T00:55:30.830+0000] {spark_submit.py:641} INFO - 25/02/06 00:55:30 WARN TaskSchedulerImpl: Initial job has not accepted any resources; check your cluster UI to ensure that workers are registered and have sufficient resources
[2025-02-06T00:55:30.860+0000] {spark_submit.py:641} INFO - 25/02/06 00:55:30 WARN TaskSchedulerImpl: Initial job has not accepted any resources; check your cluster UI to ensure that workers are registered and have sufficient resources
[2025-02-06T00:55:30.910+0000] {spark_submit.py:641} INFO - 25/02/06 00:55:30 WARN TaskSchedulerImpl: Initial job has not accepted any resources; check your cluster UI to ensure that workers are registered and have sufficient resources
[2025-02-06T00:55:30.911+0000] {spark_submit.py:641} INFO - 25/02/06 00:55:30 WARN TaskSchedulerImpl: Initial job has not accepted any resources; check your cluster UI to ensure that workers are registered and have sufficient resources
[2025-02-06T00:55:30.912+0000] {spark_submit.py:641} INFO - 25/02/06 00:55:30 WARN TaskSchedulerImpl: Initial job has not accepted any resources; check your cluster UI to ensure that workers are registered and have sufficient resources
[2025-02-06T00:55:30.913+0000] {spark_submit.py:641} INFO - 25/02/06 00:55:30 WARN TaskSchedulerImpl: Initial job has not accepted any resources; check your cluster UI to ensure that workers are registered and have sufficient resources
[2025-02-06T00:55:30.914+0000] {spark_submit.py:641} INFO - 25/02/06 00:55:30 WARN TaskSchedulerImpl: Initial job has not accepted any resources; check your cluster UI to ensure that workers are registered and have sufficient resources
[2025-02-06T00:55:30.916+0000] {spark_submit.py:641} INFO - 25/02/06 00:55:30 WARN TaskSchedulerImpl: Initial job has not accepted any resources; check your cluster UI to ensure that workers are registered and have sufficient resources
[2025-02-06T00:55:30.917+0000] {spark_submit.py:641} INFO - 25/02/06 00:55:30 WARN TaskSchedulerImpl: Initial job has not accepted any resources; check your cluster UI to ensure that workers are registered and have sufficient resources
[2025-02-06T00:55:31.553+0000] {job.py:229} INFO - Heartbeat recovered after 1076.20 seconds
[2025-02-06T00:55:31.567+0000] {spark_submit.py:641} INFO - 25/02/06 00:55:30 WARN TaskSchedulerImpl: Initial job has not accepted any resources; check your cluster UI to ensure that workers are registered and have sufficient resources
[2025-02-06T00:55:31.737+0000] {spark_submit.py:641} INFO - 25/02/06 00:55:31 WARN TaskSchedulerImpl: Initial job has not accepted any resources; check your cluster UI to ensure that workers are registered and have sufficient resources
[2025-02-06T00:55:31.738+0000] {spark_submit.py:641} INFO - 25/02/06 00:55:31 WARN TaskSchedulerImpl: Initial job has not accepted any resources; check your cluster UI to ensure that workers are registered and have sufficient resources
[2025-02-06T00:55:31.741+0000] {spark_submit.py:641} INFO - 25/02/06 00:55:31 WARN TaskSchedulerImpl: Initial job has not accepted any resources; check your cluster UI to ensure that workers are registered and have sufficient resources
[2025-02-06T00:55:31.741+0000] {spark_submit.py:641} INFO - 25/02/06 00:55:31 WARN TaskSchedulerImpl: Initial job has not accepted any resources; check your cluster UI to ensure that workers are registered and have sufficient resources
[2025-02-06T00:55:31.742+0000] {spark_submit.py:641} INFO - 25/02/06 00:55:31 WARN TaskSchedulerImpl: Initial job has not accepted any resources; check your cluster UI to ensure that workers are registered and have sufficient resources
[2025-02-06T00:55:31.750+0000] {spark_submit.py:641} INFO - 25/02/06 00:55:31 WARN TaskSchedulerImpl: Initial job has not accepted any resources; check your cluster UI to ensure that workers are registered and have sufficient resources
[2025-02-06T00:55:31.751+0000] {spark_submit.py:641} INFO - 25/02/06 00:55:31 WARN TaskSchedulerImpl: Initial job has not accepted any resources; check your cluster UI to ensure that workers are registered and have sufficient resources
[2025-02-06T00:55:31.752+0000] {spark_submit.py:641} INFO - 25/02/06 00:55:31 WARN TaskSchedulerImpl: Initial job has not accepted any resources; check your cluster UI to ensure that workers are registered and have sufficient resources
[2025-02-06T00:55:31.752+0000] {spark_submit.py:641} INFO - 25/02/06 00:55:31 WARN TaskSchedulerImpl: Initial job has not accepted any resources; check your cluster UI to ensure that workers are registered and have sufficient resources
[2025-02-06T00:55:31.753+0000] {spark_submit.py:641} INFO - 25/02/06 00:55:31 WARN TaskSchedulerImpl: Initial job has not accepted any resources; check your cluster UI to ensure that workers are registered and have sufficient resources
[2025-02-06T00:55:31.754+0000] {spark_submit.py:641} INFO - 25/02/06 00:55:31 WARN TaskSchedulerImpl: Initial job has not accepted any resources; check your cluster UI to ensure that workers are registered and have sufficient resources
[2025-02-06T00:55:31.754+0000] {spark_submit.py:641} INFO - 25/02/06 00:55:31 WARN TaskSchedulerImpl: Initial job has not accepted any resources; check your cluster UI to ensure that workers are registered and have sufficient resources
[2025-02-06T00:55:31.755+0000] {spark_submit.py:641} INFO - 25/02/06 00:55:31 WARN TaskSchedulerImpl: Initial job has not accepted any resources; check your cluster UI to ensure that workers are registered and have sufficient resources
[2025-02-06T00:55:31.756+0000] {spark_submit.py:641} INFO - 25/02/06 00:55:31 WARN TaskSchedulerImpl: Initial job has not accepted any resources; check your cluster UI to ensure that workers are registered and have sufficient resources
[2025-02-06T00:55:31.756+0000] {spark_submit.py:641} INFO - 25/02/06 00:55:31 WARN TaskSchedulerImpl: Initial job has not accepted any resources; check your cluster UI to ensure that workers are registered and have sufficient resources
[2025-02-06T00:55:31.759+0000] {spark_submit.py:641} INFO - 25/02/06 00:55:31 WARN TaskSchedulerImpl: Initial job has not accepted any resources; check your cluster UI to ensure that workers are registered and have sufficient resources
[2025-02-06T00:55:31.759+0000] {spark_submit.py:641} INFO - 25/02/06 00:55:31 WARN TaskSchedulerImpl: Initial job has not accepted any resources; check your cluster UI to ensure that workers are registered and have sufficient resources
[2025-02-06T00:55:31.760+0000] {spark_submit.py:641} INFO - 25/02/06 00:55:31 WARN TaskSchedulerImpl: Initial job has not accepted any resources; check your cluster UI to ensure that workers are registered and have sufficient resources
[2025-02-06T00:55:31.761+0000] {spark_submit.py:641} INFO - 25/02/06 00:55:31 WARN TaskSchedulerImpl: Initial job has not accepted any resources; check your cluster UI to ensure that workers are registered and have sufficient resources
[2025-02-06T00:55:31.762+0000] {spark_submit.py:641} INFO - 25/02/06 00:55:31 WARN TaskSchedulerImpl: Initial job has not accepted any resources; check your cluster UI to ensure that workers are registered and have sufficient resources
[2025-02-06T00:55:31.763+0000] {spark_submit.py:641} INFO - 25/02/06 00:55:31 WARN TaskSchedulerImpl: Initial job has not accepted any resources; check your cluster UI to ensure that workers are registered and have sufficient resources
[2025-02-06T00:55:31.764+0000] {spark_submit.py:641} INFO - 25/02/06 00:55:31 WARN TaskSchedulerImpl: Initial job has not accepted any resources; check your cluster UI to ensure that workers are registered and have sufficient resources
[2025-02-06T00:55:31.765+0000] {spark_submit.py:641} INFO - 25/02/06 00:55:31 WARN TaskSchedulerImpl: Initial job has not accepted any resources; check your cluster UI to ensure that workers are registered and have sufficient resources
[2025-02-06T00:55:31.766+0000] {spark_submit.py:641} INFO - 25/02/06 00:55:31 WARN TaskSchedulerImpl: Initial job has not accepted any resources; check your cluster UI to ensure that workers are registered and have sufficient resources
[2025-02-06T00:55:31.767+0000] {spark_submit.py:641} INFO - 25/02/06 00:55:31 WARN TaskSchedulerImpl: Initial job has not accepted any resources; check your cluster UI to ensure that workers are registered and have sufficient resources
[2025-02-06T00:55:31.768+0000] {spark_submit.py:641} INFO - 25/02/06 00:55:31 WARN TaskSchedulerImpl: Initial job has not accepted any resources; check your cluster UI to ensure that workers are registered and have sufficient resources
[2025-02-06T00:55:31.769+0000] {spark_submit.py:641} INFO - 25/02/06 00:55:31 WARN TaskSchedulerImpl: Initial job has not accepted any resources; check your cluster UI to ensure that workers are registered and have sufficient resources
[2025-02-06T00:55:31.770+0000] {spark_submit.py:641} INFO - 25/02/06 00:55:31 WARN TaskSchedulerImpl: Initial job has not accepted any resources; check your cluster UI to ensure that workers are registered and have sufficient resources
[2025-02-06T00:55:31.771+0000] {spark_submit.py:641} INFO - 25/02/06 00:55:31 WARN TaskSchedulerImpl: Initial job has not accepted any resources; check your cluster UI to ensure that workers are registered and have sufficient resources
[2025-02-06T00:55:31.772+0000] {spark_submit.py:641} INFO - 25/02/06 00:55:31 WARN TaskSchedulerImpl: Initial job has not accepted any resources; check your cluster UI to ensure that workers are registered and have sufficient resources
[2025-02-06T00:55:31.772+0000] {spark_submit.py:641} INFO - 25/02/06 00:55:31 WARN TaskSchedulerImpl: Initial job has not accepted any resources; check your cluster UI to ensure that workers are registered and have sufficient resources
[2025-02-06T00:55:31.774+0000] {spark_submit.py:641} INFO - 25/02/06 00:55:31 WARN TaskSchedulerImpl: Initial job has not accepted any resources; check your cluster UI to ensure that workers are registered and have sufficient resources
[2025-02-06T00:55:31.775+0000] {spark_submit.py:641} INFO - 25/02/06 00:55:31 WARN TaskSchedulerImpl: Initial job has not accepted any resources; check your cluster UI to ensure that workers are registered and have sufficient resources
[2025-02-06T00:55:31.776+0000] {spark_submit.py:641} INFO - 25/02/06 00:55:31 WARN TaskSchedulerImpl: Initial job has not accepted any resources; check your cluster UI to ensure that workers are registered and have sufficient resources
[2025-02-06T00:55:31.777+0000] {spark_submit.py:641} INFO - 25/02/06 00:55:31 WARN TaskSchedulerImpl: Initial job has not accepted any resources; check your cluster UI to ensure that workers are registered and have sufficient resources
[2025-02-06T00:55:31.778+0000] {spark_submit.py:641} INFO - 25/02/06 00:55:31 WARN TaskSchedulerImpl: Initial job has not accepted any resources; check your cluster UI to ensure that workers are registered and have sufficient resources
[2025-02-06T00:55:31.778+0000] {spark_submit.py:641} INFO - 25/02/06 00:55:31 WARN TaskSchedulerImpl: Initial job has not accepted any resources; check your cluster UI to ensure that workers are registered and have sufficient resources
[2025-02-06T00:55:31.779+0000] {spark_submit.py:641} INFO - 25/02/06 00:55:31 WARN TaskSchedulerImpl: Initial job has not accepted any resources; check your cluster UI to ensure that workers are registered and have sufficient resources
[2025-02-06T00:55:31.779+0000] {spark_submit.py:641} INFO - 25/02/06 00:55:31 WARN TaskSchedulerImpl: Initial job has not accepted any resources; check your cluster UI to ensure that workers are registered and have sufficient resources
[2025-02-06T00:55:31.780+0000] {spark_submit.py:641} INFO - 25/02/06 00:55:31 WARN TaskSchedulerImpl: Initial job has not accepted any resources; check your cluster UI to ensure that workers are registered and have sufficient resources
[2025-02-06T00:55:31.781+0000] {spark_submit.py:641} INFO - 25/02/06 00:55:31 WARN TaskSchedulerImpl: Initial job has not accepted any resources; check your cluster UI to ensure that workers are registered and have sufficient resources
[2025-02-06T00:55:31.781+0000] {spark_submit.py:641} INFO - 25/02/06 00:55:31 WARN TaskSchedulerImpl: Initial job has not accepted any resources; check your cluster UI to ensure that workers are registered and have sufficient resources
[2025-02-06T00:55:31.782+0000] {spark_submit.py:641} INFO - 25/02/06 00:55:31 WARN TaskSchedulerImpl: Initial job has not accepted any resources; check your cluster UI to ensure that workers are registered and have sufficient resources
[2025-02-06T00:55:31.783+0000] {spark_submit.py:641} INFO - 25/02/06 00:55:31 WARN TaskSchedulerImpl: Initial job has not accepted any resources; check your cluster UI to ensure that workers are registered and have sufficient resources
[2025-02-06T00:55:31.784+0000] {spark_submit.py:641} INFO - 25/02/06 00:55:31 WARN TaskSchedulerImpl: Initial job has not accepted any resources; check your cluster UI to ensure that workers are registered and have sufficient resources
[2025-02-06T00:55:31.785+0000] {spark_submit.py:641} INFO - 25/02/06 00:55:31 WARN TaskSchedulerImpl: Initial job has not accepted any resources; check your cluster UI to ensure that workers are registered and have sufficient resources
[2025-02-06T00:55:31.785+0000] {spark_submit.py:641} INFO - 25/02/06 00:55:31 WARN TaskSchedulerImpl: Initial job has not accepted any resources; check your cluster UI to ensure that workers are registered and have sufficient resources
[2025-02-06T00:55:31.786+0000] {spark_submit.py:641} INFO - 25/02/06 00:55:31 WARN TaskSchedulerImpl: Initial job has not accepted any resources; check your cluster UI to ensure that workers are registered and have sufficient resources
[2025-02-06T00:55:31.787+0000] {spark_submit.py:641} INFO - 25/02/06 00:55:31 WARN TaskSchedulerImpl: Initial job has not accepted any resources; check your cluster UI to ensure that workers are registered and have sufficient resources
[2025-02-06T00:55:31.788+0000] {spark_submit.py:641} INFO - 25/02/06 00:55:31 WARN TaskSchedulerImpl: Initial job has not accepted any resources; check your cluster UI to ensure that workers are registered and have sufficient resources
[2025-02-06T00:55:31.788+0000] {spark_submit.py:641} INFO - 25/02/06 00:55:31 WARN TaskSchedulerImpl: Initial job has not accepted any resources; check your cluster UI to ensure that workers are registered and have sufficient resources
[2025-02-06T00:55:31.789+0000] {spark_submit.py:641} INFO - 25/02/06 00:55:31 WARN TaskSchedulerImpl: Initial job has not accepted any resources; check your cluster UI to ensure that workers are registered and have sufficient resources
[2025-02-06T00:55:31.789+0000] {spark_submit.py:641} INFO - 25/02/06 00:55:31 WARN TaskSchedulerImpl: Initial job has not accepted any resources; check your cluster UI to ensure that workers are registered and have sufficient resources
[2025-02-06T00:55:31.790+0000] {spark_submit.py:641} INFO - 25/02/06 00:55:31 WARN TaskSchedulerImpl: Initial job has not accepted any resources; check your cluster UI to ensure that workers are registered and have sufficient resources
[2025-02-06T00:55:31.791+0000] {spark_submit.py:641} INFO - 25/02/06 00:55:31 WARN TaskSchedulerImpl: Initial job has not accepted any resources; check your cluster UI to ensure that workers are registered and have sufficient resources
[2025-02-06T00:55:31.791+0000] {spark_submit.py:641} INFO - 25/02/06 00:55:31 WARN TaskSchedulerImpl: Initial job has not accepted any resources; check your cluster UI to ensure that workers are registered and have sufficient resources
[2025-02-06T00:55:31.792+0000] {spark_submit.py:641} INFO - 25/02/06 00:55:31 WARN TaskSchedulerImpl: Initial job has not accepted any resources; check your cluster UI to ensure that workers are registered and have sufficient resources
[2025-02-06T00:55:31.794+0000] {spark_submit.py:641} INFO - 25/02/06 00:55:31 WARN TaskSchedulerImpl: Initial job has not accepted any resources; check your cluster UI to ensure that workers are registered and have sufficient resources
[2025-02-06T00:55:31.794+0000] {spark_submit.py:641} INFO - 25/02/06 00:55:31 WARN TaskSchedulerImpl: Initial job has not accepted any resources; check your cluster UI to ensure that workers are registered and have sufficient resources
[2025-02-06T00:55:31.795+0000] {spark_submit.py:641} INFO - 25/02/06 00:55:31 WARN TaskSchedulerImpl: Initial job has not accepted any resources; check your cluster UI to ensure that workers are registered and have sufficient resources
[2025-02-06T00:55:31.796+0000] {spark_submit.py:641} INFO - 25/02/06 00:55:31 WARN TaskSchedulerImpl: Initial job has not accepted any resources; check your cluster UI to ensure that workers are registered and have sufficient resources
[2025-02-06T00:55:36.532+0000] {spark_submit.py:641} INFO - 25/02/06 00:55:36 WARN TaskSchedulerImpl: Initial job has not accepted any resources; check your cluster UI to ensure that workers are registered and have sufficient resources
[2025-02-06T00:55:51.542+0000] {spark_submit.py:641} INFO - 25/02/06 00:55:51 WARN TaskSchedulerImpl: Initial job has not accepted any resources; check your cluster UI to ensure that workers are registered and have sufficient resources
[2025-02-06T00:56:06.592+0000] {spark_submit.py:641} INFO - 25/02/06 00:56:06 WARN TaskSchedulerImpl: Initial job has not accepted any resources; check your cluster UI to ensure that workers are registered and have sufficient resources
[2025-02-06T00:56:21.548+0000] {spark_submit.py:641} INFO - 25/02/06 00:56:21 WARN TaskSchedulerImpl: Initial job has not accepted any resources; check your cluster UI to ensure that workers are registered and have sufficient resources
[2025-02-06T01:13:00.886+0000] {spark_submit.py:641} INFO - 25/02/06 01:13:00 WARN TaskSchedulerImpl: Initial job has not accepted any resources; check your cluster UI to ensure that workers are registered and have sufficient resources
[2025-02-06T01:13:00.955+0000] {spark_submit.py:641} INFO - 25/02/06 01:13:00 WARN TaskSchedulerImpl: Initial job has not accepted any resources; check your cluster UI to ensure that workers are registered and have sufficient resources
[2025-02-06T01:13:00.963+0000] {spark_submit.py:641} INFO - 25/02/06 01:13:00 WARN TaskSchedulerImpl: Initial job has not accepted any resources; check your cluster UI to ensure that workers are registered and have sufficient resources
[2025-02-06T01:13:00.965+0000] {spark_submit.py:641} INFO - 25/02/06 01:13:00 WARN TaskSchedulerImpl: Initial job has not accepted any resources; check your cluster UI to ensure that workers are registered and have sufficient resources
[2025-02-06T01:13:00.966+0000] {spark_submit.py:641} INFO - 25/02/06 01:13:00 WARN TaskSchedulerImpl: Initial job has not accepted any resources; check your cluster UI to ensure that workers are registered and have sufficient resources
[2025-02-06T01:13:01.004+0000] {spark_submit.py:641} INFO - 25/02/06 01:13:00 WARN TaskSchedulerImpl: Initial job has not accepted any resources; check your cluster UI to ensure that workers are registered and have sufficient resources
[2025-02-06T01:13:01.000+0000] {spark_submit.py:641} INFO - 25/02/06 01:13:00 WARN TaskSchedulerImpl: Initial job has not accepted any resources; check your cluster UI to ensure that workers are registered and have sufficient resources
[2025-02-06T01:13:01.002+0000] {spark_submit.py:641} INFO - 25/02/06 01:13:00 WARN TaskSchedulerImpl: Initial job has not accepted any resources; check your cluster UI to ensure that workers are registered and have sufficient resources
[2025-02-06T01:13:01.004+0000] {spark_submit.py:641} INFO - 25/02/06 01:13:00 WARN TaskSchedulerImpl: Initial job has not accepted any resources; check your cluster UI to ensure that workers are registered and have sufficient resources
[2025-02-06T01:13:01.015+0000] {spark_submit.py:641} INFO - 25/02/06 01:13:00 WARN TaskSchedulerImpl: Initial job has not accepted any resources; check your cluster UI to ensure that workers are registered and have sufficient resources
[2025-02-06T01:13:01.016+0000] {spark_submit.py:641} INFO - 25/02/06 01:13:00 WARN TaskSchedulerImpl: Initial job has not accepted any resources; check your cluster UI to ensure that workers are registered and have sufficient resources
[2025-02-06T01:13:01.018+0000] {spark_submit.py:641} INFO - 25/02/06 01:13:00 WARN TaskSchedulerImpl: Initial job has not accepted any resources; check your cluster UI to ensure that workers are registered and have sufficient resources
[2025-02-06T01:13:01.019+0000] {spark_submit.py:641} INFO - 25/02/06 01:13:00 WARN TaskSchedulerImpl: Initial job has not accepted any resources; check your cluster UI to ensure that workers are registered and have sufficient resources
[2025-02-06T01:13:01.023+0000] {spark_submit.py:641} INFO - 25/02/06 01:13:00 WARN TaskSchedulerImpl: Initial job has not accepted any resources; check your cluster UI to ensure that workers are registered and have sufficient resources
[2025-02-06T01:13:01.026+0000] {spark_submit.py:641} INFO - 25/02/06 01:13:00 WARN TaskSchedulerImpl: Initial job has not accepted any resources; check your cluster UI to ensure that workers are registered and have sufficient resources
[2025-02-06T01:13:01.035+0000] {spark_submit.py:641} INFO - 25/02/06 01:13:00 WARN TaskSchedulerImpl: Initial job has not accepted any resources; check your cluster UI to ensure that workers are registered and have sufficient resources
[2025-02-06T01:13:01.045+0000] {spark_submit.py:641} INFO - 25/02/06 01:13:00 WARN TaskSchedulerImpl: Initial job has not accepted any resources; check your cluster UI to ensure that workers are registered and have sufficient resources
[2025-02-06T01:13:01.047+0000] {spark_submit.py:641} INFO - 25/02/06 01:13:00 WARN TaskSchedulerImpl: Initial job has not accepted any resources; check your cluster UI to ensure that workers are registered and have sufficient resources
[2025-02-06T01:13:01.051+0000] {spark_submit.py:641} INFO - 25/02/06 01:13:00 WARN TaskSchedulerImpl: Initial job has not accepted any resources; check your cluster UI to ensure that workers are registered and have sufficient resources
[2025-02-06T01:13:01.052+0000] {spark_submit.py:641} INFO - 25/02/06 01:13:00 WARN TaskSchedulerImpl: Initial job has not accepted any resources; check your cluster UI to ensure that workers are registered and have sufficient resources
[2025-02-06T01:13:01.057+0000] {spark_submit.py:641} INFO - 25/02/06 01:13:00 WARN TaskSchedulerImpl: Initial job has not accepted any resources; check your cluster UI to ensure that workers are registered and have sufficient resources
[2025-02-06T01:13:01.058+0000] {spark_submit.py:641} INFO - 25/02/06 01:13:00 WARN TaskSchedulerImpl: Initial job has not accepted any resources; check your cluster UI to ensure that workers are registered and have sufficient resources
[2025-02-06T01:13:01.058+0000] {spark_submit.py:641} INFO - 25/02/06 01:13:00 WARN TaskSchedulerImpl: Initial job has not accepted any resources; check your cluster UI to ensure that workers are registered and have sufficient resources
[2025-02-06T01:13:01.076+0000] {spark_submit.py:641} INFO - 25/02/06 01:13:00 WARN TaskSchedulerImpl: Initial job has not accepted any resources; check your cluster UI to ensure that workers are registered and have sufficient resources
[2025-02-06T01:13:01.079+0000] {spark_submit.py:641} INFO - 25/02/06 01:13:00 WARN TaskSchedulerImpl: Initial job has not accepted any resources; check your cluster UI to ensure that workers are registered and have sufficient resources
[2025-02-06T01:13:01.082+0000] {spark_submit.py:641} INFO - 25/02/06 01:13:00 WARN TaskSchedulerImpl: Initial job has not accepted any resources; check your cluster UI to ensure that workers are registered and have sufficient resources
[2025-02-06T01:13:01.086+0000] {spark_submit.py:641} INFO - 25/02/06 01:13:00 WARN TaskSchedulerImpl: Initial job has not accepted any resources; check your cluster UI to ensure that workers are registered and have sufficient resources
[2025-02-06T01:13:01.093+0000] {spark_submit.py:641} INFO - 25/02/06 01:13:00 WARN TaskSchedulerImpl: Initial job has not accepted any resources; check your cluster UI to ensure that workers are registered and have sufficient resources
[2025-02-06T01:13:01.100+0000] {spark_submit.py:641} INFO - 25/02/06 01:13:00 WARN TaskSchedulerImpl: Initial job has not accepted any resources; check your cluster UI to ensure that workers are registered and have sufficient resources
[2025-02-06T01:13:01.103+0000] {spark_submit.py:641} INFO - 25/02/06 01:13:00 WARN TaskSchedulerImpl: Initial job has not accepted any resources; check your cluster UI to ensure that workers are registered and have sufficient resources
[2025-02-06T01:13:01.106+0000] {spark_submit.py:641} INFO - 25/02/06 01:13:00 WARN TaskSchedulerImpl: Initial job has not accepted any resources; check your cluster UI to ensure that workers are registered and have sufficient resources
[2025-02-06T01:13:01.107+0000] {spark_submit.py:641} INFO - 25/02/06 01:13:00 WARN TaskSchedulerImpl: Initial job has not accepted any resources; check your cluster UI to ensure that workers are registered and have sufficient resources
[2025-02-06T01:13:01.108+0000] {spark_submit.py:641} INFO - 25/02/06 01:13:00 WARN TaskSchedulerImpl: Initial job has not accepted any resources; check your cluster UI to ensure that workers are registered and have sufficient resources
[2025-02-06T01:13:01.110+0000] {spark_submit.py:641} INFO - 25/02/06 01:13:00 WARN TaskSchedulerImpl: Initial job has not accepted any resources; check your cluster UI to ensure that workers are registered and have sufficient resources
[2025-02-06T01:13:01.111+0000] {spark_submit.py:641} INFO - 25/02/06 01:13:00 WARN TaskSchedulerImpl: Initial job has not accepted any resources; check your cluster UI to ensure that workers are registered and have sufficient resources
[2025-02-06T01:13:01.113+0000] {spark_submit.py:641} INFO - 25/02/06 01:13:00 WARN TaskSchedulerImpl: Initial job has not accepted any resources; check your cluster UI to ensure that workers are registered and have sufficient resources
[2025-02-06T01:13:01.114+0000] {spark_submit.py:641} INFO - 25/02/06 01:13:00 WARN TaskSchedulerImpl: Initial job has not accepted any resources; check your cluster UI to ensure that workers are registered and have sufficient resources
[2025-02-06T01:13:01.116+0000] {spark_submit.py:641} INFO - 25/02/06 01:13:00 WARN TaskSchedulerImpl: Initial job has not accepted any resources; check your cluster UI to ensure that workers are registered and have sufficient resources
[2025-02-06T01:13:01.118+0000] {spark_submit.py:641} INFO - 25/02/06 01:13:00 WARN TaskSchedulerImpl: Initial job has not accepted any resources; check your cluster UI to ensure that workers are registered and have sufficient resources
[2025-02-06T01:13:01.120+0000] {spark_submit.py:641} INFO - 25/02/06 01:13:00 WARN TaskSchedulerImpl: Initial job has not accepted any resources; check your cluster UI to ensure that workers are registered and have sufficient resources
[2025-02-06T01:13:01.121+0000] {spark_submit.py:641} INFO - 25/02/06 01:13:00 WARN TaskSchedulerImpl: Initial job has not accepted any resources; check your cluster UI to ensure that workers are registered and have sufficient resources
[2025-02-06T01:13:01.125+0000] {spark_submit.py:641} INFO - 25/02/06 01:13:00 WARN TaskSchedulerImpl: Initial job has not accepted any resources; check your cluster UI to ensure that workers are registered and have sufficient resources
[2025-02-06T01:13:01.616+0000] {spark_submit.py:641} INFO - 25/02/06 01:13:00 WARN TaskSchedulerImpl: Initial job has not accepted any resources; check your cluster UI to ensure that workers are registered and have sufficient resources
[2025-02-06T01:13:01.621+0000] {spark_submit.py:641} INFO - 25/02/06 01:13:00 WARN TaskSchedulerImpl: Initial job has not accepted any resources; check your cluster UI to ensure that workers are registered and have sufficient resources
[2025-02-06T01:13:01.624+0000] {spark_submit.py:641} INFO - 25/02/06 01:13:00 WARN TaskSchedulerImpl: Initial job has not accepted any resources; check your cluster UI to ensure that workers are registered and have sufficient resources
[2025-02-06T01:13:01.632+0000] {spark_submit.py:641} INFO - 25/02/06 01:13:00 WARN TaskSchedulerImpl: Initial job has not accepted any resources; check your cluster UI to ensure that workers are registered and have sufficient resources
[2025-02-06T01:13:01.633+0000] {spark_submit.py:641} INFO - 25/02/06 01:13:00 WARN TaskSchedulerImpl: Initial job has not accepted any resources; check your cluster UI to ensure that workers are registered and have sufficient resources
[2025-02-06T01:13:01.635+0000] {spark_submit.py:641} INFO - 25/02/06 01:13:00 WARN TaskSchedulerImpl: Initial job has not accepted any resources; check your cluster UI to ensure that workers are registered and have sufficient resources
[2025-02-06T01:13:01.637+0000] {spark_submit.py:641} INFO - 25/02/06 01:13:00 WARN TaskSchedulerImpl: Initial job has not accepted any resources; check your cluster UI to ensure that workers are registered and have sufficient resources
[2025-02-06T01:13:01.639+0000] {spark_submit.py:641} INFO - 25/02/06 01:13:00 WARN TaskSchedulerImpl: Initial job has not accepted any resources; check your cluster UI to ensure that workers are registered and have sufficient resources
[2025-02-06T01:13:01.641+0000] {job.py:229} INFO - Heartbeat recovered after 1001.67 seconds
[2025-02-06T01:13:01.640+0000] {spark_submit.py:641} INFO - 25/02/06 01:13:00 WARN TaskSchedulerImpl: Initial job has not accepted any resources; check your cluster UI to ensure that workers are registered and have sufficient resources
[2025-02-06T01:13:01.645+0000] {spark_submit.py:641} INFO - 25/02/06 01:13:00 WARN TaskSchedulerImpl: Initial job has not accepted any resources; check your cluster UI to ensure that workers are registered and have sufficient resources
[2025-02-06T01:13:01.647+0000] {spark_submit.py:641} INFO - 25/02/06 01:13:00 WARN TaskSchedulerImpl: Initial job has not accepted any resources; check your cluster UI to ensure that workers are registered and have sufficient resources
[2025-02-06T01:13:01.649+0000] {spark_submit.py:641} INFO - 25/02/06 01:13:00 WARN TaskSchedulerImpl: Initial job has not accepted any resources; check your cluster UI to ensure that workers are registered and have sufficient resources
[2025-02-06T01:13:01.650+0000] {spark_submit.py:641} INFO - 25/02/06 01:13:00 WARN TaskSchedulerImpl: Initial job has not accepted any resources; check your cluster UI to ensure that workers are registered and have sufficient resources
[2025-02-06T01:13:01.653+0000] {spark_submit.py:641} INFO - 25/02/06 01:13:00 WARN TaskSchedulerImpl: Initial job has not accepted any resources; check your cluster UI to ensure that workers are registered and have sufficient resources
[2025-02-06T01:13:01.653+0000] {spark_submit.py:641} INFO - 25/02/06 01:13:00 WARN TaskSchedulerImpl: Initial job has not accepted any resources; check your cluster UI to ensure that workers are registered and have sufficient resources
[2025-02-06T01:13:01.654+0000] {spark_submit.py:641} INFO - 25/02/06 01:13:00 WARN TaskSchedulerImpl: Initial job has not accepted any resources; check your cluster UI to ensure that workers are registered and have sufficient resources
[2025-02-06T01:13:01.656+0000] {spark_submit.py:641} INFO - 25/02/06 01:13:00 WARN TaskSchedulerImpl: Initial job has not accepted any resources; check your cluster UI to ensure that workers are registered and have sufficient resources
[2025-02-06T01:13:01.657+0000] {spark_submit.py:641} INFO - 25/02/06 01:13:00 WARN TaskSchedulerImpl: Initial job has not accepted any resources; check your cluster UI to ensure that workers are registered and have sufficient resources
[2025-02-06T01:13:01.657+0000] {spark_submit.py:641} INFO - 25/02/06 01:13:00 WARN TaskSchedulerImpl: Initial job has not accepted any resources; check your cluster UI to ensure that workers are registered and have sufficient resources
[2025-02-06T01:13:01.658+0000] {spark_submit.py:641} INFO - 25/02/06 01:13:00 WARN TaskSchedulerImpl: Initial job has not accepted any resources; check your cluster UI to ensure that workers are registered and have sufficient resources
[2025-02-06T01:13:01.659+0000] {spark_submit.py:641} INFO - 25/02/06 01:13:00 WARN TaskSchedulerImpl: Initial job has not accepted any resources; check your cluster UI to ensure that workers are registered and have sufficient resources
[2025-02-06T01:13:01.660+0000] {spark_submit.py:641} INFO - 25/02/06 01:13:00 WARN TaskSchedulerImpl: Initial job has not accepted any resources; check your cluster UI to ensure that workers are registered and have sufficient resources
[2025-02-06T01:13:01.661+0000] {spark_submit.py:641} INFO - 25/02/06 01:13:00 WARN TaskSchedulerImpl: Initial job has not accepted any resources; check your cluster UI to ensure that workers are registered and have sufficient resources
[2025-02-06T01:13:01.662+0000] {spark_submit.py:641} INFO - 25/02/06 01:13:00 WARN TaskSchedulerImpl: Initial job has not accepted any resources; check your cluster UI to ensure that workers are registered and have sufficient resources
[2025-02-06T01:13:06.532+0000] {spark_submit.py:641} INFO - 25/02/06 01:13:06 WARN TaskSchedulerImpl: Initial job has not accepted any resources; check your cluster UI to ensure that workers are registered and have sufficient resources
[2025-02-06T01:13:21.547+0000] {spark_submit.py:641} INFO - 25/02/06 01:13:21 WARN TaskSchedulerImpl: Initial job has not accepted any resources; check your cluster UI to ensure that workers are registered and have sufficient resources
[2025-02-06T01:13:36.542+0000] {spark_submit.py:641} INFO - 25/02/06 01:13:36 WARN TaskSchedulerImpl: Initial job has not accepted any resources; check your cluster UI to ensure that workers are registered and have sufficient resources
[2025-02-06T01:13:51.548+0000] {spark_submit.py:641} INFO - 25/02/06 01:13:51 WARN TaskSchedulerImpl: Initial job has not accepted any resources; check your cluster UI to ensure that workers are registered and have sufficient resources
[2025-02-06T01:28:08.054+0000] {spark_submit.py:641} INFO - 25/02/06 01:28:08 WARN TaskSchedulerImpl: Initial job has not accepted any resources; check your cluster UI to ensure that workers are registered and have sufficient resources
[2025-02-06T01:28:08.066+0000] {spark_submit.py:641} INFO - 25/02/06 01:28:08 WARN TaskSchedulerImpl: Initial job has not accepted any resources; check your cluster UI to ensure that workers are registered and have sufficient resources
[2025-02-06T01:28:08.069+0000] {spark_submit.py:641} INFO - 25/02/06 01:28:08 WARN TaskSchedulerImpl: Initial job has not accepted any resources; check your cluster UI to ensure that workers are registered and have sufficient resources
[2025-02-06T01:28:08.072+0000] {spark_submit.py:641} INFO - 25/02/06 01:28:08 WARN TaskSchedulerImpl: Initial job has not accepted any resources; check your cluster UI to ensure that workers are registered and have sufficient resources
[2025-02-06T01:28:08.108+0000] {spark_submit.py:641} INFO - 25/02/06 01:28:08 WARN TaskSchedulerImpl: Initial job has not accepted any resources; check your cluster UI to ensure that workers are registered and have sufficient resources
[2025-02-06T01:28:08.111+0000] {spark_submit.py:641} INFO - 25/02/06 01:28:08 WARN TaskSchedulerImpl: Initial job has not accepted any resources; check your cluster UI to ensure that workers are registered and have sufficient resources
[2025-02-06T01:28:08.114+0000] {spark_submit.py:641} INFO - 25/02/06 01:28:08 WARN TaskSchedulerImpl: Initial job has not accepted any resources; check your cluster UI to ensure that workers are registered and have sufficient resources
[2025-02-06T01:28:08.116+0000] {spark_submit.py:641} INFO - 25/02/06 01:28:08 WARN TaskSchedulerImpl: Initial job has not accepted any resources; check your cluster UI to ensure that workers are registered and have sufficient resources
[2025-02-06T01:28:08.121+0000] {spark_submit.py:641} INFO - 25/02/06 01:28:08 WARN TaskSchedulerImpl: Initial job has not accepted any resources; check your cluster UI to ensure that workers are registered and have sufficient resources
[2025-02-06T01:28:08.549+0000] {spark_submit.py:641} INFO - 25/02/06 01:28:08 WARN TaskSchedulerImpl: Initial job has not accepted any resources; check your cluster UI to ensure that workers are registered and have sufficient resources
[2025-02-06T01:28:08.550+0000] {spark_submit.py:641} INFO - 25/02/06 01:28:08 WARN TaskSchedulerImpl: Initial job has not accepted any resources; check your cluster UI to ensure that workers are registered and have sufficient resources
[2025-02-06T01:28:08.551+0000] {spark_submit.py:641} INFO - 25/02/06 01:28:08 WARN TaskSchedulerImpl: Initial job has not accepted any resources; check your cluster UI to ensure that workers are registered and have sufficient resources
[2025-02-06T01:28:08.552+0000] {spark_submit.py:641} INFO - 25/02/06 01:28:08 WARN TaskSchedulerImpl: Initial job has not accepted any resources; check your cluster UI to ensure that workers are registered and have sufficient resources
[2025-02-06T01:28:08.553+0000] {spark_submit.py:641} INFO - 25/02/06 01:28:08 WARN TaskSchedulerImpl: Initial job has not accepted any resources; check your cluster UI to ensure that workers are registered and have sufficient resources
[2025-02-06T01:28:08.555+0000] {spark_submit.py:641} INFO - 25/02/06 01:28:08 WARN TaskSchedulerImpl: Initial job has not accepted any resources; check your cluster UI to ensure that workers are registered and have sufficient resources
[2025-02-06T01:28:08.556+0000] {spark_submit.py:641} INFO - 25/02/06 01:28:08 WARN TaskSchedulerImpl: Initial job has not accepted any resources; check your cluster UI to ensure that workers are registered and have sufficient resources
[2025-02-06T01:28:08.557+0000] {spark_submit.py:641} INFO - 25/02/06 01:28:08 WARN TaskSchedulerImpl: Initial job has not accepted any resources; check your cluster UI to ensure that workers are registered and have sufficient resources
[2025-02-06T01:28:08.559+0000] {spark_submit.py:641} INFO - 25/02/06 01:28:08 WARN TaskSchedulerImpl: Initial job has not accepted any resources; check your cluster UI to ensure that workers are registered and have sufficient resources
[2025-02-06T01:28:08.560+0000] {spark_submit.py:641} INFO - 25/02/06 01:28:08 WARN TaskSchedulerImpl: Initial job has not accepted any resources; check your cluster UI to ensure that workers are registered and have sufficient resources
[2025-02-06T01:28:08.561+0000] {spark_submit.py:641} INFO - 25/02/06 01:28:08 WARN TaskSchedulerImpl: Initial job has not accepted any resources; check your cluster UI to ensure that workers are registered and have sufficient resources
[2025-02-06T01:28:08.562+0000] {spark_submit.py:641} INFO - 25/02/06 01:28:08 WARN TaskSchedulerImpl: Initial job has not accepted any resources; check your cluster UI to ensure that workers are registered and have sufficient resources
[2025-02-06T01:28:08.563+0000] {spark_submit.py:641} INFO - 25/02/06 01:28:08 WARN TaskSchedulerImpl: Initial job has not accepted any resources; check your cluster UI to ensure that workers are registered and have sufficient resources
[2025-02-06T01:28:08.563+0000] {job.py:229} INFO - Heartbeat recovered after 853.19 seconds
[2025-02-06T01:28:08.564+0000] {spark_submit.py:641} INFO - 25/02/06 01:28:08 WARN TaskSchedulerImpl: Initial job has not accepted any resources; check your cluster UI to ensure that workers are registered and have sufficient resources
[2025-02-06T01:28:08.564+0000] {spark_submit.py:641} INFO - 25/02/06 01:28:08 WARN TaskSchedulerImpl: Initial job has not accepted any resources; check your cluster UI to ensure that workers are registered and have sufficient resources
[2025-02-06T01:28:08.565+0000] {spark_submit.py:641} INFO - 25/02/06 01:28:08 WARN TaskSchedulerImpl: Initial job has not accepted any resources; check your cluster UI to ensure that workers are registered and have sufficient resources
[2025-02-06T01:28:08.567+0000] {spark_submit.py:641} INFO - 25/02/06 01:28:08 WARN TaskSchedulerImpl: Initial job has not accepted any resources; check your cluster UI to ensure that workers are registered and have sufficient resources
[2025-02-06T01:28:08.568+0000] {spark_submit.py:641} INFO - 25/02/06 01:28:08 WARN TaskSchedulerImpl: Initial job has not accepted any resources; check your cluster UI to ensure that workers are registered and have sufficient resources
[2025-02-06T01:28:08.569+0000] {spark_submit.py:641} INFO - 25/02/06 01:28:08 WARN TaskSchedulerImpl: Initial job has not accepted any resources; check your cluster UI to ensure that workers are registered and have sufficient resources
[2025-02-06T01:28:08.570+0000] {spark_submit.py:641} INFO - 25/02/06 01:28:08 WARN TaskSchedulerImpl: Initial job has not accepted any resources; check your cluster UI to ensure that workers are registered and have sufficient resources
[2025-02-06T01:28:08.572+0000] {spark_submit.py:641} INFO - 25/02/06 01:28:08 WARN TaskSchedulerImpl: Initial job has not accepted any resources; check your cluster UI to ensure that workers are registered and have sufficient resources
[2025-02-06T01:28:08.580+0000] {spark_submit.py:641} INFO - 25/02/06 01:28:08 WARN TaskSchedulerImpl: Initial job has not accepted any resources; check your cluster UI to ensure that workers are registered and have sufficient resources
[2025-02-06T01:28:08.580+0000] {spark_submit.py:641} INFO - 25/02/06 01:28:08 WARN TaskSchedulerImpl: Initial job has not accepted any resources; check your cluster UI to ensure that workers are registered and have sufficient resources
[2025-02-06T01:28:08.581+0000] {spark_submit.py:641} INFO - 25/02/06 01:28:08 WARN TaskSchedulerImpl: Initial job has not accepted any resources; check your cluster UI to ensure that workers are registered and have sufficient resources
[2025-02-06T01:28:08.583+0000] {spark_submit.py:641} INFO - 25/02/06 01:28:08 WARN TaskSchedulerImpl: Initial job has not accepted any resources; check your cluster UI to ensure that workers are registered and have sufficient resources
[2025-02-06T01:28:08.584+0000] {spark_submit.py:641} INFO - 25/02/06 01:28:08 WARN TaskSchedulerImpl: Initial job has not accepted any resources; check your cluster UI to ensure that workers are registered and have sufficient resources
[2025-02-06T01:28:08.585+0000] {spark_submit.py:641} INFO - 25/02/06 01:28:08 WARN TaskSchedulerImpl: Initial job has not accepted any resources; check your cluster UI to ensure that workers are registered and have sufficient resources
[2025-02-06T01:28:08.586+0000] {spark_submit.py:641} INFO - 25/02/06 01:28:08 WARN TaskSchedulerImpl: Initial job has not accepted any resources; check your cluster UI to ensure that workers are registered and have sufficient resources
[2025-02-06T01:28:08.587+0000] {spark_submit.py:641} INFO - 25/02/06 01:28:08 WARN TaskSchedulerImpl: Initial job has not accepted any resources; check your cluster UI to ensure that workers are registered and have sufficient resources
[2025-02-06T01:28:08.588+0000] {spark_submit.py:641} INFO - 25/02/06 01:28:08 WARN TaskSchedulerImpl: Initial job has not accepted any resources; check your cluster UI to ensure that workers are registered and have sufficient resources
[2025-02-06T01:28:08.589+0000] {spark_submit.py:641} INFO - 25/02/06 01:28:08 WARN TaskSchedulerImpl: Initial job has not accepted any resources; check your cluster UI to ensure that workers are registered and have sufficient resources
[2025-02-06T01:28:08.591+0000] {spark_submit.py:641} INFO - 25/02/06 01:28:08 WARN TaskSchedulerImpl: Initial job has not accepted any resources; check your cluster UI to ensure that workers are registered and have sufficient resources
[2025-02-06T01:28:08.593+0000] {spark_submit.py:641} INFO - 25/02/06 01:28:08 WARN TaskSchedulerImpl: Initial job has not accepted any resources; check your cluster UI to ensure that workers are registered and have sufficient resources
[2025-02-06T01:28:08.594+0000] {spark_submit.py:641} INFO - 25/02/06 01:28:08 WARN TaskSchedulerImpl: Initial job has not accepted any resources; check your cluster UI to ensure that workers are registered and have sufficient resources
[2025-02-06T01:28:08.597+0000] {spark_submit.py:641} INFO - 25/02/06 01:28:08 WARN TaskSchedulerImpl: Initial job has not accepted any resources; check your cluster UI to ensure that workers are registered and have sufficient resources
[2025-02-06T01:28:08.598+0000] {spark_submit.py:641} INFO - 25/02/06 01:28:08 WARN TaskSchedulerImpl: Initial job has not accepted any resources; check your cluster UI to ensure that workers are registered and have sufficient resources
[2025-02-06T01:28:08.599+0000] {spark_submit.py:641} INFO - 25/02/06 01:28:08 WARN TaskSchedulerImpl: Initial job has not accepted any resources; check your cluster UI to ensure that workers are registered and have sufficient resources
[2025-02-06T01:28:08.599+0000] {spark_submit.py:641} INFO - 25/02/06 01:28:08 WARN TaskSchedulerImpl: Initial job has not accepted any resources; check your cluster UI to ensure that workers are registered and have sufficient resources
[2025-02-06T01:28:08.600+0000] {spark_submit.py:641} INFO - 25/02/06 01:28:08 WARN TaskSchedulerImpl: Initial job has not accepted any resources; check your cluster UI to ensure that workers are registered and have sufficient resources
[2025-02-06T01:28:08.601+0000] {spark_submit.py:641} INFO - 25/02/06 01:28:08 WARN TaskSchedulerImpl: Initial job has not accepted any resources; check your cluster UI to ensure that workers are registered and have sufficient resources
[2025-02-06T01:28:08.602+0000] {spark_submit.py:641} INFO - 25/02/06 01:28:08 WARN TaskSchedulerImpl: Initial job has not accepted any resources; check your cluster UI to ensure that workers are registered and have sufficient resources
[2025-02-06T01:28:08.602+0000] {spark_submit.py:641} INFO - 25/02/06 01:28:08 WARN TaskSchedulerImpl: Initial job has not accepted any resources; check your cluster UI to ensure that workers are registered and have sufficient resources
[2025-02-06T01:28:08.603+0000] {spark_submit.py:641} INFO - 25/02/06 01:28:08 WARN TaskSchedulerImpl: Initial job has not accepted any resources; check your cluster UI to ensure that workers are registered and have sufficient resources
[2025-02-06T01:28:08.604+0000] {spark_submit.py:641} INFO - 25/02/06 01:28:08 WARN TaskSchedulerImpl: Initial job has not accepted any resources; check your cluster UI to ensure that workers are registered and have sufficient resources
[2025-02-06T01:28:08.604+0000] {spark_submit.py:641} INFO - 25/02/06 01:28:08 WARN TaskSchedulerImpl: Initial job has not accepted any resources; check your cluster UI to ensure that workers are registered and have sufficient resources
[2025-02-06T01:28:08.605+0000] {spark_submit.py:641} INFO - 25/02/06 01:28:08 WARN TaskSchedulerImpl: Initial job has not accepted any resources; check your cluster UI to ensure that workers are registered and have sufficient resources
[2025-02-06T01:28:08.606+0000] {spark_submit.py:641} INFO - 25/02/06 01:28:08 WARN TaskSchedulerImpl: Initial job has not accepted any resources; check your cluster UI to ensure that workers are registered and have sufficient resources
[2025-02-06T01:28:08.607+0000] {spark_submit.py:641} INFO - 25/02/06 01:28:08 WARN TaskSchedulerImpl: Initial job has not accepted any resources; check your cluster UI to ensure that workers are registered and have sufficient resources
[2025-02-06T01:28:21.553+0000] {spark_submit.py:641} INFO - 25/02/06 01:28:21 WARN TaskSchedulerImpl: Initial job has not accepted any resources; check your cluster UI to ensure that workers are registered and have sufficient resources
[2025-02-06T01:28:36.541+0000] {spark_submit.py:641} INFO - 25/02/06 01:28:36 WARN TaskSchedulerImpl: Initial job has not accepted any resources; check your cluster UI to ensure that workers are registered and have sufficient resources
[2025-02-06T01:28:51.549+0000] {spark_submit.py:641} INFO - 25/02/06 01:28:51 WARN TaskSchedulerImpl: Initial job has not accepted any resources; check your cluster UI to ensure that workers are registered and have sufficient resources
[2025-02-06T01:29:06.535+0000] {spark_submit.py:641} INFO - 25/02/06 01:29:06 WARN TaskSchedulerImpl: Initial job has not accepted any resources; check your cluster UI to ensure that workers are registered and have sufficient resources
[2025-02-06T01:45:02.804+0000] {spark_submit.py:641} INFO - 25/02/06 01:45:02 WARN TaskSchedulerImpl: Initial job has not accepted any resources; check your cluster UI to ensure that workers are registered and have sufficient resources
[2025-02-06T01:45:02.869+0000] {spark_submit.py:641} INFO - 25/02/06 01:45:02 WARN TaskSchedulerImpl: Initial job has not accepted any resources; check your cluster UI to ensure that workers are registered and have sufficient resources
[2025-02-06T01:45:02.909+0000] {job.py:229} INFO - Heartbeat recovered after 959.92 seconds
[2025-02-06T01:45:02.905+0000] {spark_submit.py:641} INFO - 25/02/06 01:45:02 WARN TaskSchedulerImpl: Initial job has not accepted any resources; check your cluster UI to ensure that workers are registered and have sufficient resources
[2025-02-06T01:45:02.912+0000] {spark_submit.py:641} INFO - 25/02/06 01:45:02 WARN TaskSchedulerImpl: Initial job has not accepted any resources; check your cluster UI to ensure that workers are registered and have sufficient resources
[2025-02-06T01:45:02.913+0000] {spark_submit.py:641} INFO - 25/02/06 01:45:02 WARN TaskSchedulerImpl: Initial job has not accepted any resources; check your cluster UI to ensure that workers are registered and have sufficient resources
[2025-02-06T01:45:02.960+0000] {spark_submit.py:641} INFO - 25/02/06 01:45:02 WARN TaskSchedulerImpl: Initial job has not accepted any resources; check your cluster UI to ensure that workers are registered and have sufficient resources
[2025-02-06T01:45:02.962+0000] {spark_submit.py:641} INFO - 25/02/06 01:45:02 WARN TaskSchedulerImpl: Initial job has not accepted any resources; check your cluster UI to ensure that workers are registered and have sufficient resources
[2025-02-06T01:45:02.964+0000] {spark_submit.py:641} INFO - 25/02/06 01:45:02 WARN TaskSchedulerImpl: Initial job has not accepted any resources; check your cluster UI to ensure that workers are registered and have sufficient resources
[2025-02-06T01:45:02.965+0000] {spark_submit.py:641} INFO - 25/02/06 01:45:02 WARN TaskSchedulerImpl: Initial job has not accepted any resources; check your cluster UI to ensure that workers are registered and have sufficient resources
[2025-02-06T01:45:02.966+0000] {spark_submit.py:641} INFO - 25/02/06 01:45:02 WARN TaskSchedulerImpl: Initial job has not accepted any resources; check your cluster UI to ensure that workers are registered and have sufficient resources
[2025-02-06T01:45:02.971+0000] {spark_submit.py:641} INFO - 25/02/06 01:45:02 WARN TaskSchedulerImpl: Initial job has not accepted any resources; check your cluster UI to ensure that workers are registered and have sufficient resources
[2025-02-06T01:45:02.971+0000] {local_task_job_runner.py:228} ERROR - Heartbeat time limit exceeded!
[2025-02-06T01:45:02.973+0000] {local_task_job_runner.py:245} INFO - ::endgroup::
[2025-02-06T01:45:02.972+0000] {spark_submit.py:641} INFO - 25/02/06 01:45:02 WARN TaskSchedulerImpl: Initial job has not accepted any resources; check your cluster UI to ensure that workers are registered and have sufficient resources
[2025-02-06T01:45:02.980+0000] {spark_submit.py:641} INFO - 25/02/06 01:45:02 WARN TaskSchedulerImpl: Initial job has not accepted any resources; check your cluster UI to ensure that workers are registered and have sufficient resources
[2025-02-06T01:45:02.991+0000] {spark_submit.py:641} INFO - 25/02/06 01:45:02 WARN TaskSchedulerImpl: Initial job has not accepted any resources; check your cluster UI to ensure that workers are registered and have sufficient resources
[2025-02-06T01:45:02.979+0000] {process_utils.py:132} INFO - Sending 15 to group 1599. PIDs of all processes in the group: [1602, 1656, 1599]
[2025-02-06T01:45:02.993+0000] {spark_submit.py:641} INFO - 25/02/06 01:45:02 WARN TaskSchedulerImpl: Initial job has not accepted any resources; check your cluster UI to ensure that workers are registered and have sufficient resources
[2025-02-06T01:45:03.000+0000] {spark_submit.py:641} INFO - 25/02/06 01:45:02 WARN TaskSchedulerImpl: Initial job has not accepted any resources; check your cluster UI to ensure that workers are registered and have sufficient resources
[2025-02-06T01:45:03.002+0000] {spark_submit.py:641} INFO - 25/02/06 01:45:02 WARN TaskSchedulerImpl: Initial job has not accepted any resources; check your cluster UI to ensure that workers are registered and have sufficient resources
[2025-02-06T01:45:02.999+0000] {process_utils.py:87} INFO - Sending the signal 15 to group 1599
[2025-02-06T01:45:03.003+0000] {spark_submit.py:641} INFO - 25/02/06 01:45:02 WARN TaskSchedulerImpl: Initial job has not accepted any resources; check your cluster UI to ensure that workers are registered and have sufficient resources
[2025-02-06T01:45:03.710+0000] {process_utils.py:80} INFO - Process psutil.Process(pid=1656, status='terminated', started='00:19:45') (1656) terminated with exit code None
[2025-02-06T01:46:03.091+0000] {process_utils.py:150} WARNING - process psutil.Process(pid=1602, name='java', status='zombie', started='00:19:43') did not respond to SIGTERM. Trying SIGKILL
[2025-02-06T01:46:03.177+0000] {process_utils.py:150} WARNING - process psutil.Process(pid=1599, name='airflow task runner: Temp_elt_postgres transform_weather_data scheduled__2025-02-05T00:00:00+00:00 181', status='running', started='00:04:16') did not respond to SIGTERM. Trying SIGKILL
[2025-02-06T01:46:03.214+0000] {process_utils.py:87} INFO - Sending the signal 9 to group 1599
[2025-02-06T01:46:04.953+0000] {process_utils.py:80} INFO - Process psutil.Process(pid=1599, name='airflow task runner: Temp_elt_postgres transform_weather_data scheduled__2025-02-05T00:00:00+00:00 181', status='terminated', exitcode=<Negsignal.SIGKILL: -9>, started='00:04:16') (1599) terminated with exit code -9
[2025-02-06T01:46:05.182+0000] {process_utils.py:80} INFO - Process psutil.Process(pid=1602, name='java', status='terminated', started='00:19:43') (1602) terminated with exit code None
[2025-02-06T01:46:05.326+0000] {standard_task_runner.py:190} ERROR - ('Job 181 was killed before it finished (likely due to running out of memory)', 'For more information, see https://airflow.apache.org/docs/apache-airflow/stable/troubleshooting.html#LocalTaskJob-killed')
