[2025-02-06T15:35:22.945+0000] {local_task_job_runner.py:123} INFO - ::group::Pre task execution logs
[2025-02-06T15:35:22.959+0000] {taskinstance.py:2613} INFO - Dependencies all met for dep_context=non-requeueable deps ti=<TaskInstance: Temp_elt_postgres.extract_weather_data manual__2025-02-06T15:35:03.334350+00:00 [queued]>
[2025-02-06T15:35:22.968+0000] {taskinstance.py:2613} INFO - Dependencies all met for dep_context=requeueable deps ti=<TaskInstance: Temp_elt_postgres.extract_weather_data manual__2025-02-06T15:35:03.334350+00:00 [queued]>
[2025-02-06T15:35:22.968+0000] {taskinstance.py:2866} INFO - Starting attempt 1 of 2
[2025-02-06T15:35:22.994+0000] {taskinstance.py:2889} INFO - Executing <Task(PythonOperator): extract_weather_data> on 2025-02-06 15:35:03.334350+00:00
[2025-02-06T15:35:23.002+0000] {standard_task_runner.py:104} INFO - Running: ['airflow', 'tasks', 'run', 'Temp_elt_postgres', 'extract_weather_data', 'manual__2025-02-06T15:35:03.334350+00:00', '--job-id', '197', '--raw', '--subdir', 'DAGS_FOLDER/weather_etl_postgres.py', '--cfg-path', '/tmp/tmpjv2yotg3']
[2025-02-06T15:35:23.005+0000] {standard_task_runner.py:105} INFO - Job 197: Subtask extract_weather_data
[2025-02-06T15:35:23.006+0000] {logging_mixin.py:190} WARNING - /home/airflow/.local/lib/python3.12/site-packages/airflow/task/task_runner/standard_task_runner.py:70 DeprecationWarning: This process (pid=261) is multi-threaded, use of fork() may lead to deadlocks in the child.
[2025-02-06T15:35:23.007+0000] {standard_task_runner.py:72} INFO - Started process 271 to run task
[2025-02-06T15:35:23.067+0000] {task_command.py:467} INFO - Running <TaskInstance: Temp_elt_postgres.extract_weather_data manual__2025-02-06T15:35:03.334350+00:00 [running]> on host cae19e2a3edb
[2025-02-06T15:35:23.259+0000] {taskinstance.py:3132} INFO - Exporting env vars: AIRFLOW_CTX_DAG_OWNER='airflow' AIRFLOW_CTX_DAG_ID='Temp_elt_postgres' AIRFLOW_CTX_TASK_ID='extract_weather_data' AIRFLOW_CTX_EXECUTION_DATE='2025-02-06T15:35:03.334350+00:00' AIRFLOW_CTX_TRY_NUMBER='1' AIRFLOW_CTX_DAG_RUN_ID='manual__2025-02-06T15:35:03.334350+00:00'
[2025-02-06T15:35:23.260+0000] {taskinstance.py:731} INFO - ::endgroup::
[2025-02-06T15:35:24.984+0000] {logging_mixin.py:190} INFO - {'location': {'name': 'Gwagwaldda', 'region': 'Federal Capital Territory', 'country': 'Nigeria', 'lat': 8.9414, 'lon': 7.0919, 'tz_id': 'Africa/Lagos', 'localtime_epoch': 1738855820, 'localtime': '2025-02-06 16:30'}, 'current': {'last_updated_epoch': 1738855800, 'last_updated': '2025-02-06 16:30', 'temp_c': 37.3, 'temp_f': 99.1, 'is_day': 1, 'condition': {'text': 'Sunny', 'icon': '//cdn.weatherapi.com/weather/64x64/day/113.png', 'code': 1000}, 'wind_mph': 3.1, 'wind_kph': 5.0, 'wind_degree': 210, 'wind_dir': 'SSW', 'pressure_mb': 1006.0, 'pressure_in': 29.71, 'precip_mm': 0.0, 'precip_in': 0.0, 'humidity': 21, 'cloud': 0, 'feelslike_c': 36.1, 'feelslike_f': 97.0, 'windchill_c': 37.8, 'windchill_f': 100.1, 'heatindex_c': 36.8, 'heatindex_f': 98.3, 'dewpoint_c': 1.6, 'dewpoint_f': 34.9, 'vis_km': 8.0, 'vis_miles': 4.0, 'uv': 2.2, 'gust_mph': 3.6, 'gust_kph': 5.8}}
[2025-02-06T15:35:25.056+0000] {logging_mixin.py:190} INFO -   location.name            location.region  ... current.gust_mph  current.gust_kph
0    Gwagwaldda  Federal Capital Territory  ...              3.6               5.8

[1 rows x 39 columns]
[2025-02-06T15:35:25.341+0000] {logging_mixin.py:190} INFO - Raw data saved partitioned by date.
[2025-02-06T15:35:25.343+0000] {python.py:240} INFO - Done. Returned value was: None
[2025-02-06T15:35:25.354+0000] {taskinstance.py:340} INFO - ::group::Post task execution logs
[2025-02-06T15:35:25.355+0000] {taskinstance.py:352} INFO - Marking task as SUCCESS. dag_id=Temp_elt_postgres, task_id=extract_weather_data, run_id=manual__2025-02-06T15:35:03.334350+00:00, execution_date=20250206T153503, start_date=20250206T153522, end_date=20250206T153525
[2025-02-06T15:35:25.412+0000] {local_task_job_runner.py:266} INFO - Task exited with return code 0
[2025-02-06T15:35:25.440+0000] {taskinstance.py:3895} INFO - 0 downstream tasks scheduled from follow-on schedule check
[2025-02-06T15:35:25.442+0000] {local_task_job_runner.py:245} INFO - ::endgroup::
