[2025-01-04T17:23:59.949+0100] {processor.py:186} INFO - Started process (PID=98020) to work on /Users/azeez.ganiyu/airflow_venv/lib/python3.9/site-packages/airflow/example_dags/plugins/event_listener.py
[2025-01-04T17:23:59.954+0100] {processor.py:914} INFO - Processing file /Users/azeez.ganiyu/airflow_venv/lib/python3.9/site-packages/airflow/example_dags/plugins/event_listener.py for tasks to queue
[2025-01-04T17:23:59.955+0100] {logging_mixin.py:190} INFO - [2025-01-04T17:23:59.955+0100] {dagbag.py:588} INFO - Filling up the DagBag from /Users/azeez.ganiyu/airflow_venv/lib/python3.9/site-packages/airflow/example_dags/plugins/event_listener.py
[2025-01-04T17:23:59.958+0100] {processor.py:927} WARNING - No viable dags retrieved from /Users/azeez.ganiyu/airflow_venv/lib/python3.9/site-packages/airflow/example_dags/plugins/event_listener.py
[2025-01-04T17:24:00.090+0100] {processor.py:208} INFO - Processing /Users/azeez.ganiyu/airflow_venv/lib/python3.9/site-packages/airflow/example_dags/plugins/event_listener.py took 0.149 seconds
[2025-01-04T17:27:35.113+0100] {processor.py:186} INFO - Started process (PID=98754) to work on /Users/azeez.ganiyu/airflow_venv/lib/python3.9/site-packages/airflow/example_dags/plugins/event_listener.py
[2025-01-04T17:27:35.119+0100] {processor.py:914} INFO - Processing file /Users/azeez.ganiyu/airflow_venv/lib/python3.9/site-packages/airflow/example_dags/plugins/event_listener.py for tasks to queue
[2025-01-04T17:27:35.121+0100] {logging_mixin.py:190} INFO - [2025-01-04T17:27:35.121+0100] {dagbag.py:588} INFO - Filling up the DagBag from /Users/azeez.ganiyu/airflow_venv/lib/python3.9/site-packages/airflow/example_dags/plugins/event_listener.py
[2025-01-04T17:27:35.125+0100] {processor.py:927} WARNING - No viable dags retrieved from /Users/azeez.ganiyu/airflow_venv/lib/python3.9/site-packages/airflow/example_dags/plugins/event_listener.py
[2025-01-04T17:27:35.276+0100] {processor.py:208} INFO - Processing /Users/azeez.ganiyu/airflow_venv/lib/python3.9/site-packages/airflow/example_dags/plugins/event_listener.py took 0.172 seconds
[2025-01-04T17:30:43.305+0100] {processor.py:186} INFO - Started process (PID=99387) to work on /Users/azeez.ganiyu/airflow_venv/lib/python3.9/site-packages/airflow/example_dags/plugins/event_listener.py
[2025-01-04T17:30:43.311+0100] {processor.py:914} INFO - Processing file /Users/azeez.ganiyu/airflow_venv/lib/python3.9/site-packages/airflow/example_dags/plugins/event_listener.py for tasks to queue
[2025-01-04T17:30:43.312+0100] {logging_mixin.py:190} INFO - [2025-01-04T17:30:43.312+0100] {dagbag.py:588} INFO - Filling up the DagBag from /Users/azeez.ganiyu/airflow_venv/lib/python3.9/site-packages/airflow/example_dags/plugins/event_listener.py
[2025-01-04T17:30:43.315+0100] {processor.py:927} WARNING - No viable dags retrieved from /Users/azeez.ganiyu/airflow_venv/lib/python3.9/site-packages/airflow/example_dags/plugins/event_listener.py
[2025-01-04T17:30:43.439+0100] {processor.py:208} INFO - Processing /Users/azeez.ganiyu/airflow_venv/lib/python3.9/site-packages/airflow/example_dags/plugins/event_listener.py took 0.142 seconds
[2025-01-04T17:33:36.714+0100] {processor.py:186} INFO - Started process (PID=99949) to work on /Users/azeez.ganiyu/airflow_venv/lib/python3.9/site-packages/airflow/example_dags/plugins/event_listener.py
[2025-01-04T17:33:36.719+0100] {processor.py:914} INFO - Processing file /Users/azeez.ganiyu/airflow_venv/lib/python3.9/site-packages/airflow/example_dags/plugins/event_listener.py for tasks to queue
[2025-01-04T17:33:36.720+0100] {logging_mixin.py:190} INFO - [2025-01-04T17:33:36.720+0100] {dagbag.py:588} INFO - Filling up the DagBag from /Users/azeez.ganiyu/airflow_venv/lib/python3.9/site-packages/airflow/example_dags/plugins/event_listener.py
[2025-01-04T17:33:36.723+0100] {processor.py:927} WARNING - No viable dags retrieved from /Users/azeez.ganiyu/airflow_venv/lib/python3.9/site-packages/airflow/example_dags/plugins/event_listener.py
[2025-01-04T17:33:36.851+0100] {processor.py:208} INFO - Processing /Users/azeez.ganiyu/airflow_venv/lib/python3.9/site-packages/airflow/example_dags/plugins/event_listener.py took 0.145 seconds
[2025-01-04T17:36:36.574+0100] {processor.py:186} INFO - Started process (PID=1013) to work on /Users/azeez.ganiyu/airflow_venv/lib/python3.9/site-packages/airflow/example_dags/plugins/event_listener.py
[2025-01-04T17:36:36.579+0100] {processor.py:914} INFO - Processing file /Users/azeez.ganiyu/airflow_venv/lib/python3.9/site-packages/airflow/example_dags/plugins/event_listener.py for tasks to queue
[2025-01-04T17:36:36.580+0100] {logging_mixin.py:190} INFO - [2025-01-04T17:36:36.580+0100] {dagbag.py:588} INFO - Filling up the DagBag from /Users/azeez.ganiyu/airflow_venv/lib/python3.9/site-packages/airflow/example_dags/plugins/event_listener.py
[2025-01-04T17:36:36.583+0100] {processor.py:927} WARNING - No viable dags retrieved from /Users/azeez.ganiyu/airflow_venv/lib/python3.9/site-packages/airflow/example_dags/plugins/event_listener.py
[2025-01-04T17:36:36.720+0100] {processor.py:208} INFO - Processing /Users/azeez.ganiyu/airflow_venv/lib/python3.9/site-packages/airflow/example_dags/plugins/event_listener.py took 0.154 seconds
[2025-01-04T17:39:27.902+0100] {processor.py:186} INFO - Started process (PID=1603) to work on /Users/azeez.ganiyu/airflow_venv/lib/python3.9/site-packages/airflow/example_dags/plugins/event_listener.py
[2025-01-04T17:39:27.907+0100] {processor.py:914} INFO - Processing file /Users/azeez.ganiyu/airflow_venv/lib/python3.9/site-packages/airflow/example_dags/plugins/event_listener.py for tasks to queue
[2025-01-04T17:39:27.908+0100] {logging_mixin.py:190} INFO - [2025-01-04T17:39:27.907+0100] {dagbag.py:588} INFO - Filling up the DagBag from /Users/azeez.ganiyu/airflow_venv/lib/python3.9/site-packages/airflow/example_dags/plugins/event_listener.py
[2025-01-04T17:39:27.910+0100] {processor.py:927} WARNING - No viable dags retrieved from /Users/azeez.ganiyu/airflow_venv/lib/python3.9/site-packages/airflow/example_dags/plugins/event_listener.py
[2025-01-04T17:39:28.030+0100] {processor.py:208} INFO - Processing /Users/azeez.ganiyu/airflow_venv/lib/python3.9/site-packages/airflow/example_dags/plugins/event_listener.py took 0.136 seconds
[2025-01-04T17:44:09.527+0100] {processor.py:186} INFO - Started process (PID=2907) to work on /Users/azeez.ganiyu/airflow_venv/lib/python3.9/site-packages/airflow/example_dags/plugins/event_listener.py
[2025-01-04T17:44:09.533+0100] {processor.py:914} INFO - Processing file /Users/azeez.ganiyu/airflow_venv/lib/python3.9/site-packages/airflow/example_dags/plugins/event_listener.py for tasks to queue
[2025-01-04T17:44:09.533+0100] {logging_mixin.py:190} INFO - [2025-01-04T17:44:09.533+0100] {dagbag.py:588} INFO - Filling up the DagBag from /Users/azeez.ganiyu/airflow_venv/lib/python3.9/site-packages/airflow/example_dags/plugins/event_listener.py
[2025-01-04T17:44:09.536+0100] {processor.py:927} WARNING - No viable dags retrieved from /Users/azeez.ganiyu/airflow_venv/lib/python3.9/site-packages/airflow/example_dags/plugins/event_listener.py
[2025-01-04T17:44:09.662+0100] {processor.py:208} INFO - Processing /Users/azeez.ganiyu/airflow_venv/lib/python3.9/site-packages/airflow/example_dags/plugins/event_listener.py took 0.143 seconds
