[2025-01-04T17:23:56.389+0100] {processor.py:186} INFO - Started process (PID=98008) to work on /Users/azeez.ganiyu/airflow_venv/lib/python3.9/site-packages/airflow/example_dags/plugins/listener_plugin.py
[2025-01-04T17:23:56.394+0100] {processor.py:914} INFO - Processing file /Users/azeez.ganiyu/airflow_venv/lib/python3.9/site-packages/airflow/example_dags/plugins/listener_plugin.py for tasks to queue
[2025-01-04T17:23:56.395+0100] {logging_mixin.py:190} INFO - [2025-01-04T17:23:56.395+0100] {dagbag.py:588} INFO - Filling up the DagBag from /Users/azeez.ganiyu/airflow_venv/lib/python3.9/site-packages/airflow/example_dags/plugins/listener_plugin.py
[2025-01-04T17:23:56.401+0100] {processor.py:927} WARNING - No viable dags retrieved from /Users/azeez.ganiyu/airflow_venv/lib/python3.9/site-packages/airflow/example_dags/plugins/listener_plugin.py
[2025-01-04T17:23:56.536+0100] {processor.py:208} INFO - Processing /Users/azeez.ganiyu/airflow_venv/lib/python3.9/site-packages/airflow/example_dags/plugins/listener_plugin.py took 0.155 seconds
[2025-01-04T17:27:30.925+0100] {processor.py:186} INFO - Started process (PID=98742) to work on /Users/azeez.ganiyu/airflow_venv/lib/python3.9/site-packages/airflow/example_dags/plugins/listener_plugin.py
[2025-01-04T17:27:30.932+0100] {processor.py:914} INFO - Processing file /Users/azeez.ganiyu/airflow_venv/lib/python3.9/site-packages/airflow/example_dags/plugins/listener_plugin.py for tasks to queue
[2025-01-04T17:27:30.934+0100] {logging_mixin.py:190} INFO - [2025-01-04T17:27:30.933+0100] {dagbag.py:588} INFO - Filling up the DagBag from /Users/azeez.ganiyu/airflow_venv/lib/python3.9/site-packages/airflow/example_dags/plugins/listener_plugin.py
[2025-01-04T17:27:30.940+0100] {processor.py:927} WARNING - No viable dags retrieved from /Users/azeez.ganiyu/airflow_venv/lib/python3.9/site-packages/airflow/example_dags/plugins/listener_plugin.py
[2025-01-04T17:27:31.095+0100] {processor.py:208} INFO - Processing /Users/azeez.ganiyu/airflow_venv/lib/python3.9/site-packages/airflow/example_dags/plugins/listener_plugin.py took 0.179 seconds
[2025-01-04T17:30:40.469+0100] {processor.py:186} INFO - Started process (PID=99375) to work on /Users/azeez.ganiyu/airflow_venv/lib/python3.9/site-packages/airflow/example_dags/plugins/listener_plugin.py
[2025-01-04T17:30:40.474+0100] {processor.py:914} INFO - Processing file /Users/azeez.ganiyu/airflow_venv/lib/python3.9/site-packages/airflow/example_dags/plugins/listener_plugin.py for tasks to queue
[2025-01-04T17:30:40.475+0100] {logging_mixin.py:190} INFO - [2025-01-04T17:30:40.475+0100] {dagbag.py:588} INFO - Filling up the DagBag from /Users/azeez.ganiyu/airflow_venv/lib/python3.9/site-packages/airflow/example_dags/plugins/listener_plugin.py
[2025-01-04T17:30:40.480+0100] {processor.py:927} WARNING - No viable dags retrieved from /Users/azeez.ganiyu/airflow_venv/lib/python3.9/site-packages/airflow/example_dags/plugins/listener_plugin.py
[2025-01-04T17:30:40.604+0100] {processor.py:208} INFO - Processing /Users/azeez.ganiyu/airflow_venv/lib/python3.9/site-packages/airflow/example_dags/plugins/listener_plugin.py took 0.143 seconds
[2025-01-04T17:33:33.232+0100] {processor.py:186} INFO - Started process (PID=99937) to work on /Users/azeez.ganiyu/airflow_venv/lib/python3.9/site-packages/airflow/example_dags/plugins/listener_plugin.py
[2025-01-04T17:33:33.237+0100] {processor.py:914} INFO - Processing file /Users/azeez.ganiyu/airflow_venv/lib/python3.9/site-packages/airflow/example_dags/plugins/listener_plugin.py for tasks to queue
[2025-01-04T17:33:33.238+0100] {logging_mixin.py:190} INFO - [2025-01-04T17:33:33.238+0100] {dagbag.py:588} INFO - Filling up the DagBag from /Users/azeez.ganiyu/airflow_venv/lib/python3.9/site-packages/airflow/example_dags/plugins/listener_plugin.py
[2025-01-04T17:33:33.242+0100] {processor.py:927} WARNING - No viable dags retrieved from /Users/azeez.ganiyu/airflow_venv/lib/python3.9/site-packages/airflow/example_dags/plugins/listener_plugin.py
[2025-01-04T17:33:33.367+0100] {processor.py:208} INFO - Processing /Users/azeez.ganiyu/airflow_venv/lib/python3.9/site-packages/airflow/example_dags/plugins/listener_plugin.py took 0.143 seconds
[2025-01-04T17:36:32.994+0100] {processor.py:186} INFO - Started process (PID=1002) to work on /Users/azeez.ganiyu/airflow_venv/lib/python3.9/site-packages/airflow/example_dags/plugins/listener_plugin.py
[2025-01-04T17:36:32.999+0100] {processor.py:914} INFO - Processing file /Users/azeez.ganiyu/airflow_venv/lib/python3.9/site-packages/airflow/example_dags/plugins/listener_plugin.py for tasks to queue
[2025-01-04T17:36:33.001+0100] {logging_mixin.py:190} INFO - [2025-01-04T17:36:33.000+0100] {dagbag.py:588} INFO - Filling up the DagBag from /Users/azeez.ganiyu/airflow_venv/lib/python3.9/site-packages/airflow/example_dags/plugins/listener_plugin.py
[2025-01-04T17:36:33.006+0100] {processor.py:927} WARNING - No viable dags retrieved from /Users/azeez.ganiyu/airflow_venv/lib/python3.9/site-packages/airflow/example_dags/plugins/listener_plugin.py
[2025-01-04T17:36:33.138+0100] {processor.py:208} INFO - Processing /Users/azeez.ganiyu/airflow_venv/lib/python3.9/site-packages/airflow/example_dags/plugins/listener_plugin.py took 0.151 seconds
[2025-01-04T17:39:24.242+0100] {processor.py:186} INFO - Started process (PID=1588) to work on /Users/azeez.ganiyu/airflow_venv/lib/python3.9/site-packages/airflow/example_dags/plugins/listener_plugin.py
[2025-01-04T17:39:24.248+0100] {processor.py:914} INFO - Processing file /Users/azeez.ganiyu/airflow_venv/lib/python3.9/site-packages/airflow/example_dags/plugins/listener_plugin.py for tasks to queue
[2025-01-04T17:39:24.249+0100] {logging_mixin.py:190} INFO - [2025-01-04T17:39:24.249+0100] {dagbag.py:588} INFO - Filling up the DagBag from /Users/azeez.ganiyu/airflow_venv/lib/python3.9/site-packages/airflow/example_dags/plugins/listener_plugin.py
[2025-01-04T17:39:24.254+0100] {processor.py:927} WARNING - No viable dags retrieved from /Users/azeez.ganiyu/airflow_venv/lib/python3.9/site-packages/airflow/example_dags/plugins/listener_plugin.py
[2025-01-04T17:39:24.384+0100] {processor.py:208} INFO - Processing /Users/azeez.ganiyu/airflow_venv/lib/python3.9/site-packages/airflow/example_dags/plugins/listener_plugin.py took 0.149 seconds
[2025-01-04T17:44:06.029+0100] {processor.py:186} INFO - Started process (PID=2893) to work on /Users/azeez.ganiyu/airflow_venv/lib/python3.9/site-packages/airflow/example_dags/plugins/listener_plugin.py
[2025-01-04T17:44:06.036+0100] {processor.py:914} INFO - Processing file /Users/azeez.ganiyu/airflow_venv/lib/python3.9/site-packages/airflow/example_dags/plugins/listener_plugin.py for tasks to queue
[2025-01-04T17:44:06.037+0100] {logging_mixin.py:190} INFO - [2025-01-04T17:44:06.037+0100] {dagbag.py:588} INFO - Filling up the DagBag from /Users/azeez.ganiyu/airflow_venv/lib/python3.9/site-packages/airflow/example_dags/plugins/listener_plugin.py
[2025-01-04T17:44:06.043+0100] {processor.py:927} WARNING - No viable dags retrieved from /Users/azeez.ganiyu/airflow_venv/lib/python3.9/site-packages/airflow/example_dags/plugins/listener_plugin.py
[2025-01-04T17:44:06.167+0100] {processor.py:208} INFO - Processing /Users/azeez.ganiyu/airflow_venv/lib/python3.9/site-packages/airflow/example_dags/plugins/listener_plugin.py took 0.146 seconds
