[2025-01-04T17:23:52.707+0100] {processor.py:186} INFO - Started process (PID=97996) to work on /Users/azeez.ganiyu/airflow_venv/lib/python3.9/site-packages/airflow/example_dags/plugins/workday.py
[2025-01-04T17:23:52.713+0100] {processor.py:914} INFO - Processing file /Users/azeez.ganiyu/airflow_venv/lib/python3.9/site-packages/airflow/example_dags/plugins/workday.py for tasks to queue
[2025-01-04T17:23:52.714+0100] {logging_mixin.py:190} INFO - [2025-01-04T17:23:52.714+0100] {dagbag.py:588} INFO - Filling up the DagBag from /Users/azeez.ganiyu/airflow_venv/lib/python3.9/site-packages/airflow/example_dags/plugins/workday.py
[2025-01-04T17:23:52.717+0100] {logging_mixin.py:190} INFO - [2025-01-04T17:23:52.717+0100] {workday.py:41} WARNING - Could not import pandas. Holidays will not be considered.
[2025-01-04T17:23:52.717+0100] {processor.py:927} WARNING - No viable dags retrieved from /Users/azeez.ganiyu/airflow_venv/lib/python3.9/site-packages/airflow/example_dags/plugins/workday.py
[2025-01-04T17:23:52.843+0100] {processor.py:208} INFO - Processing /Users/azeez.ganiyu/airflow_venv/lib/python3.9/site-packages/airflow/example_dags/plugins/workday.py took 0.144 seconds
[2025-01-04T17:27:26.773+0100] {processor.py:186} INFO - Started process (PID=98728) to work on /Users/azeez.ganiyu/airflow_venv/lib/python3.9/site-packages/airflow/example_dags/plugins/workday.py
[2025-01-04T17:27:26.781+0100] {processor.py:914} INFO - Processing file /Users/azeez.ganiyu/airflow_venv/lib/python3.9/site-packages/airflow/example_dags/plugins/workday.py for tasks to queue
[2025-01-04T17:27:26.782+0100] {logging_mixin.py:190} INFO - [2025-01-04T17:27:26.782+0100] {dagbag.py:588} INFO - Filling up the DagBag from /Users/azeez.ganiyu/airflow_venv/lib/python3.9/site-packages/airflow/example_dags/plugins/workday.py
[2025-01-04T17:27:26.785+0100] {logging_mixin.py:190} INFO - [2025-01-04T17:27:26.785+0100] {workday.py:41} WARNING - Could not import pandas. Holidays will not be considered.
[2025-01-04T17:27:26.785+0100] {processor.py:927} WARNING - No viable dags retrieved from /Users/azeez.ganiyu/airflow_venv/lib/python3.9/site-packages/airflow/example_dags/plugins/workday.py
[2025-01-04T17:27:26.933+0100] {processor.py:208} INFO - Processing /Users/azeez.ganiyu/airflow_venv/lib/python3.9/site-packages/airflow/example_dags/plugins/workday.py took 0.168 seconds
[2025-01-04T17:30:37.805+0100] {processor.py:186} INFO - Started process (PID=99368) to work on /Users/azeez.ganiyu/airflow_venv/lib/python3.9/site-packages/airflow/example_dags/plugins/workday.py
[2025-01-04T17:30:37.812+0100] {processor.py:914} INFO - Processing file /Users/azeez.ganiyu/airflow_venv/lib/python3.9/site-packages/airflow/example_dags/plugins/workday.py for tasks to queue
[2025-01-04T17:30:37.813+0100] {logging_mixin.py:190} INFO - [2025-01-04T17:30:37.813+0100] {dagbag.py:588} INFO - Filling up the DagBag from /Users/azeez.ganiyu/airflow_venv/lib/python3.9/site-packages/airflow/example_dags/plugins/workday.py
[2025-01-04T17:30:37.816+0100] {logging_mixin.py:190} INFO - [2025-01-04T17:30:37.816+0100] {workday.py:41} WARNING - Could not import pandas. Holidays will not be considered.
[2025-01-04T17:30:37.816+0100] {processor.py:927} WARNING - No viable dags retrieved from /Users/azeez.ganiyu/airflow_venv/lib/python3.9/site-packages/airflow/example_dags/plugins/workday.py
[2025-01-04T17:30:37.940+0100] {processor.py:208} INFO - Processing /Users/azeez.ganiyu/airflow_venv/lib/python3.9/site-packages/airflow/example_dags/plugins/workday.py took 0.143 seconds
[2025-01-04T17:33:30.117+0100] {processor.py:186} INFO - Started process (PID=99925) to work on /Users/azeez.ganiyu/airflow_venv/lib/python3.9/site-packages/airflow/example_dags/plugins/workday.py
[2025-01-04T17:33:30.122+0100] {processor.py:914} INFO - Processing file /Users/azeez.ganiyu/airflow_venv/lib/python3.9/site-packages/airflow/example_dags/plugins/workday.py for tasks to queue
[2025-01-04T17:33:30.123+0100] {logging_mixin.py:190} INFO - [2025-01-04T17:33:30.123+0100] {dagbag.py:588} INFO - Filling up the DagBag from /Users/azeez.ganiyu/airflow_venv/lib/python3.9/site-packages/airflow/example_dags/plugins/workday.py
[2025-01-04T17:33:30.127+0100] {logging_mixin.py:190} INFO - [2025-01-04T17:33:30.126+0100] {workday.py:41} WARNING - Could not import pandas. Holidays will not be considered.
[2025-01-04T17:33:30.127+0100] {processor.py:927} WARNING - No viable dags retrieved from /Users/azeez.ganiyu/airflow_venv/lib/python3.9/site-packages/airflow/example_dags/plugins/workday.py
[2025-01-04T17:33:30.262+0100] {processor.py:208} INFO - Processing /Users/azeez.ganiyu/airflow_venv/lib/python3.9/site-packages/airflow/example_dags/plugins/workday.py took 0.152 seconds
[2025-01-04T17:36:29.299+0100] {processor.py:186} INFO - Started process (PID=987) to work on /Users/azeez.ganiyu/airflow_venv/lib/python3.9/site-packages/airflow/example_dags/plugins/workday.py
[2025-01-04T17:36:29.308+0100] {processor.py:914} INFO - Processing file /Users/azeez.ganiyu/airflow_venv/lib/python3.9/site-packages/airflow/example_dags/plugins/workday.py for tasks to queue
[2025-01-04T17:36:29.310+0100] {logging_mixin.py:190} INFO - [2025-01-04T17:36:29.310+0100] {dagbag.py:588} INFO - Filling up the DagBag from /Users/azeez.ganiyu/airflow_venv/lib/python3.9/site-packages/airflow/example_dags/plugins/workday.py
[2025-01-04T17:36:29.314+0100] {logging_mixin.py:190} INFO - [2025-01-04T17:36:29.314+0100] {workday.py:41} WARNING - Could not import pandas. Holidays will not be considered.
[2025-01-04T17:36:29.315+0100] {processor.py:927} WARNING - No viable dags retrieved from /Users/azeez.ganiyu/airflow_venv/lib/python3.9/site-packages/airflow/example_dags/plugins/workday.py
[2025-01-04T17:36:29.494+0100] {processor.py:208} INFO - Processing /Users/azeez.ganiyu/airflow_venv/lib/python3.9/site-packages/airflow/example_dags/plugins/workday.py took 0.203 seconds
[2025-01-04T17:39:20.548+0100] {processor.py:186} INFO - Started process (PID=1577) to work on /Users/azeez.ganiyu/airflow_venv/lib/python3.9/site-packages/airflow/example_dags/plugins/workday.py
[2025-01-04T17:39:20.553+0100] {processor.py:914} INFO - Processing file /Users/azeez.ganiyu/airflow_venv/lib/python3.9/site-packages/airflow/example_dags/plugins/workday.py for tasks to queue
[2025-01-04T17:39:20.554+0100] {logging_mixin.py:190} INFO - [2025-01-04T17:39:20.554+0100] {dagbag.py:588} INFO - Filling up the DagBag from /Users/azeez.ganiyu/airflow_venv/lib/python3.9/site-packages/airflow/example_dags/plugins/workday.py
[2025-01-04T17:39:20.557+0100] {logging_mixin.py:190} INFO - [2025-01-04T17:39:20.557+0100] {workday.py:41} WARNING - Could not import pandas. Holidays will not be considered.
[2025-01-04T17:39:20.557+0100] {processor.py:927} WARNING - No viable dags retrieved from /Users/azeez.ganiyu/airflow_venv/lib/python3.9/site-packages/airflow/example_dags/plugins/workday.py
[2025-01-04T17:39:20.682+0100] {processor.py:208} INFO - Processing /Users/azeez.ganiyu/airflow_venv/lib/python3.9/site-packages/airflow/example_dags/plugins/workday.py took 0.142 seconds
[2025-01-04T17:43:58.025+0100] {processor.py:186} INFO - Started process (PID=2881) to work on /Users/azeez.ganiyu/airflow_venv/lib/python3.9/site-packages/airflow/example_dags/plugins/workday.py
[2025-01-04T17:43:58.030+0100] {processor.py:914} INFO - Processing file /Users/azeez.ganiyu/airflow_venv/lib/python3.9/site-packages/airflow/example_dags/plugins/workday.py for tasks to queue
[2025-01-04T17:43:58.031+0100] {logging_mixin.py:190} INFO - [2025-01-04T17:43:58.031+0100] {dagbag.py:588} INFO - Filling up the DagBag from /Users/azeez.ganiyu/airflow_venv/lib/python3.9/site-packages/airflow/example_dags/plugins/workday.py
[2025-01-04T17:43:58.034+0100] {logging_mixin.py:190} INFO - [2025-01-04T17:43:58.034+0100] {workday.py:41} WARNING - Could not import pandas. Holidays will not be considered.
[2025-01-04T17:43:58.034+0100] {processor.py:927} WARNING - No viable dags retrieved from /Users/azeez.ganiyu/airflow_venv/lib/python3.9/site-packages/airflow/example_dags/plugins/workday.py
[2025-01-04T17:43:58.159+0100] {processor.py:208} INFO - Processing /Users/azeez.ganiyu/airflow_venv/lib/python3.9/site-packages/airflow/example_dags/plugins/workday.py took 0.142 seconds
