[2025-02-07T12:14:47.795+0000] {local_task_job_runner.py:123} INFO - ::group::Pre task execution logs
[2025-02-07T12:14:47.812+0000] {taskinstance.py:2613} INFO - Dependencies all met for dep_context=non-requeueable deps ti=<TaskInstance: Temp_elt_postgres.extract_weather_data manual__2025-02-07T12:14:42.193734+00:00 [queued]>
[2025-02-07T12:14:47.824+0000] {taskinstance.py:2613} INFO - Dependencies all met for dep_context=requeueable deps ti=<TaskInstance: Temp_elt_postgres.extract_weather_data manual__2025-02-07T12:14:42.193734+00:00 [queued]>
[2025-02-07T12:14:47.826+0000] {taskinstance.py:2866} INFO - Starting attempt 1 of 2
[2025-02-07T12:14:47.862+0000] {taskinstance.py:2889} INFO - Executing <Task(PythonOperator): extract_weather_data> on 2025-02-07 12:14:42.193734+00:00
[2025-02-07T12:14:47.871+0000] {standard_task_runner.py:104} INFO - Running: ['airflow', 'tasks', 'run', 'Temp_elt_postgres', 'extract_weather_data', 'manual__2025-02-07T12:14:42.193734+00:00', '--job-id', '223', '--raw', '--subdir', 'DAGS_FOLDER/weather_etl_postgres.py', '--cfg-path', '/tmp/tmpej3vf84k']
[2025-02-07T12:14:47.874+0000] {standard_task_runner.py:105} INFO - Job 223: Subtask extract_weather_data
[2025-02-07T12:14:47.877+0000] {logging_mixin.py:190} WARNING - /home/airflow/.local/lib/python3.12/site-packages/airflow/task/task_runner/standard_task_runner.py:70 DeprecationWarning: This process (pid=3683) is multi-threaded, use of fork() may lead to deadlocks in the child.
[2025-02-07T12:14:47.879+0000] {standard_task_runner.py:72} INFO - Started process 3693 to run task
[2025-02-07T12:14:47.953+0000] {task_command.py:467} INFO - Running <TaskInstance: Temp_elt_postgres.extract_weather_data manual__2025-02-07T12:14:42.193734+00:00 [running]> on host 9ceba9be2552
[2025-02-07T12:14:48.067+0000] {taskinstance.py:3132} INFO - Exporting env vars: AIRFLOW_CTX_DAG_OWNER='zalihat' AIRFLOW_CTX_DAG_ID='Temp_elt_postgres' AIRFLOW_CTX_TASK_ID='extract_weather_data' AIRFLOW_CTX_EXECUTION_DATE='2025-02-07T12:14:42.193734+00:00' AIRFLOW_CTX_TRY_NUMBER='1' AIRFLOW_CTX_DAG_RUN_ID='manual__2025-02-07T12:14:42.193734+00:00'
[2025-02-07T12:14:48.069+0000] {taskinstance.py:731} INFO - ::endgroup::
[2025-02-07T12:14:49.063+0000] {logging_mixin.py:190} INFO - {'location': {'name': 'Gwagwaldda', 'region': 'Federal Capital Territory', 'country': 'Nigeria', 'lat': 8.9414, 'lon': 7.0919, 'tz_id': 'Africa/Lagos', 'localtime_epoch': 1738930482, 'localtime': '2025-02-07 13:14'}, 'current': {'last_updated_epoch': 1738929600, 'last_updated': '2025-02-07 13:00', 'temp_c': 36.3, 'temp_f': 97.4, 'is_day': 1, 'condition': {'text': 'Sunny', 'icon': '//cdn.weatherapi.com/weather/64x64/day/113.png', 'code': 1000}, 'wind_mph': 4.9, 'wind_kph': 7.9, 'wind_degree': 222, 'wind_dir': 'SW', 'pressure_mb': 1008.0, 'pressure_in': 29.75, 'precip_mm': 0.0, 'precip_in': 0.0, 'humidity': 9, 'cloud': 3, 'feelslike_c': 34.8, 'feelslike_f': 94.7, 'windchill_c': 36.3, 'windchill_f': 97.4, 'heatindex_c': 34.8, 'heatindex_f': 94.7, 'dewpoint_c': -1.5, 'dewpoint_f': 29.4, 'vis_km': 10.0, 'vis_miles': 6.0, 'uv': 8.4, 'gust_mph': 5.7, 'gust_kph': 9.1}}
[2025-02-07T12:14:49.113+0000] {logging_mixin.py:190} INFO -   location.name            location.region  ... current.gust_mph  current.gust_kph
0    Gwagwaldda  Federal Capital Territory  ...              5.7               9.1

[1 rows x 39 columns]
[2025-02-07T12:14:49.379+0000] {logging_mixin.py:190} INFO - Raw data saved partitioned by date.
[2025-02-07T12:14:49.380+0000] {python.py:240} INFO - Done. Returned value was: None
[2025-02-07T12:14:49.395+0000] {taskinstance.py:340} INFO - ::group::Post task execution logs
[2025-02-07T12:14:49.396+0000] {taskinstance.py:352} INFO - Marking task as SUCCESS. dag_id=Temp_elt_postgres, task_id=extract_weather_data, run_id=manual__2025-02-07T12:14:42.193734+00:00, execution_date=20250207T121442, start_date=20250207T121447, end_date=20250207T121449
[2025-02-07T12:14:49.457+0000] {local_task_job_runner.py:266} INFO - Task exited with return code 0
[2025-02-07T12:14:49.492+0000] {taskinstance.py:3895} INFO - 1 downstream tasks scheduled from follow-on schedule check
[2025-02-07T12:14:49.497+0000] {local_task_job_runner.py:245} INFO - ::endgroup::
