[2025-02-10T09:20:46.117+0000] {processor.py:186} INFO - Started process (PID=798) to work on /opt/airflow/dags/sample.py
[2025-02-10T09:20:46.118+0000] {processor.py:914} INFO - Processing file /opt/airflow/dags/sample.py for tasks to queue
[2025-02-10T09:20:46.120+0000] {logging_mixin.py:190} INFO - [2025-02-10T09:20:46.120+0000] {dagbag.py:588} INFO - Filling up the DagBag from /opt/airflow/dags/sample.py
[2025-02-10T09:20:46.131+0000] {processor.py:925} INFO - DAG(s) 'hello_world_dag' retrieved from /opt/airflow/dags/sample.py
[2025-02-10T09:20:46.173+0000] {logging_mixin.py:190} INFO - [2025-02-10T09:20:46.173+0000] {dag.py:3239} INFO - Sync 1 DAGs
[2025-02-10T09:20:46.196+0000] {logging_mixin.py:190} INFO - [2025-02-10T09:20:46.196+0000] {dag.py:4180} INFO - Setting next_dagrun for hello_world_dag to None, run_after=None
[2025-02-10T09:20:46.257+0000] {processor.py:208} INFO - Processing /opt/airflow/dags/sample.py took 0.148 seconds
[2025-02-10T11:38:27.852+0000] {processor.py:186} INFO - Started process (PID=270) to work on /opt/airflow/dags/sample.py
[2025-02-10T11:38:27.853+0000] {processor.py:914} INFO - Processing file /opt/airflow/dags/sample.py for tasks to queue
[2025-02-10T11:38:27.855+0000] {logging_mixin.py:190} INFO - [2025-02-10T11:38:27.854+0000] {dagbag.py:588} INFO - Filling up the DagBag from /opt/airflow/dags/sample.py
[2025-02-10T11:38:27.863+0000] {processor.py:925} INFO - DAG(s) 'hello_world_dag' retrieved from /opt/airflow/dags/sample.py
[2025-02-10T11:38:27.898+0000] {logging_mixin.py:190} INFO - [2025-02-10T11:38:27.898+0000] {dag.py:3239} INFO - Sync 1 DAGs
[2025-02-10T11:38:27.912+0000] {logging_mixin.py:190} INFO - [2025-02-10T11:38:27.912+0000] {dag.py:4180} INFO - Setting next_dagrun for hello_world_dag to None, run_after=None
[2025-02-10T11:38:27.964+0000] {processor.py:208} INFO - Processing /opt/airflow/dags/sample.py took 0.118 seconds
[2025-02-10T11:38:59.327+0000] {processor.py:186} INFO - Started process (PID=274) to work on /opt/airflow/dags/sample.py
[2025-02-10T11:38:59.328+0000] {processor.py:914} INFO - Processing file /opt/airflow/dags/sample.py for tasks to queue
[2025-02-10T11:38:59.329+0000] {logging_mixin.py:190} INFO - [2025-02-10T11:38:59.329+0000] {dagbag.py:588} INFO - Filling up the DagBag from /opt/airflow/dags/sample.py
[2025-02-10T11:38:59.339+0000] {processor.py:925} INFO - DAG(s) 'hello_world_dag' retrieved from /opt/airflow/dags/sample.py
[2025-02-10T11:38:59.381+0000] {logging_mixin.py:190} INFO - [2025-02-10T11:38:59.380+0000] {dag.py:3239} INFO - Sync 1 DAGs
[2025-02-10T11:38:59.401+0000] {logging_mixin.py:190} INFO - [2025-02-10T11:38:59.401+0000] {dag.py:4180} INFO - Setting next_dagrun for hello_world_dag to None, run_after=None
[2025-02-10T11:38:59.449+0000] {processor.py:208} INFO - Processing /opt/airflow/dags/sample.py took 0.130 seconds
[2025-02-10T11:39:30.722+0000] {processor.py:186} INFO - Started process (PID=278) to work on /opt/airflow/dags/sample.py
[2025-02-10T11:39:30.724+0000] {processor.py:914} INFO - Processing file /opt/airflow/dags/sample.py for tasks to queue
[2025-02-10T11:39:30.726+0000] {logging_mixin.py:190} INFO - [2025-02-10T11:39:30.725+0000] {dagbag.py:588} INFO - Filling up the DagBag from /opt/airflow/dags/sample.py
[2025-02-10T11:39:30.735+0000] {processor.py:925} INFO - DAG(s) 'hello_world_dag' retrieved from /opt/airflow/dags/sample.py
[2025-02-10T11:39:30.771+0000] {logging_mixin.py:190} INFO - [2025-02-10T11:39:30.771+0000] {dag.py:3239} INFO - Sync 1 DAGs
[2025-02-10T11:39:30.788+0000] {logging_mixin.py:190} INFO - [2025-02-10T11:39:30.787+0000] {dag.py:4180} INFO - Setting next_dagrun for hello_world_dag to None, run_after=None
[2025-02-10T11:39:30.826+0000] {processor.py:208} INFO - Processing /opt/airflow/dags/sample.py took 0.111 seconds
[2025-02-10T11:40:01.672+0000] {processor.py:186} INFO - Started process (PID=282) to work on /opt/airflow/dags/sample.py
[2025-02-10T11:40:01.674+0000] {processor.py:914} INFO - Processing file /opt/airflow/dags/sample.py for tasks to queue
[2025-02-10T11:40:01.676+0000] {logging_mixin.py:190} INFO - [2025-02-10T11:40:01.675+0000] {dagbag.py:588} INFO - Filling up the DagBag from /opt/airflow/dags/sample.py
[2025-02-10T11:40:01.687+0000] {processor.py:925} INFO - DAG(s) 'hello_world_dag' retrieved from /opt/airflow/dags/sample.py
[2025-02-10T11:40:01.722+0000] {logging_mixin.py:190} INFO - [2025-02-10T11:40:01.722+0000] {dag.py:3239} INFO - Sync 1 DAGs
[2025-02-10T11:40:01.742+0000] {logging_mixin.py:190} INFO - [2025-02-10T11:40:01.741+0000] {dag.py:4180} INFO - Setting next_dagrun for hello_world_dag to None, run_after=None
[2025-02-10T11:40:01.791+0000] {processor.py:208} INFO - Processing /opt/airflow/dags/sample.py took 0.127 seconds
[2025-02-10T11:40:32.598+0000] {processor.py:186} INFO - Started process (PID=286) to work on /opt/airflow/dags/sample.py
[2025-02-10T11:40:32.599+0000] {processor.py:914} INFO - Processing file /opt/airflow/dags/sample.py for tasks to queue
[2025-02-10T11:40:32.601+0000] {logging_mixin.py:190} INFO - [2025-02-10T11:40:32.601+0000] {dagbag.py:588} INFO - Filling up the DagBag from /opt/airflow/dags/sample.py
[2025-02-10T11:40:32.611+0000] {processor.py:925} INFO - DAG(s) 'hello_world_dag' retrieved from /opt/airflow/dags/sample.py
[2025-02-10T11:40:32.646+0000] {logging_mixin.py:190} INFO - [2025-02-10T11:40:32.646+0000] {dag.py:3239} INFO - Sync 1 DAGs
[2025-02-10T11:40:32.664+0000] {logging_mixin.py:190} INFO - [2025-02-10T11:40:32.664+0000] {dag.py:4180} INFO - Setting next_dagrun for hello_world_dag to None, run_after=None
[2025-02-10T11:40:32.732+0000] {processor.py:208} INFO - Processing /opt/airflow/dags/sample.py took 0.140 seconds
[2025-02-10T11:41:03.421+0000] {processor.py:186} INFO - Started process (PID=290) to work on /opt/airflow/dags/sample.py
[2025-02-10T11:41:03.423+0000] {processor.py:914} INFO - Processing file /opt/airflow/dags/sample.py for tasks to queue
[2025-02-10T11:41:03.424+0000] {logging_mixin.py:190} INFO - [2025-02-10T11:41:03.424+0000] {dagbag.py:588} INFO - Filling up the DagBag from /opt/airflow/dags/sample.py
[2025-02-10T11:41:03.435+0000] {processor.py:925} INFO - DAG(s) 'hello_world_dag' retrieved from /opt/airflow/dags/sample.py
[2025-02-10T11:41:03.467+0000] {logging_mixin.py:190} INFO - [2025-02-10T11:41:03.467+0000] {dag.py:3239} INFO - Sync 1 DAGs
[2025-02-10T11:41:03.483+0000] {logging_mixin.py:190} INFO - [2025-02-10T11:41:03.482+0000] {dag.py:4180} INFO - Setting next_dagrun for hello_world_dag to None, run_after=None
[2025-02-10T11:41:03.530+0000] {processor.py:208} INFO - Processing /opt/airflow/dags/sample.py took 0.115 seconds
[2025-02-10T11:41:34.277+0000] {processor.py:186} INFO - Started process (PID=294) to work on /opt/airflow/dags/sample.py
[2025-02-10T11:41:34.279+0000] {processor.py:914} INFO - Processing file /opt/airflow/dags/sample.py for tasks to queue
[2025-02-10T11:41:34.281+0000] {logging_mixin.py:190} INFO - [2025-02-10T11:41:34.281+0000] {dagbag.py:588} INFO - Filling up the DagBag from /opt/airflow/dags/sample.py
[2025-02-10T11:41:34.299+0000] {processor.py:925} INFO - DAG(s) 'hello_world_dag' retrieved from /opt/airflow/dags/sample.py
[2025-02-10T11:41:34.351+0000] {logging_mixin.py:190} INFO - [2025-02-10T11:41:34.351+0000] {dag.py:3239} INFO - Sync 1 DAGs
[2025-02-10T11:41:34.377+0000] {logging_mixin.py:190} INFO - [2025-02-10T11:41:34.377+0000] {dag.py:4180} INFO - Setting next_dagrun for hello_world_dag to None, run_after=None
[2025-02-10T11:41:34.437+0000] {processor.py:208} INFO - Processing /opt/airflow/dags/sample.py took 0.185 seconds
[2025-02-10T11:42:06.393+0000] {processor.py:186} INFO - Started process (PID=298) to work on /opt/airflow/dags/sample.py
[2025-02-10T11:42:06.394+0000] {processor.py:914} INFO - Processing file /opt/airflow/dags/sample.py for tasks to queue
[2025-02-10T11:42:06.396+0000] {logging_mixin.py:190} INFO - [2025-02-10T11:42:06.395+0000] {dagbag.py:588} INFO - Filling up the DagBag from /opt/airflow/dags/sample.py
[2025-02-10T11:42:06.406+0000] {processor.py:925} INFO - DAG(s) 'hello_world_dag' retrieved from /opt/airflow/dags/sample.py
[2025-02-10T11:42:06.439+0000] {logging_mixin.py:190} INFO - [2025-02-10T11:42:06.439+0000] {dag.py:3239} INFO - Sync 1 DAGs
[2025-02-10T11:42:06.457+0000] {logging_mixin.py:190} INFO - [2025-02-10T11:42:06.456+0000] {dag.py:4180} INFO - Setting next_dagrun for hello_world_dag to None, run_after=None
[2025-02-10T11:42:06.503+0000] {processor.py:208} INFO - Processing /opt/airflow/dags/sample.py took 0.117 seconds
[2025-02-10T11:42:36.924+0000] {processor.py:186} INFO - Started process (PID=302) to work on /opt/airflow/dags/sample.py
[2025-02-10T11:42:36.925+0000] {processor.py:914} INFO - Processing file /opt/airflow/dags/sample.py for tasks to queue
[2025-02-10T11:42:36.927+0000] {logging_mixin.py:190} INFO - [2025-02-10T11:42:36.926+0000] {dagbag.py:588} INFO - Filling up the DagBag from /opt/airflow/dags/sample.py
[2025-02-10T11:42:36.938+0000] {processor.py:925} INFO - DAG(s) 'hello_world_dag' retrieved from /opt/airflow/dags/sample.py
[2025-02-10T11:42:36.986+0000] {logging_mixin.py:190} INFO - [2025-02-10T11:42:36.985+0000] {dag.py:3239} INFO - Sync 1 DAGs
[2025-02-10T11:42:37.007+0000] {logging_mixin.py:190} INFO - [2025-02-10T11:42:37.007+0000] {dag.py:4180} INFO - Setting next_dagrun for hello_world_dag to None, run_after=None
[2025-02-10T11:42:37.050+0000] {processor.py:208} INFO - Processing /opt/airflow/dags/sample.py took 0.134 seconds
[2025-02-10T11:43:09.917+0000] {processor.py:186} INFO - Started process (PID=306) to work on /opt/airflow/dags/sample.py
[2025-02-10T11:43:09.919+0000] {processor.py:914} INFO - Processing file /opt/airflow/dags/sample.py for tasks to queue
[2025-02-10T11:43:09.922+0000] {logging_mixin.py:190} INFO - [2025-02-10T11:43:09.921+0000] {dagbag.py:588} INFO - Filling up the DagBag from /opt/airflow/dags/sample.py
[2025-02-10T11:43:09.936+0000] {processor.py:925} INFO - DAG(s) 'hello_world_dag' retrieved from /opt/airflow/dags/sample.py
[2025-02-10T11:43:09.975+0000] {logging_mixin.py:190} INFO - [2025-02-10T11:43:09.975+0000] {dag.py:3239} INFO - Sync 1 DAGs
[2025-02-10T11:43:09.995+0000] {logging_mixin.py:190} INFO - [2025-02-10T11:43:09.995+0000] {dag.py:4180} INFO - Setting next_dagrun for hello_world_dag to None, run_after=None
[2025-02-10T11:43:10.047+0000] {processor.py:208} INFO - Processing /opt/airflow/dags/sample.py took 0.137 seconds
[2025-02-10T11:43:41.061+0000] {processor.py:186} INFO - Started process (PID=310) to work on /opt/airflow/dags/sample.py
[2025-02-10T11:43:41.062+0000] {processor.py:914} INFO - Processing file /opt/airflow/dags/sample.py for tasks to queue
[2025-02-10T11:43:41.064+0000] {logging_mixin.py:190} INFO - [2025-02-10T11:43:41.063+0000] {dagbag.py:588} INFO - Filling up the DagBag from /opt/airflow/dags/sample.py
[2025-02-10T11:43:41.075+0000] {processor.py:925} INFO - DAG(s) 'hello_world_dag' retrieved from /opt/airflow/dags/sample.py
[2025-02-10T11:43:41.111+0000] {logging_mixin.py:190} INFO - [2025-02-10T11:43:41.111+0000] {dag.py:3239} INFO - Sync 1 DAGs
[2025-02-10T11:43:41.131+0000] {logging_mixin.py:190} INFO - [2025-02-10T11:43:41.131+0000] {dag.py:4180} INFO - Setting next_dagrun for hello_world_dag to None, run_after=None
[2025-02-10T11:43:41.177+0000] {processor.py:208} INFO - Processing /opt/airflow/dags/sample.py took 0.124 seconds
[2025-02-10T11:44:44.913+0000] {processor.py:186} INFO - Started process (PID=554) to work on /opt/airflow/dags/sample.py
[2025-02-10T11:44:44.915+0000] {processor.py:914} INFO - Processing file /opt/airflow/dags/sample.py for tasks to queue
[2025-02-10T11:44:44.917+0000] {logging_mixin.py:190} INFO - [2025-02-10T11:44:44.917+0000] {dagbag.py:588} INFO - Filling up the DagBag from /opt/airflow/dags/sample.py
[2025-02-10T11:44:44.928+0000] {processor.py:925} INFO - DAG(s) 'hello_world_dag' retrieved from /opt/airflow/dags/sample.py
[2025-02-10T11:44:44.962+0000] {logging_mixin.py:190} INFO - [2025-02-10T11:44:44.962+0000] {dag.py:3239} INFO - Sync 1 DAGs
[2025-02-10T11:44:44.979+0000] {logging_mixin.py:190} INFO - [2025-02-10T11:44:44.978+0000] {dag.py:4180} INFO - Setting next_dagrun for hello_world_dag to None, run_after=None
[2025-02-10T11:44:45.034+0000] {processor.py:208} INFO - Processing /opt/airflow/dags/sample.py took 0.128 seconds
[2025-02-10T11:45:16.599+0000] {processor.py:186} INFO - Started process (PID=558) to work on /opt/airflow/dags/sample.py
[2025-02-10T11:45:16.601+0000] {processor.py:914} INFO - Processing file /opt/airflow/dags/sample.py for tasks to queue
[2025-02-10T11:45:16.602+0000] {logging_mixin.py:190} INFO - [2025-02-10T11:45:16.602+0000] {dagbag.py:588} INFO - Filling up the DagBag from /opt/airflow/dags/sample.py
[2025-02-10T11:45:16.614+0000] {processor.py:925} INFO - DAG(s) 'hello_world_dag' retrieved from /opt/airflow/dags/sample.py
[2025-02-10T11:45:16.653+0000] {logging_mixin.py:190} INFO - [2025-02-10T11:45:16.652+0000] {dag.py:3239} INFO - Sync 1 DAGs
[2025-02-10T11:45:16.671+0000] {logging_mixin.py:190} INFO - [2025-02-10T11:45:16.671+0000] {dag.py:4180} INFO - Setting next_dagrun for hello_world_dag to None, run_after=None
[2025-02-10T11:45:16.722+0000] {processor.py:208} INFO - Processing /opt/airflow/dags/sample.py took 0.130 seconds
[2025-02-10T11:46:31.246+0000] {processor.py:186} INFO - Started process (PID=750) to work on /opt/airflow/dags/sample.py
[2025-02-10T11:46:31.247+0000] {processor.py:914} INFO - Processing file /opt/airflow/dags/sample.py for tasks to queue
[2025-02-10T11:46:31.249+0000] {logging_mixin.py:190} INFO - [2025-02-10T11:46:31.248+0000] {dagbag.py:588} INFO - Filling up the DagBag from /opt/airflow/dags/sample.py
[2025-02-10T11:46:31.259+0000] {processor.py:925} INFO - DAG(s) 'hello_world_dag' retrieved from /opt/airflow/dags/sample.py
[2025-02-10T11:46:31.295+0000] {logging_mixin.py:190} INFO - [2025-02-10T11:46:31.295+0000] {dag.py:3239} INFO - Sync 1 DAGs
[2025-02-10T11:46:31.312+0000] {logging_mixin.py:190} INFO - [2025-02-10T11:46:31.311+0000] {dag.py:4180} INFO - Setting next_dagrun for hello_world_dag to None, run_after=None
[2025-02-10T11:46:31.356+0000] {processor.py:208} INFO - Processing /opt/airflow/dags/sample.py took 0.118 seconds
[2025-02-10T11:47:02.881+0000] {processor.py:186} INFO - Started process (PID=754) to work on /opt/airflow/dags/sample.py
[2025-02-10T11:47:02.882+0000] {processor.py:914} INFO - Processing file /opt/airflow/dags/sample.py for tasks to queue
[2025-02-10T11:47:02.884+0000] {logging_mixin.py:190} INFO - [2025-02-10T11:47:02.884+0000] {dagbag.py:588} INFO - Filling up the DagBag from /opt/airflow/dags/sample.py
[2025-02-10T11:47:02.894+0000] {processor.py:925} INFO - DAG(s) 'hello_world_dag' retrieved from /opt/airflow/dags/sample.py
[2025-02-10T11:47:02.930+0000] {logging_mixin.py:190} INFO - [2025-02-10T11:47:02.930+0000] {dag.py:3239} INFO - Sync 1 DAGs
[2025-02-10T11:47:02.948+0000] {logging_mixin.py:190} INFO - [2025-02-10T11:47:02.948+0000] {dag.py:4180} INFO - Setting next_dagrun for hello_world_dag to None, run_after=None
[2025-02-10T11:47:03.161+0000] {processor.py:208} INFO - Processing /opt/airflow/dags/sample.py took 0.286 seconds
[2025-02-10T11:47:34.249+0000] {processor.py:186} INFO - Started process (PID=758) to work on /opt/airflow/dags/sample.py
[2025-02-10T11:47:34.251+0000] {processor.py:914} INFO - Processing file /opt/airflow/dags/sample.py for tasks to queue
[2025-02-10T11:47:34.252+0000] {logging_mixin.py:190} INFO - [2025-02-10T11:47:34.252+0000] {dagbag.py:588} INFO - Filling up the DagBag from /opt/airflow/dags/sample.py
[2025-02-10T11:47:34.263+0000] {processor.py:925} INFO - DAG(s) 'hello_world_dag' retrieved from /opt/airflow/dags/sample.py
[2025-02-10T11:47:34.296+0000] {logging_mixin.py:190} INFO - [2025-02-10T11:47:34.295+0000] {dag.py:3239} INFO - Sync 1 DAGs
[2025-02-10T11:47:34.487+0000] {logging_mixin.py:190} INFO - [2025-02-10T11:47:34.487+0000] {dag.py:4180} INFO - Setting next_dagrun for hello_world_dag to None, run_after=None
[2025-02-10T11:47:34.534+0000] {processor.py:208} INFO - Processing /opt/airflow/dags/sample.py took 0.291 seconds
[2025-02-10T11:48:05.171+0000] {processor.py:186} INFO - Started process (PID=762) to work on /opt/airflow/dags/sample.py
[2025-02-10T11:48:05.173+0000] {processor.py:914} INFO - Processing file /opt/airflow/dags/sample.py for tasks to queue
[2025-02-10T11:48:05.175+0000] {logging_mixin.py:190} INFO - [2025-02-10T11:48:05.175+0000] {dagbag.py:588} INFO - Filling up the DagBag from /opt/airflow/dags/sample.py
[2025-02-10T11:48:05.186+0000] {processor.py:925} INFO - DAG(s) 'hello_world_dag' retrieved from /opt/airflow/dags/sample.py
[2025-02-10T11:48:05.217+0000] {logging_mixin.py:190} INFO - [2025-02-10T11:48:05.217+0000] {dag.py:3239} INFO - Sync 1 DAGs
[2025-02-10T11:48:05.398+0000] {logging_mixin.py:190} INFO - [2025-02-10T11:48:05.397+0000] {dag.py:4180} INFO - Setting next_dagrun for hello_world_dag to None, run_after=None
[2025-02-10T11:48:05.443+0000] {processor.py:208} INFO - Processing /opt/airflow/dags/sample.py took 0.278 seconds
[2025-02-10T11:48:36.035+0000] {processor.py:186} INFO - Started process (PID=766) to work on /opt/airflow/dags/sample.py
[2025-02-10T11:48:36.036+0000] {processor.py:914} INFO - Processing file /opt/airflow/dags/sample.py for tasks to queue
[2025-02-10T11:48:36.037+0000] {logging_mixin.py:190} INFO - [2025-02-10T11:48:36.037+0000] {dagbag.py:588} INFO - Filling up the DagBag from /opt/airflow/dags/sample.py
[2025-02-10T11:48:36.047+0000] {processor.py:925} INFO - DAG(s) 'hello_world_dag' retrieved from /opt/airflow/dags/sample.py
[2025-02-10T11:48:36.260+0000] {logging_mixin.py:190} INFO - [2025-02-10T11:48:36.259+0000] {dag.py:3239} INFO - Sync 1 DAGs
[2025-02-10T11:48:36.274+0000] {logging_mixin.py:190} INFO - [2025-02-10T11:48:36.274+0000] {dag.py:4180} INFO - Setting next_dagrun for hello_world_dag to None, run_after=None
[2025-02-10T11:48:36.312+0000] {processor.py:208} INFO - Processing /opt/airflow/dags/sample.py took 0.284 seconds
[2025-02-10T11:49:06.906+0000] {processor.py:186} INFO - Started process (PID=770) to work on /opt/airflow/dags/sample.py
[2025-02-10T11:49:06.908+0000] {processor.py:914} INFO - Processing file /opt/airflow/dags/sample.py for tasks to queue
[2025-02-10T11:49:06.909+0000] {logging_mixin.py:190} INFO - [2025-02-10T11:49:06.909+0000] {dagbag.py:588} INFO - Filling up the DagBag from /opt/airflow/dags/sample.py
[2025-02-10T11:49:06.920+0000] {processor.py:925} INFO - DAG(s) 'hello_world_dag' retrieved from /opt/airflow/dags/sample.py
[2025-02-10T11:49:06.959+0000] {logging_mixin.py:190} INFO - [2025-02-10T11:49:06.958+0000] {dag.py:3239} INFO - Sync 1 DAGs
[2025-02-10T11:49:06.975+0000] {logging_mixin.py:190} INFO - [2025-02-10T11:49:06.975+0000] {dag.py:4180} INFO - Setting next_dagrun for hello_world_dag to None, run_after=None
[2025-02-10T11:49:07.017+0000] {processor.py:208} INFO - Processing /opt/airflow/dags/sample.py took 0.117 seconds
[2025-02-10T11:49:37.863+0000] {processor.py:186} INFO - Started process (PID=774) to work on /opt/airflow/dags/sample.py
[2025-02-10T11:49:37.864+0000] {processor.py:914} INFO - Processing file /opt/airflow/dags/sample.py for tasks to queue
[2025-02-10T11:49:37.866+0000] {logging_mixin.py:190} INFO - [2025-02-10T11:49:37.865+0000] {dagbag.py:588} INFO - Filling up the DagBag from /opt/airflow/dags/sample.py
[2025-02-10T11:49:37.880+0000] {processor.py:925} INFO - DAG(s) 'hello_world_dag' retrieved from /opt/airflow/dags/sample.py
[2025-02-10T11:49:37.931+0000] {logging_mixin.py:190} INFO - [2025-02-10T11:49:37.931+0000] {dag.py:3239} INFO - Sync 1 DAGs
[2025-02-10T11:49:37.954+0000] {logging_mixin.py:190} INFO - [2025-02-10T11:49:37.953+0000] {dag.py:4180} INFO - Setting next_dagrun for hello_world_dag to None, run_after=None
[2025-02-10T11:49:38.048+0000] {processor.py:208} INFO - Processing /opt/airflow/dags/sample.py took 0.192 seconds
[2025-02-10T11:50:09.728+0000] {processor.py:186} INFO - Started process (PID=778) to work on /opt/airflow/dags/sample.py
[2025-02-10T11:50:09.730+0000] {processor.py:914} INFO - Processing file /opt/airflow/dags/sample.py for tasks to queue
[2025-02-10T11:50:09.732+0000] {logging_mixin.py:190} INFO - [2025-02-10T11:50:09.732+0000] {dagbag.py:588} INFO - Filling up the DagBag from /opt/airflow/dags/sample.py
[2025-02-10T11:50:09.743+0000] {processor.py:925} INFO - DAG(s) 'hello_world_dag' retrieved from /opt/airflow/dags/sample.py
[2025-02-10T11:50:09.785+0000] {logging_mixin.py:190} INFO - [2025-02-10T11:50:09.785+0000] {dag.py:3239} INFO - Sync 1 DAGs
[2025-02-10T11:50:09.802+0000] {logging_mixin.py:190} INFO - [2025-02-10T11:50:09.802+0000] {dag.py:4180} INFO - Setting next_dagrun for hello_world_dag to None, run_after=None
[2025-02-10T11:50:09.850+0000] {processor.py:208} INFO - Processing /opt/airflow/dags/sample.py took 0.130 seconds
[2025-02-10T11:50:40.080+0000] {processor.py:186} INFO - Started process (PID=782) to work on /opt/airflow/dags/sample.py
[2025-02-10T11:50:40.081+0000] {processor.py:914} INFO - Processing file /opt/airflow/dags/sample.py for tasks to queue
[2025-02-10T11:50:40.083+0000] {logging_mixin.py:190} INFO - [2025-02-10T11:50:40.082+0000] {dagbag.py:588} INFO - Filling up the DagBag from /opt/airflow/dags/sample.py
[2025-02-10T11:50:40.092+0000] {processor.py:925} INFO - DAG(s) 'hello_world_dag' retrieved from /opt/airflow/dags/sample.py
[2025-02-10T11:50:40.128+0000] {logging_mixin.py:190} INFO - [2025-02-10T11:50:40.128+0000] {dag.py:3239} INFO - Sync 1 DAGs
[2025-02-10T11:50:40.143+0000] {logging_mixin.py:190} INFO - [2025-02-10T11:50:40.142+0000] {dag.py:4180} INFO - Setting next_dagrun for hello_world_dag to None, run_after=None
[2025-02-10T11:50:40.187+0000] {processor.py:208} INFO - Processing /opt/airflow/dags/sample.py took 0.113 seconds
[2025-02-10T11:51:11.573+0000] {processor.py:186} INFO - Started process (PID=786) to work on /opt/airflow/dags/sample.py
[2025-02-10T11:51:11.575+0000] {processor.py:914} INFO - Processing file /opt/airflow/dags/sample.py for tasks to queue
[2025-02-10T11:51:11.576+0000] {logging_mixin.py:190} INFO - [2025-02-10T11:51:11.576+0000] {dagbag.py:588} INFO - Filling up the DagBag from /opt/airflow/dags/sample.py
[2025-02-10T11:51:11.586+0000] {processor.py:925} INFO - DAG(s) 'hello_world_dag' retrieved from /opt/airflow/dags/sample.py
[2025-02-10T11:51:11.625+0000] {logging_mixin.py:190} INFO - [2025-02-10T11:51:11.625+0000] {dag.py:3239} INFO - Sync 1 DAGs
[2025-02-10T11:51:11.641+0000] {logging_mixin.py:190} INFO - [2025-02-10T11:51:11.640+0000] {dag.py:4180} INFO - Setting next_dagrun for hello_world_dag to None, run_after=None
[2025-02-10T11:51:11.684+0000] {processor.py:208} INFO - Processing /opt/airflow/dags/sample.py took 0.121 seconds
[2025-02-10T11:51:42.403+0000] {processor.py:186} INFO - Started process (PID=790) to work on /opt/airflow/dags/sample.py
[2025-02-10T11:51:42.404+0000] {processor.py:914} INFO - Processing file /opt/airflow/dags/sample.py for tasks to queue
[2025-02-10T11:51:42.407+0000] {logging_mixin.py:190} INFO - [2025-02-10T11:51:42.406+0000] {dagbag.py:588} INFO - Filling up the DagBag from /opt/airflow/dags/sample.py
[2025-02-10T11:51:42.415+0000] {processor.py:925} INFO - DAG(s) 'hello_world_dag' retrieved from /opt/airflow/dags/sample.py
[2025-02-10T11:51:42.446+0000] {logging_mixin.py:190} INFO - [2025-02-10T11:51:42.446+0000] {dag.py:3239} INFO - Sync 1 DAGs
[2025-02-10T11:51:42.462+0000] {logging_mixin.py:190} INFO - [2025-02-10T11:51:42.462+0000] {dag.py:4180} INFO - Setting next_dagrun for hello_world_dag to None, run_after=None
[2025-02-10T11:51:42.504+0000] {processor.py:208} INFO - Processing /opt/airflow/dags/sample.py took 0.108 seconds
[2025-02-10T11:52:13.198+0000] {processor.py:186} INFO - Started process (PID=794) to work on /opt/airflow/dags/sample.py
[2025-02-10T11:52:13.199+0000] {processor.py:914} INFO - Processing file /opt/airflow/dags/sample.py for tasks to queue
[2025-02-10T11:52:13.201+0000] {logging_mixin.py:190} INFO - [2025-02-10T11:52:13.200+0000] {dagbag.py:588} INFO - Filling up the DagBag from /opt/airflow/dags/sample.py
[2025-02-10T11:52:13.210+0000] {processor.py:925} INFO - DAG(s) 'hello_world_dag' retrieved from /opt/airflow/dags/sample.py
[2025-02-10T11:52:13.241+0000] {logging_mixin.py:190} INFO - [2025-02-10T11:52:13.241+0000] {dag.py:3239} INFO - Sync 1 DAGs
[2025-02-10T11:52:13.255+0000] {logging_mixin.py:190} INFO - [2025-02-10T11:52:13.255+0000] {dag.py:4180} INFO - Setting next_dagrun for hello_world_dag to None, run_after=None
[2025-02-10T11:52:13.297+0000] {processor.py:208} INFO - Processing /opt/airflow/dags/sample.py took 0.106 seconds
[2025-02-10T11:52:44.030+0000] {processor.py:186} INFO - Started process (PID=798) to work on /opt/airflow/dags/sample.py
[2025-02-10T11:52:44.031+0000] {processor.py:914} INFO - Processing file /opt/airflow/dags/sample.py for tasks to queue
[2025-02-10T11:52:44.034+0000] {logging_mixin.py:190} INFO - [2025-02-10T11:52:44.033+0000] {dagbag.py:588} INFO - Filling up the DagBag from /opt/airflow/dags/sample.py
[2025-02-10T11:52:44.047+0000] {processor.py:925} INFO - DAG(s) 'hello_world_dag' retrieved from /opt/airflow/dags/sample.py
[2025-02-10T11:52:44.086+0000] {logging_mixin.py:190} INFO - [2025-02-10T11:52:44.086+0000] {dag.py:3239} INFO - Sync 1 DAGs
[2025-02-10T11:52:44.108+0000] {logging_mixin.py:190} INFO - [2025-02-10T11:52:44.107+0000] {dag.py:4180} INFO - Setting next_dagrun for hello_world_dag to None, run_after=None
[2025-02-10T11:52:44.164+0000] {processor.py:208} INFO - Processing /opt/airflow/dags/sample.py took 0.142 seconds
[2025-02-10T11:53:14.820+0000] {processor.py:186} INFO - Started process (PID=802) to work on /opt/airflow/dags/sample.py
[2025-02-10T11:53:14.822+0000] {processor.py:914} INFO - Processing file /opt/airflow/dags/sample.py for tasks to queue
[2025-02-10T11:53:14.824+0000] {logging_mixin.py:190} INFO - [2025-02-10T11:53:14.823+0000] {dagbag.py:588} INFO - Filling up the DagBag from /opt/airflow/dags/sample.py
[2025-02-10T11:53:14.835+0000] {processor.py:925} INFO - DAG(s) 'hello_world_dag' retrieved from /opt/airflow/dags/sample.py
[2025-02-10T11:53:14.874+0000] {logging_mixin.py:190} INFO - [2025-02-10T11:53:14.874+0000] {dag.py:3239} INFO - Sync 1 DAGs
[2025-02-10T11:53:14.891+0000] {logging_mixin.py:190} INFO - [2025-02-10T11:53:14.890+0000] {dag.py:4180} INFO - Setting next_dagrun for hello_world_dag to None, run_after=None
[2025-02-10T11:53:14.940+0000] {processor.py:208} INFO - Processing /opt/airflow/dags/sample.py took 0.127 seconds
[2025-02-10T11:53:45.180+0000] {processor.py:186} INFO - Started process (PID=806) to work on /opt/airflow/dags/sample.py
[2025-02-10T11:53:45.183+0000] {processor.py:914} INFO - Processing file /opt/airflow/dags/sample.py for tasks to queue
[2025-02-10T11:53:45.186+0000] {logging_mixin.py:190} INFO - [2025-02-10T11:53:45.186+0000] {dagbag.py:588} INFO - Filling up the DagBag from /opt/airflow/dags/sample.py
[2025-02-10T11:53:45.197+0000] {processor.py:925} INFO - DAG(s) 'hello_world_dag' retrieved from /opt/airflow/dags/sample.py
[2025-02-10T11:53:45.240+0000] {logging_mixin.py:190} INFO - [2025-02-10T11:53:45.239+0000] {dag.py:3239} INFO - Sync 1 DAGs
[2025-02-10T11:53:45.260+0000] {logging_mixin.py:190} INFO - [2025-02-10T11:53:45.260+0000] {dag.py:4180} INFO - Setting next_dagrun for hello_world_dag to None, run_after=None
[2025-02-10T11:53:45.320+0000] {processor.py:208} INFO - Processing /opt/airflow/dags/sample.py took 0.149 seconds
[2025-02-10T11:54:15.571+0000] {processor.py:186} INFO - Started process (PID=810) to work on /opt/airflow/dags/sample.py
[2025-02-10T11:54:15.572+0000] {processor.py:914} INFO - Processing file /opt/airflow/dags/sample.py for tasks to queue
[2025-02-10T11:54:15.574+0000] {logging_mixin.py:190} INFO - [2025-02-10T11:54:15.573+0000] {dagbag.py:588} INFO - Filling up the DagBag from /opt/airflow/dags/sample.py
[2025-02-10T11:54:15.583+0000] {processor.py:925} INFO - DAG(s) 'hello_world_dag' retrieved from /opt/airflow/dags/sample.py
[2025-02-10T11:54:15.620+0000] {logging_mixin.py:190} INFO - [2025-02-10T11:54:15.619+0000] {dag.py:3239} INFO - Sync 1 DAGs
[2025-02-10T11:54:15.638+0000] {logging_mixin.py:190} INFO - [2025-02-10T11:54:15.637+0000] {dag.py:4180} INFO - Setting next_dagrun for hello_world_dag to None, run_after=None
[2025-02-10T11:54:15.685+0000] {processor.py:208} INFO - Processing /opt/airflow/dags/sample.py took 0.122 seconds
[2025-02-10T11:54:47.244+0000] {processor.py:186} INFO - Started process (PID=814) to work on /opt/airflow/dags/sample.py
[2025-02-10T11:54:47.246+0000] {processor.py:914} INFO - Processing file /opt/airflow/dags/sample.py for tasks to queue
[2025-02-10T11:54:47.248+0000] {logging_mixin.py:190} INFO - [2025-02-10T11:54:47.247+0000] {dagbag.py:588} INFO - Filling up the DagBag from /opt/airflow/dags/sample.py
[2025-02-10T11:54:47.258+0000] {processor.py:925} INFO - DAG(s) 'hello_world_dag' retrieved from /opt/airflow/dags/sample.py
[2025-02-10T11:54:47.292+0000] {logging_mixin.py:190} INFO - [2025-02-10T11:54:47.291+0000] {dag.py:3239} INFO - Sync 1 DAGs
[2025-02-10T11:54:47.310+0000] {logging_mixin.py:190} INFO - [2025-02-10T11:54:47.310+0000] {dag.py:4180} INFO - Setting next_dagrun for hello_world_dag to None, run_after=None
[2025-02-10T11:54:47.357+0000] {processor.py:208} INFO - Processing /opt/airflow/dags/sample.py took 0.120 seconds
[2025-02-10T11:55:18.044+0000] {processor.py:186} INFO - Started process (PID=818) to work on /opt/airflow/dags/sample.py
[2025-02-10T11:55:18.045+0000] {processor.py:914} INFO - Processing file /opt/airflow/dags/sample.py for tasks to queue
[2025-02-10T11:55:18.047+0000] {logging_mixin.py:190} INFO - [2025-02-10T11:55:18.047+0000] {dagbag.py:588} INFO - Filling up the DagBag from /opt/airflow/dags/sample.py
[2025-02-10T11:55:18.057+0000] {processor.py:925} INFO - DAG(s) 'hello_world_dag' retrieved from /opt/airflow/dags/sample.py
[2025-02-10T11:55:18.096+0000] {logging_mixin.py:190} INFO - [2025-02-10T11:55:18.095+0000] {dag.py:3239} INFO - Sync 1 DAGs
[2025-02-10T11:55:18.117+0000] {logging_mixin.py:190} INFO - [2025-02-10T11:55:18.117+0000] {dag.py:4180} INFO - Setting next_dagrun for hello_world_dag to None, run_after=None
[2025-02-10T11:55:18.163+0000] {processor.py:208} INFO - Processing /opt/airflow/dags/sample.py took 0.126 seconds
[2025-02-10T11:55:48.984+0000] {processor.py:186} INFO - Started process (PID=822) to work on /opt/airflow/dags/sample.py
[2025-02-10T11:55:48.985+0000] {processor.py:914} INFO - Processing file /opt/airflow/dags/sample.py for tasks to queue
[2025-02-10T11:55:48.987+0000] {logging_mixin.py:190} INFO - [2025-02-10T11:55:48.987+0000] {dagbag.py:588} INFO - Filling up the DagBag from /opt/airflow/dags/sample.py
[2025-02-10T11:55:48.997+0000] {processor.py:925} INFO - DAG(s) 'hello_world_dag' retrieved from /opt/airflow/dags/sample.py
[2025-02-10T11:55:49.031+0000] {logging_mixin.py:190} INFO - [2025-02-10T11:55:49.031+0000] {dag.py:3239} INFO - Sync 1 DAGs
[2025-02-10T11:55:49.050+0000] {logging_mixin.py:190} INFO - [2025-02-10T11:55:49.050+0000] {dag.py:4180} INFO - Setting next_dagrun for hello_world_dag to None, run_after=None
[2025-02-10T11:55:49.100+0000] {processor.py:208} INFO - Processing /opt/airflow/dags/sample.py took 0.123 seconds
[2025-02-10T11:56:19.788+0000] {processor.py:186} INFO - Started process (PID=826) to work on /opt/airflow/dags/sample.py
[2025-02-10T11:56:19.789+0000] {processor.py:914} INFO - Processing file /opt/airflow/dags/sample.py for tasks to queue
[2025-02-10T11:56:19.791+0000] {logging_mixin.py:190} INFO - [2025-02-10T11:56:19.790+0000] {dagbag.py:588} INFO - Filling up the DagBag from /opt/airflow/dags/sample.py
[2025-02-10T11:56:19.800+0000] {processor.py:925} INFO - DAG(s) 'hello_world_dag' retrieved from /opt/airflow/dags/sample.py
[2025-02-10T11:56:19.838+0000] {logging_mixin.py:190} INFO - [2025-02-10T11:56:19.837+0000] {dag.py:3239} INFO - Sync 1 DAGs
[2025-02-10T11:56:19.854+0000] {logging_mixin.py:190} INFO - [2025-02-10T11:56:19.854+0000] {dag.py:4180} INFO - Setting next_dagrun for hello_world_dag to None, run_after=None
[2025-02-10T11:56:19.898+0000] {processor.py:208} INFO - Processing /opt/airflow/dags/sample.py took 0.117 seconds
[2025-02-10T11:56:50.571+0000] {processor.py:186} INFO - Started process (PID=830) to work on /opt/airflow/dags/sample.py
[2025-02-10T11:56:50.573+0000] {processor.py:914} INFO - Processing file /opt/airflow/dags/sample.py for tasks to queue
[2025-02-10T11:56:50.575+0000] {logging_mixin.py:190} INFO - [2025-02-10T11:56:50.574+0000] {dagbag.py:588} INFO - Filling up the DagBag from /opt/airflow/dags/sample.py
[2025-02-10T11:56:50.585+0000] {processor.py:925} INFO - DAG(s) 'hello_world_dag' retrieved from /opt/airflow/dags/sample.py
[2025-02-10T11:56:50.619+0000] {logging_mixin.py:190} INFO - [2025-02-10T11:56:50.619+0000] {dag.py:3239} INFO - Sync 1 DAGs
[2025-02-10T11:56:50.634+0000] {logging_mixin.py:190} INFO - [2025-02-10T11:56:50.634+0000] {dag.py:4180} INFO - Setting next_dagrun for hello_world_dag to None, run_after=None
[2025-02-10T11:56:50.676+0000] {processor.py:208} INFO - Processing /opt/airflow/dags/sample.py took 0.112 seconds
[2025-02-10T11:57:21.402+0000] {processor.py:186} INFO - Started process (PID=834) to work on /opt/airflow/dags/sample.py
[2025-02-10T11:57:21.404+0000] {processor.py:914} INFO - Processing file /opt/airflow/dags/sample.py for tasks to queue
[2025-02-10T11:57:21.406+0000] {logging_mixin.py:190} INFO - [2025-02-10T11:57:21.405+0000] {dagbag.py:588} INFO - Filling up the DagBag from /opt/airflow/dags/sample.py
[2025-02-10T11:57:21.416+0000] {processor.py:925} INFO - DAG(s) 'hello_world_dag' retrieved from /opt/airflow/dags/sample.py
[2025-02-10T11:57:21.451+0000] {logging_mixin.py:190} INFO - [2025-02-10T11:57:21.451+0000] {dag.py:3239} INFO - Sync 1 DAGs
[2025-02-10T11:57:21.468+0000] {logging_mixin.py:190} INFO - [2025-02-10T11:57:21.467+0000] {dag.py:4180} INFO - Setting next_dagrun for hello_world_dag to None, run_after=None
[2025-02-10T11:57:21.513+0000] {processor.py:208} INFO - Processing /opt/airflow/dags/sample.py took 0.118 seconds
[2025-02-10T11:57:52.155+0000] {processor.py:186} INFO - Started process (PID=838) to work on /opt/airflow/dags/sample.py
[2025-02-10T11:57:52.157+0000] {processor.py:914} INFO - Processing file /opt/airflow/dags/sample.py for tasks to queue
[2025-02-10T11:57:52.158+0000] {logging_mixin.py:190} INFO - [2025-02-10T11:57:52.158+0000] {dagbag.py:588} INFO - Filling up the DagBag from /opt/airflow/dags/sample.py
[2025-02-10T11:57:52.168+0000] {processor.py:925} INFO - DAG(s) 'hello_world_dag' retrieved from /opt/airflow/dags/sample.py
[2025-02-10T11:57:52.197+0000] {logging_mixin.py:190} INFO - [2025-02-10T11:57:52.197+0000] {dag.py:3239} INFO - Sync 1 DAGs
[2025-02-10T11:57:52.211+0000] {logging_mixin.py:190} INFO - [2025-02-10T11:57:52.211+0000] {dag.py:4180} INFO - Setting next_dagrun for hello_world_dag to None, run_after=None
[2025-02-10T11:57:52.259+0000] {processor.py:208} INFO - Processing /opt/airflow/dags/sample.py took 0.110 seconds
[2025-02-10T11:58:22.927+0000] {processor.py:186} INFO - Started process (PID=842) to work on /opt/airflow/dags/sample.py
[2025-02-10T11:58:22.928+0000] {processor.py:914} INFO - Processing file /opt/airflow/dags/sample.py for tasks to queue
[2025-02-10T11:58:22.930+0000] {logging_mixin.py:190} INFO - [2025-02-10T11:58:22.929+0000] {dagbag.py:588} INFO - Filling up the DagBag from /opt/airflow/dags/sample.py
[2025-02-10T11:58:22.939+0000] {processor.py:925} INFO - DAG(s) 'hello_world_dag' retrieved from /opt/airflow/dags/sample.py
[2025-02-10T11:58:22.972+0000] {logging_mixin.py:190} INFO - [2025-02-10T11:58:22.972+0000] {dag.py:3239} INFO - Sync 1 DAGs
[2025-02-10T11:58:22.993+0000] {logging_mixin.py:190} INFO - [2025-02-10T11:58:22.993+0000] {dag.py:4180} INFO - Setting next_dagrun for hello_world_dag to None, run_after=None
[2025-02-10T11:58:23.043+0000] {processor.py:208} INFO - Processing /opt/airflow/dags/sample.py took 0.123 seconds
[2025-02-10T11:58:53.576+0000] {processor.py:186} INFO - Started process (PID=846) to work on /opt/airflow/dags/sample.py
[2025-02-10T11:58:53.579+0000] {processor.py:914} INFO - Processing file /opt/airflow/dags/sample.py for tasks to queue
[2025-02-10T11:58:53.581+0000] {logging_mixin.py:190} INFO - [2025-02-10T11:58:53.580+0000] {dagbag.py:588} INFO - Filling up the DagBag from /opt/airflow/dags/sample.py
[2025-02-10T11:58:53.591+0000] {processor.py:925} INFO - DAG(s) 'hello_world_dag' retrieved from /opt/airflow/dags/sample.py
[2025-02-10T11:58:53.625+0000] {logging_mixin.py:190} INFO - [2025-02-10T11:58:53.624+0000] {dag.py:3239} INFO - Sync 1 DAGs
[2025-02-10T11:58:53.643+0000] {logging_mixin.py:190} INFO - [2025-02-10T11:58:53.643+0000] {dag.py:4180} INFO - Setting next_dagrun for hello_world_dag to None, run_after=None
[2025-02-10T11:58:53.689+0000] {processor.py:208} INFO - Processing /opt/airflow/dags/sample.py took 0.120 seconds
[2025-02-10T11:59:24.246+0000] {processor.py:186} INFO - Started process (PID=850) to work on /opt/airflow/dags/sample.py
[2025-02-10T11:59:24.247+0000] {processor.py:914} INFO - Processing file /opt/airflow/dags/sample.py for tasks to queue
[2025-02-10T11:59:24.248+0000] {logging_mixin.py:190} INFO - [2025-02-10T11:59:24.248+0000] {dagbag.py:588} INFO - Filling up the DagBag from /opt/airflow/dags/sample.py
[2025-02-10T11:59:24.258+0000] {processor.py:925} INFO - DAG(s) 'hello_world_dag' retrieved from /opt/airflow/dags/sample.py
[2025-02-10T11:59:24.291+0000] {logging_mixin.py:190} INFO - [2025-02-10T11:59:24.291+0000] {dag.py:3239} INFO - Sync 1 DAGs
[2025-02-10T11:59:24.307+0000] {logging_mixin.py:190} INFO - [2025-02-10T11:59:24.307+0000] {dag.py:4180} INFO - Setting next_dagrun for hello_world_dag to None, run_after=None
[2025-02-10T11:59:24.351+0000] {processor.py:208} INFO - Processing /opt/airflow/dags/sample.py took 0.113 seconds
[2025-02-10T11:59:55.109+0000] {processor.py:186} INFO - Started process (PID=854) to work on /opt/airflow/dags/sample.py
[2025-02-10T11:59:55.111+0000] {processor.py:914} INFO - Processing file /opt/airflow/dags/sample.py for tasks to queue
[2025-02-10T11:59:55.114+0000] {logging_mixin.py:190} INFO - [2025-02-10T11:59:55.113+0000] {dagbag.py:588} INFO - Filling up the DagBag from /opt/airflow/dags/sample.py
[2025-02-10T11:59:55.126+0000] {processor.py:925} INFO - DAG(s) 'hello_world_dag' retrieved from /opt/airflow/dags/sample.py
[2025-02-10T11:59:55.174+0000] {logging_mixin.py:190} INFO - [2025-02-10T11:59:55.174+0000] {dag.py:3239} INFO - Sync 1 DAGs
[2025-02-10T11:59:55.228+0000] {logging_mixin.py:190} INFO - [2025-02-10T11:59:55.227+0000] {dag.py:4180} INFO - Setting next_dagrun for hello_world_dag to None, run_after=None
[2025-02-10T11:59:55.289+0000] {processor.py:208} INFO - Processing /opt/airflow/dags/sample.py took 0.191 seconds
[2025-02-10T12:00:25.933+0000] {processor.py:186} INFO - Started process (PID=858) to work on /opt/airflow/dags/sample.py
[2025-02-10T12:00:25.934+0000] {processor.py:914} INFO - Processing file /opt/airflow/dags/sample.py for tasks to queue
[2025-02-10T12:00:25.936+0000] {logging_mixin.py:190} INFO - [2025-02-10T12:00:25.935+0000] {dagbag.py:588} INFO - Filling up the DagBag from /opt/airflow/dags/sample.py
[2025-02-10T12:00:25.950+0000] {processor.py:925} INFO - DAG(s) 'hello_world_dag' retrieved from /opt/airflow/dags/sample.py
[2025-02-10T12:00:25.988+0000] {logging_mixin.py:190} INFO - [2025-02-10T12:00:25.988+0000] {dag.py:3239} INFO - Sync 1 DAGs
[2025-02-10T12:00:26.008+0000] {logging_mixin.py:190} INFO - [2025-02-10T12:00:26.008+0000] {dag.py:4180} INFO - Setting next_dagrun for hello_world_dag to None, run_after=None
[2025-02-10T12:00:26.071+0000] {processor.py:208} INFO - Processing /opt/airflow/dags/sample.py took 0.148 seconds
[2025-02-10T12:01:19.164+0000] {processor.py:186} INFO - Started process (PID=1009) to work on /opt/airflow/dags/sample.py
[2025-02-10T12:01:19.166+0000] {processor.py:914} INFO - Processing file /opt/airflow/dags/sample.py for tasks to queue
[2025-02-10T12:01:19.168+0000] {logging_mixin.py:190} INFO - [2025-02-10T12:01:19.168+0000] {dagbag.py:588} INFO - Filling up the DagBag from /opt/airflow/dags/sample.py
[2025-02-10T12:01:19.180+0000] {processor.py:925} INFO - DAG(s) 'hello_world_dag' retrieved from /opt/airflow/dags/sample.py
[2025-02-10T12:01:19.215+0000] {logging_mixin.py:190} INFO - [2025-02-10T12:01:19.214+0000] {dag.py:3239} INFO - Sync 1 DAGs
[2025-02-10T12:01:19.231+0000] {logging_mixin.py:190} INFO - [2025-02-10T12:01:19.230+0000] {dag.py:4180} INFO - Setting next_dagrun for hello_world_dag to None, run_after=None
[2025-02-10T12:01:19.279+0000] {processor.py:208} INFO - Processing /opt/airflow/dags/sample.py took 0.122 seconds
[2025-02-10T12:03:51.949+0000] {processor.py:186} INFO - Started process (PID=1634) to work on /opt/airflow/dags/sample.py
[2025-02-10T12:03:51.951+0000] {processor.py:914} INFO - Processing file /opt/airflow/dags/sample.py for tasks to queue
[2025-02-10T12:03:51.954+0000] {logging_mixin.py:190} INFO - [2025-02-10T12:03:51.953+0000] {dagbag.py:588} INFO - Filling up the DagBag from /opt/airflow/dags/sample.py
[2025-02-10T12:03:51.965+0000] {processor.py:925} INFO - DAG(s) 'hello_world_dag' retrieved from /opt/airflow/dags/sample.py
[2025-02-10T12:03:52.006+0000] {logging_mixin.py:190} INFO - [2025-02-10T12:03:52.006+0000] {dag.py:3239} INFO - Sync 1 DAGs
[2025-02-10T12:03:52.027+0000] {logging_mixin.py:190} INFO - [2025-02-10T12:03:52.026+0000] {dag.py:4180} INFO - Setting next_dagrun for hello_world_dag to None, run_after=None
[2025-02-10T12:03:52.080+0000] {processor.py:208} INFO - Processing /opt/airflow/dags/sample.py took 0.137 seconds
[2025-02-10T12:04:23.130+0000] {processor.py:186} INFO - Started process (PID=1638) to work on /opt/airflow/dags/sample.py
[2025-02-10T12:04:23.131+0000] {processor.py:914} INFO - Processing file /opt/airflow/dags/sample.py for tasks to queue
[2025-02-10T12:04:23.133+0000] {logging_mixin.py:190} INFO - [2025-02-10T12:04:23.132+0000] {dagbag.py:588} INFO - Filling up the DagBag from /opt/airflow/dags/sample.py
[2025-02-10T12:04:23.142+0000] {processor.py:925} INFO - DAG(s) 'hello_world_dag' retrieved from /opt/airflow/dags/sample.py
[2025-02-10T12:04:23.177+0000] {logging_mixin.py:190} INFO - [2025-02-10T12:04:23.176+0000] {dag.py:3239} INFO - Sync 1 DAGs
[2025-02-10T12:04:23.196+0000] {logging_mixin.py:190} INFO - [2025-02-10T12:04:23.196+0000] {dag.py:4180} INFO - Setting next_dagrun for hello_world_dag to None, run_after=None
[2025-02-10T12:04:23.237+0000] {processor.py:208} INFO - Processing /opt/airflow/dags/sample.py took 0.114 seconds
[2025-02-10T12:04:54.750+0000] {processor.py:186} INFO - Started process (PID=1642) to work on /opt/airflow/dags/sample.py
[2025-02-10T12:04:54.752+0000] {processor.py:914} INFO - Processing file /opt/airflow/dags/sample.py for tasks to queue
[2025-02-10T12:04:54.754+0000] {logging_mixin.py:190} INFO - [2025-02-10T12:04:54.753+0000] {dagbag.py:588} INFO - Filling up the DagBag from /opt/airflow/dags/sample.py
[2025-02-10T12:04:54.765+0000] {processor.py:925} INFO - DAG(s) 'hello_world_dag' retrieved from /opt/airflow/dags/sample.py
[2025-02-10T12:04:54.825+0000] {logging_mixin.py:190} INFO - [2025-02-10T12:04:54.825+0000] {dag.py:3239} INFO - Sync 1 DAGs
[2025-02-10T12:04:54.843+0000] {logging_mixin.py:190} INFO - [2025-02-10T12:04:54.843+0000] {dag.py:4180} INFO - Setting next_dagrun for hello_world_dag to None, run_after=None
[2025-02-10T12:04:54.895+0000] {processor.py:208} INFO - Processing /opt/airflow/dags/sample.py took 0.152 seconds
[2025-02-10T12:05:25.482+0000] {processor.py:186} INFO - Started process (PID=1646) to work on /opt/airflow/dags/sample.py
[2025-02-10T12:05:25.483+0000] {processor.py:914} INFO - Processing file /opt/airflow/dags/sample.py for tasks to queue
[2025-02-10T12:05:25.485+0000] {logging_mixin.py:190} INFO - [2025-02-10T12:05:25.485+0000] {dagbag.py:588} INFO - Filling up the DagBag from /opt/airflow/dags/sample.py
[2025-02-10T12:05:25.496+0000] {processor.py:925} INFO - DAG(s) 'hello_world_dag' retrieved from /opt/airflow/dags/sample.py
[2025-02-10T12:05:25.532+0000] {logging_mixin.py:190} INFO - [2025-02-10T12:05:25.532+0000] {dag.py:3239} INFO - Sync 1 DAGs
[2025-02-10T12:05:25.552+0000] {logging_mixin.py:190} INFO - [2025-02-10T12:05:25.551+0000] {dag.py:4180} INFO - Setting next_dagrun for hello_world_dag to None, run_after=None
[2025-02-10T12:05:25.602+0000] {processor.py:208} INFO - Processing /opt/airflow/dags/sample.py took 0.127 seconds
[2025-02-10T12:05:56.190+0000] {processor.py:186} INFO - Started process (PID=1650) to work on /opt/airflow/dags/sample.py
[2025-02-10T12:05:56.191+0000] {processor.py:914} INFO - Processing file /opt/airflow/dags/sample.py for tasks to queue
[2025-02-10T12:05:56.195+0000] {logging_mixin.py:190} INFO - [2025-02-10T12:05:56.194+0000] {dagbag.py:588} INFO - Filling up the DagBag from /opt/airflow/dags/sample.py
[2025-02-10T12:05:56.206+0000] {processor.py:925} INFO - DAG(s) 'hello_world_dag' retrieved from /opt/airflow/dags/sample.py
[2025-02-10T12:05:56.241+0000] {logging_mixin.py:190} INFO - [2025-02-10T12:05:56.240+0000] {dag.py:3239} INFO - Sync 1 DAGs
[2025-02-10T12:05:56.258+0000] {logging_mixin.py:190} INFO - [2025-02-10T12:05:56.258+0000] {dag.py:4180} INFO - Setting next_dagrun for hello_world_dag to None, run_after=None
[2025-02-10T12:05:56.307+0000] {processor.py:208} INFO - Processing /opt/airflow/dags/sample.py took 0.123 seconds
[2025-02-10T12:06:26.924+0000] {processor.py:186} INFO - Started process (PID=1654) to work on /opt/airflow/dags/sample.py
[2025-02-10T12:06:26.926+0000] {processor.py:914} INFO - Processing file /opt/airflow/dags/sample.py for tasks to queue
[2025-02-10T12:06:26.927+0000] {logging_mixin.py:190} INFO - [2025-02-10T12:06:26.927+0000] {dagbag.py:588} INFO - Filling up the DagBag from /opt/airflow/dags/sample.py
[2025-02-10T12:06:26.943+0000] {processor.py:925} INFO - DAG(s) 'hello_world_dag' retrieved from /opt/airflow/dags/sample.py
[2025-02-10T12:06:26.985+0000] {logging_mixin.py:190} INFO - [2025-02-10T12:06:26.984+0000] {dag.py:3239} INFO - Sync 1 DAGs
[2025-02-10T12:06:27.002+0000] {logging_mixin.py:190} INFO - [2025-02-10T12:06:27.002+0000] {dag.py:4180} INFO - Setting next_dagrun for hello_world_dag to None, run_after=None
[2025-02-10T12:06:27.051+0000] {processor.py:208} INFO - Processing /opt/airflow/dags/sample.py took 0.136 seconds
[2025-02-10T12:06:57.817+0000] {processor.py:186} INFO - Started process (PID=1658) to work on /opt/airflow/dags/sample.py
[2025-02-10T12:06:57.818+0000] {processor.py:914} INFO - Processing file /opt/airflow/dags/sample.py for tasks to queue
[2025-02-10T12:06:57.820+0000] {logging_mixin.py:190} INFO - [2025-02-10T12:06:57.819+0000] {dagbag.py:588} INFO - Filling up the DagBag from /opt/airflow/dags/sample.py
[2025-02-10T12:06:57.829+0000] {processor.py:925} INFO - DAG(s) 'hello_world_dag' retrieved from /opt/airflow/dags/sample.py
[2025-02-10T12:06:57.861+0000] {logging_mixin.py:190} INFO - [2025-02-10T12:06:57.861+0000] {dag.py:3239} INFO - Sync 1 DAGs
[2025-02-10T12:06:57.875+0000] {logging_mixin.py:190} INFO - [2025-02-10T12:06:57.875+0000] {dag.py:4180} INFO - Setting next_dagrun for hello_world_dag to None, run_after=None
[2025-02-10T12:06:57.917+0000] {processor.py:208} INFO - Processing /opt/airflow/dags/sample.py took 0.106 seconds
[2025-02-10T12:07:28.733+0000] {processor.py:186} INFO - Started process (PID=1662) to work on /opt/airflow/dags/sample.py
[2025-02-10T12:07:28.734+0000] {processor.py:914} INFO - Processing file /opt/airflow/dags/sample.py for tasks to queue
[2025-02-10T12:07:28.736+0000] {logging_mixin.py:190} INFO - [2025-02-10T12:07:28.735+0000] {dagbag.py:588} INFO - Filling up the DagBag from /opt/airflow/dags/sample.py
[2025-02-10T12:07:28.745+0000] {processor.py:925} INFO - DAG(s) 'hello_world_dag' retrieved from /opt/airflow/dags/sample.py
[2025-02-10T12:07:28.778+0000] {logging_mixin.py:190} INFO - [2025-02-10T12:07:28.778+0000] {dag.py:3239} INFO - Sync 1 DAGs
[2025-02-10T12:07:28.793+0000] {logging_mixin.py:190} INFO - [2025-02-10T12:07:28.793+0000] {dag.py:4180} INFO - Setting next_dagrun for hello_world_dag to None, run_after=None
[2025-02-10T12:07:28.838+0000] {processor.py:208} INFO - Processing /opt/airflow/dags/sample.py took 0.111 seconds
[2025-02-10T12:07:59.480+0000] {processor.py:186} INFO - Started process (PID=1666) to work on /opt/airflow/dags/sample.py
[2025-02-10T12:07:59.482+0000] {processor.py:914} INFO - Processing file /opt/airflow/dags/sample.py for tasks to queue
[2025-02-10T12:07:59.484+0000] {logging_mixin.py:190} INFO - [2025-02-10T12:07:59.483+0000] {dagbag.py:588} INFO - Filling up the DagBag from /opt/airflow/dags/sample.py
[2025-02-10T12:07:59.495+0000] {processor.py:925} INFO - DAG(s) 'hello_world_dag' retrieved from /opt/airflow/dags/sample.py
[2025-02-10T12:07:59.540+0000] {logging_mixin.py:190} INFO - [2025-02-10T12:07:59.539+0000] {dag.py:3239} INFO - Sync 1 DAGs
[2025-02-10T12:07:59.562+0000] {logging_mixin.py:190} INFO - [2025-02-10T12:07:59.561+0000] {dag.py:4180} INFO - Setting next_dagrun for hello_world_dag to None, run_after=None
[2025-02-10T12:07:59.622+0000] {processor.py:208} INFO - Processing /opt/airflow/dags/sample.py took 0.148 seconds
[2025-02-10T12:08:30.345+0000] {processor.py:186} INFO - Started process (PID=1670) to work on /opt/airflow/dags/sample.py
[2025-02-10T12:08:30.347+0000] {processor.py:914} INFO - Processing file /opt/airflow/dags/sample.py for tasks to queue
[2025-02-10T12:08:30.349+0000] {logging_mixin.py:190} INFO - [2025-02-10T12:08:30.348+0000] {dagbag.py:588} INFO - Filling up the DagBag from /opt/airflow/dags/sample.py
[2025-02-10T12:08:30.361+0000] {processor.py:925} INFO - DAG(s) 'hello_world_dag' retrieved from /opt/airflow/dags/sample.py
[2025-02-10T12:08:30.396+0000] {logging_mixin.py:190} INFO - [2025-02-10T12:08:30.395+0000] {dag.py:3239} INFO - Sync 1 DAGs
[2025-02-10T12:08:30.416+0000] {logging_mixin.py:190} INFO - [2025-02-10T12:08:30.416+0000] {dag.py:4180} INFO - Setting next_dagrun for hello_world_dag to None, run_after=None
[2025-02-10T12:08:30.465+0000] {processor.py:208} INFO - Processing /opt/airflow/dags/sample.py took 0.128 seconds
[2025-02-10T12:09:00.837+0000] {processor.py:186} INFO - Started process (PID=1674) to work on /opt/airflow/dags/sample.py
[2025-02-10T12:09:00.838+0000] {processor.py:914} INFO - Processing file /opt/airflow/dags/sample.py for tasks to queue
[2025-02-10T12:09:00.840+0000] {logging_mixin.py:190} INFO - [2025-02-10T12:09:00.840+0000] {dagbag.py:588} INFO - Filling up the DagBag from /opt/airflow/dags/sample.py
[2025-02-10T12:09:00.851+0000] {processor.py:925} INFO - DAG(s) 'hello_world_dag' retrieved from /opt/airflow/dags/sample.py
[2025-02-10T12:09:00.889+0000] {logging_mixin.py:190} INFO - [2025-02-10T12:09:00.889+0000] {dag.py:3239} INFO - Sync 1 DAGs
[2025-02-10T12:09:00.910+0000] {logging_mixin.py:190} INFO - [2025-02-10T12:09:00.910+0000] {dag.py:4180} INFO - Setting next_dagrun for hello_world_dag to None, run_after=None
[2025-02-10T12:09:00.962+0000] {processor.py:208} INFO - Processing /opt/airflow/dags/sample.py took 0.132 seconds
[2025-02-10T12:09:31.339+0000] {processor.py:186} INFO - Started process (PID=1678) to work on /opt/airflow/dags/sample.py
[2025-02-10T12:09:31.341+0000] {processor.py:914} INFO - Processing file /opt/airflow/dags/sample.py for tasks to queue
[2025-02-10T12:09:31.343+0000] {logging_mixin.py:190} INFO - [2025-02-10T12:09:31.342+0000] {dagbag.py:588} INFO - Filling up the DagBag from /opt/airflow/dags/sample.py
[2025-02-10T12:09:31.353+0000] {processor.py:925} INFO - DAG(s) 'hello_world_dag' retrieved from /opt/airflow/dags/sample.py
[2025-02-10T12:09:31.389+0000] {logging_mixin.py:190} INFO - [2025-02-10T12:09:31.388+0000] {dag.py:3239} INFO - Sync 1 DAGs
[2025-02-10T12:09:31.408+0000] {logging_mixin.py:190} INFO - [2025-02-10T12:09:31.408+0000] {dag.py:4180} INFO - Setting next_dagrun for hello_world_dag to None, run_after=None
[2025-02-10T12:09:31.461+0000] {processor.py:208} INFO - Processing /opt/airflow/dags/sample.py took 0.128 seconds
[2025-02-10T12:10:01.794+0000] {processor.py:186} INFO - Started process (PID=1682) to work on /opt/airflow/dags/sample.py
[2025-02-10T12:10:01.795+0000] {processor.py:914} INFO - Processing file /opt/airflow/dags/sample.py for tasks to queue
[2025-02-10T12:10:01.797+0000] {logging_mixin.py:190} INFO - [2025-02-10T12:10:01.797+0000] {dagbag.py:588} INFO - Filling up the DagBag from /opt/airflow/dags/sample.py
[2025-02-10T12:10:01.807+0000] {processor.py:925} INFO - DAG(s) 'hello_world_dag' retrieved from /opt/airflow/dags/sample.py
[2025-02-10T12:10:01.840+0000] {logging_mixin.py:190} INFO - [2025-02-10T12:10:01.839+0000] {dag.py:3239} INFO - Sync 1 DAGs
[2025-02-10T12:10:01.856+0000] {logging_mixin.py:190} INFO - [2025-02-10T12:10:01.856+0000] {dag.py:4180} INFO - Setting next_dagrun for hello_world_dag to None, run_after=None
[2025-02-10T12:10:01.910+0000] {processor.py:208} INFO - Processing /opt/airflow/dags/sample.py took 0.124 seconds
[2025-02-10T12:12:00.163+0000] {processor.py:186} INFO - Started process (PID=2000) to work on /opt/airflow/dags/sample.py
[2025-02-10T12:12:00.165+0000] {processor.py:914} INFO - Processing file /opt/airflow/dags/sample.py for tasks to queue
[2025-02-10T12:12:00.167+0000] {logging_mixin.py:190} INFO - [2025-02-10T12:12:00.166+0000] {dagbag.py:588} INFO - Filling up the DagBag from /opt/airflow/dags/sample.py
[2025-02-10T12:12:00.177+0000] {processor.py:925} INFO - DAG(s) 'hello_world_dag' retrieved from /opt/airflow/dags/sample.py
[2025-02-10T12:12:00.219+0000] {logging_mixin.py:190} INFO - [2025-02-10T12:12:00.219+0000] {dag.py:3239} INFO - Sync 1 DAGs
[2025-02-10T12:12:00.237+0000] {logging_mixin.py:190} INFO - [2025-02-10T12:12:00.237+0000] {dag.py:4180} INFO - Setting next_dagrun for hello_world_dag to None, run_after=None
[2025-02-10T12:12:00.282+0000] {processor.py:208} INFO - Processing /opt/airflow/dags/sample.py took 0.126 seconds
[2025-02-10T12:12:31.446+0000] {processor.py:186} INFO - Started process (PID=2004) to work on /opt/airflow/dags/sample.py
[2025-02-10T12:12:31.448+0000] {processor.py:914} INFO - Processing file /opt/airflow/dags/sample.py for tasks to queue
[2025-02-10T12:12:31.449+0000] {logging_mixin.py:190} INFO - [2025-02-10T12:12:31.449+0000] {dagbag.py:588} INFO - Filling up the DagBag from /opt/airflow/dags/sample.py
[2025-02-10T12:12:31.459+0000] {processor.py:925} INFO - DAG(s) 'hello_world_dag' retrieved from /opt/airflow/dags/sample.py
[2025-02-10T12:12:31.494+0000] {logging_mixin.py:190} INFO - [2025-02-10T12:12:31.494+0000] {dag.py:3239} INFO - Sync 1 DAGs
[2025-02-10T12:12:31.509+0000] {logging_mixin.py:190} INFO - [2025-02-10T12:12:31.508+0000] {dag.py:4180} INFO - Setting next_dagrun for hello_world_dag to None, run_after=None
[2025-02-10T12:12:31.557+0000] {processor.py:208} INFO - Processing /opt/airflow/dags/sample.py took 0.116 seconds
[2025-02-10T12:14:00.341+0000] {processor.py:186} INFO - Started process (PID=2288) to work on /opt/airflow/dags/sample.py
[2025-02-10T12:14:00.344+0000] {processor.py:914} INFO - Processing file /opt/airflow/dags/sample.py for tasks to queue
[2025-02-10T12:14:00.347+0000] {logging_mixin.py:190} INFO - [2025-02-10T12:14:00.346+0000] {dagbag.py:588} INFO - Filling up the DagBag from /opt/airflow/dags/sample.py
[2025-02-10T12:14:00.360+0000] {processor.py:925} INFO - DAG(s) 'hello_world_dag' retrieved from /opt/airflow/dags/sample.py
[2025-02-10T12:14:00.408+0000] {logging_mixin.py:190} INFO - [2025-02-10T12:14:00.408+0000] {dag.py:3239} INFO - Sync 1 DAGs
[2025-02-10T12:14:00.425+0000] {logging_mixin.py:190} INFO - [2025-02-10T12:14:00.425+0000] {dag.py:4180} INFO - Setting next_dagrun for hello_world_dag to None, run_after=None
[2025-02-10T12:14:00.475+0000] {processor.py:208} INFO - Processing /opt/airflow/dags/sample.py took 0.142 seconds
[2025-02-10T12:14:31.827+0000] {processor.py:186} INFO - Started process (PID=2292) to work on /opt/airflow/dags/sample.py
[2025-02-10T12:14:31.828+0000] {processor.py:914} INFO - Processing file /opt/airflow/dags/sample.py for tasks to queue
[2025-02-10T12:14:31.831+0000] {logging_mixin.py:190} INFO - [2025-02-10T12:14:31.830+0000] {dagbag.py:588} INFO - Filling up the DagBag from /opt/airflow/dags/sample.py
[2025-02-10T12:14:31.844+0000] {processor.py:925} INFO - DAG(s) 'hello_world_dag' retrieved from /opt/airflow/dags/sample.py
[2025-02-10T12:14:31.889+0000] {logging_mixin.py:190} INFO - [2025-02-10T12:14:31.888+0000] {dag.py:3239} INFO - Sync 1 DAGs
[2025-02-10T12:14:31.911+0000] {logging_mixin.py:190} INFO - [2025-02-10T12:14:31.911+0000] {dag.py:4180} INFO - Setting next_dagrun for hello_world_dag to None, run_after=None
[2025-02-10T12:14:31.976+0000] {processor.py:208} INFO - Processing /opt/airflow/dags/sample.py took 0.158 seconds
[2025-02-10T12:15:03.333+0000] {processor.py:186} INFO - Started process (PID=2296) to work on /opt/airflow/dags/sample.py
[2025-02-10T12:15:03.335+0000] {processor.py:914} INFO - Processing file /opt/airflow/dags/sample.py for tasks to queue
[2025-02-10T12:15:03.338+0000] {logging_mixin.py:190} INFO - [2025-02-10T12:15:03.337+0000] {dagbag.py:588} INFO - Filling up the DagBag from /opt/airflow/dags/sample.py
[2025-02-10T12:15:03.356+0000] {processor.py:925} INFO - DAG(s) 'hello_world_dag' retrieved from /opt/airflow/dags/sample.py
[2025-02-10T12:15:03.409+0000] {logging_mixin.py:190} INFO - [2025-02-10T12:15:03.408+0000] {dag.py:3239} INFO - Sync 1 DAGs
[2025-02-10T12:15:03.438+0000] {logging_mixin.py:190} INFO - [2025-02-10T12:15:03.437+0000] {dag.py:4180} INFO - Setting next_dagrun for hello_world_dag to None, run_after=None
[2025-02-10T12:15:03.492+0000] {processor.py:208} INFO - Processing /opt/airflow/dags/sample.py took 0.169 seconds
[2025-02-10T12:16:07.110+0000] {processor.py:186} INFO - Started process (PID=2585) to work on /opt/airflow/dags/sample.py
[2025-02-10T12:16:07.112+0000] {processor.py:914} INFO - Processing file /opt/airflow/dags/sample.py for tasks to queue
[2025-02-10T12:16:07.114+0000] {logging_mixin.py:190} INFO - [2025-02-10T12:16:07.113+0000] {dagbag.py:588} INFO - Filling up the DagBag from /opt/airflow/dags/sample.py
[2025-02-10T12:16:07.124+0000] {processor.py:925} INFO - DAG(s) 'hello_world_dag' retrieved from /opt/airflow/dags/sample.py
[2025-02-10T12:16:07.170+0000] {logging_mixin.py:190} INFO - [2025-02-10T12:16:07.170+0000] {dag.py:3239} INFO - Sync 1 DAGs
[2025-02-10T12:16:07.192+0000] {logging_mixin.py:190} INFO - [2025-02-10T12:16:07.191+0000] {dag.py:4180} INFO - Setting next_dagrun for hello_world_dag to None, run_after=None
[2025-02-10T12:16:07.263+0000] {processor.py:208} INFO - Processing /opt/airflow/dags/sample.py took 0.160 seconds
[2025-02-10T12:16:38.338+0000] {processor.py:186} INFO - Started process (PID=2589) to work on /opt/airflow/dags/sample.py
[2025-02-10T12:16:38.339+0000] {processor.py:914} INFO - Processing file /opt/airflow/dags/sample.py for tasks to queue
[2025-02-10T12:16:38.342+0000] {logging_mixin.py:190} INFO - [2025-02-10T12:16:38.341+0000] {dagbag.py:588} INFO - Filling up the DagBag from /opt/airflow/dags/sample.py
[2025-02-10T12:16:38.356+0000] {processor.py:925} INFO - DAG(s) 'hello_world_dag' retrieved from /opt/airflow/dags/sample.py
[2025-02-10T12:16:38.394+0000] {logging_mixin.py:190} INFO - [2025-02-10T12:16:38.393+0000] {dag.py:3239} INFO - Sync 1 DAGs
[2025-02-10T12:16:38.414+0000] {logging_mixin.py:190} INFO - [2025-02-10T12:16:38.413+0000] {dag.py:4180} INFO - Setting next_dagrun for hello_world_dag to None, run_after=None
[2025-02-10T12:16:38.465+0000] {processor.py:208} INFO - Processing /opt/airflow/dags/sample.py took 0.137 seconds
[2025-02-10T12:17:10.016+0000] {processor.py:186} INFO - Started process (PID=2593) to work on /opt/airflow/dags/sample.py
[2025-02-10T12:17:10.018+0000] {processor.py:914} INFO - Processing file /opt/airflow/dags/sample.py for tasks to queue
[2025-02-10T12:17:10.021+0000] {logging_mixin.py:190} INFO - [2025-02-10T12:17:10.020+0000] {dagbag.py:588} INFO - Filling up the DagBag from /opt/airflow/dags/sample.py
[2025-02-10T12:17:10.034+0000] {processor.py:925} INFO - DAG(s) 'hello_world_dag' retrieved from /opt/airflow/dags/sample.py
[2025-02-10T12:17:10.100+0000] {logging_mixin.py:190} INFO - [2025-02-10T12:17:10.100+0000] {dag.py:3239} INFO - Sync 1 DAGs
[2025-02-10T12:17:10.141+0000] {logging_mixin.py:190} INFO - [2025-02-10T12:17:10.141+0000] {dag.py:4180} INFO - Setting next_dagrun for hello_world_dag to None, run_after=None
[2025-02-10T12:17:10.204+0000] {processor.py:208} INFO - Processing /opt/airflow/dags/sample.py took 0.198 seconds
[2025-02-10T12:18:18.357+0000] {processor.py:186} INFO - Started process (PID=2843) to work on /opt/airflow/dags/sample.py
[2025-02-10T12:18:18.359+0000] {processor.py:914} INFO - Processing file /opt/airflow/dags/sample.py for tasks to queue
[2025-02-10T12:18:18.361+0000] {logging_mixin.py:190} INFO - [2025-02-10T12:18:18.360+0000] {dagbag.py:588} INFO - Filling up the DagBag from /opt/airflow/dags/sample.py
[2025-02-10T12:18:18.373+0000] {processor.py:925} INFO - DAG(s) 'hello_world_dag' retrieved from /opt/airflow/dags/sample.py
[2025-02-10T12:18:18.416+0000] {logging_mixin.py:190} INFO - [2025-02-10T12:18:18.415+0000] {dag.py:3239} INFO - Sync 1 DAGs
[2025-02-10T12:18:18.436+0000] {logging_mixin.py:190} INFO - [2025-02-10T12:18:18.435+0000] {dag.py:4180} INFO - Setting next_dagrun for hello_world_dag to None, run_after=None
[2025-02-10T12:18:18.489+0000] {processor.py:208} INFO - Processing /opt/airflow/dags/sample.py took 0.142 seconds
[2025-02-10T12:18:49.854+0000] {processor.py:186} INFO - Started process (PID=2847) to work on /opt/airflow/dags/sample.py
[2025-02-10T12:18:49.856+0000] {processor.py:914} INFO - Processing file /opt/airflow/dags/sample.py for tasks to queue
[2025-02-10T12:18:49.858+0000] {logging_mixin.py:190} INFO - [2025-02-10T12:18:49.857+0000] {dagbag.py:588} INFO - Filling up the DagBag from /opt/airflow/dags/sample.py
[2025-02-10T12:18:49.868+0000] {processor.py:925} INFO - DAG(s) 'hello_world_dag' retrieved from /opt/airflow/dags/sample.py
[2025-02-10T12:18:49.900+0000] {logging_mixin.py:190} INFO - [2025-02-10T12:18:49.900+0000] {dag.py:3239} INFO - Sync 1 DAGs
[2025-02-10T12:18:49.919+0000] {logging_mixin.py:190} INFO - [2025-02-10T12:18:49.918+0000] {dag.py:4180} INFO - Setting next_dagrun for hello_world_dag to None, run_after=None
[2025-02-10T12:18:49.968+0000] {processor.py:208} INFO - Processing /opt/airflow/dags/sample.py took 0.121 seconds
