[2025-02-10T09:20:44.776+0000] {processor.py:186} INFO - Started process (PID=797) to work on /opt/airflow/dags/spark_dag.py
[2025-02-10T09:20:44.777+0000] {processor.py:914} INFO - Processing file /opt/airflow/dags/spark_dag.py for tasks to queue
[2025-02-10T09:20:44.779+0000] {logging_mixin.py:190} INFO - [2025-02-10T09:20:44.779+0000] {dagbag.py:588} INFO - Filling up the DagBag from /opt/airflow/dags/spark_dag.py
[2025-02-10T09:20:44.794+0000] {processor.py:925} INFO - DAG(s) 'spark_job_dag' retrieved from /opt/airflow/dags/spark_dag.py
[2025-02-10T09:20:44.834+0000] {logging_mixin.py:190} INFO - [2025-02-10T09:20:44.833+0000] {dag.py:3239} INFO - Sync 1 DAGs
[2025-02-10T09:20:44.868+0000] {logging_mixin.py:190} INFO - [2025-02-10T09:20:44.868+0000] {dag.py:4180} INFO - Setting next_dagrun for spark_job_dag to 2025-02-09 00:00:00+00:00, run_after=2025-02-10 00:00:00+00:00
[2025-02-10T09:20:44.922+0000] {processor.py:208} INFO - Processing /opt/airflow/dags/spark_dag.py took 0.154 seconds
[2025-02-10T11:38:26.576+0000] {processor.py:186} INFO - Started process (PID=269) to work on /opt/airflow/dags/spark_dag.py
[2025-02-10T11:38:26.578+0000] {processor.py:914} INFO - Processing file /opt/airflow/dags/spark_dag.py for tasks to queue
[2025-02-10T11:38:26.579+0000] {logging_mixin.py:190} INFO - [2025-02-10T11:38:26.579+0000] {dagbag.py:588} INFO - Filling up the DagBag from /opt/airflow/dags/spark_dag.py
[2025-02-10T11:38:26.591+0000] {processor.py:925} INFO - DAG(s) 'spark_job_dag' retrieved from /opt/airflow/dags/spark_dag.py
[2025-02-10T11:38:26.629+0000] {logging_mixin.py:190} INFO - [2025-02-10T11:38:26.629+0000] {dag.py:3239} INFO - Sync 1 DAGs
[2025-02-10T11:38:26.656+0000] {logging_mixin.py:190} INFO - [2025-02-10T11:38:26.655+0000] {dag.py:4180} INFO - Setting next_dagrun for spark_job_dag to 2025-02-09 00:00:00+00:00, run_after=2025-02-10 00:00:00+00:00
[2025-02-10T11:38:26.701+0000] {processor.py:208} INFO - Processing /opt/airflow/dags/spark_dag.py took 0.131 seconds
[2025-02-10T11:38:58.034+0000] {processor.py:186} INFO - Started process (PID=273) to work on /opt/airflow/dags/spark_dag.py
[2025-02-10T11:38:58.036+0000] {processor.py:914} INFO - Processing file /opt/airflow/dags/spark_dag.py for tasks to queue
[2025-02-10T11:38:58.037+0000] {logging_mixin.py:190} INFO - [2025-02-10T11:38:58.037+0000] {dagbag.py:588} INFO - Filling up the DagBag from /opt/airflow/dags/spark_dag.py
[2025-02-10T11:38:58.049+0000] {processor.py:925} INFO - DAG(s) 'spark_job_dag' retrieved from /opt/airflow/dags/spark_dag.py
[2025-02-10T11:38:58.082+0000] {logging_mixin.py:190} INFO - [2025-02-10T11:38:58.081+0000] {dag.py:3239} INFO - Sync 1 DAGs
[2025-02-10T11:38:58.104+0000] {logging_mixin.py:190} INFO - [2025-02-10T11:38:58.103+0000] {dag.py:4180} INFO - Setting next_dagrun for spark_job_dag to 2025-02-09 00:00:00+00:00, run_after=2025-02-10 00:00:00+00:00
[2025-02-10T11:38:58.146+0000] {processor.py:208} INFO - Processing /opt/airflow/dags/spark_dag.py took 0.118 seconds
[2025-02-10T11:39:29.576+0000] {processor.py:186} INFO - Started process (PID=277) to work on /opt/airflow/dags/spark_dag.py
[2025-02-10T11:39:29.578+0000] {processor.py:914} INFO - Processing file /opt/airflow/dags/spark_dag.py for tasks to queue
[2025-02-10T11:39:29.579+0000] {logging_mixin.py:190} INFO - [2025-02-10T11:39:29.579+0000] {dagbag.py:588} INFO - Filling up the DagBag from /opt/airflow/dags/spark_dag.py
[2025-02-10T11:39:29.590+0000] {processor.py:925} INFO - DAG(s) 'spark_job_dag' retrieved from /opt/airflow/dags/spark_dag.py
[2025-02-10T11:39:29.624+0000] {logging_mixin.py:190} INFO - [2025-02-10T11:39:29.624+0000] {dag.py:3239} INFO - Sync 1 DAGs
[2025-02-10T11:39:29.654+0000] {logging_mixin.py:190} INFO - [2025-02-10T11:39:29.653+0000] {dag.py:4180} INFO - Setting next_dagrun for spark_job_dag to 2025-02-09 00:00:00+00:00, run_after=2025-02-10 00:00:00+00:00
[2025-02-10T11:39:29.697+0000] {processor.py:208} INFO - Processing /opt/airflow/dags/spark_dag.py took 0.127 seconds
[2025-02-10T11:40:00.537+0000] {processor.py:186} INFO - Started process (PID=281) to work on /opt/airflow/dags/spark_dag.py
[2025-02-10T11:40:00.539+0000] {processor.py:914} INFO - Processing file /opt/airflow/dags/spark_dag.py for tasks to queue
[2025-02-10T11:40:00.541+0000] {logging_mixin.py:190} INFO - [2025-02-10T11:40:00.540+0000] {dagbag.py:588} INFO - Filling up the DagBag from /opt/airflow/dags/spark_dag.py
[2025-02-10T11:40:00.552+0000] {processor.py:925} INFO - DAG(s) 'spark_job_dag' retrieved from /opt/airflow/dags/spark_dag.py
[2025-02-10T11:40:00.584+0000] {logging_mixin.py:190} INFO - [2025-02-10T11:40:00.584+0000] {dag.py:3239} INFO - Sync 1 DAGs
[2025-02-10T11:40:00.611+0000] {logging_mixin.py:190} INFO - [2025-02-10T11:40:00.610+0000] {dag.py:4180} INFO - Setting next_dagrun for spark_job_dag to 2025-02-09 00:00:00+00:00, run_after=2025-02-10 00:00:00+00:00
[2025-02-10T11:40:00.654+0000] {processor.py:208} INFO - Processing /opt/airflow/dags/spark_dag.py took 0.122 seconds
[2025-02-10T11:40:31.455+0000] {processor.py:186} INFO - Started process (PID=285) to work on /opt/airflow/dags/spark_dag.py
[2025-02-10T11:40:31.457+0000] {processor.py:914} INFO - Processing file /opt/airflow/dags/spark_dag.py for tasks to queue
[2025-02-10T11:40:31.458+0000] {logging_mixin.py:190} INFO - [2025-02-10T11:40:31.458+0000] {dagbag.py:588} INFO - Filling up the DagBag from /opt/airflow/dags/spark_dag.py
[2025-02-10T11:40:31.471+0000] {processor.py:925} INFO - DAG(s) 'spark_job_dag' retrieved from /opt/airflow/dags/spark_dag.py
[2025-02-10T11:40:31.504+0000] {logging_mixin.py:190} INFO - [2025-02-10T11:40:31.503+0000] {dag.py:3239} INFO - Sync 1 DAGs
[2025-02-10T11:40:31.530+0000] {logging_mixin.py:190} INFO - [2025-02-10T11:40:31.529+0000] {dag.py:4180} INFO - Setting next_dagrun for spark_job_dag to 2025-02-09 00:00:00+00:00, run_after=2025-02-10 00:00:00+00:00
[2025-02-10T11:40:31.572+0000] {processor.py:208} INFO - Processing /opt/airflow/dags/spark_dag.py took 0.123 seconds
[2025-02-10T11:41:02.371+0000] {processor.py:186} INFO - Started process (PID=289) to work on /opt/airflow/dags/spark_dag.py
[2025-02-10T11:41:02.372+0000] {processor.py:914} INFO - Processing file /opt/airflow/dags/spark_dag.py for tasks to queue
[2025-02-10T11:41:02.374+0000] {logging_mixin.py:190} INFO - [2025-02-10T11:41:02.374+0000] {dagbag.py:588} INFO - Filling up the DagBag from /opt/airflow/dags/spark_dag.py
[2025-02-10T11:41:02.386+0000] {processor.py:925} INFO - DAG(s) 'spark_job_dag' retrieved from /opt/airflow/dags/spark_dag.py
[2025-02-10T11:41:02.419+0000] {logging_mixin.py:190} INFO - [2025-02-10T11:41:02.419+0000] {dag.py:3239} INFO - Sync 1 DAGs
[2025-02-10T11:41:02.447+0000] {logging_mixin.py:190} INFO - [2025-02-10T11:41:02.446+0000] {dag.py:4180} INFO - Setting next_dagrun for spark_job_dag to 2025-02-09 00:00:00+00:00, run_after=2025-02-10 00:00:00+00:00
[2025-02-10T11:41:02.493+0000] {processor.py:208} INFO - Processing /opt/airflow/dags/spark_dag.py took 0.129 seconds
[2025-02-10T11:41:33.661+0000] {processor.py:186} INFO - Started process (PID=293) to work on /opt/airflow/dags/spark_dag.py
[2025-02-10T11:41:33.663+0000] {processor.py:914} INFO - Processing file /opt/airflow/dags/spark_dag.py for tasks to queue
[2025-02-10T11:41:33.668+0000] {logging_mixin.py:190} INFO - [2025-02-10T11:41:33.667+0000] {dagbag.py:588} INFO - Filling up the DagBag from /opt/airflow/dags/spark_dag.py
[2025-02-10T11:41:33.688+0000] {processor.py:925} INFO - DAG(s) 'spark_job_dag' retrieved from /opt/airflow/dags/spark_dag.py
[2025-02-10T11:41:33.735+0000] {logging_mixin.py:190} INFO - [2025-02-10T11:41:33.734+0000] {dag.py:3239} INFO - Sync 1 DAGs
[2025-02-10T11:41:33.772+0000] {logging_mixin.py:190} INFO - [2025-02-10T11:41:33.772+0000] {dag.py:4180} INFO - Setting next_dagrun for spark_job_dag to 2025-02-09 00:00:00+00:00, run_after=2025-02-10 00:00:00+00:00
[2025-02-10T11:41:33.829+0000] {processor.py:208} INFO - Processing /opt/airflow/dags/spark_dag.py took 0.177 seconds
[2025-02-10T11:42:05.237+0000] {processor.py:186} INFO - Started process (PID=297) to work on /opt/airflow/dags/spark_dag.py
[2025-02-10T11:42:05.238+0000] {processor.py:914} INFO - Processing file /opt/airflow/dags/spark_dag.py for tasks to queue
[2025-02-10T11:42:05.241+0000] {logging_mixin.py:190} INFO - [2025-02-10T11:42:05.240+0000] {dagbag.py:588} INFO - Filling up the DagBag from /opt/airflow/dags/spark_dag.py
[2025-02-10T11:42:05.254+0000] {processor.py:925} INFO - DAG(s) 'spark_job_dag' retrieved from /opt/airflow/dags/spark_dag.py
[2025-02-10T11:42:05.293+0000] {logging_mixin.py:190} INFO - [2025-02-10T11:42:05.293+0000] {dag.py:3239} INFO - Sync 1 DAGs
[2025-02-10T11:42:05.325+0000] {logging_mixin.py:190} INFO - [2025-02-10T11:42:05.325+0000] {dag.py:4180} INFO - Setting next_dagrun for spark_job_dag to 2025-02-09 00:00:00+00:00, run_after=2025-02-10 00:00:00+00:00
[2025-02-10T11:42:05.378+0000] {processor.py:208} INFO - Processing /opt/airflow/dags/spark_dag.py took 0.149 seconds
[2025-02-10T11:42:36.272+0000] {processor.py:186} INFO - Started process (PID=301) to work on /opt/airflow/dags/spark_dag.py
[2025-02-10T11:42:36.274+0000] {processor.py:914} INFO - Processing file /opt/airflow/dags/spark_dag.py for tasks to queue
[2025-02-10T11:42:36.280+0000] {logging_mixin.py:190} INFO - [2025-02-10T11:42:36.279+0000] {dagbag.py:588} INFO - Filling up the DagBag from /opt/airflow/dags/spark_dag.py
[2025-02-10T11:42:36.316+0000] {processor.py:925} INFO - DAG(s) 'spark_job_dag' retrieved from /opt/airflow/dags/spark_dag.py
[2025-02-10T11:42:36.374+0000] {logging_mixin.py:190} INFO - [2025-02-10T11:42:36.373+0000] {dag.py:3239} INFO - Sync 1 DAGs
[2025-02-10T11:42:36.415+0000] {logging_mixin.py:190} INFO - [2025-02-10T11:42:36.414+0000] {dag.py:4180} INFO - Setting next_dagrun for spark_job_dag to 2025-02-09 00:00:00+00:00, run_after=2025-02-10 00:00:00+00:00
[2025-02-10T11:42:36.487+0000] {processor.py:208} INFO - Processing /opt/airflow/dags/spark_dag.py took 0.228 seconds
[2025-02-10T11:43:08.623+0000] {processor.py:186} INFO - Started process (PID=305) to work on /opt/airflow/dags/spark_dag.py
[2025-02-10T11:43:08.624+0000] {processor.py:914} INFO - Processing file /opt/airflow/dags/spark_dag.py for tasks to queue
[2025-02-10T11:43:08.626+0000] {logging_mixin.py:190} INFO - [2025-02-10T11:43:08.626+0000] {dagbag.py:588} INFO - Filling up the DagBag from /opt/airflow/dags/spark_dag.py
[2025-02-10T11:43:08.639+0000] {processor.py:925} INFO - DAG(s) 'spark_job_dag' retrieved from /opt/airflow/dags/spark_dag.py
[2025-02-10T11:43:08.674+0000] {logging_mixin.py:190} INFO - [2025-02-10T11:43:08.673+0000] {dag.py:3239} INFO - Sync 1 DAGs
[2025-02-10T11:43:08.701+0000] {logging_mixin.py:190} INFO - [2025-02-10T11:43:08.701+0000] {dag.py:4180} INFO - Setting next_dagrun for spark_job_dag to 2025-02-09 00:00:00+00:00, run_after=2025-02-10 00:00:00+00:00
[2025-02-10T11:43:08.754+0000] {processor.py:208} INFO - Processing /opt/airflow/dags/spark_dag.py took 0.138 seconds
[2025-02-10T11:43:39.756+0000] {processor.py:186} INFO - Started process (PID=309) to work on /opt/airflow/dags/spark_dag.py
[2025-02-10T11:43:39.757+0000] {processor.py:914} INFO - Processing file /opt/airflow/dags/spark_dag.py for tasks to queue
[2025-02-10T11:43:39.760+0000] {logging_mixin.py:190} INFO - [2025-02-10T11:43:39.759+0000] {dagbag.py:588} INFO - Filling up the DagBag from /opt/airflow/dags/spark_dag.py
[2025-02-10T11:43:39.776+0000] {processor.py:925} INFO - DAG(s) 'spark_job_dag' retrieved from /opt/airflow/dags/spark_dag.py
[2025-02-10T11:43:39.817+0000] {logging_mixin.py:190} INFO - [2025-02-10T11:43:39.816+0000] {dag.py:3239} INFO - Sync 1 DAGs
[2025-02-10T11:43:39.850+0000] {logging_mixin.py:190} INFO - [2025-02-10T11:43:39.850+0000] {dag.py:4180} INFO - Setting next_dagrun for spark_job_dag to 2025-02-09 00:00:00+00:00, run_after=2025-02-10 00:00:00+00:00
[2025-02-10T11:43:39.905+0000] {processor.py:208} INFO - Processing /opt/airflow/dags/spark_dag.py took 0.156 seconds
[2025-02-10T11:44:43.571+0000] {processor.py:186} INFO - Started process (PID=553) to work on /opt/airflow/dags/spark_dag.py
[2025-02-10T11:44:43.572+0000] {processor.py:914} INFO - Processing file /opt/airflow/dags/spark_dag.py for tasks to queue
[2025-02-10T11:44:43.575+0000] {logging_mixin.py:190} INFO - [2025-02-10T11:44:43.574+0000] {dagbag.py:588} INFO - Filling up the DagBag from /opt/airflow/dags/spark_dag.py
[2025-02-10T11:44:43.592+0000] {processor.py:925} INFO - DAG(s) 'spark_job_dag' retrieved from /opt/airflow/dags/spark_dag.py
[2025-02-10T11:44:43.626+0000] {logging_mixin.py:190} INFO - [2025-02-10T11:44:43.625+0000] {dag.py:3239} INFO - Sync 1 DAGs
[2025-02-10T11:44:43.653+0000] {logging_mixin.py:190} INFO - [2025-02-10T11:44:43.652+0000] {dag.py:4180} INFO - Setting next_dagrun for spark_job_dag to 2025-02-09 00:00:00+00:00, run_after=2025-02-10 00:00:00+00:00
[2025-02-10T11:44:43.703+0000] {processor.py:208} INFO - Processing /opt/airflow/dags/spark_dag.py took 0.140 seconds
[2025-02-10T11:45:15.254+0000] {processor.py:186} INFO - Started process (PID=557) to work on /opt/airflow/dags/spark_dag.py
[2025-02-10T11:45:15.257+0000] {processor.py:914} INFO - Processing file /opt/airflow/dags/spark_dag.py for tasks to queue
[2025-02-10T11:45:15.260+0000] {logging_mixin.py:190} INFO - [2025-02-10T11:45:15.260+0000] {dagbag.py:588} INFO - Filling up the DagBag from /opt/airflow/dags/spark_dag.py
[2025-02-10T11:45:15.275+0000] {processor.py:925} INFO - DAG(s) 'spark_job_dag' retrieved from /opt/airflow/dags/spark_dag.py
[2025-02-10T11:45:15.311+0000] {logging_mixin.py:190} INFO - [2025-02-10T11:45:15.310+0000] {dag.py:3239} INFO - Sync 1 DAGs
[2025-02-10T11:45:15.341+0000] {logging_mixin.py:190} INFO - [2025-02-10T11:45:15.340+0000] {dag.py:4180} INFO - Setting next_dagrun for spark_job_dag to 2025-02-09 00:00:00+00:00, run_after=2025-02-10 00:00:00+00:00
[2025-02-10T11:45:15.389+0000] {processor.py:208} INFO - Processing /opt/airflow/dags/spark_dag.py took 0.142 seconds
[2025-02-10T11:46:29.963+0000] {processor.py:186} INFO - Started process (PID=749) to work on /opt/airflow/dags/spark_dag.py
[2025-02-10T11:46:29.964+0000] {processor.py:914} INFO - Processing file /opt/airflow/dags/spark_dag.py for tasks to queue
[2025-02-10T11:46:29.965+0000] {logging_mixin.py:190} INFO - [2025-02-10T11:46:29.965+0000] {dagbag.py:588} INFO - Filling up the DagBag from /opt/airflow/dags/spark_dag.py
[2025-02-10T11:46:29.979+0000] {processor.py:925} INFO - DAG(s) 'spark_job_dag' retrieved from /opt/airflow/dags/spark_dag.py
[2025-02-10T11:46:30.015+0000] {logging_mixin.py:190} INFO - [2025-02-10T11:46:30.014+0000] {dag.py:3239} INFO - Sync 1 DAGs
[2025-02-10T11:46:30.045+0000] {logging_mixin.py:190} INFO - [2025-02-10T11:46:30.044+0000] {dag.py:4180} INFO - Setting next_dagrun for spark_job_dag to 2025-02-09 00:00:00+00:00, run_after=2025-02-10 00:00:00+00:00
[2025-02-10T11:46:30.107+0000] {processor.py:208} INFO - Processing /opt/airflow/dags/spark_dag.py took 0.151 seconds
[2025-02-10T11:47:01.399+0000] {processor.py:186} INFO - Started process (PID=753) to work on /opt/airflow/dags/spark_dag.py
[2025-02-10T11:47:01.401+0000] {processor.py:914} INFO - Processing file /opt/airflow/dags/spark_dag.py for tasks to queue
[2025-02-10T11:47:01.403+0000] {logging_mixin.py:190} INFO - [2025-02-10T11:47:01.402+0000] {dagbag.py:588} INFO - Filling up the DagBag from /opt/airflow/dags/spark_dag.py
[2025-02-10T11:47:01.415+0000] {processor.py:925} INFO - DAG(s) 'spark_job_dag' retrieved from /opt/airflow/dags/spark_dag.py
[2025-02-10T11:47:01.451+0000] {logging_mixin.py:190} INFO - [2025-02-10T11:47:01.451+0000] {dag.py:3239} INFO - Sync 1 DAGs
[2025-02-10T11:47:01.662+0000] {logging_mixin.py:190} INFO - [2025-02-10T11:47:01.662+0000] {dag.py:4180} INFO - Setting next_dagrun for spark_job_dag to 2025-02-09 00:00:00+00:00, run_after=2025-02-10 00:00:00+00:00
[2025-02-10T11:47:01.708+0000] {processor.py:208} INFO - Processing /opt/airflow/dags/spark_dag.py took 0.315 seconds
[2025-02-10T11:47:32.904+0000] {processor.py:186} INFO - Started process (PID=757) to work on /opt/airflow/dags/spark_dag.py
[2025-02-10T11:47:32.905+0000] {processor.py:914} INFO - Processing file /opt/airflow/dags/spark_dag.py for tasks to queue
[2025-02-10T11:47:32.907+0000] {logging_mixin.py:190} INFO - [2025-02-10T11:47:32.906+0000] {dagbag.py:588} INFO - Filling up the DagBag from /opt/airflow/dags/spark_dag.py
[2025-02-10T11:47:32.919+0000] {processor.py:925} INFO - DAG(s) 'spark_job_dag' retrieved from /opt/airflow/dags/spark_dag.py
[2025-02-10T11:47:32.953+0000] {logging_mixin.py:190} INFO - [2025-02-10T11:47:32.952+0000] {dag.py:3239} INFO - Sync 1 DAGs
[2025-02-10T11:47:33.139+0000] {logging_mixin.py:190} INFO - [2025-02-10T11:47:33.139+0000] {dag.py:4180} INFO - Setting next_dagrun for spark_job_dag to 2025-02-09 00:00:00+00:00, run_after=2025-02-10 00:00:00+00:00
[2025-02-10T11:47:33.182+0000] {processor.py:208} INFO - Processing /opt/airflow/dags/spark_dag.py took 0.285 seconds
[2025-02-10T11:48:04.053+0000] {processor.py:186} INFO - Started process (PID=761) to work on /opt/airflow/dags/spark_dag.py
[2025-02-10T11:48:04.054+0000] {processor.py:914} INFO - Processing file /opt/airflow/dags/spark_dag.py for tasks to queue
[2025-02-10T11:48:04.056+0000] {logging_mixin.py:190} INFO - [2025-02-10T11:48:04.055+0000] {dagbag.py:588} INFO - Filling up the DagBag from /opt/airflow/dags/spark_dag.py
[2025-02-10T11:48:04.068+0000] {processor.py:925} INFO - DAG(s) 'spark_job_dag' retrieved from /opt/airflow/dags/spark_dag.py
[2025-02-10T11:48:04.102+0000] {logging_mixin.py:190} INFO - [2025-02-10T11:48:04.102+0000] {dag.py:3239} INFO - Sync 1 DAGs
[2025-02-10T11:48:04.296+0000] {logging_mixin.py:190} INFO - [2025-02-10T11:48:04.296+0000] {dag.py:4180} INFO - Setting next_dagrun for spark_job_dag to 2025-02-09 00:00:00+00:00, run_after=2025-02-10 00:00:00+00:00
[2025-02-10T11:48:04.341+0000] {processor.py:208} INFO - Processing /opt/airflow/dags/spark_dag.py took 0.294 seconds
[2025-02-10T11:48:34.881+0000] {processor.py:186} INFO - Started process (PID=765) to work on /opt/airflow/dags/spark_dag.py
[2025-02-10T11:48:34.882+0000] {processor.py:914} INFO - Processing file /opt/airflow/dags/spark_dag.py for tasks to queue
[2025-02-10T11:48:34.884+0000] {logging_mixin.py:190} INFO - [2025-02-10T11:48:34.883+0000] {dagbag.py:588} INFO - Filling up the DagBag from /opt/airflow/dags/spark_dag.py
[2025-02-10T11:48:34.896+0000] {processor.py:925} INFO - DAG(s) 'spark_job_dag' retrieved from /opt/airflow/dags/spark_dag.py
[2025-02-10T11:48:35.115+0000] {logging_mixin.py:190} INFO - [2025-02-10T11:48:35.115+0000] {dag.py:3239} INFO - Sync 1 DAGs
[2025-02-10T11:48:35.139+0000] {logging_mixin.py:190} INFO - [2025-02-10T11:48:35.139+0000] {dag.py:4180} INFO - Setting next_dagrun for spark_job_dag to 2025-02-09 00:00:00+00:00, run_after=2025-02-10 00:00:00+00:00
[2025-02-10T11:48:35.179+0000] {processor.py:208} INFO - Processing /opt/airflow/dags/spark_dag.py took 0.305 seconds
[2025-02-10T11:49:05.729+0000] {processor.py:186} INFO - Started process (PID=769) to work on /opt/airflow/dags/spark_dag.py
[2025-02-10T11:49:05.734+0000] {processor.py:914} INFO - Processing file /opt/airflow/dags/spark_dag.py for tasks to queue
[2025-02-10T11:49:05.738+0000] {logging_mixin.py:190} INFO - [2025-02-10T11:49:05.737+0000] {dagbag.py:588} INFO - Filling up the DagBag from /opt/airflow/dags/spark_dag.py
[2025-02-10T11:49:05.750+0000] {processor.py:925} INFO - DAG(s) 'spark_job_dag' retrieved from /opt/airflow/dags/spark_dag.py
[2025-02-10T11:49:05.791+0000] {logging_mixin.py:190} INFO - [2025-02-10T11:49:05.791+0000] {dag.py:3239} INFO - Sync 1 DAGs
[2025-02-10T11:49:05.817+0000] {logging_mixin.py:190} INFO - [2025-02-10T11:49:05.817+0000] {dag.py:4180} INFO - Setting next_dagrun for spark_job_dag to 2025-02-09 00:00:00+00:00, run_after=2025-02-10 00:00:00+00:00
[2025-02-10T11:49:05.861+0000] {processor.py:208} INFO - Processing /opt/airflow/dags/spark_dag.py took 0.142 seconds
[2025-02-10T11:49:37.167+0000] {processor.py:186} INFO - Started process (PID=773) to work on /opt/airflow/dags/spark_dag.py
[2025-02-10T11:49:37.168+0000] {processor.py:914} INFO - Processing file /opt/airflow/dags/spark_dag.py for tasks to queue
[2025-02-10T11:49:37.170+0000] {logging_mixin.py:190} INFO - [2025-02-10T11:49:37.169+0000] {dagbag.py:588} INFO - Filling up the DagBag from /opt/airflow/dags/spark_dag.py
[2025-02-10T11:49:37.185+0000] {processor.py:925} INFO - DAG(s) 'spark_job_dag' retrieved from /opt/airflow/dags/spark_dag.py
[2025-02-10T11:49:37.224+0000] {logging_mixin.py:190} INFO - [2025-02-10T11:49:37.224+0000] {dag.py:3239} INFO - Sync 1 DAGs
[2025-02-10T11:49:37.252+0000] {logging_mixin.py:190} INFO - [2025-02-10T11:49:37.252+0000] {dag.py:4180} INFO - Setting next_dagrun for spark_job_dag to 2025-02-09 00:00:00+00:00, run_after=2025-02-10 00:00:00+00:00
[2025-02-10T11:49:37.307+0000] {processor.py:208} INFO - Processing /opt/airflow/dags/spark_dag.py took 0.148 seconds
[2025-02-10T11:50:08.620+0000] {processor.py:186} INFO - Started process (PID=777) to work on /opt/airflow/dags/spark_dag.py
[2025-02-10T11:50:08.621+0000] {processor.py:914} INFO - Processing file /opt/airflow/dags/spark_dag.py for tasks to queue
[2025-02-10T11:50:08.623+0000] {logging_mixin.py:190} INFO - [2025-02-10T11:50:08.622+0000] {dagbag.py:588} INFO - Filling up the DagBag from /opt/airflow/dags/spark_dag.py
[2025-02-10T11:50:08.637+0000] {processor.py:925} INFO - DAG(s) 'spark_job_dag' retrieved from /opt/airflow/dags/spark_dag.py
[2025-02-10T11:50:08.679+0000] {logging_mixin.py:190} INFO - [2025-02-10T11:50:08.679+0000] {dag.py:3239} INFO - Sync 1 DAGs
[2025-02-10T11:50:08.707+0000] {logging_mixin.py:190} INFO - [2025-02-10T11:50:08.706+0000] {dag.py:4180} INFO - Setting next_dagrun for spark_job_dag to 2025-02-09 00:00:00+00:00, run_after=2025-02-10 00:00:00+00:00
[2025-02-10T11:50:08.762+0000] {processor.py:208} INFO - Processing /opt/airflow/dags/spark_dag.py took 0.150 seconds
[2025-02-10T11:50:39.380+0000] {processor.py:186} INFO - Started process (PID=781) to work on /opt/airflow/dags/spark_dag.py
[2025-02-10T11:50:39.381+0000] {processor.py:914} INFO - Processing file /opt/airflow/dags/spark_dag.py for tasks to queue
[2025-02-10T11:50:39.383+0000] {logging_mixin.py:190} INFO - [2025-02-10T11:50:39.382+0000] {dagbag.py:588} INFO - Filling up the DagBag from /opt/airflow/dags/spark_dag.py
[2025-02-10T11:50:39.395+0000] {processor.py:925} INFO - DAG(s) 'spark_job_dag' retrieved from /opt/airflow/dags/spark_dag.py
[2025-02-10T11:50:39.429+0000] {logging_mixin.py:190} INFO - [2025-02-10T11:50:39.429+0000] {dag.py:3239} INFO - Sync 1 DAGs
[2025-02-10T11:50:39.453+0000] {logging_mixin.py:190} INFO - [2025-02-10T11:50:39.453+0000] {dag.py:4180} INFO - Setting next_dagrun for spark_job_dag to 2025-02-09 00:00:00+00:00, run_after=2025-02-10 00:00:00+00:00
[2025-02-10T11:50:39.497+0000] {processor.py:208} INFO - Processing /opt/airflow/dags/spark_dag.py took 0.124 seconds
[2025-02-10T11:51:10.238+0000] {processor.py:186} INFO - Started process (PID=785) to work on /opt/airflow/dags/spark_dag.py
[2025-02-10T11:51:10.239+0000] {processor.py:914} INFO - Processing file /opt/airflow/dags/spark_dag.py for tasks to queue
[2025-02-10T11:51:10.242+0000] {logging_mixin.py:190} INFO - [2025-02-10T11:51:10.241+0000] {dagbag.py:588} INFO - Filling up the DagBag from /opt/airflow/dags/spark_dag.py
[2025-02-10T11:51:10.254+0000] {processor.py:925} INFO - DAG(s) 'spark_job_dag' retrieved from /opt/airflow/dags/spark_dag.py
[2025-02-10T11:51:10.287+0000] {logging_mixin.py:190} INFO - [2025-02-10T11:51:10.287+0000] {dag.py:3239} INFO - Sync 1 DAGs
[2025-02-10T11:51:10.321+0000] {logging_mixin.py:190} INFO - [2025-02-10T11:51:10.321+0000] {dag.py:4180} INFO - Setting next_dagrun for spark_job_dag to 2025-02-09 00:00:00+00:00, run_after=2025-02-10 00:00:00+00:00
[2025-02-10T11:51:10.378+0000] {processor.py:208} INFO - Processing /opt/airflow/dags/spark_dag.py took 0.146 seconds
[2025-02-10T11:51:41.070+0000] {processor.py:186} INFO - Started process (PID=789) to work on /opt/airflow/dags/spark_dag.py
[2025-02-10T11:51:41.071+0000] {processor.py:914} INFO - Processing file /opt/airflow/dags/spark_dag.py for tasks to queue
[2025-02-10T11:51:41.074+0000] {logging_mixin.py:190} INFO - [2025-02-10T11:51:41.073+0000] {dagbag.py:588} INFO - Filling up the DagBag from /opt/airflow/dags/spark_dag.py
[2025-02-10T11:51:41.086+0000] {processor.py:925} INFO - DAG(s) 'spark_job_dag' retrieved from /opt/airflow/dags/spark_dag.py
[2025-02-10T11:51:41.119+0000] {logging_mixin.py:190} INFO - [2025-02-10T11:51:41.118+0000] {dag.py:3239} INFO - Sync 1 DAGs
[2025-02-10T11:51:41.146+0000] {logging_mixin.py:190} INFO - [2025-02-10T11:51:41.146+0000] {dag.py:4180} INFO - Setting next_dagrun for spark_job_dag to 2025-02-09 00:00:00+00:00, run_after=2025-02-10 00:00:00+00:00
[2025-02-10T11:51:41.186+0000] {processor.py:208} INFO - Processing /opt/airflow/dags/spark_dag.py took 0.123 seconds
[2025-02-10T11:52:11.882+0000] {processor.py:186} INFO - Started process (PID=793) to work on /opt/airflow/dags/spark_dag.py
[2025-02-10T11:52:11.884+0000] {processor.py:914} INFO - Processing file /opt/airflow/dags/spark_dag.py for tasks to queue
[2025-02-10T11:52:11.886+0000] {logging_mixin.py:190} INFO - [2025-02-10T11:52:11.885+0000] {dagbag.py:588} INFO - Filling up the DagBag from /opt/airflow/dags/spark_dag.py
[2025-02-10T11:52:11.898+0000] {processor.py:925} INFO - DAG(s) 'spark_job_dag' retrieved from /opt/airflow/dags/spark_dag.py
[2025-02-10T11:52:11.931+0000] {logging_mixin.py:190} INFO - [2025-02-10T11:52:11.930+0000] {dag.py:3239} INFO - Sync 1 DAGs
[2025-02-10T11:52:11.957+0000] {logging_mixin.py:190} INFO - [2025-02-10T11:52:11.956+0000] {dag.py:4180} INFO - Setting next_dagrun for spark_job_dag to 2025-02-09 00:00:00+00:00, run_after=2025-02-10 00:00:00+00:00
[2025-02-10T11:52:11.996+0000] {processor.py:208} INFO - Processing /opt/airflow/dags/spark_dag.py took 0.121 seconds
[2025-02-10T11:52:42.697+0000] {processor.py:186} INFO - Started process (PID=797) to work on /opt/airflow/dags/spark_dag.py
[2025-02-10T11:52:42.699+0000] {processor.py:914} INFO - Processing file /opt/airflow/dags/spark_dag.py for tasks to queue
[2025-02-10T11:52:42.701+0000] {logging_mixin.py:190} INFO - [2025-02-10T11:52:42.700+0000] {dagbag.py:588} INFO - Filling up the DagBag from /opt/airflow/dags/spark_dag.py
[2025-02-10T11:52:42.715+0000] {processor.py:925} INFO - DAG(s) 'spark_job_dag' retrieved from /opt/airflow/dags/spark_dag.py
[2025-02-10T11:52:42.750+0000] {logging_mixin.py:190} INFO - [2025-02-10T11:52:42.749+0000] {dag.py:3239} INFO - Sync 1 DAGs
[2025-02-10T11:52:42.777+0000] {logging_mixin.py:190} INFO - [2025-02-10T11:52:42.776+0000] {dag.py:4180} INFO - Setting next_dagrun for spark_job_dag to 2025-02-09 00:00:00+00:00, run_after=2025-02-10 00:00:00+00:00
[2025-02-10T11:52:42.824+0000] {processor.py:208} INFO - Processing /opt/airflow/dags/spark_dag.py took 0.135 seconds
[2025-02-10T11:53:13.499+0000] {processor.py:186} INFO - Started process (PID=801) to work on /opt/airflow/dags/spark_dag.py
[2025-02-10T11:53:13.501+0000] {processor.py:914} INFO - Processing file /opt/airflow/dags/spark_dag.py for tasks to queue
[2025-02-10T11:53:13.503+0000] {logging_mixin.py:190} INFO - [2025-02-10T11:53:13.502+0000] {dagbag.py:588} INFO - Filling up the DagBag from /opt/airflow/dags/spark_dag.py
[2025-02-10T11:53:13.518+0000] {processor.py:925} INFO - DAG(s) 'spark_job_dag' retrieved from /opt/airflow/dags/spark_dag.py
[2025-02-10T11:53:13.554+0000] {logging_mixin.py:190} INFO - [2025-02-10T11:53:13.553+0000] {dag.py:3239} INFO - Sync 1 DAGs
[2025-02-10T11:53:13.579+0000] {logging_mixin.py:190} INFO - [2025-02-10T11:53:13.579+0000] {dag.py:4180} INFO - Setting next_dagrun for spark_job_dag to 2025-02-09 00:00:00+00:00, run_after=2025-02-10 00:00:00+00:00
[2025-02-10T11:53:13.629+0000] {processor.py:208} INFO - Processing /opt/airflow/dags/spark_dag.py took 0.137 seconds
[2025-02-10T11:53:44.354+0000] {processor.py:186} INFO - Started process (PID=805) to work on /opt/airflow/dags/spark_dag.py
[2025-02-10T11:53:44.356+0000] {processor.py:914} INFO - Processing file /opt/airflow/dags/spark_dag.py for tasks to queue
[2025-02-10T11:53:44.360+0000] {logging_mixin.py:190} INFO - [2025-02-10T11:53:44.359+0000] {dagbag.py:588} INFO - Filling up the DagBag from /opt/airflow/dags/spark_dag.py
[2025-02-10T11:53:44.375+0000] {processor.py:925} INFO - DAG(s) 'spark_job_dag' retrieved from /opt/airflow/dags/spark_dag.py
[2025-02-10T11:53:44.422+0000] {logging_mixin.py:190} INFO - [2025-02-10T11:53:44.422+0000] {dag.py:3239} INFO - Sync 1 DAGs
[2025-02-10T11:53:44.466+0000] {logging_mixin.py:190} INFO - [2025-02-10T11:53:44.466+0000] {dag.py:4180} INFO - Setting next_dagrun for spark_job_dag to 2025-02-09 00:00:00+00:00, run_after=2025-02-10 00:00:00+00:00
[2025-02-10T11:53:44.535+0000] {processor.py:208} INFO - Processing /opt/airflow/dags/spark_dag.py took 0.190 seconds
[2025-02-10T11:54:15.215+0000] {processor.py:186} INFO - Started process (PID=809) to work on /opt/airflow/dags/spark_dag.py
[2025-02-10T11:54:15.217+0000] {processor.py:914} INFO - Processing file /opt/airflow/dags/spark_dag.py for tasks to queue
[2025-02-10T11:54:15.220+0000] {logging_mixin.py:190} INFO - [2025-02-10T11:54:15.219+0000] {dagbag.py:588} INFO - Filling up the DagBag from /opt/airflow/dags/spark_dag.py
[2025-02-10T11:54:15.238+0000] {processor.py:925} INFO - DAG(s) 'spark_job_dag' retrieved from /opt/airflow/dags/spark_dag.py
[2025-02-10T11:54:15.281+0000] {logging_mixin.py:190} INFO - [2025-02-10T11:54:15.280+0000] {dag.py:3239} INFO - Sync 1 DAGs
[2025-02-10T11:54:15.314+0000] {logging_mixin.py:190} INFO - [2025-02-10T11:54:15.313+0000] {dag.py:4180} INFO - Setting next_dagrun for spark_job_dag to 2025-02-09 00:00:00+00:00, run_after=2025-02-10 00:00:00+00:00
[2025-02-10T11:54:15.358+0000] {processor.py:208} INFO - Processing /opt/airflow/dags/spark_dag.py took 0.151 seconds
[2025-02-10T11:54:45.933+0000] {processor.py:186} INFO - Started process (PID=813) to work on /opt/airflow/dags/spark_dag.py
[2025-02-10T11:54:45.935+0000] {processor.py:914} INFO - Processing file /opt/airflow/dags/spark_dag.py for tasks to queue
[2025-02-10T11:54:45.937+0000] {logging_mixin.py:190} INFO - [2025-02-10T11:54:45.937+0000] {dagbag.py:588} INFO - Filling up the DagBag from /opt/airflow/dags/spark_dag.py
[2025-02-10T11:54:45.950+0000] {processor.py:925} INFO - DAG(s) 'spark_job_dag' retrieved from /opt/airflow/dags/spark_dag.py
[2025-02-10T11:54:45.982+0000] {logging_mixin.py:190} INFO - [2025-02-10T11:54:45.982+0000] {dag.py:3239} INFO - Sync 1 DAGs
[2025-02-10T11:54:46.007+0000] {logging_mixin.py:190} INFO - [2025-02-10T11:54:46.007+0000] {dag.py:4180} INFO - Setting next_dagrun for spark_job_dag to 2025-02-09 00:00:00+00:00, run_after=2025-02-10 00:00:00+00:00
[2025-02-10T11:54:46.049+0000] {processor.py:208} INFO - Processing /opt/airflow/dags/spark_dag.py took 0.122 seconds
[2025-02-10T11:55:16.741+0000] {processor.py:186} INFO - Started process (PID=817) to work on /opt/airflow/dags/spark_dag.py
[2025-02-10T11:55:16.742+0000] {processor.py:914} INFO - Processing file /opt/airflow/dags/spark_dag.py for tasks to queue
[2025-02-10T11:55:16.744+0000] {logging_mixin.py:190} INFO - [2025-02-10T11:55:16.743+0000] {dagbag.py:588} INFO - Filling up the DagBag from /opt/airflow/dags/spark_dag.py
[2025-02-10T11:55:16.760+0000] {processor.py:925} INFO - DAG(s) 'spark_job_dag' retrieved from /opt/airflow/dags/spark_dag.py
[2025-02-10T11:55:16.803+0000] {logging_mixin.py:190} INFO - [2025-02-10T11:55:16.802+0000] {dag.py:3239} INFO - Sync 1 DAGs
[2025-02-10T11:55:16.835+0000] {logging_mixin.py:190} INFO - [2025-02-10T11:55:16.835+0000] {dag.py:4180} INFO - Setting next_dagrun for spark_job_dag to 2025-02-09 00:00:00+00:00, run_after=2025-02-10 00:00:00+00:00
[2025-02-10T11:55:16.879+0000] {processor.py:208} INFO - Processing /opt/airflow/dags/spark_dag.py took 0.146 seconds
[2025-02-10T11:55:47.658+0000] {processor.py:186} INFO - Started process (PID=821) to work on /opt/airflow/dags/spark_dag.py
[2025-02-10T11:55:47.660+0000] {processor.py:914} INFO - Processing file /opt/airflow/dags/spark_dag.py for tasks to queue
[2025-02-10T11:55:47.662+0000] {logging_mixin.py:190} INFO - [2025-02-10T11:55:47.661+0000] {dagbag.py:588} INFO - Filling up the DagBag from /opt/airflow/dags/spark_dag.py
[2025-02-10T11:55:47.673+0000] {processor.py:925} INFO - DAG(s) 'spark_job_dag' retrieved from /opt/airflow/dags/spark_dag.py
[2025-02-10T11:55:47.712+0000] {logging_mixin.py:190} INFO - [2025-02-10T11:55:47.711+0000] {dag.py:3239} INFO - Sync 1 DAGs
[2025-02-10T11:55:47.738+0000] {logging_mixin.py:190} INFO - [2025-02-10T11:55:47.738+0000] {dag.py:4180} INFO - Setting next_dagrun for spark_job_dag to 2025-02-09 00:00:00+00:00, run_after=2025-02-10 00:00:00+00:00
[2025-02-10T11:55:47.778+0000] {processor.py:208} INFO - Processing /opt/airflow/dags/spark_dag.py took 0.127 seconds
[2025-02-10T11:56:18.465+0000] {processor.py:186} INFO - Started process (PID=825) to work on /opt/airflow/dags/spark_dag.py
[2025-02-10T11:56:18.467+0000] {processor.py:914} INFO - Processing file /opt/airflow/dags/spark_dag.py for tasks to queue
[2025-02-10T11:56:18.468+0000] {logging_mixin.py:190} INFO - [2025-02-10T11:56:18.468+0000] {dagbag.py:588} INFO - Filling up the DagBag from /opt/airflow/dags/spark_dag.py
[2025-02-10T11:56:18.480+0000] {processor.py:925} INFO - DAG(s) 'spark_job_dag' retrieved from /opt/airflow/dags/spark_dag.py
[2025-02-10T11:56:18.513+0000] {logging_mixin.py:190} INFO - [2025-02-10T11:56:18.512+0000] {dag.py:3239} INFO - Sync 1 DAGs
[2025-02-10T11:56:18.536+0000] {logging_mixin.py:190} INFO - [2025-02-10T11:56:18.536+0000] {dag.py:4180} INFO - Setting next_dagrun for spark_job_dag to 2025-02-09 00:00:00+00:00, run_after=2025-02-10 00:00:00+00:00
[2025-02-10T11:56:18.578+0000] {processor.py:208} INFO - Processing /opt/airflow/dags/spark_dag.py took 0.119 seconds
[2025-02-10T11:56:49.253+0000] {processor.py:186} INFO - Started process (PID=829) to work on /opt/airflow/dags/spark_dag.py
[2025-02-10T11:56:49.254+0000] {processor.py:914} INFO - Processing file /opt/airflow/dags/spark_dag.py for tasks to queue
[2025-02-10T11:56:49.256+0000] {logging_mixin.py:190} INFO - [2025-02-10T11:56:49.255+0000] {dagbag.py:588} INFO - Filling up the DagBag from /opt/airflow/dags/spark_dag.py
[2025-02-10T11:56:49.267+0000] {processor.py:925} INFO - DAG(s) 'spark_job_dag' retrieved from /opt/airflow/dags/spark_dag.py
[2025-02-10T11:56:49.298+0000] {logging_mixin.py:190} INFO - [2025-02-10T11:56:49.298+0000] {dag.py:3239} INFO - Sync 1 DAGs
[2025-02-10T11:56:49.323+0000] {logging_mixin.py:190} INFO - [2025-02-10T11:56:49.322+0000] {dag.py:4180} INFO - Setting next_dagrun for spark_job_dag to 2025-02-09 00:00:00+00:00, run_after=2025-02-10 00:00:00+00:00
[2025-02-10T11:56:49.391+0000] {processor.py:208} INFO - Processing /opt/airflow/dags/spark_dag.py took 0.145 seconds
[2025-02-10T11:57:20.076+0000] {processor.py:186} INFO - Started process (PID=833) to work on /opt/airflow/dags/spark_dag.py
[2025-02-10T11:57:20.078+0000] {processor.py:914} INFO - Processing file /opt/airflow/dags/spark_dag.py for tasks to queue
[2025-02-10T11:57:20.079+0000] {logging_mixin.py:190} INFO - [2025-02-10T11:57:20.079+0000] {dagbag.py:588} INFO - Filling up the DagBag from /opt/airflow/dags/spark_dag.py
[2025-02-10T11:57:20.092+0000] {processor.py:925} INFO - DAG(s) 'spark_job_dag' retrieved from /opt/airflow/dags/spark_dag.py
[2025-02-10T11:57:20.128+0000] {logging_mixin.py:190} INFO - [2025-02-10T11:57:20.127+0000] {dag.py:3239} INFO - Sync 1 DAGs
[2025-02-10T11:57:20.154+0000] {logging_mixin.py:190} INFO - [2025-02-10T11:57:20.154+0000] {dag.py:4180} INFO - Setting next_dagrun for spark_job_dag to 2025-02-09 00:00:00+00:00, run_after=2025-02-10 00:00:00+00:00
[2025-02-10T11:57:20.196+0000] {processor.py:208} INFO - Processing /opt/airflow/dags/spark_dag.py took 0.126 seconds
[2025-02-10T11:57:50.849+0000] {processor.py:186} INFO - Started process (PID=837) to work on /opt/airflow/dags/spark_dag.py
[2025-02-10T11:57:50.850+0000] {processor.py:914} INFO - Processing file /opt/airflow/dags/spark_dag.py for tasks to queue
[2025-02-10T11:57:50.852+0000] {logging_mixin.py:190} INFO - [2025-02-10T11:57:50.852+0000] {dagbag.py:588} INFO - Filling up the DagBag from /opt/airflow/dags/spark_dag.py
[2025-02-10T11:57:50.865+0000] {processor.py:925} INFO - DAG(s) 'spark_job_dag' retrieved from /opt/airflow/dags/spark_dag.py
[2025-02-10T11:57:50.901+0000] {logging_mixin.py:190} INFO - [2025-02-10T11:57:50.901+0000] {dag.py:3239} INFO - Sync 1 DAGs
[2025-02-10T11:57:50.930+0000] {logging_mixin.py:190} INFO - [2025-02-10T11:57:50.929+0000] {dag.py:4180} INFO - Setting next_dagrun for spark_job_dag to 2025-02-09 00:00:00+00:00, run_after=2025-02-10 00:00:00+00:00
[2025-02-10T11:57:50.978+0000] {processor.py:208} INFO - Processing /opt/airflow/dags/spark_dag.py took 0.136 seconds
[2025-02-10T11:58:21.617+0000] {processor.py:186} INFO - Started process (PID=841) to work on /opt/airflow/dags/spark_dag.py
[2025-02-10T11:58:21.618+0000] {processor.py:914} INFO - Processing file /opt/airflow/dags/spark_dag.py for tasks to queue
[2025-02-10T11:58:21.620+0000] {logging_mixin.py:190} INFO - [2025-02-10T11:58:21.620+0000] {dagbag.py:588} INFO - Filling up the DagBag from /opt/airflow/dags/spark_dag.py
[2025-02-10T11:58:21.634+0000] {processor.py:925} INFO - DAG(s) 'spark_job_dag' retrieved from /opt/airflow/dags/spark_dag.py
[2025-02-10T11:58:21.668+0000] {logging_mixin.py:190} INFO - [2025-02-10T11:58:21.668+0000] {dag.py:3239} INFO - Sync 1 DAGs
[2025-02-10T11:58:21.697+0000] {logging_mixin.py:190} INFO - [2025-02-10T11:58:21.697+0000] {dag.py:4180} INFO - Setting next_dagrun for spark_job_dag to 2025-02-09 00:00:00+00:00, run_after=2025-02-10 00:00:00+00:00
[2025-02-10T11:58:21.739+0000] {processor.py:208} INFO - Processing /opt/airflow/dags/spark_dag.py took 0.129 seconds
[2025-02-10T11:58:52.263+0000] {processor.py:186} INFO - Started process (PID=845) to work on /opt/airflow/dags/spark_dag.py
[2025-02-10T11:58:52.264+0000] {processor.py:914} INFO - Processing file /opt/airflow/dags/spark_dag.py for tasks to queue
[2025-02-10T11:58:52.266+0000] {logging_mixin.py:190} INFO - [2025-02-10T11:58:52.265+0000] {dagbag.py:588} INFO - Filling up the DagBag from /opt/airflow/dags/spark_dag.py
[2025-02-10T11:58:52.277+0000] {processor.py:925} INFO - DAG(s) 'spark_job_dag' retrieved from /opt/airflow/dags/spark_dag.py
[2025-02-10T11:58:52.307+0000] {logging_mixin.py:190} INFO - [2025-02-10T11:58:52.306+0000] {dag.py:3239} INFO - Sync 1 DAGs
[2025-02-10T11:58:52.330+0000] {logging_mixin.py:190} INFO - [2025-02-10T11:58:52.330+0000] {dag.py:4180} INFO - Setting next_dagrun for spark_job_dag to 2025-02-09 00:00:00+00:00, run_after=2025-02-10 00:00:00+00:00
[2025-02-10T11:58:52.374+0000] {processor.py:208} INFO - Processing /opt/airflow/dags/spark_dag.py took 0.117 seconds
[2025-02-10T11:59:22.920+0000] {processor.py:186} INFO - Started process (PID=849) to work on /opt/airflow/dags/spark_dag.py
[2025-02-10T11:59:22.921+0000] {processor.py:914} INFO - Processing file /opt/airflow/dags/spark_dag.py for tasks to queue
[2025-02-10T11:59:22.923+0000] {logging_mixin.py:190} INFO - [2025-02-10T11:59:22.923+0000] {dagbag.py:588} INFO - Filling up the DagBag from /opt/airflow/dags/spark_dag.py
[2025-02-10T11:59:22.936+0000] {processor.py:925} INFO - DAG(s) 'spark_job_dag' retrieved from /opt/airflow/dags/spark_dag.py
[2025-02-10T11:59:22.973+0000] {logging_mixin.py:190} INFO - [2025-02-10T11:59:22.972+0000] {dag.py:3239} INFO - Sync 1 DAGs
[2025-02-10T11:59:23.007+0000] {logging_mixin.py:190} INFO - [2025-02-10T11:59:23.007+0000] {dag.py:4180} INFO - Setting next_dagrun for spark_job_dag to 2025-02-09 00:00:00+00:00, run_after=2025-02-10 00:00:00+00:00
[2025-02-10T11:59:23.058+0000] {processor.py:208} INFO - Processing /opt/airflow/dags/spark_dag.py took 0.146 seconds
[2025-02-10T11:59:53.758+0000] {processor.py:186} INFO - Started process (PID=853) to work on /opt/airflow/dags/spark_dag.py
[2025-02-10T11:59:53.760+0000] {processor.py:914} INFO - Processing file /opt/airflow/dags/spark_dag.py for tasks to queue
[2025-02-10T11:59:53.762+0000] {logging_mixin.py:190} INFO - [2025-02-10T11:59:53.762+0000] {dagbag.py:588} INFO - Filling up the DagBag from /opt/airflow/dags/spark_dag.py
[2025-02-10T11:59:53.775+0000] {processor.py:925} INFO - DAG(s) 'spark_job_dag' retrieved from /opt/airflow/dags/spark_dag.py
[2025-02-10T11:59:53.814+0000] {logging_mixin.py:190} INFO - [2025-02-10T11:59:53.813+0000] {dag.py:3239} INFO - Sync 1 DAGs
[2025-02-10T11:59:53.867+0000] {logging_mixin.py:190} INFO - [2025-02-10T11:59:53.867+0000] {dag.py:4180} INFO - Setting next_dagrun for spark_job_dag to 2025-02-09 00:00:00+00:00, run_after=2025-02-10 00:00:00+00:00
[2025-02-10T11:59:53.939+0000] {processor.py:208} INFO - Processing /opt/airflow/dags/spark_dag.py took 0.190 seconds
[2025-02-10T12:00:24.606+0000] {processor.py:186} INFO - Started process (PID=857) to work on /opt/airflow/dags/spark_dag.py
[2025-02-10T12:00:24.610+0000] {processor.py:914} INFO - Processing file /opt/airflow/dags/spark_dag.py for tasks to queue
[2025-02-10T12:00:24.614+0000] {logging_mixin.py:190} INFO - [2025-02-10T12:00:24.613+0000] {dagbag.py:588} INFO - Filling up the DagBag from /opt/airflow/dags/spark_dag.py
[2025-02-10T12:00:24.630+0000] {processor.py:925} INFO - DAG(s) 'spark_job_dag' retrieved from /opt/airflow/dags/spark_dag.py
[2025-02-10T12:00:24.672+0000] {logging_mixin.py:190} INFO - [2025-02-10T12:00:24.672+0000] {dag.py:3239} INFO - Sync 1 DAGs
[2025-02-10T12:00:24.700+0000] {logging_mixin.py:190} INFO - [2025-02-10T12:00:24.700+0000] {dag.py:4180} INFO - Setting next_dagrun for spark_job_dag to 2025-02-09 00:00:00+00:00, run_after=2025-02-10 00:00:00+00:00
[2025-02-10T12:00:24.745+0000] {processor.py:208} INFO - Processing /opt/airflow/dags/spark_dag.py took 0.157 seconds
[2025-02-10T12:01:17.842+0000] {processor.py:186} INFO - Started process (PID=1008) to work on /opt/airflow/dags/spark_dag.py
[2025-02-10T12:01:17.843+0000] {processor.py:914} INFO - Processing file /opt/airflow/dags/spark_dag.py for tasks to queue
[2025-02-10T12:01:17.846+0000] {logging_mixin.py:190} INFO - [2025-02-10T12:01:17.846+0000] {dagbag.py:588} INFO - Filling up the DagBag from /opt/airflow/dags/spark_dag.py
[2025-02-10T12:01:17.860+0000] {processor.py:925} INFO - DAG(s) 'spark_job_dag' retrieved from /opt/airflow/dags/spark_dag.py
[2025-02-10T12:01:17.895+0000] {logging_mixin.py:190} INFO - [2025-02-10T12:01:17.895+0000] {dag.py:3239} INFO - Sync 1 DAGs
[2025-02-10T12:01:17.923+0000] {logging_mixin.py:190} INFO - [2025-02-10T12:01:17.923+0000] {dag.py:4180} INFO - Setting next_dagrun for spark_job_dag to 2025-02-09 00:00:00+00:00, run_after=2025-02-10 00:00:00+00:00
[2025-02-10T12:01:17.973+0000] {processor.py:208} INFO - Processing /opt/airflow/dags/spark_dag.py took 0.138 seconds
[2025-02-10T12:03:50.660+0000] {processor.py:186} INFO - Started process (PID=1633) to work on /opt/airflow/dags/spark_dag.py
[2025-02-10T12:03:50.662+0000] {processor.py:914} INFO - Processing file /opt/airflow/dags/spark_dag.py for tasks to queue
[2025-02-10T12:03:50.664+0000] {logging_mixin.py:190} INFO - [2025-02-10T12:03:50.663+0000] {dagbag.py:588} INFO - Filling up the DagBag from /opt/airflow/dags/spark_dag.py
[2025-02-10T12:03:50.678+0000] {processor.py:925} INFO - DAG(s) 'spark_job_dag' retrieved from /opt/airflow/dags/spark_dag.py
[2025-02-10T12:03:50.715+0000] {logging_mixin.py:190} INFO - [2025-02-10T12:03:50.714+0000] {dag.py:3239} INFO - Sync 1 DAGs
[2025-02-10T12:03:50.747+0000] {logging_mixin.py:190} INFO - [2025-02-10T12:03:50.747+0000] {dag.py:4180} INFO - Setting next_dagrun for spark_job_dag to 2025-02-09 00:00:00+00:00, run_after=2025-02-10 00:00:00+00:00
[2025-02-10T12:03:50.792+0000] {processor.py:208} INFO - Processing /opt/airflow/dags/spark_dag.py took 0.138 seconds
[2025-02-10T12:04:21.842+0000] {processor.py:186} INFO - Started process (PID=1637) to work on /opt/airflow/dags/spark_dag.py
[2025-02-10T12:04:21.845+0000] {processor.py:914} INFO - Processing file /opt/airflow/dags/spark_dag.py for tasks to queue
[2025-02-10T12:04:21.847+0000] {logging_mixin.py:190} INFO - [2025-02-10T12:04:21.846+0000] {dagbag.py:588} INFO - Filling up the DagBag from /opt/airflow/dags/spark_dag.py
[2025-02-10T12:04:21.859+0000] {processor.py:925} INFO - DAG(s) 'spark_job_dag' retrieved from /opt/airflow/dags/spark_dag.py
[2025-02-10T12:04:21.893+0000] {logging_mixin.py:190} INFO - [2025-02-10T12:04:21.893+0000] {dag.py:3239} INFO - Sync 1 DAGs
[2025-02-10T12:04:21.923+0000] {logging_mixin.py:190} INFO - [2025-02-10T12:04:21.922+0000] {dag.py:4180} INFO - Setting next_dagrun for spark_job_dag to 2025-02-09 00:00:00+00:00, run_after=2025-02-10 00:00:00+00:00
[2025-02-10T12:04:21.964+0000] {processor.py:208} INFO - Processing /opt/airflow/dags/spark_dag.py took 0.128 seconds
[2025-02-10T12:04:53.504+0000] {processor.py:186} INFO - Started process (PID=1641) to work on /opt/airflow/dags/spark_dag.py
[2025-02-10T12:04:53.506+0000] {processor.py:914} INFO - Processing file /opt/airflow/dags/spark_dag.py for tasks to queue
[2025-02-10T12:04:53.507+0000] {logging_mixin.py:190} INFO - [2025-02-10T12:04:53.507+0000] {dagbag.py:588} INFO - Filling up the DagBag from /opt/airflow/dags/spark_dag.py
[2025-02-10T12:04:53.521+0000] {processor.py:925} INFO - DAG(s) 'spark_job_dag' retrieved from /opt/airflow/dags/spark_dag.py
[2025-02-10T12:04:53.564+0000] {logging_mixin.py:190} INFO - [2025-02-10T12:04:53.563+0000] {dag.py:3239} INFO - Sync 1 DAGs
[2025-02-10T12:04:53.593+0000] {logging_mixin.py:190} INFO - [2025-02-10T12:04:53.593+0000] {dag.py:4180} INFO - Setting next_dagrun for spark_job_dag to 2025-02-09 00:00:00+00:00, run_after=2025-02-10 00:00:00+00:00
[2025-02-10T12:04:53.646+0000] {processor.py:208} INFO - Processing /opt/airflow/dags/spark_dag.py took 0.150 seconds
[2025-02-10T12:05:24.254+0000] {processor.py:186} INFO - Started process (PID=1645) to work on /opt/airflow/dags/spark_dag.py
[2025-02-10T12:05:24.256+0000] {processor.py:914} INFO - Processing file /opt/airflow/dags/spark_dag.py for tasks to queue
[2025-02-10T12:05:24.257+0000] {logging_mixin.py:190} INFO - [2025-02-10T12:05:24.257+0000] {dagbag.py:588} INFO - Filling up the DagBag from /opt/airflow/dags/spark_dag.py
[2025-02-10T12:05:24.269+0000] {processor.py:925} INFO - DAG(s) 'spark_job_dag' retrieved from /opt/airflow/dags/spark_dag.py
[2025-02-10T12:05:24.303+0000] {logging_mixin.py:190} INFO - [2025-02-10T12:05:24.303+0000] {dag.py:3239} INFO - Sync 1 DAGs
[2025-02-10T12:05:24.327+0000] {logging_mixin.py:190} INFO - [2025-02-10T12:05:24.327+0000] {dag.py:4180} INFO - Setting next_dagrun for spark_job_dag to 2025-02-09 00:00:00+00:00, run_after=2025-02-10 00:00:00+00:00
[2025-02-10T12:05:24.371+0000] {processor.py:208} INFO - Processing /opt/airflow/dags/spark_dag.py took 0.124 seconds
[2025-02-10T12:05:54.902+0000] {processor.py:186} INFO - Started process (PID=1649) to work on /opt/airflow/dags/spark_dag.py
[2025-02-10T12:05:54.904+0000] {processor.py:914} INFO - Processing file /opt/airflow/dags/spark_dag.py for tasks to queue
[2025-02-10T12:05:54.906+0000] {logging_mixin.py:190} INFO - [2025-02-10T12:05:54.905+0000] {dagbag.py:588} INFO - Filling up the DagBag from /opt/airflow/dags/spark_dag.py
[2025-02-10T12:05:54.918+0000] {processor.py:925} INFO - DAG(s) 'spark_job_dag' retrieved from /opt/airflow/dags/spark_dag.py
[2025-02-10T12:05:54.952+0000] {logging_mixin.py:190} INFO - [2025-02-10T12:05:54.952+0000] {dag.py:3239} INFO - Sync 1 DAGs
[2025-02-10T12:05:54.978+0000] {logging_mixin.py:190} INFO - [2025-02-10T12:05:54.978+0000] {dag.py:4180} INFO - Setting next_dagrun for spark_job_dag to 2025-02-09 00:00:00+00:00, run_after=2025-02-10 00:00:00+00:00
[2025-02-10T12:05:55.016+0000] {processor.py:208} INFO - Processing /opt/airflow/dags/spark_dag.py took 0.121 seconds
[2025-02-10T12:06:25.679+0000] {processor.py:186} INFO - Started process (PID=1653) to work on /opt/airflow/dags/spark_dag.py
[2025-02-10T12:06:25.680+0000] {processor.py:914} INFO - Processing file /opt/airflow/dags/spark_dag.py for tasks to queue
[2025-02-10T12:06:25.681+0000] {logging_mixin.py:190} INFO - [2025-02-10T12:06:25.681+0000] {dagbag.py:588} INFO - Filling up the DagBag from /opt/airflow/dags/spark_dag.py
[2025-02-10T12:06:25.692+0000] {processor.py:925} INFO - DAG(s) 'spark_job_dag' retrieved from /opt/airflow/dags/spark_dag.py
[2025-02-10T12:06:25.722+0000] {logging_mixin.py:190} INFO - [2025-02-10T12:06:25.722+0000] {dag.py:3239} INFO - Sync 1 DAGs
[2025-02-10T12:06:25.746+0000] {logging_mixin.py:190} INFO - [2025-02-10T12:06:25.746+0000] {dag.py:4180} INFO - Setting next_dagrun for spark_job_dag to 2025-02-09 00:00:00+00:00, run_after=2025-02-10 00:00:00+00:00
[2025-02-10T12:06:25.790+0000] {processor.py:208} INFO - Processing /opt/airflow/dags/spark_dag.py took 0.117 seconds
[2025-02-10T12:06:56.575+0000] {processor.py:186} INFO - Started process (PID=1657) to work on /opt/airflow/dags/spark_dag.py
[2025-02-10T12:06:56.576+0000] {processor.py:914} INFO - Processing file /opt/airflow/dags/spark_dag.py for tasks to queue
[2025-02-10T12:06:56.578+0000] {logging_mixin.py:190} INFO - [2025-02-10T12:06:56.577+0000] {dagbag.py:588} INFO - Filling up the DagBag from /opt/airflow/dags/spark_dag.py
[2025-02-10T12:06:56.589+0000] {processor.py:925} INFO - DAG(s) 'spark_job_dag' retrieved from /opt/airflow/dags/spark_dag.py
[2025-02-10T12:06:56.620+0000] {logging_mixin.py:190} INFO - [2025-02-10T12:06:56.620+0000] {dag.py:3239} INFO - Sync 1 DAGs
[2025-02-10T12:06:56.646+0000] {logging_mixin.py:190} INFO - [2025-02-10T12:06:56.645+0000] {dag.py:4180} INFO - Setting next_dagrun for spark_job_dag to 2025-02-09 00:00:00+00:00, run_after=2025-02-10 00:00:00+00:00
[2025-02-10T12:06:56.692+0000] {processor.py:208} INFO - Processing /opt/airflow/dags/spark_dag.py took 0.123 seconds
[2025-02-10T12:07:27.502+0000] {processor.py:186} INFO - Started process (PID=1661) to work on /opt/airflow/dags/spark_dag.py
[2025-02-10T12:07:27.504+0000] {processor.py:914} INFO - Processing file /opt/airflow/dags/spark_dag.py for tasks to queue
[2025-02-10T12:07:27.506+0000] {logging_mixin.py:190} INFO - [2025-02-10T12:07:27.505+0000] {dagbag.py:588} INFO - Filling up the DagBag from /opt/airflow/dags/spark_dag.py
[2025-02-10T12:07:27.521+0000] {processor.py:925} INFO - DAG(s) 'spark_job_dag' retrieved from /opt/airflow/dags/spark_dag.py
[2025-02-10T12:07:27.574+0000] {logging_mixin.py:190} INFO - [2025-02-10T12:07:27.573+0000] {dag.py:3239} INFO - Sync 1 DAGs
[2025-02-10T12:07:27.615+0000] {logging_mixin.py:190} INFO - [2025-02-10T12:07:27.615+0000] {dag.py:4180} INFO - Setting next_dagrun for spark_job_dag to 2025-02-09 00:00:00+00:00, run_after=2025-02-10 00:00:00+00:00
[2025-02-10T12:07:27.674+0000] {processor.py:208} INFO - Processing /opt/airflow/dags/spark_dag.py took 0.182 seconds
[2025-02-10T12:07:58.199+0000] {processor.py:186} INFO - Started process (PID=1665) to work on /opt/airflow/dags/spark_dag.py
[2025-02-10T12:07:58.200+0000] {processor.py:914} INFO - Processing file /opt/airflow/dags/spark_dag.py for tasks to queue
[2025-02-10T12:07:58.202+0000] {logging_mixin.py:190} INFO - [2025-02-10T12:07:58.202+0000] {dagbag.py:588} INFO - Filling up the DagBag from /opt/airflow/dags/spark_dag.py
[2025-02-10T12:07:58.213+0000] {processor.py:925} INFO - DAG(s) 'spark_job_dag' retrieved from /opt/airflow/dags/spark_dag.py
[2025-02-10T12:07:58.246+0000] {logging_mixin.py:190} INFO - [2025-02-10T12:07:58.246+0000] {dag.py:3239} INFO - Sync 1 DAGs
[2025-02-10T12:07:58.271+0000] {logging_mixin.py:190} INFO - [2025-02-10T12:07:58.271+0000] {dag.py:4180} INFO - Setting next_dagrun for spark_job_dag to 2025-02-09 00:00:00+00:00, run_after=2025-02-10 00:00:00+00:00
[2025-02-10T12:07:58.315+0000] {processor.py:208} INFO - Processing /opt/airflow/dags/spark_dag.py took 0.122 seconds
[2025-02-10T12:08:29.101+0000] {processor.py:186} INFO - Started process (PID=1669) to work on /opt/airflow/dags/spark_dag.py
[2025-02-10T12:08:29.103+0000] {processor.py:914} INFO - Processing file /opt/airflow/dags/spark_dag.py for tasks to queue
[2025-02-10T12:08:29.104+0000] {logging_mixin.py:190} INFO - [2025-02-10T12:08:29.104+0000] {dagbag.py:588} INFO - Filling up the DagBag from /opt/airflow/dags/spark_dag.py
[2025-02-10T12:08:29.117+0000] {processor.py:925} INFO - DAG(s) 'spark_job_dag' retrieved from /opt/airflow/dags/spark_dag.py
[2025-02-10T12:08:29.155+0000] {logging_mixin.py:190} INFO - [2025-02-10T12:08:29.155+0000] {dag.py:3239} INFO - Sync 1 DAGs
[2025-02-10T12:08:29.182+0000] {logging_mixin.py:190} INFO - [2025-02-10T12:08:29.181+0000] {dag.py:4180} INFO - Setting next_dagrun for spark_job_dag to 2025-02-09 00:00:00+00:00, run_after=2025-02-10 00:00:00+00:00
[2025-02-10T12:08:29.230+0000] {processor.py:208} INFO - Processing /opt/airflow/dags/spark_dag.py took 0.136 seconds
[2025-02-10T12:08:59.841+0000] {processor.py:186} INFO - Started process (PID=1673) to work on /opt/airflow/dags/spark_dag.py
[2025-02-10T12:08:59.843+0000] {processor.py:914} INFO - Processing file /opt/airflow/dags/spark_dag.py for tasks to queue
[2025-02-10T12:08:59.845+0000] {logging_mixin.py:190} INFO - [2025-02-10T12:08:59.844+0000] {dagbag.py:588} INFO - Filling up the DagBag from /opt/airflow/dags/spark_dag.py
[2025-02-10T12:08:59.856+0000] {processor.py:925} INFO - DAG(s) 'spark_job_dag' retrieved from /opt/airflow/dags/spark_dag.py
[2025-02-10T12:08:59.891+0000] {logging_mixin.py:190} INFO - [2025-02-10T12:08:59.891+0000] {dag.py:3239} INFO - Sync 1 DAGs
[2025-02-10T12:08:59.919+0000] {logging_mixin.py:190} INFO - [2025-02-10T12:08:59.919+0000] {dag.py:4180} INFO - Setting next_dagrun for spark_job_dag to 2025-02-09 00:00:00+00:00, run_after=2025-02-10 00:00:00+00:00
[2025-02-10T12:08:59.966+0000] {processor.py:208} INFO - Processing /opt/airflow/dags/spark_dag.py took 0.132 seconds
[2025-02-10T12:09:30.597+0000] {processor.py:186} INFO - Started process (PID=1677) to work on /opt/airflow/dags/spark_dag.py
[2025-02-10T12:09:30.598+0000] {processor.py:914} INFO - Processing file /opt/airflow/dags/spark_dag.py for tasks to queue
[2025-02-10T12:09:30.600+0000] {logging_mixin.py:190} INFO - [2025-02-10T12:09:30.599+0000] {dagbag.py:588} INFO - Filling up the DagBag from /opt/airflow/dags/spark_dag.py
[2025-02-10T12:09:30.613+0000] {processor.py:925} INFO - DAG(s) 'spark_job_dag' retrieved from /opt/airflow/dags/spark_dag.py
[2025-02-10T12:09:30.650+0000] {logging_mixin.py:190} INFO - [2025-02-10T12:09:30.650+0000] {dag.py:3239} INFO - Sync 1 DAGs
[2025-02-10T12:09:30.684+0000] {logging_mixin.py:190} INFO - [2025-02-10T12:09:30.683+0000] {dag.py:4180} INFO - Setting next_dagrun for spark_job_dag to 2025-02-09 00:00:00+00:00, run_after=2025-02-10 00:00:00+00:00
[2025-02-10T12:09:30.831+0000] {processor.py:208} INFO - Processing /opt/airflow/dags/spark_dag.py took 0.241 seconds
[2025-02-10T12:10:01.459+0000] {processor.py:186} INFO - Started process (PID=1681) to work on /opt/airflow/dags/spark_dag.py
[2025-02-10T12:10:01.460+0000] {processor.py:914} INFO - Processing file /opt/airflow/dags/spark_dag.py for tasks to queue
[2025-02-10T12:10:01.462+0000] {logging_mixin.py:190} INFO - [2025-02-10T12:10:01.461+0000] {dagbag.py:588} INFO - Filling up the DagBag from /opt/airflow/dags/spark_dag.py
[2025-02-10T12:10:01.476+0000] {processor.py:925} INFO - DAG(s) 'spark_job_dag' retrieved from /opt/airflow/dags/spark_dag.py
[2025-02-10T12:10:01.518+0000] {logging_mixin.py:190} INFO - [2025-02-10T12:10:01.518+0000] {dag.py:3239} INFO - Sync 1 DAGs
[2025-02-10T12:10:01.549+0000] {logging_mixin.py:190} INFO - [2025-02-10T12:10:01.549+0000] {dag.py:4180} INFO - Setting next_dagrun for spark_job_dag to 2025-02-09 00:00:00+00:00, run_after=2025-02-10 00:00:00+00:00
[2025-02-10T12:10:01.594+0000] {processor.py:208} INFO - Processing /opt/airflow/dags/spark_dag.py took 0.143 seconds
[2025-02-10T12:10:41.056+0000] {processor.py:186} INFO - Started process (PID=1709) to work on /opt/airflow/dags/spark_dag.py
[2025-02-10T12:10:41.059+0000] {processor.py:914} INFO - Processing file /opt/airflow/dags/spark_dag.py for tasks to queue
[2025-02-10T12:10:41.061+0000] {logging_mixin.py:190} INFO - [2025-02-10T12:10:41.060+0000] {dagbag.py:588} INFO - Filling up the DagBag from /opt/airflow/dags/spark_dag.py
[2025-02-10T12:10:41.075+0000] {processor.py:925} INFO - DAG(s) 'spark_job_dag' retrieved from /opt/airflow/dags/spark_dag.py
[2025-02-10T12:10:41.123+0000] {logging_mixin.py:190} INFO - [2025-02-10T12:10:41.123+0000] {dag.py:3239} INFO - Sync 1 DAGs
[2025-02-10T12:10:41.165+0000] {logging_mixin.py:190} INFO - [2025-02-10T12:10:41.165+0000] {dag.py:4180} INFO - Setting next_dagrun for spark_job_dag to 2025-02-09 00:00:00+00:00, run_after=2025-02-10 00:00:00+00:00
[2025-02-10T12:10:41.229+0000] {processor.py:208} INFO - Processing /opt/airflow/dags/spark_dag.py took 0.182 seconds
[2025-02-10T12:11:58.837+0000] {processor.py:186} INFO - Started process (PID=1999) to work on /opt/airflow/dags/spark_dag.py
[2025-02-10T12:11:58.839+0000] {processor.py:914} INFO - Processing file /opt/airflow/dags/spark_dag.py for tasks to queue
[2025-02-10T12:11:58.842+0000] {logging_mixin.py:190} INFO - [2025-02-10T12:11:58.841+0000] {dagbag.py:588} INFO - Filling up the DagBag from /opt/airflow/dags/spark_dag.py
[2025-02-10T12:11:58.855+0000] {processor.py:925} INFO - DAG(s) 'spark_job_dag' retrieved from /opt/airflow/dags/spark_dag.py
[2025-02-10T12:11:58.897+0000] {logging_mixin.py:190} INFO - [2025-02-10T12:11:58.896+0000] {dag.py:3239} INFO - Sync 1 DAGs
[2025-02-10T12:11:58.930+0000] {logging_mixin.py:190} INFO - [2025-02-10T12:11:58.930+0000] {dag.py:4180} INFO - Setting next_dagrun for spark_job_dag to 2025-02-09 00:00:00+00:00, run_after=2025-02-10 00:00:00+00:00
[2025-02-10T12:11:58.988+0000] {processor.py:208} INFO - Processing /opt/airflow/dags/spark_dag.py took 0.159 seconds
[2025-02-10T12:12:30.141+0000] {processor.py:186} INFO - Started process (PID=2003) to work on /opt/airflow/dags/spark_dag.py
[2025-02-10T12:12:30.142+0000] {processor.py:914} INFO - Processing file /opt/airflow/dags/spark_dag.py for tasks to queue
[2025-02-10T12:12:30.145+0000] {logging_mixin.py:190} INFO - [2025-02-10T12:12:30.144+0000] {dagbag.py:588} INFO - Filling up the DagBag from /opt/airflow/dags/spark_dag.py
[2025-02-10T12:12:30.164+0000] {processor.py:925} INFO - DAG(s) 'spark_job_dag' retrieved from /opt/airflow/dags/spark_dag.py
[2025-02-10T12:12:30.200+0000] {logging_mixin.py:190} INFO - [2025-02-10T12:12:30.199+0000] {dag.py:3239} INFO - Sync 1 DAGs
[2025-02-10T12:12:30.227+0000] {logging_mixin.py:190} INFO - [2025-02-10T12:12:30.227+0000] {dag.py:4180} INFO - Setting next_dagrun for spark_job_dag to 2025-02-09 00:00:00+00:00, run_after=2025-02-10 00:00:00+00:00
[2025-02-10T12:12:30.274+0000] {processor.py:208} INFO - Processing /opt/airflow/dags/spark_dag.py took 0.141 seconds
[2025-02-10T12:13:59.040+0000] {processor.py:186} INFO - Started process (PID=2287) to work on /opt/airflow/dags/spark_dag.py
[2025-02-10T12:13:59.042+0000] {processor.py:914} INFO - Processing file /opt/airflow/dags/spark_dag.py for tasks to queue
[2025-02-10T12:13:59.045+0000] {logging_mixin.py:190} INFO - [2025-02-10T12:13:59.044+0000] {dagbag.py:588} INFO - Filling up the DagBag from /opt/airflow/dags/spark_dag.py
[2025-02-10T12:13:59.063+0000] {processor.py:925} INFO - DAG(s) 'spark_job_dag' retrieved from /opt/airflow/dags/spark_dag.py
[2025-02-10T12:13:59.119+0000] {logging_mixin.py:190} INFO - [2025-02-10T12:13:59.118+0000] {dag.py:3239} INFO - Sync 1 DAGs
[2025-02-10T12:13:59.152+0000] {logging_mixin.py:190} INFO - [2025-02-10T12:13:59.152+0000] {dag.py:4180} INFO - Setting next_dagrun for spark_job_dag to 2025-02-09 00:00:00+00:00, run_after=2025-02-10 00:00:00+00:00
[2025-02-10T12:13:59.206+0000] {processor.py:208} INFO - Processing /opt/airflow/dags/spark_dag.py took 0.176 seconds
[2025-02-10T12:14:30.537+0000] {processor.py:186} INFO - Started process (PID=2291) to work on /opt/airflow/dags/spark_dag.py
[2025-02-10T12:14:30.539+0000] {processor.py:914} INFO - Processing file /opt/airflow/dags/spark_dag.py for tasks to queue
[2025-02-10T12:14:30.541+0000] {logging_mixin.py:190} INFO - [2025-02-10T12:14:30.540+0000] {dagbag.py:588} INFO - Filling up the DagBag from /opt/airflow/dags/spark_dag.py
[2025-02-10T12:14:30.556+0000] {processor.py:925} INFO - DAG(s) 'spark_job_dag' retrieved from /opt/airflow/dags/spark_dag.py
[2025-02-10T12:14:30.593+0000] {logging_mixin.py:190} INFO - [2025-02-10T12:14:30.593+0000] {dag.py:3239} INFO - Sync 1 DAGs
[2025-02-10T12:14:30.622+0000] {logging_mixin.py:190} INFO - [2025-02-10T12:14:30.622+0000] {dag.py:4180} INFO - Setting next_dagrun for spark_job_dag to 2025-02-09 00:00:00+00:00, run_after=2025-02-10 00:00:00+00:00
[2025-02-10T12:14:30.669+0000] {processor.py:208} INFO - Processing /opt/airflow/dags/spark_dag.py took 0.139 seconds
[2025-02-10T12:15:02.295+0000] {processor.py:186} INFO - Started process (PID=2295) to work on /opt/airflow/dags/spark_dag.py
[2025-02-10T12:15:02.297+0000] {processor.py:914} INFO - Processing file /opt/airflow/dags/spark_dag.py for tasks to queue
[2025-02-10T12:15:02.299+0000] {logging_mixin.py:190} INFO - [2025-02-10T12:15:02.299+0000] {dagbag.py:588} INFO - Filling up the DagBag from /opt/airflow/dags/spark_dag.py
[2025-02-10T12:15:02.313+0000] {processor.py:925} INFO - DAG(s) 'spark_job_dag' retrieved from /opt/airflow/dags/spark_dag.py
[2025-02-10T12:15:02.357+0000] {logging_mixin.py:190} INFO - [2025-02-10T12:15:02.357+0000] {dag.py:3239} INFO - Sync 1 DAGs
[2025-02-10T12:15:02.390+0000] {logging_mixin.py:190} INFO - [2025-02-10T12:15:02.390+0000] {dag.py:4180} INFO - Setting next_dagrun for spark_job_dag to 2025-02-09 00:00:00+00:00, run_after=2025-02-10 00:00:00+00:00
[2025-02-10T12:15:02.442+0000] {processor.py:208} INFO - Processing /opt/airflow/dags/spark_dag.py took 0.156 seconds
[2025-02-10T12:16:05.814+0000] {processor.py:186} INFO - Started process (PID=2584) to work on /opt/airflow/dags/spark_dag.py
[2025-02-10T12:16:05.815+0000] {processor.py:914} INFO - Processing file /opt/airflow/dags/spark_dag.py for tasks to queue
[2025-02-10T12:16:05.817+0000] {logging_mixin.py:190} INFO - [2025-02-10T12:16:05.816+0000] {dagbag.py:588} INFO - Filling up the DagBag from /opt/airflow/dags/spark_dag.py
[2025-02-10T12:16:05.832+0000] {processor.py:925} INFO - DAG(s) 'spark_job_dag' retrieved from /opt/airflow/dags/spark_dag.py
[2025-02-10T12:16:05.872+0000] {logging_mixin.py:190} INFO - [2025-02-10T12:16:05.871+0000] {dag.py:3239} INFO - Sync 1 DAGs
[2025-02-10T12:16:05.906+0000] {logging_mixin.py:190} INFO - [2025-02-10T12:16:05.906+0000] {dag.py:4180} INFO - Setting next_dagrun for spark_job_dag to 2025-02-09 00:00:00+00:00, run_after=2025-02-10 00:00:00+00:00
[2025-02-10T12:16:05.962+0000] {processor.py:208} INFO - Processing /opt/airflow/dags/spark_dag.py took 0.158 seconds
[2025-02-10T12:16:37.027+0000] {processor.py:186} INFO - Started process (PID=2588) to work on /opt/airflow/dags/spark_dag.py
[2025-02-10T12:16:37.029+0000] {processor.py:914} INFO - Processing file /opt/airflow/dags/spark_dag.py for tasks to queue
[2025-02-10T12:16:37.030+0000] {logging_mixin.py:190} INFO - [2025-02-10T12:16:37.030+0000] {dagbag.py:588} INFO - Filling up the DagBag from /opt/airflow/dags/spark_dag.py
[2025-02-10T12:16:37.044+0000] {processor.py:925} INFO - DAG(s) 'spark_job_dag' retrieved from /opt/airflow/dags/spark_dag.py
[2025-02-10T12:16:37.080+0000] {logging_mixin.py:190} INFO - [2025-02-10T12:16:37.079+0000] {dag.py:3239} INFO - Sync 1 DAGs
[2025-02-10T12:16:37.109+0000] {logging_mixin.py:190} INFO - [2025-02-10T12:16:37.108+0000] {dag.py:4180} INFO - Setting next_dagrun for spark_job_dag to 2025-02-09 00:00:00+00:00, run_after=2025-02-10 00:00:00+00:00
[2025-02-10T12:16:37.163+0000] {processor.py:208} INFO - Processing /opt/airflow/dags/spark_dag.py took 0.144 seconds
[2025-02-10T12:17:08.902+0000] {processor.py:186} INFO - Started process (PID=2592) to work on /opt/airflow/dags/spark_dag.py
[2025-02-10T12:17:08.904+0000] {processor.py:914} INFO - Processing file /opt/airflow/dags/spark_dag.py for tasks to queue
[2025-02-10T12:17:08.907+0000] {logging_mixin.py:190} INFO - [2025-02-10T12:17:08.906+0000] {dagbag.py:588} INFO - Filling up the DagBag from /opt/airflow/dags/spark_dag.py
[2025-02-10T12:17:08.920+0000] {processor.py:925} INFO - DAG(s) 'spark_job_dag' retrieved from /opt/airflow/dags/spark_dag.py
[2025-02-10T12:17:08.956+0000] {logging_mixin.py:190} INFO - [2025-02-10T12:17:08.955+0000] {dag.py:3239} INFO - Sync 1 DAGs
[2025-02-10T12:17:08.985+0000] {logging_mixin.py:190} INFO - [2025-02-10T12:17:08.984+0000] {dag.py:4180} INFO - Setting next_dagrun for spark_job_dag to 2025-02-09 00:00:00+00:00, run_after=2025-02-10 00:00:00+00:00
[2025-02-10T12:17:09.040+0000] {processor.py:208} INFO - Processing /opt/airflow/dags/spark_dag.py took 0.146 seconds
[2025-02-10T12:18:17.061+0000] {processor.py:186} INFO - Started process (PID=2842) to work on /opt/airflow/dags/spark_dag.py
[2025-02-10T12:18:17.062+0000] {processor.py:914} INFO - Processing file /opt/airflow/dags/spark_dag.py for tasks to queue
[2025-02-10T12:18:17.064+0000] {logging_mixin.py:190} INFO - [2025-02-10T12:18:17.064+0000] {dagbag.py:588} INFO - Filling up the DagBag from /opt/airflow/dags/spark_dag.py
[2025-02-10T12:18:17.078+0000] {processor.py:925} INFO - DAG(s) 'spark_job_dag' retrieved from /opt/airflow/dags/spark_dag.py
[2025-02-10T12:18:17.116+0000] {logging_mixin.py:190} INFO - [2025-02-10T12:18:17.116+0000] {dag.py:3239} INFO - Sync 1 DAGs
[2025-02-10T12:18:17.148+0000] {logging_mixin.py:190} INFO - [2025-02-10T12:18:17.148+0000] {dag.py:4180} INFO - Setting next_dagrun for spark_job_dag to 2025-02-09 00:00:00+00:00, run_after=2025-02-10 00:00:00+00:00
[2025-02-10T12:18:17.216+0000] {processor.py:208} INFO - Processing /opt/airflow/dags/spark_dag.py took 0.162 seconds
[2025-02-10T12:18:48.567+0000] {processor.py:186} INFO - Started process (PID=2846) to work on /opt/airflow/dags/spark_dag.py
[2025-02-10T12:18:48.569+0000] {processor.py:914} INFO - Processing file /opt/airflow/dags/spark_dag.py for tasks to queue
[2025-02-10T12:18:48.571+0000] {logging_mixin.py:190} INFO - [2025-02-10T12:18:48.571+0000] {dagbag.py:588} INFO - Filling up the DagBag from /opt/airflow/dags/spark_dag.py
[2025-02-10T12:18:48.589+0000] {processor.py:925} INFO - DAG(s) 'spark_job_dag' retrieved from /opt/airflow/dags/spark_dag.py
[2025-02-10T12:18:48.628+0000] {logging_mixin.py:190} INFO - [2025-02-10T12:18:48.628+0000] {dag.py:3239} INFO - Sync 1 DAGs
[2025-02-10T12:18:48.657+0000] {logging_mixin.py:190} INFO - [2025-02-10T12:18:48.656+0000] {dag.py:4180} INFO - Setting next_dagrun for spark_job_dag to 2025-02-09 00:00:00+00:00, run_after=2025-02-10 00:00:00+00:00
[2025-02-10T12:18:48.702+0000] {processor.py:208} INFO - Processing /opt/airflow/dags/spark_dag.py took 0.145 seconds
