[2025-02-06T00:04:07.339+0000] {local_task_job_runner.py:123} INFO - ::group::Pre task execution logs
[2025-02-06T00:04:07.367+0000] {taskinstance.py:2613} INFO - Dependencies all met for dep_context=non-requeueable deps ti=<TaskInstance: Temp_elt_postgres.extract_weather_data scheduled__2025-02-05T00:00:00+00:00 [queued]>
[2025-02-06T00:04:07.384+0000] {taskinstance.py:2613} INFO - Dependencies all met for dep_context=requeueable deps ti=<TaskInstance: Temp_elt_postgres.extract_weather_data scheduled__2025-02-05T00:00:00+00:00 [queued]>
[2025-02-06T00:04:07.385+0000] {taskinstance.py:2866} INFO - Starting attempt 1 of 2
[2025-02-06T00:04:07.452+0000] {taskinstance.py:2889} INFO - Executing <Task(PythonOperator): extract_weather_data> on 2025-02-05 00:00:00+00:00
[2025-02-06T00:04:07.474+0000] {standard_task_runner.py:104} INFO - Running: ['airflow', 'tasks', 'run', 'Temp_elt_postgres', 'extract_weather_data', 'scheduled__2025-02-05T00:00:00+00:00', '--job-id', '180', '--raw', '--subdir', 'DAGS_FOLDER/weather_etl_postgres.py', '--cfg-path', '/tmp/tmp8fo0zv7i']
[2025-02-06T00:04:07.481+0000] {standard_task_runner.py:105} INFO - Job 180: Subtask extract_weather_data
[2025-02-06T00:04:07.482+0000] {logging_mixin.py:190} WARNING - /home/airflow/.local/lib/python3.12/site-packages/airflow/task/task_runner/standard_task_runner.py:70 DeprecationWarning: This process (pid=1576) is multi-threaded, use of fork() may lead to deadlocks in the child.
[2025-02-06T00:04:07.484+0000] {standard_task_runner.py:72} INFO - Started process 1586 to run task
[2025-02-06T00:04:07.614+0000] {task_command.py:467} INFO - Running <TaskInstance: Temp_elt_postgres.extract_weather_data scheduled__2025-02-05T00:00:00+00:00 [running]> on host d6e98d5928d2
[2025-02-06T00:04:07.774+0000] {taskinstance.py:3132} INFO - Exporting env vars: AIRFLOW_CTX_DAG_OWNER='airflow' AIRFLOW_CTX_DAG_ID='Temp_elt_postgres' AIRFLOW_CTX_TASK_ID='extract_weather_data' AIRFLOW_CTX_EXECUTION_DATE='2025-02-05T00:00:00+00:00' AIRFLOW_CTX_TRY_NUMBER='1' AIRFLOW_CTX_DAG_RUN_ID='scheduled__2025-02-05T00:00:00+00:00'
[2025-02-06T00:04:07.776+0000] {taskinstance.py:731} INFO - ::endgroup::
[2025-02-06T00:04:10.174+0000] {logging_mixin.py:190} INFO - {'location': {'name': 'Gwagwaldda', 'region': 'Federal Capital Territory', 'country': 'Nigeria', 'lat': 8.9414, 'lon': 7.0919, 'tz_id': 'Africa/Lagos', 'localtime_epoch': 1738800514, 'localtime': '2025-02-06 01:08'}, 'current': {'last_updated_epoch': 1738800000, 'last_updated': '2025-02-06 01:00', 'temp_c': 27.6, 'temp_f': 81.7, 'is_day': 0, 'condition': {'text': 'Clear', 'icon': '//cdn.weatherapi.com/weather/64x64/night/113.png', 'code': 1000}, 'wind_mph': 8.3, 'wind_kph': 13.3, 'wind_degree': 52, 'wind_dir': 'NE', 'pressure_mb': 1009.0, 'pressure_in': 29.78, 'precip_mm': 0.0, 'precip_in': 0.0, 'humidity': 10, 'cloud': 2, 'feelslike_c': 25.7, 'feelslike_f': 78.2, 'windchill_c': 27.6, 'windchill_f': 81.7, 'heatindex_c': 25.7, 'heatindex_f': 78.2, 'dewpoint_c': -6.8, 'dewpoint_f': 19.9, 'vis_km': 10.0, 'vis_miles': 6.0, 'uv': 0.0, 'gust_mph': 16.1, 'gust_kph': 25.9}}
[2025-02-06T00:04:10.255+0000] {logging_mixin.py:190} INFO -   location.name            location.region  ... current.gust_mph  current.gust_kph
0    Gwagwaldda  Federal Capital Territory  ...             16.1              25.9

[1 rows x 39 columns]
[2025-02-06T00:04:10.379+0000] {logging_mixin.py:190} INFO - Raw data saved partitioned by date.
[2025-02-06T00:04:10.565+0000] {python.py:240} INFO - Done. Returned value was: None
[2025-02-06T00:04:10.577+0000] {taskinstance.py:340} INFO - ::group::Post task execution logs
[2025-02-06T00:04:10.578+0000] {taskinstance.py:352} INFO - Marking task as SUCCESS. dag_id=Temp_elt_postgres, task_id=extract_weather_data, run_id=scheduled__2025-02-05T00:00:00+00:00, execution_date=20250205T000000, start_date=20250206T000407, end_date=20250206T000410
[2025-02-06T00:04:10.665+0000] {local_task_job_runner.py:266} INFO - Task exited with return code 0
[2025-02-06T00:04:10.716+0000] {taskinstance.py:3895} INFO - 1 downstream tasks scheduled from follow-on schedule check
[2025-02-06T00:04:10.728+0000] {local_task_job_runner.py:245} INFO - ::endgroup::
