[2025-01-07T10:29:36.023+0100] {processor.py:186} INFO - Started process (PID=84427) to work on /Users/azeez.ganiyu/airflow_venv/lib/python3.9/site-packages/airflow/example_dags/subdags/subdag.py
[2025-01-07T10:29:36.027+0100] {processor.py:914} INFO - Processing file /Users/azeez.ganiyu/airflow_venv/lib/python3.9/site-packages/airflow/example_dags/subdags/subdag.py for tasks to queue
[2025-01-07T10:29:36.028+0100] {logging_mixin.py:190} INFO - [2025-01-07T10:29:36.028+0100] {dagbag.py:588} INFO - Filling up the DagBag from /Users/azeez.ganiyu/airflow_venv/lib/python3.9/site-packages/airflow/example_dags/subdags/subdag.py
[2025-01-07T10:29:36.035+0100] {processor.py:927} WARNING - No viable dags retrieved from /Users/azeez.ganiyu/airflow_venv/lib/python3.9/site-packages/airflow/example_dags/subdags/subdag.py
[2025-01-07T10:29:36.169+0100] {processor.py:208} INFO - Processing /Users/azeez.ganiyu/airflow_venv/lib/python3.9/site-packages/airflow/example_dags/subdags/subdag.py took 0.154 seconds
[2025-01-07T20:37:41.916+0100] {processor.py:186} INFO - Started process (PID=65255) to work on /Users/azeez.ganiyu/airflow_venv/lib/python3.9/site-packages/airflow/example_dags/subdags/subdag.py
[2025-01-07T20:37:41.921+0100] {processor.py:914} INFO - Processing file /Users/azeez.ganiyu/airflow_venv/lib/python3.9/site-packages/airflow/example_dags/subdags/subdag.py for tasks to queue
[2025-01-07T20:37:41.922+0100] {logging_mixin.py:190} INFO - [2025-01-07T20:37:41.921+0100] {dagbag.py:588} INFO - Filling up the DagBag from /Users/azeez.ganiyu/airflow_venv/lib/python3.9/site-packages/airflow/example_dags/subdags/subdag.py
[2025-01-07T20:37:41.926+0100] {processor.py:927} WARNING - No viable dags retrieved from /Users/azeez.ganiyu/airflow_venv/lib/python3.9/site-packages/airflow/example_dags/subdags/subdag.py
[2025-01-07T20:37:42.054+0100] {processor.py:208} INFO - Processing /Users/azeez.ganiyu/airflow_venv/lib/python3.9/site-packages/airflow/example_dags/subdags/subdag.py took 0.145 seconds
[2025-01-07T20:41:31.381+0100] {processor.py:186} INFO - Started process (PID=66541) to work on /Users/azeez.ganiyu/airflow_venv/lib/python3.9/site-packages/airflow/example_dags/subdags/subdag.py
[2025-01-07T20:41:31.387+0100] {processor.py:914} INFO - Processing file /Users/azeez.ganiyu/airflow_venv/lib/python3.9/site-packages/airflow/example_dags/subdags/subdag.py for tasks to queue
[2025-01-07T20:41:31.388+0100] {logging_mixin.py:190} INFO - [2025-01-07T20:41:31.388+0100] {dagbag.py:588} INFO - Filling up the DagBag from /Users/azeez.ganiyu/airflow_venv/lib/python3.9/site-packages/airflow/example_dags/subdags/subdag.py
[2025-01-07T20:41:31.392+0100] {processor.py:927} WARNING - No viable dags retrieved from /Users/azeez.ganiyu/airflow_venv/lib/python3.9/site-packages/airflow/example_dags/subdags/subdag.py
[2025-01-07T20:41:31.535+0100] {processor.py:208} INFO - Processing /Users/azeez.ganiyu/airflow_venv/lib/python3.9/site-packages/airflow/example_dags/subdags/subdag.py took 0.161 seconds
[2025-01-07T21:03:07.642+0100] {processor.py:186} INFO - Started process (PID=74000) to work on /Users/azeez.ganiyu/airflow_venv/lib/python3.9/site-packages/airflow/example_dags/subdags/subdag.py
[2025-01-07T21:03:07.648+0100] {processor.py:914} INFO - Processing file /Users/azeez.ganiyu/airflow_venv/lib/python3.9/site-packages/airflow/example_dags/subdags/subdag.py for tasks to queue
[2025-01-07T21:03:07.649+0100] {logging_mixin.py:190} INFO - [2025-01-07T21:03:07.648+0100] {dagbag.py:588} INFO - Filling up the DagBag from /Users/azeez.ganiyu/airflow_venv/lib/python3.9/site-packages/airflow/example_dags/subdags/subdag.py
[2025-01-07T21:03:07.653+0100] {processor.py:927} WARNING - No viable dags retrieved from /Users/azeez.ganiyu/airflow_venv/lib/python3.9/site-packages/airflow/example_dags/subdags/subdag.py
[2025-01-07T21:03:07.813+0100] {processor.py:208} INFO - Processing /Users/azeez.ganiyu/airflow_venv/lib/python3.9/site-packages/airflow/example_dags/subdags/subdag.py took 0.179 seconds
[2025-01-07T21:07:22.844+0100] {processor.py:186} INFO - Started process (PID=75370) to work on /Users/azeez.ganiyu/airflow_venv/lib/python3.9/site-packages/airflow/example_dags/subdags/subdag.py
[2025-01-07T21:07:22.849+0100] {processor.py:914} INFO - Processing file /Users/azeez.ganiyu/airflow_venv/lib/python3.9/site-packages/airflow/example_dags/subdags/subdag.py for tasks to queue
[2025-01-07T21:07:22.850+0100] {logging_mixin.py:190} INFO - [2025-01-07T21:07:22.850+0100] {dagbag.py:588} INFO - Filling up the DagBag from /Users/azeez.ganiyu/airflow_venv/lib/python3.9/site-packages/airflow/example_dags/subdags/subdag.py
[2025-01-07T21:07:22.854+0100] {processor.py:927} WARNING - No viable dags retrieved from /Users/azeez.ganiyu/airflow_venv/lib/python3.9/site-packages/airflow/example_dags/subdags/subdag.py
[2025-01-07T21:07:22.978+0100] {processor.py:208} INFO - Processing /Users/azeez.ganiyu/airflow_venv/lib/python3.9/site-packages/airflow/example_dags/subdags/subdag.py took 0.141 seconds
