[2025-01-15T21:22:31.722+0000] {local_task_job_runner.py:123} INFO - ::group::Pre task execution logs
[2025-01-15T21:22:31.733+0000] {taskinstance.py:2613} INFO - Dependencies all met for dep_context=non-requeueable deps ti=<TaskInstance: Temp_elt.extract_weather_data manual__2025-01-15T21:22:26.655573+00:00 [queued]>
[2025-01-15T21:22:31.742+0000] {taskinstance.py:2613} INFO - Dependencies all met for dep_context=requeueable deps ti=<TaskInstance: Temp_elt.extract_weather_data manual__2025-01-15T21:22:26.655573+00:00 [queued]>
[2025-01-15T21:22:31.742+0000] {taskinstance.py:2866} INFO - Starting attempt 1 of 2
[2025-01-15T21:22:31.767+0000] {taskinstance.py:2889} INFO - Executing <Task(PythonOperator): extract_weather_data> on 2025-01-15 21:22:26.655573+00:00
[2025-01-15T21:22:31.774+0000] {standard_task_runner.py:104} INFO - Running: ['airflow', 'tasks', 'run', 'Temp_elt', 'extract_weather_data', 'manual__2025-01-15T21:22:26.655573+00:00', '--job-id', '43', '--raw', '--subdir', 'DAGS_FOLDER/weather_etl_dag.py', '--cfg-path', '/tmp/tmp6a16lahp']
[2025-01-15T21:22:31.777+0000] {standard_task_runner.py:105} INFO - Job 43: Subtask extract_weather_data
[2025-01-15T21:22:31.777+0000] {logging_mixin.py:190} WARNING - /home/airflow/.local/lib/python3.12/site-packages/airflow/task/task_runner/standard_task_runner.py:70 DeprecationWarning: This process (pid=383) is multi-threaded, use of fork() may lead to deadlocks in the child.
[2025-01-15T21:22:31.778+0000] {standard_task_runner.py:72} INFO - Started process 393 to run task
[2025-01-15T21:22:31.830+0000] {task_command.py:467} INFO - Running <TaskInstance: Temp_elt.extract_weather_data manual__2025-01-15T21:22:26.655573+00:00 [running]> on host b70e30dbce8e
[2025-01-15T21:22:31.908+0000] {taskinstance.py:3132} INFO - Exporting env vars: AIRFLOW_CTX_DAG_OWNER='airflow' AIRFLOW_CTX_DAG_ID='Temp_elt' AIRFLOW_CTX_TASK_ID='extract_weather_data' AIRFLOW_CTX_EXECUTION_DATE='2025-01-15T21:22:26.655573+00:00' AIRFLOW_CTX_TRY_NUMBER='1' AIRFLOW_CTX_DAG_RUN_ID='manual__2025-01-15T21:22:26.655573+00:00'
[2025-01-15T21:22:31.909+0000] {taskinstance.py:731} INFO - ::endgroup::
[2025-01-15T21:22:32.863+0000] {logging_mixin.py:190} INFO - {'location': {'name': 'Gwagwaldda', 'region': 'Federal Capital Territory', 'country': 'Nigeria', 'lat': 8.9414, 'lon': 7.0919, 'tz_id': 'Africa/Lagos', 'localtime_epoch': 1736976076, 'localtime': '2025-01-15 22:21'}, 'current': {'last_updated_epoch': 1736975700, 'last_updated': '2025-01-15 22:15', 'temp_c': 25.2, 'temp_f': 77.4, 'is_day': 0, 'condition': {'text': 'Mist', 'icon': '//cdn.weatherapi.com/weather/64x64/night/143.png', 'code': 1030}, 'wind_mph': 2.2, 'wind_kph': 3.6, 'wind_degree': 31, 'wind_dir': 'NNE', 'pressure_mb': 1011.0, 'pressure_in': 29.85, 'precip_mm': 0.0, 'precip_in': 0.0, 'humidity': 51, 'cloud': 0, 'feelslike_c': 23.9, 'feelslike_f': 75.1, 'windchill_c': 28.5, 'windchill_f': 83.3, 'heatindex_c': 26.5, 'heatindex_f': 79.6, 'dewpoint_c': 1.3, 'dewpoint_f': 34.3, 'vis_km': 4.0, 'vis_miles': 2.0, 'uv': 0.0, 'gust_mph': 4.7, 'gust_kph': 7.6}}
[2025-01-15T21:22:32.908+0000] {logging_mixin.py:190} INFO -   location.name            location.region  ... current.gust_mph  current.gust_kph
0    Gwagwaldda  Federal Capital Territory  ...              4.7               7.6

[1 rows x 39 columns]
[2025-01-15T21:22:32.961+0000] {logging_mixin.py:190} INFO - Raw data saved partitioned by date.
[2025-01-15T21:22:32.962+0000] {python.py:240} INFO - Done. Returned value was: None
[2025-01-15T21:22:32.970+0000] {taskinstance.py:340} INFO - ::group::Post task execution logs
[2025-01-15T21:22:32.971+0000] {taskinstance.py:352} INFO - Marking task as SUCCESS. dag_id=Temp_elt, task_id=extract_weather_data, run_id=manual__2025-01-15T21:22:26.655573+00:00, execution_date=20250115T212226, start_date=20250115T212231, end_date=20250115T212232
[2025-01-15T21:22:33.030+0000] {local_task_job_runner.py:266} INFO - Task exited with return code 0
[2025-01-15T21:22:33.062+0000] {taskinstance.py:3895} INFO - 1 downstream tasks scheduled from follow-on schedule check
[2025-01-15T21:22:33.070+0000] {local_task_job_runner.py:245} INFO - ::endgroup::
