[2025-02-06T12:16:33.582+0000] {local_task_job_runner.py:123} INFO - ::group::Pre task execution logs
[2025-02-06T12:16:33.598+0000] {taskinstance.py:2613} INFO - Dependencies all met for dep_context=non-requeueable deps ti=<TaskInstance: Temp_elt_postgres.create_processed_weather_data_table scheduled__2025-02-05T00:00:00+00:00 [queued]>
[2025-02-06T12:16:33.606+0000] {taskinstance.py:2613} INFO - Dependencies all met for dep_context=requeueable deps ti=<TaskInstance: Temp_elt_postgres.create_processed_weather_data_table scheduled__2025-02-05T00:00:00+00:00 [queued]>
[2025-02-06T12:16:33.607+0000] {taskinstance.py:2866} INFO - Starting attempt 1 of 1
[2025-02-06T12:16:33.635+0000] {taskinstance.py:2889} INFO - Executing <Task(PostgresOperator): create_processed_weather_data_table> on 2025-02-05 00:00:00+00:00
[2025-02-06T12:16:33.645+0000] {standard_task_runner.py:104} INFO - Running: ['airflow', 'tasks', 'run', 'Temp_elt_postgres', 'create_processed_weather_data_table', 'scheduled__2025-02-05T00:00:00+00:00', '--job-id', '186', '--raw', '--subdir', 'DAGS_FOLDER/weather_etl_postgres.py', '--cfg-path', '/tmp/tmpazs1866h']
[2025-02-06T12:16:33.649+0000] {standard_task_runner.py:105} INFO - Job 186: Subtask create_processed_weather_data_table
[2025-02-06T12:16:33.649+0000] {logging_mixin.py:190} WARNING - /home/airflow/.local/lib/python3.12/site-packages/airflow/task/task_runner/standard_task_runner.py:70 DeprecationWarning: This process (pid=420) is multi-threaded, use of fork() may lead to deadlocks in the child.
[2025-02-06T12:16:33.652+0000] {standard_task_runner.py:72} INFO - Started process 430 to run task
[2025-02-06T12:16:33.717+0000] {task_command.py:467} INFO - Running <TaskInstance: Temp_elt_postgres.create_processed_weather_data_table scheduled__2025-02-05T00:00:00+00:00 [running]> on host ee8d28ec6ad2
[2025-02-06T12:16:33.804+0000] {taskinstance.py:3132} INFO - Exporting env vars: AIRFLOW_CTX_DAG_OWNER='airflow' AIRFLOW_CTX_DAG_ID='Temp_elt_postgres' AIRFLOW_CTX_TASK_ID='create_processed_weather_data_table' AIRFLOW_CTX_EXECUTION_DATE='2025-02-05T00:00:00+00:00' AIRFLOW_CTX_TRY_NUMBER='1' AIRFLOW_CTX_DAG_RUN_ID='scheduled__2025-02-05T00:00:00+00:00'
[2025-02-06T12:16:33.805+0000] {taskinstance.py:731} INFO - ::endgroup::
[2025-02-06T12:16:33.822+0000] {sql.py:278} INFO - Executing: 
            create table if not exists processed_weather_data (
                location VARCHAR(50),
                region VARCHAR(50),
                country VARCHAR(50),
                lat DOUBLE PRECISION,
                lon DOUBLE PRECISION,
                "localtime" TIMESTAMP,
                temperature_c DOUBLE PRECISION ,
                temperature_f DOUBLE PRECISION,
                feelslike_c DOUBLE PRECISION,
                feelslike_f DOUBLE PRECISION,
                date DATE ,
                primary key ("localtime", location)
            )
        
[2025-02-06T12:16:33.834+0000] {base.py:84} INFO - Retrieving connection 'postgres_localhost'
[2025-02-06T12:16:34.113+0000] {base.py:84} INFO - Retrieving connection 'postgres_localhost'
[2025-02-06T12:16:34.134+0000] {sql.py:553} INFO - Running statement: 
            create table if not exists processed_weather_data (
                location VARCHAR(50),
                region VARCHAR(50),
                country VARCHAR(50),
                lat DOUBLE PRECISION,
                lon DOUBLE PRECISION,
                "localtime" TIMESTAMP,
                temperature_c DOUBLE PRECISION ,
                temperature_f DOUBLE PRECISION,
                feelslike_c DOUBLE PRECISION,
                feelslike_f DOUBLE PRECISION,
                date DATE ,
                primary key ("localtime", location)
            )
        , parameters: None
[2025-02-06T12:16:34.154+0000] {taskinstance.py:340} INFO - ::group::Post task execution logs
[2025-02-06T12:16:34.155+0000] {taskinstance.py:352} INFO - Marking task as SUCCESS. dag_id=Temp_elt_postgres, task_id=create_processed_weather_data_table, run_id=scheduled__2025-02-05T00:00:00+00:00, execution_date=20250205T000000, start_date=20250206T121633, end_date=20250206T121634
[2025-02-06T12:16:34.205+0000] {local_task_job_runner.py:266} INFO - Task exited with return code 0
[2025-02-06T12:16:34.272+0000] {taskinstance.py:3895} INFO - 1 downstream tasks scheduled from follow-on schedule check
[2025-02-06T12:16:34.284+0000] {local_task_job_runner.py:245} INFO - ::endgroup::
