[2025-02-07T12:14:10.360+0000] {local_task_job_runner.py:123} INFO - ::group::Pre task execution logs
[2025-02-07T12:14:10.374+0000] {taskinstance.py:2613} INFO - Dependencies all met for dep_context=non-requeueable deps ti=<TaskInstance: Temp_elt_postgres.transform_weather_data manual__2025-02-07T09:23:30.681100+00:00 [queued]>
[2025-02-07T12:14:10.385+0000] {taskinstance.py:2613} INFO - Dependencies all met for dep_context=requeueable deps ti=<TaskInstance: Temp_elt_postgres.transform_weather_data manual__2025-02-07T09:23:30.681100+00:00 [queued]>
[2025-02-07T12:14:10.386+0000] {taskinstance.py:2866} INFO - Starting attempt 12 of 13
[2025-02-07T12:14:10.415+0000] {taskinstance.py:2889} INFO - Executing <Task(SparkSubmitOperator): transform_weather_data> on 2025-02-07 09:23:30.681100+00:00
[2025-02-07T12:14:10.425+0000] {standard_task_runner.py:104} INFO - Running: ['airflow', 'tasks', 'run', 'Temp_elt_postgres', 'transform_weather_data', 'manual__2025-02-07T09:23:30.681100+00:00', '--job-id', '222', '--raw', '--subdir', 'DAGS_FOLDER/weather_etl_postgres.py', '--cfg-path', '/tmp/tmpafcswo6r']
[2025-02-07T12:14:10.429+0000] {standard_task_runner.py:105} INFO - Job 222: Subtask transform_weather_data
[2025-02-07T12:14:10.429+0000] {logging_mixin.py:190} WARNING - /home/airflow/.local/lib/python3.12/site-packages/airflow/task/task_runner/standard_task_runner.py:70 DeprecationWarning: This process (pid=3541) is multi-threaded, use of fork() may lead to deadlocks in the child.
[2025-02-07T12:14:10.432+0000] {standard_task_runner.py:72} INFO - Started process 3551 to run task
[2025-02-07T12:14:10.496+0000] {task_command.py:467} INFO - Running <TaskInstance: Temp_elt_postgres.transform_weather_data manual__2025-02-07T09:23:30.681100+00:00 [running]> on host 9ceba9be2552
[2025-02-07T12:14:10.580+0000] {taskinstance.py:3132} INFO - Exporting env vars: AIRFLOW_CTX_DAG_OWNER='zalihat' AIRFLOW_CTX_DAG_ID='Temp_elt_postgres' AIRFLOW_CTX_TASK_ID='transform_weather_data' AIRFLOW_CTX_EXECUTION_DATE='2025-02-07T09:23:30.681100+00:00' AIRFLOW_CTX_TRY_NUMBER='12' AIRFLOW_CTX_DAG_RUN_ID='manual__2025-02-07T09:23:30.681100+00:00'
[2025-02-07T12:14:10.582+0000] {taskinstance.py:731} INFO - ::endgroup::
[2025-02-07T12:14:10.607+0000] {base.py:84} INFO - Retrieving connection 'spark_default'
[2025-02-07T12:14:10.608+0000] {spark_submit.py:474} INFO - Spark-Submit cmd: spark-submit --master spark://spark-master:7077 --executor-cores 1 --executor-memory 1g --driver-memory 1g --name arrow-spark --verbose --queue root.default --deploy-mode client /opt/airflow/tasks/transform.py
[2025-02-07T12:14:12.317+0000] {spark_submit.py:641} INFO - Using properties file: null
[2025-02-07T12:14:12.500+0000] {spark_submit.py:641} INFO - Parsed arguments:
[2025-02-07T12:14:12.501+0000] {spark_submit.py:641} INFO - master                  spark://spark-master:7077
[2025-02-07T12:14:12.502+0000] {spark_submit.py:641} INFO - remote                  null
[2025-02-07T12:14:12.503+0000] {spark_submit.py:641} INFO - deployMode              client
[2025-02-07T12:14:12.504+0000] {spark_submit.py:641} INFO - executorMemory          1g
[2025-02-07T12:14:12.505+0000] {spark_submit.py:641} INFO - executorCores           1
[2025-02-07T12:14:12.506+0000] {spark_submit.py:641} INFO - totalExecutorCores      null
[2025-02-07T12:14:12.506+0000] {spark_submit.py:641} INFO - propertiesFile          null
[2025-02-07T12:14:12.507+0000] {spark_submit.py:641} INFO - driverMemory            1g
[2025-02-07T12:14:12.508+0000] {spark_submit.py:641} INFO - driverCores             null
[2025-02-07T12:14:12.509+0000] {spark_submit.py:641} INFO - driverExtraClassPath    null
[2025-02-07T12:14:12.511+0000] {spark_submit.py:641} INFO - driverExtraLibraryPath  null
[2025-02-07T12:14:12.512+0000] {spark_submit.py:641} INFO - driverExtraJavaOptions  null
[2025-02-07T12:14:12.513+0000] {spark_submit.py:641} INFO - supervise               false
[2025-02-07T12:14:12.514+0000] {spark_submit.py:641} INFO - queue                   root.default
[2025-02-07T12:14:12.515+0000] {spark_submit.py:641} INFO - numExecutors            null
[2025-02-07T12:14:12.516+0000] {spark_submit.py:641} INFO - files                   null
[2025-02-07T12:14:12.518+0000] {spark_submit.py:641} INFO - pyFiles                 null
[2025-02-07T12:14:12.519+0000] {spark_submit.py:641} INFO - archives                null
[2025-02-07T12:14:12.520+0000] {spark_submit.py:641} INFO - mainClass               null
[2025-02-07T12:14:12.521+0000] {spark_submit.py:641} INFO - primaryResource         file:/opt/airflow/tasks/transform.py
[2025-02-07T12:14:12.522+0000] {spark_submit.py:641} INFO - name                    arrow-spark
[2025-02-07T12:14:12.522+0000] {spark_submit.py:641} INFO - childArgs               []
[2025-02-07T12:14:12.523+0000] {spark_submit.py:641} INFO - jars                    null
[2025-02-07T12:14:12.524+0000] {spark_submit.py:641} INFO - packages                null
[2025-02-07T12:14:12.528+0000] {spark_submit.py:641} INFO - packagesExclusions      null
[2025-02-07T12:14:12.529+0000] {spark_submit.py:641} INFO - repositories            null
[2025-02-07T12:14:12.530+0000] {spark_submit.py:641} INFO - verbose                 true
[2025-02-07T12:14:12.531+0000] {spark_submit.py:641} INFO - 
[2025-02-07T12:14:12.531+0000] {spark_submit.py:641} INFO - Spark properties used, including those specified through
[2025-02-07T12:14:12.532+0000] {spark_submit.py:641} INFO - --conf and those from the properties file null:
[2025-02-07T12:14:12.533+0000] {spark_submit.py:641} INFO - (spark.driver.memory,1g)
[2025-02-07T12:14:12.534+0000] {spark_submit.py:641} INFO - 
[2025-02-07T12:14:12.534+0000] {spark_submit.py:641} INFO - 
[2025-02-07T12:14:12.870+0000] {spark_submit.py:641} INFO - Main class:
[2025-02-07T12:14:12.872+0000] {spark_submit.py:641} INFO - org.apache.spark.deploy.PythonRunner
[2025-02-07T12:14:12.873+0000] {spark_submit.py:641} INFO - Arguments:
[2025-02-07T12:14:12.873+0000] {spark_submit.py:641} INFO - file:/opt/airflow/tasks/transform.py
[2025-02-07T12:14:12.874+0000] {spark_submit.py:641} INFO - null
[2025-02-07T12:14:12.879+0000] {spark_submit.py:641} INFO - Spark config:
[2025-02-07T12:14:12.880+0000] {spark_submit.py:641} INFO - (spark.app.name,arrow-spark)
[2025-02-07T12:14:12.880+0000] {spark_submit.py:641} INFO - (spark.app.submitTime,1738930452847)
[2025-02-07T12:14:12.881+0000] {spark_submit.py:641} INFO - (spark.driver.memory,1g)
[2025-02-07T12:14:12.881+0000] {spark_submit.py:641} INFO - (spark.executor.cores,1)
[2025-02-07T12:14:12.882+0000] {spark_submit.py:641} INFO - (spark.executor.memory,1g)
[2025-02-07T12:14:12.882+0000] {spark_submit.py:641} INFO - (spark.master,spark://spark-master:7077)
[2025-02-07T12:14:12.882+0000] {spark_submit.py:641} INFO - (spark.submit.deployMode,client)
[2025-02-07T12:14:12.884+0000] {spark_submit.py:641} INFO - (spark.submit.pyFiles,)
[2025-02-07T12:14:12.885+0000] {spark_submit.py:641} INFO - Classpath elements:
[2025-02-07T12:14:12.886+0000] {spark_submit.py:641} INFO - 
[2025-02-07T12:14:12.887+0000] {spark_submit.py:641} INFO - 
[2025-02-07T12:14:12.887+0000] {spark_submit.py:641} INFO - 
[2025-02-07T12:14:14.269+0000] {spark_submit.py:641} INFO - 25/02/07 12:14:14 INFO SparkContext: Running Spark version 3.5.4
[2025-02-07T12:14:14.273+0000] {spark_submit.py:641} INFO - 25/02/07 12:14:14 INFO SparkContext: OS info Linux, 6.10.14-linuxkit, amd64
[2025-02-07T12:14:14.273+0000] {spark_submit.py:641} INFO - 25/02/07 12:14:14 INFO SparkContext: Java version 17.0.13
[2025-02-07T12:14:14.337+0000] {spark_submit.py:641} INFO - 25/02/07 12:14:14 WARN NativeCodeLoader: Unable to load native-hadoop library for your platform... using builtin-java classes where applicable
[2025-02-07T12:14:14.452+0000] {spark_submit.py:641} INFO - 25/02/07 12:14:14 INFO ResourceUtils: ==============================================================
[2025-02-07T12:14:14.452+0000] {spark_submit.py:641} INFO - 25/02/07 12:14:14 INFO ResourceUtils: No custom resources configured for spark.driver.
[2025-02-07T12:14:14.453+0000] {spark_submit.py:641} INFO - 25/02/07 12:14:14 INFO ResourceUtils: ==============================================================
[2025-02-07T12:14:14.453+0000] {spark_submit.py:641} INFO - 25/02/07 12:14:14 INFO SparkContext: Submitted application: WeatherDataProcessing
[2025-02-07T12:14:14.486+0000] {spark_submit.py:641} INFO - 25/02/07 12:14:14 INFO ResourceProfile: Default ResourceProfile created, executor resources: Map(cores -> name: cores, amount: 1, script: , vendor: , memory -> name: memory, amount: 1024, script: , vendor: , offHeap -> name: offHeap, amount: 0, script: , vendor: ), task resources: Map(cpus -> name: cpus, amount: 1.0)
[2025-02-07T12:14:14.498+0000] {spark_submit.py:641} INFO - 25/02/07 12:14:14 INFO ResourceProfile: Limiting resource is cpus at 1 tasks per executor
[2025-02-07T12:14:14.501+0000] {spark_submit.py:641} INFO - 25/02/07 12:14:14 INFO ResourceProfileManager: Added ResourceProfile id: 0
[2025-02-07T12:14:14.576+0000] {spark_submit.py:641} INFO - 25/02/07 12:14:14 INFO SecurityManager: Changing view acls to: airflow
[2025-02-07T12:14:14.577+0000] {spark_submit.py:641} INFO - 25/02/07 12:14:14 INFO SecurityManager: Changing modify acls to: airflow
[2025-02-07T12:14:14.579+0000] {spark_submit.py:641} INFO - 25/02/07 12:14:14 INFO SecurityManager: Changing view acls groups to:
[2025-02-07T12:14:14.580+0000] {spark_submit.py:641} INFO - 25/02/07 12:14:14 INFO SecurityManager: Changing modify acls groups to:
[2025-02-07T12:14:14.581+0000] {spark_submit.py:641} INFO - 25/02/07 12:14:14 INFO SecurityManager: SecurityManager: authentication disabled; ui acls disabled; users with view permissions: airflow; groups with view permissions: EMPTY; users with modify permissions: airflow; groups with modify permissions: EMPTY
[2025-02-07T12:14:14.910+0000] {spark_submit.py:641} INFO - 25/02/07 12:14:14 INFO Utils: Successfully started service 'sparkDriver' on port 40361.
[2025-02-07T12:14:14.954+0000] {spark_submit.py:641} INFO - 25/02/07 12:14:14 INFO SparkEnv: Registering MapOutputTracker
[2025-02-07T12:14:15.003+0000] {spark_submit.py:641} INFO - 25/02/07 12:14:15 INFO SparkEnv: Registering BlockManagerMaster
[2025-02-07T12:14:15.027+0000] {spark_submit.py:641} INFO - 25/02/07 12:14:15 INFO BlockManagerMasterEndpoint: Using org.apache.spark.storage.DefaultTopologyMapper for getting topology information
[2025-02-07T12:14:15.030+0000] {spark_submit.py:641} INFO - 25/02/07 12:14:15 INFO BlockManagerMasterEndpoint: BlockManagerMasterEndpoint up
[2025-02-07T12:14:15.036+0000] {spark_submit.py:641} INFO - 25/02/07 12:14:15 INFO SparkEnv: Registering BlockManagerMasterHeartbeat
[2025-02-07T12:14:15.056+0000] {spark_submit.py:641} INFO - 25/02/07 12:14:15 INFO DiskBlockManager: Created local directory at /tmp/blockmgr-4c31ec7c-793f-4fed-a71e-59f1e8742190
[2025-02-07T12:14:15.071+0000] {spark_submit.py:641} INFO - 25/02/07 12:14:15 INFO MemoryStore: MemoryStore started with capacity 434.4 MiB
[2025-02-07T12:14:15.094+0000] {spark_submit.py:641} INFO - 25/02/07 12:14:15 INFO SparkEnv: Registering OutputCommitCoordinator
[2025-02-07T12:14:15.250+0000] {spark_submit.py:641} INFO - 25/02/07 12:14:15 INFO JettyUtils: Start Jetty 0.0.0.0:4040 for SparkUI
[2025-02-07T12:14:15.326+0000] {spark_submit.py:641} INFO - 25/02/07 12:14:15 INFO Utils: Successfully started service 'SparkUI' on port 4040.
[2025-02-07T12:14:15.394+0000] {spark_submit.py:641} INFO - 25/02/07 12:14:15 ERROR SparkContext: Failed to add /opt/spark/jars/postgresql-42.7.5.jar to Spark environment
[2025-02-07T12:14:15.394+0000] {spark_submit.py:641} INFO - java.io.FileNotFoundException: Jar /opt/spark/jars/postgresql-42.7.5.jar not found
[2025-02-07T12:14:15.395+0000] {spark_submit.py:641} INFO - at org.apache.spark.SparkContext.addLocalJarFile$1(SparkContext.scala:2095)
[2025-02-07T12:14:15.396+0000] {spark_submit.py:641} INFO - at org.apache.spark.SparkContext.addJar(SparkContext.scala:2151)
[2025-02-07T12:14:15.397+0000] {spark_submit.py:641} INFO - at org.apache.spark.SparkContext.$anonfun$new$15(SparkContext.scala:521)
[2025-02-07T12:14:15.398+0000] {spark_submit.py:641} INFO - at org.apache.spark.SparkContext.$anonfun$new$15$adapted(SparkContext.scala:521)
[2025-02-07T12:14:15.399+0000] {spark_submit.py:641} INFO - at scala.collection.mutable.ResizableArray.foreach(ResizableArray.scala:62)
[2025-02-07T12:14:15.400+0000] {spark_submit.py:641} INFO - at scala.collection.mutable.ResizableArray.foreach$(ResizableArray.scala:55)
[2025-02-07T12:14:15.401+0000] {spark_submit.py:641} INFO - at scala.collection.mutable.ArrayBuffer.foreach(ArrayBuffer.scala:49)
[2025-02-07T12:14:15.401+0000] {spark_submit.py:641} INFO - at org.apache.spark.SparkContext.<init>(SparkContext.scala:521)
[2025-02-07T12:14:15.402+0000] {spark_submit.py:641} INFO - at org.apache.spark.api.java.JavaSparkContext.<init>(JavaSparkContext.scala:58)
[2025-02-07T12:14:15.403+0000] {spark_submit.py:641} INFO - at java.base/jdk.internal.reflect.NativeConstructorAccessorImpl.newInstance0(Native Method)
[2025-02-07T12:14:15.403+0000] {spark_submit.py:641} INFO - at java.base/jdk.internal.reflect.NativeConstructorAccessorImpl.newInstance(NativeConstructorAccessorImpl.java:77)
[2025-02-07T12:14:15.404+0000] {spark_submit.py:641} INFO - at java.base/jdk.internal.reflect.DelegatingConstructorAccessorImpl.newInstance(DelegatingConstructorAccessorImpl.java:45)
[2025-02-07T12:14:15.405+0000] {spark_submit.py:641} INFO - at java.base/java.lang.reflect.Constructor.newInstanceWithCaller(Constructor.java:500)
[2025-02-07T12:14:15.406+0000] {spark_submit.py:641} INFO - at java.base/java.lang.reflect.Constructor.newInstance(Constructor.java:481)
[2025-02-07T12:14:15.406+0000] {spark_submit.py:641} INFO - at py4j.reflection.MethodInvoker.invoke(MethodInvoker.java:247)
[2025-02-07T12:14:15.407+0000] {spark_submit.py:641} INFO - at py4j.reflection.ReflectionEngine.invoke(ReflectionEngine.java:374)
[2025-02-07T12:14:15.408+0000] {spark_submit.py:641} INFO - at py4j.Gateway.invoke(Gateway.java:238)
[2025-02-07T12:14:15.409+0000] {spark_submit.py:641} INFO - at py4j.commands.ConstructorCommand.invokeConstructor(ConstructorCommand.java:80)
[2025-02-07T12:14:15.409+0000] {spark_submit.py:641} INFO - at py4j.commands.ConstructorCommand.execute(ConstructorCommand.java:69)
[2025-02-07T12:14:15.410+0000] {spark_submit.py:641} INFO - at py4j.ClientServerConnection.waitForCommands(ClientServerConnection.java:182)
[2025-02-07T12:14:15.411+0000] {spark_submit.py:641} INFO - at py4j.ClientServerConnection.run(ClientServerConnection.java:106)
[2025-02-07T12:14:15.411+0000] {spark_submit.py:641} INFO - at java.base/java.lang.Thread.run(Thread.java:840)
[2025-02-07T12:14:15.505+0000] {spark_submit.py:641} INFO - 25/02/07 12:14:15 INFO StandaloneAppClient$ClientEndpoint: Connecting to master spark://spark-master:7077...
[2025-02-07T12:14:15.555+0000] {spark_submit.py:641} INFO - 25/02/07 12:14:15 INFO TransportClientFactory: Successfully created connection to spark-master/172.18.0.2:7077 after 30 ms (0 ms spent in bootstraps)
[2025-02-07T12:14:15.659+0000] {spark_submit.py:641} INFO - 25/02/07 12:14:15 INFO StandaloneSchedulerBackend: Connected to Spark cluster with app ID app-20250207121415-0013
[2025-02-07T12:14:15.665+0000] {spark_submit.py:641} INFO - 25/02/07 12:14:15 INFO StandaloneAppClient$ClientEndpoint: Executor added: app-20250207121415-0013/0 on worker-20250207090837-172.18.0.5-40505 (172.18.0.5:40505) with 1 core(s)
[2025-02-07T12:14:15.683+0000] {spark_submit.py:641} INFO - 25/02/07 12:14:15 INFO StandaloneSchedulerBackend: Granted executor ID app-20250207121415-0013/0 on hostPort 172.18.0.5:40505 with 1 core(s), 1024.0 MiB RAM
[2025-02-07T12:14:15.686+0000] {spark_submit.py:641} INFO - 25/02/07 12:14:15 INFO StandaloneAppClient$ClientEndpoint: Executor added: app-20250207121415-0013/1 on worker-20250207090837-172.18.0.5-40505 (172.18.0.5:40505) with 1 core(s)
[2025-02-07T12:14:15.689+0000] {spark_submit.py:641} INFO - 25/02/07 12:14:15 INFO StandaloneSchedulerBackend: Granted executor ID app-20250207121415-0013/1 on hostPort 172.18.0.5:40505 with 1 core(s), 1024.0 MiB RAM
[2025-02-07T12:14:15.689+0000] {spark_submit.py:641} INFO - 25/02/07 12:14:15 INFO StandaloneAppClient$ClientEndpoint: Executor added: app-20250207121415-0013/2 on worker-20250207090837-172.18.0.5-40505 (172.18.0.5:40505) with 1 core(s)
[2025-02-07T12:14:15.692+0000] {spark_submit.py:641} INFO - 25/02/07 12:14:15 INFO StandaloneSchedulerBackend: Granted executor ID app-20250207121415-0013/2 on hostPort 172.18.0.5:40505 with 1 core(s), 1024.0 MiB RAM
[2025-02-07T12:14:15.695+0000] {spark_submit.py:641} INFO - 25/02/07 12:14:15 INFO StandaloneAppClient$ClientEndpoint: Executor added: app-20250207121415-0013/3 on worker-20250207090837-172.18.0.5-40505 (172.18.0.5:40505) with 1 core(s)
[2025-02-07T12:14:15.696+0000] {spark_submit.py:641} INFO - 25/02/07 12:14:15 INFO StandaloneSchedulerBackend: Granted executor ID app-20250207121415-0013/3 on hostPort 172.18.0.5:40505 with 1 core(s), 1024.0 MiB RAM
[2025-02-07T12:14:15.698+0000] {spark_submit.py:641} INFO - 25/02/07 12:14:15 INFO StandaloneAppClient$ClientEndpoint: Executor added: app-20250207121415-0013/4 on worker-20250207090837-172.18.0.5-40505 (172.18.0.5:40505) with 1 core(s)
[2025-02-07T12:14:15.703+0000] {spark_submit.py:641} INFO - 25/02/07 12:14:15 INFO StandaloneSchedulerBackend: Granted executor ID app-20250207121415-0013/4 on hostPort 172.18.0.5:40505 with 1 core(s), 1024.0 MiB RAM
[2025-02-07T12:14:15.704+0000] {spark_submit.py:641} INFO - 25/02/07 12:14:15 INFO StandaloneAppClient$ClientEndpoint: Executor added: app-20250207121415-0013/5 on worker-20250207090837-172.18.0.5-40505 (172.18.0.5:40505) with 1 core(s)
[2025-02-07T12:14:15.709+0000] {spark_submit.py:641} INFO - 25/02/07 12:14:15 INFO StandaloneSchedulerBackend: Granted executor ID app-20250207121415-0013/5 on hostPort 172.18.0.5:40505 with 1 core(s), 1024.0 MiB RAM
[2025-02-07T12:14:15.710+0000] {spark_submit.py:641} INFO - 25/02/07 12:14:15 INFO Utils: Successfully started service 'org.apache.spark.network.netty.NettyBlockTransferService' on port 45333.
[2025-02-07T12:14:15.711+0000] {spark_submit.py:641} INFO - 25/02/07 12:14:15 INFO StandaloneAppClient$ClientEndpoint: Executor added: app-20250207121415-0013/6 on worker-20250207090836-172.18.0.6-38401 (172.18.0.6:38401) with 1 core(s)
[2025-02-07T12:14:15.713+0000] {spark_submit.py:641} INFO - 25/02/07 12:14:15 INFO NettyBlockTransferService: Server created on 9ceba9be2552:45333
[2025-02-07T12:14:15.716+0000] {spark_submit.py:641} INFO - 25/02/07 12:14:15 INFO StandaloneSchedulerBackend: Granted executor ID app-20250207121415-0013/6 on hostPort 172.18.0.6:38401 with 1 core(s), 1024.0 MiB RAM
[2025-02-07T12:14:15.721+0000] {spark_submit.py:641} INFO - 25/02/07 12:14:15 INFO StandaloneAppClient$ClientEndpoint: Executor added: app-20250207121415-0013/7 on worker-20250207090836-172.18.0.6-38401 (172.18.0.6:38401) with 1 core(s)
[2025-02-07T12:14:15.722+0000] {spark_submit.py:641} INFO - 25/02/07 12:14:15 INFO StandaloneSchedulerBackend: Granted executor ID app-20250207121415-0013/7 on hostPort 172.18.0.6:38401 with 1 core(s), 1024.0 MiB RAM
[2025-02-07T12:14:15.724+0000] {spark_submit.py:641} INFO - 25/02/07 12:14:15 INFO StandaloneAppClient$ClientEndpoint: Executor added: app-20250207121415-0013/8 on worker-20250207090836-172.18.0.6-38401 (172.18.0.6:38401) with 1 core(s)
[2025-02-07T12:14:15.727+0000] {spark_submit.py:641} INFO - 25/02/07 12:14:15 INFO StandaloneSchedulerBackend: Granted executor ID app-20250207121415-0013/8 on hostPort 172.18.0.6:38401 with 1 core(s), 1024.0 MiB RAM
[2025-02-07T12:14:15.728+0000] {spark_submit.py:641} INFO - 25/02/07 12:14:15 INFO StandaloneAppClient$ClientEndpoint: Executor added: app-20250207121415-0013/9 on worker-20250207090836-172.18.0.6-38401 (172.18.0.6:38401) with 1 core(s)
[2025-02-07T12:14:15.729+0000] {spark_submit.py:641} INFO - 25/02/07 12:14:15 INFO StandaloneSchedulerBackend: Granted executor ID app-20250207121415-0013/9 on hostPort 172.18.0.6:38401 with 1 core(s), 1024.0 MiB RAM
[2025-02-07T12:14:15.730+0000] {spark_submit.py:641} INFO - 25/02/07 12:14:15 INFO StandaloneAppClient$ClientEndpoint: Executor added: app-20250207121415-0013/10 on worker-20250207090836-172.18.0.6-38401 (172.18.0.6:38401) with 1 core(s)
[2025-02-07T12:14:15.731+0000] {spark_submit.py:641} INFO - 25/02/07 12:14:15 INFO StandaloneSchedulerBackend: Granted executor ID app-20250207121415-0013/10 on hostPort 172.18.0.6:38401 with 1 core(s), 1024.0 MiB RAM
[2025-02-07T12:14:15.734+0000] {spark_submit.py:641} INFO - 25/02/07 12:14:15 INFO StandaloneAppClient$ClientEndpoint: Executor added: app-20250207121415-0013/11 on worker-20250207090836-172.18.0.6-38401 (172.18.0.6:38401) with 1 core(s)
[2025-02-07T12:14:15.735+0000] {spark_submit.py:641} INFO - 25/02/07 12:14:15 INFO StandaloneSchedulerBackend: Granted executor ID app-20250207121415-0013/11 on hostPort 172.18.0.6:38401 with 1 core(s), 1024.0 MiB RAM
[2025-02-07T12:14:15.738+0000] {spark_submit.py:641} INFO - 25/02/07 12:14:15 INFO BlockManager: Using org.apache.spark.storage.RandomBlockReplicationPolicy for block replication policy
[2025-02-07T12:14:15.739+0000] {spark_submit.py:641} INFO - 25/02/07 12:14:15 INFO StandaloneAppClient$ClientEndpoint: Executor updated: app-20250207121415-0013/0 is now RUNNING
[2025-02-07T12:14:15.740+0000] {spark_submit.py:641} INFO - 25/02/07 12:14:15 INFO StandaloneAppClient$ClientEndpoint: Executor updated: app-20250207121415-0013/7 is now RUNNING
[2025-02-07T12:14:15.759+0000] {spark_submit.py:641} INFO - 25/02/07 12:14:15 INFO BlockManagerMaster: Registering BlockManager BlockManagerId(driver, 9ceba9be2552, 45333, None)
[2025-02-07T12:14:15.769+0000] {spark_submit.py:641} INFO - 25/02/07 12:14:15 INFO StandaloneAppClient$ClientEndpoint: Executor updated: app-20250207121415-0013/2 is now RUNNING
[2025-02-07T12:14:15.774+0000] {spark_submit.py:641} INFO - 25/02/07 12:14:15 INFO StandaloneAppClient$ClientEndpoint: Executor updated: app-20250207121415-0013/1 is now RUNNING
[2025-02-07T12:14:15.775+0000] {spark_submit.py:641} INFO - 25/02/07 12:14:15 INFO StandaloneAppClient$ClientEndpoint: Executor updated: app-20250207121415-0013/3 is now RUNNING
[2025-02-07T12:14:15.796+0000] {spark_submit.py:641} INFO - 25/02/07 12:14:15 INFO BlockManagerMasterEndpoint: Registering block manager 9ceba9be2552:45333 with 434.4 MiB RAM, BlockManagerId(driver, 9ceba9be2552, 45333, None)
[2025-02-07T12:14:15.797+0000] {spark_submit.py:641} INFO - 25/02/07 12:14:15 INFO StandaloneAppClient$ClientEndpoint: Executor updated: app-20250207121415-0013/8 is now RUNNING
[2025-02-07T12:14:15.805+0000] {spark_submit.py:641} INFO - 25/02/07 12:14:15 INFO BlockManagerMaster: Registered BlockManager BlockManagerId(driver, 9ceba9be2552, 45333, None)
[2025-02-07T12:14:15.812+0000] {spark_submit.py:641} INFO - 25/02/07 12:14:15 INFO StandaloneAppClient$ClientEndpoint: Executor updated: app-20250207121415-0013/11 is now RUNNING
[2025-02-07T12:14:15.816+0000] {spark_submit.py:641} INFO - 25/02/07 12:14:15 INFO BlockManager: Initialized BlockManager: BlockManagerId(driver, 9ceba9be2552, 45333, None)
[2025-02-07T12:14:15.819+0000] {spark_submit.py:641} INFO - 25/02/07 12:14:15 INFO StandaloneAppClient$ClientEndpoint: Executor updated: app-20250207121415-0013/4 is now RUNNING
[2025-02-07T12:14:15.848+0000] {spark_submit.py:641} INFO - 25/02/07 12:14:15 INFO StandaloneAppClient$ClientEndpoint: Executor updated: app-20250207121415-0013/9 is now RUNNING
[2025-02-07T12:14:15.849+0000] {spark_submit.py:641} INFO - 25/02/07 12:14:15 INFO StandaloneAppClient$ClientEndpoint: Executor updated: app-20250207121415-0013/6 is now RUNNING
[2025-02-07T12:14:15.852+0000] {spark_submit.py:641} INFO - 25/02/07 12:14:15 INFO StandaloneAppClient$ClientEndpoint: Executor updated: app-20250207121415-0013/5 is now RUNNING
[2025-02-07T12:14:15.861+0000] {spark_submit.py:641} INFO - 25/02/07 12:14:15 INFO StandaloneAppClient$ClientEndpoint: Executor updated: app-20250207121415-0013/10 is now RUNNING
[2025-02-07T12:14:16.700+0000] {spark_submit.py:641} INFO - 25/02/07 12:14:16 INFO StandaloneSchedulerBackend: SchedulerBackend is ready for scheduling beginning after reached minRegisteredResourcesRatio: 0.0
[2025-02-07T12:14:17.436+0000] {spark_submit.py:641} INFO - /shared-data/raw does exist
[2025-02-07T12:14:17.440+0000] {spark_submit.py:641} INFO - this is the root/shared-data/raw
[2025-02-07T12:14:17.442+0000] {spark_submit.py:641} INFO - this is the _ ['2025-02-05']
[2025-02-07T12:14:17.473+0000] {spark_submit.py:641} INFO - this is the file_path['.DS_Store']
[2025-02-07T12:14:17.483+0000] {spark_submit.py:641} INFO - this is the root/shared-data/raw/2025-02-05
[2025-02-07T12:14:17.484+0000] {spark_submit.py:641} INFO - this is the _ []
[2025-02-07T12:14:17.488+0000] {spark_submit.py:641} INFO - this is the file_path['2025-02-05.parquet']
[2025-02-07T12:14:17.489+0000] {spark_submit.py:641} INFO - Processing: /shared-data/raw/2025-02-05/2025-02-05.parquet
[2025-02-07T12:14:17.491+0000] {spark_submit.py:641} INFO - file:///shared-data/raw/2025-02-05/2025-02-05.parquet
[2025-02-07T12:14:17.791+0000] {spark_submit.py:641} INFO - 25/02/07 12:14:17 INFO SharedState: Setting hive.metastore.warehouse.dir ('null') to the value of spark.sql.warehouse.dir.
[2025-02-07T12:14:17.829+0000] {spark_submit.py:641} INFO - 25/02/07 12:14:17 INFO SharedState: Warehouse path is 'file:/opt/airflow/spark-warehouse'.
[2025-02-07T12:14:20.554+0000] {spark_submit.py:641} INFO - 25/02/07 12:14:20 INFO InMemoryFileIndex: It took 144 ms to list leaf files for 1 paths.
[2025-02-07T12:14:22.013+0000] {spark_submit.py:641} INFO - 25/02/07 12:14:22 INFO SparkContext: Starting job: parquet at NativeMethodAccessorImpl.java:0
[2025-02-07T12:14:22.129+0000] {spark_submit.py:641} INFO - 25/02/07 12:14:22 INFO DAGScheduler: Got job 0 (parquet at NativeMethodAccessorImpl.java:0) with 1 output partitions
[2025-02-07T12:14:22.130+0000] {spark_submit.py:641} INFO - 25/02/07 12:14:22 INFO DAGScheduler: Final stage: ResultStage 0 (parquet at NativeMethodAccessorImpl.java:0)
[2025-02-07T12:14:22.132+0000] {spark_submit.py:641} INFO - 25/02/07 12:14:22 INFO DAGScheduler: Parents of final stage: List()
[2025-02-07T12:14:22.133+0000] {spark_submit.py:641} INFO - 25/02/07 12:14:22 INFO DAGScheduler: Missing parents: List()
[2025-02-07T12:14:22.160+0000] {spark_submit.py:641} INFO - 25/02/07 12:14:22 INFO DAGScheduler: Submitting ResultStage 0 (MapPartitionsRDD[1] at parquet at NativeMethodAccessorImpl.java:0), which has no missing parents
[2025-02-07T12:14:22.477+0000] {spark_submit.py:641} INFO - 25/02/07 12:14:22 INFO MemoryStore: Block broadcast_0 stored as values in memory (estimated size 103.5 KiB, free 434.3 MiB)
[2025-02-07T12:14:22.621+0000] {spark_submit.py:641} INFO - 25/02/07 12:14:22 INFO MemoryStore: Block broadcast_0_piece0 stored as bytes in memory (estimated size 37.3 KiB, free 434.3 MiB)
[2025-02-07T12:14:22.632+0000] {spark_submit.py:641} INFO - 25/02/07 12:14:22 INFO BlockManagerInfo: Added broadcast_0_piece0 in memory on 9ceba9be2552:45333 (size: 37.3 KiB, free: 434.4 MiB)
[2025-02-07T12:14:22.663+0000] {spark_submit.py:641} INFO - 25/02/07 12:14:22 INFO SparkContext: Created broadcast 0 from broadcast at DAGScheduler.scala:1585
[2025-02-07T12:14:22.730+0000] {spark_submit.py:641} INFO - 25/02/07 12:14:22 INFO DAGScheduler: Submitting 1 missing tasks from ResultStage 0 (MapPartitionsRDD[1] at parquet at NativeMethodAccessorImpl.java:0) (first 15 tasks are for partitions Vector(0))
[2025-02-07T12:14:22.732+0000] {spark_submit.py:641} INFO - 25/02/07 12:14:22 INFO TaskSchedulerImpl: Adding task set 0.0 with 1 tasks resource profile 0
[2025-02-07T12:14:25.672+0000] {local_task_job_runner.py:346} WARNING - State of this instance has been externally set to restarting. Terminating instance.
[2025-02-07T12:14:25.674+0000] {local_task_job_runner.py:245} INFO - ::endgroup::
[2025-02-07T12:14:25.678+0000] {process_utils.py:132} INFO - Sending 15 to group 3551. PIDs of all processes in the group: [3553, 3607, 3551]
[2025-02-07T12:14:25.680+0000] {process_utils.py:87} INFO - Sending the signal 15 to group 3551
[2025-02-07T12:14:25.682+0000] {taskinstance.py:3093} ERROR - Received SIGTERM. Terminating subprocesses.
[2025-02-07T12:14:25.683+0000] {spark_submit.py:767} INFO - Sending kill signal to spark-submit
[2025-02-07T12:14:25.725+0000] {taskinstance.py:3311} ERROR - Task failed with exception
Traceback (most recent call last):
  File "/home/airflow/.local/lib/python3.12/site-packages/airflow/models/taskinstance.py", line 767, in _execute_task
    result = _execute_callable(context=context, **execute_callable_kwargs)
             ^^^^^^^^^^^^^^^^^^^^^^^^^^^^^^^^^^^^^^^^^^^^^^^^^^^^^^^^^^^^^
  File "/home/airflow/.local/lib/python3.12/site-packages/airflow/models/taskinstance.py", line 733, in _execute_callable
    return ExecutionCallableRunner(
           ^^^^^^^^^^^^^^^^^^^^^^^^
  File "/home/airflow/.local/lib/python3.12/site-packages/airflow/utils/operator_helpers.py", line 252, in run
    return self.func(*args, **kwargs)
           ^^^^^^^^^^^^^^^^^^^^^^^^^^
  File "/home/airflow/.local/lib/python3.12/site-packages/airflow/models/baseoperator.py", line 422, in wrapper
    return func(self, *args, **kwargs)
           ^^^^^^^^^^^^^^^^^^^^^^^^^^^
  File "/home/airflow/.local/lib/python3.12/site-packages/airflow/providers/apache/spark/operators/spark_submit.py", line 177, in execute
    self._hook.submit(self.application)
  File "/home/airflow/.local/lib/python3.12/site-packages/airflow/providers/apache/spark/hooks/spark_submit.py", line 555, in submit
    self._process_spark_submit_log(iter(self._submit_sp.stdout))  # type: ignore
    ^^^^^^^^^^^^^^^^^^^^^^^^^^^^^^^^^^^^^^^^^^^^^^^^^^^^^^^^^^^^
  File "/home/airflow/.local/lib/python3.12/site-packages/airflow/providers/apache/spark/hooks/spark_submit.py", line 604, in _process_spark_submit_log
    for line in itr:
                ^^^
  File "/home/airflow/.local/lib/python3.12/site-packages/airflow/models/taskinstance.py", line 3095, in signal_handler
    raise AirflowTaskTerminated("Task received SIGTERM signal")
airflow.exceptions.AirflowTaskTerminated: Task received SIGTERM signal
[2025-02-07T12:14:25.772+0000] {taskinstance.py:1225} INFO - Marking task as UP_FOR_RETRY. dag_id=Temp_elt_postgres, task_id=transform_weather_data, run_id=manual__2025-02-07T09:23:30.681100+00:00, execution_date=20250207T092330, start_date=20250207T121410, end_date=20250207T121425
[2025-02-07T12:14:25.853+0000] {taskinstance.py:340} INFO - ::group::Post task execution logs
[2025-02-07T12:14:25.890+0000] {process_utils.py:80} INFO - Process psutil.Process(pid=3553, status='terminated', started='12:14:10') (3553) terminated with exit code None
[2025-02-07T12:14:25.891+0000] {process_utils.py:80} INFO - Process psutil.Process(pid=3551, status='terminated', exitcode=2, started='12:14:10') (3551) terminated with exit code 2
[2025-02-07T12:14:25.892+0000] {process_utils.py:80} INFO - Process psutil.Process(pid=3607, status='terminated', started='12:14:12') (3607) terminated with exit code None
