[2025-01-03T21:28:04.126+0100] {processor.py:186} INFO - Started process (PID=77735) to work on /Users/azeez.ganiyu/airflow_venv/lib/python3.9/site-packages/airflow/example_dags/plugins/event_listener.py
[2025-01-03T21:28:04.132+0100] {processor.py:914} INFO - Processing file /Users/azeez.ganiyu/airflow_venv/lib/python3.9/site-packages/airflow/example_dags/plugins/event_listener.py for tasks to queue
[2025-01-03T21:28:04.133+0100] {logging_mixin.py:190} INFO - [2025-01-03T21:28:04.133+0100] {dagbag.py:588} INFO - Filling up the DagBag from /Users/azeez.ganiyu/airflow_venv/lib/python3.9/site-packages/airflow/example_dags/plugins/event_listener.py
[2025-01-03T21:28:04.136+0100] {processor.py:927} WARNING - No viable dags retrieved from /Users/azeez.ganiyu/airflow_venv/lib/python3.9/site-packages/airflow/example_dags/plugins/event_listener.py
[2025-01-03T21:28:04.274+0100] {processor.py:208} INFO - Processing /Users/azeez.ganiyu/airflow_venv/lib/python3.9/site-packages/airflow/example_dags/plugins/event_listener.py took 0.155 seconds
[2025-01-03T21:30:12.343+0100] {processor.py:186} INFO - Started process (PID=78149) to work on /Users/azeez.ganiyu/airflow_venv/lib/python3.9/site-packages/airflow/example_dags/plugins/event_listener.py
[2025-01-03T21:30:12.348+0100] {processor.py:914} INFO - Processing file /Users/azeez.ganiyu/airflow_venv/lib/python3.9/site-packages/airflow/example_dags/plugins/event_listener.py for tasks to queue
[2025-01-03T21:30:12.349+0100] {logging_mixin.py:190} INFO - [2025-01-03T21:30:12.349+0100] {dagbag.py:588} INFO - Filling up the DagBag from /Users/azeez.ganiyu/airflow_venv/lib/python3.9/site-packages/airflow/example_dags/plugins/event_listener.py
[2025-01-03T21:30:12.352+0100] {processor.py:927} WARNING - No viable dags retrieved from /Users/azeez.ganiyu/airflow_venv/lib/python3.9/site-packages/airflow/example_dags/plugins/event_listener.py
[2025-01-03T21:30:12.483+0100] {processor.py:208} INFO - Processing /Users/azeez.ganiyu/airflow_venv/lib/python3.9/site-packages/airflow/example_dags/plugins/event_listener.py took 0.149 seconds
[2025-01-03T21:31:55.366+0100] {processor.py:186} INFO - Started process (PID=79115) to work on /Users/azeez.ganiyu/airflow_venv/lib/python3.9/site-packages/airflow/example_dags/plugins/event_listener.py
[2025-01-03T21:31:55.371+0100] {processor.py:914} INFO - Processing file /Users/azeez.ganiyu/airflow_venv/lib/python3.9/site-packages/airflow/example_dags/plugins/event_listener.py for tasks to queue
[2025-01-03T21:31:55.372+0100] {logging_mixin.py:190} INFO - [2025-01-03T21:31:55.372+0100] {dagbag.py:588} INFO - Filling up the DagBag from /Users/azeez.ganiyu/airflow_venv/lib/python3.9/site-packages/airflow/example_dags/plugins/event_listener.py
[2025-01-03T21:31:55.375+0100] {processor.py:927} WARNING - No viable dags retrieved from /Users/azeez.ganiyu/airflow_venv/lib/python3.9/site-packages/airflow/example_dags/plugins/event_listener.py
[2025-01-03T21:31:55.507+0100] {processor.py:208} INFO - Processing /Users/azeez.ganiyu/airflow_venv/lib/python3.9/site-packages/airflow/example_dags/plugins/event_listener.py took 0.148 seconds
[2025-01-03T21:35:47.325+0100] {processor.py:186} INFO - Started process (PID=80886) to work on /Users/azeez.ganiyu/airflow_venv/lib/python3.9/site-packages/airflow/example_dags/plugins/event_listener.py
[2025-01-03T21:35:47.329+0100] {processor.py:914} INFO - Processing file /Users/azeez.ganiyu/airflow_venv/lib/python3.9/site-packages/airflow/example_dags/plugins/event_listener.py for tasks to queue
[2025-01-03T21:35:47.330+0100] {logging_mixin.py:190} INFO - [2025-01-03T21:35:47.330+0100] {dagbag.py:588} INFO - Filling up the DagBag from /Users/azeez.ganiyu/airflow_venv/lib/python3.9/site-packages/airflow/example_dags/plugins/event_listener.py
[2025-01-03T21:35:47.333+0100] {processor.py:927} WARNING - No viable dags retrieved from /Users/azeez.ganiyu/airflow_venv/lib/python3.9/site-packages/airflow/example_dags/plugins/event_listener.py
[2025-01-03T21:35:47.463+0100] {processor.py:208} INFO - Processing /Users/azeez.ganiyu/airflow_venv/lib/python3.9/site-packages/airflow/example_dags/plugins/event_listener.py took 0.145 seconds
[2025-01-03T21:39:04.031+0100] {processor.py:186} INFO - Started process (PID=81990) to work on /Users/azeez.ganiyu/airflow_venv/lib/python3.9/site-packages/airflow/example_dags/plugins/event_listener.py
[2025-01-03T21:39:04.035+0100] {processor.py:914} INFO - Processing file /Users/azeez.ganiyu/airflow_venv/lib/python3.9/site-packages/airflow/example_dags/plugins/event_listener.py for tasks to queue
[2025-01-03T21:39:04.036+0100] {logging_mixin.py:190} INFO - [2025-01-03T21:39:04.036+0100] {dagbag.py:588} INFO - Filling up the DagBag from /Users/azeez.ganiyu/airflow_venv/lib/python3.9/site-packages/airflow/example_dags/plugins/event_listener.py
[2025-01-03T21:39:04.038+0100] {processor.py:927} WARNING - No viable dags retrieved from /Users/azeez.ganiyu/airflow_venv/lib/python3.9/site-packages/airflow/example_dags/plugins/event_listener.py
[2025-01-03T21:39:04.165+0100] {processor.py:208} INFO - Processing /Users/azeez.ganiyu/airflow_venv/lib/python3.9/site-packages/airflow/example_dags/plugins/event_listener.py took 0.141 seconds
[2025-01-03T21:42:08.887+0100] {processor.py:186} INFO - Started process (PID=83718) to work on /Users/azeez.ganiyu/airflow_venv/lib/python3.9/site-packages/airflow/example_dags/plugins/event_listener.py
[2025-01-03T21:42:08.891+0100] {processor.py:914} INFO - Processing file /Users/azeez.ganiyu/airflow_venv/lib/python3.9/site-packages/airflow/example_dags/plugins/event_listener.py for tasks to queue
[2025-01-03T21:42:08.892+0100] {logging_mixin.py:190} INFO - [2025-01-03T21:42:08.892+0100] {dagbag.py:588} INFO - Filling up the DagBag from /Users/azeez.ganiyu/airflow_venv/lib/python3.9/site-packages/airflow/example_dags/plugins/event_listener.py
[2025-01-03T21:42:08.895+0100] {processor.py:927} WARNING - No viable dags retrieved from /Users/azeez.ganiyu/airflow_venv/lib/python3.9/site-packages/airflow/example_dags/plugins/event_listener.py
[2025-01-03T21:42:09.028+0100] {processor.py:208} INFO - Processing /Users/azeez.ganiyu/airflow_venv/lib/python3.9/site-packages/airflow/example_dags/plugins/event_listener.py took 0.148 seconds
[2025-01-03T21:45:16.443+0100] {processor.py:186} INFO - Started process (PID=84853) to work on /Users/azeez.ganiyu/airflow_venv/lib/python3.9/site-packages/airflow/example_dags/plugins/event_listener.py
[2025-01-03T21:45:16.448+0100] {processor.py:914} INFO - Processing file /Users/azeez.ganiyu/airflow_venv/lib/python3.9/site-packages/airflow/example_dags/plugins/event_listener.py for tasks to queue
[2025-01-03T21:45:16.449+0100] {logging_mixin.py:190} INFO - [2025-01-03T21:45:16.449+0100] {dagbag.py:588} INFO - Filling up the DagBag from /Users/azeez.ganiyu/airflow_venv/lib/python3.9/site-packages/airflow/example_dags/plugins/event_listener.py
[2025-01-03T21:45:16.451+0100] {processor.py:927} WARNING - No viable dags retrieved from /Users/azeez.ganiyu/airflow_venv/lib/python3.9/site-packages/airflow/example_dags/plugins/event_listener.py
[2025-01-03T21:45:16.579+0100] {processor.py:208} INFO - Processing /Users/azeez.ganiyu/airflow_venv/lib/python3.9/site-packages/airflow/example_dags/plugins/event_listener.py took 0.143 seconds
[2025-01-03T21:48:29.864+0100] {processor.py:186} INFO - Started process (PID=86497) to work on /Users/azeez.ganiyu/airflow_venv/lib/python3.9/site-packages/airflow/example_dags/plugins/event_listener.py
[2025-01-03T21:48:29.869+0100] {processor.py:914} INFO - Processing file /Users/azeez.ganiyu/airflow_venv/lib/python3.9/site-packages/airflow/example_dags/plugins/event_listener.py for tasks to queue
[2025-01-03T21:48:29.870+0100] {logging_mixin.py:190} INFO - [2025-01-03T21:48:29.870+0100] {dagbag.py:588} INFO - Filling up the DagBag from /Users/azeez.ganiyu/airflow_venv/lib/python3.9/site-packages/airflow/example_dags/plugins/event_listener.py
[2025-01-03T21:48:29.874+0100] {processor.py:927} WARNING - No viable dags retrieved from /Users/azeez.ganiyu/airflow_venv/lib/python3.9/site-packages/airflow/example_dags/plugins/event_listener.py
[2025-01-03T21:48:30.016+0100] {processor.py:208} INFO - Processing /Users/azeez.ganiyu/airflow_venv/lib/python3.9/site-packages/airflow/example_dags/plugins/event_listener.py took 0.161 seconds
[2025-01-03T21:51:36.740+0100] {processor.py:186} INFO - Started process (PID=87550) to work on /Users/azeez.ganiyu/airflow_venv/lib/python3.9/site-packages/airflow/example_dags/plugins/event_listener.py
[2025-01-03T21:51:36.744+0100] {processor.py:914} INFO - Processing file /Users/azeez.ganiyu/airflow_venv/lib/python3.9/site-packages/airflow/example_dags/plugins/event_listener.py for tasks to queue
[2025-01-03T21:51:36.745+0100] {logging_mixin.py:190} INFO - [2025-01-03T21:51:36.745+0100] {dagbag.py:588} INFO - Filling up the DagBag from /Users/azeez.ganiyu/airflow_venv/lib/python3.9/site-packages/airflow/example_dags/plugins/event_listener.py
[2025-01-03T21:51:36.749+0100] {processor.py:927} WARNING - No viable dags retrieved from /Users/azeez.ganiyu/airflow_venv/lib/python3.9/site-packages/airflow/example_dags/plugins/event_listener.py
[2025-01-03T21:51:36.887+0100] {processor.py:208} INFO - Processing /Users/azeez.ganiyu/airflow_venv/lib/python3.9/site-packages/airflow/example_dags/plugins/event_listener.py took 0.154 seconds
