[2025-01-03T21:28:00.101+0100] {processor.py:186} INFO - Started process (PID=77722) to work on /Users/azeez.ganiyu/airflow_venv/lib/python3.9/site-packages/airflow/example_dags/plugins/listener_plugin.py
[2025-01-03T21:28:00.107+0100] {processor.py:914} INFO - Processing file /Users/azeez.ganiyu/airflow_venv/lib/python3.9/site-packages/airflow/example_dags/plugins/listener_plugin.py for tasks to queue
[2025-01-03T21:28:00.108+0100] {logging_mixin.py:190} INFO - [2025-01-03T21:28:00.108+0100] {dagbag.py:588} INFO - Filling up the DagBag from /Users/azeez.ganiyu/airflow_venv/lib/python3.9/site-packages/airflow/example_dags/plugins/listener_plugin.py
[2025-01-03T21:28:00.113+0100] {processor.py:927} WARNING - No viable dags retrieved from /Users/azeez.ganiyu/airflow_venv/lib/python3.9/site-packages/airflow/example_dags/plugins/listener_plugin.py
[2025-01-03T21:28:00.246+0100] {processor.py:208} INFO - Processing /Users/azeez.ganiyu/airflow_venv/lib/python3.9/site-packages/airflow/example_dags/plugins/listener_plugin.py took 0.153 seconds
[2025-01-03T21:30:08.686+0100] {processor.py:186} INFO - Started process (PID=78137) to work on /Users/azeez.ganiyu/airflow_venv/lib/python3.9/site-packages/airflow/example_dags/plugins/listener_plugin.py
[2025-01-03T21:30:08.692+0100] {processor.py:914} INFO - Processing file /Users/azeez.ganiyu/airflow_venv/lib/python3.9/site-packages/airflow/example_dags/plugins/listener_plugin.py for tasks to queue
[2025-01-03T21:30:08.693+0100] {logging_mixin.py:190} INFO - [2025-01-03T21:30:08.692+0100] {dagbag.py:588} INFO - Filling up the DagBag from /Users/azeez.ganiyu/airflow_venv/lib/python3.9/site-packages/airflow/example_dags/plugins/listener_plugin.py
[2025-01-03T21:30:08.699+0100] {processor.py:927} WARNING - No viable dags retrieved from /Users/azeez.ganiyu/airflow_venv/lib/python3.9/site-packages/airflow/example_dags/plugins/listener_plugin.py
[2025-01-03T21:30:08.828+0100] {processor.py:208} INFO - Processing /Users/azeez.ganiyu/airflow_venv/lib/python3.9/site-packages/airflow/example_dags/plugins/listener_plugin.py took 0.150 seconds
[2025-01-03T21:31:51.655+0100] {processor.py:186} INFO - Started process (PID=79108) to work on /Users/azeez.ganiyu/airflow_venv/lib/python3.9/site-packages/airflow/example_dags/plugins/listener_plugin.py
[2025-01-03T21:31:51.660+0100] {processor.py:914} INFO - Processing file /Users/azeez.ganiyu/airflow_venv/lib/python3.9/site-packages/airflow/example_dags/plugins/listener_plugin.py for tasks to queue
[2025-01-03T21:31:51.662+0100] {logging_mixin.py:190} INFO - [2025-01-03T21:31:51.661+0100] {dagbag.py:588} INFO - Filling up the DagBag from /Users/azeez.ganiyu/airflow_venv/lib/python3.9/site-packages/airflow/example_dags/plugins/listener_plugin.py
[2025-01-03T21:31:51.667+0100] {processor.py:927} WARNING - No viable dags retrieved from /Users/azeez.ganiyu/airflow_venv/lib/python3.9/site-packages/airflow/example_dags/plugins/listener_plugin.py
[2025-01-03T21:31:51.795+0100] {processor.py:208} INFO - Processing /Users/azeez.ganiyu/airflow_venv/lib/python3.9/site-packages/airflow/example_dags/plugins/listener_plugin.py took 0.149 seconds
[2025-01-03T21:35:44.560+0100] {processor.py:186} INFO - Started process (PID=80874) to work on /Users/azeez.ganiyu/airflow_venv/lib/python3.9/site-packages/airflow/example_dags/plugins/listener_plugin.py
[2025-01-03T21:35:44.565+0100] {processor.py:914} INFO - Processing file /Users/azeez.ganiyu/airflow_venv/lib/python3.9/site-packages/airflow/example_dags/plugins/listener_plugin.py for tasks to queue
[2025-01-03T21:35:44.566+0100] {logging_mixin.py:190} INFO - [2025-01-03T21:35:44.566+0100] {dagbag.py:588} INFO - Filling up the DagBag from /Users/azeez.ganiyu/airflow_venv/lib/python3.9/site-packages/airflow/example_dags/plugins/listener_plugin.py
[2025-01-03T21:35:44.571+0100] {processor.py:927} WARNING - No viable dags retrieved from /Users/azeez.ganiyu/airflow_venv/lib/python3.9/site-packages/airflow/example_dags/plugins/listener_plugin.py
[2025-01-03T21:35:44.699+0100] {processor.py:208} INFO - Processing /Users/azeez.ganiyu/airflow_venv/lib/python3.9/site-packages/airflow/example_dags/plugins/listener_plugin.py took 0.148 seconds
[2025-01-03T21:39:00.531+0100] {processor.py:186} INFO - Started process (PID=81968) to work on /Users/azeez.ganiyu/airflow_venv/lib/python3.9/site-packages/airflow/example_dags/plugins/listener_plugin.py
[2025-01-03T21:39:00.536+0100] {processor.py:914} INFO - Processing file /Users/azeez.ganiyu/airflow_venv/lib/python3.9/site-packages/airflow/example_dags/plugins/listener_plugin.py for tasks to queue
[2025-01-03T21:39:00.537+0100] {logging_mixin.py:190} INFO - [2025-01-03T21:39:00.537+0100] {dagbag.py:588} INFO - Filling up the DagBag from /Users/azeez.ganiyu/airflow_venv/lib/python3.9/site-packages/airflow/example_dags/plugins/listener_plugin.py
[2025-01-03T21:39:00.542+0100] {processor.py:927} WARNING - No viable dags retrieved from /Users/azeez.ganiyu/airflow_venv/lib/python3.9/site-packages/airflow/example_dags/plugins/listener_plugin.py
[2025-01-03T21:39:00.668+0100] {processor.py:208} INFO - Processing /Users/azeez.ganiyu/airflow_venv/lib/python3.9/site-packages/airflow/example_dags/plugins/listener_plugin.py took 0.143 seconds
[2025-01-03T21:42:05.339+0100] {processor.py:186} INFO - Started process (PID=83691) to work on /Users/azeez.ganiyu/airflow_venv/lib/python3.9/site-packages/airflow/example_dags/plugins/listener_plugin.py
[2025-01-03T21:42:05.343+0100] {processor.py:914} INFO - Processing file /Users/azeez.ganiyu/airflow_venv/lib/python3.9/site-packages/airflow/example_dags/plugins/listener_plugin.py for tasks to queue
[2025-01-03T21:42:05.344+0100] {logging_mixin.py:190} INFO - [2025-01-03T21:42:05.344+0100] {dagbag.py:588} INFO - Filling up the DagBag from /Users/azeez.ganiyu/airflow_venv/lib/python3.9/site-packages/airflow/example_dags/plugins/listener_plugin.py
[2025-01-03T21:42:05.349+0100] {processor.py:927} WARNING - No viable dags retrieved from /Users/azeez.ganiyu/airflow_venv/lib/python3.9/site-packages/airflow/example_dags/plugins/listener_plugin.py
[2025-01-03T21:42:05.472+0100] {processor.py:208} INFO - Processing /Users/azeez.ganiyu/airflow_venv/lib/python3.9/site-packages/airflow/example_dags/plugins/listener_plugin.py took 0.140 seconds
[2025-01-03T21:45:12.576+0100] {processor.py:186} INFO - Started process (PID=84831) to work on /Users/azeez.ganiyu/airflow_venv/lib/python3.9/site-packages/airflow/example_dags/plugins/listener_plugin.py
[2025-01-03T21:45:12.580+0100] {processor.py:914} INFO - Processing file /Users/azeez.ganiyu/airflow_venv/lib/python3.9/site-packages/airflow/example_dags/plugins/listener_plugin.py for tasks to queue
[2025-01-03T21:45:12.582+0100] {logging_mixin.py:190} INFO - [2025-01-03T21:45:12.581+0100] {dagbag.py:588} INFO - Filling up the DagBag from /Users/azeez.ganiyu/airflow_venv/lib/python3.9/site-packages/airflow/example_dags/plugins/listener_plugin.py
[2025-01-03T21:45:12.588+0100] {processor.py:927} WARNING - No viable dags retrieved from /Users/azeez.ganiyu/airflow_venv/lib/python3.9/site-packages/airflow/example_dags/plugins/listener_plugin.py
[2025-01-03T21:45:12.716+0100] {processor.py:208} INFO - Processing /Users/azeez.ganiyu/airflow_venv/lib/python3.9/site-packages/airflow/example_dags/plugins/listener_plugin.py took 0.147 seconds
[2025-01-03T21:48:26.045+0100] {processor.py:186} INFO - Started process (PID=86475) to work on /Users/azeez.ganiyu/airflow_venv/lib/python3.9/site-packages/airflow/example_dags/plugins/listener_plugin.py
[2025-01-03T21:48:26.049+0100] {processor.py:914} INFO - Processing file /Users/azeez.ganiyu/airflow_venv/lib/python3.9/site-packages/airflow/example_dags/plugins/listener_plugin.py for tasks to queue
[2025-01-03T21:48:26.050+0100] {logging_mixin.py:190} INFO - [2025-01-03T21:48:26.050+0100] {dagbag.py:588} INFO - Filling up the DagBag from /Users/azeez.ganiyu/airflow_venv/lib/python3.9/site-packages/airflow/example_dags/plugins/listener_plugin.py
[2025-01-03T21:48:26.055+0100] {processor.py:927} WARNING - No viable dags retrieved from /Users/azeez.ganiyu/airflow_venv/lib/python3.9/site-packages/airflow/example_dags/plugins/listener_plugin.py
[2025-01-03T21:48:26.195+0100] {processor.py:208} INFO - Processing /Users/azeez.ganiyu/airflow_venv/lib/python3.9/site-packages/airflow/example_dags/plugins/listener_plugin.py took 0.158 seconds
[2025-01-03T21:51:33.379+0100] {processor.py:186} INFO - Started process (PID=87527) to work on /Users/azeez.ganiyu/airflow_venv/lib/python3.9/site-packages/airflow/example_dags/plugins/listener_plugin.py
[2025-01-03T21:51:33.390+0100] {processor.py:914} INFO - Processing file /Users/azeez.ganiyu/airflow_venv/lib/python3.9/site-packages/airflow/example_dags/plugins/listener_plugin.py for tasks to queue
[2025-01-03T21:51:33.391+0100] {logging_mixin.py:190} INFO - [2025-01-03T21:51:33.391+0100] {dagbag.py:588} INFO - Filling up the DagBag from /Users/azeez.ganiyu/airflow_venv/lib/python3.9/site-packages/airflow/example_dags/plugins/listener_plugin.py
[2025-01-03T21:51:33.398+0100] {processor.py:927} WARNING - No viable dags retrieved from /Users/azeez.ganiyu/airflow_venv/lib/python3.9/site-packages/airflow/example_dags/plugins/listener_plugin.py
[2025-01-03T21:51:33.555+0100] {processor.py:208} INFO - Processing /Users/azeez.ganiyu/airflow_venv/lib/python3.9/site-packages/airflow/example_dags/plugins/listener_plugin.py took 0.223 seconds
