[2025-01-03T21:27:56.872+0100] {processor.py:186} INFO - Started process (PID=77710) to work on /Users/azeez.ganiyu/airflow_venv/lib/python3.9/site-packages/airflow/example_dags/plugins/workday.py
[2025-01-03T21:27:56.878+0100] {processor.py:914} INFO - Processing file /Users/azeez.ganiyu/airflow_venv/lib/python3.9/site-packages/airflow/example_dags/plugins/workday.py for tasks to queue
[2025-01-03T21:27:56.879+0100] {logging_mixin.py:190} INFO - [2025-01-03T21:27:56.879+0100] {dagbag.py:588} INFO - Filling up the DagBag from /Users/azeez.ganiyu/airflow_venv/lib/python3.9/site-packages/airflow/example_dags/plugins/workday.py
[2025-01-03T21:27:56.883+0100] {logging_mixin.py:190} INFO - [2025-01-03T21:27:56.883+0100] {workday.py:41} WARNING - Could not import pandas. Holidays will not be considered.
[2025-01-03T21:27:56.883+0100] {processor.py:927} WARNING - No viable dags retrieved from /Users/azeez.ganiyu/airflow_venv/lib/python3.9/site-packages/airflow/example_dags/plugins/workday.py
[2025-01-03T21:27:57.011+0100] {processor.py:208} INFO - Processing /Users/azeez.ganiyu/airflow_venv/lib/python3.9/site-packages/airflow/example_dags/plugins/workday.py took 0.146 seconds
[2025-01-03T21:30:05.185+0100] {processor.py:186} INFO - Started process (PID=78124) to work on /Users/azeez.ganiyu/airflow_venv/lib/python3.9/site-packages/airflow/example_dags/plugins/workday.py
[2025-01-03T21:30:05.190+0100] {processor.py:914} INFO - Processing file /Users/azeez.ganiyu/airflow_venv/lib/python3.9/site-packages/airflow/example_dags/plugins/workday.py for tasks to queue
[2025-01-03T21:30:05.192+0100] {logging_mixin.py:190} INFO - [2025-01-03T21:30:05.191+0100] {dagbag.py:588} INFO - Filling up the DagBag from /Users/azeez.ganiyu/airflow_venv/lib/python3.9/site-packages/airflow/example_dags/plugins/workday.py
[2025-01-03T21:30:05.195+0100] {logging_mixin.py:190} INFO - [2025-01-03T21:30:05.195+0100] {workday.py:41} WARNING - Could not import pandas. Holidays will not be considered.
[2025-01-03T21:30:05.196+0100] {processor.py:927} WARNING - No viable dags retrieved from /Users/azeez.ganiyu/airflow_venv/lib/python3.9/site-packages/airflow/example_dags/plugins/workday.py
[2025-01-03T21:30:05.327+0100] {processor.py:208} INFO - Processing /Users/azeez.ganiyu/airflow_venv/lib/python3.9/site-packages/airflow/example_dags/plugins/workday.py took 0.150 seconds
[2025-01-03T21:31:48.548+0100] {processor.py:186} INFO - Started process (PID=79090) to work on /Users/azeez.ganiyu/airflow_venv/lib/python3.9/site-packages/airflow/example_dags/plugins/workday.py
[2025-01-03T21:31:48.553+0100] {processor.py:914} INFO - Processing file /Users/azeez.ganiyu/airflow_venv/lib/python3.9/site-packages/airflow/example_dags/plugins/workday.py for tasks to queue
[2025-01-03T21:31:48.554+0100] {logging_mixin.py:190} INFO - [2025-01-03T21:31:48.554+0100] {dagbag.py:588} INFO - Filling up the DagBag from /Users/azeez.ganiyu/airflow_venv/lib/python3.9/site-packages/airflow/example_dags/plugins/workday.py
[2025-01-03T21:31:48.557+0100] {logging_mixin.py:190} INFO - [2025-01-03T21:31:48.557+0100] {workday.py:41} WARNING - Could not import pandas. Holidays will not be considered.
[2025-01-03T21:31:48.558+0100] {processor.py:927} WARNING - No viable dags retrieved from /Users/azeez.ganiyu/airflow_venv/lib/python3.9/site-packages/airflow/example_dags/plugins/workday.py
[2025-01-03T21:31:48.685+0100] {processor.py:208} INFO - Processing /Users/azeez.ganiyu/airflow_venv/lib/python3.9/site-packages/airflow/example_dags/plugins/workday.py took 0.145 seconds
[2025-01-03T21:35:40.871+0100] {processor.py:186} INFO - Started process (PID=80852) to work on /Users/azeez.ganiyu/airflow_venv/lib/python3.9/site-packages/airflow/example_dags/plugins/workday.py
[2025-01-03T21:35:40.877+0100] {processor.py:914} INFO - Processing file /Users/azeez.ganiyu/airflow_venv/lib/python3.9/site-packages/airflow/example_dags/plugins/workday.py for tasks to queue
[2025-01-03T21:35:40.878+0100] {logging_mixin.py:190} INFO - [2025-01-03T21:35:40.878+0100] {dagbag.py:588} INFO - Filling up the DagBag from /Users/azeez.ganiyu/airflow_venv/lib/python3.9/site-packages/airflow/example_dags/plugins/workday.py
[2025-01-03T21:35:40.881+0100] {logging_mixin.py:190} INFO - [2025-01-03T21:35:40.881+0100] {workday.py:41} WARNING - Could not import pandas. Holidays will not be considered.
[2025-01-03T21:35:40.881+0100] {processor.py:927} WARNING - No viable dags retrieved from /Users/azeez.ganiyu/airflow_venv/lib/python3.9/site-packages/airflow/example_dags/plugins/workday.py
[2025-01-03T21:35:41.016+0100] {processor.py:208} INFO - Processing /Users/azeez.ganiyu/airflow_venv/lib/python3.9/site-packages/airflow/example_dags/plugins/workday.py took 0.152 seconds
[2025-01-03T21:38:57.534+0100] {processor.py:186} INFO - Started process (PID=81956) to work on /Users/azeez.ganiyu/airflow_venv/lib/python3.9/site-packages/airflow/example_dags/plugins/workday.py
[2025-01-03T21:38:57.539+0100] {processor.py:914} INFO - Processing file /Users/azeez.ganiyu/airflow_venv/lib/python3.9/site-packages/airflow/example_dags/plugins/workday.py for tasks to queue
[2025-01-03T21:38:57.540+0100] {logging_mixin.py:190} INFO - [2025-01-03T21:38:57.539+0100] {dagbag.py:588} INFO - Filling up the DagBag from /Users/azeez.ganiyu/airflow_venv/lib/python3.9/site-packages/airflow/example_dags/plugins/workday.py
[2025-01-03T21:38:57.543+0100] {logging_mixin.py:190} INFO - [2025-01-03T21:38:57.543+0100] {workday.py:41} WARNING - Could not import pandas. Holidays will not be considered.
[2025-01-03T21:38:57.543+0100] {processor.py:927} WARNING - No viable dags retrieved from /Users/azeez.ganiyu/airflow_venv/lib/python3.9/site-packages/airflow/example_dags/plugins/workday.py
[2025-01-03T21:38:57.672+0100] {processor.py:208} INFO - Processing /Users/azeez.ganiyu/airflow_venv/lib/python3.9/site-packages/airflow/example_dags/plugins/workday.py took 0.145 seconds
[2025-01-03T21:42:02.271+0100] {processor.py:186} INFO - Started process (PID=83676) to work on /Users/azeez.ganiyu/airflow_venv/lib/python3.9/site-packages/airflow/example_dags/plugins/workday.py
[2025-01-03T21:42:02.276+0100] {processor.py:914} INFO - Processing file /Users/azeez.ganiyu/airflow_venv/lib/python3.9/site-packages/airflow/example_dags/plugins/workday.py for tasks to queue
[2025-01-03T21:42:02.277+0100] {logging_mixin.py:190} INFO - [2025-01-03T21:42:02.277+0100] {dagbag.py:588} INFO - Filling up the DagBag from /Users/azeez.ganiyu/airflow_venv/lib/python3.9/site-packages/airflow/example_dags/plugins/workday.py
[2025-01-03T21:42:02.280+0100] {logging_mixin.py:190} INFO - [2025-01-03T21:42:02.280+0100] {workday.py:41} WARNING - Could not import pandas. Holidays will not be considered.
[2025-01-03T21:42:02.281+0100] {processor.py:927} WARNING - No viable dags retrieved from /Users/azeez.ganiyu/airflow_venv/lib/python3.9/site-packages/airflow/example_dags/plugins/workday.py
[2025-01-03T21:42:02.411+0100] {processor.py:208} INFO - Processing /Users/azeez.ganiyu/airflow_venv/lib/python3.9/site-packages/airflow/example_dags/plugins/workday.py took 0.147 seconds
[2025-01-03T21:45:08.754+0100] {processor.py:186} INFO - Started process (PID=84809) to work on /Users/azeez.ganiyu/airflow_venv/lib/python3.9/site-packages/airflow/example_dags/plugins/workday.py
[2025-01-03T21:45:08.794+0100] {processor.py:914} INFO - Processing file /Users/azeez.ganiyu/airflow_venv/lib/python3.9/site-packages/airflow/example_dags/plugins/workday.py for tasks to queue
[2025-01-03T21:45:08.796+0100] {logging_mixin.py:190} INFO - [2025-01-03T21:45:08.795+0100] {dagbag.py:588} INFO - Filling up the DagBag from /Users/azeez.ganiyu/airflow_venv/lib/python3.9/site-packages/airflow/example_dags/plugins/workday.py
[2025-01-03T21:45:08.800+0100] {logging_mixin.py:190} INFO - [2025-01-03T21:45:08.800+0100] {workday.py:41} WARNING - Could not import pandas. Holidays will not be considered.
[2025-01-03T21:45:08.801+0100] {processor.py:927} WARNING - No viable dags retrieved from /Users/azeez.ganiyu/airflow_venv/lib/python3.9/site-packages/airflow/example_dags/plugins/workday.py
[2025-01-03T21:45:08.942+0100] {processor.py:208} INFO - Processing /Users/azeez.ganiyu/airflow_venv/lib/python3.9/site-packages/airflow/example_dags/plugins/workday.py took 0.195 seconds
[2025-01-03T21:48:22.206+0100] {processor.py:186} INFO - Started process (PID=86452) to work on /Users/azeez.ganiyu/airflow_venv/lib/python3.9/site-packages/airflow/example_dags/plugins/workday.py
[2025-01-03T21:48:22.211+0100] {processor.py:914} INFO - Processing file /Users/azeez.ganiyu/airflow_venv/lib/python3.9/site-packages/airflow/example_dags/plugins/workday.py for tasks to queue
[2025-01-03T21:48:22.212+0100] {logging_mixin.py:190} INFO - [2025-01-03T21:48:22.211+0100] {dagbag.py:588} INFO - Filling up the DagBag from /Users/azeez.ganiyu/airflow_venv/lib/python3.9/site-packages/airflow/example_dags/plugins/workday.py
[2025-01-03T21:48:22.217+0100] {logging_mixin.py:190} INFO - [2025-01-03T21:48:22.216+0100] {workday.py:41} WARNING - Could not import pandas. Holidays will not be considered.
[2025-01-03T21:48:22.217+0100] {processor.py:927} WARNING - No viable dags retrieved from /Users/azeez.ganiyu/airflow_venv/lib/python3.9/site-packages/airflow/example_dags/plugins/workday.py
[2025-01-03T21:48:22.361+0100] {processor.py:208} INFO - Processing /Users/azeez.ganiyu/airflow_venv/lib/python3.9/site-packages/airflow/example_dags/plugins/workday.py took 0.163 seconds
[2025-01-03T21:51:30.502+0100] {processor.py:186} INFO - Started process (PID=87515) to work on /Users/azeez.ganiyu/airflow_venv/lib/python3.9/site-packages/airflow/example_dags/plugins/workday.py
[2025-01-03T21:51:30.506+0100] {processor.py:914} INFO - Processing file /Users/azeez.ganiyu/airflow_venv/lib/python3.9/site-packages/airflow/example_dags/plugins/workday.py for tasks to queue
[2025-01-03T21:51:30.507+0100] {logging_mixin.py:190} INFO - [2025-01-03T21:51:30.507+0100] {dagbag.py:588} INFO - Filling up the DagBag from /Users/azeez.ganiyu/airflow_venv/lib/python3.9/site-packages/airflow/example_dags/plugins/workday.py
[2025-01-03T21:51:30.511+0100] {logging_mixin.py:190} INFO - [2025-01-03T21:51:30.511+0100] {workday.py:41} WARNING - Could not import pandas. Holidays will not be considered.
[2025-01-03T21:51:30.511+0100] {processor.py:927} WARNING - No viable dags retrieved from /Users/azeez.ganiyu/airflow_venv/lib/python3.9/site-packages/airflow/example_dags/plugins/workday.py
[2025-01-03T21:51:30.646+0100] {processor.py:208} INFO - Processing /Users/azeez.ganiyu/airflow_venv/lib/python3.9/site-packages/airflow/example_dags/plugins/workday.py took 0.152 seconds
