[2025-01-03T21:27:52.524+0100] {processor.py:186} INFO - Started process (PID=77698) to work on /Users/azeez.ganiyu/airflow_venv/lib/python3.9/site-packages/airflow/example_dags/subdags/subdag.py
[2025-01-03T21:27:52.530+0100] {processor.py:914} INFO - Processing file /Users/azeez.ganiyu/airflow_venv/lib/python3.9/site-packages/airflow/example_dags/subdags/subdag.py for tasks to queue
[2025-01-03T21:27:52.531+0100] {logging_mixin.py:190} INFO - [2025-01-03T21:27:52.531+0100] {dagbag.py:588} INFO - Filling up the DagBag from /Users/azeez.ganiyu/airflow_venv/lib/python3.9/site-packages/airflow/example_dags/subdags/subdag.py
[2025-01-03T21:27:52.539+0100] {processor.py:927} WARNING - No viable dags retrieved from /Users/azeez.ganiyu/airflow_venv/lib/python3.9/site-packages/airflow/example_dags/subdags/subdag.py
[2025-01-03T21:27:52.715+0100] {processor.py:208} INFO - Processing /Users/azeez.ganiyu/airflow_venv/lib/python3.9/site-packages/airflow/example_dags/subdags/subdag.py took 0.199 seconds
[2025-01-03T21:29:53.698+0100] {processor.py:186} INFO - Started process (PID=78089) to work on /Users/azeez.ganiyu/airflow_venv/lib/python3.9/site-packages/airflow/example_dags/subdags/subdag.py
[2025-01-03T21:29:53.703+0100] {processor.py:914} INFO - Processing file /Users/azeez.ganiyu/airflow_venv/lib/python3.9/site-packages/airflow/example_dags/subdags/subdag.py for tasks to queue
[2025-01-03T21:29:53.704+0100] {logging_mixin.py:190} INFO - [2025-01-03T21:29:53.704+0100] {dagbag.py:588} INFO - Filling up the DagBag from /Users/azeez.ganiyu/airflow_venv/lib/python3.9/site-packages/airflow/example_dags/subdags/subdag.py
[2025-01-03T21:29:53.708+0100] {processor.py:927} WARNING - No viable dags retrieved from /Users/azeez.ganiyu/airflow_venv/lib/python3.9/site-packages/airflow/example_dags/subdags/subdag.py
[2025-01-03T21:29:53.843+0100] {processor.py:208} INFO - Processing /Users/azeez.ganiyu/airflow_venv/lib/python3.9/site-packages/airflow/example_dags/subdags/subdag.py took 0.152 seconds
[2025-01-03T21:30:01.515+0100] {processor.py:186} INFO - Started process (PID=78114) to work on /Users/azeez.ganiyu/airflow_venv/lib/python3.9/site-packages/airflow/example_dags/subdags/subdag.py
[2025-01-03T21:30:01.520+0100] {processor.py:914} INFO - Processing file /Users/azeez.ganiyu/airflow_venv/lib/python3.9/site-packages/airflow/example_dags/subdags/subdag.py for tasks to queue
[2025-01-03T21:30:01.521+0100] {logging_mixin.py:190} INFO - [2025-01-03T21:30:01.521+0100] {dagbag.py:588} INFO - Filling up the DagBag from /Users/azeez.ganiyu/airflow_venv/lib/python3.9/site-packages/airflow/example_dags/subdags/subdag.py
[2025-01-03T21:30:01.526+0100] {processor.py:927} WARNING - No viable dags retrieved from /Users/azeez.ganiyu/airflow_venv/lib/python3.9/site-packages/airflow/example_dags/subdags/subdag.py
[2025-01-03T21:30:01.656+0100] {processor.py:208} INFO - Processing /Users/azeez.ganiyu/airflow_venv/lib/python3.9/site-packages/airflow/example_dags/subdags/subdag.py took 0.149 seconds
[2025-01-03T21:31:44.809+0100] {processor.py:186} INFO - Started process (PID=79078) to work on /Users/azeez.ganiyu/airflow_venv/lib/python3.9/site-packages/airflow/example_dags/subdags/subdag.py
[2025-01-03T21:31:44.813+0100] {processor.py:914} INFO - Processing file /Users/azeez.ganiyu/airflow_venv/lib/python3.9/site-packages/airflow/example_dags/subdags/subdag.py for tasks to queue
[2025-01-03T21:31:44.814+0100] {logging_mixin.py:190} INFO - [2025-01-03T21:31:44.814+0100] {dagbag.py:588} INFO - Filling up the DagBag from /Users/azeez.ganiyu/airflow_venv/lib/python3.9/site-packages/airflow/example_dags/subdags/subdag.py
[2025-01-03T21:31:44.818+0100] {processor.py:927} WARNING - No viable dags retrieved from /Users/azeez.ganiyu/airflow_venv/lib/python3.9/site-packages/airflow/example_dags/subdags/subdag.py
[2025-01-03T21:31:44.967+0100] {processor.py:208} INFO - Processing /Users/azeez.ganiyu/airflow_venv/lib/python3.9/site-packages/airflow/example_dags/subdags/subdag.py took 0.167 seconds
[2025-01-03T21:35:37.279+0100] {processor.py:186} INFO - Started process (PID=80823) to work on /Users/azeez.ganiyu/airflow_venv/lib/python3.9/site-packages/airflow/example_dags/subdags/subdag.py
[2025-01-03T21:35:37.285+0100] {processor.py:914} INFO - Processing file /Users/azeez.ganiyu/airflow_venv/lib/python3.9/site-packages/airflow/example_dags/subdags/subdag.py for tasks to queue
[2025-01-03T21:35:37.286+0100] {logging_mixin.py:190} INFO - [2025-01-03T21:35:37.286+0100] {dagbag.py:588} INFO - Filling up the DagBag from /Users/azeez.ganiyu/airflow_venv/lib/python3.9/site-packages/airflow/example_dags/subdags/subdag.py
[2025-01-03T21:35:37.290+0100] {processor.py:927} WARNING - No viable dags retrieved from /Users/azeez.ganiyu/airflow_venv/lib/python3.9/site-packages/airflow/example_dags/subdags/subdag.py
[2025-01-03T21:35:37.446+0100] {processor.py:208} INFO - Processing /Users/azeez.ganiyu/airflow_venv/lib/python3.9/site-packages/airflow/example_dags/subdags/subdag.py took 0.175 seconds
[2025-01-03T21:38:53.975+0100] {processor.py:186} INFO - Started process (PID=81934) to work on /Users/azeez.ganiyu/airflow_venv/lib/python3.9/site-packages/airflow/example_dags/subdags/subdag.py
[2025-01-03T21:38:53.979+0100] {processor.py:914} INFO - Processing file /Users/azeez.ganiyu/airflow_venv/lib/python3.9/site-packages/airflow/example_dags/subdags/subdag.py for tasks to queue
[2025-01-03T21:38:53.980+0100] {logging_mixin.py:190} INFO - [2025-01-03T21:38:53.980+0100] {dagbag.py:588} INFO - Filling up the DagBag from /Users/azeez.ganiyu/airflow_venv/lib/python3.9/site-packages/airflow/example_dags/subdags/subdag.py
[2025-01-03T21:38:53.984+0100] {processor.py:927} WARNING - No viable dags retrieved from /Users/azeez.ganiyu/airflow_venv/lib/python3.9/site-packages/airflow/example_dags/subdags/subdag.py
[2025-01-03T21:38:54.108+0100] {processor.py:208} INFO - Processing /Users/azeez.ganiyu/airflow_venv/lib/python3.9/site-packages/airflow/example_dags/subdags/subdag.py took 0.140 seconds
[2025-01-03T21:41:58.744+0100] {processor.py:186} INFO - Started process (PID=83652) to work on /Users/azeez.ganiyu/airflow_venv/lib/python3.9/site-packages/airflow/example_dags/subdags/subdag.py
[2025-01-03T21:41:58.749+0100] {processor.py:914} INFO - Processing file /Users/azeez.ganiyu/airflow_venv/lib/python3.9/site-packages/airflow/example_dags/subdags/subdag.py for tasks to queue
[2025-01-03T21:41:58.750+0100] {logging_mixin.py:190} INFO - [2025-01-03T21:41:58.749+0100] {dagbag.py:588} INFO - Filling up the DagBag from /Users/azeez.ganiyu/airflow_venv/lib/python3.9/site-packages/airflow/example_dags/subdags/subdag.py
[2025-01-03T21:41:58.754+0100] {processor.py:927} WARNING - No viable dags retrieved from /Users/azeez.ganiyu/airflow_venv/lib/python3.9/site-packages/airflow/example_dags/subdags/subdag.py
[2025-01-03T21:41:58.883+0100] {processor.py:208} INFO - Processing /Users/azeez.ganiyu/airflow_venv/lib/python3.9/site-packages/airflow/example_dags/subdags/subdag.py took 0.146 seconds
[2025-01-03T21:45:05.114+0100] {processor.py:186} INFO - Started process (PID=84794) to work on /Users/azeez.ganiyu/airflow_venv/lib/python3.9/site-packages/airflow/example_dags/subdags/subdag.py
[2025-01-03T21:45:05.121+0100] {processor.py:914} INFO - Processing file /Users/azeez.ganiyu/airflow_venv/lib/python3.9/site-packages/airflow/example_dags/subdags/subdag.py for tasks to queue
[2025-01-03T21:45:05.122+0100] {logging_mixin.py:190} INFO - [2025-01-03T21:45:05.122+0100] {dagbag.py:588} INFO - Filling up the DagBag from /Users/azeez.ganiyu/airflow_venv/lib/python3.9/site-packages/airflow/example_dags/subdags/subdag.py
[2025-01-03T21:45:05.127+0100] {processor.py:927} WARNING - No viable dags retrieved from /Users/azeez.ganiyu/airflow_venv/lib/python3.9/site-packages/airflow/example_dags/subdags/subdag.py
[2025-01-03T21:45:05.253+0100] {processor.py:208} INFO - Processing /Users/azeez.ganiyu/airflow_venv/lib/python3.9/site-packages/airflow/example_dags/subdags/subdag.py took 0.148 seconds
[2025-01-03T21:48:18.356+0100] {processor.py:186} INFO - Started process (PID=86428) to work on /Users/azeez.ganiyu/airflow_venv/lib/python3.9/site-packages/airflow/example_dags/subdags/subdag.py
[2025-01-03T21:48:18.360+0100] {processor.py:914} INFO - Processing file /Users/azeez.ganiyu/airflow_venv/lib/python3.9/site-packages/airflow/example_dags/subdags/subdag.py for tasks to queue
[2025-01-03T21:48:18.361+0100] {logging_mixin.py:190} INFO - [2025-01-03T21:48:18.361+0100] {dagbag.py:588} INFO - Filling up the DagBag from /Users/azeez.ganiyu/airflow_venv/lib/python3.9/site-packages/airflow/example_dags/subdags/subdag.py
[2025-01-03T21:48:18.367+0100] {processor.py:927} WARNING - No viable dags retrieved from /Users/azeez.ganiyu/airflow_venv/lib/python3.9/site-packages/airflow/example_dags/subdags/subdag.py
[2025-01-03T21:48:18.502+0100] {processor.py:208} INFO - Processing /Users/azeez.ganiyu/airflow_venv/lib/python3.9/site-packages/airflow/example_dags/subdags/subdag.py took 0.154 seconds
[2025-01-03T21:51:27.759+0100] {processor.py:186} INFO - Started process (PID=87503) to work on /Users/azeez.ganiyu/airflow_venv/lib/python3.9/site-packages/airflow/example_dags/subdags/subdag.py
[2025-01-03T21:51:27.764+0100] {processor.py:914} INFO - Processing file /Users/azeez.ganiyu/airflow_venv/lib/python3.9/site-packages/airflow/example_dags/subdags/subdag.py for tasks to queue
[2025-01-03T21:51:27.765+0100] {logging_mixin.py:190} INFO - [2025-01-03T21:51:27.765+0100] {dagbag.py:588} INFO - Filling up the DagBag from /Users/azeez.ganiyu/airflow_venv/lib/python3.9/site-packages/airflow/example_dags/subdags/subdag.py
[2025-01-03T21:51:27.771+0100] {processor.py:927} WARNING - No viable dags retrieved from /Users/azeez.ganiyu/airflow_venv/lib/python3.9/site-packages/airflow/example_dags/subdags/subdag.py
[2025-01-03T21:51:27.907+0100] {processor.py:208} INFO - Processing /Users/azeez.ganiyu/airflow_venv/lib/python3.9/site-packages/airflow/example_dags/subdags/subdag.py took 0.155 seconds
