[2025-01-26T13:15:07.085+0000] {processor.py:186} INFO - Started process (PID=80) to work on /opt/airflow/dags/sample.py
[2025-01-26T13:15:07.086+0000] {processor.py:914} INFO - Processing file /opt/airflow/dags/sample.py for tasks to queue
[2025-01-26T13:15:07.089+0000] {logging_mixin.py:190} INFO - [2025-01-26T13:15:07.088+0000] {dagbag.py:588} INFO - Filling up the DagBag from /opt/airflow/dags/sample.py
[2025-01-26T13:15:07.106+0000] {processor.py:925} INFO - DAG(s) 'hello_world_dag' retrieved from /opt/airflow/dags/sample.py
[2025-01-26T13:15:07.293+0000] {logging_mixin.py:190} INFO - [2025-01-26T13:15:07.292+0000] {override.py:1911} INFO - Created Permission View: can read on DAG:hello_world_dag
[2025-01-26T13:15:07.328+0000] {logging_mixin.py:190} INFO - [2025-01-26T13:15:07.326+0000] {override.py:1911} INFO - Created Permission View: can delete on DAG:hello_world_dag
[2025-01-26T13:15:07.373+0000] {logging_mixin.py:190} INFO - [2025-01-26T13:15:07.372+0000] {override.py:1911} INFO - Created Permission View: can edit on DAG:hello_world_dag
[2025-01-26T13:15:07.420+0000] {logging_mixin.py:190} INFO - [2025-01-26T13:15:07.419+0000] {override.py:1911} INFO - Created Permission View: can read on DAG Run:hello_world_dag
[2025-01-26T13:15:07.442+0000] {logging_mixin.py:190} INFO - [2025-01-26T13:15:07.442+0000] {override.py:1911} INFO - Created Permission View: can delete on DAG Run:hello_world_dag
[2025-01-26T13:15:07.461+0000] {logging_mixin.py:190} INFO - [2025-01-26T13:15:07.461+0000] {override.py:1911} INFO - Created Permission View: can create on DAG Run:hello_world_dag
[2025-01-26T13:15:07.483+0000] {logging_mixin.py:190} INFO - [2025-01-26T13:15:07.482+0000] {override.py:1911} INFO - Created Permission View: menu access on DAG Run:hello_world_dag
[2025-01-26T13:15:07.484+0000] {logging_mixin.py:190} INFO - [2025-01-26T13:15:07.484+0000] {dag.py:3239} INFO - Sync 1 DAGs
[2025-01-26T13:15:07.503+0000] {logging_mixin.py:190} INFO - [2025-01-26T13:15:07.503+0000] {dag.py:3262} INFO - Creating ORM DAG for hello_world_dag
[2025-01-26T13:15:07.504+0000] {logging_mixin.py:190} INFO - [2025-01-26T13:15:07.504+0000] {dag.py:4180} INFO - Setting next_dagrun for hello_world_dag to None, run_after=None
[2025-01-26T13:15:07.557+0000] {processor.py:208} INFO - Processing /opt/airflow/dags/sample.py took 0.482 seconds
[2025-01-26T13:15:39.086+0000] {processor.py:186} INFO - Started process (PID=84) to work on /opt/airflow/dags/sample.py
[2025-01-26T13:15:39.088+0000] {processor.py:914} INFO - Processing file /opt/airflow/dags/sample.py for tasks to queue
[2025-01-26T13:15:39.091+0000] {logging_mixin.py:190} INFO - [2025-01-26T13:15:39.091+0000] {dagbag.py:588} INFO - Filling up the DagBag from /opt/airflow/dags/sample.py
[2025-01-26T13:15:39.105+0000] {processor.py:925} INFO - DAG(s) 'hello_world_dag' retrieved from /opt/airflow/dags/sample.py
[2025-01-26T13:15:39.136+0000] {logging_mixin.py:190} INFO - [2025-01-26T13:15:39.135+0000] {dag.py:3239} INFO - Sync 1 DAGs
[2025-01-26T13:15:39.150+0000] {logging_mixin.py:190} INFO - [2025-01-26T13:15:39.150+0000] {dag.py:4180} INFO - Setting next_dagrun for hello_world_dag to None, run_after=None
[2025-01-26T13:15:39.188+0000] {processor.py:208} INFO - Processing /opt/airflow/dags/sample.py took 0.109 seconds
[2025-01-26T13:16:09.428+0000] {processor.py:186} INFO - Started process (PID=88) to work on /opt/airflow/dags/sample.py
[2025-01-26T13:16:09.430+0000] {processor.py:914} INFO - Processing file /opt/airflow/dags/sample.py for tasks to queue
[2025-01-26T13:16:09.433+0000] {logging_mixin.py:190} INFO - [2025-01-26T13:16:09.433+0000] {dagbag.py:588} INFO - Filling up the DagBag from /opt/airflow/dags/sample.py
[2025-01-26T13:16:09.452+0000] {processor.py:925} INFO - DAG(s) 'hello_world_dag' retrieved from /opt/airflow/dags/sample.py
[2025-01-26T13:16:09.531+0000] {logging_mixin.py:190} INFO - [2025-01-26T13:16:09.531+0000] {dag.py:3239} INFO - Sync 1 DAGs
[2025-01-26T13:16:09.557+0000] {logging_mixin.py:190} INFO - [2025-01-26T13:16:09.556+0000] {dag.py:4180} INFO - Setting next_dagrun for hello_world_dag to None, run_after=None
[2025-01-26T13:16:09.606+0000] {processor.py:208} INFO - Processing /opt/airflow/dags/sample.py took 0.187 seconds
[2025-01-26T13:16:39.836+0000] {processor.py:186} INFO - Started process (PID=92) to work on /opt/airflow/dags/sample.py
[2025-01-26T13:16:39.837+0000] {processor.py:914} INFO - Processing file /opt/airflow/dags/sample.py for tasks to queue
[2025-01-26T13:16:39.841+0000] {logging_mixin.py:190} INFO - [2025-01-26T13:16:39.841+0000] {dagbag.py:588} INFO - Filling up the DagBag from /opt/airflow/dags/sample.py
[2025-01-26T13:16:39.856+0000] {processor.py:925} INFO - DAG(s) 'hello_world_dag' retrieved from /opt/airflow/dags/sample.py
[2025-01-26T13:16:39.884+0000] {logging_mixin.py:190} INFO - [2025-01-26T13:16:39.884+0000] {dag.py:3239} INFO - Sync 1 DAGs
[2025-01-26T13:16:39.899+0000] {logging_mixin.py:190} INFO - [2025-01-26T13:16:39.899+0000] {dag.py:4180} INFO - Setting next_dagrun for hello_world_dag to None, run_after=None
[2025-01-26T13:16:39.935+0000] {processor.py:208} INFO - Processing /opt/airflow/dags/sample.py took 0.105 seconds
[2025-01-26T13:17:34.817+0000] {processor.py:186} INFO - Started process (PID=68) to work on /opt/airflow/dags/sample.py
[2025-01-26T13:17:34.819+0000] {processor.py:914} INFO - Processing file /opt/airflow/dags/sample.py for tasks to queue
[2025-01-26T13:17:34.822+0000] {logging_mixin.py:190} INFO - [2025-01-26T13:17:34.821+0000] {dagbag.py:588} INFO - Filling up the DagBag from /opt/airflow/dags/sample.py
[2025-01-26T13:17:34.841+0000] {processor.py:925} INFO - DAG(s) 'hello_world_dag' retrieved from /opt/airflow/dags/sample.py
[2025-01-26T13:17:34.874+0000] {logging_mixin.py:190} INFO - [2025-01-26T13:17:34.874+0000] {dag.py:3239} INFO - Sync 1 DAGs
[2025-01-26T13:17:34.891+0000] {logging_mixin.py:190} INFO - [2025-01-26T13:17:34.891+0000] {dag.py:4180} INFO - Setting next_dagrun for hello_world_dag to None, run_after=None
[2025-01-26T13:17:34.934+0000] {processor.py:208} INFO - Processing /opt/airflow/dags/sample.py took 0.124 seconds
[2025-01-26T13:18:06.131+0000] {processor.py:186} INFO - Started process (PID=83) to work on /opt/airflow/dags/sample.py
[2025-01-26T13:18:06.132+0000] {processor.py:914} INFO - Processing file /opt/airflow/dags/sample.py for tasks to queue
[2025-01-26T13:18:06.136+0000] {logging_mixin.py:190} INFO - [2025-01-26T13:18:06.135+0000] {dagbag.py:588} INFO - Filling up the DagBag from /opt/airflow/dags/sample.py
[2025-01-26T13:18:06.151+0000] {processor.py:925} INFO - DAG(s) 'hello_world_dag' retrieved from /opt/airflow/dags/sample.py
[2025-01-26T13:18:06.183+0000] {logging_mixin.py:190} INFO - [2025-01-26T13:18:06.183+0000] {dag.py:3239} INFO - Sync 1 DAGs
[2025-01-26T13:18:06.200+0000] {logging_mixin.py:190} INFO - [2025-01-26T13:18:06.200+0000] {dag.py:4180} INFO - Setting next_dagrun for hello_world_dag to None, run_after=None
[2025-01-26T13:18:06.239+0000] {processor.py:208} INFO - Processing /opt/airflow/dags/sample.py took 0.115 seconds
[2025-01-26T13:18:36.777+0000] {processor.py:186} INFO - Started process (PID=87) to work on /opt/airflow/dags/sample.py
[2025-01-26T13:18:36.779+0000] {processor.py:914} INFO - Processing file /opt/airflow/dags/sample.py for tasks to queue
[2025-01-26T13:18:36.782+0000] {logging_mixin.py:190} INFO - [2025-01-26T13:18:36.781+0000] {dagbag.py:588} INFO - Filling up the DagBag from /opt/airflow/dags/sample.py
[2025-01-26T13:18:36.796+0000] {processor.py:925} INFO - DAG(s) 'hello_world_dag' retrieved from /opt/airflow/dags/sample.py
[2025-01-26T13:18:36.826+0000] {logging_mixin.py:190} INFO - [2025-01-26T13:18:36.826+0000] {dag.py:3239} INFO - Sync 1 DAGs
[2025-01-26T13:18:36.842+0000] {logging_mixin.py:190} INFO - [2025-01-26T13:18:36.841+0000] {dag.py:4180} INFO - Setting next_dagrun for hello_world_dag to None, run_after=None
[2025-01-26T13:18:36.881+0000] {processor.py:208} INFO - Processing /opt/airflow/dags/sample.py took 0.110 seconds
[2025-01-26T13:19:07.565+0000] {processor.py:186} INFO - Started process (PID=91) to work on /opt/airflow/dags/sample.py
[2025-01-26T13:19:07.567+0000] {processor.py:914} INFO - Processing file /opt/airflow/dags/sample.py for tasks to queue
[2025-01-26T13:19:07.570+0000] {logging_mixin.py:190} INFO - [2025-01-26T13:19:07.569+0000] {dagbag.py:588} INFO - Filling up the DagBag from /opt/airflow/dags/sample.py
[2025-01-26T13:19:07.584+0000] {processor.py:925} INFO - DAG(s) 'hello_world_dag' retrieved from /opt/airflow/dags/sample.py
[2025-01-26T13:19:07.615+0000] {logging_mixin.py:190} INFO - [2025-01-26T13:19:07.615+0000] {dag.py:3239} INFO - Sync 1 DAGs
[2025-01-26T13:19:07.632+0000] {logging_mixin.py:190} INFO - [2025-01-26T13:19:07.631+0000] {dag.py:4180} INFO - Setting next_dagrun for hello_world_dag to None, run_after=None
[2025-01-26T13:19:07.671+0000] {processor.py:208} INFO - Processing /opt/airflow/dags/sample.py took 0.112 seconds
[2025-01-26T13:19:38.198+0000] {processor.py:186} INFO - Started process (PID=95) to work on /opt/airflow/dags/sample.py
[2025-01-26T13:19:38.199+0000] {processor.py:914} INFO - Processing file /opt/airflow/dags/sample.py for tasks to queue
[2025-01-26T13:19:38.204+0000] {logging_mixin.py:190} INFO - [2025-01-26T13:19:38.203+0000] {dagbag.py:588} INFO - Filling up the DagBag from /opt/airflow/dags/sample.py
[2025-01-26T13:19:38.218+0000] {processor.py:925} INFO - DAG(s) 'hello_world_dag' retrieved from /opt/airflow/dags/sample.py
[2025-01-26T13:19:38.247+0000] {logging_mixin.py:190} INFO - [2025-01-26T13:19:38.247+0000] {dag.py:3239} INFO - Sync 1 DAGs
[2025-01-26T13:19:38.265+0000] {logging_mixin.py:190} INFO - [2025-01-26T13:19:38.264+0000] {dag.py:4180} INFO - Setting next_dagrun for hello_world_dag to None, run_after=None
[2025-01-26T13:19:38.303+0000] {processor.py:208} INFO - Processing /opt/airflow/dags/sample.py took 0.112 seconds
[2025-01-26T13:20:08.863+0000] {processor.py:186} INFO - Started process (PID=99) to work on /opt/airflow/dags/sample.py
[2025-01-26T13:20:08.864+0000] {processor.py:914} INFO - Processing file /opt/airflow/dags/sample.py for tasks to queue
[2025-01-26T13:20:08.867+0000] {logging_mixin.py:190} INFO - [2025-01-26T13:20:08.867+0000] {dagbag.py:588} INFO - Filling up the DagBag from /opt/airflow/dags/sample.py
[2025-01-26T13:20:08.883+0000] {processor.py:925} INFO - DAG(s) 'hello_world_dag' retrieved from /opt/airflow/dags/sample.py
[2025-01-26T13:20:08.915+0000] {logging_mixin.py:190} INFO - [2025-01-26T13:20:08.914+0000] {dag.py:3239} INFO - Sync 1 DAGs
[2025-01-26T13:20:08.933+0000] {logging_mixin.py:190} INFO - [2025-01-26T13:20:08.933+0000] {dag.py:4180} INFO - Setting next_dagrun for hello_world_dag to None, run_after=None
[2025-01-26T13:20:08.991+0000] {processor.py:208} INFO - Processing /opt/airflow/dags/sample.py took 0.136 seconds
[2025-01-26T13:35:37.434+0000] {processor.py:186} INFO - Started process (PID=104) to work on /opt/airflow/dags/sample.py
[2025-01-26T13:35:37.435+0000] {processor.py:914} INFO - Processing file /opt/airflow/dags/sample.py for tasks to queue
[2025-01-26T13:35:37.440+0000] {logging_mixin.py:190} INFO - [2025-01-26T13:35:37.439+0000] {dagbag.py:588} INFO - Filling up the DagBag from /opt/airflow/dags/sample.py
[2025-01-26T13:35:37.455+0000] {processor.py:925} INFO - DAG(s) 'hello_world_dag' retrieved from /opt/airflow/dags/sample.py
[2025-01-26T13:35:37.490+0000] {logging_mixin.py:190} INFO - [2025-01-26T13:35:37.490+0000] {dag.py:3239} INFO - Sync 1 DAGs
[2025-01-26T13:35:37.515+0000] {logging_mixin.py:190} INFO - [2025-01-26T13:35:37.514+0000] {dag.py:4180} INFO - Setting next_dagrun for hello_world_dag to None, run_after=None
[2025-01-26T13:35:37.564+0000] {processor.py:208} INFO - Processing /opt/airflow/dags/sample.py took 0.136 seconds
[2025-01-26T13:51:33.536+0000] {processor.py:186} INFO - Started process (PID=114) to work on /opt/airflow/dags/sample.py
[2025-01-26T13:51:33.538+0000] {processor.py:914} INFO - Processing file /opt/airflow/dags/sample.py for tasks to queue
[2025-01-26T13:51:33.541+0000] {logging_mixin.py:190} INFO - [2025-01-26T13:51:33.540+0000] {dagbag.py:588} INFO - Filling up the DagBag from /opt/airflow/dags/sample.py
[2025-01-26T13:51:33.554+0000] {processor.py:925} INFO - DAG(s) 'hello_world_dag' retrieved from /opt/airflow/dags/sample.py
[2025-01-26T13:51:33.584+0000] {logging_mixin.py:190} INFO - [2025-01-26T13:51:33.584+0000] {dag.py:3239} INFO - Sync 1 DAGs
[2025-01-26T13:51:33.755+0000] {logging_mixin.py:190} INFO - [2025-01-26T13:51:33.755+0000] {dag.py:4180} INFO - Setting next_dagrun for hello_world_dag to None, run_after=None
[2025-01-26T13:51:33.791+0000] {processor.py:208} INFO - Processing /opt/airflow/dags/sample.py took 0.260 seconds
[2025-01-26T14:07:22.209+0000] {processor.py:186} INFO - Started process (PID=123) to work on /opt/airflow/dags/sample.py
[2025-01-26T14:07:22.211+0000] {processor.py:914} INFO - Processing file /opt/airflow/dags/sample.py for tasks to queue
[2025-01-26T14:07:22.218+0000] {logging_mixin.py:190} INFO - [2025-01-26T14:07:22.217+0000] {dagbag.py:588} INFO - Filling up the DagBag from /opt/airflow/dags/sample.py
[2025-01-26T14:07:22.234+0000] {processor.py:925} INFO - DAG(s) 'hello_world_dag' retrieved from /opt/airflow/dags/sample.py
[2025-01-26T14:07:22.273+0000] {logging_mixin.py:190} INFO - [2025-01-26T14:07:22.272+0000] {dag.py:3239} INFO - Sync 1 DAGs
[2025-01-26T14:07:22.456+0000] {logging_mixin.py:190} INFO - [2025-01-26T14:07:22.456+0000] {dag.py:4180} INFO - Setting next_dagrun for hello_world_dag to None, run_after=None
[2025-01-26T14:07:22.500+0000] {processor.py:208} INFO - Processing /opt/airflow/dags/sample.py took 0.298 seconds
[2025-01-26T14:23:13.970+0000] {processor.py:186} INFO - Started process (PID=131) to work on /opt/airflow/dags/sample.py
[2025-01-26T14:23:13.972+0000] {processor.py:914} INFO - Processing file /opt/airflow/dags/sample.py for tasks to queue
[2025-01-26T14:23:13.976+0000] {logging_mixin.py:190} INFO - [2025-01-26T14:23:13.975+0000] {dagbag.py:588} INFO - Filling up the DagBag from /opt/airflow/dags/sample.py
[2025-01-26T14:23:13.994+0000] {processor.py:925} INFO - DAG(s) 'hello_world_dag' retrieved from /opt/airflow/dags/sample.py
[2025-01-26T14:23:14.210+0000] {logging_mixin.py:190} INFO - [2025-01-26T14:23:14.210+0000] {dag.py:3239} INFO - Sync 1 DAGs
[2025-01-26T14:23:14.227+0000] {logging_mixin.py:190} INFO - [2025-01-26T14:23:14.226+0000] {dag.py:4180} INFO - Setting next_dagrun for hello_world_dag to None, run_after=None
[2025-01-26T14:23:14.275+0000] {processor.py:208} INFO - Processing /opt/airflow/dags/sample.py took 0.313 seconds
[2025-01-26T14:29:03.392+0000] {processor.py:186} INFO - Started process (PID=143) to work on /opt/airflow/dags/sample.py
[2025-01-26T14:29:03.393+0000] {processor.py:914} INFO - Processing file /opt/airflow/dags/sample.py for tasks to queue
[2025-01-26T14:29:03.397+0000] {logging_mixin.py:190} INFO - [2025-01-26T14:29:03.396+0000] {dagbag.py:588} INFO - Filling up the DagBag from /opt/airflow/dags/sample.py
[2025-01-26T14:29:03.415+0000] {processor.py:925} INFO - DAG(s) 'hello_world_dag' retrieved from /opt/airflow/dags/sample.py
[2025-01-26T14:29:03.605+0000] {logging_mixin.py:190} INFO - [2025-01-26T14:29:03.604+0000] {dag.py:3239} INFO - Sync 1 DAGs
[2025-01-26T14:29:03.618+0000] {logging_mixin.py:190} INFO - [2025-01-26T14:29:03.618+0000] {dag.py:4180} INFO - Setting next_dagrun for hello_world_dag to None, run_after=None
[2025-01-26T14:29:03.657+0000] {processor.py:208} INFO - Processing /opt/airflow/dags/sample.py took 0.271 seconds
[2025-01-26T14:44:28.087+0000] {processor.py:186} INFO - Started process (PID=153) to work on /opt/airflow/dags/sample.py
[2025-01-26T14:44:28.089+0000] {processor.py:914} INFO - Processing file /opt/airflow/dags/sample.py for tasks to queue
[2025-01-26T14:44:28.092+0000] {logging_mixin.py:190} INFO - [2025-01-26T14:44:28.092+0000] {dagbag.py:588} INFO - Filling up the DagBag from /opt/airflow/dags/sample.py
[2025-01-26T14:44:28.107+0000] {processor.py:925} INFO - DAG(s) 'hello_world_dag' retrieved from /opt/airflow/dags/sample.py
[2025-01-26T14:44:28.140+0000] {logging_mixin.py:190} INFO - [2025-01-26T14:44:28.140+0000] {dag.py:3239} INFO - Sync 1 DAGs
[2025-01-26T14:44:28.154+0000] {logging_mixin.py:190} INFO - [2025-01-26T14:44:28.153+0000] {dag.py:4180} INFO - Setting next_dagrun for hello_world_dag to None, run_after=None
[2025-01-26T14:44:28.190+0000] {processor.py:208} INFO - Processing /opt/airflow/dags/sample.py took 0.109 seconds
[2025-01-26T14:59:55.251+0000] {processor.py:186} INFO - Started process (PID=165) to work on /opt/airflow/dags/sample.py
[2025-01-26T14:59:55.253+0000] {processor.py:914} INFO - Processing file /opt/airflow/dags/sample.py for tasks to queue
[2025-01-26T14:59:55.257+0000] {logging_mixin.py:190} INFO - [2025-01-26T14:59:55.256+0000] {dagbag.py:588} INFO - Filling up the DagBag from /opt/airflow/dags/sample.py
[2025-01-26T14:59:55.275+0000] {processor.py:925} INFO - DAG(s) 'hello_world_dag' retrieved from /opt/airflow/dags/sample.py
[2025-01-26T14:59:55.316+0000] {logging_mixin.py:190} INFO - [2025-01-26T14:59:55.316+0000] {dag.py:3239} INFO - Sync 1 DAGs
[2025-01-26T14:59:55.342+0000] {logging_mixin.py:190} INFO - [2025-01-26T14:59:55.341+0000] {dag.py:4180} INFO - Setting next_dagrun for hello_world_dag to None, run_after=None
[2025-01-26T14:59:55.391+0000] {processor.py:208} INFO - Processing /opt/airflow/dags/sample.py took 0.149 seconds
[2025-01-26T15:13:51.287+0000] {processor.py:186} INFO - Started process (PID=173) to work on /opt/airflow/dags/sample.py
[2025-01-26T15:13:51.289+0000] {processor.py:914} INFO - Processing file /opt/airflow/dags/sample.py for tasks to queue
[2025-01-26T15:13:51.291+0000] {logging_mixin.py:190} INFO - [2025-01-26T15:13:51.290+0000] {dagbag.py:588} INFO - Filling up the DagBag from /opt/airflow/dags/sample.py
[2025-01-26T15:13:51.315+0000] {processor.py:925} INFO - DAG(s) 'hello_world_dag' retrieved from /opt/airflow/dags/sample.py
[2025-01-26T15:13:51.408+0000] {logging_mixin.py:190} INFO - [2025-01-26T15:13:51.402+0000] {dag.py:3239} INFO - Sync 1 DAGs
[2025-01-26T15:13:51.517+0000] {logging_mixin.py:190} INFO - [2025-01-26T15:13:51.516+0000] {dag.py:4180} INFO - Setting next_dagrun for hello_world_dag to None, run_after=None
[2025-01-26T15:13:51.636+0000] {processor.py:208} INFO - Processing /opt/airflow/dags/sample.py took 0.358 seconds
[2025-01-26T15:21:20.941+0000] {processor.py:186} INFO - Started process (PID=180) to work on /opt/airflow/dags/sample.py
[2025-01-26T15:21:20.943+0000] {processor.py:914} INFO - Processing file /opt/airflow/dags/sample.py for tasks to queue
[2025-01-26T15:21:20.944+0000] {logging_mixin.py:190} INFO - [2025-01-26T15:21:20.944+0000] {dagbag.py:588} INFO - Filling up the DagBag from /opt/airflow/dags/sample.py
[2025-01-26T15:21:20.961+0000] {processor.py:925} INFO - DAG(s) 'hello_world_dag' retrieved from /opt/airflow/dags/sample.py
[2025-01-26T15:21:20.993+0000] {logging_mixin.py:190} INFO - [2025-01-26T15:21:20.992+0000] {dag.py:3239} INFO - Sync 1 DAGs
[2025-01-26T15:21:21.008+0000] {logging_mixin.py:190} INFO - [2025-01-26T15:21:21.008+0000] {dag.py:4180} INFO - Setting next_dagrun for hello_world_dag to None, run_after=None
[2025-01-26T15:21:21.051+0000] {processor.py:208} INFO - Processing /opt/airflow/dags/sample.py took 0.117 seconds
[2025-01-26T15:22:20.247+0000] {processor.py:186} INFO - Started process (PID=184) to work on /opt/airflow/dags/sample.py
[2025-01-26T15:22:20.253+0000] {processor.py:914} INFO - Processing file /opt/airflow/dags/sample.py for tasks to queue
[2025-01-26T15:22:20.264+0000] {logging_mixin.py:190} INFO - [2025-01-26T15:22:20.261+0000] {dagbag.py:588} INFO - Filling up the DagBag from /opt/airflow/dags/sample.py
[2025-01-26T15:22:20.398+0000] {processor.py:925} INFO - DAG(s) 'hello_world_dag' retrieved from /opt/airflow/dags/sample.py
[2025-01-26T15:22:20.541+0000] {logging_mixin.py:190} INFO - [2025-01-26T15:22:20.540+0000] {dag.py:3239} INFO - Sync 1 DAGs
[2025-01-26T15:22:20.658+0000] {logging_mixin.py:190} INFO - [2025-01-26T15:22:20.657+0000] {dag.py:4180} INFO - Setting next_dagrun for hello_world_dag to None, run_after=None
[2025-01-26T15:22:20.869+0000] {processor.py:208} INFO - Processing /opt/airflow/dags/sample.py took 0.650 seconds
[2025-01-26T15:37:39.377+0000] {processor.py:186} INFO - Started process (PID=196) to work on /opt/airflow/dags/sample.py
[2025-01-26T15:37:39.379+0000] {processor.py:914} INFO - Processing file /opt/airflow/dags/sample.py for tasks to queue
[2025-01-26T15:37:39.381+0000] {logging_mixin.py:190} INFO - [2025-01-26T15:37:39.381+0000] {dagbag.py:588} INFO - Filling up the DagBag from /opt/airflow/dags/sample.py
[2025-01-26T15:37:39.398+0000] {processor.py:925} INFO - DAG(s) 'hello_world_dag' retrieved from /opt/airflow/dags/sample.py
[2025-01-26T15:37:39.426+0000] {logging_mixin.py:190} INFO - [2025-01-26T15:37:39.426+0000] {dag.py:3239} INFO - Sync 1 DAGs
[2025-01-26T15:37:39.440+0000] {logging_mixin.py:190} INFO - [2025-01-26T15:37:39.440+0000] {dag.py:4180} INFO - Setting next_dagrun for hello_world_dag to None, run_after=None
[2025-01-26T15:37:39.477+0000] {processor.py:208} INFO - Processing /opt/airflow/dags/sample.py took 0.106 seconds
[2025-01-26T15:38:36.917+0000] {processor.py:186} INFO - Started process (PID=200) to work on /opt/airflow/dags/sample.py
[2025-01-26T15:38:36.922+0000] {processor.py:914} INFO - Processing file /opt/airflow/dags/sample.py for tasks to queue
[2025-01-26T15:38:36.936+0000] {logging_mixin.py:190} INFO - [2025-01-26T15:38:36.934+0000] {dagbag.py:588} INFO - Filling up the DagBag from /opt/airflow/dags/sample.py
[2025-01-26T15:38:37.005+0000] {processor.py:925} INFO - DAG(s) 'hello_world_dag' retrieved from /opt/airflow/dags/sample.py
[2025-01-26T15:38:37.189+0000] {logging_mixin.py:190} INFO - [2025-01-26T15:38:37.188+0000] {dag.py:3239} INFO - Sync 1 DAGs
[2025-01-26T15:38:37.291+0000] {logging_mixin.py:190} INFO - [2025-01-26T15:38:37.290+0000] {dag.py:4180} INFO - Setting next_dagrun for hello_world_dag to None, run_after=None
[2025-01-26T15:38:37.503+0000] {processor.py:208} INFO - Processing /opt/airflow/dags/sample.py took 0.616 seconds
[2025-01-26T15:53:24.883+0000] {processor.py:186} INFO - Started process (PID=208) to work on /opt/airflow/dags/sample.py
[2025-01-26T15:53:24.885+0000] {processor.py:914} INFO - Processing file /opt/airflow/dags/sample.py for tasks to queue
[2025-01-26T15:53:24.889+0000] {logging_mixin.py:190} INFO - [2025-01-26T15:53:24.888+0000] {dagbag.py:588} INFO - Filling up the DagBag from /opt/airflow/dags/sample.py
[2025-01-26T15:53:24.912+0000] {processor.py:925} INFO - DAG(s) 'hello_world_dag' retrieved from /opt/airflow/dags/sample.py
[2025-01-26T15:53:24.965+0000] {logging_mixin.py:190} INFO - [2025-01-26T15:53:24.964+0000] {dag.py:3239} INFO - Sync 1 DAGs
[2025-01-26T15:53:24.999+0000] {logging_mixin.py:190} INFO - [2025-01-26T15:53:24.999+0000] {dag.py:4180} INFO - Setting next_dagrun for hello_world_dag to None, run_after=None
[2025-01-26T15:53:25.062+0000] {processor.py:208} INFO - Processing /opt/airflow/dags/sample.py took 0.189 seconds
[2025-01-26T15:54:26.777+0000] {processor.py:186} INFO - Started process (PID=212) to work on /opt/airflow/dags/sample.py
[2025-01-26T15:54:26.783+0000] {processor.py:914} INFO - Processing file /opt/airflow/dags/sample.py for tasks to queue
[2025-01-26T15:54:26.794+0000] {logging_mixin.py:190} INFO - [2025-01-26T15:54:26.793+0000] {dagbag.py:588} INFO - Filling up the DagBag from /opt/airflow/dags/sample.py
[2025-01-26T15:54:26.857+0000] {processor.py:925} INFO - DAG(s) 'hello_world_dag' retrieved from /opt/airflow/dags/sample.py
[2025-01-26T15:54:26.988+0000] {logging_mixin.py:190} INFO - [2025-01-26T15:54:26.986+0000] {dag.py:3239} INFO - Sync 1 DAGs
[2025-01-26T15:54:27.058+0000] {logging_mixin.py:190} INFO - [2025-01-26T15:54:27.056+0000] {dag.py:4180} INFO - Setting next_dagrun for hello_world_dag to None, run_after=None
[2025-01-26T15:54:27.237+0000] {processor.py:208} INFO - Processing /opt/airflow/dags/sample.py took 0.488 seconds
[2025-01-26T16:09:34.018+0000] {processor.py:186} INFO - Started process (PID=221) to work on /opt/airflow/dags/sample.py
[2025-01-26T16:09:34.019+0000] {processor.py:914} INFO - Processing file /opt/airflow/dags/sample.py for tasks to queue
[2025-01-26T16:09:34.022+0000] {logging_mixin.py:190} INFO - [2025-01-26T16:09:34.022+0000] {dagbag.py:588} INFO - Filling up the DagBag from /opt/airflow/dags/sample.py
[2025-01-26T16:09:34.037+0000] {processor.py:925} INFO - DAG(s) 'hello_world_dag' retrieved from /opt/airflow/dags/sample.py
[2025-01-26T16:09:34.079+0000] {logging_mixin.py:190} INFO - [2025-01-26T16:09:34.079+0000] {dag.py:3239} INFO - Sync 1 DAGs
[2025-01-26T16:09:34.102+0000] {logging_mixin.py:190} INFO - [2025-01-26T16:09:34.101+0000] {dag.py:4180} INFO - Setting next_dagrun for hello_world_dag to None, run_after=None
[2025-01-26T16:09:34.155+0000] {processor.py:208} INFO - Processing /opt/airflow/dags/sample.py took 0.144 seconds
[2025-01-26T16:10:32.721+0000] {processor.py:186} INFO - Started process (PID=225) to work on /opt/airflow/dags/sample.py
[2025-01-26T16:10:32.726+0000] {processor.py:914} INFO - Processing file /opt/airflow/dags/sample.py for tasks to queue
[2025-01-26T16:10:32.740+0000] {logging_mixin.py:190} INFO - [2025-01-26T16:10:32.738+0000] {dagbag.py:588} INFO - Filling up the DagBag from /opt/airflow/dags/sample.py
[2025-01-26T16:10:32.814+0000] {processor.py:925} INFO - DAG(s) 'hello_world_dag' retrieved from /opt/airflow/dags/sample.py
[2025-01-26T16:10:32.965+0000] {logging_mixin.py:190} INFO - [2025-01-26T16:10:32.964+0000] {dag.py:3239} INFO - Sync 1 DAGs
[2025-01-26T16:10:33.039+0000] {logging_mixin.py:190} INFO - [2025-01-26T16:10:33.037+0000] {dag.py:4180} INFO - Setting next_dagrun for hello_world_dag to None, run_after=None
[2025-01-26T16:10:33.217+0000] {processor.py:208} INFO - Processing /opt/airflow/dags/sample.py took 0.526 seconds
[2025-01-26T16:22:21.679+0000] {processor.py:186} INFO - Started process (PID=235) to work on /opt/airflow/dags/sample.py
[2025-01-26T16:22:21.680+0000] {processor.py:914} INFO - Processing file /opt/airflow/dags/sample.py for tasks to queue
[2025-01-26T16:22:21.683+0000] {logging_mixin.py:190} INFO - [2025-01-26T16:22:21.683+0000] {dagbag.py:588} INFO - Filling up the DagBag from /opt/airflow/dags/sample.py
[2025-01-26T16:22:21.700+0000] {processor.py:925} INFO - DAG(s) 'hello_world_dag' retrieved from /opt/airflow/dags/sample.py
[2025-01-26T16:22:21.734+0000] {logging_mixin.py:190} INFO - [2025-01-26T16:22:21.733+0000] {dag.py:3239} INFO - Sync 1 DAGs
[2025-01-26T16:22:21.751+0000] {logging_mixin.py:190} INFO - [2025-01-26T16:22:21.751+0000] {dag.py:4180} INFO - Setting next_dagrun for hello_world_dag to None, run_after=None
[2025-01-26T16:22:21.822+0000] {processor.py:208} INFO - Processing /opt/airflow/dags/sample.py took 0.151 seconds
[2025-01-26T16:23:21.076+0000] {processor.py:186} INFO - Started process (PID=239) to work on /opt/airflow/dags/sample.py
[2025-01-26T16:23:21.081+0000] {processor.py:914} INFO - Processing file /opt/airflow/dags/sample.py for tasks to queue
[2025-01-26T16:23:21.095+0000] {logging_mixin.py:190} INFO - [2025-01-26T16:23:21.093+0000] {dagbag.py:588} INFO - Filling up the DagBag from /opt/airflow/dags/sample.py
[2025-01-26T16:23:21.167+0000] {processor.py:925} INFO - DAG(s) 'hello_world_dag' retrieved from /opt/airflow/dags/sample.py
[2025-01-26T16:23:21.334+0000] {logging_mixin.py:190} INFO - [2025-01-26T16:23:21.331+0000] {dag.py:3239} INFO - Sync 1 DAGs
[2025-01-26T16:23:21.506+0000] {logging_mixin.py:190} INFO - [2025-01-26T16:23:21.502+0000] {dag.py:4180} INFO - Setting next_dagrun for hello_world_dag to None, run_after=None
[2025-01-26T16:23:21.699+0000] {processor.py:208} INFO - Processing /opt/airflow/dags/sample.py took 0.659 seconds
[2025-01-26T16:23:52.503+0000] {processor.py:186} INFO - Started process (PID=243) to work on /opt/airflow/dags/sample.py
[2025-01-26T16:23:52.504+0000] {processor.py:914} INFO - Processing file /opt/airflow/dags/sample.py for tasks to queue
[2025-01-26T16:23:52.507+0000] {logging_mixin.py:190} INFO - [2025-01-26T16:23:52.506+0000] {dagbag.py:588} INFO - Filling up the DagBag from /opt/airflow/dags/sample.py
[2025-01-26T16:23:52.522+0000] {processor.py:925} INFO - DAG(s) 'hello_world_dag' retrieved from /opt/airflow/dags/sample.py
[2025-01-26T16:23:52.553+0000] {logging_mixin.py:190} INFO - [2025-01-26T16:23:52.553+0000] {dag.py:3239} INFO - Sync 1 DAGs
[2025-01-26T16:23:52.569+0000] {logging_mixin.py:190} INFO - [2025-01-26T16:23:52.569+0000] {dag.py:4180} INFO - Setting next_dagrun for hello_world_dag to None, run_after=None
[2025-01-26T16:23:52.618+0000] {processor.py:208} INFO - Processing /opt/airflow/dags/sample.py took 0.122 seconds
[2025-01-26T16:24:23.241+0000] {processor.py:186} INFO - Started process (PID=247) to work on /opt/airflow/dags/sample.py
[2025-01-26T16:24:23.242+0000] {processor.py:914} INFO - Processing file /opt/airflow/dags/sample.py for tasks to queue
[2025-01-26T16:24:23.245+0000] {logging_mixin.py:190} INFO - [2025-01-26T16:24:23.245+0000] {dagbag.py:588} INFO - Filling up the DagBag from /opt/airflow/dags/sample.py
[2025-01-26T16:24:23.262+0000] {processor.py:925} INFO - DAG(s) 'hello_world_dag' retrieved from /opt/airflow/dags/sample.py
[2025-01-26T16:24:23.293+0000] {logging_mixin.py:190} INFO - [2025-01-26T16:24:23.293+0000] {dag.py:3239} INFO - Sync 1 DAGs
[2025-01-26T16:24:23.311+0000] {logging_mixin.py:190} INFO - [2025-01-26T16:24:23.310+0000] {dag.py:4180} INFO - Setting next_dagrun for hello_world_dag to None, run_after=None
[2025-01-26T16:24:23.359+0000] {processor.py:208} INFO - Processing /opt/airflow/dags/sample.py took 0.126 seconds
[2025-01-26T16:24:53.911+0000] {processor.py:186} INFO - Started process (PID=251) to work on /opt/airflow/dags/sample.py
[2025-01-26T16:24:53.913+0000] {processor.py:914} INFO - Processing file /opt/airflow/dags/sample.py for tasks to queue
[2025-01-26T16:24:53.916+0000] {logging_mixin.py:190} INFO - [2025-01-26T16:24:53.915+0000] {dagbag.py:588} INFO - Filling up the DagBag from /opt/airflow/dags/sample.py
[2025-01-26T16:24:53.931+0000] {processor.py:925} INFO - DAG(s) 'hello_world_dag' retrieved from /opt/airflow/dags/sample.py
[2025-01-26T16:24:53.974+0000] {logging_mixin.py:190} INFO - [2025-01-26T16:24:53.973+0000] {dag.py:3239} INFO - Sync 1 DAGs
[2025-01-26T16:24:53.993+0000] {logging_mixin.py:190} INFO - [2025-01-26T16:24:53.993+0000] {dag.py:4180} INFO - Setting next_dagrun for hello_world_dag to None, run_after=None
[2025-01-26T16:24:54.059+0000] {processor.py:208} INFO - Processing /opt/airflow/dags/sample.py took 0.155 seconds
[2025-01-26T16:25:24.412+0000] {processor.py:186} INFO - Started process (PID=255) to work on /opt/airflow/dags/sample.py
[2025-01-26T16:25:24.413+0000] {processor.py:914} INFO - Processing file /opt/airflow/dags/sample.py for tasks to queue
[2025-01-26T16:25:24.416+0000] {logging_mixin.py:190} INFO - [2025-01-26T16:25:24.416+0000] {dagbag.py:588} INFO - Filling up the DagBag from /opt/airflow/dags/sample.py
[2025-01-26T16:25:24.432+0000] {processor.py:925} INFO - DAG(s) 'hello_world_dag' retrieved from /opt/airflow/dags/sample.py
[2025-01-26T16:25:24.463+0000] {logging_mixin.py:190} INFO - [2025-01-26T16:25:24.463+0000] {dag.py:3239} INFO - Sync 1 DAGs
[2025-01-26T16:25:24.479+0000] {logging_mixin.py:190} INFO - [2025-01-26T16:25:24.479+0000] {dag.py:4180} INFO - Setting next_dagrun for hello_world_dag to None, run_after=None
[2025-01-26T16:25:24.520+0000] {processor.py:208} INFO - Processing /opt/airflow/dags/sample.py took 0.114 seconds
[2025-01-26T16:25:54.957+0000] {processor.py:186} INFO - Started process (PID=259) to work on /opt/airflow/dags/sample.py
[2025-01-26T16:25:54.958+0000] {processor.py:914} INFO - Processing file /opt/airflow/dags/sample.py for tasks to queue
[2025-01-26T16:25:54.961+0000] {logging_mixin.py:190} INFO - [2025-01-26T16:25:54.961+0000] {dagbag.py:588} INFO - Filling up the DagBag from /opt/airflow/dags/sample.py
[2025-01-26T16:25:54.977+0000] {processor.py:925} INFO - DAG(s) 'hello_world_dag' retrieved from /opt/airflow/dags/sample.py
[2025-01-26T16:25:55.008+0000] {logging_mixin.py:190} INFO - [2025-01-26T16:25:55.007+0000] {dag.py:3239} INFO - Sync 1 DAGs
[2025-01-26T16:25:55.023+0000] {logging_mixin.py:190} INFO - [2025-01-26T16:25:55.023+0000] {dag.py:4180} INFO - Setting next_dagrun for hello_world_dag to None, run_after=None
[2025-01-26T16:25:55.064+0000] {processor.py:208} INFO - Processing /opt/airflow/dags/sample.py took 0.115 seconds
[2025-01-26T16:27:22.643+0000] {processor.py:186} INFO - Started process (PID=270) to work on /opt/airflow/dags/sample.py
[2025-01-26T16:27:22.644+0000] {processor.py:914} INFO - Processing file /opt/airflow/dags/sample.py for tasks to queue
[2025-01-26T16:27:22.648+0000] {logging_mixin.py:190} INFO - [2025-01-26T16:27:22.647+0000] {dagbag.py:588} INFO - Filling up the DagBag from /opt/airflow/dags/sample.py
[2025-01-26T16:27:22.663+0000] {processor.py:925} INFO - DAG(s) 'hello_world_dag' retrieved from /opt/airflow/dags/sample.py
[2025-01-26T16:27:22.695+0000] {logging_mixin.py:190} INFO - [2025-01-26T16:27:22.694+0000] {dag.py:3239} INFO - Sync 1 DAGs
[2025-01-26T16:27:22.710+0000] {logging_mixin.py:190} INFO - [2025-01-26T16:27:22.709+0000] {dag.py:4180} INFO - Setting next_dagrun for hello_world_dag to None, run_after=None
[2025-01-26T16:27:22.754+0000] {processor.py:208} INFO - Processing /opt/airflow/dags/sample.py took 0.122 seconds
[2025-01-26T16:28:22.530+0000] {processor.py:186} INFO - Started process (PID=274) to work on /opt/airflow/dags/sample.py
[2025-01-26T16:28:22.535+0000] {processor.py:914} INFO - Processing file /opt/airflow/dags/sample.py for tasks to queue
[2025-01-26T16:28:22.546+0000] {logging_mixin.py:190} INFO - [2025-01-26T16:28:22.543+0000] {dagbag.py:588} INFO - Filling up the DagBag from /opt/airflow/dags/sample.py
[2025-01-26T16:28:22.602+0000] {processor.py:925} INFO - DAG(s) 'hello_world_dag' retrieved from /opt/airflow/dags/sample.py
[2025-01-26T16:28:22.727+0000] {logging_mixin.py:190} INFO - [2025-01-26T16:28:22.725+0000] {dag.py:3239} INFO - Sync 1 DAGs
[2025-01-26T16:28:22.827+0000] {logging_mixin.py:190} INFO - [2025-01-26T16:28:22.825+0000] {dag.py:4180} INFO - Setting next_dagrun for hello_world_dag to None, run_after=None
[2025-01-26T16:28:23.030+0000] {processor.py:208} INFO - Processing /opt/airflow/dags/sample.py took 0.530 seconds
[2025-01-26T16:31:22.736+0000] {processor.py:186} INFO - Started process (PID=281) to work on /opt/airflow/dags/sample.py
[2025-01-26T16:31:22.744+0000] {processor.py:914} INFO - Processing file /opt/airflow/dags/sample.py for tasks to queue
[2025-01-26T16:31:22.747+0000] {logging_mixin.py:190} INFO - [2025-01-26T16:31:22.746+0000] {dagbag.py:588} INFO - Filling up the DagBag from /opt/airflow/dags/sample.py
[2025-01-26T16:31:22.766+0000] {processor.py:925} INFO - DAG(s) 'hello_world_dag' retrieved from /opt/airflow/dags/sample.py
[2025-01-26T16:31:22.805+0000] {logging_mixin.py:190} INFO - [2025-01-26T16:31:22.804+0000] {dag.py:3239} INFO - Sync 1 DAGs
[2025-01-26T16:31:22.833+0000] {logging_mixin.py:190} INFO - [2025-01-26T16:31:22.832+0000] {dag.py:4180} INFO - Setting next_dagrun for hello_world_dag to None, run_after=None
[2025-01-26T16:31:22.894+0000] {processor.py:208} INFO - Processing /opt/airflow/dags/sample.py took 0.165 seconds
[2025-01-26T16:31:53.005+0000] {processor.py:186} INFO - Started process (PID=285) to work on /opt/airflow/dags/sample.py
[2025-01-26T16:31:53.006+0000] {processor.py:914} INFO - Processing file /opt/airflow/dags/sample.py for tasks to queue
[2025-01-26T16:31:53.011+0000] {logging_mixin.py:190} INFO - [2025-01-26T16:31:53.010+0000] {dagbag.py:588} INFO - Filling up the DagBag from /opt/airflow/dags/sample.py
[2025-01-26T16:31:53.026+0000] {processor.py:925} INFO - DAG(s) 'hello_world_dag' retrieved from /opt/airflow/dags/sample.py
[2025-01-26T16:31:53.057+0000] {logging_mixin.py:190} INFO - [2025-01-26T16:31:53.057+0000] {dag.py:3239} INFO - Sync 1 DAGs
[2025-01-26T16:31:53.073+0000] {logging_mixin.py:190} INFO - [2025-01-26T16:31:53.072+0000] {dag.py:4180} INFO - Setting next_dagrun for hello_world_dag to None, run_after=None
[2025-01-26T16:31:53.119+0000] {processor.py:208} INFO - Processing /opt/airflow/dags/sample.py took 0.122 seconds
[2025-01-26T16:32:23.834+0000] {processor.py:186} INFO - Started process (PID=289) to work on /opt/airflow/dags/sample.py
[2025-01-26T16:32:23.835+0000] {processor.py:914} INFO - Processing file /opt/airflow/dags/sample.py for tasks to queue
[2025-01-26T16:32:23.839+0000] {logging_mixin.py:190} INFO - [2025-01-26T16:32:23.839+0000] {dagbag.py:588} INFO - Filling up the DagBag from /opt/airflow/dags/sample.py
[2025-01-26T16:32:23.856+0000] {processor.py:925} INFO - DAG(s) 'hello_world_dag' retrieved from /opt/airflow/dags/sample.py
[2025-01-26T16:32:23.890+0000] {logging_mixin.py:190} INFO - [2025-01-26T16:32:23.890+0000] {dag.py:3239} INFO - Sync 1 DAGs
[2025-01-26T16:32:23.907+0000] {logging_mixin.py:190} INFO - [2025-01-26T16:32:23.906+0000] {dag.py:4180} INFO - Setting next_dagrun for hello_world_dag to None, run_after=None
[2025-01-26T16:32:23.956+0000] {processor.py:208} INFO - Processing /opt/airflow/dags/sample.py took 0.130 seconds
[2025-01-26T16:32:54.603+0000] {processor.py:186} INFO - Started process (PID=293) to work on /opt/airflow/dags/sample.py
[2025-01-26T16:32:54.605+0000] {processor.py:914} INFO - Processing file /opt/airflow/dags/sample.py for tasks to queue
[2025-01-26T16:32:54.608+0000] {logging_mixin.py:190} INFO - [2025-01-26T16:32:54.607+0000] {dagbag.py:588} INFO - Filling up the DagBag from /opt/airflow/dags/sample.py
[2025-01-26T16:32:54.626+0000] {processor.py:925} INFO - DAG(s) 'hello_world_dag' retrieved from /opt/airflow/dags/sample.py
[2025-01-26T16:32:54.663+0000] {logging_mixin.py:190} INFO - [2025-01-26T16:32:54.663+0000] {dag.py:3239} INFO - Sync 1 DAGs
[2025-01-26T16:32:54.682+0000] {logging_mixin.py:190} INFO - [2025-01-26T16:32:54.681+0000] {dag.py:4180} INFO - Setting next_dagrun for hello_world_dag to None, run_after=None
[2025-01-26T16:32:54.735+0000] {processor.py:208} INFO - Processing /opt/airflow/dags/sample.py took 0.140 seconds
[2025-01-26T16:33:25.568+0000] {processor.py:186} INFO - Started process (PID=297) to work on /opt/airflow/dags/sample.py
[2025-01-26T16:33:25.570+0000] {processor.py:914} INFO - Processing file /opt/airflow/dags/sample.py for tasks to queue
[2025-01-26T16:33:25.574+0000] {logging_mixin.py:190} INFO - [2025-01-26T16:33:25.574+0000] {dagbag.py:588} INFO - Filling up the DagBag from /opt/airflow/dags/sample.py
[2025-01-26T16:33:25.591+0000] {processor.py:925} INFO - DAG(s) 'hello_world_dag' retrieved from /opt/airflow/dags/sample.py
[2025-01-26T16:33:25.624+0000] {logging_mixin.py:190} INFO - [2025-01-26T16:33:25.624+0000] {dag.py:3239} INFO - Sync 1 DAGs
[2025-01-26T16:33:25.641+0000] {logging_mixin.py:190} INFO - [2025-01-26T16:33:25.641+0000] {dag.py:4180} INFO - Setting next_dagrun for hello_world_dag to None, run_after=None
[2025-01-26T16:33:25.714+0000] {processor.py:208} INFO - Processing /opt/airflow/dags/sample.py took 0.152 seconds
[2025-01-26T16:33:56.400+0000] {processor.py:186} INFO - Started process (PID=301) to work on /opt/airflow/dags/sample.py
[2025-01-26T16:33:56.401+0000] {processor.py:914} INFO - Processing file /opt/airflow/dags/sample.py for tasks to queue
[2025-01-26T16:33:56.404+0000] {logging_mixin.py:190} INFO - [2025-01-26T16:33:56.404+0000] {dagbag.py:588} INFO - Filling up the DagBag from /opt/airflow/dags/sample.py
[2025-01-26T16:33:56.423+0000] {processor.py:925} INFO - DAG(s) 'hello_world_dag' retrieved from /opt/airflow/dags/sample.py
[2025-01-26T16:33:56.463+0000] {logging_mixin.py:190} INFO - [2025-01-26T16:33:56.463+0000] {dag.py:3239} INFO - Sync 1 DAGs
[2025-01-26T16:33:56.482+0000] {logging_mixin.py:190} INFO - [2025-01-26T16:33:56.482+0000] {dag.py:4180} INFO - Setting next_dagrun for hello_world_dag to None, run_after=None
[2025-01-26T16:33:56.535+0000] {processor.py:208} INFO - Processing /opt/airflow/dags/sample.py took 0.143 seconds
[2025-01-26T16:34:27.232+0000] {processor.py:186} INFO - Started process (PID=305) to work on /opt/airflow/dags/sample.py
[2025-01-26T16:34:27.233+0000] {processor.py:914} INFO - Processing file /opt/airflow/dags/sample.py for tasks to queue
[2025-01-26T16:34:27.236+0000] {logging_mixin.py:190} INFO - [2025-01-26T16:34:27.236+0000] {dagbag.py:588} INFO - Filling up the DagBag from /opt/airflow/dags/sample.py
[2025-01-26T16:34:27.251+0000] {processor.py:925} INFO - DAG(s) 'hello_world_dag' retrieved from /opt/airflow/dags/sample.py
[2025-01-26T16:34:27.286+0000] {logging_mixin.py:190} INFO - [2025-01-26T16:34:27.285+0000] {dag.py:3239} INFO - Sync 1 DAGs
[2025-01-26T16:34:27.300+0000] {logging_mixin.py:190} INFO - [2025-01-26T16:34:27.300+0000] {dag.py:4180} INFO - Setting next_dagrun for hello_world_dag to None, run_after=None
[2025-01-26T16:34:27.346+0000] {processor.py:208} INFO - Processing /opt/airflow/dags/sample.py took 0.120 seconds
[2025-01-26T16:34:57.901+0000] {processor.py:186} INFO - Started process (PID=309) to work on /opt/airflow/dags/sample.py
[2025-01-26T16:34:57.903+0000] {processor.py:914} INFO - Processing file /opt/airflow/dags/sample.py for tasks to queue
[2025-01-26T16:34:57.906+0000] {logging_mixin.py:190} INFO - [2025-01-26T16:34:57.905+0000] {dagbag.py:588} INFO - Filling up the DagBag from /opt/airflow/dags/sample.py
[2025-01-26T16:34:57.923+0000] {processor.py:925} INFO - DAG(s) 'hello_world_dag' retrieved from /opt/airflow/dags/sample.py
[2025-01-26T16:34:57.961+0000] {logging_mixin.py:190} INFO - [2025-01-26T16:34:57.960+0000] {dag.py:3239} INFO - Sync 1 DAGs
[2025-01-26T16:34:57.977+0000] {logging_mixin.py:190} INFO - [2025-01-26T16:34:57.977+0000] {dag.py:4180} INFO - Setting next_dagrun for hello_world_dag to None, run_after=None
[2025-01-26T16:34:58.029+0000] {processor.py:208} INFO - Processing /opt/airflow/dags/sample.py took 0.135 seconds
[2025-01-26T16:35:28.382+0000] {processor.py:186} INFO - Started process (PID=313) to work on /opt/airflow/dags/sample.py
[2025-01-26T16:35:28.383+0000] {processor.py:914} INFO - Processing file /opt/airflow/dags/sample.py for tasks to queue
[2025-01-26T16:35:28.386+0000] {logging_mixin.py:190} INFO - [2025-01-26T16:35:28.386+0000] {dagbag.py:588} INFO - Filling up the DagBag from /opt/airflow/dags/sample.py
[2025-01-26T16:35:28.401+0000] {processor.py:925} INFO - DAG(s) 'hello_world_dag' retrieved from /opt/airflow/dags/sample.py
[2025-01-26T16:35:28.431+0000] {logging_mixin.py:190} INFO - [2025-01-26T16:35:28.431+0000] {dag.py:3239} INFO - Sync 1 DAGs
[2025-01-26T16:35:28.444+0000] {logging_mixin.py:190} INFO - [2025-01-26T16:35:28.444+0000] {dag.py:4180} INFO - Setting next_dagrun for hello_world_dag to None, run_after=None
[2025-01-26T16:35:28.485+0000] {processor.py:208} INFO - Processing /opt/airflow/dags/sample.py took 0.109 seconds
[2025-01-26T16:35:58.860+0000] {processor.py:186} INFO - Started process (PID=317) to work on /opt/airflow/dags/sample.py
[2025-01-26T16:35:58.862+0000] {processor.py:914} INFO - Processing file /opt/airflow/dags/sample.py for tasks to queue
[2025-01-26T16:35:58.866+0000] {logging_mixin.py:190} INFO - [2025-01-26T16:35:58.865+0000] {dagbag.py:588} INFO - Filling up the DagBag from /opt/airflow/dags/sample.py
[2025-01-26T16:35:58.885+0000] {processor.py:925} INFO - DAG(s) 'hello_world_dag' retrieved from /opt/airflow/dags/sample.py
[2025-01-26T16:35:58.924+0000] {logging_mixin.py:190} INFO - [2025-01-26T16:35:58.923+0000] {dag.py:3239} INFO - Sync 1 DAGs
[2025-01-26T16:35:58.944+0000] {logging_mixin.py:190} INFO - [2025-01-26T16:35:58.944+0000] {dag.py:4180} INFO - Setting next_dagrun for hello_world_dag to None, run_after=None
[2025-01-26T16:35:59.005+0000] {processor.py:208} INFO - Processing /opt/airflow/dags/sample.py took 0.151 seconds
[2025-01-26T16:36:29.370+0000] {processor.py:186} INFO - Started process (PID=321) to work on /opt/airflow/dags/sample.py
[2025-01-26T16:36:29.371+0000] {processor.py:914} INFO - Processing file /opt/airflow/dags/sample.py for tasks to queue
[2025-01-26T16:36:29.375+0000] {logging_mixin.py:190} INFO - [2025-01-26T16:36:29.375+0000] {dagbag.py:588} INFO - Filling up the DagBag from /opt/airflow/dags/sample.py
[2025-01-26T16:36:29.396+0000] {processor.py:925} INFO - DAG(s) 'hello_world_dag' retrieved from /opt/airflow/dags/sample.py
[2025-01-26T16:36:29.437+0000] {logging_mixin.py:190} INFO - [2025-01-26T16:36:29.436+0000] {dag.py:3239} INFO - Sync 1 DAGs
[2025-01-26T16:36:29.458+0000] {logging_mixin.py:190} INFO - [2025-01-26T16:36:29.458+0000] {dag.py:4180} INFO - Setting next_dagrun for hello_world_dag to None, run_after=None
[2025-01-26T16:36:29.513+0000] {processor.py:208} INFO - Processing /opt/airflow/dags/sample.py took 0.152 seconds
[2025-01-26T16:36:59.791+0000] {processor.py:186} INFO - Started process (PID=325) to work on /opt/airflow/dags/sample.py
[2025-01-26T16:36:59.793+0000] {processor.py:914} INFO - Processing file /opt/airflow/dags/sample.py for tasks to queue
[2025-01-26T16:36:59.797+0000] {logging_mixin.py:190} INFO - [2025-01-26T16:36:59.797+0000] {dagbag.py:588} INFO - Filling up the DagBag from /opt/airflow/dags/sample.py
[2025-01-26T16:36:59.816+0000] {processor.py:925} INFO - DAG(s) 'hello_world_dag' retrieved from /opt/airflow/dags/sample.py
[2025-01-26T16:36:59.864+0000] {logging_mixin.py:190} INFO - [2025-01-26T16:36:59.864+0000] {dag.py:3239} INFO - Sync 1 DAGs
[2025-01-26T16:36:59.883+0000] {logging_mixin.py:190} INFO - [2025-01-26T16:36:59.883+0000] {dag.py:4180} INFO - Setting next_dagrun for hello_world_dag to None, run_after=None
[2025-01-26T16:36:59.927+0000] {processor.py:208} INFO - Processing /opt/airflow/dags/sample.py took 0.144 seconds
[2025-01-26T16:37:30.322+0000] {processor.py:186} INFO - Started process (PID=329) to work on /opt/airflow/dags/sample.py
[2025-01-26T16:37:30.324+0000] {processor.py:914} INFO - Processing file /opt/airflow/dags/sample.py for tasks to queue
[2025-01-26T16:37:30.327+0000] {logging_mixin.py:190} INFO - [2025-01-26T16:37:30.327+0000] {dagbag.py:588} INFO - Filling up the DagBag from /opt/airflow/dags/sample.py
[2025-01-26T16:37:30.347+0000] {processor.py:925} INFO - DAG(s) 'hello_world_dag' retrieved from /opt/airflow/dags/sample.py
[2025-01-26T16:37:30.398+0000] {logging_mixin.py:190} INFO - [2025-01-26T16:37:30.398+0000] {dag.py:3239} INFO - Sync 1 DAGs
[2025-01-26T16:37:30.421+0000] {logging_mixin.py:190} INFO - [2025-01-26T16:37:30.421+0000] {dag.py:4180} INFO - Setting next_dagrun for hello_world_dag to None, run_after=None
[2025-01-26T16:37:30.474+0000] {processor.py:208} INFO - Processing /opt/airflow/dags/sample.py took 0.164 seconds
[2025-01-26T16:38:00.601+0000] {processor.py:186} INFO - Started process (PID=333) to work on /opt/airflow/dags/sample.py
[2025-01-26T16:38:00.604+0000] {processor.py:914} INFO - Processing file /opt/airflow/dags/sample.py for tasks to queue
[2025-01-26T16:38:00.614+0000] {logging_mixin.py:190} INFO - [2025-01-26T16:38:00.614+0000] {dagbag.py:588} INFO - Filling up the DagBag from /opt/airflow/dags/sample.py
[2025-01-26T16:38:00.648+0000] {processor.py:925} INFO - DAG(s) 'hello_world_dag' retrieved from /opt/airflow/dags/sample.py
[2025-01-26T16:38:00.703+0000] {logging_mixin.py:190} INFO - [2025-01-26T16:38:00.702+0000] {dag.py:3239} INFO - Sync 1 DAGs
[2025-01-26T16:38:00.732+0000] {logging_mixin.py:190} INFO - [2025-01-26T16:38:00.731+0000] {dag.py:4180} INFO - Setting next_dagrun for hello_world_dag to None, run_after=None
[2025-01-26T16:38:00.843+0000] {processor.py:208} INFO - Processing /opt/airflow/dags/sample.py took 0.253 seconds
[2025-01-26T16:38:31.127+0000] {processor.py:186} INFO - Started process (PID=337) to work on /opt/airflow/dags/sample.py
[2025-01-26T16:38:31.128+0000] {processor.py:914} INFO - Processing file /opt/airflow/dags/sample.py for tasks to queue
[2025-01-26T16:38:31.130+0000] {logging_mixin.py:190} INFO - [2025-01-26T16:38:31.130+0000] {dagbag.py:588} INFO - Filling up the DagBag from /opt/airflow/dags/sample.py
[2025-01-26T16:38:31.147+0000] {processor.py:925} INFO - DAG(s) 'hello_world_dag' retrieved from /opt/airflow/dags/sample.py
[2025-01-26T16:38:31.177+0000] {logging_mixin.py:190} INFO - [2025-01-26T16:38:31.177+0000] {dag.py:3239} INFO - Sync 1 DAGs
[2025-01-26T16:38:31.191+0000] {logging_mixin.py:190} INFO - [2025-01-26T16:38:31.191+0000] {dag.py:4180} INFO - Setting next_dagrun for hello_world_dag to None, run_after=None
[2025-01-26T16:38:31.230+0000] {processor.py:208} INFO - Processing /opt/airflow/dags/sample.py took 0.111 seconds
[2025-01-26T16:39:52.047+0000] {processor.py:186} INFO - Started process (PID=496) to work on /opt/airflow/dags/sample.py
[2025-01-26T16:39:52.049+0000] {processor.py:914} INFO - Processing file /opt/airflow/dags/sample.py for tasks to queue
[2025-01-26T16:39:52.057+0000] {logging_mixin.py:190} INFO - [2025-01-26T16:39:52.056+0000] {dagbag.py:588} INFO - Filling up the DagBag from /opt/airflow/dags/sample.py
[2025-01-26T16:39:52.078+0000] {processor.py:925} INFO - DAG(s) 'hello_world_dag' retrieved from /opt/airflow/dags/sample.py
[2025-01-26T16:39:52.132+0000] {logging_mixin.py:190} INFO - [2025-01-26T16:39:52.131+0000] {dag.py:3239} INFO - Sync 1 DAGs
[2025-01-26T16:39:52.157+0000] {logging_mixin.py:190} INFO - [2025-01-26T16:39:52.156+0000] {dag.py:4180} INFO - Setting next_dagrun for hello_world_dag to None, run_after=None
[2025-01-26T16:39:52.206+0000] {processor.py:208} INFO - Processing /opt/airflow/dags/sample.py took 0.167 seconds
[2025-01-26T16:40:43.025+0000] {processor.py:186} INFO - Started process (PID=612) to work on /opt/airflow/dags/sample.py
[2025-01-26T16:40:43.026+0000] {processor.py:914} INFO - Processing file /opt/airflow/dags/sample.py for tasks to queue
[2025-01-26T16:40:43.031+0000] {logging_mixin.py:190} INFO - [2025-01-26T16:40:43.030+0000] {dagbag.py:588} INFO - Filling up the DagBag from /opt/airflow/dags/sample.py
[2025-01-26T16:40:43.054+0000] {processor.py:925} INFO - DAG(s) 'hello_world_dag' retrieved from /opt/airflow/dags/sample.py
[2025-01-26T16:40:43.103+0000] {logging_mixin.py:190} INFO - [2025-01-26T16:40:43.103+0000] {dag.py:3239} INFO - Sync 1 DAGs
[2025-01-26T16:40:43.131+0000] {logging_mixin.py:190} INFO - [2025-01-26T16:40:43.130+0000] {dag.py:4180} INFO - Setting next_dagrun for hello_world_dag to None, run_after=None
[2025-01-26T16:40:43.192+0000] {processor.py:208} INFO - Processing /opt/airflow/dags/sample.py took 0.174 seconds
[2025-01-26T16:42:18.489+0000] {processor.py:186} INFO - Started process (PID=147) to work on /opt/airflow/dags/sample.py
[2025-01-26T16:42:18.491+0000] {processor.py:914} INFO - Processing file /opt/airflow/dags/sample.py for tasks to queue
[2025-01-26T16:42:18.495+0000] {logging_mixin.py:190} INFO - [2025-01-26T16:42:18.494+0000] {dagbag.py:588} INFO - Filling up the DagBag from /opt/airflow/dags/sample.py
[2025-01-26T16:42:18.526+0000] {processor.py:925} INFO - DAG(s) 'hello_world_dag' retrieved from /opt/airflow/dags/sample.py
[2025-01-26T16:42:18.576+0000] {logging_mixin.py:190} INFO - [2025-01-26T16:42:18.576+0000] {dag.py:3239} INFO - Sync 1 DAGs
[2025-01-26T16:42:18.608+0000] {logging_mixin.py:190} INFO - [2025-01-26T16:42:18.608+0000] {dag.py:4180} INFO - Setting next_dagrun for hello_world_dag to None, run_after=None
[2025-01-26T16:42:18.691+0000] {processor.py:208} INFO - Processing /opt/airflow/dags/sample.py took 0.215 seconds
[2025-01-26T16:42:49.037+0000] {processor.py:186} INFO - Started process (PID=153) to work on /opt/airflow/dags/sample.py
[2025-01-26T16:42:49.039+0000] {processor.py:914} INFO - Processing file /opt/airflow/dags/sample.py for tasks to queue
[2025-01-26T16:42:49.043+0000] {logging_mixin.py:190} INFO - [2025-01-26T16:42:49.042+0000] {dagbag.py:588} INFO - Filling up the DagBag from /opt/airflow/dags/sample.py
[2025-01-26T16:42:49.061+0000] {processor.py:925} INFO - DAG(s) 'hello_world_dag' retrieved from /opt/airflow/dags/sample.py
[2025-01-26T16:42:49.095+0000] {logging_mixin.py:190} INFO - [2025-01-26T16:42:49.095+0000] {dag.py:3239} INFO - Sync 1 DAGs
[2025-01-26T16:42:49.115+0000] {logging_mixin.py:190} INFO - [2025-01-26T16:42:49.114+0000] {dag.py:4180} INFO - Setting next_dagrun for hello_world_dag to None, run_after=None
[2025-01-26T16:42:49.159+0000] {processor.py:208} INFO - Processing /opt/airflow/dags/sample.py took 0.128 seconds
[2025-01-26T16:43:19.710+0000] {processor.py:186} INFO - Started process (PID=159) to work on /opt/airflow/dags/sample.py
[2025-01-26T16:43:19.712+0000] {processor.py:914} INFO - Processing file /opt/airflow/dags/sample.py for tasks to queue
[2025-01-26T16:43:19.716+0000] {logging_mixin.py:190} INFO - [2025-01-26T16:43:19.715+0000] {dagbag.py:588} INFO - Filling up the DagBag from /opt/airflow/dags/sample.py
[2025-01-26T16:43:19.737+0000] {processor.py:925} INFO - DAG(s) 'hello_world_dag' retrieved from /opt/airflow/dags/sample.py
[2025-01-26T16:43:19.776+0000] {logging_mixin.py:190} INFO - [2025-01-26T16:43:19.776+0000] {dag.py:3239} INFO - Sync 1 DAGs
[2025-01-26T16:43:19.795+0000] {logging_mixin.py:190} INFO - [2025-01-26T16:43:19.795+0000] {dag.py:4180} INFO - Setting next_dagrun for hello_world_dag to None, run_after=None
[2025-01-26T16:43:19.842+0000] {processor.py:208} INFO - Processing /opt/airflow/dags/sample.py took 0.138 seconds
[2025-01-26T16:44:16.912+0000] {processor.py:186} INFO - Started process (PID=226) to work on /opt/airflow/dags/sample.py
[2025-01-26T16:44:16.914+0000] {processor.py:914} INFO - Processing file /opt/airflow/dags/sample.py for tasks to queue
[2025-01-26T16:44:16.917+0000] {logging_mixin.py:190} INFO - [2025-01-26T16:44:16.917+0000] {dagbag.py:588} INFO - Filling up the DagBag from /opt/airflow/dags/sample.py
[2025-01-26T16:44:16.935+0000] {processor.py:925} INFO - DAG(s) 'hello_world_dag' retrieved from /opt/airflow/dags/sample.py
[2025-01-26T16:44:16.984+0000] {logging_mixin.py:190} INFO - [2025-01-26T16:44:16.983+0000] {dag.py:3239} INFO - Sync 1 DAGs
[2025-01-26T16:44:17.011+0000] {logging_mixin.py:190} INFO - [2025-01-26T16:44:17.010+0000] {dag.py:4180} INFO - Setting next_dagrun for hello_world_dag to None, run_after=None
[2025-01-26T16:44:17.072+0000] {processor.py:208} INFO - Processing /opt/airflow/dags/sample.py took 0.168 seconds
[2025-01-26T16:45:03.270+0000] {processor.py:186} INFO - Started process (PID=317) to work on /opt/airflow/dags/sample.py
[2025-01-26T16:45:03.271+0000] {processor.py:914} INFO - Processing file /opt/airflow/dags/sample.py for tasks to queue
[2025-01-26T16:45:03.274+0000] {logging_mixin.py:190} INFO - [2025-01-26T16:45:03.274+0000] {dagbag.py:588} INFO - Filling up the DagBag from /opt/airflow/dags/sample.py
[2025-01-26T16:45:03.290+0000] {processor.py:925} INFO - DAG(s) 'hello_world_dag' retrieved from /opt/airflow/dags/sample.py
[2025-01-26T16:45:03.323+0000] {logging_mixin.py:190} INFO - [2025-01-26T16:45:03.323+0000] {dag.py:3239} INFO - Sync 1 DAGs
[2025-01-26T16:45:03.340+0000] {logging_mixin.py:190} INFO - [2025-01-26T16:45:03.340+0000] {dag.py:4180} INFO - Setting next_dagrun for hello_world_dag to None, run_after=None
[2025-01-26T16:45:03.383+0000] {processor.py:208} INFO - Processing /opt/airflow/dags/sample.py took 0.120 seconds
[2025-01-26T16:45:39.435+0000] {processor.py:186} INFO - Started process (PID=347) to work on /opt/airflow/dags/sample.py
[2025-01-26T16:45:39.437+0000] {processor.py:914} INFO - Processing file /opt/airflow/dags/sample.py for tasks to queue
[2025-01-26T16:45:39.440+0000] {logging_mixin.py:190} INFO - [2025-01-26T16:45:39.440+0000] {dagbag.py:588} INFO - Filling up the DagBag from /opt/airflow/dags/sample.py
[2025-01-26T16:45:39.457+0000] {processor.py:925} INFO - DAG(s) 'hello_world_dag' retrieved from /opt/airflow/dags/sample.py
[2025-01-26T16:45:39.493+0000] {logging_mixin.py:190} INFO - [2025-01-26T16:45:39.493+0000] {dag.py:3239} INFO - Sync 1 DAGs
[2025-01-26T16:45:39.511+0000] {logging_mixin.py:190} INFO - [2025-01-26T16:45:39.511+0000] {dag.py:4180} INFO - Setting next_dagrun for hello_world_dag to None, run_after=None
[2025-01-26T16:45:39.648+0000] {processor.py:208} INFO - Processing /opt/airflow/dags/sample.py took 0.222 seconds
