[2025-01-26T13:15:06.296+0000] {processor.py:186} INFO - Started process (PID=79) to work on /opt/airflow/dags/weather_etl_dag.py
[2025-01-26T13:15:06.297+0000] {processor.py:914} INFO - Processing file /opt/airflow/dags/weather_etl_dag.py for tasks to queue
[2025-01-26T13:15:06.299+0000] {logging_mixin.py:190} INFO - [2025-01-26T13:15:06.299+0000] {dagbag.py:588} INFO - Filling up the DagBag from /opt/airflow/dags/weather_etl_dag.py
[2025-01-26T13:15:06.310+0000] {logging_mixin.py:190} INFO - [2025-01-26T13:15:06.307+0000] {dagbag.py:387} ERROR - Failed to import: /opt/airflow/dags/weather_etl_dag.py
Traceback (most recent call last):
  File "/home/airflow/.local/lib/python3.12/site-packages/airflow/models/dagbag.py", line 383, in parse
    loader.exec_module(new_module)
  File "<frozen importlib._bootstrap_external>", line 999, in exec_module
  File "<frozen importlib._bootstrap>", line 488, in _call_with_frames_removed
  File "/opt/airflow/dags/weather_etl_dag.py", line 11, in <module>
    from tasks.extract import extract_weather_data
ModuleNotFoundError: No module named 'tasks'
[2025-01-26T13:15:06.311+0000] {processor.py:927} WARNING - No viable dags retrieved from /opt/airflow/dags/weather_etl_dag.py
[2025-01-26T13:15:06.337+0000] {processor.py:208} INFO - Processing /opt/airflow/dags/weather_etl_dag.py took 0.047 seconds
[2025-01-26T13:15:37.867+0000] {processor.py:186} INFO - Started process (PID=83) to work on /opt/airflow/dags/weather_etl_dag.py
[2025-01-26T13:15:37.869+0000] {processor.py:914} INFO - Processing file /opt/airflow/dags/weather_etl_dag.py for tasks to queue
[2025-01-26T13:15:37.872+0000] {logging_mixin.py:190} INFO - [2025-01-26T13:15:37.872+0000] {dagbag.py:588} INFO - Filling up the DagBag from /opt/airflow/dags/weather_etl_dag.py
[2025-01-26T13:15:37.882+0000] {logging_mixin.py:190} INFO - [2025-01-26T13:15:37.880+0000] {dagbag.py:387} ERROR - Failed to import: /opt/airflow/dags/weather_etl_dag.py
Traceback (most recent call last):
  File "/home/airflow/.local/lib/python3.12/site-packages/airflow/models/dagbag.py", line 383, in parse
    loader.exec_module(new_module)
  File "<frozen importlib._bootstrap_external>", line 999, in exec_module
  File "<frozen importlib._bootstrap>", line 488, in _call_with_frames_removed
  File "/opt/airflow/dags/weather_etl_dag.py", line 11, in <module>
    from tasks.extract import extract_weather_data
ModuleNotFoundError: No module named 'tasks'
[2025-01-26T13:15:37.883+0000] {processor.py:927} WARNING - No viable dags retrieved from /opt/airflow/dags/weather_etl_dag.py
[2025-01-26T13:15:37.909+0000] {processor.py:208} INFO - Processing /opt/airflow/dags/weather_etl_dag.py took 0.051 seconds
[2025-01-26T13:16:08.226+0000] {processor.py:186} INFO - Started process (PID=87) to work on /opt/airflow/dags/weather_etl_dag.py
[2025-01-26T13:16:08.228+0000] {processor.py:914} INFO - Processing file /opt/airflow/dags/weather_etl_dag.py for tasks to queue
[2025-01-26T13:16:08.231+0000] {logging_mixin.py:190} INFO - [2025-01-26T13:16:08.230+0000] {dagbag.py:588} INFO - Filling up the DagBag from /opt/airflow/dags/weather_etl_dag.py
[2025-01-26T13:16:08.243+0000] {logging_mixin.py:190} INFO - [2025-01-26T13:16:08.241+0000] {dagbag.py:387} ERROR - Failed to import: /opt/airflow/dags/weather_etl_dag.py
Traceback (most recent call last):
  File "/home/airflow/.local/lib/python3.12/site-packages/airflow/models/dagbag.py", line 383, in parse
    loader.exec_module(new_module)
  File "<frozen importlib._bootstrap_external>", line 999, in exec_module
  File "<frozen importlib._bootstrap>", line 488, in _call_with_frames_removed
  File "/opt/airflow/dags/weather_etl_dag.py", line 11, in <module>
    from tasks.extract import extract_weather_data
ModuleNotFoundError: No module named 'tasks'
[2025-01-26T13:16:08.244+0000] {processor.py:927} WARNING - No viable dags retrieved from /opt/airflow/dags/weather_etl_dag.py
[2025-01-26T13:16:08.280+0000] {processor.py:208} INFO - Processing /opt/airflow/dags/weather_etl_dag.py took 0.062 seconds
[2025-01-26T13:16:38.619+0000] {processor.py:186} INFO - Started process (PID=91) to work on /opt/airflow/dags/weather_etl_dag.py
[2025-01-26T13:16:38.620+0000] {processor.py:914} INFO - Processing file /opt/airflow/dags/weather_etl_dag.py for tasks to queue
[2025-01-26T13:16:38.624+0000] {logging_mixin.py:190} INFO - [2025-01-26T13:16:38.624+0000] {dagbag.py:588} INFO - Filling up the DagBag from /opt/airflow/dags/weather_etl_dag.py
[2025-01-26T13:16:38.634+0000] {logging_mixin.py:190} INFO - [2025-01-26T13:16:38.633+0000] {dagbag.py:387} ERROR - Failed to import: /opt/airflow/dags/weather_etl_dag.py
Traceback (most recent call last):
  File "/home/airflow/.local/lib/python3.12/site-packages/airflow/models/dagbag.py", line 383, in parse
    loader.exec_module(new_module)
  File "<frozen importlib._bootstrap_external>", line 999, in exec_module
  File "<frozen importlib._bootstrap>", line 488, in _call_with_frames_removed
  File "/opt/airflow/dags/weather_etl_dag.py", line 11, in <module>
    from tasks.extract import extract_weather_data
ModuleNotFoundError: No module named 'tasks'
[2025-01-26T13:16:38.635+0000] {processor.py:927} WARNING - No viable dags retrieved from /opt/airflow/dags/weather_etl_dag.py
[2025-01-26T13:16:38.661+0000] {processor.py:208} INFO - Processing /opt/airflow/dags/weather_etl_dag.py took 0.050 seconds
[2025-01-26T13:17:09.020+0000] {processor.py:186} INFO - Started process (PID=95) to work on /opt/airflow/dags/weather_etl_dag.py
[2025-01-26T13:17:09.021+0000] {processor.py:914} INFO - Processing file /opt/airflow/dags/weather_etl_dag.py for tasks to queue
[2025-01-26T13:17:09.026+0000] {logging_mixin.py:190} INFO - [2025-01-26T13:17:09.025+0000] {dagbag.py:588} INFO - Filling up the DagBag from /opt/airflow/dags/weather_etl_dag.py
[2025-01-26T13:17:09.038+0000] {logging_mixin.py:190} INFO - [2025-01-26T13:17:09.035+0000] {dagbag.py:387} ERROR - Failed to import: /opt/airflow/dags/weather_etl_dag.py
Traceback (most recent call last):
  File "/home/airflow/.local/lib/python3.12/site-packages/airflow/models/dagbag.py", line 383, in parse
    loader.exec_module(new_module)
  File "<frozen importlib._bootstrap_external>", line 999, in exec_module
  File "<frozen importlib._bootstrap>", line 488, in _call_with_frames_removed
  File "/opt/airflow/dags/weather_etl_dag.py", line 11, in <module>
    from tasks.extract import extract_weather_data
ModuleNotFoundError: No module named 'tasks'
[2025-01-26T13:17:09.040+0000] {processor.py:927} WARNING - No viable dags retrieved from /opt/airflow/dags/weather_etl_dag.py
[2025-01-26T13:17:09.101+0000] {processor.py:208} INFO - Processing /opt/airflow/dags/weather_etl_dag.py took 0.089 seconds
[2025-01-26T13:17:33.644+0000] {processor.py:186} INFO - Started process (PID=67) to work on /opt/airflow/dags/weather_etl_dag.py
[2025-01-26T13:17:33.645+0000] {processor.py:914} INFO - Processing file /opt/airflow/dags/weather_etl_dag.py for tasks to queue
[2025-01-26T13:17:33.648+0000] {logging_mixin.py:190} INFO - [2025-01-26T13:17:33.648+0000] {dagbag.py:588} INFO - Filling up the DagBag from /opt/airflow/dags/weather_etl_dag.py
[2025-01-26T13:17:33.660+0000] {logging_mixin.py:190} INFO - [2025-01-26T13:17:33.657+0000] {dagbag.py:387} ERROR - Failed to import: /opt/airflow/dags/weather_etl_dag.py
Traceback (most recent call last):
  File "/home/airflow/.local/lib/python3.12/site-packages/airflow/models/dagbag.py", line 383, in parse
    loader.exec_module(new_module)
  File "<frozen importlib._bootstrap_external>", line 999, in exec_module
  File "<frozen importlib._bootstrap>", line 488, in _call_with_frames_removed
  File "/opt/airflow/dags/weather_etl_dag.py", line 11, in <module>
    from tasks.extract import extract_weather_data
ModuleNotFoundError: No module named 'tasks'
[2025-01-26T13:17:33.660+0000] {processor.py:927} WARNING - No viable dags retrieved from /opt/airflow/dags/weather_etl_dag.py
[2025-01-26T13:17:33.693+0000] {processor.py:208} INFO - Processing /opt/airflow/dags/weather_etl_dag.py took 0.055 seconds
[2025-01-26T13:18:04.891+0000] {processor.py:186} INFO - Started process (PID=82) to work on /opt/airflow/dags/weather_etl_dag.py
[2025-01-26T13:18:04.892+0000] {processor.py:914} INFO - Processing file /opt/airflow/dags/weather_etl_dag.py for tasks to queue
[2025-01-26T13:18:04.895+0000] {logging_mixin.py:190} INFO - [2025-01-26T13:18:04.895+0000] {dagbag.py:588} INFO - Filling up the DagBag from /opt/airflow/dags/weather_etl_dag.py
[2025-01-26T13:18:04.905+0000] {logging_mixin.py:190} INFO - [2025-01-26T13:18:04.903+0000] {dagbag.py:387} ERROR - Failed to import: /opt/airflow/dags/weather_etl_dag.py
Traceback (most recent call last):
  File "/home/airflow/.local/lib/python3.12/site-packages/airflow/models/dagbag.py", line 383, in parse
    loader.exec_module(new_module)
  File "<frozen importlib._bootstrap_external>", line 999, in exec_module
  File "<frozen importlib._bootstrap>", line 488, in _call_with_frames_removed
  File "/opt/airflow/dags/weather_etl_dag.py", line 11, in <module>
    from tasks.extract import extract_weather_data
ModuleNotFoundError: No module named 'tasks'
[2025-01-26T13:18:04.905+0000] {processor.py:927} WARNING - No viable dags retrieved from /opt/airflow/dags/weather_etl_dag.py
[2025-01-26T13:18:04.934+0000] {processor.py:208} INFO - Processing /opt/airflow/dags/weather_etl_dag.py took 0.049 seconds
[2025-01-26T13:18:35.569+0000] {processor.py:186} INFO - Started process (PID=86) to work on /opt/airflow/dags/weather_etl_dag.py
[2025-01-26T13:18:35.570+0000] {processor.py:914} INFO - Processing file /opt/airflow/dags/weather_etl_dag.py for tasks to queue
[2025-01-26T13:18:35.574+0000] {logging_mixin.py:190} INFO - [2025-01-26T13:18:35.573+0000] {dagbag.py:588} INFO - Filling up the DagBag from /opt/airflow/dags/weather_etl_dag.py
[2025-01-26T13:18:35.584+0000] {logging_mixin.py:190} INFO - [2025-01-26T13:18:35.582+0000] {dagbag.py:387} ERROR - Failed to import: /opt/airflow/dags/weather_etl_dag.py
Traceback (most recent call last):
  File "/home/airflow/.local/lib/python3.12/site-packages/airflow/models/dagbag.py", line 383, in parse
    loader.exec_module(new_module)
  File "<frozen importlib._bootstrap_external>", line 999, in exec_module
  File "<frozen importlib._bootstrap>", line 488, in _call_with_frames_removed
  File "/opt/airflow/dags/weather_etl_dag.py", line 11, in <module>
    from tasks.extract import extract_weather_data
ModuleNotFoundError: No module named 'tasks'
[2025-01-26T13:18:35.585+0000] {processor.py:927} WARNING - No viable dags retrieved from /opt/airflow/dags/weather_etl_dag.py
[2025-01-26T13:18:35.610+0000] {processor.py:208} INFO - Processing /opt/airflow/dags/weather_etl_dag.py took 0.048 seconds
[2025-01-26T13:19:06.383+0000] {processor.py:186} INFO - Started process (PID=90) to work on /opt/airflow/dags/weather_etl_dag.py
[2025-01-26T13:19:06.385+0000] {processor.py:914} INFO - Processing file /opt/airflow/dags/weather_etl_dag.py for tasks to queue
[2025-01-26T13:19:06.388+0000] {logging_mixin.py:190} INFO - [2025-01-26T13:19:06.387+0000] {dagbag.py:588} INFO - Filling up the DagBag from /opt/airflow/dags/weather_etl_dag.py
[2025-01-26T13:19:06.398+0000] {logging_mixin.py:190} INFO - [2025-01-26T13:19:06.396+0000] {dagbag.py:387} ERROR - Failed to import: /opt/airflow/dags/weather_etl_dag.py
Traceback (most recent call last):
  File "/home/airflow/.local/lib/python3.12/site-packages/airflow/models/dagbag.py", line 383, in parse
    loader.exec_module(new_module)
  File "<frozen importlib._bootstrap_external>", line 999, in exec_module
  File "<frozen importlib._bootstrap>", line 488, in _call_with_frames_removed
  File "/opt/airflow/dags/weather_etl_dag.py", line 11, in <module>
    from tasks.extract import extract_weather_data
ModuleNotFoundError: No module named 'tasks'
[2025-01-26T13:19:06.399+0000] {processor.py:927} WARNING - No viable dags retrieved from /opt/airflow/dags/weather_etl_dag.py
[2025-01-26T13:19:06.427+0000] {processor.py:208} INFO - Processing /opt/airflow/dags/weather_etl_dag.py took 0.052 seconds
[2025-01-26T13:19:37.000+0000] {processor.py:186} INFO - Started process (PID=94) to work on /opt/airflow/dags/weather_etl_dag.py
[2025-01-26T13:19:37.002+0000] {processor.py:914} INFO - Processing file /opt/airflow/dags/weather_etl_dag.py for tasks to queue
[2025-01-26T13:19:37.006+0000] {logging_mixin.py:190} INFO - [2025-01-26T13:19:37.006+0000] {dagbag.py:588} INFO - Filling up the DagBag from /opt/airflow/dags/weather_etl_dag.py
[2025-01-26T13:19:37.019+0000] {logging_mixin.py:190} INFO - [2025-01-26T13:19:37.016+0000] {dagbag.py:387} ERROR - Failed to import: /opt/airflow/dags/weather_etl_dag.py
Traceback (most recent call last):
  File "/home/airflow/.local/lib/python3.12/site-packages/airflow/models/dagbag.py", line 383, in parse
    loader.exec_module(new_module)
  File "<frozen importlib._bootstrap_external>", line 999, in exec_module
  File "<frozen importlib._bootstrap>", line 488, in _call_with_frames_removed
  File "/opt/airflow/dags/weather_etl_dag.py", line 11, in <module>
    from tasks.extract import extract_weather_data
ModuleNotFoundError: No module named 'tasks'
[2025-01-26T13:19:37.020+0000] {processor.py:927} WARNING - No viable dags retrieved from /opt/airflow/dags/weather_etl_dag.py
[2025-01-26T13:19:37.051+0000] {processor.py:208} INFO - Processing /opt/airflow/dags/weather_etl_dag.py took 0.057 seconds
[2025-01-26T13:20:07.661+0000] {processor.py:186} INFO - Started process (PID=98) to work on /opt/airflow/dags/weather_etl_dag.py
[2025-01-26T13:20:07.662+0000] {processor.py:914} INFO - Processing file /opt/airflow/dags/weather_etl_dag.py for tasks to queue
[2025-01-26T13:20:07.666+0000] {logging_mixin.py:190} INFO - [2025-01-26T13:20:07.665+0000] {dagbag.py:588} INFO - Filling up the DagBag from /opt/airflow/dags/weather_etl_dag.py
[2025-01-26T13:20:07.676+0000] {logging_mixin.py:190} INFO - [2025-01-26T13:20:07.674+0000] {dagbag.py:387} ERROR - Failed to import: /opt/airflow/dags/weather_etl_dag.py
Traceback (most recent call last):
  File "/home/airflow/.local/lib/python3.12/site-packages/airflow/models/dagbag.py", line 383, in parse
    loader.exec_module(new_module)
  File "<frozen importlib._bootstrap_external>", line 999, in exec_module
  File "<frozen importlib._bootstrap>", line 488, in _call_with_frames_removed
  File "/opt/airflow/dags/weather_etl_dag.py", line 11, in <module>
    from tasks.extract import extract_weather_data
ModuleNotFoundError: No module named 'tasks'
[2025-01-26T13:20:07.678+0000] {processor.py:927} WARNING - No viable dags retrieved from /opt/airflow/dags/weather_etl_dag.py
[2025-01-26T13:20:07.705+0000] {processor.py:208} INFO - Processing /opt/airflow/dags/weather_etl_dag.py took 0.052 seconds
[2025-01-26T13:35:36.259+0000] {processor.py:186} INFO - Started process (PID=103) to work on /opt/airflow/dags/weather_etl_dag.py
[2025-01-26T13:35:36.260+0000] {processor.py:914} INFO - Processing file /opt/airflow/dags/weather_etl_dag.py for tasks to queue
[2025-01-26T13:35:36.264+0000] {logging_mixin.py:190} INFO - [2025-01-26T13:35:36.264+0000] {dagbag.py:588} INFO - Filling up the DagBag from /opt/airflow/dags/weather_etl_dag.py
[2025-01-26T13:35:36.275+0000] {logging_mixin.py:190} INFO - [2025-01-26T13:35:36.273+0000] {dagbag.py:387} ERROR - Failed to import: /opt/airflow/dags/weather_etl_dag.py
Traceback (most recent call last):
  File "/home/airflow/.local/lib/python3.12/site-packages/airflow/models/dagbag.py", line 383, in parse
    loader.exec_module(new_module)
  File "<frozen importlib._bootstrap_external>", line 999, in exec_module
  File "<frozen importlib._bootstrap>", line 488, in _call_with_frames_removed
  File "/opt/airflow/dags/weather_etl_dag.py", line 11, in <module>
    from tasks.extract import extract_weather_data
ModuleNotFoundError: No module named 'tasks'
[2025-01-26T13:35:36.276+0000] {processor.py:927} WARNING - No viable dags retrieved from /opt/airflow/dags/weather_etl_dag.py
[2025-01-26T13:35:36.308+0000] {processor.py:208} INFO - Processing /opt/airflow/dags/weather_etl_dag.py took 0.056 seconds
[2025-01-26T13:51:32.353+0000] {processor.py:186} INFO - Started process (PID=113) to work on /opt/airflow/dags/weather_etl_dag.py
[2025-01-26T13:51:32.355+0000] {processor.py:914} INFO - Processing file /opt/airflow/dags/weather_etl_dag.py for tasks to queue
[2025-01-26T13:51:32.359+0000] {logging_mixin.py:190} INFO - [2025-01-26T13:51:32.358+0000] {dagbag.py:588} INFO - Filling up the DagBag from /opt/airflow/dags/weather_etl_dag.py
[2025-01-26T13:51:32.371+0000] {logging_mixin.py:190} INFO - [2025-01-26T13:51:32.368+0000] {dagbag.py:387} ERROR - Failed to import: /opt/airflow/dags/weather_etl_dag.py
Traceback (most recent call last):
  File "/home/airflow/.local/lib/python3.12/site-packages/airflow/models/dagbag.py", line 383, in parse
    loader.exec_module(new_module)
  File "<frozen importlib._bootstrap_external>", line 999, in exec_module
  File "<frozen importlib._bootstrap>", line 488, in _call_with_frames_removed
  File "/opt/airflow/dags/weather_etl_dag.py", line 11, in <module>
    from tasks.extract import extract_weather_data
ModuleNotFoundError: No module named 'tasks'
[2025-01-26T13:51:32.372+0000] {processor.py:927} WARNING - No viable dags retrieved from /opt/airflow/dags/weather_etl_dag.py
[2025-01-26T13:51:32.409+0000] {processor.py:208} INFO - Processing /opt/airflow/dags/weather_etl_dag.py took 0.062 seconds
[2025-01-26T14:07:21.016+0000] {processor.py:186} INFO - Started process (PID=122) to work on /opt/airflow/dags/weather_etl_dag.py
[2025-01-26T14:07:21.018+0000] {processor.py:914} INFO - Processing file /opt/airflow/dags/weather_etl_dag.py for tasks to queue
[2025-01-26T14:07:21.022+0000] {logging_mixin.py:190} INFO - [2025-01-26T14:07:21.021+0000] {dagbag.py:588} INFO - Filling up the DagBag from /opt/airflow/dags/weather_etl_dag.py
[2025-01-26T14:07:21.034+0000] {logging_mixin.py:190} INFO - [2025-01-26T14:07:21.031+0000] {dagbag.py:387} ERROR - Failed to import: /opt/airflow/dags/weather_etl_dag.py
Traceback (most recent call last):
  File "/home/airflow/.local/lib/python3.12/site-packages/airflow/models/dagbag.py", line 383, in parse
    loader.exec_module(new_module)
  File "<frozen importlib._bootstrap_external>", line 999, in exec_module
  File "<frozen importlib._bootstrap>", line 488, in _call_with_frames_removed
  File "/opt/airflow/dags/weather_etl_dag.py", line 11, in <module>
    from tasks.extract import extract_weather_data
ModuleNotFoundError: No module named 'tasks'
[2025-01-26T14:07:21.036+0000] {processor.py:927} WARNING - No viable dags retrieved from /opt/airflow/dags/weather_etl_dag.py
[2025-01-26T14:07:21.074+0000] {processor.py:208} INFO - Processing /opt/airflow/dags/weather_etl_dag.py took 0.065 seconds
[2025-01-26T14:23:12.766+0000] {processor.py:186} INFO - Started process (PID=129) to work on /opt/airflow/dags/weather_etl_dag.py
[2025-01-26T14:23:12.768+0000] {processor.py:914} INFO - Processing file /opt/airflow/dags/weather_etl_dag.py for tasks to queue
[2025-01-26T14:23:12.774+0000] {logging_mixin.py:190} INFO - [2025-01-26T14:23:12.773+0000] {dagbag.py:588} INFO - Filling up the DagBag from /opt/airflow/dags/weather_etl_dag.py
[2025-01-26T14:23:12.787+0000] {logging_mixin.py:190} INFO - [2025-01-26T14:23:12.783+0000] {dagbag.py:387} ERROR - Failed to import: /opt/airflow/dags/weather_etl_dag.py
Traceback (most recent call last):
  File "/home/airflow/.local/lib/python3.12/site-packages/airflow/models/dagbag.py", line 383, in parse
    loader.exec_module(new_module)
  File "<frozen importlib._bootstrap_external>", line 999, in exec_module
  File "<frozen importlib._bootstrap>", line 488, in _call_with_frames_removed
  File "/opt/airflow/dags/weather_etl_dag.py", line 11, in <module>
    from tasks.extract import extract_weather_data
ModuleNotFoundError: No module named 'tasks'
[2025-01-26T14:23:12.788+0000] {processor.py:927} WARNING - No viable dags retrieved from /opt/airflow/dags/weather_etl_dag.py
[2025-01-26T14:23:12.831+0000] {processor.py:208} INFO - Processing /opt/airflow/dags/weather_etl_dag.py took 0.075 seconds
[2025-01-26T14:29:02.211+0000] {processor.py:186} INFO - Started process (PID=142) to work on /opt/airflow/dags/weather_etl_dag.py
[2025-01-26T14:29:02.212+0000] {processor.py:914} INFO - Processing file /opt/airflow/dags/weather_etl_dag.py for tasks to queue
[2025-01-26T14:29:02.216+0000] {logging_mixin.py:190} INFO - [2025-01-26T14:29:02.216+0000] {dagbag.py:588} INFO - Filling up the DagBag from /opt/airflow/dags/weather_etl_dag.py
[2025-01-26T14:29:02.227+0000] {logging_mixin.py:190} INFO - [2025-01-26T14:29:02.225+0000] {dagbag.py:387} ERROR - Failed to import: /opt/airflow/dags/weather_etl_dag.py
Traceback (most recent call last):
  File "/home/airflow/.local/lib/python3.12/site-packages/airflow/models/dagbag.py", line 383, in parse
    loader.exec_module(new_module)
  File "<frozen importlib._bootstrap_external>", line 999, in exec_module
  File "<frozen importlib._bootstrap>", line 488, in _call_with_frames_removed
  File "/opt/airflow/dags/weather_etl_dag.py", line 11, in <module>
    from tasks.extract import extract_weather_data
ModuleNotFoundError: No module named 'tasks'
[2025-01-26T14:29:02.228+0000] {processor.py:927} WARNING - No viable dags retrieved from /opt/airflow/dags/weather_etl_dag.py
[2025-01-26T14:29:02.256+0000] {processor.py:208} INFO - Processing /opt/airflow/dags/weather_etl_dag.py took 0.051 seconds
[2025-01-26T14:44:26.876+0000] {processor.py:186} INFO - Started process (PID=152) to work on /opt/airflow/dags/weather_etl_dag.py
[2025-01-26T14:44:26.877+0000] {processor.py:914} INFO - Processing file /opt/airflow/dags/weather_etl_dag.py for tasks to queue
[2025-01-26T14:44:26.879+0000] {logging_mixin.py:190} INFO - [2025-01-26T14:44:26.879+0000] {dagbag.py:588} INFO - Filling up the DagBag from /opt/airflow/dags/weather_etl_dag.py
[2025-01-26T14:44:26.889+0000] {logging_mixin.py:190} INFO - [2025-01-26T14:44:26.887+0000] {dagbag.py:387} ERROR - Failed to import: /opt/airflow/dags/weather_etl_dag.py
Traceback (most recent call last):
  File "/home/airflow/.local/lib/python3.12/site-packages/airflow/models/dagbag.py", line 383, in parse
    loader.exec_module(new_module)
  File "<frozen importlib._bootstrap_external>", line 999, in exec_module
  File "<frozen importlib._bootstrap>", line 488, in _call_with_frames_removed
  File "/opt/airflow/dags/weather_etl_dag.py", line 11, in <module>
    from tasks.extract import extract_weather_data
ModuleNotFoundError: No module named 'tasks'
[2025-01-26T14:44:26.890+0000] {processor.py:927} WARNING - No viable dags retrieved from /opt/airflow/dags/weather_etl_dag.py
[2025-01-26T14:44:26.915+0000] {processor.py:208} INFO - Processing /opt/airflow/dags/weather_etl_dag.py took 0.045 seconds
[2025-01-26T14:59:54.038+0000] {processor.py:186} INFO - Started process (PID=164) to work on /opt/airflow/dags/weather_etl_dag.py
[2025-01-26T14:59:54.039+0000] {processor.py:914} INFO - Processing file /opt/airflow/dags/weather_etl_dag.py for tasks to queue
[2025-01-26T14:59:54.042+0000] {logging_mixin.py:190} INFO - [2025-01-26T14:59:54.042+0000] {dagbag.py:588} INFO - Filling up the DagBag from /opt/airflow/dags/weather_etl_dag.py
[2025-01-26T14:59:54.054+0000] {logging_mixin.py:190} INFO - [2025-01-26T14:59:54.051+0000] {dagbag.py:387} ERROR - Failed to import: /opt/airflow/dags/weather_etl_dag.py
Traceback (most recent call last):
  File "/home/airflow/.local/lib/python3.12/site-packages/airflow/models/dagbag.py", line 383, in parse
    loader.exec_module(new_module)
  File "<frozen importlib._bootstrap_external>", line 999, in exec_module
  File "<frozen importlib._bootstrap>", line 488, in _call_with_frames_removed
  File "/opt/airflow/dags/weather_etl_dag.py", line 11, in <module>
    from tasks.extract import extract_weather_data
ModuleNotFoundError: No module named 'tasks'
[2025-01-26T14:59:54.055+0000] {processor.py:927} WARNING - No viable dags retrieved from /opt/airflow/dags/weather_etl_dag.py
[2025-01-26T14:59:54.087+0000] {processor.py:208} INFO - Processing /opt/airflow/dags/weather_etl_dag.py took 0.056 seconds
[2025-01-26T15:13:48.735+0000] {processor.py:186} INFO - Started process (PID=171) to work on /opt/airflow/dags/weather_etl_dag.py
[2025-01-26T15:13:48.737+0000] {processor.py:914} INFO - Processing file /opt/airflow/dags/weather_etl_dag.py for tasks to queue
[2025-01-26T15:13:48.740+0000] {logging_mixin.py:190} INFO - [2025-01-26T15:13:48.739+0000] {dagbag.py:588} INFO - Filling up the DagBag from /opt/airflow/dags/weather_etl_dag.py
[2025-01-26T15:13:48.755+0000] {logging_mixin.py:190} INFO - [2025-01-26T15:13:48.751+0000] {dagbag.py:387} ERROR - Failed to import: /opt/airflow/dags/weather_etl_dag.py
Traceback (most recent call last):
  File "/home/airflow/.local/lib/python3.12/site-packages/airflow/models/dagbag.py", line 383, in parse
    loader.exec_module(new_module)
  File "<frozen importlib._bootstrap_external>", line 999, in exec_module
  File "<frozen importlib._bootstrap>", line 488, in _call_with_frames_removed
  File "/opt/airflow/dags/weather_etl_dag.py", line 11, in <module>
    from tasks.extract import extract_weather_data
ModuleNotFoundError: No module named 'tasks'
[2025-01-26T15:13:48.757+0000] {processor.py:927} WARNING - No viable dags retrieved from /opt/airflow/dags/weather_etl_dag.py
[2025-01-26T15:13:48.801+0000] {processor.py:208} INFO - Processing /opt/airflow/dags/weather_etl_dag.py took 0.079 seconds
[2025-01-26T15:21:19.747+0000] {processor.py:186} INFO - Started process (PID=179) to work on /opt/airflow/dags/weather_etl_dag.py
[2025-01-26T15:21:19.748+0000] {processor.py:914} INFO - Processing file /opt/airflow/dags/weather_etl_dag.py for tasks to queue
[2025-01-26T15:21:19.750+0000] {logging_mixin.py:190} INFO - [2025-01-26T15:21:19.749+0000] {dagbag.py:588} INFO - Filling up the DagBag from /opt/airflow/dags/weather_etl_dag.py
[2025-01-26T15:21:19.762+0000] {logging_mixin.py:190} INFO - [2025-01-26T15:21:19.758+0000] {dagbag.py:387} ERROR - Failed to import: /opt/airflow/dags/weather_etl_dag.py
Traceback (most recent call last):
  File "/home/airflow/.local/lib/python3.12/site-packages/airflow/models/dagbag.py", line 383, in parse
    loader.exec_module(new_module)
  File "<frozen importlib._bootstrap_external>", line 999, in exec_module
  File "<frozen importlib._bootstrap>", line 488, in _call_with_frames_removed
  File "/opt/airflow/dags/weather_etl_dag.py", line 11, in <module>
    from tasks.extract import extract_weather_data
ModuleNotFoundError: No module named 'tasks'
[2025-01-26T15:21:19.763+0000] {processor.py:927} WARNING - No viable dags retrieved from /opt/airflow/dags/weather_etl_dag.py
[2025-01-26T15:21:19.804+0000] {processor.py:208} INFO - Processing /opt/airflow/dags/weather_etl_dag.py took 0.063 seconds
[2025-01-26T15:22:18.425+0000] {processor.py:186} INFO - Started process (PID=183) to work on /opt/airflow/dags/weather_etl_dag.py
[2025-01-26T15:22:18.435+0000] {processor.py:914} INFO - Processing file /opt/airflow/dags/weather_etl_dag.py for tasks to queue
[2025-01-26T15:22:18.449+0000] {logging_mixin.py:190} INFO - [2025-01-26T15:22:18.445+0000] {dagbag.py:588} INFO - Filling up the DagBag from /opt/airflow/dags/weather_etl_dag.py
[2025-01-26T15:22:18.508+0000] {logging_mixin.py:190} INFO - [2025-01-26T15:22:18.494+0000] {dagbag.py:387} ERROR - Failed to import: /opt/airflow/dags/weather_etl_dag.py
Traceback (most recent call last):
  File "/home/airflow/.local/lib/python3.12/site-packages/airflow/models/dagbag.py", line 383, in parse
    loader.exec_module(new_module)
  File "<frozen importlib._bootstrap_external>", line 999, in exec_module
  File "<frozen importlib._bootstrap>", line 488, in _call_with_frames_removed
  File "/opt/airflow/dags/weather_etl_dag.py", line 11, in <module>
    from tasks.extract import extract_weather_data
ModuleNotFoundError: No module named 'tasks'
[2025-01-26T15:22:18.515+0000] {processor.py:927} WARNING - No viable dags retrieved from /opt/airflow/dags/weather_etl_dag.py
[2025-01-26T15:22:18.908+0000] {processor.py:208} INFO - Processing /opt/airflow/dags/weather_etl_dag.py took 0.527 seconds
[2025-01-26T15:37:38.176+0000] {processor.py:186} INFO - Started process (PID=195) to work on /opt/airflow/dags/weather_etl_dag.py
[2025-01-26T15:37:38.178+0000] {processor.py:914} INFO - Processing file /opt/airflow/dags/weather_etl_dag.py for tasks to queue
[2025-01-26T15:37:38.181+0000] {logging_mixin.py:190} INFO - [2025-01-26T15:37:38.181+0000] {dagbag.py:588} INFO - Filling up the DagBag from /opt/airflow/dags/weather_etl_dag.py
[2025-01-26T15:37:38.191+0000] {logging_mixin.py:190} INFO - [2025-01-26T15:37:38.189+0000] {dagbag.py:387} ERROR - Failed to import: /opt/airflow/dags/weather_etl_dag.py
Traceback (most recent call last):
  File "/home/airflow/.local/lib/python3.12/site-packages/airflow/models/dagbag.py", line 383, in parse
    loader.exec_module(new_module)
  File "<frozen importlib._bootstrap_external>", line 999, in exec_module
  File "<frozen importlib._bootstrap>", line 488, in _call_with_frames_removed
  File "/opt/airflow/dags/weather_etl_dag.py", line 11, in <module>
    from tasks.extract import extract_weather_data
ModuleNotFoundError: No module named 'tasks'
[2025-01-26T15:37:38.191+0000] {processor.py:927} WARNING - No viable dags retrieved from /opt/airflow/dags/weather_etl_dag.py
[2025-01-26T15:37:38.221+0000] {processor.py:208} INFO - Processing /opt/airflow/dags/weather_etl_dag.py took 0.051 seconds
[2025-01-26T15:38:34.893+0000] {processor.py:186} INFO - Started process (PID=199) to work on /opt/airflow/dags/weather_etl_dag.py
[2025-01-26T15:38:34.902+0000] {processor.py:914} INFO - Processing file /opt/airflow/dags/weather_etl_dag.py for tasks to queue
[2025-01-26T15:38:34.918+0000] {logging_mixin.py:190} INFO - [2025-01-26T15:38:34.916+0000] {dagbag.py:588} INFO - Filling up the DagBag from /opt/airflow/dags/weather_etl_dag.py
[2025-01-26T15:38:34.975+0000] {logging_mixin.py:190} INFO - [2025-01-26T15:38:34.959+0000] {dagbag.py:387} ERROR - Failed to import: /opt/airflow/dags/weather_etl_dag.py
Traceback (most recent call last):
  File "/home/airflow/.local/lib/python3.12/site-packages/airflow/models/dagbag.py", line 383, in parse
    loader.exec_module(new_module)
  File "<frozen importlib._bootstrap_external>", line 999, in exec_module
  File "<frozen importlib._bootstrap>", line 488, in _call_with_frames_removed
  File "/opt/airflow/dags/weather_etl_dag.py", line 11, in <module>
    from tasks.extract import extract_weather_data
ModuleNotFoundError: No module named 'tasks'
[2025-01-26T15:38:34.982+0000] {processor.py:927} WARNING - No viable dags retrieved from /opt/airflow/dags/weather_etl_dag.py
[2025-01-26T15:38:35.152+0000] {processor.py:208} INFO - Processing /opt/airflow/dags/weather_etl_dag.py took 0.301 seconds
[2025-01-26T15:53:23.649+0000] {processor.py:186} INFO - Started process (PID=207) to work on /opt/airflow/dags/weather_etl_dag.py
[2025-01-26T15:53:23.650+0000] {processor.py:914} INFO - Processing file /opt/airflow/dags/weather_etl_dag.py for tasks to queue
[2025-01-26T15:53:23.655+0000] {logging_mixin.py:190} INFO - [2025-01-26T15:53:23.654+0000] {dagbag.py:588} INFO - Filling up the DagBag from /opt/airflow/dags/weather_etl_dag.py
[2025-01-26T15:53:23.668+0000] {logging_mixin.py:190} INFO - [2025-01-26T15:53:23.665+0000] {dagbag.py:387} ERROR - Failed to import: /opt/airflow/dags/weather_etl_dag.py
Traceback (most recent call last):
  File "/home/airflow/.local/lib/python3.12/site-packages/airflow/models/dagbag.py", line 383, in parse
    loader.exec_module(new_module)
  File "<frozen importlib._bootstrap_external>", line 999, in exec_module
  File "<frozen importlib._bootstrap>", line 488, in _call_with_frames_removed
  File "/opt/airflow/dags/weather_etl_dag.py", line 11, in <module>
    from tasks.extract import extract_weather_data
ModuleNotFoundError: No module named 'tasks'
[2025-01-26T15:53:23.670+0000] {processor.py:927} WARNING - No viable dags retrieved from /opt/airflow/dags/weather_etl_dag.py
[2025-01-26T15:53:23.711+0000] {processor.py:208} INFO - Processing /opt/airflow/dags/weather_etl_dag.py took 0.071 seconds
[2025-01-26T15:54:19.204+0000] {processor.py:186} INFO - Started process (PID=211) to work on /opt/airflow/dags/weather_etl_dag.py
[2025-01-26T15:54:19.261+0000] {processor.py:914} INFO - Processing file /opt/airflow/dags/weather_etl_dag.py for tasks to queue
[2025-01-26T15:54:19.392+0000] {logging_mixin.py:190} INFO - [2025-01-26T15:54:19.379+0000] {dagbag.py:588} INFO - Filling up the DagBag from /opt/airflow/dags/weather_etl_dag.py
[2025-01-26T15:54:19.994+0000] {logging_mixin.py:190} INFO - [2025-01-26T15:54:19.758+0000] {dagbag.py:387} ERROR - Failed to import: /opt/airflow/dags/weather_etl_dag.py
Traceback (most recent call last):
  File "/home/airflow/.local/lib/python3.12/site-packages/airflow/models/dagbag.py", line 383, in parse
    loader.exec_module(new_module)
  File "<frozen importlib._bootstrap_external>", line 999, in exec_module
  File "<frozen importlib._bootstrap>", line 488, in _call_with_frames_removed
  File "/opt/airflow/dags/weather_etl_dag.py", line 11, in <module>
    from tasks.extract import extract_weather_data
ModuleNotFoundError: No module named 'tasks'
[2025-01-26T15:54:20.033+0000] {processor.py:927} WARNING - No viable dags retrieved from /opt/airflow/dags/weather_etl_dag.py
[2025-01-26T15:54:23.802+0000] {processor.py:208} INFO - Processing /opt/airflow/dags/weather_etl_dag.py took 5.045 seconds
[2025-01-26T16:09:32.828+0000] {processor.py:186} INFO - Started process (PID=220) to work on /opt/airflow/dags/weather_etl_dag.py
[2025-01-26T16:09:32.829+0000] {processor.py:914} INFO - Processing file /opt/airflow/dags/weather_etl_dag.py for tasks to queue
[2025-01-26T16:09:32.835+0000] {logging_mixin.py:190} INFO - [2025-01-26T16:09:32.834+0000] {dagbag.py:588} INFO - Filling up the DagBag from /opt/airflow/dags/weather_etl_dag.py
[2025-01-26T16:09:32.846+0000] {logging_mixin.py:190} INFO - [2025-01-26T16:09:32.844+0000] {dagbag.py:387} ERROR - Failed to import: /opt/airflow/dags/weather_etl_dag.py
Traceback (most recent call last):
  File "/home/airflow/.local/lib/python3.12/site-packages/airflow/models/dagbag.py", line 383, in parse
    loader.exec_module(new_module)
  File "<frozen importlib._bootstrap_external>", line 999, in exec_module
  File "<frozen importlib._bootstrap>", line 488, in _call_with_frames_removed
  File "/opt/airflow/dags/weather_etl_dag.py", line 11, in <module>
    from tasks.extract import extract_weather_data
ModuleNotFoundError: No module named 'tasks'
[2025-01-26T16:09:32.848+0000] {processor.py:927} WARNING - No viable dags retrieved from /opt/airflow/dags/weather_etl_dag.py
[2025-01-26T16:09:32.885+0000] {processor.py:208} INFO - Processing /opt/airflow/dags/weather_etl_dag.py took 0.065 seconds
[2025-01-26T16:10:27.496+0000] {processor.py:186} INFO - Started process (PID=224) to work on /opt/airflow/dags/weather_etl_dag.py
[2025-01-26T16:10:27.575+0000] {processor.py:914} INFO - Processing file /opt/airflow/dags/weather_etl_dag.py for tasks to queue
[2025-01-26T16:10:27.758+0000] {logging_mixin.py:190} INFO - [2025-01-26T16:10:27.731+0000] {dagbag.py:588} INFO - Filling up the DagBag from /opt/airflow/dags/weather_etl_dag.py
[2025-01-26T16:10:28.164+0000] {logging_mixin.py:190} INFO - [2025-01-26T16:10:28.068+0000] {dagbag.py:387} ERROR - Failed to import: /opt/airflow/dags/weather_etl_dag.py
Traceback (most recent call last):
  File "/home/airflow/.local/lib/python3.12/site-packages/airflow/models/dagbag.py", line 383, in parse
    loader.exec_module(new_module)
  File "<frozen importlib._bootstrap_external>", line 999, in exec_module
  File "<frozen importlib._bootstrap>", line 488, in _call_with_frames_removed
  File "/opt/airflow/dags/weather_etl_dag.py", line 11, in <module>
    from tasks.extract import extract_weather_data
ModuleNotFoundError: No module named 'tasks'
[2025-01-26T16:10:28.198+0000] {processor.py:927} WARNING - No viable dags retrieved from /opt/airflow/dags/weather_etl_dag.py
[2025-01-26T16:10:30.660+0000] {processor.py:208} INFO - Processing /opt/airflow/dags/weather_etl_dag.py took 3.633 seconds
[2025-01-26T16:22:20.493+0000] {processor.py:186} INFO - Started process (PID=234) to work on /opt/airflow/dags/weather_etl_dag.py
[2025-01-26T16:22:20.495+0000] {processor.py:914} INFO - Processing file /opt/airflow/dags/weather_etl_dag.py for tasks to queue
[2025-01-26T16:22:20.498+0000] {logging_mixin.py:190} INFO - [2025-01-26T16:22:20.497+0000] {dagbag.py:588} INFO - Filling up the DagBag from /opt/airflow/dags/weather_etl_dag.py
[2025-01-26T16:22:20.509+0000] {logging_mixin.py:190} INFO - [2025-01-26T16:22:20.506+0000] {dagbag.py:387} ERROR - Failed to import: /opt/airflow/dags/weather_etl_dag.py
Traceback (most recent call last):
  File "/home/airflow/.local/lib/python3.12/site-packages/airflow/models/dagbag.py", line 383, in parse
    loader.exec_module(new_module)
  File "<frozen importlib._bootstrap_external>", line 999, in exec_module
  File "<frozen importlib._bootstrap>", line 488, in _call_with_frames_removed
  File "/opt/airflow/dags/weather_etl_dag.py", line 11, in <module>
    from tasks.extract import extract_weather_data
ModuleNotFoundError: No module named 'tasks'
[2025-01-26T16:22:20.510+0000] {processor.py:927} WARNING - No viable dags retrieved from /opt/airflow/dags/weather_etl_dag.py
[2025-01-26T16:22:20.541+0000] {processor.py:208} INFO - Processing /opt/airflow/dags/weather_etl_dag.py took 0.054 seconds
[2025-01-26T16:23:18.939+0000] {processor.py:186} INFO - Started process (PID=238) to work on /opt/airflow/dags/weather_etl_dag.py
[2025-01-26T16:23:18.974+0000] {processor.py:914} INFO - Processing file /opt/airflow/dags/weather_etl_dag.py for tasks to queue
[2025-01-26T16:23:18.993+0000] {logging_mixin.py:190} INFO - [2025-01-26T16:23:18.990+0000] {dagbag.py:588} INFO - Filling up the DagBag from /opt/airflow/dags/weather_etl_dag.py
[2025-01-26T16:23:19.071+0000] {logging_mixin.py:190} INFO - [2025-01-26T16:23:19.057+0000] {dagbag.py:387} ERROR - Failed to import: /opt/airflow/dags/weather_etl_dag.py
Traceback (most recent call last):
  File "/home/airflow/.local/lib/python3.12/site-packages/airflow/models/dagbag.py", line 383, in parse
    loader.exec_module(new_module)
  File "<frozen importlib._bootstrap_external>", line 999, in exec_module
  File "<frozen importlib._bootstrap>", line 488, in _call_with_frames_removed
  File "/opt/airflow/dags/weather_etl_dag.py", line 11, in <module>
    from tasks.extract import extract_weather_data
ModuleNotFoundError: No module named 'tasks'
[2025-01-26T16:23:19.075+0000] {processor.py:927} WARNING - No viable dags retrieved from /opt/airflow/dags/weather_etl_dag.py
[2025-01-26T16:23:19.309+0000] {processor.py:208} INFO - Processing /opt/airflow/dags/weather_etl_dag.py took 0.664 seconds
[2025-01-26T16:23:49.551+0000] {processor.py:186} INFO - Started process (PID=242) to work on /opt/airflow/dags/weather_etl_dag.py
[2025-01-26T16:23:49.552+0000] {processor.py:914} INFO - Processing file /opt/airflow/dags/weather_etl_dag.py for tasks to queue
[2025-01-26T16:23:49.555+0000] {logging_mixin.py:190} INFO - [2025-01-26T16:23:49.555+0000] {dagbag.py:588} INFO - Filling up the DagBag from /opt/airflow/dags/weather_etl_dag.py
[2025-01-26T16:23:49.568+0000] {logging_mixin.py:190} INFO - [2025-01-26T16:23:49.565+0000] {dagbag.py:387} ERROR - Failed to import: /opt/airflow/dags/weather_etl_dag.py
Traceback (most recent call last):
  File "/home/airflow/.local/lib/python3.12/site-packages/airflow/models/dagbag.py", line 383, in parse
    loader.exec_module(new_module)
  File "<frozen importlib._bootstrap_external>", line 999, in exec_module
  File "<frozen importlib._bootstrap>", line 488, in _call_with_frames_removed
  File "/opt/airflow/dags/weather_etl_dag.py", line 11, in <module>
    from tasks.extract import extract_weather_data
ModuleNotFoundError: No module named 'tasks'
[2025-01-26T16:23:49.569+0000] {processor.py:927} WARNING - No viable dags retrieved from /opt/airflow/dags/weather_etl_dag.py
[2025-01-26T16:23:49.600+0000] {processor.py:208} INFO - Processing /opt/airflow/dags/weather_etl_dag.py took 0.054 seconds
[2025-01-26T16:24:19.866+0000] {processor.py:186} INFO - Started process (PID=246) to work on /opt/airflow/dags/weather_etl_dag.py
[2025-01-26T16:24:19.868+0000] {processor.py:914} INFO - Processing file /opt/airflow/dags/weather_etl_dag.py for tasks to queue
[2025-01-26T16:24:19.871+0000] {logging_mixin.py:190} INFO - [2025-01-26T16:24:19.870+0000] {dagbag.py:588} INFO - Filling up the DagBag from /opt/airflow/dags/weather_etl_dag.py
[2025-01-26T16:24:19.881+0000] {logging_mixin.py:190} INFO - [2025-01-26T16:24:19.879+0000] {dagbag.py:387} ERROR - Failed to import: /opt/airflow/dags/weather_etl_dag.py
Traceback (most recent call last):
  File "/home/airflow/.local/lib/python3.12/site-packages/airflow/models/dagbag.py", line 383, in parse
    loader.exec_module(new_module)
  File "<frozen importlib._bootstrap_external>", line 999, in exec_module
  File "<frozen importlib._bootstrap>", line 488, in _call_with_frames_removed
  File "/opt/airflow/dags/weather_etl_dag.py", line 11, in <module>
    from tasks.extract import extract_weather_data
ModuleNotFoundError: No module named 'tasks'
[2025-01-26T16:24:19.881+0000] {processor.py:927} WARNING - No viable dags retrieved from /opt/airflow/dags/weather_etl_dag.py
[2025-01-26T16:24:19.912+0000] {processor.py:208} INFO - Processing /opt/airflow/dags/weather_etl_dag.py took 0.053 seconds
[2025-01-26T16:24:50.972+0000] {processor.py:186} INFO - Started process (PID=250) to work on /opt/airflow/dags/weather_etl_dag.py
[2025-01-26T16:24:50.974+0000] {processor.py:914} INFO - Processing file /opt/airflow/dags/weather_etl_dag.py for tasks to queue
[2025-01-26T16:24:50.977+0000] {logging_mixin.py:190} INFO - [2025-01-26T16:24:50.976+0000] {dagbag.py:588} INFO - Filling up the DagBag from /opt/airflow/dags/weather_etl_dag.py
[2025-01-26T16:24:50.987+0000] {logging_mixin.py:190} INFO - [2025-01-26T16:24:50.985+0000] {dagbag.py:387} ERROR - Failed to import: /opt/airflow/dags/weather_etl_dag.py
Traceback (most recent call last):
  File "/home/airflow/.local/lib/python3.12/site-packages/airflow/models/dagbag.py", line 383, in parse
    loader.exec_module(new_module)
  File "<frozen importlib._bootstrap_external>", line 999, in exec_module
  File "<frozen importlib._bootstrap>", line 488, in _call_with_frames_removed
  File "/opt/airflow/dags/weather_etl_dag.py", line 11, in <module>
    from tasks.extract import extract_weather_data
ModuleNotFoundError: No module named 'tasks'
[2025-01-26T16:24:50.988+0000] {processor.py:927} WARNING - No viable dags retrieved from /opt/airflow/dags/weather_etl_dag.py
[2025-01-26T16:24:51.022+0000] {processor.py:208} INFO - Processing /opt/airflow/dags/weather_etl_dag.py took 0.056 seconds
[2025-01-26T16:25:21.188+0000] {processor.py:186} INFO - Started process (PID=254) to work on /opt/airflow/dags/weather_etl_dag.py
[2025-01-26T16:25:21.189+0000] {processor.py:914} INFO - Processing file /opt/airflow/dags/weather_etl_dag.py for tasks to queue
[2025-01-26T16:25:21.193+0000] {logging_mixin.py:190} INFO - [2025-01-26T16:25:21.193+0000] {dagbag.py:588} INFO - Filling up the DagBag from /opt/airflow/dags/weather_etl_dag.py
[2025-01-26T16:25:21.207+0000] {logging_mixin.py:190} INFO - [2025-01-26T16:25:21.204+0000] {dagbag.py:387} ERROR - Failed to import: /opt/airflow/dags/weather_etl_dag.py
Traceback (most recent call last):
  File "/home/airflow/.local/lib/python3.12/site-packages/airflow/models/dagbag.py", line 383, in parse
    loader.exec_module(new_module)
  File "<frozen importlib._bootstrap_external>", line 999, in exec_module
  File "<frozen importlib._bootstrap>", line 488, in _call_with_frames_removed
  File "/opt/airflow/dags/weather_etl_dag.py", line 11, in <module>
    from tasks.extract import extract_weather_data
ModuleNotFoundError: No module named 'tasks'
[2025-01-26T16:25:21.208+0000] {processor.py:927} WARNING - No viable dags retrieved from /opt/airflow/dags/weather_etl_dag.py
[2025-01-26T16:25:21.241+0000] {processor.py:208} INFO - Processing /opt/airflow/dags/weather_etl_dag.py took 0.060 seconds
[2025-01-26T16:25:51.976+0000] {processor.py:186} INFO - Started process (PID=258) to work on /opt/airflow/dags/weather_etl_dag.py
[2025-01-26T16:25:51.977+0000] {processor.py:914} INFO - Processing file /opt/airflow/dags/weather_etl_dag.py for tasks to queue
[2025-01-26T16:25:51.980+0000] {logging_mixin.py:190} INFO - [2025-01-26T16:25:51.979+0000] {dagbag.py:588} INFO - Filling up the DagBag from /opt/airflow/dags/weather_etl_dag.py
[2025-01-26T16:25:51.991+0000] {logging_mixin.py:190} INFO - [2025-01-26T16:25:51.988+0000] {dagbag.py:387} ERROR - Failed to import: /opt/airflow/dags/weather_etl_dag.py
Traceback (most recent call last):
  File "/home/airflow/.local/lib/python3.12/site-packages/airflow/models/dagbag.py", line 383, in parse
    loader.exec_module(new_module)
  File "<frozen importlib._bootstrap_external>", line 999, in exec_module
  File "<frozen importlib._bootstrap>", line 488, in _call_with_frames_removed
  File "/opt/airflow/dags/weather_etl_dag.py", line 11, in <module>
    from tasks.extract import extract_weather_data
ModuleNotFoundError: No module named 'tasks'
[2025-01-26T16:25:51.993+0000] {processor.py:927} WARNING - No viable dags retrieved from /opt/airflow/dags/weather_etl_dag.py
[2025-01-26T16:25:52.024+0000] {processor.py:208} INFO - Processing /opt/airflow/dags/weather_etl_dag.py took 0.054 seconds
[2025-01-26T16:27:21.420+0000] {processor.py:186} INFO - Started process (PID=269) to work on /opt/airflow/dags/weather_etl_dag.py
[2025-01-26T16:27:21.421+0000] {processor.py:914} INFO - Processing file /opt/airflow/dags/weather_etl_dag.py for tasks to queue
[2025-01-26T16:27:21.424+0000] {logging_mixin.py:190} INFO - [2025-01-26T16:27:21.424+0000] {dagbag.py:588} INFO - Filling up the DagBag from /opt/airflow/dags/weather_etl_dag.py
[2025-01-26T16:27:21.436+0000] {logging_mixin.py:190} INFO - [2025-01-26T16:27:21.433+0000] {dagbag.py:387} ERROR - Failed to import: /opt/airflow/dags/weather_etl_dag.py
Traceback (most recent call last):
  File "/home/airflow/.local/lib/python3.12/site-packages/airflow/models/dagbag.py", line 383, in parse
    loader.exec_module(new_module)
  File "<frozen importlib._bootstrap_external>", line 999, in exec_module
  File "<frozen importlib._bootstrap>", line 488, in _call_with_frames_removed
  File "/opt/airflow/dags/weather_etl_dag.py", line 11, in <module>
    from tasks.extract import extract_weather_data
ModuleNotFoundError: No module named 'tasks'
[2025-01-26T16:27:21.437+0000] {processor.py:927} WARNING - No viable dags retrieved from /opt/airflow/dags/weather_etl_dag.py
[2025-01-26T16:27:21.472+0000] {processor.py:208} INFO - Processing /opt/airflow/dags/weather_etl_dag.py took 0.060 seconds
[2025-01-26T16:28:18.089+0000] {processor.py:186} INFO - Started process (PID=273) to work on /opt/airflow/dags/weather_etl_dag.py
[2025-01-26T16:28:18.138+0000] {processor.py:914} INFO - Processing file /opt/airflow/dags/weather_etl_dag.py for tasks to queue
[2025-01-26T16:28:18.488+0000] {logging_mixin.py:190} INFO - [2025-01-26T16:28:18.426+0000] {dagbag.py:588} INFO - Filling up the DagBag from /opt/airflow/dags/weather_etl_dag.py
[2025-01-26T16:28:19.470+0000] {logging_mixin.py:190} INFO - [2025-01-26T16:28:19.199+0000] {dagbag.py:387} ERROR - Failed to import: /opt/airflow/dags/weather_etl_dag.py
Traceback (most recent call last):
  File "/home/airflow/.local/lib/python3.12/site-packages/airflow/models/dagbag.py", line 383, in parse
    loader.exec_module(new_module)
  File "<frozen importlib._bootstrap_external>", line 999, in exec_module
  File "<frozen importlib._bootstrap>", line 488, in _call_with_frames_removed
  File "/opt/airflow/dags/weather_etl_dag.py", line 11, in <module>
    from tasks.extract import extract_weather_data
ModuleNotFoundError: No module named 'tasks'
[2025-01-26T16:28:19.530+0000] {processor.py:927} WARNING - No viable dags retrieved from /opt/airflow/dags/weather_etl_dag.py
[2025-01-26T16:28:20.837+0000] {processor.py:208} INFO - Processing /opt/airflow/dags/weather_etl_dag.py took 3.446 seconds
[2025-01-26T16:31:21.429+0000] {processor.py:186} INFO - Started process (PID=280) to work on /opt/airflow/dags/weather_etl_dag.py
[2025-01-26T16:31:21.431+0000] {processor.py:914} INFO - Processing file /opt/airflow/dags/weather_etl_dag.py for tasks to queue
[2025-01-26T16:31:21.479+0000] {logging_mixin.py:190} INFO - [2025-01-26T16:31:21.473+0000] {dagbag.py:588} INFO - Filling up the DagBag from /opt/airflow/dags/weather_etl_dag.py
[2025-01-26T16:31:21.505+0000] {logging_mixin.py:190} INFO - [2025-01-26T16:31:21.502+0000] {dagbag.py:387} ERROR - Failed to import: /opt/airflow/dags/weather_etl_dag.py
Traceback (most recent call last):
  File "/home/airflow/.local/lib/python3.12/site-packages/airflow/models/dagbag.py", line 383, in parse
    loader.exec_module(new_module)
  File "<frozen importlib._bootstrap_external>", line 999, in exec_module
  File "<frozen importlib._bootstrap>", line 488, in _call_with_frames_removed
  File "/opt/airflow/dags/weather_etl_dag.py", line 11, in <module>
    from tasks.extract import extract_weather_data
ModuleNotFoundError: No module named 'tasks'
[2025-01-26T16:31:21.507+0000] {processor.py:927} WARNING - No viable dags retrieved from /opt/airflow/dags/weather_etl_dag.py
[2025-01-26T16:31:21.547+0000] {processor.py:208} INFO - Processing /opt/airflow/dags/weather_etl_dag.py took 0.126 seconds
[2025-01-26T16:31:52.577+0000] {processor.py:186} INFO - Started process (PID=284) to work on /opt/airflow/dags/weather_etl_dag.py
[2025-01-26T16:31:52.579+0000] {processor.py:914} INFO - Processing file /opt/airflow/dags/weather_etl_dag.py for tasks to queue
[2025-01-26T16:31:52.582+0000] {logging_mixin.py:190} INFO - [2025-01-26T16:31:52.581+0000] {dagbag.py:588} INFO - Filling up the DagBag from /opt/airflow/dags/weather_etl_dag.py
[2025-01-26T16:31:52.593+0000] {logging_mixin.py:190} INFO - [2025-01-26T16:31:52.590+0000] {dagbag.py:387} ERROR - Failed to import: /opt/airflow/dags/weather_etl_dag.py
Traceback (most recent call last):
  File "/home/airflow/.local/lib/python3.12/site-packages/airflow/models/dagbag.py", line 383, in parse
    loader.exec_module(new_module)
  File "<frozen importlib._bootstrap_external>", line 999, in exec_module
  File "<frozen importlib._bootstrap>", line 488, in _call_with_frames_removed
  File "/opt/airflow/dags/weather_etl_dag.py", line 11, in <module>
    from tasks.extract import extract_weather_data
ModuleNotFoundError: No module named 'tasks'
[2025-01-26T16:31:52.594+0000] {processor.py:927} WARNING - No viable dags retrieved from /opt/airflow/dags/weather_etl_dag.py
[2025-01-26T16:31:52.627+0000] {processor.py:208} INFO - Processing /opt/airflow/dags/weather_etl_dag.py took 0.057 seconds
[2025-01-26T16:32:23.036+0000] {processor.py:186} INFO - Started process (PID=288) to work on /opt/airflow/dags/weather_etl_dag.py
[2025-01-26T16:32:23.038+0000] {processor.py:914} INFO - Processing file /opt/airflow/dags/weather_etl_dag.py for tasks to queue
[2025-01-26T16:32:23.041+0000] {logging_mixin.py:190} INFO - [2025-01-26T16:32:23.041+0000] {dagbag.py:588} INFO - Filling up the DagBag from /opt/airflow/dags/weather_etl_dag.py
[2025-01-26T16:32:23.056+0000] {logging_mixin.py:190} INFO - [2025-01-26T16:32:23.053+0000] {dagbag.py:387} ERROR - Failed to import: /opt/airflow/dags/weather_etl_dag.py
Traceback (most recent call last):
  File "/home/airflow/.local/lib/python3.12/site-packages/airflow/models/dagbag.py", line 383, in parse
    loader.exec_module(new_module)
  File "<frozen importlib._bootstrap_external>", line 999, in exec_module
  File "<frozen importlib._bootstrap>", line 488, in _call_with_frames_removed
  File "/opt/airflow/dags/weather_etl_dag.py", line 11, in <module>
    from tasks.extract import extract_weather_data
ModuleNotFoundError: No module named 'tasks'
[2025-01-26T16:32:23.057+0000] {processor.py:927} WARNING - No viable dags retrieved from /opt/airflow/dags/weather_etl_dag.py
[2025-01-26T16:32:23.091+0000] {processor.py:208} INFO - Processing /opt/airflow/dags/weather_etl_dag.py took 0.062 seconds
[2025-01-26T16:32:53.415+0000] {processor.py:186} INFO - Started process (PID=292) to work on /opt/airflow/dags/weather_etl_dag.py
[2025-01-26T16:32:53.417+0000] {processor.py:914} INFO - Processing file /opt/airflow/dags/weather_etl_dag.py for tasks to queue
[2025-01-26T16:32:53.420+0000] {logging_mixin.py:190} INFO - [2025-01-26T16:32:53.420+0000] {dagbag.py:588} INFO - Filling up the DagBag from /opt/airflow/dags/weather_etl_dag.py
[2025-01-26T16:32:53.432+0000] {logging_mixin.py:190} INFO - [2025-01-26T16:32:53.429+0000] {dagbag.py:387} ERROR - Failed to import: /opt/airflow/dags/weather_etl_dag.py
Traceback (most recent call last):
  File "/home/airflow/.local/lib/python3.12/site-packages/airflow/models/dagbag.py", line 383, in parse
    loader.exec_module(new_module)
  File "<frozen importlib._bootstrap_external>", line 999, in exec_module
  File "<frozen importlib._bootstrap>", line 488, in _call_with_frames_removed
  File "/opt/airflow/dags/weather_etl_dag.py", line 11, in <module>
    from tasks.extract import extract_weather_data
ModuleNotFoundError: No module named 'tasks'
[2025-01-26T16:32:53.433+0000] {processor.py:927} WARNING - No viable dags retrieved from /opt/airflow/dags/weather_etl_dag.py
[2025-01-26T16:32:53.469+0000] {processor.py:208} INFO - Processing /opt/airflow/dags/weather_etl_dag.py took 0.060 seconds
[2025-01-26T16:33:25.074+0000] {processor.py:186} INFO - Started process (PID=296) to work on /opt/airflow/dags/weather_etl_dag.py
[2025-01-26T16:33:25.075+0000] {processor.py:914} INFO - Processing file /opt/airflow/dags/weather_etl_dag.py for tasks to queue
[2025-01-26T16:33:25.079+0000] {logging_mixin.py:190} INFO - [2025-01-26T16:33:25.078+0000] {dagbag.py:588} INFO - Filling up the DagBag from /opt/airflow/dags/weather_etl_dag.py
[2025-01-26T16:33:25.091+0000] {logging_mixin.py:190} INFO - [2025-01-26T16:33:25.088+0000] {dagbag.py:387} ERROR - Failed to import: /opt/airflow/dags/weather_etl_dag.py
Traceback (most recent call last):
  File "/home/airflow/.local/lib/python3.12/site-packages/airflow/models/dagbag.py", line 383, in parse
    loader.exec_module(new_module)
  File "<frozen importlib._bootstrap_external>", line 999, in exec_module
  File "<frozen importlib._bootstrap>", line 488, in _call_with_frames_removed
  File "/opt/airflow/dags/weather_etl_dag.py", line 11, in <module>
    from tasks.extract import extract_weather_data
ModuleNotFoundError: No module named 'tasks'
[2025-01-26T16:33:25.092+0000] {processor.py:927} WARNING - No viable dags retrieved from /opt/airflow/dags/weather_etl_dag.py
[2025-01-26T16:33:25.121+0000] {processor.py:208} INFO - Processing /opt/airflow/dags/weather_etl_dag.py took 0.055 seconds
[2025-01-26T16:33:55.537+0000] {processor.py:186} INFO - Started process (PID=300) to work on /opt/airflow/dags/weather_etl_dag.py
[2025-01-26T16:33:55.538+0000] {processor.py:914} INFO - Processing file /opt/airflow/dags/weather_etl_dag.py for tasks to queue
[2025-01-26T16:33:55.541+0000] {logging_mixin.py:190} INFO - [2025-01-26T16:33:55.540+0000] {dagbag.py:588} INFO - Filling up the DagBag from /opt/airflow/dags/weather_etl_dag.py
[2025-01-26T16:33:55.551+0000] {logging_mixin.py:190} INFO - [2025-01-26T16:33:55.549+0000] {dagbag.py:387} ERROR - Failed to import: /opt/airflow/dags/weather_etl_dag.py
Traceback (most recent call last):
  File "/home/airflow/.local/lib/python3.12/site-packages/airflow/models/dagbag.py", line 383, in parse
    loader.exec_module(new_module)
  File "<frozen importlib._bootstrap_external>", line 999, in exec_module
  File "<frozen importlib._bootstrap>", line 488, in _call_with_frames_removed
  File "/opt/airflow/dags/weather_etl_dag.py", line 11, in <module>
    from tasks.extract import extract_weather_data
ModuleNotFoundError: No module named 'tasks'
[2025-01-26T16:33:55.552+0000] {processor.py:927} WARNING - No viable dags retrieved from /opt/airflow/dags/weather_etl_dag.py
[2025-01-26T16:33:55.586+0000] {processor.py:208} INFO - Processing /opt/airflow/dags/weather_etl_dag.py took 0.056 seconds
[2025-01-26T16:34:26.060+0000] {processor.py:186} INFO - Started process (PID=304) to work on /opt/airflow/dags/weather_etl_dag.py
[2025-01-26T16:34:26.062+0000] {processor.py:914} INFO - Processing file /opt/airflow/dags/weather_etl_dag.py for tasks to queue
[2025-01-26T16:34:26.066+0000] {logging_mixin.py:190} INFO - [2025-01-26T16:34:26.065+0000] {dagbag.py:588} INFO - Filling up the DagBag from /opt/airflow/dags/weather_etl_dag.py
[2025-01-26T16:34:26.079+0000] {logging_mixin.py:190} INFO - [2025-01-26T16:34:26.076+0000] {dagbag.py:387} ERROR - Failed to import: /opt/airflow/dags/weather_etl_dag.py
Traceback (most recent call last):
  File "/home/airflow/.local/lib/python3.12/site-packages/airflow/models/dagbag.py", line 383, in parse
    loader.exec_module(new_module)
  File "<frozen importlib._bootstrap_external>", line 999, in exec_module
  File "<frozen importlib._bootstrap>", line 488, in _call_with_frames_removed
  File "/opt/airflow/dags/weather_etl_dag.py", line 11, in <module>
    from tasks.extract import extract_weather_data
ModuleNotFoundError: No module named 'tasks'
[2025-01-26T16:34:26.080+0000] {processor.py:927} WARNING - No viable dags retrieved from /opt/airflow/dags/weather_etl_dag.py
[2025-01-26T16:34:26.114+0000] {processor.py:208} INFO - Processing /opt/airflow/dags/weather_etl_dag.py took 0.062 seconds
[2025-01-26T16:34:56.716+0000] {processor.py:186} INFO - Started process (PID=308) to work on /opt/airflow/dags/weather_etl_dag.py
[2025-01-26T16:34:56.717+0000] {processor.py:914} INFO - Processing file /opt/airflow/dags/weather_etl_dag.py for tasks to queue
[2025-01-26T16:34:56.722+0000] {logging_mixin.py:190} INFO - [2025-01-26T16:34:56.721+0000] {dagbag.py:588} INFO - Filling up the DagBag from /opt/airflow/dags/weather_etl_dag.py
[2025-01-26T16:34:56.734+0000] {logging_mixin.py:190} INFO - [2025-01-26T16:34:56.731+0000] {dagbag.py:387} ERROR - Failed to import: /opt/airflow/dags/weather_etl_dag.py
Traceback (most recent call last):
  File "/home/airflow/.local/lib/python3.12/site-packages/airflow/models/dagbag.py", line 383, in parse
    loader.exec_module(new_module)
  File "<frozen importlib._bootstrap_external>", line 999, in exec_module
  File "<frozen importlib._bootstrap>", line 488, in _call_with_frames_removed
  File "/opt/airflow/dags/weather_etl_dag.py", line 11, in <module>
    from tasks.extract import extract_weather_data
ModuleNotFoundError: No module named 'tasks'
[2025-01-26T16:34:56.735+0000] {processor.py:927} WARNING - No viable dags retrieved from /opt/airflow/dags/weather_etl_dag.py
[2025-01-26T16:34:56.768+0000] {processor.py:208} INFO - Processing /opt/airflow/dags/weather_etl_dag.py took 0.060 seconds
[2025-01-26T16:35:27.157+0000] {processor.py:186} INFO - Started process (PID=312) to work on /opt/airflow/dags/weather_etl_dag.py
[2025-01-26T16:35:27.158+0000] {processor.py:914} INFO - Processing file /opt/airflow/dags/weather_etl_dag.py for tasks to queue
[2025-01-26T16:35:27.162+0000] {logging_mixin.py:190} INFO - [2025-01-26T16:35:27.161+0000] {dagbag.py:588} INFO - Filling up the DagBag from /opt/airflow/dags/weather_etl_dag.py
[2025-01-26T16:35:27.173+0000] {logging_mixin.py:190} INFO - [2025-01-26T16:35:27.171+0000] {dagbag.py:387} ERROR - Failed to import: /opt/airflow/dags/weather_etl_dag.py
Traceback (most recent call last):
  File "/home/airflow/.local/lib/python3.12/site-packages/airflow/models/dagbag.py", line 383, in parse
    loader.exec_module(new_module)
  File "<frozen importlib._bootstrap_external>", line 999, in exec_module
  File "<frozen importlib._bootstrap>", line 488, in _call_with_frames_removed
  File "/opt/airflow/dags/weather_etl_dag.py", line 11, in <module>
    from tasks.extract import extract_weather_data
ModuleNotFoundError: No module named 'tasks'
[2025-01-26T16:35:27.174+0000] {processor.py:927} WARNING - No viable dags retrieved from /opt/airflow/dags/weather_etl_dag.py
[2025-01-26T16:35:27.205+0000] {processor.py:208} INFO - Processing /opt/airflow/dags/weather_etl_dag.py took 0.054 seconds
[2025-01-26T16:35:57.647+0000] {processor.py:186} INFO - Started process (PID=316) to work on /opt/airflow/dags/weather_etl_dag.py
[2025-01-26T16:35:57.650+0000] {processor.py:914} INFO - Processing file /opt/airflow/dags/weather_etl_dag.py for tasks to queue
[2025-01-26T16:35:57.656+0000] {logging_mixin.py:190} INFO - [2025-01-26T16:35:57.656+0000] {dagbag.py:588} INFO - Filling up the DagBag from /opt/airflow/dags/weather_etl_dag.py
[2025-01-26T16:35:57.672+0000] {logging_mixin.py:190} INFO - [2025-01-26T16:35:57.668+0000] {dagbag.py:387} ERROR - Failed to import: /opt/airflow/dags/weather_etl_dag.py
Traceback (most recent call last):
  File "/home/airflow/.local/lib/python3.12/site-packages/airflow/models/dagbag.py", line 383, in parse
    loader.exec_module(new_module)
  File "<frozen importlib._bootstrap_external>", line 999, in exec_module
  File "<frozen importlib._bootstrap>", line 488, in _call_with_frames_removed
  File "/opt/airflow/dags/weather_etl_dag.py", line 11, in <module>
    from tasks.extract import extract_weather_data
ModuleNotFoundError: No module named 'tasks'
[2025-01-26T16:35:57.673+0000] {processor.py:927} WARNING - No viable dags retrieved from /opt/airflow/dags/weather_etl_dag.py
[2025-01-26T16:35:57.719+0000] {processor.py:208} INFO - Processing /opt/airflow/dags/weather_etl_dag.py took 0.082 seconds
[2025-01-26T16:36:28.157+0000] {processor.py:186} INFO - Started process (PID=320) to work on /opt/airflow/dags/weather_etl_dag.py
[2025-01-26T16:36:28.160+0000] {processor.py:914} INFO - Processing file /opt/airflow/dags/weather_etl_dag.py for tasks to queue
[2025-01-26T16:36:28.165+0000] {logging_mixin.py:190} INFO - [2025-01-26T16:36:28.164+0000] {dagbag.py:588} INFO - Filling up the DagBag from /opt/airflow/dags/weather_etl_dag.py
[2025-01-26T16:36:28.179+0000] {logging_mixin.py:190} INFO - [2025-01-26T16:36:28.175+0000] {dagbag.py:387} ERROR - Failed to import: /opt/airflow/dags/weather_etl_dag.py
Traceback (most recent call last):
  File "/home/airflow/.local/lib/python3.12/site-packages/airflow/models/dagbag.py", line 383, in parse
    loader.exec_module(new_module)
  File "<frozen importlib._bootstrap_external>", line 999, in exec_module
  File "<frozen importlib._bootstrap>", line 488, in _call_with_frames_removed
  File "/opt/airflow/dags/weather_etl_dag.py", line 11, in <module>
    from tasks.extract import extract_weather_data
ModuleNotFoundError: No module named 'tasks'
[2025-01-26T16:36:28.180+0000] {processor.py:927} WARNING - No viable dags retrieved from /opt/airflow/dags/weather_etl_dag.py
[2025-01-26T16:36:28.231+0000] {processor.py:208} INFO - Processing /opt/airflow/dags/weather_etl_dag.py took 0.084 seconds
[2025-01-26T16:36:58.595+0000] {processor.py:186} INFO - Started process (PID=324) to work on /opt/airflow/dags/weather_etl_dag.py
[2025-01-26T16:36:58.597+0000] {processor.py:914} INFO - Processing file /opt/airflow/dags/weather_etl_dag.py for tasks to queue
[2025-01-26T16:36:58.600+0000] {logging_mixin.py:190} INFO - [2025-01-26T16:36:58.599+0000] {dagbag.py:588} INFO - Filling up the DagBag from /opt/airflow/dags/weather_etl_dag.py
[2025-01-26T16:36:58.612+0000] {logging_mixin.py:190} INFO - [2025-01-26T16:36:58.609+0000] {dagbag.py:387} ERROR - Failed to import: /opt/airflow/dags/weather_etl_dag.py
Traceback (most recent call last):
  File "/home/airflow/.local/lib/python3.12/site-packages/airflow/models/dagbag.py", line 383, in parse
    loader.exec_module(new_module)
  File "<frozen importlib._bootstrap_external>", line 999, in exec_module
  File "<frozen importlib._bootstrap>", line 488, in _call_with_frames_removed
  File "/opt/airflow/dags/weather_etl_dag.py", line 11, in <module>
    from tasks.extract import extract_weather_data
ModuleNotFoundError: No module named 'tasks'
[2025-01-26T16:36:58.613+0000] {processor.py:927} WARNING - No viable dags retrieved from /opt/airflow/dags/weather_etl_dag.py
[2025-01-26T16:36:58.648+0000] {processor.py:208} INFO - Processing /opt/airflow/dags/weather_etl_dag.py took 0.059 seconds
[2025-01-26T16:37:29.091+0000] {processor.py:186} INFO - Started process (PID=328) to work on /opt/airflow/dags/weather_etl_dag.py
[2025-01-26T16:37:29.092+0000] {processor.py:914} INFO - Processing file /opt/airflow/dags/weather_etl_dag.py for tasks to queue
[2025-01-26T16:37:29.096+0000] {logging_mixin.py:190} INFO - [2025-01-26T16:37:29.096+0000] {dagbag.py:588} INFO - Filling up the DagBag from /opt/airflow/dags/weather_etl_dag.py
[2025-01-26T16:37:29.109+0000] {logging_mixin.py:190} INFO - [2025-01-26T16:37:29.106+0000] {dagbag.py:387} ERROR - Failed to import: /opt/airflow/dags/weather_etl_dag.py
Traceback (most recent call last):
  File "/home/airflow/.local/lib/python3.12/site-packages/airflow/models/dagbag.py", line 383, in parse
    loader.exec_module(new_module)
  File "<frozen importlib._bootstrap_external>", line 999, in exec_module
  File "<frozen importlib._bootstrap>", line 488, in _call_with_frames_removed
  File "/opt/airflow/dags/weather_etl_dag.py", line 11, in <module>
    from tasks.extract import extract_weather_data
ModuleNotFoundError: No module named 'tasks'
[2025-01-26T16:37:29.110+0000] {processor.py:927} WARNING - No viable dags retrieved from /opt/airflow/dags/weather_etl_dag.py
[2025-01-26T16:37:29.151+0000] {processor.py:208} INFO - Processing /opt/airflow/dags/weather_etl_dag.py took 0.070 seconds
[2025-01-26T16:37:59.355+0000] {processor.py:186} INFO - Started process (PID=332) to work on /opt/airflow/dags/weather_etl_dag.py
[2025-01-26T16:37:59.356+0000] {processor.py:914} INFO - Processing file /opt/airflow/dags/weather_etl_dag.py for tasks to queue
[2025-01-26T16:37:59.364+0000] {logging_mixin.py:190} INFO - [2025-01-26T16:37:59.363+0000] {dagbag.py:588} INFO - Filling up the DagBag from /opt/airflow/dags/weather_etl_dag.py
[2025-01-26T16:37:59.388+0000] {logging_mixin.py:190} INFO - [2025-01-26T16:37:59.385+0000] {dagbag.py:387} ERROR - Failed to import: /opt/airflow/dags/weather_etl_dag.py
Traceback (most recent call last):
  File "/home/airflow/.local/lib/python3.12/site-packages/airflow/models/dagbag.py", line 383, in parse
    loader.exec_module(new_module)
  File "<frozen importlib._bootstrap_external>", line 999, in exec_module
  File "<frozen importlib._bootstrap>", line 488, in _call_with_frames_removed
  File "/opt/airflow/dags/weather_etl_dag.py", line 11, in <module>
    from tasks.extract import extract_weather_data
ModuleNotFoundError: No module named 'tasks'
[2025-01-26T16:37:59.389+0000] {processor.py:927} WARNING - No viable dags retrieved from /opt/airflow/dags/weather_etl_dag.py
[2025-01-26T16:37:59.430+0000] {processor.py:208} INFO - Processing /opt/airflow/dags/weather_etl_dag.py took 0.082 seconds
[2025-01-26T16:38:29.932+0000] {processor.py:186} INFO - Started process (PID=336) to work on /opt/airflow/dags/weather_etl_dag.py
[2025-01-26T16:38:29.933+0000] {processor.py:914} INFO - Processing file /opt/airflow/dags/weather_etl_dag.py for tasks to queue
[2025-01-26T16:38:29.937+0000] {logging_mixin.py:190} INFO - [2025-01-26T16:38:29.936+0000] {dagbag.py:588} INFO - Filling up the DagBag from /opt/airflow/dags/weather_etl_dag.py
[2025-01-26T16:38:29.947+0000] {logging_mixin.py:190} INFO - [2025-01-26T16:38:29.945+0000] {dagbag.py:387} ERROR - Failed to import: /opt/airflow/dags/weather_etl_dag.py
Traceback (most recent call last):
  File "/home/airflow/.local/lib/python3.12/site-packages/airflow/models/dagbag.py", line 383, in parse
    loader.exec_module(new_module)
  File "<frozen importlib._bootstrap_external>", line 999, in exec_module
  File "<frozen importlib._bootstrap>", line 488, in _call_with_frames_removed
  File "/opt/airflow/dags/weather_etl_dag.py", line 11, in <module>
    from tasks.extract import extract_weather_data
ModuleNotFoundError: No module named 'tasks'
[2025-01-26T16:38:29.948+0000] {processor.py:927} WARNING - No viable dags retrieved from /opt/airflow/dags/weather_etl_dag.py
[2025-01-26T16:38:29.985+0000] {processor.py:208} INFO - Processing /opt/airflow/dags/weather_etl_dag.py took 0.059 seconds
[2025-01-26T16:39:42.365+0000] {processor.py:186} INFO - Started process (PID=473) to work on /opt/airflow/dags/weather_etl_dag.py
[2025-01-26T16:39:42.366+0000] {processor.py:914} INFO - Processing file /opt/airflow/dags/weather_etl_dag.py for tasks to queue
[2025-01-26T16:39:42.371+0000] {logging_mixin.py:190} INFO - [2025-01-26T16:39:42.370+0000] {dagbag.py:588} INFO - Filling up the DagBag from /opt/airflow/dags/weather_etl_dag.py
[2025-01-26T16:39:42.384+0000] {logging_mixin.py:190} INFO - [2025-01-26T16:39:42.381+0000] {dagbag.py:387} ERROR - Failed to import: /opt/airflow/dags/weather_etl_dag.py
Traceback (most recent call last):
  File "/home/airflow/.local/lib/python3.12/site-packages/airflow/models/dagbag.py", line 383, in parse
    loader.exec_module(new_module)
  File "<frozen importlib._bootstrap_external>", line 999, in exec_module
  File "<frozen importlib._bootstrap>", line 488, in _call_with_frames_removed
  File "/opt/airflow/dags/weather_etl_dag.py", line 11, in <module>
    from tasks.extract import extract_weather_data
ModuleNotFoundError: No module named 'tasks'
[2025-01-26T16:39:42.385+0000] {processor.py:927} WARNING - No viable dags retrieved from /opt/airflow/dags/weather_etl_dag.py
[2025-01-26T16:39:42.424+0000] {processor.py:208} INFO - Processing /opt/airflow/dags/weather_etl_dag.py took 0.066 seconds
[2025-01-26T16:40:17.152+0000] {processor.py:186} INFO - Started process (PID=555) to work on /opt/airflow/dags/weather_etl_dag.py
[2025-01-26T16:40:17.153+0000] {processor.py:914} INFO - Processing file /opt/airflow/dags/weather_etl_dag.py for tasks to queue
[2025-01-26T16:40:17.156+0000] {logging_mixin.py:190} INFO - [2025-01-26T16:40:17.156+0000] {dagbag.py:588} INFO - Filling up the DagBag from /opt/airflow/dags/weather_etl_dag.py
[2025-01-26T16:40:17.165+0000] {logging_mixin.py:190} INFO - [2025-01-26T16:40:17.163+0000] {dagbag.py:387} ERROR - Failed to import: /opt/airflow/dags/weather_etl_dag.py
Traceback (most recent call last):
  File "/home/airflow/.local/lib/python3.12/site-packages/airflow/models/dagbag.py", line 383, in parse
    loader.exec_module(new_module)
  File "<frozen importlib._bootstrap_external>", line 999, in exec_module
  File "<frozen importlib._bootstrap>", line 488, in _call_with_frames_removed
  File "/opt/airflow/dags/weather_etl_dag.py", line 11, in <module>
    from tasks.extract import extract_weather_data
ModuleNotFoundError: No module named 'tasks'
[2025-01-26T16:40:17.166+0000] {processor.py:927} WARNING - No viable dags retrieved from /opt/airflow/dags/weather_etl_dag.py
[2025-01-26T16:40:17.192+0000] {processor.py:208} INFO - Processing /opt/airflow/dags/weather_etl_dag.py took 0.046 seconds
[2025-01-26T16:42:10.376+0000] {processor.py:186} INFO - Started process (PID=134) to work on /opt/airflow/dags/weather_etl_dag.py
[2025-01-26T16:42:10.377+0000] {processor.py:914} INFO - Processing file /opt/airflow/dags/weather_etl_dag.py for tasks to queue
[2025-01-26T16:42:10.380+0000] {logging_mixin.py:190} INFO - [2025-01-26T16:42:10.379+0000] {dagbag.py:588} INFO - Filling up the DagBag from /opt/airflow/dags/weather_etl_dag.py
[2025-01-26T16:42:11.000+0000] {processor.py:925} INFO - DAG(s) 'Temp_elt' retrieved from /opt/airflow/dags/weather_etl_dag.py
[2025-01-26T16:42:11.348+0000] {logging_mixin.py:190} INFO - [2025-01-26T16:42:11.346+0000] {override.py:1911} INFO - Created Permission View: can read on DAG:Temp_elt
[2025-01-26T16:42:11.403+0000] {logging_mixin.py:190} INFO - [2025-01-26T16:42:11.402+0000] {override.py:1911} INFO - Created Permission View: can delete on DAG:Temp_elt
[2025-01-26T16:42:11.436+0000] {logging_mixin.py:190} INFO - [2025-01-26T16:42:11.436+0000] {override.py:1911} INFO - Created Permission View: can edit on DAG:Temp_elt
[2025-01-26T16:42:11.487+0000] {logging_mixin.py:190} INFO - [2025-01-26T16:42:11.486+0000] {override.py:1911} INFO - Created Permission View: can read on DAG Run:Temp_elt
[2025-01-26T16:42:11.514+0000] {logging_mixin.py:190} INFO - [2025-01-26T16:42:11.513+0000] {override.py:1911} INFO - Created Permission View: can delete on DAG Run:Temp_elt
[2025-01-26T16:42:11.537+0000] {logging_mixin.py:190} INFO - [2025-01-26T16:42:11.537+0000] {override.py:1911} INFO - Created Permission View: can create on DAG Run:Temp_elt
[2025-01-26T16:42:11.572+0000] {logging_mixin.py:190} INFO - [2025-01-26T16:42:11.571+0000] {override.py:1911} INFO - Created Permission View: menu access on DAG Run:Temp_elt
[2025-01-26T16:42:11.573+0000] {logging_mixin.py:190} INFO - [2025-01-26T16:42:11.572+0000] {dag.py:3239} INFO - Sync 1 DAGs
[2025-01-26T16:42:11.602+0000] {logging_mixin.py:190} INFO - [2025-01-26T16:42:11.602+0000] {dag.py:3262} INFO - Creating ORM DAG for Temp_elt
[2025-01-26T16:42:11.621+0000] {logging_mixin.py:190} INFO - [2025-01-26T16:42:11.621+0000] {dag.py:4180} INFO - Setting next_dagrun for Temp_elt to 2025-01-03 00:00:00+00:00, run_after=2025-01-04 00:00:00+00:00
[2025-01-26T16:42:11.693+0000] {processor.py:208} INFO - Processing /opt/airflow/dags/weather_etl_dag.py took 1.325 seconds
[2025-01-26T16:42:41.846+0000] {processor.py:186} INFO - Started process (PID=151) to work on /opt/airflow/dags/weather_etl_dag.py
[2025-01-26T16:42:41.847+0000] {processor.py:914} INFO - Processing file /opt/airflow/dags/weather_etl_dag.py for tasks to queue
[2025-01-26T16:42:41.852+0000] {logging_mixin.py:190} INFO - [2025-01-26T16:42:41.851+0000] {dagbag.py:588} INFO - Filling up the DagBag from /opt/airflow/dags/weather_etl_dag.py
[2025-01-26T16:42:42.651+0000] {processor.py:925} INFO - DAG(s) 'Temp_elt' retrieved from /opt/airflow/dags/weather_etl_dag.py
[2025-01-26T16:42:42.690+0000] {logging_mixin.py:190} INFO - [2025-01-26T16:42:42.689+0000] {dag.py:3239} INFO - Sync 1 DAGs
[2025-01-26T16:42:42.733+0000] {logging_mixin.py:190} INFO - [2025-01-26T16:42:42.732+0000] {dag.py:4180} INFO - Setting next_dagrun for Temp_elt to 2025-01-03 00:00:00+00:00, run_after=2025-01-04 00:00:00+00:00
[2025-01-26T16:42:42.833+0000] {processor.py:208} INFO - Processing /opt/airflow/dags/weather_etl_dag.py took 0.989 seconds
[2025-01-26T16:43:13.808+0000] {processor.py:186} INFO - Started process (PID=157) to work on /opt/airflow/dags/weather_etl_dag.py
[2025-01-26T16:43:13.809+0000] {processor.py:914} INFO - Processing file /opt/airflow/dags/weather_etl_dag.py for tasks to queue
[2025-01-26T16:43:13.812+0000] {logging_mixin.py:190} INFO - [2025-01-26T16:43:13.812+0000] {dagbag.py:588} INFO - Filling up the DagBag from /opt/airflow/dags/weather_etl_dag.py
[2025-01-26T16:43:14.399+0000] {processor.py:925} INFO - DAG(s) 'Temp_elt' retrieved from /opt/airflow/dags/weather_etl_dag.py
[2025-01-26T16:43:14.421+0000] {logging_mixin.py:190} INFO - [2025-01-26T16:43:14.421+0000] {dag.py:3239} INFO - Sync 1 DAGs
[2025-01-26T16:43:14.445+0000] {logging_mixin.py:190} INFO - [2025-01-26T16:43:14.445+0000] {dag.py:4180} INFO - Setting next_dagrun for Temp_elt to 2025-01-03 00:00:00+00:00, run_after=2025-01-04 00:00:00+00:00
[2025-01-26T16:43:14.482+0000] {processor.py:208} INFO - Processing /opt/airflow/dags/weather_etl_dag.py took 0.681 seconds
[2025-01-26T16:43:45.252+0000] {processor.py:186} INFO - Started process (PID=163) to work on /opt/airflow/dags/weather_etl_dag.py
[2025-01-26T16:43:45.254+0000] {processor.py:914} INFO - Processing file /opt/airflow/dags/weather_etl_dag.py for tasks to queue
[2025-01-26T16:43:45.257+0000] {logging_mixin.py:190} INFO - [2025-01-26T16:43:45.257+0000] {dagbag.py:588} INFO - Filling up the DagBag from /opt/airflow/dags/weather_etl_dag.py
[2025-01-26T16:43:46.058+0000] {processor.py:925} INFO - DAG(s) 'Temp_elt' retrieved from /opt/airflow/dags/weather_etl_dag.py
[2025-01-26T16:43:46.082+0000] {logging_mixin.py:190} INFO - [2025-01-26T16:43:46.082+0000] {dag.py:3239} INFO - Sync 1 DAGs
[2025-01-26T16:43:46.108+0000] {logging_mixin.py:190} INFO - [2025-01-26T16:43:46.108+0000] {dag.py:4180} INFO - Setting next_dagrun for Temp_elt to 2025-01-03 00:00:00+00:00, run_after=2025-01-04 00:00:00+00:00
[2025-01-26T16:43:46.153+0000] {processor.py:208} INFO - Processing /opt/airflow/dags/weather_etl_dag.py took 0.909 seconds
[2025-01-26T16:44:59.888+0000] {processor.py:186} INFO - Started process (PID=314) to work on /opt/airflow/dags/weather_etl_dag.py
[2025-01-26T16:44:59.890+0000] {processor.py:914} INFO - Processing file /opt/airflow/dags/weather_etl_dag.py for tasks to queue
[2025-01-26T16:44:59.893+0000] {logging_mixin.py:190} INFO - [2025-01-26T16:44:59.893+0000] {dagbag.py:588} INFO - Filling up the DagBag from /opt/airflow/dags/weather_etl_dag.py
[2025-01-26T16:45:00.534+0000] {processor.py:925} INFO - DAG(s) 'Temp_elt' retrieved from /opt/airflow/dags/weather_etl_dag.py
[2025-01-26T16:45:00.561+0000] {logging_mixin.py:190} INFO - [2025-01-26T16:45:00.561+0000] {dag.py:3239} INFO - Sync 1 DAGs
[2025-01-26T16:45:00.585+0000] {logging_mixin.py:190} INFO - [2025-01-26T16:45:00.584+0000] {dag.py:4180} INFO - Setting next_dagrun for Temp_elt to 2025-01-03 00:00:00+00:00, run_after=2025-01-04 00:00:00+00:00
[2025-01-26T16:45:00.629+0000] {processor.py:208} INFO - Processing /opt/airflow/dags/weather_etl_dag.py took 0.748 seconds
[2025-01-26T16:45:32.088+0000] {processor.py:186} INFO - Started process (PID=332) to work on /opt/airflow/dags/weather_etl_dag.py
[2025-01-26T16:45:32.090+0000] {processor.py:914} INFO - Processing file /opt/airflow/dags/weather_etl_dag.py for tasks to queue
[2025-01-26T16:45:32.094+0000] {logging_mixin.py:190} INFO - [2025-01-26T16:45:32.093+0000] {dagbag.py:588} INFO - Filling up the DagBag from /opt/airflow/dags/weather_etl_dag.py
[2025-01-26T16:45:32.663+0000] {processor.py:925} INFO - DAG(s) 'Temp_elt' retrieved from /opt/airflow/dags/weather_etl_dag.py
[2025-01-26T16:45:32.687+0000] {logging_mixin.py:190} INFO - [2025-01-26T16:45:32.686+0000] {dag.py:3239} INFO - Sync 1 DAGs
[2025-01-26T16:45:32.719+0000] {logging_mixin.py:190} INFO - [2025-01-26T16:45:32.718+0000] {dag.py:4180} INFO - Setting next_dagrun for Temp_elt to 2025-01-03 00:00:00+00:00, run_after=2025-01-04 00:00:00+00:00
[2025-01-26T16:45:32.777+0000] {processor.py:208} INFO - Processing /opt/airflow/dags/weather_etl_dag.py took 0.699 seconds
[2025-01-26T16:46:03.530+0000] {processor.py:186} INFO - Started process (PID=350) to work on /opt/airflow/dags/weather_etl_dag.py
[2025-01-26T16:46:03.531+0000] {processor.py:914} INFO - Processing file /opt/airflow/dags/weather_etl_dag.py for tasks to queue
[2025-01-26T16:46:03.533+0000] {logging_mixin.py:190} INFO - [2025-01-26T16:46:03.533+0000] {dagbag.py:588} INFO - Filling up the DagBag from /opt/airflow/dags/weather_etl_dag.py
[2025-01-26T16:46:04.091+0000] {processor.py:925} INFO - DAG(s) 'Temp_elt' retrieved from /opt/airflow/dags/weather_etl_dag.py
[2025-01-26T16:46:04.114+0000] {logging_mixin.py:190} INFO - [2025-01-26T16:46:04.113+0000] {dag.py:3239} INFO - Sync 1 DAGs
[2025-01-26T16:46:04.132+0000] {logging_mixin.py:190} INFO - [2025-01-26T16:46:04.132+0000] {dag.py:4180} INFO - Setting next_dagrun for Temp_elt to 2025-01-03 00:00:00+00:00, run_after=2025-01-04 00:00:00+00:00
[2025-01-26T16:46:04.166+0000] {processor.py:208} INFO - Processing /opt/airflow/dags/weather_etl_dag.py took 0.643 seconds
[2025-01-26T16:46:34.309+0000] {processor.py:186} INFO - Started process (PID=356) to work on /opt/airflow/dags/weather_etl_dag.py
[2025-01-26T16:46:34.311+0000] {processor.py:914} INFO - Processing file /opt/airflow/dags/weather_etl_dag.py for tasks to queue
[2025-01-26T16:46:34.314+0000] {logging_mixin.py:190} INFO - [2025-01-26T16:46:34.314+0000] {dagbag.py:588} INFO - Filling up the DagBag from /opt/airflow/dags/weather_etl_dag.py
[2025-01-26T16:46:34.899+0000] {processor.py:925} INFO - DAG(s) 'Temp_elt' retrieved from /opt/airflow/dags/weather_etl_dag.py
[2025-01-26T16:46:34.942+0000] {logging_mixin.py:190} INFO - [2025-01-26T16:46:34.920+0000] {dag.py:3239} INFO - Sync 1 DAGs
[2025-01-26T16:46:34.970+0000] {logging_mixin.py:190} INFO - [2025-01-26T16:46:34.970+0000] {dag.py:4180} INFO - Setting next_dagrun for Temp_elt to 2025-01-03 00:00:00+00:00, run_after=2025-01-04 00:00:00+00:00
[2025-01-26T16:46:35.014+0000] {processor.py:208} INFO - Processing /opt/airflow/dags/weather_etl_dag.py took 0.712 seconds
[2025-01-26T16:47:16.451+0000] {processor.py:186} INFO - Started process (PID=387) to work on /opt/airflow/dags/weather_etl_dag.py
[2025-01-26T16:47:16.452+0000] {processor.py:914} INFO - Processing file /opt/airflow/dags/weather_etl_dag.py for tasks to queue
[2025-01-26T16:47:16.455+0000] {logging_mixin.py:190} INFO - [2025-01-26T16:47:16.454+0000] {dagbag.py:588} INFO - Filling up the DagBag from /opt/airflow/dags/weather_etl_dag.py
[2025-01-26T16:47:16.965+0000] {processor.py:925} INFO - DAG(s) 'Temp_elt' retrieved from /opt/airflow/dags/weather_etl_dag.py
[2025-01-26T16:47:16.986+0000] {logging_mixin.py:190} INFO - [2025-01-26T16:47:16.986+0000] {dag.py:3239} INFO - Sync 1 DAGs
[2025-01-26T16:47:17.004+0000] {logging_mixin.py:190} INFO - [2025-01-26T16:47:17.004+0000] {dag.py:4180} INFO - Setting next_dagrun for Temp_elt to 2025-01-03 00:00:00+00:00, run_after=2025-01-04 00:00:00+00:00
[2025-01-26T16:47:17.037+0000] {processor.py:208} INFO - Processing /opt/airflow/dags/weather_etl_dag.py took 0.591 seconds
[2025-01-26T16:47:47.168+0000] {processor.py:186} INFO - Started process (PID=393) to work on /opt/airflow/dags/weather_etl_dag.py
[2025-01-26T16:47:47.170+0000] {processor.py:914} INFO - Processing file /opt/airflow/dags/weather_etl_dag.py for tasks to queue
[2025-01-26T16:47:47.173+0000] {logging_mixin.py:190} INFO - [2025-01-26T16:47:47.172+0000] {dagbag.py:588} INFO - Filling up the DagBag from /opt/airflow/dags/weather_etl_dag.py
[2025-01-26T16:47:47.734+0000] {processor.py:925} INFO - DAG(s) 'Temp_elt' retrieved from /opt/airflow/dags/weather_etl_dag.py
[2025-01-26T16:47:47.756+0000] {logging_mixin.py:190} INFO - [2025-01-26T16:47:47.756+0000] {dag.py:3239} INFO - Sync 1 DAGs
[2025-01-26T16:47:47.777+0000] {logging_mixin.py:190} INFO - [2025-01-26T16:47:47.776+0000] {dag.py:4180} INFO - Setting next_dagrun for Temp_elt to 2025-01-03 00:00:00+00:00, run_after=2025-01-04 00:00:00+00:00
[2025-01-26T16:47:47.811+0000] {processor.py:208} INFO - Processing /opt/airflow/dags/weather_etl_dag.py took 0.651 seconds
[2025-01-26T16:48:18.172+0000] {processor.py:186} INFO - Started process (PID=399) to work on /opt/airflow/dags/weather_etl_dag.py
[2025-01-26T16:48:18.173+0000] {processor.py:914} INFO - Processing file /opt/airflow/dags/weather_etl_dag.py for tasks to queue
[2025-01-26T16:48:18.176+0000] {logging_mixin.py:190} INFO - [2025-01-26T16:48:18.175+0000] {dagbag.py:588} INFO - Filling up the DagBag from /opt/airflow/dags/weather_etl_dag.py
[2025-01-26T16:48:18.639+0000] {processor.py:925} INFO - DAG(s) 'Temp_elt' retrieved from /opt/airflow/dags/weather_etl_dag.py
[2025-01-26T16:48:18.661+0000] {logging_mixin.py:190} INFO - [2025-01-26T16:48:18.661+0000] {dag.py:3239} INFO - Sync 1 DAGs
[2025-01-26T16:48:18.683+0000] {logging_mixin.py:190} INFO - [2025-01-26T16:48:18.683+0000] {dag.py:4180} INFO - Setting next_dagrun for Temp_elt to 2025-01-03 00:00:00+00:00, run_after=2025-01-04 00:00:00+00:00
[2025-01-26T16:48:18.722+0000] {processor.py:208} INFO - Processing /opt/airflow/dags/weather_etl_dag.py took 0.558 seconds
[2025-01-26T16:48:49.215+0000] {processor.py:186} INFO - Started process (PID=405) to work on /opt/airflow/dags/weather_etl_dag.py
[2025-01-26T16:48:49.216+0000] {processor.py:914} INFO - Processing file /opt/airflow/dags/weather_etl_dag.py for tasks to queue
[2025-01-26T16:48:49.220+0000] {logging_mixin.py:190} INFO - [2025-01-26T16:48:49.220+0000] {dagbag.py:588} INFO - Filling up the DagBag from /opt/airflow/dags/weather_etl_dag.py
[2025-01-26T16:48:49.744+0000] {processor.py:925} INFO - DAG(s) 'Temp_elt' retrieved from /opt/airflow/dags/weather_etl_dag.py
[2025-01-26T16:48:49.764+0000] {logging_mixin.py:190} INFO - [2025-01-26T16:48:49.763+0000] {dag.py:3239} INFO - Sync 1 DAGs
[2025-01-26T16:48:49.783+0000] {logging_mixin.py:190} INFO - [2025-01-26T16:48:49.782+0000] {dag.py:4180} INFO - Setting next_dagrun for Temp_elt to 2025-01-03 00:00:00+00:00, run_after=2025-01-04 00:00:00+00:00
[2025-01-26T16:48:49.817+0000] {processor.py:208} INFO - Processing /opt/airflow/dags/weather_etl_dag.py took 0.608 seconds
[2025-01-26T16:49:26.591+0000] {processor.py:186} INFO - Started process (PID=465) to work on /opt/airflow/dags/weather_etl_dag.py
[2025-01-26T16:49:26.592+0000] {processor.py:914} INFO - Processing file /opt/airflow/dags/weather_etl_dag.py for tasks to queue
[2025-01-26T16:49:26.595+0000] {logging_mixin.py:190} INFO - [2025-01-26T16:49:26.595+0000] {dagbag.py:588} INFO - Filling up the DagBag from /opt/airflow/dags/weather_etl_dag.py
[2025-01-26T16:49:27.070+0000] {processor.py:925} INFO - DAG(s) 'Temp_elt' retrieved from /opt/airflow/dags/weather_etl_dag.py
[2025-01-26T16:49:27.091+0000] {logging_mixin.py:190} INFO - [2025-01-26T16:49:27.090+0000] {dag.py:3239} INFO - Sync 1 DAGs
[2025-01-26T16:49:27.112+0000] {logging_mixin.py:190} INFO - [2025-01-26T16:49:27.112+0000] {dag.py:4180} INFO - Setting next_dagrun for Temp_elt to 2025-01-03 00:00:00+00:00, run_after=2025-01-04 00:00:00+00:00
[2025-01-26T16:49:27.146+0000] {processor.py:208} INFO - Processing /opt/airflow/dags/weather_etl_dag.py took 0.561 seconds
[2025-01-26T16:51:06.150+0000] {processor.py:186} INFO - Started process (PID=766) to work on /opt/airflow/dags/weather_etl_dag.py
[2025-01-26T16:51:06.151+0000] {processor.py:914} INFO - Processing file /opt/airflow/dags/weather_etl_dag.py for tasks to queue
[2025-01-26T16:51:06.153+0000] {logging_mixin.py:190} INFO - [2025-01-26T16:51:06.153+0000] {dagbag.py:588} INFO - Filling up the DagBag from /opt/airflow/dags/weather_etl_dag.py
[2025-01-26T16:51:06.647+0000] {processor.py:925} INFO - DAG(s) 'Temp_elt' retrieved from /opt/airflow/dags/weather_etl_dag.py
[2025-01-26T16:51:06.667+0000] {logging_mixin.py:190} INFO - [2025-01-26T16:51:06.667+0000] {dag.py:3239} INFO - Sync 1 DAGs
[2025-01-26T16:51:06.687+0000] {logging_mixin.py:190} INFO - [2025-01-26T16:51:06.687+0000] {dag.py:4180} INFO - Setting next_dagrun for Temp_elt to 2025-01-03 00:00:00+00:00, run_after=2025-01-04 00:00:00+00:00
[2025-01-26T16:51:06.720+0000] {processor.py:208} INFO - Processing /opt/airflow/dags/weather_etl_dag.py took 0.576 seconds
[2025-01-26T16:51:37.670+0000] {processor.py:186} INFO - Started process (PID=796) to work on /opt/airflow/dags/weather_etl_dag.py
[2025-01-26T16:51:37.671+0000] {processor.py:914} INFO - Processing file /opt/airflow/dags/weather_etl_dag.py for tasks to queue
[2025-01-26T16:51:37.674+0000] {logging_mixin.py:190} INFO - [2025-01-26T16:51:37.674+0000] {dagbag.py:588} INFO - Filling up the DagBag from /opt/airflow/dags/weather_etl_dag.py
[2025-01-26T16:51:38.151+0000] {processor.py:925} INFO - DAG(s) 'Temp_elt' retrieved from /opt/airflow/dags/weather_etl_dag.py
[2025-01-26T16:51:38.171+0000] {logging_mixin.py:190} INFO - [2025-01-26T16:51:38.170+0000] {dag.py:3239} INFO - Sync 1 DAGs
[2025-01-26T16:51:38.192+0000] {logging_mixin.py:190} INFO - [2025-01-26T16:51:38.192+0000] {dag.py:4180} INFO - Setting next_dagrun for Temp_elt to 2025-01-03 00:00:00+00:00, run_after=2025-01-04 00:00:00+00:00
[2025-01-26T16:51:38.229+0000] {processor.py:208} INFO - Processing /opt/airflow/dags/weather_etl_dag.py took 0.565 seconds
[2025-01-26T16:52:08.412+0000] {processor.py:186} INFO - Started process (PID=802) to work on /opt/airflow/dags/weather_etl_dag.py
[2025-01-26T16:52:08.413+0000] {processor.py:914} INFO - Processing file /opt/airflow/dags/weather_etl_dag.py for tasks to queue
[2025-01-26T16:52:08.416+0000] {logging_mixin.py:190} INFO - [2025-01-26T16:52:08.415+0000] {dagbag.py:588} INFO - Filling up the DagBag from /opt/airflow/dags/weather_etl_dag.py
[2025-01-26T16:52:08.953+0000] {processor.py:925} INFO - DAG(s) 'Temp_elt' retrieved from /opt/airflow/dags/weather_etl_dag.py
[2025-01-26T16:52:08.974+0000] {logging_mixin.py:190} INFO - [2025-01-26T16:52:08.974+0000] {dag.py:3239} INFO - Sync 1 DAGs
[2025-01-26T16:52:08.996+0000] {logging_mixin.py:190} INFO - [2025-01-26T16:52:08.996+0000] {dag.py:4180} INFO - Setting next_dagrun for Temp_elt to 2025-01-03 00:00:00+00:00, run_after=2025-01-04 00:00:00+00:00
[2025-01-26T16:52:09.032+0000] {processor.py:208} INFO - Processing /opt/airflow/dags/weather_etl_dag.py took 0.627 seconds
