[2025-02-01T19:58:20.494+0000] {local_task_job_runner.py:123} INFO - ::group::Pre task execution logs
[2025-02-01T19:58:20.510+0000] {taskinstance.py:2613} INFO - Dependencies all met for dep_context=non-requeueable deps ti=<TaskInstance: Temp_elt_postgres.transform_weather_data scheduled__2025-01-26T00:00:00+00:00 [queued]>
[2025-02-01T19:58:20.519+0000] {taskinstance.py:2613} INFO - Dependencies all met for dep_context=requeueable deps ti=<TaskInstance: Temp_elt_postgres.transform_weather_data scheduled__2025-01-26T00:00:00+00:00 [queued]>
[2025-02-01T19:58:20.520+0000] {taskinstance.py:2866} INFO - Starting attempt 1 of 2
[2025-02-01T19:58:20.554+0000] {taskinstance.py:2889} INFO - Executing <Task(PythonOperator): transform_weather_data> on 2025-01-26 00:00:00+00:00
[2025-02-01T19:58:20.563+0000] {standard_task_runner.py:104} INFO - Running: ['airflow', 'tasks', 'run', 'Temp_elt_postgres', 'transform_weather_data', 'scheduled__2025-01-26T00:00:00+00:00', '--job-id', '86', '--raw', '--subdir', 'DAGS_FOLDER/weather_etl_postgres.py', '--cfg-path', '/tmp/tmpmub9g8l8']
[2025-02-01T19:58:20.566+0000] {standard_task_runner.py:105} INFO - Job 86: Subtask transform_weather_data
[2025-02-01T19:58:20.570+0000] {logging_mixin.py:190} WARNING - /home/airflow/.local/lib/python3.12/site-packages/airflow/task/task_runner/standard_task_runner.py:70 DeprecationWarning: This process (pid=103) is multi-threaded, use of fork() may lead to deadlocks in the child.
[2025-02-01T19:58:20.571+0000] {standard_task_runner.py:72} INFO - Started process 113 to run task
[2025-02-01T19:58:20.635+0000] {task_command.py:467} INFO - Running <TaskInstance: Temp_elt_postgres.transform_weather_data scheduled__2025-01-26T00:00:00+00:00 [running]> on host ba586a51095f
[2025-02-01T19:58:20.729+0000] {taskinstance.py:3132} INFO - Exporting env vars: AIRFLOW_CTX_DAG_OWNER='airflow' AIRFLOW_CTX_DAG_ID='Temp_elt_postgres' AIRFLOW_CTX_TASK_ID='transform_weather_data' AIRFLOW_CTX_EXECUTION_DATE='2025-01-26T00:00:00+00:00' AIRFLOW_CTX_TRY_NUMBER='1' AIRFLOW_CTX_DAG_RUN_ID='scheduled__2025-01-26T00:00:00+00:00'
[2025-02-01T19:58:20.730+0000] {taskinstance.py:731} INFO - ::endgroup::
[2025-02-01T19:58:20.769+0000] {logging_mixin.py:190} INFO - Skipping already processed file: 2025-01-22 06:33.parquet
[2025-02-01T19:58:20.770+0000] {logging_mixin.py:190} INFO - Skipping already processed file: 2025-01-22 06:23.parquet
[2025-02-01T19:58:20.771+0000] {logging_mixin.py:190} INFO - Skipping already processed file: 2025-01-22 12:04.parquet
[2025-02-01T19:58:20.771+0000] {logging_mixin.py:190} INFO - Skipping already processed file: 2025-01-22 11:55.parquet
[2025-02-01T19:58:20.772+0000] {logging_mixin.py:190} INFO - Skipping already processed file: 2025-01-22 11:45.parquet
[2025-02-01T19:58:20.772+0000] {logging_mixin.py:190} INFO - Skipping already processed file: 2025-01-22 11:27.parquet
[2025-02-01T19:58:20.773+0000] {logging_mixin.py:190} INFO - Skipping already processed file: 2025-01-22 11:36.parquet
[2025-02-01T19:58:20.773+0000] {logging_mixin.py:190} INFO - Skipping already processed file: 2025-01-22 05:08.parquet
[2025-02-01T19:58:20.773+0000] {logging_mixin.py:190} INFO - Processing: 2025-01-22 11:24.parquet
[2025-02-01T19:58:20.926+0000] {logging_mixin.py:190} INFO - processed data saved partitioned by date.
[2025-02-01T19:58:20.949+0000] {logging_mixin.py:190} INFO -      location                     region  ... feelslike_f        date
0  Gwagwaldda  Federal Capital Territory  ...        87.7  2025-01-22

[1 rows x 11 columns]
[2025-02-01T19:58:20.952+0000] {python.py:240} INFO - Done. Returned value was: [{'location': 'Gwagwaldda', 'region': 'Federal Capital Territory', 'country': 'Nigeria', 'lat': 8.9414, 'lon': 7.0919, 'localtime': '2025-01-22 11:24', 'temperature_c': 33.1, 'temperature_f': 91.6, 'feelslike_c': 31.0, 'feelslike_f': 87.7, 'date': datetime.date(2025, 1, 22)}]
[2025-02-01T19:58:20.982+0000] {taskinstance.py:340} INFO - ::group::Post task execution logs
[2025-02-01T19:58:20.983+0000] {taskinstance.py:352} INFO - Marking task as SUCCESS. dag_id=Temp_elt_postgres, task_id=transform_weather_data, run_id=scheduled__2025-01-26T00:00:00+00:00, execution_date=20250126T000000, start_date=20250201T195820, end_date=20250201T195820
[2025-02-01T19:58:21.040+0000] {local_task_job_runner.py:266} INFO - Task exited with return code 0
[2025-02-01T19:58:21.077+0000] {taskinstance.py:3895} INFO - 1 downstream tasks scheduled from follow-on schedule check
[2025-02-01T19:58:21.085+0000] {local_task_job_runner.py:245} INFO - ::endgroup::
