[2025-01-26T16:50:26.879+0000] {local_task_job_runner.py:123} INFO - ::group::Pre task execution logs
[2025-01-26T16:50:26.892+0000] {taskinstance.py:2613} INFO - Dependencies all met for dep_context=non-requeueable deps ti=<TaskInstance: Temp_elt_postgres.transform_weather_data manual__2025-01-26T16:49:45.660422+00:00 [queued]>
[2025-01-26T16:50:26.900+0000] {taskinstance.py:2613} INFO - Dependencies all met for dep_context=requeueable deps ti=<TaskInstance: Temp_elt_postgres.transform_weather_data manual__2025-01-26T16:49:45.660422+00:00 [queued]>
[2025-01-26T16:50:26.900+0000] {taskinstance.py:2866} INFO - Starting attempt 1 of 2
[2025-01-26T16:50:26.926+0000] {taskinstance.py:2889} INFO - Executing <Task(PythonOperator): transform_weather_data> on 2025-01-26 16:49:45.660422+00:00
[2025-01-26T16:50:26.933+0000] {standard_task_runner.py:104} INFO - Running: ['airflow', 'tasks', 'run', 'Temp_elt_postgres', 'transform_weather_data', 'manual__2025-01-26T16:49:45.660422+00:00', '--job-id', '70', '--raw', '--subdir', 'DAGS_FOLDER/weather_etl_postgres.py', '--cfg-path', '/tmp/tmpbjus0tys']
[2025-01-26T16:50:26.937+0000] {standard_task_runner.py:105} INFO - Job 70: Subtask transform_weather_data
[2025-01-26T16:50:26.941+0000] {logging_mixin.py:190} WARNING - /home/airflow/.local/lib/python3.12/site-packages/airflow/task/task_runner/standard_task_runner.py:70 DeprecationWarning: This process (pid=648) is multi-threaded, use of fork() may lead to deadlocks in the child.
[2025-01-26T16:50:26.941+0000] {standard_task_runner.py:72} INFO - Started process 658 to run task
[2025-01-26T16:50:26.995+0000] {task_command.py:467} INFO - Running <TaskInstance: Temp_elt_postgres.transform_weather_data manual__2025-01-26T16:49:45.660422+00:00 [running]> on host b597abfab341
[2025-01-26T16:50:27.078+0000] {taskinstance.py:3132} INFO - Exporting env vars: AIRFLOW_CTX_DAG_OWNER='airflow' AIRFLOW_CTX_DAG_ID='Temp_elt_postgres' AIRFLOW_CTX_TASK_ID='transform_weather_data' AIRFLOW_CTX_EXECUTION_DATE='2025-01-26T16:49:45.660422+00:00' AIRFLOW_CTX_TRY_NUMBER='1' AIRFLOW_CTX_DAG_RUN_ID='manual__2025-01-26T16:49:45.660422+00:00'
[2025-01-26T16:50:27.079+0000] {taskinstance.py:731} INFO - ::endgroup::
[2025-01-26T16:50:27.099+0000] {logging_mixin.py:190} INFO - Skipping already processed file: 2025-01-22 06:33.parquet
[2025-01-26T16:50:27.100+0000] {logging_mixin.py:190} INFO - Skipping already processed file: 2025-01-22 06:23.parquet
[2025-01-26T16:50:27.100+0000] {logging_mixin.py:190} INFO - Skipping already processed file: 2025-01-22 12:04.parquet
[2025-01-26T16:50:27.101+0000] {logging_mixin.py:190} INFO - Skipping already processed file: 2025-01-22 11:55.parquet
[2025-01-26T16:50:27.101+0000] {logging_mixin.py:190} INFO - Skipping already processed file: 2025-01-22 11:45.parquet
[2025-01-26T16:50:27.101+0000] {logging_mixin.py:190} INFO - Skipping already processed file: 2025-01-22 11:27.parquet
[2025-01-26T16:50:27.102+0000] {logging_mixin.py:190} INFO - Skipping already processed file: 2025-01-22 11:36.parquet
[2025-01-26T16:50:27.102+0000] {logging_mixin.py:190} INFO - Processing: 2025-01-22 05:08.parquet
[2025-01-26T16:50:27.155+0000] {logging_mixin.py:190} INFO - processed data saved partitioned by date.
[2025-01-26T16:50:27.168+0000] {logging_mixin.py:190} INFO -      location                     region  ... feelslike_f        date
0  Gwagwaldda  Federal Capital Territory  ...        72.8  2025-01-22

[1 rows x 11 columns]
[2025-01-26T16:50:27.170+0000] {python.py:240} INFO - Done. Returned value was: [{'location': 'Gwagwaldda', 'region': 'Federal Capital Territory', 'country': 'Nigeria', 'lat': 8.9414, 'lon': 7.0919, 'localtime': '2025-01-22 05:08', 'temperature_c': 23.1, 'temperature_f': 73.6, 'feelslike_c': 22.6, 'feelslike_f': 72.8, 'date': datetime.date(2025, 1, 22)}]
[2025-01-26T16:50:27.204+0000] {taskinstance.py:340} INFO - ::group::Post task execution logs
[2025-01-26T16:50:27.204+0000] {taskinstance.py:352} INFO - Marking task as SUCCESS. dag_id=Temp_elt_postgres, task_id=transform_weather_data, run_id=manual__2025-01-26T16:49:45.660422+00:00, execution_date=20250126T164945, start_date=20250126T165026, end_date=20250126T165027
[2025-01-26T16:50:27.245+0000] {local_task_job_runner.py:266} INFO - Task exited with return code 0
[2025-01-26T16:50:27.273+0000] {taskinstance.py:3895} INFO - 1 downstream tasks scheduled from follow-on schedule check
[2025-01-26T16:50:27.280+0000] {local_task_job_runner.py:245} INFO - ::endgroup::
