[2025-01-06T01:51:23.463+0100] {processor.py:186} INFO - Started process (PID=4238) to work on /Users/azeez.ganiyu/airflow_venv/lib/python3.9/site-packages/airflow/example_dags/plugins/event_listener.py
[2025-01-06T01:51:23.468+0100] {processor.py:914} INFO - Processing file /Users/azeez.ganiyu/airflow_venv/lib/python3.9/site-packages/airflow/example_dags/plugins/event_listener.py for tasks to queue
[2025-01-06T01:51:23.469+0100] {logging_mixin.py:190} INFO - [2025-01-06T01:51:23.469+0100] {dagbag.py:588} INFO - Filling up the DagBag from /Users/azeez.ganiyu/airflow_venv/lib/python3.9/site-packages/airflow/example_dags/plugins/event_listener.py
[2025-01-06T01:51:23.472+0100] {processor.py:927} WARNING - No viable dags retrieved from /Users/azeez.ganiyu/airflow_venv/lib/python3.9/site-packages/airflow/example_dags/plugins/event_listener.py
[2025-01-06T01:51:23.598+0100] {processor.py:208} INFO - Processing /Users/azeez.ganiyu/airflow_venv/lib/python3.9/site-packages/airflow/example_dags/plugins/event_listener.py took 0.144 seconds
[2025-01-06T15:49:31.541+0100] {processor.py:186} INFO - Started process (PID=5680) to work on /Users/azeez.ganiyu/airflow_venv/lib/python3.9/site-packages/airflow/example_dags/plugins/event_listener.py
[2025-01-06T15:49:31.557+0100] {processor.py:914} INFO - Processing file /Users/azeez.ganiyu/airflow_venv/lib/python3.9/site-packages/airflow/example_dags/plugins/event_listener.py for tasks to queue
[2025-01-06T15:49:31.578+0100] {logging_mixin.py:190} INFO - [2025-01-06T15:49:31.577+0100] {dagbag.py:588} INFO - Filling up the DagBag from /Users/azeez.ganiyu/airflow_venv/lib/python3.9/site-packages/airflow/example_dags/plugins/event_listener.py
[2025-01-06T15:49:31.600+0100] {processor.py:927} WARNING - No viable dags retrieved from /Users/azeez.ganiyu/airflow_venv/lib/python3.9/site-packages/airflow/example_dags/plugins/event_listener.py
[2025-01-06T15:49:31.752+0100] {processor.py:208} INFO - Processing /Users/azeez.ganiyu/airflow_venv/lib/python3.9/site-packages/airflow/example_dags/plugins/event_listener.py took 0.219 seconds
[2025-01-06T16:15:35.323+0100] {processor.py:186} INFO - Started process (PID=16568) to work on /Users/azeez.ganiyu/airflow_venv/lib/python3.9/site-packages/airflow/example_dags/plugins/event_listener.py
[2025-01-06T16:15:35.330+0100] {processor.py:914} INFO - Processing file /Users/azeez.ganiyu/airflow_venv/lib/python3.9/site-packages/airflow/example_dags/plugins/event_listener.py for tasks to queue
[2025-01-06T16:15:35.331+0100] {logging_mixin.py:190} INFO - [2025-01-06T16:15:35.331+0100] {dagbag.py:588} INFO - Filling up the DagBag from /Users/azeez.ganiyu/airflow_venv/lib/python3.9/site-packages/airflow/example_dags/plugins/event_listener.py
[2025-01-06T16:15:35.334+0100] {processor.py:927} WARNING - No viable dags retrieved from /Users/azeez.ganiyu/airflow_venv/lib/python3.9/site-packages/airflow/example_dags/plugins/event_listener.py
[2025-01-06T16:15:35.484+0100] {processor.py:208} INFO - Processing /Users/azeez.ganiyu/airflow_venv/lib/python3.9/site-packages/airflow/example_dags/plugins/event_listener.py took 0.169 seconds
[2025-01-06T16:20:56.987+0100] {processor.py:186} INFO - Started process (PID=19046) to work on /Users/azeez.ganiyu/airflow_venv/lib/python3.9/site-packages/airflow/example_dags/plugins/event_listener.py
[2025-01-06T16:20:56.994+0100] {processor.py:914} INFO - Processing file /Users/azeez.ganiyu/airflow_venv/lib/python3.9/site-packages/airflow/example_dags/plugins/event_listener.py for tasks to queue
[2025-01-06T16:20:56.995+0100] {logging_mixin.py:190} INFO - [2025-01-06T16:20:56.995+0100] {dagbag.py:588} INFO - Filling up the DagBag from /Users/azeez.ganiyu/airflow_venv/lib/python3.9/site-packages/airflow/example_dags/plugins/event_listener.py
[2025-01-06T16:20:56.997+0100] {processor.py:927} WARNING - No viable dags retrieved from /Users/azeez.ganiyu/airflow_venv/lib/python3.9/site-packages/airflow/example_dags/plugins/event_listener.py
[2025-01-06T16:20:57.128+0100] {processor.py:208} INFO - Processing /Users/azeez.ganiyu/airflow_venv/lib/python3.9/site-packages/airflow/example_dags/plugins/event_listener.py took 0.148 seconds
[2025-01-06T16:25:07.901+0100] {processor.py:186} INFO - Started process (PID=20424) to work on /Users/azeez.ganiyu/airflow_venv/lib/python3.9/site-packages/airflow/example_dags/plugins/event_listener.py
[2025-01-06T16:25:07.908+0100] {processor.py:914} INFO - Processing file /Users/azeez.ganiyu/airflow_venv/lib/python3.9/site-packages/airflow/example_dags/plugins/event_listener.py for tasks to queue
[2025-01-06T16:25:07.909+0100] {logging_mixin.py:190} INFO - [2025-01-06T16:25:07.909+0100] {dagbag.py:588} INFO - Filling up the DagBag from /Users/azeez.ganiyu/airflow_venv/lib/python3.9/site-packages/airflow/example_dags/plugins/event_listener.py
[2025-01-06T16:25:07.912+0100] {processor.py:927} WARNING - No viable dags retrieved from /Users/azeez.ganiyu/airflow_venv/lib/python3.9/site-packages/airflow/example_dags/plugins/event_listener.py
[2025-01-06T16:25:08.062+0100] {processor.py:208} INFO - Processing /Users/azeez.ganiyu/airflow_venv/lib/python3.9/site-packages/airflow/example_dags/plugins/event_listener.py took 0.169 seconds
