[2025-01-06T01:51:19.927+0100] {processor.py:186} INFO - Started process (PID=4218) to work on /Users/azeez.ganiyu/airflow_venv/lib/python3.9/site-packages/airflow/example_dags/plugins/listener_plugin.py
[2025-01-06T01:51:19.932+0100] {processor.py:914} INFO - Processing file /Users/azeez.ganiyu/airflow_venv/lib/python3.9/site-packages/airflow/example_dags/plugins/listener_plugin.py for tasks to queue
[2025-01-06T01:51:19.933+0100] {logging_mixin.py:190} INFO - [2025-01-06T01:51:19.933+0100] {dagbag.py:588} INFO - Filling up the DagBag from /Users/azeez.ganiyu/airflow_venv/lib/python3.9/site-packages/airflow/example_dags/plugins/listener_plugin.py
[2025-01-06T01:51:19.938+0100] {processor.py:927} WARNING - No viable dags retrieved from /Users/azeez.ganiyu/airflow_venv/lib/python3.9/site-packages/airflow/example_dags/plugins/listener_plugin.py
[2025-01-06T01:51:20.068+0100] {processor.py:208} INFO - Processing /Users/azeez.ganiyu/airflow_venv/lib/python3.9/site-packages/airflow/example_dags/plugins/listener_plugin.py took 0.149 seconds
[2025-01-06T15:49:27.859+0100] {processor.py:186} INFO - Started process (PID=5668) to work on /Users/azeez.ganiyu/airflow_venv/lib/python3.9/site-packages/airflow/example_dags/plugins/listener_plugin.py
[2025-01-06T15:49:27.864+0100] {processor.py:914} INFO - Processing file /Users/azeez.ganiyu/airflow_venv/lib/python3.9/site-packages/airflow/example_dags/plugins/listener_plugin.py for tasks to queue
[2025-01-06T15:49:27.866+0100] {logging_mixin.py:190} INFO - [2025-01-06T15:49:27.865+0100] {dagbag.py:588} INFO - Filling up the DagBag from /Users/azeez.ganiyu/airflow_venv/lib/python3.9/site-packages/airflow/example_dags/plugins/listener_plugin.py
[2025-01-06T15:49:27.872+0100] {processor.py:927} WARNING - No viable dags retrieved from /Users/azeez.ganiyu/airflow_venv/lib/python3.9/site-packages/airflow/example_dags/plugins/listener_plugin.py
[2025-01-06T15:49:28.007+0100] {processor.py:208} INFO - Processing /Users/azeez.ganiyu/airflow_venv/lib/python3.9/site-packages/airflow/example_dags/plugins/listener_plugin.py took 0.157 seconds
[2025-01-06T16:15:30.945+0100] {processor.py:186} INFO - Started process (PID=16551) to work on /Users/azeez.ganiyu/airflow_venv/lib/python3.9/site-packages/airflow/example_dags/plugins/listener_plugin.py
[2025-01-06T16:15:30.952+0100] {processor.py:914} INFO - Processing file /Users/azeez.ganiyu/airflow_venv/lib/python3.9/site-packages/airflow/example_dags/plugins/listener_plugin.py for tasks to queue
[2025-01-06T16:15:30.953+0100] {logging_mixin.py:190} INFO - [2025-01-06T16:15:30.953+0100] {dagbag.py:588} INFO - Filling up the DagBag from /Users/azeez.ganiyu/airflow_venv/lib/python3.9/site-packages/airflow/example_dags/plugins/listener_plugin.py
[2025-01-06T16:15:30.958+0100] {processor.py:927} WARNING - No viable dags retrieved from /Users/azeez.ganiyu/airflow_venv/lib/python3.9/site-packages/airflow/example_dags/plugins/listener_plugin.py
[2025-01-06T16:15:31.132+0100] {processor.py:208} INFO - Processing /Users/azeez.ganiyu/airflow_venv/lib/python3.9/site-packages/airflow/example_dags/plugins/listener_plugin.py took 0.195 seconds
[2025-01-06T16:20:53.829+0100] {processor.py:186} INFO - Started process (PID=19024) to work on /Users/azeez.ganiyu/airflow_venv/lib/python3.9/site-packages/airflow/example_dags/plugins/listener_plugin.py
[2025-01-06T16:20:53.835+0100] {processor.py:914} INFO - Processing file /Users/azeez.ganiyu/airflow_venv/lib/python3.9/site-packages/airflow/example_dags/plugins/listener_plugin.py for tasks to queue
[2025-01-06T16:20:53.836+0100] {logging_mixin.py:190} INFO - [2025-01-06T16:20:53.836+0100] {dagbag.py:588} INFO - Filling up the DagBag from /Users/azeez.ganiyu/airflow_venv/lib/python3.9/site-packages/airflow/example_dags/plugins/listener_plugin.py
[2025-01-06T16:20:53.845+0100] {processor.py:927} WARNING - No viable dags retrieved from /Users/azeez.ganiyu/airflow_venv/lib/python3.9/site-packages/airflow/example_dags/plugins/listener_plugin.py
[2025-01-06T16:20:54.011+0100] {processor.py:208} INFO - Processing /Users/azeez.ganiyu/airflow_venv/lib/python3.9/site-packages/airflow/example_dags/plugins/listener_plugin.py took 0.191 seconds
[2025-01-06T16:25:03.641+0100] {processor.py:186} INFO - Started process (PID=20396) to work on /Users/azeez.ganiyu/airflow_venv/lib/python3.9/site-packages/airflow/example_dags/plugins/listener_plugin.py
[2025-01-06T16:25:03.646+0100] {processor.py:914} INFO - Processing file /Users/azeez.ganiyu/airflow_venv/lib/python3.9/site-packages/airflow/example_dags/plugins/listener_plugin.py for tasks to queue
[2025-01-06T16:25:03.647+0100] {logging_mixin.py:190} INFO - [2025-01-06T16:25:03.647+0100] {dagbag.py:588} INFO - Filling up the DagBag from /Users/azeez.ganiyu/airflow_venv/lib/python3.9/site-packages/airflow/example_dags/plugins/listener_plugin.py
[2025-01-06T16:25:03.654+0100] {processor.py:927} WARNING - No viable dags retrieved from /Users/azeez.ganiyu/airflow_venv/lib/python3.9/site-packages/airflow/example_dags/plugins/listener_plugin.py
[2025-01-06T16:25:03.810+0100] {processor.py:208} INFO - Processing /Users/azeez.ganiyu/airflow_venv/lib/python3.9/site-packages/airflow/example_dags/plugins/listener_plugin.py took 0.177 seconds
