[2025-01-06T01:51:08.734+0100] {processor.py:186} INFO - Started process (PID=4105) to work on /Users/azeez.ganiyu/airflow_venv/lib/python3.9/site-packages/airflow/example_dags/plugins/workday.py
[2025-01-06T01:51:08.808+0100] {processor.py:914} INFO - Processing file /Users/azeez.ganiyu/airflow_venv/lib/python3.9/site-packages/airflow/example_dags/plugins/workday.py for tasks to queue
[2025-01-06T01:51:08.830+0100] {logging_mixin.py:190} INFO - [2025-01-06T01:51:08.826+0100] {dagbag.py:588} INFO - Filling up the DagBag from /Users/azeez.ganiyu/airflow_venv/lib/python3.9/site-packages/airflow/example_dags/plugins/workday.py
[2025-01-06T01:51:08.872+0100] {logging_mixin.py:190} INFO - [2025-01-06T01:51:08.869+0100] {workday.py:41} WARNING - Could not import pandas. Holidays will not be considered.
[2025-01-06T01:51:08.879+0100] {processor.py:927} WARNING - No viable dags retrieved from /Users/azeez.ganiyu/airflow_venv/lib/python3.9/site-packages/airflow/example_dags/plugins/workday.py
[2025-01-06T01:51:11.942+0100] {processor.py:208} INFO - Processing /Users/azeez.ganiyu/airflow_venv/lib/python3.9/site-packages/airflow/example_dags/plugins/workday.py took 3.325 seconds
[2025-01-06T15:49:24.126+0100] {processor.py:186} INFO - Started process (PID=5638) to work on /Users/azeez.ganiyu/airflow_venv/lib/python3.9/site-packages/airflow/example_dags/plugins/workday.py
[2025-01-06T15:49:24.132+0100] {processor.py:914} INFO - Processing file /Users/azeez.ganiyu/airflow_venv/lib/python3.9/site-packages/airflow/example_dags/plugins/workday.py for tasks to queue
[2025-01-06T15:49:24.133+0100] {logging_mixin.py:190} INFO - [2025-01-06T15:49:24.133+0100] {dagbag.py:588} INFO - Filling up the DagBag from /Users/azeez.ganiyu/airflow_venv/lib/python3.9/site-packages/airflow/example_dags/plugins/workday.py
[2025-01-06T15:49:24.136+0100] {logging_mixin.py:190} INFO - [2025-01-06T15:49:24.135+0100] {workday.py:41} WARNING - Could not import pandas. Holidays will not be considered.
[2025-01-06T15:49:24.136+0100] {processor.py:927} WARNING - No viable dags retrieved from /Users/azeez.ganiyu/airflow_venv/lib/python3.9/site-packages/airflow/example_dags/plugins/workday.py
[2025-01-06T15:49:24.270+0100] {processor.py:208} INFO - Processing /Users/azeez.ganiyu/airflow_venv/lib/python3.9/site-packages/airflow/example_dags/plugins/workday.py took 0.152 seconds
[2025-01-06T16:15:26.735+0100] {processor.py:186} INFO - Started process (PID=16527) to work on /Users/azeez.ganiyu/airflow_venv/lib/python3.9/site-packages/airflow/example_dags/plugins/workday.py
[2025-01-06T16:15:26.740+0100] {processor.py:914} INFO - Processing file /Users/azeez.ganiyu/airflow_venv/lib/python3.9/site-packages/airflow/example_dags/plugins/workday.py for tasks to queue
[2025-01-06T16:15:26.741+0100] {logging_mixin.py:190} INFO - [2025-01-06T16:15:26.740+0100] {dagbag.py:588} INFO - Filling up the DagBag from /Users/azeez.ganiyu/airflow_venv/lib/python3.9/site-packages/airflow/example_dags/plugins/workday.py
[2025-01-06T16:15:26.743+0100] {logging_mixin.py:190} INFO - [2025-01-06T16:15:26.743+0100] {workday.py:41} WARNING - Could not import pandas. Holidays will not be considered.
[2025-01-06T16:15:26.744+0100] {processor.py:927} WARNING - No viable dags retrieved from /Users/azeez.ganiyu/airflow_venv/lib/python3.9/site-packages/airflow/example_dags/plugins/workday.py
[2025-01-06T16:15:26.874+0100] {processor.py:208} INFO - Processing /Users/azeez.ganiyu/airflow_venv/lib/python3.9/site-packages/airflow/example_dags/plugins/workday.py took 0.146 seconds
[2025-01-06T16:20:48.886+0100] {processor.py:186} INFO - Started process (PID=19001) to work on /Users/azeez.ganiyu/airflow_venv/lib/python3.9/site-packages/airflow/example_dags/plugins/workday.py
[2025-01-06T16:20:48.897+0100] {processor.py:914} INFO - Processing file /Users/azeez.ganiyu/airflow_venv/lib/python3.9/site-packages/airflow/example_dags/plugins/workday.py for tasks to queue
[2025-01-06T16:20:48.900+0100] {logging_mixin.py:190} INFO - [2025-01-06T16:20:48.899+0100] {dagbag.py:588} INFO - Filling up the DagBag from /Users/azeez.ganiyu/airflow_venv/lib/python3.9/site-packages/airflow/example_dags/plugins/workday.py
[2025-01-06T16:20:48.905+0100] {logging_mixin.py:190} INFO - [2025-01-06T16:20:48.905+0100] {workday.py:41} WARNING - Could not import pandas. Holidays will not be considered.
[2025-01-06T16:20:48.906+0100] {processor.py:927} WARNING - No viable dags retrieved from /Users/azeez.ganiyu/airflow_venv/lib/python3.9/site-packages/airflow/example_dags/plugins/workday.py
[2025-01-06T16:20:49.085+0100] {processor.py:208} INFO - Processing /Users/azeez.ganiyu/airflow_venv/lib/python3.9/site-packages/airflow/example_dags/plugins/workday.py took 0.210 seconds
[2025-01-06T16:24:59.895+0100] {processor.py:186} INFO - Started process (PID=20378) to work on /Users/azeez.ganiyu/airflow_venv/lib/python3.9/site-packages/airflow/example_dags/plugins/workday.py
[2025-01-06T16:24:59.902+0100] {processor.py:914} INFO - Processing file /Users/azeez.ganiyu/airflow_venv/lib/python3.9/site-packages/airflow/example_dags/plugins/workday.py for tasks to queue
[2025-01-06T16:24:59.904+0100] {logging_mixin.py:190} INFO - [2025-01-06T16:24:59.903+0100] {dagbag.py:588} INFO - Filling up the DagBag from /Users/azeez.ganiyu/airflow_venv/lib/python3.9/site-packages/airflow/example_dags/plugins/workday.py
[2025-01-06T16:24:59.908+0100] {logging_mixin.py:190} INFO - [2025-01-06T16:24:59.907+0100] {workday.py:41} WARNING - Could not import pandas. Holidays will not be considered.
[2025-01-06T16:24:59.908+0100] {processor.py:927} WARNING - No viable dags retrieved from /Users/azeez.ganiyu/airflow_venv/lib/python3.9/site-packages/airflow/example_dags/plugins/workday.py
[2025-01-06T16:25:00.171+0100] {processor.py:208} INFO - Processing /Users/azeez.ganiyu/airflow_venv/lib/python3.9/site-packages/airflow/example_dags/plugins/workday.py took 0.284 seconds
