[2025-02-23T13:27:41.176+0000] {local_task_job_runner.py:123} INFO - ::group::Pre task execution logs
[2025-02-23T13:27:41.194+0000] {taskinstance.py:2613} INFO - Dependencies all met for dep_context=non-requeueable deps ti=<TaskInstance: simple_bash_dag.print_message manual__2025-02-23T13:22:35.834266+00:00 [queued]>
[2025-02-23T13:27:41.205+0000] {taskinstance.py:2613} INFO - Dependencies all met for dep_context=requeueable deps ti=<TaskInstance: simple_bash_dag.print_message manual__2025-02-23T13:22:35.834266+00:00 [queued]>
[2025-02-23T13:27:41.206+0000] {taskinstance.py:2866} INFO - Starting attempt 3 of 3
[2025-02-23T13:27:41.236+0000] {taskinstance.py:2889} INFO - Executing <Task(BashOperator): print_message> on 2025-02-23 13:22:35.834266+00:00
[2025-02-23T13:27:41.241+0000] {standard_task_runner.py:72} INFO - Started process 451 to run task
[2025-02-23T13:27:41.244+0000] {standard_task_runner.py:104} INFO - Running: ['airflow', 'tasks', 'run', 'simple_bash_dag', 'print_message', 'manual__2025-02-23T13:22:35.834266+00:00', '--job-id', '291', '--raw', '--subdir', 'DAGS_FOLDER/example_dag.py', '--cfg-path', '/tmp/tmpuvk3xl6j']
[2025-02-23T13:27:41.248+0000] {standard_task_runner.py:105} INFO - Job 291: Subtask print_message
[2025-02-23T13:27:41.318+0000] {task_command.py:467} INFO - Running <TaskInstance: simple_bash_dag.print_message manual__2025-02-23T13:22:35.834266+00:00 [running]> on host 589d83c9feef
[2025-02-23T13:27:41.483+0000] {taskinstance.py:3132} INFO - Exporting env vars: AIRFLOW_CTX_DAG_OWNER='airflow' AIRFLOW_CTX_DAG_ID='simple_bash_dag' AIRFLOW_CTX_TASK_ID='print_message' AIRFLOW_CTX_EXECUTION_DATE='2025-02-23T13:22:35.834266+00:00' AIRFLOW_CTX_TRY_NUMBER='3' AIRFLOW_CTX_DAG_RUN_ID='manual__2025-02-23T13:22:35.834266+00:00'
[2025-02-23T13:27:41.485+0000] {taskinstance.py:731} INFO - ::endgroup::
[2025-02-23T13:27:41.536+0000] {subprocess.py:78} INFO - Tmp dir root location: /tmp
[2025-02-23T13:27:41.538+0000] {subprocess.py:88} INFO - Running command: ['/usr/bin/bash', '-c', "echo 'Hello from Airflow!'"]
[2025-02-23T13:27:41.556+0000] {subprocess.py:99} INFO - Output:
[2025-02-23T13:27:41.558+0000] {subprocess.py:106} INFO - Hello from Airflow!
[2025-02-23T13:27:41.573+0000] {subprocess.py:110} INFO - Command exited with return code 0
[2025-02-23T13:27:41.638+0000] {taskinstance.py:340} INFO - ::group::Post task execution logs
[2025-02-23T13:27:41.638+0000] {taskinstance.py:352} INFO - Marking task as SUCCESS. dag_id=simple_bash_dag, task_id=print_message, run_id=manual__2025-02-23T13:22:35.834266+00:00, execution_date=20250223T132235, start_date=20250223T132741, end_date=20250223T132741
[2025-02-23T13:27:41.714+0000] {local_task_job_runner.py:266} INFO - Task exited with return code 0
[2025-02-23T13:27:41.735+0000] {taskinstance.py:3895} INFO - 0 downstream tasks scheduled from follow-on schedule check
[2025-02-23T13:27:41.736+0000] {local_task_job_runner.py:245} INFO - ::endgroup::
