[2025-02-23T13:23:56.143+0000] {local_task_job_runner.py:123} INFO - ::group::Pre task execution logs
[2025-02-23T13:23:56.160+0000] {taskinstance.py:2613} INFO - Dependencies all met for dep_context=non-requeueable deps ti=<TaskInstance: simple_bash_dag.print_message manual__2025-02-23T13:22:35.834266+00:00 [queued]>
[2025-02-23T13:23:56.170+0000] {taskinstance.py:2613} INFO - Dependencies all met for dep_context=requeueable deps ti=<TaskInstance: simple_bash_dag.print_message manual__2025-02-23T13:22:35.834266+00:00 [queued]>
[2025-02-23T13:23:56.171+0000] {taskinstance.py:2866} INFO - Starting attempt 2 of 2
[2025-02-23T13:23:56.203+0000] {taskinstance.py:2889} INFO - Executing <Task(BashOperator): print_message> on 2025-02-23 13:22:35.834266+00:00
[2025-02-23T13:23:56.208+0000] {standard_task_runner.py:72} INFO - Started process 403 to run task
[2025-02-23T13:23:56.211+0000] {standard_task_runner.py:104} INFO - Running: ['airflow', 'tasks', 'run', 'simple_bash_dag', 'print_message', 'manual__2025-02-23T13:22:35.834266+00:00', '--job-id', '290', '--raw', '--subdir', 'DAGS_FOLDER/example_dag.py', '--cfg-path', '/tmp/tmpzmzgj2me']
[2025-02-23T13:23:56.214+0000] {standard_task_runner.py:105} INFO - Job 290: Subtask print_message
[2025-02-23T13:23:56.280+0000] {task_command.py:467} INFO - Running <TaskInstance: simple_bash_dag.print_message manual__2025-02-23T13:22:35.834266+00:00 [running]> on host 589d83c9feef
[2025-02-23T13:23:56.381+0000] {taskinstance.py:3132} INFO - Exporting env vars: AIRFLOW_CTX_DAG_OWNER='airflow' AIRFLOW_CTX_DAG_ID='simple_bash_dag' AIRFLOW_CTX_TASK_ID='print_message' AIRFLOW_CTX_EXECUTION_DATE='2025-02-23T13:22:35.834266+00:00' AIRFLOW_CTX_TRY_NUMBER='2' AIRFLOW_CTX_DAG_RUN_ID='manual__2025-02-23T13:22:35.834266+00:00'
[2025-02-23T13:23:56.382+0000] {taskinstance.py:731} INFO - ::endgroup::
[2025-02-23T13:23:56.399+0000] {subprocess.py:78} INFO - Tmp dir root location: /tmp
[2025-02-23T13:23:56.400+0000] {subprocess.py:88} INFO - Running command: ['/usr/bin/bash', '-c', "echo 'Hello from Airflow!'"]
[2025-02-23T13:23:56.408+0000] {subprocess.py:99} INFO - Output:
[2025-02-23T13:23:56.410+0000] {subprocess.py:106} INFO - Hello from Airflow!
[2025-02-23T13:23:56.411+0000] {subprocess.py:110} INFO - Command exited with return code 0
[2025-02-23T13:23:56.444+0000] {taskinstance.py:340} INFO - ::group::Post task execution logs
[2025-02-23T13:23:56.445+0000] {taskinstance.py:352} INFO - Marking task as SUCCESS. dag_id=simple_bash_dag, task_id=print_message, run_id=manual__2025-02-23T13:22:35.834266+00:00, execution_date=20250223T132235, start_date=20250223T132356, end_date=20250223T132356
[2025-02-23T13:23:56.516+0000] {local_task_job_runner.py:266} INFO - Task exited with return code 0
[2025-02-23T13:23:56.539+0000] {taskinstance.py:3895} INFO - 0 downstream tasks scheduled from follow-on schedule check
[2025-02-23T13:23:56.540+0000] {local_task_job_runner.py:245} INFO - ::endgroup::
