[2025-01-15T18:23:16.343+0000] {local_task_job_runner.py:123} INFO - ::group::Pre task execution logs
[2025-01-15T18:23:16.365+0000] {taskinstance.py:2613} INFO - Dependencies all met for dep_context=non-requeueable deps ti=<TaskInstance: Temp_elt.extract_weather_data manual__2025-01-15T18:23:11.866202+00:00 [queued]>
[2025-01-15T18:23:16.381+0000] {taskinstance.py:2613} INFO - Dependencies all met for dep_context=requeueable deps ti=<TaskInstance: Temp_elt.extract_weather_data manual__2025-01-15T18:23:11.866202+00:00 [queued]>
[2025-01-15T18:23:16.381+0000] {taskinstance.py:2866} INFO - Starting attempt 1 of 2
[2025-01-15T18:23:16.413+0000] {taskinstance.py:2889} INFO - Executing <Task(PythonOperator): extract_weather_data> on 2025-01-15 18:23:11.866202+00:00
[2025-01-15T18:23:16.420+0000] {standard_task_runner.py:104} INFO - Running: ['airflow', 'tasks', 'run', 'Temp_elt', 'extract_weather_data', 'manual__2025-01-15T18:23:11.866202+00:00', '--job-id', '36', '--raw', '--subdir', 'DAGS_FOLDER/weather_etl_dag.py', '--cfg-path', '/tmp/tmp24sym3n5']
[2025-01-15T18:23:16.423+0000] {standard_task_runner.py:105} INFO - Job 36: Subtask extract_weather_data
[2025-01-15T18:23:16.423+0000] {logging_mixin.py:190} WARNING - /home/airflow/.local/lib/python3.12/site-packages/airflow/task/task_runner/standard_task_runner.py:70 DeprecationWarning: This process (pid=82) is multi-threaded, use of fork() may lead to deadlocks in the child.
[2025-01-15T18:23:16.424+0000] {standard_task_runner.py:72} INFO - Started process 92 to run task
[2025-01-15T18:23:16.488+0000] {task_command.py:467} INFO - Running <TaskInstance: Temp_elt.extract_weather_data manual__2025-01-15T18:23:11.866202+00:00 [running]> on host a38e040d9370
[2025-01-15T18:23:16.579+0000] {taskinstance.py:3132} INFO - Exporting env vars: AIRFLOW_CTX_DAG_OWNER='airflow' AIRFLOW_CTX_DAG_ID='Temp_elt' AIRFLOW_CTX_TASK_ID='extract_weather_data' AIRFLOW_CTX_EXECUTION_DATE='2025-01-15T18:23:11.866202+00:00' AIRFLOW_CTX_TRY_NUMBER='1' AIRFLOW_CTX_DAG_RUN_ID='manual__2025-01-15T18:23:11.866202+00:00'
[2025-01-15T18:23:16.580+0000] {taskinstance.py:731} INFO - ::endgroup::
[2025-01-15T18:23:18.457+0000] {logging_mixin.py:190} INFO - {'location': {'name': 'Gwagwaldda', 'region': 'Federal Capital Territory', 'country': 'Nigeria', 'lat': 8.9414, 'lon': 7.0919, 'tz_id': 'Africa/Lagos', 'localtime_epoch': 1736965350, 'localtime': '2025-01-15 19:22'}, 'current': {'last_updated_epoch': 1736964900, 'last_updated': '2025-01-15 19:15', 'temp_c': 29.3, 'temp_f': 84.7, 'is_day': 0, 'condition': {'text': 'Mist', 'icon': '//cdn.weatherapi.com/weather/64x64/night/143.png', 'code': 1030}, 'wind_mph': 2.2, 'wind_kph': 3.6, 'wind_degree': 201, 'wind_dir': 'SSW', 'pressure_mb': 1009.0, 'pressure_in': 29.8, 'precip_mm': 0.0, 'precip_in': 0.0, 'humidity': 40, 'cloud': 0, 'feelslike_c': 27.1, 'feelslike_f': 80.9, 'windchill_c': 30.7, 'windchill_f': 87.2, 'heatindex_c': 28.5, 'heatindex_f': 83.2, 'dewpoint_c': 1.0, 'dewpoint_f': 33.8, 'vis_km': 4.0, 'vis_miles': 2.0, 'uv': 0.0, 'gust_mph': 2.3, 'gust_kph': 3.8}}
[2025-01-15T18:23:18.514+0000] {logging_mixin.py:190} INFO -   location.name            location.region  ... current.gust_mph  current.gust_kph
0    Gwagwaldda  Federal Capital Territory  ...              2.3               3.8

[1 rows x 39 columns]
[2025-01-15T18:23:18.515+0000] {python.py:240} INFO - Done. Returned value was: None
[2025-01-15T18:23:18.524+0000] {taskinstance.py:340} INFO - ::group::Post task execution logs
[2025-01-15T18:23:18.525+0000] {taskinstance.py:352} INFO - Marking task as SUCCESS. dag_id=Temp_elt, task_id=extract_weather_data, run_id=manual__2025-01-15T18:23:11.866202+00:00, execution_date=20250115T182311, start_date=20250115T182316, end_date=20250115T182318
[2025-01-15T18:23:18.581+0000] {local_task_job_runner.py:266} INFO - Task exited with return code 0
[2025-01-15T18:23:18.599+0000] {taskinstance.py:3895} INFO - 0 downstream tasks scheduled from follow-on schedule check
[2025-01-15T18:23:18.600+0000] {local_task_job_runner.py:245} INFO - ::endgroup::
