[2025-02-04T21:24:42.851+0000] {local_task_job_runner.py:123} INFO - ::group::Pre task execution logs
[2025-02-04T21:24:42.886+0000] {taskinstance.py:2613} INFO - Dependencies all met for dep_context=non-requeueable deps ti=<TaskInstance: Temp_elt_postgres.transform_weather_data manual__2025-02-03T21:03:32.894425+00:00 [queued]>
[2025-02-04T21:24:42.908+0000] {taskinstance.py:2613} INFO - Dependencies all met for dep_context=requeueable deps ti=<TaskInstance: Temp_elt_postgres.transform_weather_data manual__2025-02-03T21:03:32.894425+00:00 [queued]>
[2025-02-04T21:24:42.909+0000] {taskinstance.py:2866} INFO - Starting attempt 3 of 3
[2025-02-04T21:24:42.954+0000] {taskinstance.py:2889} INFO - Executing <Task(SparkSubmitOperator): transform_weather_data> on 2025-02-03 21:03:32.894425+00:00
[2025-02-04T21:24:42.967+0000] {standard_task_runner.py:104} INFO - Running: ['airflow', 'tasks', 'run', 'Temp_elt_postgres', 'transform_weather_data', 'manual__2025-02-03T21:03:32.894425+00:00', '--job-id', '58', '--raw', '--subdir', 'DAGS_FOLDER/weather_etl_postgres.py', '--cfg-path', '/tmp/tmpqox8cqlm']
[2025-02-04T21:24:42.969+0000] {standard_task_runner.py:105} INFO - Job 58: Subtask transform_weather_data
[2025-02-04T21:24:42.971+0000] {logging_mixin.py:190} WARNING - /home/airflow/.local/lib/python3.12/site-packages/airflow/task/task_runner/standard_task_runner.py:70 DeprecationWarning: This process (pid=143) is multi-threaded, use of fork() may lead to deadlocks in the child.
[2025-02-04T21:24:42.973+0000] {standard_task_runner.py:72} INFO - Started process 154 to run task
[2025-02-04T21:24:43.054+0000] {task_command.py:467} INFO - Running <TaskInstance: Temp_elt_postgres.transform_weather_data manual__2025-02-03T21:03:32.894425+00:00 [running]> on host e0ba7690f030
[2025-02-04T21:24:43.210+0000] {taskinstance.py:3132} INFO - Exporting env vars: AIRFLOW_CTX_DAG_OWNER='airflow' AIRFLOW_CTX_DAG_ID='Temp_elt_postgres' AIRFLOW_CTX_TASK_ID='transform_weather_data' AIRFLOW_CTX_EXECUTION_DATE='2025-02-03T21:03:32.894425+00:00' AIRFLOW_CTX_TRY_NUMBER='3' AIRFLOW_CTX_DAG_RUN_ID='manual__2025-02-03T21:03:32.894425+00:00'
[2025-02-04T21:24:43.213+0000] {taskinstance.py:731} INFO - ::endgroup::
[2025-02-04T21:24:43.251+0000] {base.py:84} INFO - Retrieving connection 'spark_default'
[2025-02-04T21:24:43.252+0000] {spark_submit.py:474} INFO - Spark-Submit cmd: spark-submit --master spark://spark-master:7077 --executor-cores 1 --executor-memory 1g --driver-memory 1g --name arrow-spark --verbose --queue root.default --deploy-mode client /airflow/tasks/transform.py
[2025-02-04T21:24:45.297+0000] {spark_submit.py:641} INFO - Using properties file: null
[2025-02-04T21:24:45.516+0000] {spark_submit.py:641} INFO - Parsed arguments:
[2025-02-04T21:24:45.518+0000] {spark_submit.py:641} INFO - master                  spark://spark-master:7077
[2025-02-04T21:24:45.530+0000] {spark_submit.py:641} INFO - remote                  null
[2025-02-04T21:24:45.531+0000] {spark_submit.py:641} INFO - deployMode              client
[2025-02-04T21:24:45.532+0000] {spark_submit.py:641} INFO - executorMemory          1g
[2025-02-04T21:24:45.533+0000] {spark_submit.py:641} INFO - executorCores           1
[2025-02-04T21:24:45.535+0000] {spark_submit.py:641} INFO - totalExecutorCores      null
[2025-02-04T21:24:45.537+0000] {spark_submit.py:641} INFO - propertiesFile          null
[2025-02-04T21:24:45.539+0000] {spark_submit.py:641} INFO - driverMemory            1g
[2025-02-04T21:24:45.541+0000] {spark_submit.py:641} INFO - driverCores             null
[2025-02-04T21:24:45.543+0000] {spark_submit.py:641} INFO - driverExtraClassPath    null
[2025-02-04T21:24:45.544+0000] {spark_submit.py:641} INFO - driverExtraLibraryPath  null
[2025-02-04T21:24:45.545+0000] {spark_submit.py:641} INFO - driverExtraJavaOptions  null
[2025-02-04T21:24:45.547+0000] {spark_submit.py:641} INFO - supervise               false
[2025-02-04T21:24:45.548+0000] {spark_submit.py:641} INFO - queue                   root.default
[2025-02-04T21:24:45.550+0000] {spark_submit.py:641} INFO - numExecutors            null
[2025-02-04T21:24:45.557+0000] {spark_submit.py:641} INFO - files                   null
[2025-02-04T21:24:45.560+0000] {spark_submit.py:641} INFO - pyFiles                 null
[2025-02-04T21:24:45.561+0000] {spark_submit.py:641} INFO - archives                null
[2025-02-04T21:24:45.563+0000] {spark_submit.py:641} INFO - mainClass               null
[2025-02-04T21:24:45.564+0000] {spark_submit.py:641} INFO - primaryResource         file:/airflow/tasks/transform.py
[2025-02-04T21:24:45.565+0000] {spark_submit.py:641} INFO - name                    arrow-spark
[2025-02-04T21:24:45.566+0000] {spark_submit.py:641} INFO - childArgs               []
[2025-02-04T21:24:45.567+0000] {spark_submit.py:641} INFO - jars                    null
[2025-02-04T21:24:45.568+0000] {spark_submit.py:641} INFO - packages                null
[2025-02-04T21:24:45.571+0000] {spark_submit.py:641} INFO - packagesExclusions      null
[2025-02-04T21:24:45.571+0000] {spark_submit.py:641} INFO - repositories            null
[2025-02-04T21:24:45.573+0000] {spark_submit.py:641} INFO - verbose                 true
[2025-02-04T21:24:45.573+0000] {spark_submit.py:641} INFO - 
[2025-02-04T21:24:45.575+0000] {spark_submit.py:641} INFO - Spark properties used, including those specified through
[2025-02-04T21:24:45.576+0000] {spark_submit.py:641} INFO - --conf and those from the properties file null:
[2025-02-04T21:24:45.577+0000] {spark_submit.py:641} INFO - (spark.driver.memory,1g)
[2025-02-04T21:24:45.578+0000] {spark_submit.py:641} INFO - 
[2025-02-04T21:24:45.578+0000] {spark_submit.py:641} INFO - 
[2025-02-04T21:24:46.034+0000] {spark_submit.py:641} INFO - Main class:
[2025-02-04T21:24:46.038+0000] {spark_submit.py:641} INFO - org.apache.spark.deploy.PythonRunner
[2025-02-04T21:24:46.039+0000] {spark_submit.py:641} INFO - Arguments:
[2025-02-04T21:24:46.040+0000] {spark_submit.py:641} INFO - file:/airflow/tasks/transform.py
[2025-02-04T21:24:46.040+0000] {spark_submit.py:641} INFO - null
[2025-02-04T21:24:46.041+0000] {spark_submit.py:641} INFO - Spark config:
[2025-02-04T21:24:46.044+0000] {spark_submit.py:641} INFO - (spark.app.name,arrow-spark)
[2025-02-04T21:24:46.044+0000] {spark_submit.py:641} INFO - (spark.app.submitTime,1738704286002)
[2025-02-04T21:24:46.046+0000] {spark_submit.py:641} INFO - (spark.driver.memory,1g)
[2025-02-04T21:24:46.046+0000] {spark_submit.py:641} INFO - (spark.executor.cores,1)
[2025-02-04T21:24:46.050+0000] {spark_submit.py:641} INFO - (spark.executor.memory,1g)
[2025-02-04T21:24:46.050+0000] {spark_submit.py:641} INFO - (spark.master,spark://spark-master:7077)
[2025-02-04T21:24:46.052+0000] {spark_submit.py:641} INFO - (spark.submit.deployMode,client)
[2025-02-04T21:24:46.053+0000] {spark_submit.py:641} INFO - (spark.submit.pyFiles,)
[2025-02-04T21:24:46.059+0000] {spark_submit.py:641} INFO - Classpath elements:
[2025-02-04T21:24:46.067+0000] {spark_submit.py:641} INFO - 
[2025-02-04T21:24:46.071+0000] {spark_submit.py:641} INFO - 
[2025-02-04T21:24:46.072+0000] {spark_submit.py:641} INFO - 
[2025-02-04T21:24:46.257+0000] {spark_submit.py:641} INFO - python3: can't open file '/airflow/tasks/transform.py': [Errno 2] No such file or directory
[2025-02-04T21:24:46.282+0000] {spark_submit.py:641} INFO - 25/02/04 21:24:46 INFO ShutdownHookManager: Shutdown hook called
[2025-02-04T21:24:46.300+0000] {spark_submit.py:641} INFO - 25/02/04 21:24:46 INFO ShutdownHookManager: Deleting directory /tmp/spark-818d70f7-7c43-41b2-83e1-be4ec8bfad01
[2025-02-04T21:24:46.359+0000] {taskinstance.py:3311} ERROR - Task failed with exception
Traceback (most recent call last):
  File "/home/airflow/.local/lib/python3.12/site-packages/airflow/models/taskinstance.py", line 767, in _execute_task
    result = _execute_callable(context=context, **execute_callable_kwargs)
             ^^^^^^^^^^^^^^^^^^^^^^^^^^^^^^^^^^^^^^^^^^^^^^^^^^^^^^^^^^^^^
  File "/home/airflow/.local/lib/python3.12/site-packages/airflow/models/taskinstance.py", line 733, in _execute_callable
    return ExecutionCallableRunner(
           ^^^^^^^^^^^^^^^^^^^^^^^^
  File "/home/airflow/.local/lib/python3.12/site-packages/airflow/utils/operator_helpers.py", line 252, in run
    return self.func(*args, **kwargs)
           ^^^^^^^^^^^^^^^^^^^^^^^^^^
  File "/home/airflow/.local/lib/python3.12/site-packages/airflow/models/baseoperator.py", line 422, in wrapper
    return func(self, *args, **kwargs)
           ^^^^^^^^^^^^^^^^^^^^^^^^^^^
  File "/home/airflow/.local/lib/python3.12/site-packages/airflow/providers/apache/spark/operators/spark_submit.py", line 177, in execute
    self._hook.submit(self.application)
  File "/home/airflow/.local/lib/python3.12/site-packages/airflow/providers/apache/spark/hooks/spark_submit.py", line 567, in submit
    raise AirflowException(
airflow.exceptions.AirflowException: Cannot execute: spark-submit --master spark://spark-master:7077 --executor-cores 1 --executor-memory 1g --driver-memory 1g --name arrow-spark --verbose --queue root.default --deploy-mode client /airflow/tasks/transform.py. Error code is: 2.
[2025-02-04T21:24:46.370+0000] {taskinstance.py:1225} INFO - Marking task as FAILED. dag_id=Temp_elt_postgres, task_id=transform_weather_data, run_id=manual__2025-02-03T21:03:32.894425+00:00, execution_date=20250203T210332, start_date=20250204T212442, end_date=20250204T212446
[2025-02-04T21:24:46.432+0000] {taskinstance.py:340} INFO - ::group::Post task execution logs
[2025-02-04T21:24:46.433+0000] {standard_task_runner.py:124} ERROR - Failed to execute job 58 for task transform_weather_data (Cannot execute: spark-submit --master spark://spark-master:7077 --executor-cores 1 --executor-memory 1g --driver-memory 1g --name arrow-spark --verbose --queue root.default --deploy-mode client /airflow/tasks/transform.py. Error code is: 2.; 154)
Traceback (most recent call last):
  File "/home/airflow/.local/lib/python3.12/site-packages/airflow/task/task_runner/standard_task_runner.py", line 117, in _start_by_fork
    ret = args.func(args, dag=self.dag)
          ^^^^^^^^^^^^^^^^^^^^^^^^^^^^^
  File "/home/airflow/.local/lib/python3.12/site-packages/airflow/cli/cli_config.py", line 49, in command
    return func(*args, **kwargs)
           ^^^^^^^^^^^^^^^^^^^^^
  File "/home/airflow/.local/lib/python3.12/site-packages/airflow/utils/cli.py", line 116, in wrapper
    return f(*args, **kwargs)
           ^^^^^^^^^^^^^^^^^^
  File "/home/airflow/.local/lib/python3.12/site-packages/airflow/cli/commands/task_command.py", line 483, in task_run
    task_return_code = _run_task_by_selected_method(args, _dag, ti)
                       ^^^^^^^^^^^^^^^^^^^^^^^^^^^^^^^^^^^^^^^^^^^^
  File "/home/airflow/.local/lib/python3.12/site-packages/airflow/cli/commands/task_command.py", line 256, in _run_task_by_selected_method
    return _run_raw_task(args, ti)
           ^^^^^^^^^^^^^^^^^^^^^^^
  File "/home/airflow/.local/lib/python3.12/site-packages/airflow/cli/commands/task_command.py", line 341, in _run_raw_task
    return ti._run_raw_task(
           ^^^^^^^^^^^^^^^^^
  File "/home/airflow/.local/lib/python3.12/site-packages/airflow/utils/session.py", line 97, in wrapper
    return func(*args, session=session, **kwargs)
           ^^^^^^^^^^^^^^^^^^^^^^^^^^^^^^^^^^^^^^
  File "/home/airflow/.local/lib/python3.12/site-packages/airflow/models/taskinstance.py", line 3005, in _run_raw_task
    return _run_raw_task(
           ^^^^^^^^^^^^^^
  File "/home/airflow/.local/lib/python3.12/site-packages/airflow/models/taskinstance.py", line 273, in _run_raw_task
    TaskInstance._execute_task_with_callbacks(
  File "/home/airflow/.local/lib/python3.12/site-packages/airflow/models/taskinstance.py", line 3159, in _execute_task_with_callbacks
    result = self._execute_task(context, task_orig)
             ^^^^^^^^^^^^^^^^^^^^^^^^^^^^^^^^^^^^^^
  File "/home/airflow/.local/lib/python3.12/site-packages/airflow/models/taskinstance.py", line 3183, in _execute_task
    return _execute_task(self, context, task_orig)
           ^^^^^^^^^^^^^^^^^^^^^^^^^^^^^^^^^^^^^^^
  File "/home/airflow/.local/lib/python3.12/site-packages/airflow/models/taskinstance.py", line 767, in _execute_task
    result = _execute_callable(context=context, **execute_callable_kwargs)
             ^^^^^^^^^^^^^^^^^^^^^^^^^^^^^^^^^^^^^^^^^^^^^^^^^^^^^^^^^^^^^
  File "/home/airflow/.local/lib/python3.12/site-packages/airflow/models/taskinstance.py", line 733, in _execute_callable
    return ExecutionCallableRunner(
           ^^^^^^^^^^^^^^^^^^^^^^^^
  File "/home/airflow/.local/lib/python3.12/site-packages/airflow/utils/operator_helpers.py", line 252, in run
    return self.func(*args, **kwargs)
           ^^^^^^^^^^^^^^^^^^^^^^^^^^
  File "/home/airflow/.local/lib/python3.12/site-packages/airflow/models/baseoperator.py", line 422, in wrapper
    return func(self, *args, **kwargs)
           ^^^^^^^^^^^^^^^^^^^^^^^^^^^
  File "/home/airflow/.local/lib/python3.12/site-packages/airflow/providers/apache/spark/operators/spark_submit.py", line 177, in execute
    self._hook.submit(self.application)
  File "/home/airflow/.local/lib/python3.12/site-packages/airflow/providers/apache/spark/hooks/spark_submit.py", line 567, in submit
    raise AirflowException(
airflow.exceptions.AirflowException: Cannot execute: spark-submit --master spark://spark-master:7077 --executor-cores 1 --executor-memory 1g --driver-memory 1g --name arrow-spark --verbose --queue root.default --deploy-mode client /airflow/tasks/transform.py. Error code is: 2.
[2025-02-04T21:24:46.466+0000] {local_task_job_runner.py:266} INFO - Task exited with return code 1
[2025-02-04T21:24:46.508+0000] {taskinstance.py:3895} INFO - 0 downstream tasks scheduled from follow-on schedule check
[2025-02-04T21:24:46.532+0000] {local_task_job_runner.py:245} INFO - ::endgroup::
