[2025-02-01T20:00:27.438+0000] {local_task_job_runner.py:123} INFO - ::group::Pre task execution logs
[2025-02-01T20:00:27.462+0000] {taskinstance.py:2613} INFO - Dependencies all met for dep_context=non-requeueable deps ti=<TaskInstance: Temp_elt_postgres.transform_weather_data scheduled__2025-01-30T00:00:00+00:00 [queued]>
[2025-02-01T20:00:27.474+0000] {taskinstance.py:2613} INFO - Dependencies all met for dep_context=requeueable deps ti=<TaskInstance: Temp_elt_postgres.transform_weather_data scheduled__2025-01-30T00:00:00+00:00 [queued]>
[2025-02-01T20:00:27.475+0000] {taskinstance.py:2866} INFO - Starting attempt 1 of 2
[2025-02-01T20:00:27.509+0000] {taskinstance.py:2889} INFO - Executing <Task(PythonOperator): transform_weather_data> on 2025-01-30 00:00:00+00:00
[2025-02-01T20:00:27.517+0000] {standard_task_runner.py:104} INFO - Running: ['airflow', 'tasks', 'run', 'Temp_elt_postgres', 'transform_weather_data', 'scheduled__2025-01-30T00:00:00+00:00', '--job-id', '110', '--raw', '--subdir', 'DAGS_FOLDER/weather_etl_postgres.py', '--cfg-path', '/tmp/tmpziodykll']
[2025-02-01T20:00:27.524+0000] {standard_task_runner.py:105} INFO - Job 110: Subtask transform_weather_data
[2025-02-01T20:00:27.528+0000] {logging_mixin.py:190} WARNING - /home/airflow/.local/lib/python3.12/site-packages/airflow/task/task_runner/standard_task_runner.py:70 DeprecationWarning: This process (pid=421) is multi-threaded, use of fork() may lead to deadlocks in the child.
[2025-02-01T20:00:27.530+0000] {standard_task_runner.py:72} INFO - Started process 431 to run task
[2025-02-01T20:00:27.611+0000] {task_command.py:467} INFO - Running <TaskInstance: Temp_elt_postgres.transform_weather_data scheduled__2025-01-30T00:00:00+00:00 [running]> on host ba586a51095f
[2025-02-01T20:00:27.735+0000] {taskinstance.py:3132} INFO - Exporting env vars: AIRFLOW_CTX_DAG_OWNER='airflow' AIRFLOW_CTX_DAG_ID='Temp_elt_postgres' AIRFLOW_CTX_TASK_ID='transform_weather_data' AIRFLOW_CTX_EXECUTION_DATE='2025-01-30T00:00:00+00:00' AIRFLOW_CTX_TRY_NUMBER='1' AIRFLOW_CTX_DAG_RUN_ID='scheduled__2025-01-30T00:00:00+00:00'
[2025-02-01T20:00:27.737+0000] {taskinstance.py:731} INFO - ::endgroup::
[2025-02-01T20:00:27.769+0000] {logging_mixin.py:190} INFO - Skipping already processed file: 2025-01-22 06:33.parquet
[2025-02-01T20:00:27.770+0000] {logging_mixin.py:190} INFO - Skipping already processed file: 2025-01-22 06:23.parquet
[2025-02-01T20:00:27.771+0000] {logging_mixin.py:190} INFO - Skipping already processed file: 2025-01-22 12:04.parquet
[2025-02-01T20:00:27.771+0000] {logging_mixin.py:190} INFO - Skipping already processed file: 2025-01-22 11:55.parquet
[2025-02-01T20:00:27.772+0000] {logging_mixin.py:190} INFO - Skipping already processed file: 2025-01-22 11:45.parquet
[2025-02-01T20:00:27.772+0000] {logging_mixin.py:190} INFO - Skipping already processed file: 2025-01-22 11:27.parquet
[2025-02-01T20:00:27.773+0000] {logging_mixin.py:190} INFO - Skipping already processed file: 2025-01-22 11:36.parquet
[2025-02-01T20:00:27.773+0000] {logging_mixin.py:190} INFO - Skipping already processed file: 2025-01-22 05:08.parquet
[2025-02-01T20:00:27.774+0000] {logging_mixin.py:190} INFO - Skipping already processed file: 2025-01-22 11:24.parquet
[2025-02-01T20:00:27.774+0000] {logging_mixin.py:190} INFO - Skipping already processed file: 2025-01-22 11:56.parquet
[2025-02-01T20:00:27.775+0000] {logging_mixin.py:190} INFO - Skipping already processed file: 2025-01-22 06:28.parquet
[2025-02-01T20:00:27.775+0000] {logging_mixin.py:190} INFO - Skipping already processed file: 2025-01-22 06:21.parquet
[2025-02-01T20:00:27.776+0000] {logging_mixin.py:190} INFO - Processing: 2025-01-22 04:49.parquet
[2025-02-01T20:00:27.860+0000] {logging_mixin.py:190} INFO - processed data saved partitioned by date.
[2025-02-01T20:00:27.882+0000] {logging_mixin.py:190} INFO -      location                     region  ... feelslike_f        date
0  Gwagwaldda  Federal Capital Territory  ...        72.8  2025-01-22

[1 rows x 11 columns]
[2025-02-01T20:00:27.886+0000] {python.py:240} INFO - Done. Returned value was: [{'location': 'Gwagwaldda', 'region': 'Federal Capital Territory', 'country': 'Nigeria', 'lat': 8.9414, 'lon': 7.0919, 'localtime': '2025-01-22 04:49', 'temperature_c': 23.1, 'temperature_f': 73.6, 'feelslike_c': 22.6, 'feelslike_f': 72.8, 'date': datetime.date(2025, 1, 22)}]
[2025-02-01T20:00:27.935+0000] {taskinstance.py:340} INFO - ::group::Post task execution logs
[2025-02-01T20:00:27.936+0000] {taskinstance.py:352} INFO - Marking task as SUCCESS. dag_id=Temp_elt_postgres, task_id=transform_weather_data, run_id=scheduled__2025-01-30T00:00:00+00:00, execution_date=20250130T000000, start_date=20250201T200027, end_date=20250201T200027
[2025-02-01T20:00:28.006+0000] {local_task_job_runner.py:266} INFO - Task exited with return code 0
[2025-02-01T20:00:28.046+0000] {taskinstance.py:3895} INFO - 1 downstream tasks scheduled from follow-on schedule check
[2025-02-01T20:00:28.057+0000] {local_task_job_runner.py:245} INFO - ::endgroup::
