[2025-01-07T10:30:54.794+0100] {processor.py:186} INFO - Started process (PID=84854) to work on /Users/azeez.ganiyu/airflow_venv/lib/python3.9/site-packages/airflow/example_dags/example_sla_dag.py
[2025-01-07T10:30:54.800+0100] {processor.py:914} INFO - Processing file /Users/azeez.ganiyu/airflow_venv/lib/python3.9/site-packages/airflow/example_dags/example_sla_dag.py for tasks to queue
[2025-01-07T10:30:54.802+0100] {logging_mixin.py:190} INFO - [2025-01-07T10:30:54.801+0100] {dagbag.py:588} INFO - Filling up the DagBag from /Users/azeez.ganiyu/airflow_venv/lib/python3.9/site-packages/airflow/example_dags/example_sla_dag.py
[2025-01-07T10:30:54.861+0100] {processor.py:925} INFO - DAG(s) 'example_sla_dag' retrieved from /Users/azeez.ganiyu/airflow_venv/lib/python3.9/site-packages/airflow/example_dags/example_sla_dag.py
[2025-01-07T10:30:55.007+0100] {logging_mixin.py:190} INFO - [2025-01-07T10:30:55.006+0100] {dag.py:3239} INFO - Sync 1 DAGs
[2025-01-07T10:30:55.032+0100] {logging_mixin.py:190} INFO - [2025-01-07T10:30:55.032+0100] {dag.py:4180} INFO - Setting next_dagrun for example_sla_dag to 2025-01-07 09:28:00+00:00, run_after=2025-01-07 09:30:00+00:00
[2025-01-07T10:30:55.092+0100] {processor.py:208} INFO - Processing /Users/azeez.ganiyu/airflow_venv/lib/python3.9/site-packages/airflow/example_dags/example_sla_dag.py took 0.305 seconds
[2025-01-07T20:38:59.050+0100] {processor.py:186} INFO - Started process (PID=65711) to work on /Users/azeez.ganiyu/airflow_venv/lib/python3.9/site-packages/airflow/example_dags/example_sla_dag.py
[2025-01-07T20:38:59.056+0100] {processor.py:914} INFO - Processing file /Users/azeez.ganiyu/airflow_venv/lib/python3.9/site-packages/airflow/example_dags/example_sla_dag.py for tasks to queue
[2025-01-07T20:38:59.057+0100] {logging_mixin.py:190} INFO - [2025-01-07T20:38:59.057+0100] {dagbag.py:588} INFO - Filling up the DagBag from /Users/azeez.ganiyu/airflow_venv/lib/python3.9/site-packages/airflow/example_dags/example_sla_dag.py
[2025-01-07T20:38:59.113+0100] {processor.py:925} INFO - DAG(s) 'example_sla_dag' retrieved from /Users/azeez.ganiyu/airflow_venv/lib/python3.9/site-packages/airflow/example_dags/example_sla_dag.py
[2025-01-07T20:38:59.243+0100] {logging_mixin.py:190} INFO - [2025-01-07T20:38:59.241+0100] {dag.py:3239} INFO - Sync 1 DAGs
[2025-01-07T20:38:59.263+0100] {logging_mixin.py:190} INFO - [2025-01-07T20:38:59.263+0100] {dag.py:4180} INFO - Setting next_dagrun for example_sla_dag to 2025-01-07 19:36:00+00:00, run_after=2025-01-07 19:38:00+00:00
[2025-01-07T20:38:59.281+0100] {processor.py:208} INFO - Processing /Users/azeez.ganiyu/airflow_venv/lib/python3.9/site-packages/airflow/example_dags/example_sla_dag.py took 0.239 seconds
[2025-01-07T20:43:15.268+0100] {processor.py:186} INFO - Started process (PID=67063) to work on /Users/azeez.ganiyu/airflow_venv/lib/python3.9/site-packages/airflow/example_dags/example_sla_dag.py
[2025-01-07T20:43:15.276+0100] {processor.py:914} INFO - Processing file /Users/azeez.ganiyu/airflow_venv/lib/python3.9/site-packages/airflow/example_dags/example_sla_dag.py for tasks to queue
[2025-01-07T20:43:15.277+0100] {logging_mixin.py:190} INFO - [2025-01-07T20:43:15.277+0100] {dagbag.py:588} INFO - Filling up the DagBag from /Users/azeez.ganiyu/airflow_venv/lib/python3.9/site-packages/airflow/example_dags/example_sla_dag.py
[2025-01-07T20:43:15.474+0100] {processor.py:925} INFO - DAG(s) 'example_sla_dag' retrieved from /Users/azeez.ganiyu/airflow_venv/lib/python3.9/site-packages/airflow/example_dags/example_sla_dag.py
[2025-01-07T20:43:15.716+0100] {logging_mixin.py:190} INFO - [2025-01-07T20:43:15.714+0100] {dag.py:3239} INFO - Sync 1 DAGs
[2025-01-07T20:43:15.756+0100] {logging_mixin.py:190} INFO - [2025-01-07T20:43:15.755+0100] {dag.py:4180} INFO - Setting next_dagrun for example_sla_dag to 2025-01-07 19:40:00+00:00, run_after=2025-01-07 19:42:00+00:00
[2025-01-07T20:43:15.789+0100] {processor.py:208} INFO - Processing /Users/azeez.ganiyu/airflow_venv/lib/python3.9/site-packages/airflow/example_dags/example_sla_dag.py took 0.533 seconds
[2025-01-07T21:05:33.512+0100] {processor.py:186} INFO - Started process (PID=74788) to work on /Users/azeez.ganiyu/airflow_venv/lib/python3.9/site-packages/airflow/example_dags/example_sla_dag.py
[2025-01-07T21:05:33.517+0100] {processor.py:914} INFO - Processing file /Users/azeez.ganiyu/airflow_venv/lib/python3.9/site-packages/airflow/example_dags/example_sla_dag.py for tasks to queue
[2025-01-07T21:05:33.518+0100] {logging_mixin.py:190} INFO - [2025-01-07T21:05:33.517+0100] {dagbag.py:588} INFO - Filling up the DagBag from /Users/azeez.ganiyu/airflow_venv/lib/python3.9/site-packages/airflow/example_dags/example_sla_dag.py
[2025-01-07T21:05:33.577+0100] {processor.py:925} INFO - DAG(s) 'example_sla_dag' retrieved from /Users/azeez.ganiyu/airflow_venv/lib/python3.9/site-packages/airflow/example_dags/example_sla_dag.py
[2025-01-07T21:05:33.721+0100] {logging_mixin.py:190} INFO - [2025-01-07T21:05:33.720+0100] {dag.py:3239} INFO - Sync 1 DAGs
[2025-01-07T21:05:33.743+0100] {logging_mixin.py:190} INFO - [2025-01-07T21:05:33.743+0100] {dag.py:4180} INFO - Setting next_dagrun for example_sla_dag to 2025-01-07 20:02:00+00:00, run_after=2025-01-07 20:04:00+00:00
[2025-01-07T21:05:33.764+0100] {processor.py:208} INFO - Processing /Users/azeez.ganiyu/airflow_venv/lib/python3.9/site-packages/airflow/example_dags/example_sla_dag.py took 0.261 seconds
