[2025-01-07T10:31:27.400+0100] {processor.py:186} INFO - Started process (PID=85035) to work on /Users/azeez.ganiyu/airflow_venv/lib/python3.9/site-packages/airflow/example_dags/example_python_operator.py
[2025-01-07T10:31:27.405+0100] {processor.py:914} INFO - Processing file /Users/azeez.ganiyu/airflow_venv/lib/python3.9/site-packages/airflow/example_dags/example_python_operator.py for tasks to queue
[2025-01-07T10:31:27.406+0100] {logging_mixin.py:190} INFO - [2025-01-07T10:31:27.406+0100] {dagbag.py:588} INFO - Filling up the DagBag from /Users/azeez.ganiyu/airflow_venv/lib/python3.9/site-packages/airflow/example_dags/example_python_operator.py
[2025-01-07T10:31:27.440+0100] {logging_mixin.py:190} INFO - [2025-01-07T10:31:27.440+0100] {example_python_operator.py:93} WARNING - The virtalenv_python example task requires virtualenv, please install it.
[2025-01-07T10:31:27.450+0100] {processor.py:925} INFO - DAG(s) 'example_python_operator' retrieved from /Users/azeez.ganiyu/airflow_venv/lib/python3.9/site-packages/airflow/example_dags/example_python_operator.py
[2025-01-07T10:31:27.661+0100] {logging_mixin.py:190} INFO - [2025-01-07T10:31:27.660+0100] {dag.py:3239} INFO - Sync 1 DAGs
[2025-01-07T10:31:27.677+0100] {logging_mixin.py:190} INFO - [2025-01-07T10:31:27.676+0100] {dag.py:4180} INFO - Setting next_dagrun for example_python_operator to None, run_after=None
[2025-01-07T10:31:27.713+0100] {processor.py:208} INFO - Processing /Users/azeez.ganiyu/airflow_venv/lib/python3.9/site-packages/airflow/example_dags/example_python_operator.py took 0.323 seconds
[2025-01-07T20:39:29.812+0100] {processor.py:186} INFO - Started process (PID=65888) to work on /Users/azeez.ganiyu/airflow_venv/lib/python3.9/site-packages/airflow/example_dags/example_python_operator.py
[2025-01-07T20:39:29.817+0100] {processor.py:914} INFO - Processing file /Users/azeez.ganiyu/airflow_venv/lib/python3.9/site-packages/airflow/example_dags/example_python_operator.py for tasks to queue
[2025-01-07T20:39:29.819+0100] {logging_mixin.py:190} INFO - [2025-01-07T20:39:29.818+0100] {dagbag.py:588} INFO - Filling up the DagBag from /Users/azeez.ganiyu/airflow_venv/lib/python3.9/site-packages/airflow/example_dags/example_python_operator.py
[2025-01-07T20:39:29.850+0100] {logging_mixin.py:190} INFO - [2025-01-07T20:39:29.850+0100] {example_python_operator.py:93} WARNING - The virtalenv_python example task requires virtualenv, please install it.
[2025-01-07T20:39:29.859+0100] {processor.py:925} INFO - DAG(s) 'example_python_operator' retrieved from /Users/azeez.ganiyu/airflow_venv/lib/python3.9/site-packages/airflow/example_dags/example_python_operator.py
[2025-01-07T20:39:30.001+0100] {logging_mixin.py:190} INFO - [2025-01-07T20:39:30.000+0100] {dag.py:3239} INFO - Sync 1 DAGs
[2025-01-07T20:39:30.011+0100] {logging_mixin.py:190} INFO - [2025-01-07T20:39:30.011+0100] {dag.py:4180} INFO - Setting next_dagrun for example_python_operator to None, run_after=None
[2025-01-07T20:39:30.032+0100] {processor.py:208} INFO - Processing /Users/azeez.ganiyu/airflow_venv/lib/python3.9/site-packages/airflow/example_dags/example_python_operator.py took 0.229 seconds
[2025-01-07T21:05:56.981+0100] {processor.py:186} INFO - Started process (PID=74904) to work on /Users/azeez.ganiyu/airflow_venv/lib/python3.9/site-packages/airflow/example_dags/example_python_operator.py
[2025-01-07T21:05:56.985+0100] {processor.py:914} INFO - Processing file /Users/azeez.ganiyu/airflow_venv/lib/python3.9/site-packages/airflow/example_dags/example_python_operator.py for tasks to queue
[2025-01-07T21:05:56.986+0100] {logging_mixin.py:190} INFO - [2025-01-07T21:05:56.986+0100] {dagbag.py:588} INFO - Filling up the DagBag from /Users/azeez.ganiyu/airflow_venv/lib/python3.9/site-packages/airflow/example_dags/example_python_operator.py
[2025-01-07T21:05:57.018+0100] {logging_mixin.py:190} INFO - [2025-01-07T21:05:57.018+0100] {example_python_operator.py:93} WARNING - The virtalenv_python example task requires virtualenv, please install it.
[2025-01-07T21:05:57.025+0100] {processor.py:925} INFO - DAG(s) 'example_python_operator' retrieved from /Users/azeez.ganiyu/airflow_venv/lib/python3.9/site-packages/airflow/example_dags/example_python_operator.py
[2025-01-07T21:05:57.162+0100] {logging_mixin.py:190} INFO - [2025-01-07T21:05:57.161+0100] {dag.py:3239} INFO - Sync 1 DAGs
[2025-01-07T21:05:57.172+0100] {logging_mixin.py:190} INFO - [2025-01-07T21:05:57.171+0100] {dag.py:4180} INFO - Setting next_dagrun for example_python_operator to None, run_after=None
[2025-01-07T21:05:57.191+0100] {processor.py:208} INFO - Processing /Users/azeez.ganiyu/airflow_venv/lib/python3.9/site-packages/airflow/example_dags/example_python_operator.py took 0.217 seconds
