[2025-01-07T10:30:26.233+0100] {processor.py:186} INFO - Started process (PID=84704) to work on /Users/azeez.ganiyu/airflow_venv/lib/python3.9/site-packages/airflow/example_dags/example_workday_timetable.py
[2025-01-07T10:30:26.238+0100] {processor.py:914} INFO - Processing file /Users/azeez.ganiyu/airflow_venv/lib/python3.9/site-packages/airflow/example_dags/example_workday_timetable.py for tasks to queue
[2025-01-07T10:30:26.239+0100] {logging_mixin.py:190} INFO - [2025-01-07T10:30:26.239+0100] {dagbag.py:588} INFO - Filling up the DagBag from /Users/azeez.ganiyu/airflow_venv/lib/python3.9/site-packages/airflow/example_dags/example_workday_timetable.py
[2025-01-07T10:30:26.245+0100] {logging_mixin.py:190} INFO - [2025-01-07T10:30:26.245+0100] {workday.py:41} WARNING - Could not import pandas. Holidays will not be considered.
[2025-01-07T10:30:26.258+0100] {processor.py:925} INFO - DAG(s) 'example_workday_timetable' retrieved from /Users/azeez.ganiyu/airflow_venv/lib/python3.9/site-packages/airflow/example_dags/example_workday_timetable.py
[2025-01-07T10:30:26.406+0100] {logging_mixin.py:190} INFO - [2025-01-07T10:30:26.405+0100] {workday.py:41} WARNING - Could not import pandas. Holidays will not be considered.
[2025-01-07T10:30:26.454+0100] {logging_mixin.py:190} INFO - [2025-01-07T10:30:26.454+0100] {dag.py:3239} INFO - Sync 1 DAGs
[2025-01-07T10:30:26.474+0100] {logging_mixin.py:190} INFO - [2025-01-07T10:30:26.474+0100] {dag.py:4180} INFO - Setting next_dagrun for example_workday_timetable to 2021-01-01 00:00:00+00:00, run_after=2021-01-02 00:00:00+00:00
[2025-01-07T10:30:26.495+0100] {processor.py:208} INFO - Processing /Users/azeez.ganiyu/airflow_venv/lib/python3.9/site-packages/airflow/example_dags/example_workday_timetable.py took 0.268 seconds
[2025-01-07T20:38:30.671+0100] {processor.py:186} INFO - Started process (PID=65536) to work on /Users/azeez.ganiyu/airflow_venv/lib/python3.9/site-packages/airflow/example_dags/example_workday_timetable.py
[2025-01-07T20:38:30.675+0100] {processor.py:914} INFO - Processing file /Users/azeez.ganiyu/airflow_venv/lib/python3.9/site-packages/airflow/example_dags/example_workday_timetable.py for tasks to queue
[2025-01-07T20:38:30.677+0100] {logging_mixin.py:190} INFO - [2025-01-07T20:38:30.676+0100] {dagbag.py:588} INFO - Filling up the DagBag from /Users/azeez.ganiyu/airflow_venv/lib/python3.9/site-packages/airflow/example_dags/example_workday_timetable.py
[2025-01-07T20:38:31.467+0100] {processor.py:925} INFO - DAG(s) 'example_workday_timetable' retrieved from /Users/azeez.ganiyu/airflow_venv/lib/python3.9/site-packages/airflow/example_dags/example_workday_timetable.py
[2025-01-07T20:38:31.580+0100] {logging_mixin.py:190} INFO - [2025-01-07T20:38:31.580+0100] {dag.py:3239} INFO - Sync 1 DAGs
[2025-01-07T20:38:31.679+0100] {logging_mixin.py:190} INFO - [2025-01-07T20:38:31.678+0100] {dag.py:4180} INFO - Setting next_dagrun for example_workday_timetable to 2021-01-04 00:00:00+00:00, run_after=2021-01-05 00:00:00+00:00
[2025-01-07T20:38:31.697+0100] {processor.py:208} INFO - Processing /Users/azeez.ganiyu/airflow_venv/lib/python3.9/site-packages/airflow/example_dags/example_workday_timetable.py took 1.033 seconds
[2025-01-07T20:42:39.669+0100] {processor.py:186} INFO - Started process (PID=66899) to work on /Users/azeez.ganiyu/airflow_venv/lib/python3.9/site-packages/airflow/example_dags/example_workday_timetable.py
[2025-01-07T20:42:39.675+0100] {processor.py:914} INFO - Processing file /Users/azeez.ganiyu/airflow_venv/lib/python3.9/site-packages/airflow/example_dags/example_workday_timetable.py for tasks to queue
[2025-01-07T20:42:39.676+0100] {logging_mixin.py:190} INFO - [2025-01-07T20:42:39.676+0100] {dagbag.py:588} INFO - Filling up the DagBag from /Users/azeez.ganiyu/airflow_venv/lib/python3.9/site-packages/airflow/example_dags/example_workday_timetable.py
[2025-01-07T20:42:40.584+0100] {processor.py:925} INFO - DAG(s) 'example_workday_timetable' retrieved from /Users/azeez.ganiyu/airflow_venv/lib/python3.9/site-packages/airflow/example_dags/example_workday_timetable.py
[2025-01-07T20:42:40.719+0100] {logging_mixin.py:190} INFO - [2025-01-07T20:42:40.719+0100] {dag.py:3239} INFO - Sync 1 DAGs
[2025-01-07T20:42:40.821+0100] {logging_mixin.py:190} INFO - [2025-01-07T20:42:40.821+0100] {dag.py:4180} INFO - Setting next_dagrun for example_workday_timetable to 2021-01-04 00:00:00+00:00, run_after=2021-01-05 00:00:00+00:00
[2025-01-07T20:42:40.842+0100] {processor.py:208} INFO - Processing /Users/azeez.ganiyu/airflow_venv/lib/python3.9/site-packages/airflow/example_dags/example_workday_timetable.py took 1.182 seconds
[2025-01-07T21:05:09.438+0100] {processor.py:186} INFO - Started process (PID=74647) to work on /Users/azeez.ganiyu/airflow_venv/lib/python3.9/site-packages/airflow/example_dags/example_workday_timetable.py
[2025-01-07T21:05:09.444+0100] {processor.py:914} INFO - Processing file /Users/azeez.ganiyu/airflow_venv/lib/python3.9/site-packages/airflow/example_dags/example_workday_timetable.py for tasks to queue
[2025-01-07T21:05:09.445+0100] {logging_mixin.py:190} INFO - [2025-01-07T21:05:09.445+0100] {dagbag.py:588} INFO - Filling up the DagBag from /Users/azeez.ganiyu/airflow_venv/lib/python3.9/site-packages/airflow/example_dags/example_workday_timetable.py
[2025-01-07T21:05:10.204+0100] {processor.py:925} INFO - DAG(s) 'example_workday_timetable' retrieved from /Users/azeez.ganiyu/airflow_venv/lib/python3.9/site-packages/airflow/example_dags/example_workday_timetable.py
[2025-01-07T21:05:10.325+0100] {logging_mixin.py:190} INFO - [2025-01-07T21:05:10.325+0100] {dag.py:3239} INFO - Sync 1 DAGs
[2025-01-07T21:05:10.425+0100] {logging_mixin.py:190} INFO - [2025-01-07T21:05:10.425+0100] {dag.py:4180} INFO - Setting next_dagrun for example_workday_timetable to 2021-01-04 00:00:00+00:00, run_after=2021-01-05 00:00:00+00:00
[2025-01-07T21:05:10.445+0100] {processor.py:208} INFO - Processing /Users/azeez.ganiyu/airflow_venv/lib/python3.9/site-packages/airflow/example_dags/example_workday_timetable.py took 1.014 seconds
