[2025-01-07T10:31:19.619+0100] {processor.py:186} INFO - Started process (PID=84991) to work on /Users/azeez.ganiyu/airflow_venv/lib/python3.9/site-packages/airflow/example_dags/example_sensors.py
[2025-01-07T10:31:19.624+0100] {processor.py:914} INFO - Processing file /Users/azeez.ganiyu/airflow_venv/lib/python3.9/site-packages/airflow/example_dags/example_sensors.py for tasks to queue
[2025-01-07T10:31:19.625+0100] {logging_mixin.py:190} INFO - [2025-01-07T10:31:19.625+0100] {dagbag.py:588} INFO - Filling up the DagBag from /Users/azeez.ganiyu/airflow_venv/lib/python3.9/site-packages/airflow/example_dags/example_sensors.py
[2025-01-07T10:31:19.654+0100] {processor.py:925} INFO - DAG(s) 'example_sensors' retrieved from /Users/azeez.ganiyu/airflow_venv/lib/python3.9/site-packages/airflow/example_dags/example_sensors.py
[2025-01-07T10:31:19.783+0100] {logging_mixin.py:190} INFO - [2025-01-07T10:31:19.783+0100] {workday.py:41} WARNING - Could not import pandas. Holidays will not be considered.
[2025-01-07T10:31:19.829+0100] {logging_mixin.py:190} INFO - [2025-01-07T10:31:19.829+0100] {dag.py:3239} INFO - Sync 1 DAGs
[2025-01-07T10:31:19.838+0100] {logging_mixin.py:190} INFO - [2025-01-07T10:31:19.838+0100] {dag.py:4180} INFO - Setting next_dagrun for example_sensors to None, run_after=None
[2025-01-07T10:31:19.860+0100] {processor.py:208} INFO - Processing /Users/azeez.ganiyu/airflow_venv/lib/python3.9/site-packages/airflow/example_dags/example_sensors.py took 0.248 seconds
[2025-01-07T20:39:20.893+0100] {processor.py:186} INFO - Started process (PID=65825) to work on /Users/azeez.ganiyu/airflow_venv/lib/python3.9/site-packages/airflow/example_dags/example_sensors.py
[2025-01-07T20:39:20.898+0100] {processor.py:914} INFO - Processing file /Users/azeez.ganiyu/airflow_venv/lib/python3.9/site-packages/airflow/example_dags/example_sensors.py for tasks to queue
[2025-01-07T20:39:20.900+0100] {logging_mixin.py:190} INFO - [2025-01-07T20:39:20.900+0100] {dagbag.py:588} INFO - Filling up the DagBag from /Users/azeez.ganiyu/airflow_venv/lib/python3.9/site-packages/airflow/example_dags/example_sensors.py
[2025-01-07T20:39:20.929+0100] {processor.py:925} INFO - DAG(s) 'example_sensors' retrieved from /Users/azeez.ganiyu/airflow_venv/lib/python3.9/site-packages/airflow/example_dags/example_sensors.py
[2025-01-07T20:39:21.909+0100] {logging_mixin.py:190} INFO - [2025-01-07T20:39:21.908+0100] {dag.py:3239} INFO - Sync 1 DAGs
[2025-01-07T20:39:21.917+0100] {logging_mixin.py:190} INFO - [2025-01-07T20:39:21.917+0100] {dag.py:4180} INFO - Setting next_dagrun for example_sensors to None, run_after=None
[2025-01-07T20:39:21.936+0100] {processor.py:208} INFO - Processing /Users/azeez.ganiyu/airflow_venv/lib/python3.9/site-packages/airflow/example_dags/example_sensors.py took 1.050 seconds
[2025-01-07T21:05:49.983+0100] {processor.py:186} INFO - Started process (PID=74870) to work on /Users/azeez.ganiyu/airflow_venv/lib/python3.9/site-packages/airflow/example_dags/example_sensors.py
[2025-01-07T21:05:49.988+0100] {processor.py:914} INFO - Processing file /Users/azeez.ganiyu/airflow_venv/lib/python3.9/site-packages/airflow/example_dags/example_sensors.py for tasks to queue
[2025-01-07T21:05:49.989+0100] {logging_mixin.py:190} INFO - [2025-01-07T21:05:49.989+0100] {dagbag.py:588} INFO - Filling up the DagBag from /Users/azeez.ganiyu/airflow_venv/lib/python3.9/site-packages/airflow/example_dags/example_sensors.py
[2025-01-07T21:05:50.014+0100] {processor.py:925} INFO - DAG(s) 'example_sensors' retrieved from /Users/azeez.ganiyu/airflow_venv/lib/python3.9/site-packages/airflow/example_dags/example_sensors.py
[2025-01-07T21:05:50.942+0100] {logging_mixin.py:190} INFO - [2025-01-07T21:05:50.942+0100] {dag.py:3239} INFO - Sync 1 DAGs
[2025-01-07T21:05:50.950+0100] {logging_mixin.py:190} INFO - [2025-01-07T21:05:50.950+0100] {dag.py:4180} INFO - Setting next_dagrun for example_sensors to None, run_after=None
[2025-01-07T21:05:50.969+0100] {processor.py:208} INFO - Processing /Users/azeez.ganiyu/airflow_venv/lib/python3.9/site-packages/airflow/example_dags/example_sensors.py took 0.992 seconds
