[2025-01-07T10:30:50.829+0100] {processor.py:186} INFO - Started process (PID=84832) to work on /Users/azeez.ganiyu/airflow_venv/lib/python3.9/site-packages/airflow/example_dags/example_subdag_operator.py
[2025-01-07T10:30:50.835+0100] {processor.py:914} INFO - Processing file /Users/azeez.ganiyu/airflow_venv/lib/python3.9/site-packages/airflow/example_dags/example_subdag_operator.py for tasks to queue
[2025-01-07T10:30:50.836+0100] {logging_mixin.py:190} INFO - [2025-01-07T10:30:50.835+0100] {dagbag.py:588} INFO - Filling up the DagBag from /Users/azeez.ganiyu/airflow_venv/lib/python3.9/site-packages/airflow/example_dags/example_subdag_operator.py
[2025-01-07T10:30:51.002+0100] {processor.py:925} INFO - DAG(s) 'example_subdag_operator.section-1', 'example_subdag_operator.section-2', 'example_subdag_operator' retrieved from /Users/azeez.ganiyu/airflow_venv/lib/python3.9/site-packages/airflow/example_dags/example_subdag_operator.py
[2025-01-07T10:30:51.023+0100] {logging_mixin.py:190} INFO - [2025-01-07T10:30:51.023+0100] {workday.py:41} WARNING - Could not import pandas. Holidays will not be considered.
[2025-01-07T10:30:51.051+0100] {logging_mixin.py:190} INFO - [2025-01-07T10:30:51.051+0100] {dag.py:3239} INFO - Sync 3 DAGs
[2025-01-07T10:30:51.066+0100] {logging_mixin.py:190} INFO - [2025-01-07T10:30:51.066+0100] {dag.py:4180} INFO - Setting next_dagrun for example_subdag_operator to 2022-01-01 00:00:00+00:00, run_after=2022-01-01 00:00:00+00:00
[2025-01-07T10:30:51.069+0100] {logging_mixin.py:190} INFO - [2025-01-07T10:30:51.069+0100] {dag.py:4180} INFO - Setting next_dagrun for example_subdag_operator.section-1 to None, run_after=None
[2025-01-07T10:30:51.070+0100] {logging_mixin.py:190} INFO - [2025-01-07T10:30:51.070+0100] {dag.py:4180} INFO - Setting next_dagrun for example_subdag_operator.section-2 to None, run_after=None
[2025-01-07T10:30:51.077+0100] {logging_mixin.py:190} INFO - [2025-01-07T10:30:51.076+0100] {dag.py:3239} INFO - Sync 2 DAGs
[2025-01-07T10:30:51.080+0100] {logging_mixin.py:190} INFO - [2025-01-07T10:30:51.080+0100] {dag.py:4180} INFO - Setting next_dagrun for example_subdag_operator.section-1 to None, run_after=None
[2025-01-07T10:30:51.081+0100] {logging_mixin.py:190} INFO - [2025-01-07T10:30:51.081+0100] {dag.py:4180} INFO - Setting next_dagrun for example_subdag_operator.section-2 to None, run_after=None
[2025-01-07T10:30:51.097+0100] {processor.py:208} INFO - Processing /Users/azeez.ganiyu/airflow_venv/lib/python3.9/site-packages/airflow/example_dags/example_subdag_operator.py took 0.275 seconds
[2025-01-07T20:38:54.586+0100] {processor.py:186} INFO - Started process (PID=65689) to work on /Users/azeez.ganiyu/airflow_venv/lib/python3.9/site-packages/airflow/example_dags/example_subdag_operator.py
[2025-01-07T20:38:54.592+0100] {processor.py:914} INFO - Processing file /Users/azeez.ganiyu/airflow_venv/lib/python3.9/site-packages/airflow/example_dags/example_subdag_operator.py for tasks to queue
[2025-01-07T20:38:54.593+0100] {logging_mixin.py:190} INFO - [2025-01-07T20:38:54.592+0100] {dagbag.py:588} INFO - Filling up the DagBag from /Users/azeez.ganiyu/airflow_venv/lib/python3.9/site-packages/airflow/example_dags/example_subdag_operator.py
[2025-01-07T20:38:54.756+0100] {processor.py:925} INFO - DAG(s) 'example_subdag_operator.section-1', 'example_subdag_operator.section-2', 'example_subdag_operator' retrieved from /Users/azeez.ganiyu/airflow_venv/lib/python3.9/site-packages/airflow/example_dags/example_subdag_operator.py
[2025-01-07T20:38:55.636+0100] {logging_mixin.py:190} INFO - [2025-01-07T20:38:55.635+0100] {dag.py:3239} INFO - Sync 3 DAGs
[2025-01-07T20:38:55.651+0100] {logging_mixin.py:190} INFO - [2025-01-07T20:38:55.650+0100] {dag.py:4180} INFO - Setting next_dagrun for example_subdag_operator to 2022-01-01 00:00:00+00:00, run_after=2022-01-01 00:00:00+00:00
[2025-01-07T20:38:55.654+0100] {logging_mixin.py:190} INFO - [2025-01-07T20:38:55.653+0100] {dag.py:4180} INFO - Setting next_dagrun for example_subdag_operator.section-1 to None, run_after=None
[2025-01-07T20:38:55.655+0100] {logging_mixin.py:190} INFO - [2025-01-07T20:38:55.654+0100] {dag.py:4180} INFO - Setting next_dagrun for example_subdag_operator.section-2 to None, run_after=None
[2025-01-07T20:38:55.660+0100] {logging_mixin.py:190} INFO - [2025-01-07T20:38:55.660+0100] {dag.py:3239} INFO - Sync 2 DAGs
[2025-01-07T20:38:55.664+0100] {logging_mixin.py:190} INFO - [2025-01-07T20:38:55.664+0100] {dag.py:4180} INFO - Setting next_dagrun for example_subdag_operator.section-1 to None, run_after=None
[2025-01-07T20:38:55.664+0100] {logging_mixin.py:190} INFO - [2025-01-07T20:38:55.664+0100] {dag.py:4180} INFO - Setting next_dagrun for example_subdag_operator.section-2 to None, run_after=None
[2025-01-07T20:38:55.678+0100] {processor.py:208} INFO - Processing /Users/azeez.ganiyu/airflow_venv/lib/python3.9/site-packages/airflow/example_dags/example_subdag_operator.py took 1.101 seconds
[2025-01-07T20:43:07.038+0100] {processor.py:186} INFO - Started process (PID=67031) to work on /Users/azeez.ganiyu/airflow_venv/lib/python3.9/site-packages/airflow/example_dags/example_subdag_operator.py
[2025-01-07T20:43:07.045+0100] {processor.py:914} INFO - Processing file /Users/azeez.ganiyu/airflow_venv/lib/python3.9/site-packages/airflow/example_dags/example_subdag_operator.py for tasks to queue
[2025-01-07T20:43:07.047+0100] {logging_mixin.py:190} INFO - [2025-01-07T20:43:07.047+0100] {dagbag.py:588} INFO - Filling up the DagBag from /Users/azeez.ganiyu/airflow_venv/lib/python3.9/site-packages/airflow/example_dags/example_subdag_operator.py
[2025-01-07T20:43:07.375+0100] {processor.py:925} INFO - DAG(s) 'example_subdag_operator.section-1', 'example_subdag_operator.section-2', 'example_subdag_operator' retrieved from /Users/azeez.ganiyu/airflow_venv/lib/python3.9/site-packages/airflow/example_dags/example_subdag_operator.py
[2025-01-07T20:43:08.893+0100] {logging_mixin.py:190} INFO - [2025-01-07T20:43:08.893+0100] {dag.py:3239} INFO - Sync 3 DAGs
[2025-01-07T20:43:08.920+0100] {logging_mixin.py:190} INFO - [2025-01-07T20:43:08.920+0100] {dag.py:4180} INFO - Setting next_dagrun for example_subdag_operator to 2022-01-01 00:00:00+00:00, run_after=2022-01-01 00:00:00+00:00
[2025-01-07T20:43:08.925+0100] {logging_mixin.py:190} INFO - [2025-01-07T20:43:08.925+0100] {dag.py:4180} INFO - Setting next_dagrun for example_subdag_operator.section-1 to None, run_after=None
[2025-01-07T20:43:08.927+0100] {logging_mixin.py:190} INFO - [2025-01-07T20:43:08.927+0100] {dag.py:4180} INFO - Setting next_dagrun for example_subdag_operator.section-2 to None, run_after=None
[2025-01-07T20:43:08.937+0100] {logging_mixin.py:190} INFO - [2025-01-07T20:43:08.937+0100] {dag.py:3239} INFO - Sync 2 DAGs
[2025-01-07T20:43:08.943+0100] {logging_mixin.py:190} INFO - [2025-01-07T20:43:08.943+0100] {dag.py:4180} INFO - Setting next_dagrun for example_subdag_operator.section-1 to None, run_after=None
[2025-01-07T20:43:08.944+0100] {logging_mixin.py:190} INFO - [2025-01-07T20:43:08.944+0100] {dag.py:4180} INFO - Setting next_dagrun for example_subdag_operator.section-2 to None, run_after=None
[2025-01-07T20:43:08.968+0100] {processor.py:208} INFO - Processing /Users/azeez.ganiyu/airflow_venv/lib/python3.9/site-packages/airflow/example_dags/example_subdag_operator.py took 1.942 seconds
[2025-01-07T21:05:29.828+0100] {processor.py:186} INFO - Started process (PID=74766) to work on /Users/azeez.ganiyu/airflow_venv/lib/python3.9/site-packages/airflow/example_dags/example_subdag_operator.py
[2025-01-07T21:05:29.832+0100] {processor.py:914} INFO - Processing file /Users/azeez.ganiyu/airflow_venv/lib/python3.9/site-packages/airflow/example_dags/example_subdag_operator.py for tasks to queue
[2025-01-07T21:05:29.833+0100] {logging_mixin.py:190} INFO - [2025-01-07T21:05:29.833+0100] {dagbag.py:588} INFO - Filling up the DagBag from /Users/azeez.ganiyu/airflow_venv/lib/python3.9/site-packages/airflow/example_dags/example_subdag_operator.py
[2025-01-07T21:05:29.996+0100] {processor.py:925} INFO - DAG(s) 'example_subdag_operator.section-1', 'example_subdag_operator.section-2', 'example_subdag_operator' retrieved from /Users/azeez.ganiyu/airflow_venv/lib/python3.9/site-packages/airflow/example_dags/example_subdag_operator.py
[2025-01-07T21:05:30.888+0100] {logging_mixin.py:190} INFO - [2025-01-07T21:05:30.887+0100] {dag.py:3239} INFO - Sync 3 DAGs
[2025-01-07T21:05:30.912+0100] {logging_mixin.py:190} INFO - [2025-01-07T21:05:30.912+0100] {dag.py:4180} INFO - Setting next_dagrun for example_subdag_operator to 2022-01-01 00:00:00+00:00, run_after=2022-01-01 00:00:00+00:00
[2025-01-07T21:05:30.916+0100] {logging_mixin.py:190} INFO - [2025-01-07T21:05:30.915+0100] {dag.py:4180} INFO - Setting next_dagrun for example_subdag_operator.section-1 to None, run_after=None
[2025-01-07T21:05:30.917+0100] {logging_mixin.py:190} INFO - [2025-01-07T21:05:30.916+0100] {dag.py:4180} INFO - Setting next_dagrun for example_subdag_operator.section-2 to None, run_after=None
[2025-01-07T21:05:30.923+0100] {logging_mixin.py:190} INFO - [2025-01-07T21:05:30.922+0100] {dag.py:3239} INFO - Sync 2 DAGs
[2025-01-07T21:05:30.928+0100] {logging_mixin.py:190} INFO - [2025-01-07T21:05:30.928+0100] {dag.py:4180} INFO - Setting next_dagrun for example_subdag_operator.section-1 to None, run_after=None
[2025-01-07T21:05:30.929+0100] {logging_mixin.py:190} INFO - [2025-01-07T21:05:30.928+0100] {dag.py:4180} INFO - Setting next_dagrun for example_subdag_operator.section-2 to None, run_after=None
[2025-01-07T21:05:30.950+0100] {processor.py:208} INFO - Processing /Users/azeez.ganiyu/airflow_venv/lib/python3.9/site-packages/airflow/example_dags/example_subdag_operator.py took 1.129 seconds
