[2025-01-07T10:31:47.109+0100] {processor.py:186} INFO - Started process (PID=85145) to work on /Users/azeez.ganiyu/airflow_venv/lib/python3.9/site-packages/airflow/example_dags/example_outlet_event_extra.py
[2025-01-07T10:31:47.114+0100] {processor.py:914} INFO - Processing file /Users/azeez.ganiyu/airflow_venv/lib/python3.9/site-packages/airflow/example_dags/example_outlet_event_extra.py for tasks to queue
[2025-01-07T10:31:47.115+0100] {logging_mixin.py:190} INFO - [2025-01-07T10:31:47.115+0100] {dagbag.py:588} INFO - Filling up the DagBag from /Users/azeez.ganiyu/airflow_venv/lib/python3.9/site-packages/airflow/example_dags/example_outlet_event_extra.py
[2025-01-07T10:31:47.332+0100] {processor.py:925} INFO - DAG(s) 'dataset_with_extra_from_classic_operator', 'dataset_with_extra_by_yield', 'dataset_with_extra_by_context' retrieved from /Users/azeez.ganiyu/airflow_venv/lib/python3.9/site-packages/airflow/example_dags/example_outlet_event_extra.py
[2025-01-07T10:31:47.427+0100] {logging_mixin.py:190} INFO - [2025-01-07T10:31:47.427+0100] {dag.py:3239} INFO - Sync 3 DAGs
[2025-01-07T10:31:47.442+0100] {logging_mixin.py:190} INFO - [2025-01-07T10:31:47.441+0100] {dag.py:4180} INFO - Setting next_dagrun for dataset_with_extra_by_context to 2025-01-06 00:00:00+00:00, run_after=2025-01-07 00:00:00+00:00
[2025-01-07T10:31:47.445+0100] {logging_mixin.py:190} INFO - [2025-01-07T10:31:47.445+0100] {dag.py:4180} INFO - Setting next_dagrun for dataset_with_extra_by_yield to 2025-01-06 00:00:00+00:00, run_after=2025-01-07 00:00:00+00:00
[2025-01-07T10:31:47.448+0100] {logging_mixin.py:190} INFO - [2025-01-07T10:31:47.448+0100] {dag.py:4180} INFO - Setting next_dagrun for dataset_with_extra_from_classic_operator to 2025-01-06 00:00:00+00:00, run_after=2025-01-07 00:00:00+00:00
[2025-01-07T10:31:47.469+0100] {processor.py:208} INFO - Processing /Users/azeez.ganiyu/airflow_venv/lib/python3.9/site-packages/airflow/example_dags/example_outlet_event_extra.py took 0.368 seconds
[2025-01-07T20:39:49.673+0100] {processor.py:186} INFO - Started process (PID=65993) to work on /Users/azeez.ganiyu/airflow_venv/lib/python3.9/site-packages/airflow/example_dags/example_outlet_event_extra.py
[2025-01-07T20:39:49.679+0100] {processor.py:914} INFO - Processing file /Users/azeez.ganiyu/airflow_venv/lib/python3.9/site-packages/airflow/example_dags/example_outlet_event_extra.py for tasks to queue
[2025-01-07T20:39:49.681+0100] {logging_mixin.py:190} INFO - [2025-01-07T20:39:49.681+0100] {dagbag.py:588} INFO - Filling up the DagBag from /Users/azeez.ganiyu/airflow_venv/lib/python3.9/site-packages/airflow/example_dags/example_outlet_event_extra.py
[2025-01-07T20:39:49.916+0100] {processor.py:925} INFO - DAG(s) 'dataset_with_extra_by_context', 'dataset_with_extra_by_yield', 'dataset_with_extra_from_classic_operator' retrieved from /Users/azeez.ganiyu/airflow_venv/lib/python3.9/site-packages/airflow/example_dags/example_outlet_event_extra.py
[2025-01-07T20:39:50.054+0100] {logging_mixin.py:190} INFO - [2025-01-07T20:39:50.054+0100] {dag.py:3239} INFO - Sync 3 DAGs
[2025-01-07T20:39:50.077+0100] {logging_mixin.py:190} INFO - [2025-01-07T20:39:50.077+0100] {dag.py:4180} INFO - Setting next_dagrun for dataset_with_extra_by_context to 2025-01-06 00:00:00+00:00, run_after=2025-01-07 00:00:00+00:00
[2025-01-07T20:39:50.081+0100] {logging_mixin.py:190} INFO - [2025-01-07T20:39:50.081+0100] {dag.py:4180} INFO - Setting next_dagrun for dataset_with_extra_by_yield to 2025-01-06 00:00:00+00:00, run_after=2025-01-07 00:00:00+00:00
[2025-01-07T20:39:50.083+0100] {logging_mixin.py:190} INFO - [2025-01-07T20:39:50.083+0100] {dag.py:4180} INFO - Setting next_dagrun for dataset_with_extra_from_classic_operator to 2025-01-06 00:00:00+00:00, run_after=2025-01-07 00:00:00+00:00
[2025-01-07T20:39:50.173+0100] {processor.py:208} INFO - Processing /Users/azeez.ganiyu/airflow_venv/lib/python3.9/site-packages/airflow/example_dags/example_outlet_event_extra.py took 0.506 seconds
[2025-01-07T21:06:10.343+0100] {processor.py:186} INFO - Started process (PID=74975) to work on /Users/azeez.ganiyu/airflow_venv/lib/python3.9/site-packages/airflow/example_dags/example_outlet_event_extra.py
[2025-01-07T21:06:10.348+0100] {processor.py:914} INFO - Processing file /Users/azeez.ganiyu/airflow_venv/lib/python3.9/site-packages/airflow/example_dags/example_outlet_event_extra.py for tasks to queue
[2025-01-07T21:06:10.349+0100] {logging_mixin.py:190} INFO - [2025-01-07T21:06:10.349+0100] {dagbag.py:588} INFO - Filling up the DagBag from /Users/azeez.ganiyu/airflow_venv/lib/python3.9/site-packages/airflow/example_dags/example_outlet_event_extra.py
[2025-01-07T21:06:10.586+0100] {processor.py:925} INFO - DAG(s) 'dataset_with_extra_from_classic_operator', 'dataset_with_extra_by_yield', 'dataset_with_extra_by_context' retrieved from /Users/azeez.ganiyu/airflow_venv/lib/python3.9/site-packages/airflow/example_dags/example_outlet_event_extra.py
[2025-01-07T21:06:10.691+0100] {logging_mixin.py:190} INFO - [2025-01-07T21:06:10.691+0100] {dag.py:3239} INFO - Sync 3 DAGs
[2025-01-07T21:06:10.707+0100] {logging_mixin.py:190} INFO - [2025-01-07T21:06:10.707+0100] {dag.py:4180} INFO - Setting next_dagrun for dataset_with_extra_by_context to 2025-01-06 00:00:00+00:00, run_after=2025-01-07 00:00:00+00:00
[2025-01-07T21:06:10.711+0100] {logging_mixin.py:190} INFO - [2025-01-07T21:06:10.711+0100] {dag.py:4180} INFO - Setting next_dagrun for dataset_with_extra_by_yield to 2025-01-06 00:00:00+00:00, run_after=2025-01-07 00:00:00+00:00
[2025-01-07T21:06:10.713+0100] {logging_mixin.py:190} INFO - [2025-01-07T21:06:10.713+0100] {dag.py:4180} INFO - Setting next_dagrun for dataset_with_extra_from_classic_operator to 2025-01-06 00:00:00+00:00, run_after=2025-01-07 00:00:00+00:00
[2025-01-07T21:06:10.734+0100] {processor.py:208} INFO - Processing /Users/azeez.ganiyu/airflow_venv/lib/python3.9/site-packages/airflow/example_dags/example_outlet_event_extra.py took 0.398 seconds
