[2025-01-07T10:30:18.539+0100] {processor.py:186} INFO - Started process (PID=84666) to work on /Users/azeez.ganiyu/airflow_venv/lib/python3.9/site-packages/airflow/example_dags/example_xcomargs.py
[2025-01-07T10:30:18.544+0100] {processor.py:914} INFO - Processing file /Users/azeez.ganiyu/airflow_venv/lib/python3.9/site-packages/airflow/example_dags/example_xcomargs.py for tasks to queue
[2025-01-07T10:30:18.545+0100] {logging_mixin.py:190} INFO - [2025-01-07T10:30:18.545+0100] {dagbag.py:588} INFO - Filling up the DagBag from /Users/azeez.ganiyu/airflow_venv/lib/python3.9/site-packages/airflow/example_dags/example_xcomargs.py
[2025-01-07T10:30:18.603+0100] {processor.py:925} INFO - DAG(s) 'example_xcom_args_with_operators', 'example_xcom_args' retrieved from /Users/azeez.ganiyu/airflow_venv/lib/python3.9/site-packages/airflow/example_dags/example_xcomargs.py
[2025-01-07T10:30:18.740+0100] {logging_mixin.py:190} INFO - [2025-01-07T10:30:18.740+0100] {dag.py:3239} INFO - Sync 2 DAGs
[2025-01-07T10:30:18.750+0100] {logging_mixin.py:190} INFO - [2025-01-07T10:30:18.750+0100] {dag.py:4180} INFO - Setting next_dagrun for example_xcom_args to None, run_after=None
[2025-01-07T10:30:18.753+0100] {logging_mixin.py:190} INFO - [2025-01-07T10:30:18.753+0100] {dag.py:4180} INFO - Setting next_dagrun for example_xcom_args_with_operators to None, run_after=None
[2025-01-07T10:30:18.772+0100] {processor.py:208} INFO - Processing /Users/azeez.ganiyu/airflow_venv/lib/python3.9/site-packages/airflow/example_dags/example_xcomargs.py took 0.240 seconds
[2025-01-07T20:38:22.012+0100] {processor.py:186} INFO - Started process (PID=65481) to work on /Users/azeez.ganiyu/airflow_venv/lib/python3.9/site-packages/airflow/example_dags/example_xcomargs.py
[2025-01-07T20:38:22.017+0100] {processor.py:914} INFO - Processing file /Users/azeez.ganiyu/airflow_venv/lib/python3.9/site-packages/airflow/example_dags/example_xcomargs.py for tasks to queue
[2025-01-07T20:38:22.018+0100] {logging_mixin.py:190} INFO - [2025-01-07T20:38:22.018+0100] {dagbag.py:588} INFO - Filling up the DagBag from /Users/azeez.ganiyu/airflow_venv/lib/python3.9/site-packages/airflow/example_dags/example_xcomargs.py
[2025-01-07T20:38:22.167+0100] {processor.py:925} INFO - DAG(s) 'example_xcom_args_with_operators', 'example_xcom_args' retrieved from /Users/azeez.ganiyu/airflow_venv/lib/python3.9/site-packages/airflow/example_dags/example_xcomargs.py
[2025-01-07T20:38:22.261+0100] {logging_mixin.py:190} INFO - [2025-01-07T20:38:22.261+0100] {dag.py:3239} INFO - Sync 2 DAGs
[2025-01-07T20:38:22.269+0100] {logging_mixin.py:190} INFO - [2025-01-07T20:38:22.269+0100] {dag.py:4180} INFO - Setting next_dagrun for example_xcom_args to None, run_after=None
[2025-01-07T20:38:22.272+0100] {logging_mixin.py:190} INFO - [2025-01-07T20:38:22.272+0100] {dag.py:4180} INFO - Setting next_dagrun for example_xcom_args_with_operators to None, run_after=None
[2025-01-07T20:38:22.289+0100] {processor.py:208} INFO - Processing /Users/azeez.ganiyu/airflow_venv/lib/python3.9/site-packages/airflow/example_dags/example_xcomargs.py took 0.285 seconds
[2025-01-07T20:42:27.998+0100] {processor.py:186} INFO - Started process (PID=66816) to work on /Users/azeez.ganiyu/airflow_venv/lib/python3.9/site-packages/airflow/example_dags/example_xcomargs.py
[2025-01-07T20:42:28.015+0100] {processor.py:914} INFO - Processing file /Users/azeez.ganiyu/airflow_venv/lib/python3.9/site-packages/airflow/example_dags/example_xcomargs.py for tasks to queue
[2025-01-07T20:42:28.018+0100] {logging_mixin.py:190} INFO - [2025-01-07T20:42:28.018+0100] {dagbag.py:588} INFO - Filling up the DagBag from /Users/azeez.ganiyu/airflow_venv/lib/python3.9/site-packages/airflow/example_dags/example_xcomargs.py
[2025-01-07T20:42:28.295+0100] {processor.py:925} INFO - DAG(s) 'example_xcom_args_with_operators', 'example_xcom_args' retrieved from /Users/azeez.ganiyu/airflow_venv/lib/python3.9/site-packages/airflow/example_dags/example_xcomargs.py
[2025-01-07T20:42:28.707+0100] {logging_mixin.py:190} INFO - [2025-01-07T20:42:28.706+0100] {dag.py:3239} INFO - Sync 2 DAGs
[2025-01-07T20:42:28.736+0100] {logging_mixin.py:190} INFO - [2025-01-07T20:42:28.736+0100] {dag.py:4180} INFO - Setting next_dagrun for example_xcom_args to None, run_after=None
[2025-01-07T20:42:28.744+0100] {logging_mixin.py:190} INFO - [2025-01-07T20:42:28.743+0100] {dag.py:4180} INFO - Setting next_dagrun for example_xcom_args_with_operators to None, run_after=None
[2025-01-07T20:42:28.800+0100] {processor.py:208} INFO - Processing /Users/azeez.ganiyu/airflow_venv/lib/python3.9/site-packages/airflow/example_dags/example_xcomargs.py took 0.819 seconds
[2025-01-07T21:05:03.192+0100] {processor.py:186} INFO - Started process (PID=74610) to work on /Users/azeez.ganiyu/airflow_venv/lib/python3.9/site-packages/airflow/example_dags/example_xcomargs.py
[2025-01-07T21:05:03.197+0100] {processor.py:914} INFO - Processing file /Users/azeez.ganiyu/airflow_venv/lib/python3.9/site-packages/airflow/example_dags/example_xcomargs.py for tasks to queue
[2025-01-07T21:05:03.198+0100] {logging_mixin.py:190} INFO - [2025-01-07T21:05:03.198+0100] {dagbag.py:588} INFO - Filling up the DagBag from /Users/azeez.ganiyu/airflow_venv/lib/python3.9/site-packages/airflow/example_dags/example_xcomargs.py
[2025-01-07T21:05:03.305+0100] {processor.py:925} INFO - DAG(s) 'example_xcom_args', 'example_xcom_args_with_operators' retrieved from /Users/azeez.ganiyu/airflow_venv/lib/python3.9/site-packages/airflow/example_dags/example_xcomargs.py
[2025-01-07T21:05:03.423+0100] {logging_mixin.py:190} INFO - [2025-01-07T21:05:03.423+0100] {dag.py:3239} INFO - Sync 2 DAGs
[2025-01-07T21:05:03.433+0100] {logging_mixin.py:190} INFO - [2025-01-07T21:05:03.433+0100] {dag.py:4180} INFO - Setting next_dagrun for example_xcom_args to None, run_after=None
[2025-01-07T21:05:03.438+0100] {logging_mixin.py:190} INFO - [2025-01-07T21:05:03.437+0100] {dag.py:4180} INFO - Setting next_dagrun for example_xcom_args_with_operators to None, run_after=None
[2025-01-07T21:05:03.462+0100] {processor.py:208} INFO - Processing /Users/azeez.ganiyu/airflow_venv/lib/python3.9/site-packages/airflow/example_dags/example_xcomargs.py took 0.278 seconds
