[2025-01-07T10:31:31.144+0100] {processor.py:186} INFO - Started process (PID=85065) to work on /Users/azeez.ganiyu/airflow_venv/lib/python3.9/site-packages/airflow/example_dags/example_python_decorator.py
[2025-01-07T10:31:31.150+0100] {processor.py:914} INFO - Processing file /Users/azeez.ganiyu/airflow_venv/lib/python3.9/site-packages/airflow/example_dags/example_python_decorator.py for tasks to queue
[2025-01-07T10:31:31.151+0100] {logging_mixin.py:190} INFO - [2025-01-07T10:31:31.151+0100] {dagbag.py:588} INFO - Filling up the DagBag from /Users/azeez.ganiyu/airflow_venv/lib/python3.9/site-packages/airflow/example_dags/example_python_decorator.py
[2025-01-07T10:31:31.208+0100] {logging_mixin.py:190} INFO - [2025-01-07T10:31:31.208+0100] {example_python_decorator.py:80} WARNING - The virtalenv_python example task requires virtualenv, please install it.
[2025-01-07T10:31:31.214+0100] {processor.py:925} INFO - DAG(s) 'example_python_decorator' retrieved from /Users/azeez.ganiyu/airflow_venv/lib/python3.9/site-packages/airflow/example_dags/example_python_decorator.py
[2025-01-07T10:31:31.357+0100] {logging_mixin.py:190} INFO - [2025-01-07T10:31:31.356+0100] {dag.py:3239} INFO - Sync 1 DAGs
[2025-01-07T10:31:31.367+0100] {logging_mixin.py:190} INFO - [2025-01-07T10:31:31.367+0100] {dag.py:4180} INFO - Setting next_dagrun for example_python_decorator to None, run_after=None
[2025-01-07T10:31:31.388+0100] {processor.py:208} INFO - Processing /Users/azeez.ganiyu/airflow_venv/lib/python3.9/site-packages/airflow/example_dags/example_python_decorator.py took 0.251 seconds
[2025-01-07T20:39:33.955+0100] {processor.py:186} INFO - Started process (PID=65910) to work on /Users/azeez.ganiyu/airflow_venv/lib/python3.9/site-packages/airflow/example_dags/example_python_decorator.py
[2025-01-07T20:39:33.961+0100] {processor.py:914} INFO - Processing file /Users/azeez.ganiyu/airflow_venv/lib/python3.9/site-packages/airflow/example_dags/example_python_decorator.py for tasks to queue
[2025-01-07T20:39:33.963+0100] {logging_mixin.py:190} INFO - [2025-01-07T20:39:33.962+0100] {dagbag.py:588} INFO - Filling up the DagBag from /Users/azeez.ganiyu/airflow_venv/lib/python3.9/site-packages/airflow/example_dags/example_python_decorator.py
[2025-01-07T20:39:34.014+0100] {logging_mixin.py:190} INFO - [2025-01-07T20:39:34.014+0100] {example_python_decorator.py:80} WARNING - The virtalenv_python example task requires virtualenv, please install it.
[2025-01-07T20:39:34.018+0100] {processor.py:925} INFO - DAG(s) 'example_python_decorator' retrieved from /Users/azeez.ganiyu/airflow_venv/lib/python3.9/site-packages/airflow/example_dags/example_python_decorator.py
[2025-01-07T20:39:34.152+0100] {logging_mixin.py:190} INFO - [2025-01-07T20:39:34.151+0100] {dag.py:3239} INFO - Sync 1 DAGs
[2025-01-07T20:39:34.161+0100] {logging_mixin.py:190} INFO - [2025-01-07T20:39:34.160+0100] {dag.py:4180} INFO - Setting next_dagrun for example_python_decorator to None, run_after=None
[2025-01-07T20:39:34.179+0100] {processor.py:208} INFO - Processing /Users/azeez.ganiyu/airflow_venv/lib/python3.9/site-packages/airflow/example_dags/example_python_decorator.py took 0.232 seconds
[2025-01-07T21:05:59.568+0100] {processor.py:186} INFO - Started process (PID=74926) to work on /Users/azeez.ganiyu/airflow_venv/lib/python3.9/site-packages/airflow/example_dags/example_python_decorator.py
[2025-01-07T21:05:59.573+0100] {processor.py:914} INFO - Processing file /Users/azeez.ganiyu/airflow_venv/lib/python3.9/site-packages/airflow/example_dags/example_python_decorator.py for tasks to queue
[2025-01-07T21:05:59.574+0100] {logging_mixin.py:190} INFO - [2025-01-07T21:05:59.573+0100] {dagbag.py:588} INFO - Filling up the DagBag from /Users/azeez.ganiyu/airflow_venv/lib/python3.9/site-packages/airflow/example_dags/example_python_decorator.py
[2025-01-07T21:05:59.630+0100] {logging_mixin.py:190} INFO - [2025-01-07T21:05:59.629+0100] {example_python_decorator.py:80} WARNING - The virtalenv_python example task requires virtualenv, please install it.
[2025-01-07T21:05:59.634+0100] {processor.py:925} INFO - DAG(s) 'example_python_decorator' retrieved from /Users/azeez.ganiyu/airflow_venv/lib/python3.9/site-packages/airflow/example_dags/example_python_decorator.py
[2025-01-07T21:05:59.788+0100] {logging_mixin.py:190} INFO - [2025-01-07T21:05:59.787+0100] {dag.py:3239} INFO - Sync 1 DAGs
[2025-01-07T21:05:59.799+0100] {logging_mixin.py:190} INFO - [2025-01-07T21:05:59.798+0100] {dag.py:4180} INFO - Setting next_dagrun for example_python_decorator to None, run_after=None
[2025-01-07T21:05:59.819+0100] {processor.py:208} INFO - Processing /Users/azeez.ganiyu/airflow_venv/lib/python3.9/site-packages/airflow/example_dags/example_python_decorator.py took 0.259 seconds
