[2025-01-07T10:32:20.283+0100] {processor.py:186} INFO - Started process (PID=85318) to work on /Users/azeez.ganiyu/airflow_venv/lib/python3.9/site-packages/airflow/example_dags/example_dynamic_task_mapping.py
[2025-01-07T10:32:20.289+0100] {processor.py:914} INFO - Processing file /Users/azeez.ganiyu/airflow_venv/lib/python3.9/site-packages/airflow/example_dags/example_dynamic_task_mapping.py for tasks to queue
[2025-01-07T10:32:20.290+0100] {logging_mixin.py:190} INFO - [2025-01-07T10:32:20.290+0100] {dagbag.py:588} INFO - Filling up the DagBag from /Users/azeez.ganiyu/airflow_venv/lib/python3.9/site-packages/airflow/example_dags/example_dynamic_task_mapping.py
[2025-01-07T10:32:20.350+0100] {processor.py:925} INFO - DAG(s) 'example_dynamic_task_mapping' retrieved from /Users/azeez.ganiyu/airflow_venv/lib/python3.9/site-packages/airflow/example_dags/example_dynamic_task_mapping.py
[2025-01-07T10:32:20.500+0100] {logging_mixin.py:190} INFO - [2025-01-07T10:32:20.499+0100] {dag.py:3239} INFO - Sync 1 DAGs
[2025-01-07T10:32:20.509+0100] {logging_mixin.py:190} INFO - [2025-01-07T10:32:20.509+0100] {dag.py:4180} INFO - Setting next_dagrun for example_dynamic_task_mapping to None, run_after=None
[2025-01-07T10:32:20.528+0100] {processor.py:208} INFO - Processing /Users/azeez.ganiyu/airflow_venv/lib/python3.9/site-packages/airflow/example_dags/example_dynamic_task_mapping.py took 0.252 seconds
[2025-01-07T20:40:26.364+0100] {processor.py:186} INFO - Started process (PID=66197) to work on /Users/azeez.ganiyu/airflow_venv/lib/python3.9/site-packages/airflow/example_dags/example_dynamic_task_mapping.py
[2025-01-07T20:40:26.369+0100] {processor.py:914} INFO - Processing file /Users/azeez.ganiyu/airflow_venv/lib/python3.9/site-packages/airflow/example_dags/example_dynamic_task_mapping.py for tasks to queue
[2025-01-07T20:40:26.370+0100] {logging_mixin.py:190} INFO - [2025-01-07T20:40:26.370+0100] {dagbag.py:588} INFO - Filling up the DagBag from /Users/azeez.ganiyu/airflow_venv/lib/python3.9/site-packages/airflow/example_dags/example_dynamic_task_mapping.py
[2025-01-07T20:40:26.427+0100] {processor.py:925} INFO - DAG(s) 'example_dynamic_task_mapping' retrieved from /Users/azeez.ganiyu/airflow_venv/lib/python3.9/site-packages/airflow/example_dags/example_dynamic_task_mapping.py
[2025-01-07T20:40:26.565+0100] {logging_mixin.py:190} INFO - [2025-01-07T20:40:26.564+0100] {dag.py:3239} INFO - Sync 1 DAGs
[2025-01-07T20:40:26.574+0100] {logging_mixin.py:190} INFO - [2025-01-07T20:40:26.574+0100] {dag.py:4180} INFO - Setting next_dagrun for example_dynamic_task_mapping to None, run_after=None
[2025-01-07T20:40:26.593+0100] {processor.py:208} INFO - Processing /Users/azeez.ganiyu/airflow_venv/lib/python3.9/site-packages/airflow/example_dags/example_dynamic_task_mapping.py took 0.237 seconds
[2025-01-07T21:06:35.698+0100] {processor.py:186} INFO - Started process (PID=75120) to work on /Users/azeez.ganiyu/airflow_venv/lib/python3.9/site-packages/airflow/example_dags/example_dynamic_task_mapping.py
[2025-01-07T21:06:35.704+0100] {processor.py:914} INFO - Processing file /Users/azeez.ganiyu/airflow_venv/lib/python3.9/site-packages/airflow/example_dags/example_dynamic_task_mapping.py for tasks to queue
[2025-01-07T21:06:35.705+0100] {logging_mixin.py:190} INFO - [2025-01-07T21:06:35.705+0100] {dagbag.py:588} INFO - Filling up the DagBag from /Users/azeez.ganiyu/airflow_venv/lib/python3.9/site-packages/airflow/example_dags/example_dynamic_task_mapping.py
[2025-01-07T21:06:35.760+0100] {processor.py:925} INFO - DAG(s) 'example_dynamic_task_mapping' retrieved from /Users/azeez.ganiyu/airflow_venv/lib/python3.9/site-packages/airflow/example_dags/example_dynamic_task_mapping.py
[2025-01-07T21:06:35.895+0100] {logging_mixin.py:190} INFO - [2025-01-07T21:06:35.895+0100] {dag.py:3239} INFO - Sync 1 DAGs
[2025-01-07T21:06:35.904+0100] {logging_mixin.py:190} INFO - [2025-01-07T21:06:35.904+0100] {dag.py:4180} INFO - Setting next_dagrun for example_dynamic_task_mapping to None, run_after=None
[2025-01-07T21:06:35.923+0100] {processor.py:208} INFO - Processing /Users/azeez.ganiyu/airflow_venv/lib/python3.9/site-packages/airflow/example_dags/example_dynamic_task_mapping.py took 0.233 seconds
