[2025-01-07T10:32:36.276+0100] {processor.py:186} INFO - Started process (PID=85403) to work on /Users/azeez.ganiyu/airflow_venv/lib/python3.9/site-packages/airflow/example_dags/example_dataset_alias.py
[2025-01-07T10:32:36.281+0100] {processor.py:914} INFO - Processing file /Users/azeez.ganiyu/airflow_venv/lib/python3.9/site-packages/airflow/example_dags/example_dataset_alias.py for tasks to queue
[2025-01-07T10:32:36.282+0100] {logging_mixin.py:190} INFO - [2025-01-07T10:32:36.282+0100] {dagbag.py:588} INFO - Filling up the DagBag from /Users/azeez.ganiyu/airflow_venv/lib/python3.9/site-packages/airflow/example_dags/example_dataset_alias.py
[2025-01-07T10:32:36.621+0100] {processor.py:925} INFO - DAG(s) 'dataset_alias_example_alias_consumer', 'dataset_s3_bucket_consumer', 'dataset_s3_bucket_producer', 'dataset_alias_example_alias_producer' retrieved from /Users/azeez.ganiyu/airflow_venv/lib/python3.9/site-packages/airflow/example_dags/example_dataset_alias.py
[2025-01-07T10:32:36.651+0100] {logging_mixin.py:190} INFO - [2025-01-07T10:32:36.650+0100] {dag.py:3239} INFO - Sync 4 DAGs
[2025-01-07T10:32:36.666+0100] {logging_mixin.py:190} INFO - [2025-01-07T10:32:36.666+0100] {dag.py:4180} INFO - Setting next_dagrun for dataset_alias_example_alias_consumer to None, run_after=None
[2025-01-07T10:32:36.669+0100] {logging_mixin.py:190} INFO - [2025-01-07T10:32:36.669+0100] {dag.py:4180} INFO - Setting next_dagrun for dataset_alias_example_alias_producer to None, run_after=None
[2025-01-07T10:32:36.670+0100] {logging_mixin.py:190} INFO - [2025-01-07T10:32:36.670+0100] {dag.py:4180} INFO - Setting next_dagrun for dataset_s3_bucket_consumer to None, run_after=None
[2025-01-07T10:32:36.670+0100] {logging_mixin.py:190} INFO - [2025-01-07T10:32:36.670+0100] {dag.py:4180} INFO - Setting next_dagrun for dataset_s3_bucket_producer to None, run_after=None
[2025-01-07T10:32:36.694+0100] {processor.py:208} INFO - Processing /Users/azeez.ganiyu/airflow_venv/lib/python3.9/site-packages/airflow/example_dags/example_dataset_alias.py took 0.426 seconds
[2025-01-07T20:40:41.681+0100] {processor.py:186} INFO - Started process (PID=66287) to work on /Users/azeez.ganiyu/airflow_venv/lib/python3.9/site-packages/airflow/example_dags/example_dataset_alias.py
[2025-01-07T20:40:41.686+0100] {processor.py:914} INFO - Processing file /Users/azeez.ganiyu/airflow_venv/lib/python3.9/site-packages/airflow/example_dags/example_dataset_alias.py for tasks to queue
[2025-01-07T20:40:41.687+0100] {logging_mixin.py:190} INFO - [2025-01-07T20:40:41.687+0100] {dagbag.py:588} INFO - Filling up the DagBag from /Users/azeez.ganiyu/airflow_venv/lib/python3.9/site-packages/airflow/example_dags/example_dataset_alias.py
[2025-01-07T20:40:41.969+0100] {processor.py:925} INFO - DAG(s) 'dataset_alias_example_alias_consumer', 'dataset_s3_bucket_consumer', 'dataset_alias_example_alias_producer', 'dataset_s3_bucket_producer' retrieved from /Users/azeez.ganiyu/airflow_venv/lib/python3.9/site-packages/airflow/example_dags/example_dataset_alias.py
[2025-01-07T20:40:41.996+0100] {logging_mixin.py:190} INFO - [2025-01-07T20:40:41.995+0100] {dag.py:3239} INFO - Sync 4 DAGs
[2025-01-07T20:40:42.011+0100] {logging_mixin.py:190} INFO - [2025-01-07T20:40:42.011+0100] {dag.py:4180} INFO - Setting next_dagrun for dataset_alias_example_alias_consumer to None, run_after=None
[2025-01-07T20:40:42.013+0100] {logging_mixin.py:190} INFO - [2025-01-07T20:40:42.013+0100] {dag.py:4180} INFO - Setting next_dagrun for dataset_alias_example_alias_producer to None, run_after=None
[2025-01-07T20:40:42.014+0100] {logging_mixin.py:190} INFO - [2025-01-07T20:40:42.013+0100] {dag.py:4180} INFO - Setting next_dagrun for dataset_s3_bucket_consumer to None, run_after=None
[2025-01-07T20:40:42.014+0100] {logging_mixin.py:190} INFO - [2025-01-07T20:40:42.014+0100] {dag.py:4180} INFO - Setting next_dagrun for dataset_s3_bucket_producer to None, run_after=None
[2025-01-07T20:40:42.036+0100] {processor.py:208} INFO - Processing /Users/azeez.ganiyu/airflow_venv/lib/python3.9/site-packages/airflow/example_dags/example_dataset_alias.py took 0.364 seconds
[2025-01-07T21:06:47.605+0100] {processor.py:186} INFO - Started process (PID=75186) to work on /Users/azeez.ganiyu/airflow_venv/lib/python3.9/site-packages/airflow/example_dags/example_dataset_alias.py
[2025-01-07T21:06:47.612+0100] {processor.py:914} INFO - Processing file /Users/azeez.ganiyu/airflow_venv/lib/python3.9/site-packages/airflow/example_dags/example_dataset_alias.py for tasks to queue
[2025-01-07T21:06:47.613+0100] {logging_mixin.py:190} INFO - [2025-01-07T21:06:47.613+0100] {dagbag.py:588} INFO - Filling up the DagBag from /Users/azeez.ganiyu/airflow_venv/lib/python3.9/site-packages/airflow/example_dags/example_dataset_alias.py
[2025-01-07T21:06:47.962+0100] {processor.py:925} INFO - DAG(s) 'dataset_alias_example_alias_producer', 'dataset_s3_bucket_producer', 'dataset_alias_example_alias_consumer', 'dataset_s3_bucket_consumer' retrieved from /Users/azeez.ganiyu/airflow_venv/lib/python3.9/site-packages/airflow/example_dags/example_dataset_alias.py
[2025-01-07T21:06:47.999+0100] {logging_mixin.py:190} INFO - [2025-01-07T21:06:47.999+0100] {dag.py:3239} INFO - Sync 4 DAGs
[2025-01-07T21:06:48.017+0100] {logging_mixin.py:190} INFO - [2025-01-07T21:06:48.017+0100] {dag.py:4180} INFO - Setting next_dagrun for dataset_alias_example_alias_consumer to None, run_after=None
[2025-01-07T21:06:48.020+0100] {logging_mixin.py:190} INFO - [2025-01-07T21:06:48.019+0100] {dag.py:4180} INFO - Setting next_dagrun for dataset_alias_example_alias_producer to None, run_after=None
[2025-01-07T21:06:48.021+0100] {logging_mixin.py:190} INFO - [2025-01-07T21:06:48.021+0100] {dag.py:4180} INFO - Setting next_dagrun for dataset_s3_bucket_consumer to None, run_after=None
[2025-01-07T21:06:48.022+0100] {logging_mixin.py:190} INFO - [2025-01-07T21:06:48.021+0100] {dag.py:4180} INFO - Setting next_dagrun for dataset_s3_bucket_producer to None, run_after=None
[2025-01-07T21:06:48.048+0100] {processor.py:208} INFO - Processing /Users/azeez.ganiyu/airflow_venv/lib/python3.9/site-packages/airflow/example_dags/example_dataset_alias.py took 0.452 seconds
