[2025-01-07T10:32:02.191+0100] {processor.py:186} INFO - Started process (PID=85224) to work on /Users/azeez.ganiyu/airflow_venv/lib/python3.9/site-packages/airflow/example_dags/example_latest_only.py
[2025-01-07T10:32:02.196+0100] {processor.py:914} INFO - Processing file /Users/azeez.ganiyu/airflow_venv/lib/python3.9/site-packages/airflow/example_dags/example_latest_only.py for tasks to queue
[2025-01-07T10:32:02.197+0100] {logging_mixin.py:190} INFO - [2025-01-07T10:32:02.197+0100] {dagbag.py:588} INFO - Filling up the DagBag from /Users/azeez.ganiyu/airflow_venv/lib/python3.9/site-packages/airflow/example_dags/example_latest_only.py
[2025-01-07T10:32:02.214+0100] {processor.py:925} INFO - DAG(s) 'latest_only' retrieved from /Users/azeez.ganiyu/airflow_venv/lib/python3.9/site-packages/airflow/example_dags/example_latest_only.py
[2025-01-07T10:32:02.350+0100] {logging_mixin.py:190} INFO - [2025-01-07T10:32:02.350+0100] {dag.py:3239} INFO - Sync 1 DAGs
[2025-01-07T10:32:02.369+0100] {logging_mixin.py:190} INFO - [2025-01-07T10:32:02.369+0100] {dag.py:4180} INFO - Setting next_dagrun for latest_only to 2025-01-07 04:00:00+00:00, run_after=2025-01-07 08:00:00+00:00
[2025-01-07T10:32:02.391+0100] {processor.py:208} INFO - Processing /Users/azeez.ganiyu/airflow_venv/lib/python3.9/site-packages/airflow/example_dags/example_latest_only.py took 0.207 seconds
[2025-01-07T20:40:06.185+0100] {processor.py:186} INFO - Started process (PID=66073) to work on /Users/azeez.ganiyu/airflow_venv/lib/python3.9/site-packages/airflow/example_dags/example_latest_only.py
[2025-01-07T20:40:06.189+0100] {processor.py:914} INFO - Processing file /Users/azeez.ganiyu/airflow_venv/lib/python3.9/site-packages/airflow/example_dags/example_latest_only.py for tasks to queue
[2025-01-07T20:40:06.190+0100] {logging_mixin.py:190} INFO - [2025-01-07T20:40:06.190+0100] {dagbag.py:588} INFO - Filling up the DagBag from /Users/azeez.ganiyu/airflow_venv/lib/python3.9/site-packages/airflow/example_dags/example_latest_only.py
[2025-01-07T20:40:06.206+0100] {processor.py:925} INFO - DAG(s) 'latest_only' retrieved from /Users/azeez.ganiyu/airflow_venv/lib/python3.9/site-packages/airflow/example_dags/example_latest_only.py
[2025-01-07T20:40:06.355+0100] {logging_mixin.py:190} INFO - [2025-01-07T20:40:06.355+0100] {dag.py:3239} INFO - Sync 1 DAGs
[2025-01-07T20:40:06.375+0100] {logging_mixin.py:190} INFO - [2025-01-07T20:40:06.375+0100] {dag.py:4180} INFO - Setting next_dagrun for latest_only to 2025-01-07 12:00:00+00:00, run_after=2025-01-07 16:00:00+00:00
[2025-01-07T20:40:06.398+0100] {processor.py:208} INFO - Processing /Users/azeez.ganiyu/airflow_venv/lib/python3.9/site-packages/airflow/example_dags/example_latest_only.py took 0.221 seconds
[2025-01-07T21:06:21.360+0100] {processor.py:186} INFO - Started process (PID=75033) to work on /Users/azeez.ganiyu/airflow_venv/lib/python3.9/site-packages/airflow/example_dags/example_latest_only.py
[2025-01-07T21:06:21.364+0100] {processor.py:914} INFO - Processing file /Users/azeez.ganiyu/airflow_venv/lib/python3.9/site-packages/airflow/example_dags/example_latest_only.py for tasks to queue
[2025-01-07T21:06:21.365+0100] {logging_mixin.py:190} INFO - [2025-01-07T21:06:21.365+0100] {dagbag.py:588} INFO - Filling up the DagBag from /Users/azeez.ganiyu/airflow_venv/lib/python3.9/site-packages/airflow/example_dags/example_latest_only.py
[2025-01-07T21:06:21.378+0100] {processor.py:925} INFO - DAG(s) 'latest_only' retrieved from /Users/azeez.ganiyu/airflow_venv/lib/python3.9/site-packages/airflow/example_dags/example_latest_only.py
[2025-01-07T21:06:21.564+0100] {logging_mixin.py:190} INFO - [2025-01-07T21:06:21.564+0100] {dag.py:3239} INFO - Sync 1 DAGs
[2025-01-07T21:06:21.585+0100] {logging_mixin.py:190} INFO - [2025-01-07T21:06:21.585+0100] {dag.py:4180} INFO - Setting next_dagrun for latest_only to 2025-01-07 16:00:00+00:00, run_after=2025-01-07 20:00:00+00:00
[2025-01-07T21:06:21.608+0100] {processor.py:208} INFO - Processing /Users/azeez.ganiyu/airflow_venv/lib/python3.9/site-packages/airflow/example_dags/example_latest_only.py took 0.255 seconds
