[2025-01-07T10:31:39.108+0100] {processor.py:186} INFO - Started process (PID=85101) to work on /Users/azeez.ganiyu/airflow_venv/lib/python3.9/site-packages/airflow/example_dags/example_params_ui_tutorial.py
[2025-01-07T10:31:39.115+0100] {processor.py:914} INFO - Processing file /Users/azeez.ganiyu/airflow_venv/lib/python3.9/site-packages/airflow/example_dags/example_params_ui_tutorial.py for tasks to queue
[2025-01-07T10:31:39.117+0100] {logging_mixin.py:190} INFO - [2025-01-07T10:31:39.116+0100] {dagbag.py:588} INFO - Filling up the DagBag from /Users/azeez.ganiyu/airflow_venv/lib/python3.9/site-packages/airflow/example_dags/example_params_ui_tutorial.py
[2025-01-07T10:31:39.239+0100] {processor.py:925} INFO - DAG(s) 'example_params_ui_tutorial' retrieved from /Users/azeez.ganiyu/airflow_venv/lib/python3.9/site-packages/airflow/example_dags/example_params_ui_tutorial.py
[2025-01-07T10:31:39.622+0100] {logging_mixin.py:190} INFO - [2025-01-07T10:31:39.622+0100] {dag.py:3239} INFO - Sync 1 DAGs
[2025-01-07T10:31:39.631+0100] {logging_mixin.py:190} INFO - [2025-01-07T10:31:39.631+0100] {dag.py:4180} INFO - Setting next_dagrun for example_params_ui_tutorial to None, run_after=None
[2025-01-07T10:31:39.651+0100] {processor.py:208} INFO - Processing /Users/azeez.ganiyu/airflow_venv/lib/python3.9/site-packages/airflow/example_dags/example_params_ui_tutorial.py took 0.553 seconds
[2025-01-07T20:39:41.799+0100] {processor.py:186} INFO - Started process (PID=65959) to work on /Users/azeez.ganiyu/airflow_venv/lib/python3.9/site-packages/airflow/example_dags/example_params_ui_tutorial.py
[2025-01-07T20:39:41.805+0100] {processor.py:914} INFO - Processing file /Users/azeez.ganiyu/airflow_venv/lib/python3.9/site-packages/airflow/example_dags/example_params_ui_tutorial.py for tasks to queue
[2025-01-07T20:39:41.806+0100] {logging_mixin.py:190} INFO - [2025-01-07T20:39:41.806+0100] {dagbag.py:588} INFO - Filling up the DagBag from /Users/azeez.ganiyu/airflow_venv/lib/python3.9/site-packages/airflow/example_dags/example_params_ui_tutorial.py
[2025-01-07T20:39:41.864+0100] {processor.py:925} INFO - DAG(s) 'example_params_ui_tutorial' retrieved from /Users/azeez.ganiyu/airflow_venv/lib/python3.9/site-packages/airflow/example_dags/example_params_ui_tutorial.py
[2025-01-07T20:39:42.029+0100] {logging_mixin.py:190} INFO - [2025-01-07T20:39:42.029+0100] {dag.py:3239} INFO - Sync 1 DAGs
[2025-01-07T20:39:42.038+0100] {logging_mixin.py:190} INFO - [2025-01-07T20:39:42.038+0100] {dag.py:4180} INFO - Setting next_dagrun for example_params_ui_tutorial to None, run_after=None
[2025-01-07T20:39:42.057+0100] {processor.py:208} INFO - Processing /Users/azeez.ganiyu/airflow_venv/lib/python3.9/site-packages/airflow/example_dags/example_params_ui_tutorial.py took 0.267 seconds
[2025-01-07T21:06:05.220+0100] {processor.py:186} INFO - Started process (PID=74951) to work on /Users/azeez.ganiyu/airflow_venv/lib/python3.9/site-packages/airflow/example_dags/example_params_ui_tutorial.py
[2025-01-07T21:06:05.224+0100] {processor.py:914} INFO - Processing file /Users/azeez.ganiyu/airflow_venv/lib/python3.9/site-packages/airflow/example_dags/example_params_ui_tutorial.py for tasks to queue
[2025-01-07T21:06:05.225+0100] {logging_mixin.py:190} INFO - [2025-01-07T21:06:05.225+0100] {dagbag.py:588} INFO - Filling up the DagBag from /Users/azeez.ganiyu/airflow_venv/lib/python3.9/site-packages/airflow/example_dags/example_params_ui_tutorial.py
[2025-01-07T21:06:05.279+0100] {processor.py:925} INFO - DAG(s) 'example_params_ui_tutorial' retrieved from /Users/azeez.ganiyu/airflow_venv/lib/python3.9/site-packages/airflow/example_dags/example_params_ui_tutorial.py
[2025-01-07T21:06:05.437+0100] {logging_mixin.py:190} INFO - [2025-01-07T21:06:05.437+0100] {dag.py:3239} INFO - Sync 1 DAGs
[2025-01-07T21:06:05.445+0100] {logging_mixin.py:190} INFO - [2025-01-07T21:06:05.445+0100] {dag.py:4180} INFO - Setting next_dagrun for example_params_ui_tutorial to None, run_after=None
[2025-01-07T21:06:05.464+0100] {processor.py:208} INFO - Processing /Users/azeez.ganiyu/airflow_venv/lib/python3.9/site-packages/airflow/example_dags/example_params_ui_tutorial.py took 0.251 seconds
