[2025-01-07T10:32:27.848+0100] {processor.py:186} INFO - Started process (PID=85369) to work on /Users/azeez.ganiyu/airflow_venv/lib/python3.9/site-packages/airflow/example_dags/example_datasets.py
[2025-01-07T10:32:27.854+0100] {processor.py:914} INFO - Processing file /Users/azeez.ganiyu/airflow_venv/lib/python3.9/site-packages/airflow/example_dags/example_datasets.py for tasks to queue
[2025-01-07T10:32:27.855+0100] {logging_mixin.py:190} INFO - [2025-01-07T10:32:27.854+0100] {dagbag.py:588} INFO - Filling up the DagBag from /Users/azeez.ganiyu/airflow_venv/lib/python3.9/site-packages/airflow/example_dags/example_datasets.py
[2025-01-07T10:32:27.977+0100] {processor.py:925} INFO - DAG(s) 'dataset_produces_1', 'dataset_consumes_unknown_never_scheduled', 'consume_1_or_2_with_dataset_expressions', 'dataset_consumes_1', 'consume_1_or_both_2_and_3_with_dataset_expressions', 'conditional_dataset_and_time_based_timetable', 'consume_1_and_2_with_dataset_expressions', 'dataset_consumes_1_and_2', 'dataset_produces_2', 'dataset_consumes_1_never_scheduled' retrieved from /Users/azeez.ganiyu/airflow_venv/lib/python3.9/site-packages/airflow/example_dags/example_datasets.py
[2025-01-07T10:32:28.127+0100] {logging_mixin.py:190} INFO - [2025-01-07T10:32:28.127+0100] {dag.py:3239} INFO - Sync 10 DAGs
[2025-01-07T10:32:28.145+0100] {logging_mixin.py:190} INFO - [2025-01-07T10:32:28.145+0100] {dag.py:4180} INFO - Setting next_dagrun for conditional_dataset_and_time_based_timetable to 2025-01-01 01:00:00+00:00, run_after=2025-01-01 01:00:00+00:00
[2025-01-07T10:32:28.147+0100] {logging_mixin.py:190} INFO - [2025-01-07T10:32:28.147+0100] {dag.py:4180} INFO - Setting next_dagrun for consume_1_and_2_with_dataset_expressions to None, run_after=None
[2025-01-07T10:32:28.148+0100] {logging_mixin.py:190} INFO - [2025-01-07T10:32:28.148+0100] {dag.py:4180} INFO - Setting next_dagrun for consume_1_or_2_with_dataset_expressions to None, run_after=None
[2025-01-07T10:32:28.149+0100] {logging_mixin.py:190} INFO - [2025-01-07T10:32:28.149+0100] {dag.py:4180} INFO - Setting next_dagrun for consume_1_or_both_2_and_3_with_dataset_expressions to None, run_after=None
[2025-01-07T10:32:28.150+0100] {logging_mixin.py:190} INFO - [2025-01-07T10:32:28.150+0100] {dag.py:4180} INFO - Setting next_dagrun for dataset_consumes_1 to None, run_after=None
[2025-01-07T10:32:28.151+0100] {logging_mixin.py:190} INFO - [2025-01-07T10:32:28.151+0100] {dag.py:4180} INFO - Setting next_dagrun for dataset_consumes_1_and_2 to None, run_after=None
[2025-01-07T10:32:28.152+0100] {logging_mixin.py:190} INFO - [2025-01-07T10:32:28.152+0100] {dag.py:4180} INFO - Setting next_dagrun for dataset_consumes_1_never_scheduled to None, run_after=None
[2025-01-07T10:32:28.152+0100] {logging_mixin.py:190} INFO - [2025-01-07T10:32:28.152+0100] {dag.py:4180} INFO - Setting next_dagrun for dataset_consumes_unknown_never_scheduled to None, run_after=None
[2025-01-07T10:32:28.154+0100] {logging_mixin.py:190} INFO - [2025-01-07T10:32:28.154+0100] {dag.py:4180} INFO - Setting next_dagrun for dataset_produces_1 to 2025-01-06 00:00:00+00:00, run_after=2025-01-07 00:00:00+00:00
[2025-01-07T10:32:28.155+0100] {logging_mixin.py:190} INFO - [2025-01-07T10:32:28.155+0100] {dag.py:4180} INFO - Setting next_dagrun for dataset_produces_2 to None, run_after=None
[2025-01-07T10:32:28.183+0100] {processor.py:208} INFO - Processing /Users/azeez.ganiyu/airflow_venv/lib/python3.9/site-packages/airflow/example_dags/example_datasets.py took 0.342 seconds
[2025-01-07T20:40:34.120+0100] {processor.py:186} INFO - Started process (PID=66236) to work on /Users/azeez.ganiyu/airflow_venv/lib/python3.9/site-packages/airflow/example_dags/example_datasets.py
[2025-01-07T20:40:34.128+0100] {processor.py:914} INFO - Processing file /Users/azeez.ganiyu/airflow_venv/lib/python3.9/site-packages/airflow/example_dags/example_datasets.py for tasks to queue
[2025-01-07T20:40:34.129+0100] {logging_mixin.py:190} INFO - [2025-01-07T20:40:34.129+0100] {dagbag.py:588} INFO - Filling up the DagBag from /Users/azeez.ganiyu/airflow_venv/lib/python3.9/site-packages/airflow/example_dags/example_datasets.py
[2025-01-07T20:40:34.277+0100] {processor.py:925} INFO - DAG(s) 'dataset_consumes_1_and_2', 'dataset_consumes_1', 'consume_1_and_2_with_dataset_expressions', 'dataset_produces_2', 'consume_1_or_2_with_dataset_expressions', 'dataset_consumes_unknown_never_scheduled', 'consume_1_or_both_2_and_3_with_dataset_expressions', 'dataset_consumes_1_never_scheduled', 'dataset_produces_1', 'conditional_dataset_and_time_based_timetable' retrieved from /Users/azeez.ganiyu/airflow_venv/lib/python3.9/site-packages/airflow/example_dags/example_datasets.py
[2025-01-07T20:40:34.482+0100] {logging_mixin.py:190} INFO - [2025-01-07T20:40:34.482+0100] {dag.py:3239} INFO - Sync 10 DAGs
[2025-01-07T20:40:34.501+0100] {logging_mixin.py:190} INFO - [2025-01-07T20:40:34.501+0100] {dag.py:4180} INFO - Setting next_dagrun for conditional_dataset_and_time_based_timetable to 2025-01-01 01:00:00+00:00, run_after=2025-01-01 01:00:00+00:00
[2025-01-07T20:40:34.504+0100] {logging_mixin.py:190} INFO - [2025-01-07T20:40:34.504+0100] {dag.py:4180} INFO - Setting next_dagrun for consume_1_and_2_with_dataset_expressions to None, run_after=None
[2025-01-07T20:40:34.505+0100] {logging_mixin.py:190} INFO - [2025-01-07T20:40:34.505+0100] {dag.py:4180} INFO - Setting next_dagrun for consume_1_or_2_with_dataset_expressions to None, run_after=None
[2025-01-07T20:40:34.506+0100] {logging_mixin.py:190} INFO - [2025-01-07T20:40:34.506+0100] {dag.py:4180} INFO - Setting next_dagrun for consume_1_or_both_2_and_3_with_dataset_expressions to None, run_after=None
[2025-01-07T20:40:34.507+0100] {logging_mixin.py:190} INFO - [2025-01-07T20:40:34.506+0100] {dag.py:4180} INFO - Setting next_dagrun for dataset_consumes_1 to None, run_after=None
[2025-01-07T20:40:34.507+0100] {logging_mixin.py:190} INFO - [2025-01-07T20:40:34.507+0100] {dag.py:4180} INFO - Setting next_dagrun for dataset_consumes_1_and_2 to None, run_after=None
[2025-01-07T20:40:34.508+0100] {logging_mixin.py:190} INFO - [2025-01-07T20:40:34.508+0100] {dag.py:4180} INFO - Setting next_dagrun for dataset_consumes_1_never_scheduled to None, run_after=None
[2025-01-07T20:40:34.509+0100] {logging_mixin.py:190} INFO - [2025-01-07T20:40:34.509+0100] {dag.py:4180} INFO - Setting next_dagrun for dataset_consumes_unknown_never_scheduled to None, run_after=None
[2025-01-07T20:40:34.510+0100] {logging_mixin.py:190} INFO - [2025-01-07T20:40:34.510+0100] {dag.py:4180} INFO - Setting next_dagrun for dataset_produces_1 to 2025-01-06 00:00:00+00:00, run_after=2025-01-07 00:00:00+00:00
[2025-01-07T20:40:34.511+0100] {logging_mixin.py:190} INFO - [2025-01-07T20:40:34.511+0100] {dag.py:4180} INFO - Setting next_dagrun for dataset_produces_2 to None, run_after=None
[2025-01-07T20:40:34.539+0100] {processor.py:208} INFO - Processing /Users/azeez.ganiyu/airflow_venv/lib/python3.9/site-packages/airflow/example_dags/example_datasets.py took 0.427 seconds
[2025-01-07T21:06:41.327+0100] {processor.py:186} INFO - Started process (PID=75145) to work on /Users/azeez.ganiyu/airflow_venv/lib/python3.9/site-packages/airflow/example_dags/example_datasets.py
[2025-01-07T21:06:41.334+0100] {processor.py:914} INFO - Processing file /Users/azeez.ganiyu/airflow_venv/lib/python3.9/site-packages/airflow/example_dags/example_datasets.py for tasks to queue
[2025-01-07T21:06:41.335+0100] {logging_mixin.py:190} INFO - [2025-01-07T21:06:41.335+0100] {dagbag.py:588} INFO - Filling up the DagBag from /Users/azeez.ganiyu/airflow_venv/lib/python3.9/site-packages/airflow/example_dags/example_datasets.py
[2025-01-07T21:06:41.499+0100] {processor.py:925} INFO - DAG(s) 'dataset_consumes_1_and_2', 'dataset_consumes_unknown_never_scheduled', 'dataset_produces_1', 'consume_1_or_both_2_and_3_with_dataset_expressions', 'dataset_produces_2', 'conditional_dataset_and_time_based_timetable', 'consume_1_or_2_with_dataset_expressions', 'dataset_consumes_1_never_scheduled', 'consume_1_and_2_with_dataset_expressions', 'dataset_consumes_1' retrieved from /Users/azeez.ganiyu/airflow_venv/lib/python3.9/site-packages/airflow/example_dags/example_datasets.py
[2025-01-07T21:06:41.672+0100] {logging_mixin.py:190} INFO - [2025-01-07T21:06:41.671+0100] {dag.py:3239} INFO - Sync 10 DAGs
[2025-01-07T21:06:41.692+0100] {logging_mixin.py:190} INFO - [2025-01-07T21:06:41.692+0100] {dag.py:4180} INFO - Setting next_dagrun for conditional_dataset_and_time_based_timetable to 2025-01-01 01:00:00+00:00, run_after=2025-01-01 01:00:00+00:00
[2025-01-07T21:06:41.695+0100] {logging_mixin.py:190} INFO - [2025-01-07T21:06:41.695+0100] {dag.py:4180} INFO - Setting next_dagrun for consume_1_and_2_with_dataset_expressions to None, run_after=None
[2025-01-07T21:06:41.696+0100] {logging_mixin.py:190} INFO - [2025-01-07T21:06:41.696+0100] {dag.py:4180} INFO - Setting next_dagrun for consume_1_or_2_with_dataset_expressions to None, run_after=None
[2025-01-07T21:06:41.697+0100] {logging_mixin.py:190} INFO - [2025-01-07T21:06:41.696+0100] {dag.py:4180} INFO - Setting next_dagrun for consume_1_or_both_2_and_3_with_dataset_expressions to None, run_after=None
[2025-01-07T21:06:41.697+0100] {logging_mixin.py:190} INFO - [2025-01-07T21:06:41.697+0100] {dag.py:4180} INFO - Setting next_dagrun for dataset_consumes_1 to None, run_after=None
[2025-01-07T21:06:41.698+0100] {logging_mixin.py:190} INFO - [2025-01-07T21:06:41.698+0100] {dag.py:4180} INFO - Setting next_dagrun for dataset_consumes_1_and_2 to None, run_after=None
[2025-01-07T21:06:41.699+0100] {logging_mixin.py:190} INFO - [2025-01-07T21:06:41.699+0100] {dag.py:4180} INFO - Setting next_dagrun for dataset_consumes_1_never_scheduled to None, run_after=None
[2025-01-07T21:06:41.700+0100] {logging_mixin.py:190} INFO - [2025-01-07T21:06:41.700+0100] {dag.py:4180} INFO - Setting next_dagrun for dataset_consumes_unknown_never_scheduled to None, run_after=None
[2025-01-07T21:06:41.702+0100] {logging_mixin.py:190} INFO - [2025-01-07T21:06:41.702+0100] {dag.py:4180} INFO - Setting next_dagrun for dataset_produces_1 to 2025-01-06 00:00:00+00:00, run_after=2025-01-07 00:00:00+00:00
[2025-01-07T21:06:41.704+0100] {logging_mixin.py:190} INFO - [2025-01-07T21:06:41.703+0100] {dag.py:4180} INFO - Setting next_dagrun for dataset_produces_2 to None, run_after=None
[2025-01-07T21:06:41.734+0100] {processor.py:208} INFO - Processing /Users/azeez.ganiyu/airflow_venv/lib/python3.9/site-packages/airflow/example_dags/example_datasets.py took 0.454 seconds
