[2025-01-07T10:32:12.709+0100] {processor.py:186} INFO - Started process (PID=85280) to work on /Users/azeez.ganiyu/airflow_venv/lib/python3.9/site-packages/airflow/example_dags/example_external_task_marker_dag.py
[2025-01-07T10:32:12.714+0100] {processor.py:914} INFO - Processing file /Users/azeez.ganiyu/airflow_venv/lib/python3.9/site-packages/airflow/example_dags/example_external_task_marker_dag.py for tasks to queue
[2025-01-07T10:32:12.715+0100] {logging_mixin.py:190} INFO - [2025-01-07T10:32:12.715+0100] {dagbag.py:588} INFO - Filling up the DagBag from /Users/azeez.ganiyu/airflow_venv/lib/python3.9/site-packages/airflow/example_dags/example_external_task_marker_dag.py
[2025-01-07T10:32:12.740+0100] {processor.py:925} INFO - DAG(s) 'example_external_task_marker_child', 'example_external_task_marker_parent' retrieved from /Users/azeez.ganiyu/airflow_venv/lib/python3.9/site-packages/airflow/example_dags/example_external_task_marker_dag.py
[2025-01-07T10:32:12.872+0100] {logging_mixin.py:190} INFO - [2025-01-07T10:32:12.871+0100] {workday.py:41} WARNING - Could not import pandas. Holidays will not be considered.
[2025-01-07T10:32:12.903+0100] {logging_mixin.py:190} INFO - [2025-01-07T10:32:12.903+0100] {dag.py:3239} INFO - Sync 2 DAGs
[2025-01-07T10:32:12.912+0100] {logging_mixin.py:190} INFO - [2025-01-07T10:32:12.912+0100] {dag.py:4180} INFO - Setting next_dagrun for example_external_task_marker_child to None, run_after=None
[2025-01-07T10:32:12.916+0100] {logging_mixin.py:190} INFO - [2025-01-07T10:32:12.916+0100] {dag.py:4180} INFO - Setting next_dagrun for example_external_task_marker_parent to None, run_after=None
[2025-01-07T10:32:12.935+0100] {processor.py:208} INFO - Processing /Users/azeez.ganiyu/airflow_venv/lib/python3.9/site-packages/airflow/example_dags/example_external_task_marker_dag.py took 0.234 seconds
[2025-01-07T20:40:18.236+0100] {processor.py:186} INFO - Started process (PID=66146) to work on /Users/azeez.ganiyu/airflow_venv/lib/python3.9/site-packages/airflow/example_dags/example_external_task_marker_dag.py
[2025-01-07T20:40:18.241+0100] {processor.py:914} INFO - Processing file /Users/azeez.ganiyu/airflow_venv/lib/python3.9/site-packages/airflow/example_dags/example_external_task_marker_dag.py for tasks to queue
[2025-01-07T20:40:18.243+0100] {logging_mixin.py:190} INFO - [2025-01-07T20:40:18.242+0100] {dagbag.py:588} INFO - Filling up the DagBag from /Users/azeez.ganiyu/airflow_venv/lib/python3.9/site-packages/airflow/example_dags/example_external_task_marker_dag.py
[2025-01-07T20:40:18.269+0100] {processor.py:925} INFO - DAG(s) 'example_external_task_marker_child', 'example_external_task_marker_parent' retrieved from /Users/azeez.ganiyu/airflow_venv/lib/python3.9/site-packages/airflow/example_dags/example_external_task_marker_dag.py
[2025-01-07T20:40:19.247+0100] {logging_mixin.py:190} INFO - [2025-01-07T20:40:19.247+0100] {dag.py:3239} INFO - Sync 2 DAGs
[2025-01-07T20:40:19.309+0100] {logging_mixin.py:190} INFO - [2025-01-07T20:40:19.309+0100] {dag.py:4180} INFO - Setting next_dagrun for example_external_task_marker_child to None, run_after=None
[2025-01-07T20:40:19.312+0100] {logging_mixin.py:190} INFO - [2025-01-07T20:40:19.312+0100] {dag.py:4180} INFO - Setting next_dagrun for example_external_task_marker_parent to None, run_after=None
[2025-01-07T20:40:19.331+0100] {processor.py:208} INFO - Processing /Users/azeez.ganiyu/airflow_venv/lib/python3.9/site-packages/airflow/example_dags/example_external_task_marker_dag.py took 1.103 seconds
[2025-01-07T21:06:29.338+0100] {processor.py:186} INFO - Started process (PID=75079) to work on /Users/azeez.ganiyu/airflow_venv/lib/python3.9/site-packages/airflow/example_dags/example_external_task_marker_dag.py
[2025-01-07T21:06:29.344+0100] {processor.py:914} INFO - Processing file /Users/azeez.ganiyu/airflow_venv/lib/python3.9/site-packages/airflow/example_dags/example_external_task_marker_dag.py for tasks to queue
[2025-01-07T21:06:29.346+0100] {logging_mixin.py:190} INFO - [2025-01-07T21:06:29.345+0100] {dagbag.py:588} INFO - Filling up the DagBag from /Users/azeez.ganiyu/airflow_venv/lib/python3.9/site-packages/airflow/example_dags/example_external_task_marker_dag.py
[2025-01-07T21:06:29.368+0100] {processor.py:925} INFO - DAG(s) 'example_external_task_marker_child', 'example_external_task_marker_parent' retrieved from /Users/azeez.ganiyu/airflow_venv/lib/python3.9/site-packages/airflow/example_dags/example_external_task_marker_dag.py
[2025-01-07T21:06:30.219+0100] {logging_mixin.py:190} INFO - [2025-01-07T21:06:30.219+0100] {dag.py:3239} INFO - Sync 2 DAGs
[2025-01-07T21:06:30.287+0100] {logging_mixin.py:190} INFO - [2025-01-07T21:06:30.286+0100] {dag.py:4180} INFO - Setting next_dagrun for example_external_task_marker_child to None, run_after=None
[2025-01-07T21:06:30.292+0100] {logging_mixin.py:190} INFO - [2025-01-07T21:06:30.291+0100] {dag.py:4180} INFO - Setting next_dagrun for example_external_task_marker_parent to None, run_after=None
[2025-01-07T21:06:30.333+0100] {processor.py:208} INFO - Processing /Users/azeez.ganiyu/airflow_venv/lib/python3.9/site-packages/airflow/example_dags/example_external_task_marker_dag.py took 1.002 seconds
