[2025-01-07T10:30:34.397+0100] {processor.py:186} INFO - Started process (PID=84753) to work on /Users/azeez.ganiyu/airflow_venv/lib/python3.9/site-packages/airflow/example_dags/example_trigger_controller_dag.py
[2025-01-07T10:30:34.405+0100] {processor.py:914} INFO - Processing file /Users/azeez.ganiyu/airflow_venv/lib/python3.9/site-packages/airflow/example_dags/example_trigger_controller_dag.py for tasks to queue
[2025-01-07T10:30:34.407+0100] {logging_mixin.py:190} INFO - [2025-01-07T10:30:34.406+0100] {dagbag.py:588} INFO - Filling up the DagBag from /Users/azeez.ganiyu/airflow_venv/lib/python3.9/site-packages/airflow/example_dags/example_trigger_controller_dag.py
[2025-01-07T10:30:34.432+0100] {processor.py:925} INFO - DAG(s) 'example_trigger_controller_dag' retrieved from /Users/azeez.ganiyu/airflow_venv/lib/python3.9/site-packages/airflow/example_dags/example_trigger_controller_dag.py
[2025-01-07T10:30:34.586+0100] {logging_mixin.py:190} INFO - [2025-01-07T10:30:34.586+0100] {dag.py:3239} INFO - Sync 1 DAGs
[2025-01-07T10:30:34.603+0100] {logging_mixin.py:190} INFO - [2025-01-07T10:30:34.602+0100] {dag.py:4180} INFO - Setting next_dagrun for example_trigger_controller_dag to 2021-01-01 00:00:00+00:00, run_after=2021-01-01 00:00:00+00:00
[2025-01-07T10:30:34.625+0100] {processor.py:208} INFO - Processing /Users/azeez.ganiyu/airflow_venv/lib/python3.9/site-packages/airflow/example_dags/example_trigger_controller_dag.py took 0.236 seconds
[2025-01-07T20:38:39.179+0100] {processor.py:186} INFO - Started process (PID=65596) to work on /Users/azeez.ganiyu/airflow_venv/lib/python3.9/site-packages/airflow/example_dags/example_trigger_controller_dag.py
[2025-01-07T20:38:39.184+0100] {processor.py:914} INFO - Processing file /Users/azeez.ganiyu/airflow_venv/lib/python3.9/site-packages/airflow/example_dags/example_trigger_controller_dag.py for tasks to queue
[2025-01-07T20:38:39.185+0100] {logging_mixin.py:190} INFO - [2025-01-07T20:38:39.185+0100] {dagbag.py:588} INFO - Filling up the DagBag from /Users/azeez.ganiyu/airflow_venv/lib/python3.9/site-packages/airflow/example_dags/example_trigger_controller_dag.py
[2025-01-07T20:38:39.208+0100] {processor.py:925} INFO - DAG(s) 'example_trigger_controller_dag' retrieved from /Users/azeez.ganiyu/airflow_venv/lib/python3.9/site-packages/airflow/example_dags/example_trigger_controller_dag.py
[2025-01-07T20:38:39.352+0100] {logging_mixin.py:190} INFO - [2025-01-07T20:38:39.351+0100] {dag.py:3239} INFO - Sync 1 DAGs
[2025-01-07T20:38:39.369+0100] {logging_mixin.py:190} INFO - [2025-01-07T20:38:39.368+0100] {dag.py:4180} INFO - Setting next_dagrun for example_trigger_controller_dag to 2021-01-01 00:00:00+00:00, run_after=2021-01-01 00:00:00+00:00
[2025-01-07T20:38:39.390+0100] {processor.py:208} INFO - Processing /Users/azeez.ganiyu/airflow_venv/lib/python3.9/site-packages/airflow/example_dags/example_trigger_controller_dag.py took 0.218 seconds
[2025-01-07T20:42:48.799+0100] {processor.py:186} INFO - Started process (PID=66943) to work on /Users/azeez.ganiyu/airflow_venv/lib/python3.9/site-packages/airflow/example_dags/example_trigger_controller_dag.py
[2025-01-07T20:42:48.806+0100] {processor.py:914} INFO - Processing file /Users/azeez.ganiyu/airflow_venv/lib/python3.9/site-packages/airflow/example_dags/example_trigger_controller_dag.py for tasks to queue
[2025-01-07T20:42:48.807+0100] {logging_mixin.py:190} INFO - [2025-01-07T20:42:48.807+0100] {dagbag.py:588} INFO - Filling up the DagBag from /Users/azeez.ganiyu/airflow_venv/lib/python3.9/site-packages/airflow/example_dags/example_trigger_controller_dag.py
[2025-01-07T20:42:48.830+0100] {processor.py:925} INFO - DAG(s) 'example_trigger_controller_dag' retrieved from /Users/azeez.ganiyu/airflow_venv/lib/python3.9/site-packages/airflow/example_dags/example_trigger_controller_dag.py
[2025-01-07T20:42:48.983+0100] {logging_mixin.py:190} INFO - [2025-01-07T20:42:48.982+0100] {dag.py:3239} INFO - Sync 1 DAGs
[2025-01-07T20:42:48.999+0100] {logging_mixin.py:190} INFO - [2025-01-07T20:42:48.999+0100] {dag.py:4180} INFO - Setting next_dagrun for example_trigger_controller_dag to 2021-01-01 00:00:00+00:00, run_after=2021-01-01 00:00:00+00:00
[2025-01-07T20:42:49.025+0100] {processor.py:208} INFO - Processing /Users/azeez.ganiyu/airflow_venv/lib/python3.9/site-packages/airflow/example_dags/example_trigger_controller_dag.py took 0.235 seconds
[2025-01-07T21:05:15.910+0100] {processor.py:186} INFO - Started process (PID=74681) to work on /Users/azeez.ganiyu/airflow_venv/lib/python3.9/site-packages/airflow/example_dags/example_trigger_controller_dag.py
[2025-01-07T21:05:15.916+0100] {processor.py:914} INFO - Processing file /Users/azeez.ganiyu/airflow_venv/lib/python3.9/site-packages/airflow/example_dags/example_trigger_controller_dag.py for tasks to queue
[2025-01-07T21:05:15.917+0100] {logging_mixin.py:190} INFO - [2025-01-07T21:05:15.916+0100] {dagbag.py:588} INFO - Filling up the DagBag from /Users/azeez.ganiyu/airflow_venv/lib/python3.9/site-packages/airflow/example_dags/example_trigger_controller_dag.py
[2025-01-07T21:05:15.936+0100] {processor.py:925} INFO - DAG(s) 'example_trigger_controller_dag' retrieved from /Users/azeez.ganiyu/airflow_venv/lib/python3.9/site-packages/airflow/example_dags/example_trigger_controller_dag.py
[2025-01-07T21:05:16.086+0100] {logging_mixin.py:190} INFO - [2025-01-07T21:05:16.085+0100] {dag.py:3239} INFO - Sync 1 DAGs
[2025-01-07T21:05:16.101+0100] {logging_mixin.py:190} INFO - [2025-01-07T21:05:16.101+0100] {dag.py:4180} INFO - Setting next_dagrun for example_trigger_controller_dag to 2021-01-01 00:00:00+00:00, run_after=2021-01-01 00:00:00+00:00
[2025-01-07T21:05:16.123+0100] {processor.py:208} INFO - Processing /Users/azeez.ganiyu/airflow_venv/lib/python3.9/site-packages/airflow/example_dags/example_trigger_controller_dag.py took 0.220 seconds
