[2025-01-07T10:31:58.501+0100] {processor.py:186} INFO - Started process (PID=85202) to work on /Users/azeez.ganiyu/airflow_venv/lib/python3.9/site-packages/airflow/example_dags/example_latest_only_with_trigger.py
[2025-01-07T10:31:58.507+0100] {processor.py:914} INFO - Processing file /Users/azeez.ganiyu/airflow_venv/lib/python3.9/site-packages/airflow/example_dags/example_latest_only_with_trigger.py for tasks to queue
[2025-01-07T10:31:58.508+0100] {logging_mixin.py:190} INFO - [2025-01-07T10:31:58.508+0100] {dagbag.py:588} INFO - Filling up the DagBag from /Users/azeez.ganiyu/airflow_venv/lib/python3.9/site-packages/airflow/example_dags/example_latest_only_with_trigger.py
[2025-01-07T10:31:58.525+0100] {processor.py:925} INFO - DAG(s) 'latest_only_with_trigger' retrieved from /Users/azeez.ganiyu/airflow_venv/lib/python3.9/site-packages/airflow/example_dags/example_latest_only_with_trigger.py
[2025-01-07T10:31:58.675+0100] {logging_mixin.py:190} INFO - [2025-01-07T10:31:58.674+0100] {dag.py:3239} INFO - Sync 1 DAGs
[2025-01-07T10:31:58.695+0100] {logging_mixin.py:190} INFO - [2025-01-07T10:31:58.695+0100] {dag.py:4180} INFO - Setting next_dagrun for latest_only_with_trigger to 2025-01-07 04:00:00+00:00, run_after=2025-01-07 08:00:00+00:00
[2025-01-07T10:31:58.718+0100] {processor.py:208} INFO - Processing /Users/azeez.ganiyu/airflow_venv/lib/python3.9/site-packages/airflow/example_dags/example_latest_only_with_trigger.py took 0.226 seconds
[2025-01-07T20:40:01.783+0100] {processor.py:186} INFO - Started process (PID=66059) to work on /Users/azeez.ganiyu/airflow_venv/lib/python3.9/site-packages/airflow/example_dags/example_latest_only_with_trigger.py
[2025-01-07T20:40:01.789+0100] {processor.py:914} INFO - Processing file /Users/azeez.ganiyu/airflow_venv/lib/python3.9/site-packages/airflow/example_dags/example_latest_only_with_trigger.py for tasks to queue
[2025-01-07T20:40:01.790+0100] {logging_mixin.py:190} INFO - [2025-01-07T20:40:01.790+0100] {dagbag.py:588} INFO - Filling up the DagBag from /Users/azeez.ganiyu/airflow_venv/lib/python3.9/site-packages/airflow/example_dags/example_latest_only_with_trigger.py
[2025-01-07T20:40:01.808+0100] {processor.py:925} INFO - DAG(s) 'latest_only_with_trigger' retrieved from /Users/azeez.ganiyu/airflow_venv/lib/python3.9/site-packages/airflow/example_dags/example_latest_only_with_trigger.py
[2025-01-07T20:40:02.011+0100] {logging_mixin.py:190} INFO - [2025-01-07T20:40:02.011+0100] {dag.py:3239} INFO - Sync 1 DAGs
[2025-01-07T20:40:02.036+0100] {logging_mixin.py:190} INFO - [2025-01-07T20:40:02.036+0100] {dag.py:4180} INFO - Setting next_dagrun for latest_only_with_trigger to 2025-01-07 12:00:00+00:00, run_after=2025-01-07 16:00:00+00:00
[2025-01-07T20:40:02.065+0100] {processor.py:208} INFO - Processing /Users/azeez.ganiyu/airflow_venv/lib/python3.9/site-packages/airflow/example_dags/example_latest_only_with_trigger.py took 0.288 seconds
[2025-01-07T21:06:18.764+0100] {processor.py:186} INFO - Started process (PID=75021) to work on /Users/azeez.ganiyu/airflow_venv/lib/python3.9/site-packages/airflow/example_dags/example_latest_only_with_trigger.py
[2025-01-07T21:06:18.768+0100] {processor.py:914} INFO - Processing file /Users/azeez.ganiyu/airflow_venv/lib/python3.9/site-packages/airflow/example_dags/example_latest_only_with_trigger.py for tasks to queue
[2025-01-07T21:06:18.769+0100] {logging_mixin.py:190} INFO - [2025-01-07T21:06:18.769+0100] {dagbag.py:588} INFO - Filling up the DagBag from /Users/azeez.ganiyu/airflow_venv/lib/python3.9/site-packages/airflow/example_dags/example_latest_only_with_trigger.py
[2025-01-07T21:06:18.782+0100] {processor.py:925} INFO - DAG(s) 'latest_only_with_trigger' retrieved from /Users/azeez.ganiyu/airflow_venv/lib/python3.9/site-packages/airflow/example_dags/example_latest_only_with_trigger.py
[2025-01-07T21:06:18.919+0100] {logging_mixin.py:190} INFO - [2025-01-07T21:06:18.918+0100] {dag.py:3239} INFO - Sync 1 DAGs
[2025-01-07T21:06:18.937+0100] {logging_mixin.py:190} INFO - [2025-01-07T21:06:18.937+0100] {dag.py:4180} INFO - Setting next_dagrun for latest_only_with_trigger to 2025-01-07 16:00:00+00:00, run_after=2025-01-07 20:00:00+00:00
[2025-01-07T21:06:18.957+0100] {processor.py:208} INFO - Processing /Users/azeez.ganiyu/airflow_venv/lib/python3.9/site-packages/airflow/example_dags/example_latest_only_with_trigger.py took 0.199 seconds
