[2025-01-07T10:32:32.169+0100] {processor.py:186} INFO - Started process (PID=85381) to work on /Users/azeez.ganiyu/airflow_venv/lib/python3.9/site-packages/airflow/example_dags/example_dataset_alias_with_no_taskflow.py
[2025-01-07T10:32:32.177+0100] {processor.py:914} INFO - Processing file /Users/azeez.ganiyu/airflow_venv/lib/python3.9/site-packages/airflow/example_dags/example_dataset_alias_with_no_taskflow.py for tasks to queue
[2025-01-07T10:32:32.179+0100] {logging_mixin.py:190} INFO - [2025-01-07T10:32:32.178+0100] {dagbag.py:588} INFO - Filling up the DagBag from /Users/azeez.ganiyu/airflow_venv/lib/python3.9/site-packages/airflow/example_dags/example_dataset_alias_with_no_taskflow.py
[2025-01-07T10:32:32.478+0100] {processor.py:925} INFO - DAG(s) 'dataset_s3_bucket_consumer_with_no_taskflow', 'dataset_alias_example_alias_consumer_with_no_taskflow', 'dataset_alias_example_alias_producer_with_no_taskflow', 'dataset_s3_bucket_producer_with_no_taskflow' retrieved from /Users/azeez.ganiyu/airflow_venv/lib/python3.9/site-packages/airflow/example_dags/example_dataset_alias_with_no_taskflow.py
[2025-01-07T10:32:32.508+0100] {logging_mixin.py:190} INFO - [2025-01-07T10:32:32.508+0100] {dag.py:3239} INFO - Sync 4 DAGs
[2025-01-07T10:32:32.523+0100] {logging_mixin.py:190} INFO - [2025-01-07T10:32:32.522+0100] {dag.py:4180} INFO - Setting next_dagrun for dataset_alias_example_alias_consumer_with_no_taskflow to None, run_after=None
[2025-01-07T10:32:32.525+0100] {logging_mixin.py:190} INFO - [2025-01-07T10:32:32.524+0100] {dag.py:4180} INFO - Setting next_dagrun for dataset_alias_example_alias_producer_with_no_taskflow to None, run_after=None
[2025-01-07T10:32:32.525+0100] {logging_mixin.py:190} INFO - [2025-01-07T10:32:32.525+0100] {dag.py:4180} INFO - Setting next_dagrun for dataset_s3_bucket_consumer_with_no_taskflow to None, run_after=None
[2025-01-07T10:32:32.526+0100] {logging_mixin.py:190} INFO - [2025-01-07T10:32:32.526+0100] {dag.py:4180} INFO - Setting next_dagrun for dataset_s3_bucket_producer_with_no_taskflow to None, run_after=None
[2025-01-07T10:32:32.549+0100] {processor.py:208} INFO - Processing /Users/azeez.ganiyu/airflow_venv/lib/python3.9/site-packages/airflow/example_dags/example_dataset_alias_with_no_taskflow.py took 0.388 seconds
[2025-01-07T20:40:37.815+0100] {processor.py:186} INFO - Started process (PID=66263) to work on /Users/azeez.ganiyu/airflow_venv/lib/python3.9/site-packages/airflow/example_dags/example_dataset_alias_with_no_taskflow.py
[2025-01-07T20:40:37.819+0100] {processor.py:914} INFO - Processing file /Users/azeez.ganiyu/airflow_venv/lib/python3.9/site-packages/airflow/example_dags/example_dataset_alias_with_no_taskflow.py for tasks to queue
[2025-01-07T20:40:37.820+0100] {logging_mixin.py:190} INFO - [2025-01-07T20:40:37.820+0100] {dagbag.py:588} INFO - Filling up the DagBag from /Users/azeez.ganiyu/airflow_venv/lib/python3.9/site-packages/airflow/example_dags/example_dataset_alias_with_no_taskflow.py
[2025-01-07T20:40:38.074+0100] {processor.py:925} INFO - DAG(s) 'dataset_alias_example_alias_producer_with_no_taskflow', 'dataset_alias_example_alias_consumer_with_no_taskflow', 'dataset_s3_bucket_consumer_with_no_taskflow', 'dataset_s3_bucket_producer_with_no_taskflow' retrieved from /Users/azeez.ganiyu/airflow_venv/lib/python3.9/site-packages/airflow/example_dags/example_dataset_alias_with_no_taskflow.py
[2025-01-07T20:40:38.101+0100] {logging_mixin.py:190} INFO - [2025-01-07T20:40:38.100+0100] {dag.py:3239} INFO - Sync 4 DAGs
[2025-01-07T20:40:38.116+0100] {logging_mixin.py:190} INFO - [2025-01-07T20:40:38.116+0100] {dag.py:4180} INFO - Setting next_dagrun for dataset_alias_example_alias_consumer_with_no_taskflow to None, run_after=None
[2025-01-07T20:40:38.118+0100] {logging_mixin.py:190} INFO - [2025-01-07T20:40:38.118+0100] {dag.py:4180} INFO - Setting next_dagrun for dataset_alias_example_alias_producer_with_no_taskflow to None, run_after=None
[2025-01-07T20:40:38.119+0100] {logging_mixin.py:190} INFO - [2025-01-07T20:40:38.118+0100] {dag.py:4180} INFO - Setting next_dagrun for dataset_s3_bucket_consumer_with_no_taskflow to None, run_after=None
[2025-01-07T20:40:38.119+0100] {logging_mixin.py:190} INFO - [2025-01-07T20:40:38.119+0100] {dag.py:4180} INFO - Setting next_dagrun for dataset_s3_bucket_producer_with_no_taskflow to None, run_after=None
[2025-01-07T20:40:38.140+0100] {processor.py:208} INFO - Processing /Users/azeez.ganiyu/airflow_venv/lib/python3.9/site-packages/airflow/example_dags/example_dataset_alias_with_no_taskflow.py took 0.332 seconds
[2025-01-07T21:06:44.404+0100] {processor.py:186} INFO - Started process (PID=75174) to work on /Users/azeez.ganiyu/airflow_venv/lib/python3.9/site-packages/airflow/example_dags/example_dataset_alias_with_no_taskflow.py
[2025-01-07T21:06:44.409+0100] {processor.py:914} INFO - Processing file /Users/azeez.ganiyu/airflow_venv/lib/python3.9/site-packages/airflow/example_dags/example_dataset_alias_with_no_taskflow.py for tasks to queue
[2025-01-07T21:06:44.410+0100] {logging_mixin.py:190} INFO - [2025-01-07T21:06:44.410+0100] {dagbag.py:588} INFO - Filling up the DagBag from /Users/azeez.ganiyu/airflow_venv/lib/python3.9/site-packages/airflow/example_dags/example_dataset_alias_with_no_taskflow.py
[2025-01-07T21:06:44.719+0100] {processor.py:925} INFO - DAG(s) 'dataset_s3_bucket_consumer_with_no_taskflow', 'dataset_alias_example_alias_consumer_with_no_taskflow', 'dataset_s3_bucket_producer_with_no_taskflow', 'dataset_alias_example_alias_producer_with_no_taskflow' retrieved from /Users/azeez.ganiyu/airflow_venv/lib/python3.9/site-packages/airflow/example_dags/example_dataset_alias_with_no_taskflow.py
[2025-01-07T21:06:44.751+0100] {logging_mixin.py:190} INFO - [2025-01-07T21:06:44.750+0100] {dag.py:3239} INFO - Sync 4 DAGs
[2025-01-07T21:06:44.769+0100] {logging_mixin.py:190} INFO - [2025-01-07T21:06:44.768+0100] {dag.py:4180} INFO - Setting next_dagrun for dataset_alias_example_alias_consumer_with_no_taskflow to None, run_after=None
[2025-01-07T21:06:44.771+0100] {logging_mixin.py:190} INFO - [2025-01-07T21:06:44.771+0100] {dag.py:4180} INFO - Setting next_dagrun for dataset_alias_example_alias_producer_with_no_taskflow to None, run_after=None
[2025-01-07T21:06:44.772+0100] {logging_mixin.py:190} INFO - [2025-01-07T21:06:44.771+0100] {dag.py:4180} INFO - Setting next_dagrun for dataset_s3_bucket_consumer_with_no_taskflow to None, run_after=None
[2025-01-07T21:06:44.773+0100] {logging_mixin.py:190} INFO - [2025-01-07T21:06:44.772+0100] {dag.py:4180} INFO - Setting next_dagrun for dataset_s3_bucket_producer_with_no_taskflow to None, run_after=None
[2025-01-07T21:06:44.797+0100] {processor.py:208} INFO - Processing /Users/azeez.ganiyu/airflow_venv/lib/python3.9/site-packages/airflow/example_dags/example_dataset_alias_with_no_taskflow.py took 0.403 seconds
