[2025-01-07T10:31:03.711+0100] {processor.py:186} INFO - Started process (PID=84900) to work on /Users/azeez.ganiyu/airflow_venv/lib/python3.9/site-packages/airflow/example_dags/example_short_circuit_operator.py
[2025-01-07T10:31:03.716+0100] {processor.py:914} INFO - Processing file /Users/azeez.ganiyu/airflow_venv/lib/python3.9/site-packages/airflow/example_dags/example_short_circuit_operator.py for tasks to queue
[2025-01-07T10:31:03.717+0100] {logging_mixin.py:190} INFO - [2025-01-07T10:31:03.717+0100] {dagbag.py:588} INFO - Filling up the DagBag from /Users/azeez.ganiyu/airflow_venv/lib/python3.9/site-packages/airflow/example_dags/example_short_circuit_operator.py
[2025-01-07T10:31:03.756+0100] {processor.py:925} INFO - DAG(s) 'example_short_circuit_operator' retrieved from /Users/azeez.ganiyu/airflow_venv/lib/python3.9/site-packages/airflow/example_dags/example_short_circuit_operator.py
[2025-01-07T10:31:03.892+0100] {logging_mixin.py:190} INFO - [2025-01-07T10:31:03.891+0100] {dag.py:3239} INFO - Sync 1 DAGs
[2025-01-07T10:31:03.901+0100] {logging_mixin.py:190} INFO - [2025-01-07T10:31:03.900+0100] {dag.py:4180} INFO - Setting next_dagrun for example_short_circuit_operator to None, run_after=None
[2025-01-07T10:31:03.920+0100] {processor.py:208} INFO - Processing /Users/azeez.ganiyu/airflow_venv/lib/python3.9/site-packages/airflow/example_dags/example_short_circuit_operator.py took 0.216 seconds
[2025-01-07T20:39:06.698+0100] {processor.py:186} INFO - Started process (PID=65755) to work on /Users/azeez.ganiyu/airflow_venv/lib/python3.9/site-packages/airflow/example_dags/example_short_circuit_operator.py
[2025-01-07T20:39:06.704+0100] {processor.py:914} INFO - Processing file /Users/azeez.ganiyu/airflow_venv/lib/python3.9/site-packages/airflow/example_dags/example_short_circuit_operator.py for tasks to queue
[2025-01-07T20:39:06.705+0100] {logging_mixin.py:190} INFO - [2025-01-07T20:39:06.705+0100] {dagbag.py:588} INFO - Filling up the DagBag from /Users/azeez.ganiyu/airflow_venv/lib/python3.9/site-packages/airflow/example_dags/example_short_circuit_operator.py
[2025-01-07T20:39:06.742+0100] {processor.py:925} INFO - DAG(s) 'example_short_circuit_operator' retrieved from /Users/azeez.ganiyu/airflow_venv/lib/python3.9/site-packages/airflow/example_dags/example_short_circuit_operator.py
[2025-01-07T20:39:06.896+0100] {logging_mixin.py:190} INFO - [2025-01-07T20:39:06.895+0100] {dag.py:3239} INFO - Sync 1 DAGs
[2025-01-07T20:39:06.906+0100] {logging_mixin.py:190} INFO - [2025-01-07T20:39:06.905+0100] {dag.py:4180} INFO - Setting next_dagrun for example_short_circuit_operator to None, run_after=None
[2025-01-07T20:39:06.929+0100] {processor.py:208} INFO - Processing /Users/azeez.ganiyu/airflow_venv/lib/python3.9/site-packages/airflow/example_dags/example_short_circuit_operator.py took 0.239 seconds
[2025-01-07T21:05:39.186+0100] {processor.py:186} INFO - Started process (PID=74812) to work on /Users/azeez.ganiyu/airflow_venv/lib/python3.9/site-packages/airflow/example_dags/example_short_circuit_operator.py
[2025-01-07T21:05:39.193+0100] {processor.py:914} INFO - Processing file /Users/azeez.ganiyu/airflow_venv/lib/python3.9/site-packages/airflow/example_dags/example_short_circuit_operator.py for tasks to queue
[2025-01-07T21:05:39.194+0100] {logging_mixin.py:190} INFO - [2025-01-07T21:05:39.194+0100] {dagbag.py:588} INFO - Filling up the DagBag from /Users/azeez.ganiyu/airflow_venv/lib/python3.9/site-packages/airflow/example_dags/example_short_circuit_operator.py
[2025-01-07T21:05:39.233+0100] {processor.py:925} INFO - DAG(s) 'example_short_circuit_operator' retrieved from /Users/azeez.ganiyu/airflow_venv/lib/python3.9/site-packages/airflow/example_dags/example_short_circuit_operator.py
[2025-01-07T21:05:39.377+0100] {logging_mixin.py:190} INFO - [2025-01-07T21:05:39.377+0100] {dag.py:3239} INFO - Sync 1 DAGs
[2025-01-07T21:05:39.387+0100] {logging_mixin.py:190} INFO - [2025-01-07T21:05:39.387+0100] {dag.py:4180} INFO - Setting next_dagrun for example_short_circuit_operator to None, run_after=None
[2025-01-07T21:05:39.408+0100] {processor.py:208} INFO - Processing /Users/azeez.ganiyu/airflow_venv/lib/python3.9/site-packages/airflow/example_dags/example_short_circuit_operator.py took 0.228 seconds
