[2025-01-07T10:31:07.578+0100] {processor.py:186} INFO - Started process (PID=84922) to work on /Users/azeez.ganiyu/airflow_venv/lib/python3.9/site-packages/airflow/example_dags/example_short_circuit_decorator.py
[2025-01-07T10:31:07.583+0100] {processor.py:914} INFO - Processing file /Users/azeez.ganiyu/airflow_venv/lib/python3.9/site-packages/airflow/example_dags/example_short_circuit_decorator.py for tasks to queue
[2025-01-07T10:31:07.584+0100] {logging_mixin.py:190} INFO - [2025-01-07T10:31:07.583+0100] {dagbag.py:588} INFO - Filling up the DagBag from /Users/azeez.ganiyu/airflow_venv/lib/python3.9/site-packages/airflow/example_dags/example_short_circuit_decorator.py
[2025-01-07T10:31:07.647+0100] {processor.py:925} INFO - DAG(s) 'example_short_circuit_decorator' retrieved from /Users/azeez.ganiyu/airflow_venv/lib/python3.9/site-packages/airflow/example_dags/example_short_circuit_decorator.py
[2025-01-07T10:31:07.794+0100] {logging_mixin.py:190} INFO - [2025-01-07T10:31:07.793+0100] {dag.py:3239} INFO - Sync 1 DAGs
[2025-01-07T10:31:07.805+0100] {logging_mixin.py:190} INFO - [2025-01-07T10:31:07.804+0100] {dag.py:4180} INFO - Setting next_dagrun for example_short_circuit_decorator to None, run_after=None
[2025-01-07T10:31:07.826+0100] {processor.py:208} INFO - Processing /Users/azeez.ganiyu/airflow_venv/lib/python3.9/site-packages/airflow/example_dags/example_short_circuit_decorator.py took 0.255 seconds
[2025-01-07T20:39:10.298+0100] {processor.py:186} INFO - Started process (PID=65767) to work on /Users/azeez.ganiyu/airflow_venv/lib/python3.9/site-packages/airflow/example_dags/example_short_circuit_decorator.py
[2025-01-07T20:39:10.304+0100] {processor.py:914} INFO - Processing file /Users/azeez.ganiyu/airflow_venv/lib/python3.9/site-packages/airflow/example_dags/example_short_circuit_decorator.py for tasks to queue
[2025-01-07T20:39:10.305+0100] {logging_mixin.py:190} INFO - [2025-01-07T20:39:10.305+0100] {dagbag.py:588} INFO - Filling up the DagBag from /Users/azeez.ganiyu/airflow_venv/lib/python3.9/site-packages/airflow/example_dags/example_short_circuit_decorator.py
[2025-01-07T20:39:10.375+0100] {processor.py:925} INFO - DAG(s) 'example_short_circuit_decorator' retrieved from /Users/azeez.ganiyu/airflow_venv/lib/python3.9/site-packages/airflow/example_dags/example_short_circuit_decorator.py
[2025-01-07T20:39:10.554+0100] {logging_mixin.py:190} INFO - [2025-01-07T20:39:10.554+0100] {dag.py:3239} INFO - Sync 1 DAGs
[2025-01-07T20:39:10.562+0100] {logging_mixin.py:190} INFO - [2025-01-07T20:39:10.562+0100] {dag.py:4180} INFO - Setting next_dagrun for example_short_circuit_decorator to None, run_after=None
[2025-01-07T20:39:10.581+0100] {processor.py:208} INFO - Processing /Users/azeez.ganiyu/airflow_venv/lib/python3.9/site-packages/airflow/example_dags/example_short_circuit_decorator.py took 0.291 seconds
[2025-01-07T21:05:41.920+0100] {processor.py:186} INFO - Started process (PID=74824) to work on /Users/azeez.ganiyu/airflow_venv/lib/python3.9/site-packages/airflow/example_dags/example_short_circuit_decorator.py
[2025-01-07T21:05:41.926+0100] {processor.py:914} INFO - Processing file /Users/azeez.ganiyu/airflow_venv/lib/python3.9/site-packages/airflow/example_dags/example_short_circuit_decorator.py for tasks to queue
[2025-01-07T21:05:41.928+0100] {logging_mixin.py:190} INFO - [2025-01-07T21:05:41.927+0100] {dagbag.py:588} INFO - Filling up the DagBag from /Users/azeez.ganiyu/airflow_venv/lib/python3.9/site-packages/airflow/example_dags/example_short_circuit_decorator.py
[2025-01-07T21:05:41.998+0100] {processor.py:925} INFO - DAG(s) 'example_short_circuit_decorator' retrieved from /Users/azeez.ganiyu/airflow_venv/lib/python3.9/site-packages/airflow/example_dags/example_short_circuit_decorator.py
[2025-01-07T21:05:42.141+0100] {logging_mixin.py:190} INFO - [2025-01-07T21:05:42.140+0100] {dag.py:3239} INFO - Sync 1 DAGs
[2025-01-07T21:05:42.150+0100] {logging_mixin.py:190} INFO - [2025-01-07T21:05:42.150+0100] {dag.py:4180} INFO - Setting next_dagrun for example_short_circuit_decorator to None, run_after=None
[2025-01-07T21:05:42.170+0100] {processor.py:208} INFO - Processing /Users/azeez.ganiyu/airflow_venv/lib/python3.9/site-packages/airflow/example_dags/example_short_circuit_decorator.py took 0.258 seconds
