[2025-01-07T10:30:46.960+0100] {processor.py:186} INFO - Started process (PID=84820) to work on /Users/azeez.ganiyu/airflow_venv/lib/python3.9/site-packages/airflow/example_dags/example_task_group.py
[2025-01-07T10:30:46.966+0100] {processor.py:914} INFO - Processing file /Users/azeez.ganiyu/airflow_venv/lib/python3.9/site-packages/airflow/example_dags/example_task_group.py for tasks to queue
[2025-01-07T10:30:46.967+0100] {logging_mixin.py:190} INFO - [2025-01-07T10:30:46.967+0100] {dagbag.py:588} INFO - Filling up the DagBag from /Users/azeez.ganiyu/airflow_venv/lib/python3.9/site-packages/airflow/example_dags/example_task_group.py
[2025-01-07T10:30:46.987+0100] {processor.py:925} INFO - DAG(s) 'example_task_group' retrieved from /Users/azeez.ganiyu/airflow_venv/lib/python3.9/site-packages/airflow/example_dags/example_task_group.py
[2025-01-07T10:30:47.145+0100] {logging_mixin.py:190} INFO - [2025-01-07T10:30:47.144+0100] {dag.py:3239} INFO - Sync 1 DAGs
[2025-01-07T10:30:47.154+0100] {logging_mixin.py:190} INFO - [2025-01-07T10:30:47.154+0100] {dag.py:4180} INFO - Setting next_dagrun for example_task_group to None, run_after=None
[2025-01-07T10:30:47.178+0100] {processor.py:208} INFO - Processing /Users/azeez.ganiyu/airflow_venv/lib/python3.9/site-packages/airflow/example_dags/example_task_group.py took 0.225 seconds
[2025-01-07T20:38:50.632+0100] {processor.py:186} INFO - Started process (PID=65667) to work on /Users/azeez.ganiyu/airflow_venv/lib/python3.9/site-packages/airflow/example_dags/example_task_group.py
[2025-01-07T20:38:50.637+0100] {processor.py:914} INFO - Processing file /Users/azeez.ganiyu/airflow_venv/lib/python3.9/site-packages/airflow/example_dags/example_task_group.py for tasks to queue
[2025-01-07T20:38:50.638+0100] {logging_mixin.py:190} INFO - [2025-01-07T20:38:50.638+0100] {dagbag.py:588} INFO - Filling up the DagBag from /Users/azeez.ganiyu/airflow_venv/lib/python3.9/site-packages/airflow/example_dags/example_task_group.py
[2025-01-07T20:38:50.695+0100] {processor.py:925} INFO - DAG(s) 'example_task_group' retrieved from /Users/azeez.ganiyu/airflow_venv/lib/python3.9/site-packages/airflow/example_dags/example_task_group.py
[2025-01-07T20:38:50.861+0100] {logging_mixin.py:190} INFO - [2025-01-07T20:38:50.861+0100] {dag.py:3239} INFO - Sync 1 DAGs
[2025-01-07T20:38:50.871+0100] {logging_mixin.py:190} INFO - [2025-01-07T20:38:50.871+0100] {dag.py:4180} INFO - Setting next_dagrun for example_task_group to None, run_after=None
[2025-01-07T20:38:50.893+0100] {processor.py:208} INFO - Processing /Users/azeez.ganiyu/airflow_venv/lib/python3.9/site-packages/airflow/example_dags/example_task_group.py took 0.268 seconds
[2025-01-07T20:43:02.141+0100] {processor.py:186} INFO - Started process (PID=67009) to work on /Users/azeez.ganiyu/airflow_venv/lib/python3.9/site-packages/airflow/example_dags/example_task_group.py
[2025-01-07T20:43:02.148+0100] {processor.py:914} INFO - Processing file /Users/azeez.ganiyu/airflow_venv/lib/python3.9/site-packages/airflow/example_dags/example_task_group.py for tasks to queue
[2025-01-07T20:43:02.150+0100] {logging_mixin.py:190} INFO - [2025-01-07T20:43:02.150+0100] {dagbag.py:588} INFO - Filling up the DagBag from /Users/azeez.ganiyu/airflow_venv/lib/python3.9/site-packages/airflow/example_dags/example_task_group.py
[2025-01-07T20:43:02.176+0100] {processor.py:925} INFO - DAG(s) 'example_task_group' retrieved from /Users/azeez.ganiyu/airflow_venv/lib/python3.9/site-packages/airflow/example_dags/example_task_group.py
[2025-01-07T20:43:02.382+0100] {logging_mixin.py:190} INFO - [2025-01-07T20:43:02.382+0100] {dag.py:3239} INFO - Sync 1 DAGs
[2025-01-07T20:43:02.396+0100] {logging_mixin.py:190} INFO - [2025-01-07T20:43:02.395+0100] {dag.py:4180} INFO - Setting next_dagrun for example_task_group to None, run_after=None
[2025-01-07T20:43:02.425+0100] {processor.py:208} INFO - Processing /Users/azeez.ganiyu/airflow_venv/lib/python3.9/site-packages/airflow/example_dags/example_task_group.py took 0.294 seconds
[2025-01-07T21:05:26.388+0100] {processor.py:186} INFO - Started process (PID=74737) to work on /Users/azeez.ganiyu/airflow_venv/lib/python3.9/site-packages/airflow/example_dags/example_task_group.py
[2025-01-07T21:05:26.396+0100] {processor.py:914} INFO - Processing file /Users/azeez.ganiyu/airflow_venv/lib/python3.9/site-packages/airflow/example_dags/example_task_group.py for tasks to queue
[2025-01-07T21:05:26.398+0100] {logging_mixin.py:190} INFO - [2025-01-07T21:05:26.397+0100] {dagbag.py:588} INFO - Filling up the DagBag from /Users/azeez.ganiyu/airflow_venv/lib/python3.9/site-packages/airflow/example_dags/example_task_group.py
[2025-01-07T21:05:26.418+0100] {processor.py:925} INFO - DAG(s) 'example_task_group' retrieved from /Users/azeez.ganiyu/airflow_venv/lib/python3.9/site-packages/airflow/example_dags/example_task_group.py
[2025-01-07T21:05:26.613+0100] {logging_mixin.py:190} INFO - [2025-01-07T21:05:26.613+0100] {dag.py:3239} INFO - Sync 1 DAGs
[2025-01-07T21:05:26.623+0100] {logging_mixin.py:190} INFO - [2025-01-07T21:05:26.623+0100] {dag.py:4180} INFO - Setting next_dagrun for example_task_group to None, run_after=None
[2025-01-07T21:05:26.647+0100] {processor.py:208} INFO - Processing /Users/azeez.ganiyu/airflow_venv/lib/python3.9/site-packages/airflow/example_dags/example_task_group.py took 0.267 seconds
