[2025-01-07T10:32:23.998+0100] {processor.py:186} INFO - Started process (PID=85347) to work on /Users/azeez.ganiyu/airflow_venv/lib/python3.9/site-packages/airflow/example_dags/example_display_name.py
[2025-01-07T10:32:24.004+0100] {processor.py:914} INFO - Processing file /Users/azeez.ganiyu/airflow_venv/lib/python3.9/site-packages/airflow/example_dags/example_display_name.py for tasks to queue
[2025-01-07T10:32:24.005+0100] {logging_mixin.py:190} INFO - [2025-01-07T10:32:24.005+0100] {dagbag.py:588} INFO - Filling up the DagBag from /Users/azeez.ganiyu/airflow_venv/lib/python3.9/site-packages/airflow/example_dags/example_display_name.py
[2025-01-07T10:32:24.062+0100] {processor.py:925} INFO - DAG(s) 'example_display_name' retrieved from /Users/azeez.ganiyu/airflow_venv/lib/python3.9/site-packages/airflow/example_dags/example_display_name.py
[2025-01-07T10:32:24.195+0100] {logging_mixin.py:190} INFO - [2025-01-07T10:32:24.194+0100] {dag.py:3239} INFO - Sync 1 DAGs
[2025-01-07T10:32:24.204+0100] {logging_mixin.py:190} INFO - [2025-01-07T10:32:24.204+0100] {dag.py:4180} INFO - Setting next_dagrun for example_display_name to None, run_after=None
[2025-01-07T10:32:24.224+0100] {processor.py:208} INFO - Processing /Users/azeez.ganiyu/airflow_venv/lib/python3.9/site-packages/airflow/example_dags/example_display_name.py took 0.233 seconds
[2025-01-07T20:40:30.094+0100] {processor.py:186} INFO - Started process (PID=66219) to work on /Users/azeez.ganiyu/airflow_venv/lib/python3.9/site-packages/airflow/example_dags/example_display_name.py
[2025-01-07T20:40:30.098+0100] {processor.py:914} INFO - Processing file /Users/azeez.ganiyu/airflow_venv/lib/python3.9/site-packages/airflow/example_dags/example_display_name.py for tasks to queue
[2025-01-07T20:40:30.100+0100] {logging_mixin.py:190} INFO - [2025-01-07T20:40:30.100+0100] {dagbag.py:588} INFO - Filling up the DagBag from /Users/azeez.ganiyu/airflow_venv/lib/python3.9/site-packages/airflow/example_dags/example_display_name.py
[2025-01-07T20:40:30.161+0100] {processor.py:925} INFO - DAG(s) 'example_display_name' retrieved from /Users/azeez.ganiyu/airflow_venv/lib/python3.9/site-packages/airflow/example_dags/example_display_name.py
[2025-01-07T20:40:30.314+0100] {logging_mixin.py:190} INFO - [2025-01-07T20:40:30.313+0100] {dag.py:3239} INFO - Sync 1 DAGs
[2025-01-07T20:40:30.324+0100] {logging_mixin.py:190} INFO - [2025-01-07T20:40:30.324+0100] {dag.py:4180} INFO - Setting next_dagrun for example_display_name to None, run_after=None
[2025-01-07T20:40:30.346+0100] {processor.py:208} INFO - Processing /Users/azeez.ganiyu/airflow_venv/lib/python3.9/site-packages/airflow/example_dags/example_display_name.py took 0.259 seconds
[2025-01-07T21:06:38.444+0100] {processor.py:186} INFO - Started process (PID=75133) to work on /Users/azeez.ganiyu/airflow_venv/lib/python3.9/site-packages/airflow/example_dags/example_display_name.py
[2025-01-07T21:06:38.450+0100] {processor.py:914} INFO - Processing file /Users/azeez.ganiyu/airflow_venv/lib/python3.9/site-packages/airflow/example_dags/example_display_name.py for tasks to queue
[2025-01-07T21:06:38.451+0100] {logging_mixin.py:190} INFO - [2025-01-07T21:06:38.451+0100] {dagbag.py:588} INFO - Filling up the DagBag from /Users/azeez.ganiyu/airflow_venv/lib/python3.9/site-packages/airflow/example_dags/example_display_name.py
[2025-01-07T21:06:38.513+0100] {processor.py:925} INFO - DAG(s) 'example_display_name' retrieved from /Users/azeez.ganiyu/airflow_venv/lib/python3.9/site-packages/airflow/example_dags/example_display_name.py
[2025-01-07T21:06:38.653+0100] {logging_mixin.py:190} INFO - [2025-01-07T21:06:38.653+0100] {dag.py:3239} INFO - Sync 1 DAGs
[2025-01-07T21:06:38.663+0100] {logging_mixin.py:190} INFO - [2025-01-07T21:06:38.663+0100] {dag.py:4180} INFO - Setting next_dagrun for example_display_name to None, run_after=None
[2025-01-07T21:06:38.685+0100] {processor.py:208} INFO - Processing /Users/azeez.ganiyu/airflow_venv/lib/python3.9/site-packages/airflow/example_dags/example_display_name.py took 0.250 seconds
