[2025-01-07T10:31:11.741+0100] {processor.py:186} INFO - Started process (PID=84950) to work on /Users/azeez.ganiyu/airflow_venv/lib/python3.9/site-packages/airflow/example_dags/example_setup_teardown_taskflow.py
[2025-01-07T10:31:11.747+0100] {processor.py:914} INFO - Processing file /Users/azeez.ganiyu/airflow_venv/lib/python3.9/site-packages/airflow/example_dags/example_setup_teardown_taskflow.py for tasks to queue
[2025-01-07T10:31:11.749+0100] {logging_mixin.py:190} INFO - [2025-01-07T10:31:11.748+0100] {dagbag.py:588} INFO - Filling up the DagBag from /Users/azeez.ganiyu/airflow_venv/lib/python3.9/site-packages/airflow/example_dags/example_setup_teardown_taskflow.py
[2025-01-07T10:31:11.822+0100] {processor.py:925} INFO - DAG(s) 'example_setup_teardown_taskflow' retrieved from /Users/azeez.ganiyu/airflow_venv/lib/python3.9/site-packages/airflow/example_dags/example_setup_teardown_taskflow.py
[2025-01-07T10:31:11.982+0100] {logging_mixin.py:190} INFO - [2025-01-07T10:31:11.982+0100] {dag.py:3239} INFO - Sync 1 DAGs
[2025-01-07T10:31:11.992+0100] {logging_mixin.py:190} INFO - [2025-01-07T10:31:11.992+0100] {dag.py:4180} INFO - Setting next_dagrun for example_setup_teardown_taskflow to None, run_after=None
[2025-01-07T10:31:12.015+0100] {processor.py:208} INFO - Processing /Users/azeez.ganiyu/airflow_venv/lib/python3.9/site-packages/airflow/example_dags/example_setup_teardown_taskflow.py took 0.283 seconds
[2025-01-07T20:39:13.150+0100] {processor.py:186} INFO - Started process (PID=65789) to work on /Users/azeez.ganiyu/airflow_venv/lib/python3.9/site-packages/airflow/example_dags/example_setup_teardown_taskflow.py
[2025-01-07T20:39:13.157+0100] {processor.py:914} INFO - Processing file /Users/azeez.ganiyu/airflow_venv/lib/python3.9/site-packages/airflow/example_dags/example_setup_teardown_taskflow.py for tasks to queue
[2025-01-07T20:39:13.158+0100] {logging_mixin.py:190} INFO - [2025-01-07T20:39:13.158+0100] {dagbag.py:588} INFO - Filling up the DagBag from /Users/azeez.ganiyu/airflow_venv/lib/python3.9/site-packages/airflow/example_dags/example_setup_teardown_taskflow.py
[2025-01-07T20:39:13.218+0100] {processor.py:925} INFO - DAG(s) 'example_setup_teardown_taskflow' retrieved from /Users/azeez.ganiyu/airflow_venv/lib/python3.9/site-packages/airflow/example_dags/example_setup_teardown_taskflow.py
[2025-01-07T20:39:13.365+0100] {logging_mixin.py:190} INFO - [2025-01-07T20:39:13.365+0100] {dag.py:3239} INFO - Sync 1 DAGs
[2025-01-07T20:39:13.375+0100] {logging_mixin.py:190} INFO - [2025-01-07T20:39:13.374+0100] {dag.py:4180} INFO - Setting next_dagrun for example_setup_teardown_taskflow to None, run_after=None
[2025-01-07T20:39:13.396+0100] {processor.py:208} INFO - Processing /Users/azeez.ganiyu/airflow_venv/lib/python3.9/site-packages/airflow/example_dags/example_setup_teardown_taskflow.py took 0.255 seconds
[2025-01-07T21:05:44.908+0100] {processor.py:186} INFO - Started process (PID=74846) to work on /Users/azeez.ganiyu/airflow_venv/lib/python3.9/site-packages/airflow/example_dags/example_setup_teardown_taskflow.py
[2025-01-07T21:05:44.913+0100] {processor.py:914} INFO - Processing file /Users/azeez.ganiyu/airflow_venv/lib/python3.9/site-packages/airflow/example_dags/example_setup_teardown_taskflow.py for tasks to queue
[2025-01-07T21:05:44.914+0100] {logging_mixin.py:190} INFO - [2025-01-07T21:05:44.913+0100] {dagbag.py:588} INFO - Filling up the DagBag from /Users/azeez.ganiyu/airflow_venv/lib/python3.9/site-packages/airflow/example_dags/example_setup_teardown_taskflow.py
[2025-01-07T21:05:44.969+0100] {processor.py:925} INFO - DAG(s) 'example_setup_teardown_taskflow' retrieved from /Users/azeez.ganiyu/airflow_venv/lib/python3.9/site-packages/airflow/example_dags/example_setup_teardown_taskflow.py
[2025-01-07T21:05:45.108+0100] {logging_mixin.py:190} INFO - [2025-01-07T21:05:45.108+0100] {dag.py:3239} INFO - Sync 1 DAGs
[2025-01-07T21:05:45.117+0100] {logging_mixin.py:190} INFO - [2025-01-07T21:05:45.117+0100] {dag.py:4180} INFO - Setting next_dagrun for example_setup_teardown_taskflow to None, run_after=None
[2025-01-07T21:05:45.136+0100] {processor.py:208} INFO - Processing /Users/azeez.ganiyu/airflow_venv/lib/python3.9/site-packages/airflow/example_dags/example_setup_teardown_taskflow.py took 0.235 seconds
