[2025-01-07T10:32:08.833+0100] {processor.py:186} INFO - Started process (PID=85258) to work on /Users/azeez.ganiyu/airflow_venv/lib/python3.9/site-packages/airflow/example_dags/example_inlet_event_extra.py
[2025-01-07T10:32:08.838+0100] {processor.py:914} INFO - Processing file /Users/azeez.ganiyu/airflow_venv/lib/python3.9/site-packages/airflow/example_dags/example_inlet_event_extra.py for tasks to queue
[2025-01-07T10:32:08.839+0100] {logging_mixin.py:190} INFO - [2025-01-07T10:32:08.839+0100] {dagbag.py:588} INFO - Filling up the DagBag from /Users/azeez.ganiyu/airflow_venv/lib/python3.9/site-packages/airflow/example_dags/example_inlet_event_extra.py
[2025-01-07T10:32:09.071+0100] {processor.py:925} INFO - DAG(s) 'read_dataset_event_from_classic', 'read_dataset_event' retrieved from /Users/azeez.ganiyu/airflow_venv/lib/python3.9/site-packages/airflow/example_dags/example_inlet_event_extra.py
[2025-01-07T10:32:09.173+0100] {logging_mixin.py:190} INFO - [2025-01-07T10:32:09.172+0100] {dag.py:3239} INFO - Sync 2 DAGs
[2025-01-07T10:32:09.191+0100] {logging_mixin.py:190} INFO - [2025-01-07T10:32:09.190+0100] {dag.py:4180} INFO - Setting next_dagrun for read_dataset_event to 2025-01-06 00:00:00+00:00, run_after=2025-01-07 00:00:00+00:00
[2025-01-07T10:32:09.195+0100] {logging_mixin.py:190} INFO - [2025-01-07T10:32:09.194+0100] {dag.py:4180} INFO - Setting next_dagrun for read_dataset_event_from_classic to 2025-01-06 00:00:00+00:00, run_after=2025-01-07 00:00:00+00:00
[2025-01-07T10:32:09.215+0100] {processor.py:208} INFO - Processing /Users/azeez.ganiyu/airflow_venv/lib/python3.9/site-packages/airflow/example_dags/example_inlet_event_extra.py took 0.388 seconds
[2025-01-07T20:40:14.196+0100] {processor.py:186} INFO - Started process (PID=66118) to work on /Users/azeez.ganiyu/airflow_venv/lib/python3.9/site-packages/airflow/example_dags/example_inlet_event_extra.py
[2025-01-07T20:40:14.203+0100] {processor.py:914} INFO - Processing file /Users/azeez.ganiyu/airflow_venv/lib/python3.9/site-packages/airflow/example_dags/example_inlet_event_extra.py for tasks to queue
[2025-01-07T20:40:14.204+0100] {logging_mixin.py:190} INFO - [2025-01-07T20:40:14.204+0100] {dagbag.py:588} INFO - Filling up the DagBag from /Users/azeez.ganiyu/airflow_venv/lib/python3.9/site-packages/airflow/example_dags/example_inlet_event_extra.py
[2025-01-07T20:40:14.487+0100] {processor.py:925} INFO - DAG(s) 'read_dataset_event_from_classic', 'read_dataset_event' retrieved from /Users/azeez.ganiyu/airflow_venv/lib/python3.9/site-packages/airflow/example_dags/example_inlet_event_extra.py
[2025-01-07T20:40:14.584+0100] {logging_mixin.py:190} INFO - [2025-01-07T20:40:14.584+0100] {dag.py:3239} INFO - Sync 2 DAGs
[2025-01-07T20:40:14.604+0100] {logging_mixin.py:190} INFO - [2025-01-07T20:40:14.604+0100] {dag.py:4180} INFO - Setting next_dagrun for read_dataset_event to 2025-01-06 00:00:00+00:00, run_after=2025-01-07 00:00:00+00:00
[2025-01-07T20:40:14.608+0100] {logging_mixin.py:190} INFO - [2025-01-07T20:40:14.608+0100] {dag.py:4180} INFO - Setting next_dagrun for read_dataset_event_from_classic to 2025-01-06 00:00:00+00:00, run_after=2025-01-07 00:00:00+00:00
[2025-01-07T20:40:14.626+0100] {processor.py:208} INFO - Processing /Users/azeez.ganiyu/airflow_venv/lib/python3.9/site-packages/airflow/example_dags/example_inlet_event_extra.py took 0.439 seconds
[2025-01-07T21:06:26.653+0100] {processor.py:186} INFO - Started process (PID=75067) to work on /Users/azeez.ganiyu/airflow_venv/lib/python3.9/site-packages/airflow/example_dags/example_inlet_event_extra.py
[2025-01-07T21:06:26.658+0100] {processor.py:914} INFO - Processing file /Users/azeez.ganiyu/airflow_venv/lib/python3.9/site-packages/airflow/example_dags/example_inlet_event_extra.py for tasks to queue
[2025-01-07T21:06:26.659+0100] {logging_mixin.py:190} INFO - [2025-01-07T21:06:26.658+0100] {dagbag.py:588} INFO - Filling up the DagBag from /Users/azeez.ganiyu/airflow_venv/lib/python3.9/site-packages/airflow/example_dags/example_inlet_event_extra.py
[2025-01-07T21:06:26.856+0100] {processor.py:925} INFO - DAG(s) 'read_dataset_event_from_classic', 'read_dataset_event' retrieved from /Users/azeez.ganiyu/airflow_venv/lib/python3.9/site-packages/airflow/example_dags/example_inlet_event_extra.py
[2025-01-07T21:06:26.946+0100] {logging_mixin.py:190} INFO - [2025-01-07T21:06:26.946+0100] {dag.py:3239} INFO - Sync 2 DAGs
[2025-01-07T21:06:26.962+0100] {logging_mixin.py:190} INFO - [2025-01-07T21:06:26.961+0100] {dag.py:4180} INFO - Setting next_dagrun for read_dataset_event to 2025-01-06 00:00:00+00:00, run_after=2025-01-07 00:00:00+00:00
[2025-01-07T21:06:26.965+0100] {logging_mixin.py:190} INFO - [2025-01-07T21:06:26.965+0100] {dag.py:4180} INFO - Setting next_dagrun for read_dataset_event_from_classic to 2025-01-06 00:00:00+00:00, run_after=2025-01-07 00:00:00+00:00
[2025-01-07T21:06:26.982+0100] {processor.py:208} INFO - Processing /Users/azeez.ganiyu/airflow_venv/lib/python3.9/site-packages/airflow/example_dags/example_inlet_event_extra.py took 0.337 seconds
