[2025-01-07T10:31:23.289+0100] {processor.py:186} INFO - Started process (PID=85013) to work on /Users/azeez.ganiyu/airflow_venv/lib/python3.9/site-packages/airflow/example_dags/example_sensor_decorator.py
[2025-01-07T10:31:23.294+0100] {processor.py:914} INFO - Processing file /Users/azeez.ganiyu/airflow_venv/lib/python3.9/site-packages/airflow/example_dags/example_sensor_decorator.py for tasks to queue
[2025-01-07T10:31:23.295+0100] {logging_mixin.py:190} INFO - [2025-01-07T10:31:23.295+0100] {dagbag.py:588} INFO - Filling up the DagBag from /Users/azeez.ganiyu/airflow_venv/lib/python3.9/site-packages/airflow/example_dags/example_sensor_decorator.py
[2025-01-07T10:31:23.353+0100] {processor.py:925} INFO - DAG(s) 'example_sensor_decorator' retrieved from /Users/azeez.ganiyu/airflow_venv/lib/python3.9/site-packages/airflow/example_dags/example_sensor_decorator.py
[2025-01-07T10:31:23.481+0100] {logging_mixin.py:190} INFO - [2025-01-07T10:31:23.481+0100] {workday.py:41} WARNING - Could not import pandas. Holidays will not be considered.
[2025-01-07T10:31:23.516+0100] {logging_mixin.py:190} INFO - [2025-01-07T10:31:23.516+0100] {dag.py:3239} INFO - Sync 1 DAGs
[2025-01-07T10:31:23.527+0100] {logging_mixin.py:190} INFO - [2025-01-07T10:31:23.527+0100] {dag.py:4180} INFO - Setting next_dagrun for example_sensor_decorator to None, run_after=None
[2025-01-07T10:31:23.547+0100] {processor.py:208} INFO - Processing /Users/azeez.ganiyu/airflow_venv/lib/python3.9/site-packages/airflow/example_dags/example_sensor_decorator.py took 0.265 seconds
[2025-01-07T20:39:25.051+0100] {processor.py:186} INFO - Started process (PID=65859) to work on /Users/azeez.ganiyu/airflow_venv/lib/python3.9/site-packages/airflow/example_dags/example_sensor_decorator.py
[2025-01-07T20:39:25.059+0100] {processor.py:914} INFO - Processing file /Users/azeez.ganiyu/airflow_venv/lib/python3.9/site-packages/airflow/example_dags/example_sensor_decorator.py for tasks to queue
[2025-01-07T20:39:25.061+0100] {logging_mixin.py:190} INFO - [2025-01-07T20:39:25.061+0100] {dagbag.py:588} INFO - Filling up the DagBag from /Users/azeez.ganiyu/airflow_venv/lib/python3.9/site-packages/airflow/example_dags/example_sensor_decorator.py
[2025-01-07T20:39:25.126+0100] {processor.py:925} INFO - DAG(s) 'example_sensor_decorator' retrieved from /Users/azeez.ganiyu/airflow_venv/lib/python3.9/site-packages/airflow/example_dags/example_sensor_decorator.py
[2025-01-07T20:39:26.256+0100] {logging_mixin.py:190} INFO - [2025-01-07T20:39:26.256+0100] {dag.py:3239} INFO - Sync 1 DAGs
[2025-01-07T20:39:26.266+0100] {logging_mixin.py:190} INFO - [2025-01-07T20:39:26.266+0100] {dag.py:4180} INFO - Setting next_dagrun for example_sensor_decorator to None, run_after=None
[2025-01-07T20:39:26.287+0100] {processor.py:208} INFO - Processing /Users/azeez.ganiyu/airflow_venv/lib/python3.9/site-packages/airflow/example_dags/example_sensor_decorator.py took 1.245 seconds
[2025-01-07T21:05:53.345+0100] {processor.py:186} INFO - Started process (PID=74892) to work on /Users/azeez.ganiyu/airflow_venv/lib/python3.9/site-packages/airflow/example_dags/example_sensor_decorator.py
[2025-01-07T21:05:53.350+0100] {processor.py:914} INFO - Processing file /Users/azeez.ganiyu/airflow_venv/lib/python3.9/site-packages/airflow/example_dags/example_sensor_decorator.py for tasks to queue
[2025-01-07T21:05:53.351+0100] {logging_mixin.py:190} INFO - [2025-01-07T21:05:53.351+0100] {dagbag.py:588} INFO - Filling up the DagBag from /Users/azeez.ganiyu/airflow_venv/lib/python3.9/site-packages/airflow/example_dags/example_sensor_decorator.py
[2025-01-07T21:05:53.404+0100] {processor.py:925} INFO - DAG(s) 'example_sensor_decorator' retrieved from /Users/azeez.ganiyu/airflow_venv/lib/python3.9/site-packages/airflow/example_dags/example_sensor_decorator.py
[2025-01-07T21:05:54.303+0100] {logging_mixin.py:190} INFO - [2025-01-07T21:05:54.302+0100] {dag.py:3239} INFO - Sync 1 DAGs
[2025-01-07T21:05:54.312+0100] {logging_mixin.py:190} INFO - [2025-01-07T21:05:54.312+0100] {dag.py:4180} INFO - Setting next_dagrun for example_sensor_decorator to None, run_after=None
[2025-01-07T21:05:54.332+0100] {processor.py:208} INFO - Processing /Users/azeez.ganiyu/airflow_venv/lib/python3.9/site-packages/airflow/example_dags/example_sensor_decorator.py took 0.995 seconds
