[2025-01-07T10:29:55.075+0100] {processor.py:186} INFO - Started process (PID=84527) to work on /Users/azeez.ganiyu/airflow_venv/lib/python3.9/site-packages/airflow/example_dags/tutorial_taskflow_templates.py
[2025-01-07T10:29:55.080+0100] {processor.py:914} INFO - Processing file /Users/azeez.ganiyu/airflow_venv/lib/python3.9/site-packages/airflow/example_dags/tutorial_taskflow_templates.py for tasks to queue
[2025-01-07T10:29:55.081+0100] {logging_mixin.py:190} INFO - [2025-01-07T10:29:55.081+0100] {dagbag.py:588} INFO - Filling up the DagBag from /Users/azeez.ganiyu/airflow_venv/lib/python3.9/site-packages/airflow/example_dags/tutorial_taskflow_templates.py
[2025-01-07T10:29:55.153+0100] {processor.py:925} INFO - DAG(s) 'tutorial_taskflow_templates' retrieved from /Users/azeez.ganiyu/airflow_venv/lib/python3.9/site-packages/airflow/example_dags/tutorial_taskflow_templates.py
[2025-01-07T10:29:55.298+0100] {logging_mixin.py:190} INFO - [2025-01-07T10:29:55.298+0100] {dag.py:3239} INFO - Sync 1 DAGs
[2025-01-07T10:29:55.313+0100] {logging_mixin.py:190} INFO - [2025-01-07T10:29:55.313+0100] {dag.py:4180} INFO - Setting next_dagrun for tutorial_taskflow_templates to 2025-01-06 00:00:00+00:00, run_after=2025-01-07 00:00:00+00:00
[2025-01-07T10:29:55.333+0100] {processor.py:208} INFO - Processing /Users/azeez.ganiyu/airflow_venv/lib/python3.9/site-packages/airflow/example_dags/tutorial_taskflow_templates.py took 0.265 seconds
[2025-01-07T20:38:00.376+0100] {processor.py:186} INFO - Started process (PID=65356) to work on /Users/azeez.ganiyu/airflow_venv/lib/python3.9/site-packages/airflow/example_dags/tutorial_taskflow_templates.py
[2025-01-07T20:38:00.381+0100] {processor.py:914} INFO - Processing file /Users/azeez.ganiyu/airflow_venv/lib/python3.9/site-packages/airflow/example_dags/tutorial_taskflow_templates.py for tasks to queue
[2025-01-07T20:38:00.382+0100] {logging_mixin.py:190} INFO - [2025-01-07T20:38:00.382+0100] {dagbag.py:588} INFO - Filling up the DagBag from /Users/azeez.ganiyu/airflow_venv/lib/python3.9/site-packages/airflow/example_dags/tutorial_taskflow_templates.py
[2025-01-07T20:38:00.444+0100] {processor.py:925} INFO - DAG(s) 'tutorial_taskflow_templates' retrieved from /Users/azeez.ganiyu/airflow_venv/lib/python3.9/site-packages/airflow/example_dags/tutorial_taskflow_templates.py
[2025-01-07T20:38:00.643+0100] {logging_mixin.py:190} INFO - [2025-01-07T20:38:00.641+0100] {dag.py:3239} INFO - Sync 1 DAGs
[2025-01-07T20:38:00.666+0100] {logging_mixin.py:190} INFO - [2025-01-07T20:38:00.666+0100] {dag.py:4180} INFO - Setting next_dagrun for tutorial_taskflow_templates to 2025-01-06 00:00:00+00:00, run_after=2025-01-07 00:00:00+00:00
[2025-01-07T20:38:00.687+0100] {processor.py:208} INFO - Processing /Users/azeez.ganiyu/airflow_venv/lib/python3.9/site-packages/airflow/example_dags/tutorial_taskflow_templates.py took 0.319 seconds
[2025-01-07T20:41:51.453+0100] {processor.py:186} INFO - Started process (PID=66642) to work on /Users/azeez.ganiyu/airflow_venv/lib/python3.9/site-packages/airflow/example_dags/tutorial_taskflow_templates.py
[2025-01-07T20:41:51.459+0100] {processor.py:914} INFO - Processing file /Users/azeez.ganiyu/airflow_venv/lib/python3.9/site-packages/airflow/example_dags/tutorial_taskflow_templates.py for tasks to queue
[2025-01-07T20:41:51.461+0100] {logging_mixin.py:190} INFO - [2025-01-07T20:41:51.461+0100] {dagbag.py:588} INFO - Filling up the DagBag from /Users/azeez.ganiyu/airflow_venv/lib/python3.9/site-packages/airflow/example_dags/tutorial_taskflow_templates.py
[2025-01-07T20:41:51.534+0100] {processor.py:925} INFO - DAG(s) 'tutorial_taskflow_templates' retrieved from /Users/azeez.ganiyu/airflow_venv/lib/python3.9/site-packages/airflow/example_dags/tutorial_taskflow_templates.py
[2025-01-07T20:41:51.687+0100] {logging_mixin.py:190} INFO - [2025-01-07T20:41:51.686+0100] {dag.py:3239} INFO - Sync 1 DAGs
[2025-01-07T20:41:51.702+0100] {logging_mixin.py:190} INFO - [2025-01-07T20:41:51.702+0100] {dag.py:4180} INFO - Setting next_dagrun for tutorial_taskflow_templates to 2025-01-06 00:00:00+00:00, run_after=2025-01-07 00:00:00+00:00
[2025-01-07T20:41:51.723+0100] {processor.py:208} INFO - Processing /Users/azeez.ganiyu/airflow_venv/lib/python3.9/site-packages/airflow/example_dags/tutorial_taskflow_templates.py took 0.279 seconds
[2025-01-07T21:03:27.909+0100] {processor.py:186} INFO - Started process (PID=74108) to work on /Users/azeez.ganiyu/airflow_venv/lib/python3.9/site-packages/airflow/example_dags/tutorial_taskflow_templates.py
[2025-01-07T21:03:27.914+0100] {processor.py:914} INFO - Processing file /Users/azeez.ganiyu/airflow_venv/lib/python3.9/site-packages/airflow/example_dags/tutorial_taskflow_templates.py for tasks to queue
[2025-01-07T21:03:27.915+0100] {logging_mixin.py:190} INFO - [2025-01-07T21:03:27.915+0100] {dagbag.py:588} INFO - Filling up the DagBag from /Users/azeez.ganiyu/airflow_venv/lib/python3.9/site-packages/airflow/example_dags/tutorial_taskflow_templates.py
[2025-01-07T21:03:27.974+0100] {processor.py:925} INFO - DAG(s) 'tutorial_taskflow_templates' retrieved from /Users/azeez.ganiyu/airflow_venv/lib/python3.9/site-packages/airflow/example_dags/tutorial_taskflow_templates.py
[2025-01-07T21:03:28.108+0100] {logging_mixin.py:190} INFO - [2025-01-07T21:03:28.106+0100] {dag.py:3239} INFO - Sync 1 DAGs
[2025-01-07T21:03:28.123+0100] {logging_mixin.py:190} INFO - [2025-01-07T21:03:28.123+0100] {dag.py:4180} INFO - Setting next_dagrun for tutorial_taskflow_templates to 2025-01-06 00:00:00+00:00, run_after=2025-01-07 00:00:00+00:00
[2025-01-07T21:03:28.142+0100] {processor.py:208} INFO - Processing /Users/azeez.ganiyu/airflow_venv/lib/python3.9/site-packages/airflow/example_dags/tutorial_taskflow_templates.py took 0.240 seconds
[2025-01-07T21:07:37.470+0100] {processor.py:186} INFO - Started process (PID=75457) to work on /Users/azeez.ganiyu/airflow_venv/lib/python3.9/site-packages/airflow/example_dags/tutorial_taskflow_templates.py
[2025-01-07T21:07:37.474+0100] {processor.py:914} INFO - Processing file /Users/azeez.ganiyu/airflow_venv/lib/python3.9/site-packages/airflow/example_dags/tutorial_taskflow_templates.py for tasks to queue
[2025-01-07T21:07:37.475+0100] {logging_mixin.py:190} INFO - [2025-01-07T21:07:37.475+0100] {dagbag.py:588} INFO - Filling up the DagBag from /Users/azeez.ganiyu/airflow_venv/lib/python3.9/site-packages/airflow/example_dags/tutorial_taskflow_templates.py
[2025-01-07T21:07:37.551+0100] {processor.py:925} INFO - DAG(s) 'tutorial_taskflow_templates' retrieved from /Users/azeez.ganiyu/airflow_venv/lib/python3.9/site-packages/airflow/example_dags/tutorial_taskflow_templates.py
[2025-01-07T21:07:37.708+0100] {logging_mixin.py:190} INFO - [2025-01-07T21:07:37.707+0100] {dag.py:3239} INFO - Sync 1 DAGs
[2025-01-07T21:07:37.725+0100] {logging_mixin.py:190} INFO - [2025-01-07T21:07:37.725+0100] {dag.py:4180} INFO - Setting next_dagrun for tutorial_taskflow_templates to 2025-01-06 00:00:00+00:00, run_after=2025-01-07 00:00:00+00:00
[2025-01-07T21:07:37.746+0100] {processor.py:208} INFO - Processing /Users/azeez.ganiyu/airflow_venv/lib/python3.9/site-packages/airflow/example_dags/tutorial_taskflow_templates.py took 0.284 seconds
