[2025-01-07T10:30:14.650+0100] {processor.py:186} INFO - Started process (PID=84637) to work on /Users/azeez.ganiyu/airflow_venv/lib/python3.9/site-packages/airflow/example_dags/tutorial.py
[2025-01-07T10:30:14.655+0100] {processor.py:914} INFO - Processing file /Users/azeez.ganiyu/airflow_venv/lib/python3.9/site-packages/airflow/example_dags/tutorial.py for tasks to queue
[2025-01-07T10:30:14.656+0100] {logging_mixin.py:190} INFO - [2025-01-07T10:30:14.656+0100] {dagbag.py:588} INFO - Filling up the DagBag from /Users/azeez.ganiyu/airflow_venv/lib/python3.9/site-packages/airflow/example_dags/tutorial.py
[2025-01-07T10:30:14.672+0100] {processor.py:925} INFO - DAG(s) 'tutorial' retrieved from /Users/azeez.ganiyu/airflow_venv/lib/python3.9/site-packages/airflow/example_dags/tutorial.py
[2025-01-07T10:30:14.809+0100] {logging_mixin.py:190} INFO - [2025-01-07T10:30:14.809+0100] {dag.py:3239} INFO - Sync 1 DAGs
[2025-01-07T10:30:14.837+0100] {logging_mixin.py:190} INFO - [2025-01-07T10:30:14.837+0100] {dag.py:4180} INFO - Setting next_dagrun for tutorial to 2025-01-06 00:00:00+00:00, run_after=2025-01-07 00:00:00+00:00
[2025-01-07T10:30:14.861+0100] {processor.py:208} INFO - Processing /Users/azeez.ganiyu/airflow_venv/lib/python3.9/site-packages/airflow/example_dags/tutorial.py took 0.219 seconds
[2025-01-07T20:38:18.757+0100] {processor.py:186} INFO - Started process (PID=65460) to work on /Users/azeez.ganiyu/airflow_venv/lib/python3.9/site-packages/airflow/example_dags/tutorial.py
[2025-01-07T20:38:18.764+0100] {processor.py:914} INFO - Processing file /Users/azeez.ganiyu/airflow_venv/lib/python3.9/site-packages/airflow/example_dags/tutorial.py for tasks to queue
[2025-01-07T20:38:18.765+0100] {logging_mixin.py:190} INFO - [2025-01-07T20:38:18.765+0100] {dagbag.py:588} INFO - Filling up the DagBag from /Users/azeez.ganiyu/airflow_venv/lib/python3.9/site-packages/airflow/example_dags/tutorial.py
[2025-01-07T20:38:18.780+0100] {processor.py:925} INFO - DAG(s) 'tutorial' retrieved from /Users/azeez.ganiyu/airflow_venv/lib/python3.9/site-packages/airflow/example_dags/tutorial.py
[2025-01-07T20:38:18.914+0100] {logging_mixin.py:190} INFO - [2025-01-07T20:38:18.913+0100] {dag.py:3239} INFO - Sync 1 DAGs
[2025-01-07T20:38:18.932+0100] {logging_mixin.py:190} INFO - [2025-01-07T20:38:18.931+0100] {dag.py:4180} INFO - Setting next_dagrun for tutorial to 2025-01-06 00:00:00+00:00, run_after=2025-01-07 00:00:00+00:00
[2025-01-07T20:38:18.951+0100] {processor.py:208} INFO - Processing /Users/azeez.ganiyu/airflow_venv/lib/python3.9/site-packages/airflow/example_dags/tutorial.py took 0.203 seconds
[2025-01-07T20:42:17.537+0100] {processor.py:186} INFO - Started process (PID=66756) to work on /Users/azeez.ganiyu/airflow_venv/lib/python3.9/site-packages/airflow/example_dags/tutorial.py
[2025-01-07T20:42:17.551+0100] {processor.py:914} INFO - Processing file /Users/azeez.ganiyu/airflow_venv/lib/python3.9/site-packages/airflow/example_dags/tutorial.py for tasks to queue
[2025-01-07T20:42:17.555+0100] {logging_mixin.py:190} INFO - [2025-01-07T20:42:17.554+0100] {dagbag.py:588} INFO - Filling up the DagBag from /Users/azeez.ganiyu/airflow_venv/lib/python3.9/site-packages/airflow/example_dags/tutorial.py
[2025-01-07T20:42:17.595+0100] {processor.py:925} INFO - DAG(s) 'tutorial' retrieved from /Users/azeez.ganiyu/airflow_venv/lib/python3.9/site-packages/airflow/example_dags/tutorial.py
[2025-01-07T20:42:18.025+0100] {logging_mixin.py:190} INFO - [2025-01-07T20:42:18.025+0100] {dag.py:3239} INFO - Sync 1 DAGs
[2025-01-07T20:42:18.087+0100] {logging_mixin.py:190} INFO - [2025-01-07T20:42:18.086+0100] {dag.py:4180} INFO - Setting next_dagrun for tutorial to 2025-01-06 00:00:00+00:00, run_after=2025-01-07 00:00:00+00:00
[2025-01-07T20:42:18.142+0100] {processor.py:208} INFO - Processing /Users/azeez.ganiyu/airflow_venv/lib/python3.9/site-packages/airflow/example_dags/tutorial.py took 0.623 seconds
[2025-01-07T21:04:52.411+0100] {processor.py:186} INFO - Started process (PID=74554) to work on /Users/azeez.ganiyu/airflow_venv/lib/python3.9/site-packages/airflow/example_dags/tutorial.py
[2025-01-07T21:04:52.416+0100] {processor.py:914} INFO - Processing file /Users/azeez.ganiyu/airflow_venv/lib/python3.9/site-packages/airflow/example_dags/tutorial.py for tasks to queue
[2025-01-07T21:04:52.417+0100] {logging_mixin.py:190} INFO - [2025-01-07T21:04:52.416+0100] {dagbag.py:588} INFO - Filling up the DagBag from /Users/azeez.ganiyu/airflow_venv/lib/python3.9/site-packages/airflow/example_dags/tutorial.py
[2025-01-07T21:04:52.431+0100] {processor.py:925} INFO - DAG(s) 'tutorial' retrieved from /Users/azeez.ganiyu/airflow_venv/lib/python3.9/site-packages/airflow/example_dags/tutorial.py
[2025-01-07T21:04:52.574+0100] {logging_mixin.py:190} INFO - [2025-01-07T21:04:52.573+0100] {dag.py:3239} INFO - Sync 1 DAGs
[2025-01-07T21:04:52.592+0100] {logging_mixin.py:190} INFO - [2025-01-07T21:04:52.592+0100] {dag.py:4180} INFO - Setting next_dagrun for tutorial to 2025-01-06 00:00:00+00:00, run_after=2025-01-07 00:00:00+00:00
[2025-01-07T21:04:52.613+0100] {processor.py:208} INFO - Processing /Users/azeez.ganiyu/airflow_venv/lib/python3.9/site-packages/airflow/example_dags/tutorial.py took 0.210 seconds
