[2025-01-07T10:30:10.843+0100] {processor.py:186} INFO - Started process (PID=84612) to work on /Users/azeez.ganiyu/airflow_venv/lib/python3.9/site-packages/airflow/example_dags/tutorial_dag.py
[2025-01-07T10:30:10.849+0100] {processor.py:914} INFO - Processing file /Users/azeez.ganiyu/airflow_venv/lib/python3.9/site-packages/airflow/example_dags/tutorial_dag.py for tasks to queue
[2025-01-07T10:30:10.850+0100] {logging_mixin.py:190} INFO - [2025-01-07T10:30:10.850+0100] {dagbag.py:588} INFO - Filling up the DagBag from /Users/azeez.ganiyu/airflow_venv/lib/python3.9/site-packages/airflow/example_dags/tutorial_dag.py
[2025-01-07T10:30:10.891+0100] {processor.py:925} INFO - DAG(s) 'tutorial_dag' retrieved from /Users/azeez.ganiyu/airflow_venv/lib/python3.9/site-packages/airflow/example_dags/tutorial_dag.py
[2025-01-07T10:30:11.055+0100] {logging_mixin.py:190} INFO - [2025-01-07T10:30:11.055+0100] {dag.py:3239} INFO - Sync 1 DAGs
[2025-01-07T10:30:11.068+0100] {logging_mixin.py:190} INFO - [2025-01-07T10:30:11.068+0100] {dag.py:4180} INFO - Setting next_dagrun for tutorial_dag to None, run_after=None
[2025-01-07T10:30:11.089+0100] {processor.py:208} INFO - Processing /Users/azeez.ganiyu/airflow_venv/lib/python3.9/site-packages/airflow/example_dags/tutorial_dag.py took 0.252 seconds
[2025-01-07T20:38:15.133+0100] {processor.py:186} INFO - Started process (PID=65428) to work on /Users/azeez.ganiyu/airflow_venv/lib/python3.9/site-packages/airflow/example_dags/tutorial_dag.py
[2025-01-07T20:38:15.137+0100] {processor.py:914} INFO - Processing file /Users/azeez.ganiyu/airflow_venv/lib/python3.9/site-packages/airflow/example_dags/tutorial_dag.py for tasks to queue
[2025-01-07T20:38:15.138+0100] {logging_mixin.py:190} INFO - [2025-01-07T20:38:15.138+0100] {dagbag.py:588} INFO - Filling up the DagBag from /Users/azeez.ganiyu/airflow_venv/lib/python3.9/site-packages/airflow/example_dags/tutorial_dag.py
[2025-01-07T20:38:15.174+0100] {processor.py:925} INFO - DAG(s) 'tutorial_dag' retrieved from /Users/azeez.ganiyu/airflow_venv/lib/python3.9/site-packages/airflow/example_dags/tutorial_dag.py
[2025-01-07T20:38:15.305+0100] {logging_mixin.py:190} INFO - [2025-01-07T20:38:15.305+0100] {dag.py:3239} INFO - Sync 1 DAGs
[2025-01-07T20:38:15.315+0100] {logging_mixin.py:190} INFO - [2025-01-07T20:38:15.314+0100] {dag.py:4180} INFO - Setting next_dagrun for tutorial_dag to None, run_after=None
[2025-01-07T20:38:15.332+0100] {processor.py:208} INFO - Processing /Users/azeez.ganiyu/airflow_venv/lib/python3.9/site-packages/airflow/example_dags/tutorial_dag.py took 0.207 seconds
[2025-01-07T20:42:09.007+0100] {processor.py:186} INFO - Started process (PID=66733) to work on /Users/azeez.ganiyu/airflow_venv/lib/python3.9/site-packages/airflow/example_dags/tutorial_dag.py
[2025-01-07T20:42:09.017+0100] {processor.py:914} INFO - Processing file /Users/azeez.ganiyu/airflow_venv/lib/python3.9/site-packages/airflow/example_dags/tutorial_dag.py for tasks to queue
[2025-01-07T20:42:09.019+0100] {logging_mixin.py:190} INFO - [2025-01-07T20:42:09.018+0100] {dagbag.py:588} INFO - Filling up the DagBag from /Users/azeez.ganiyu/airflow_venv/lib/python3.9/site-packages/airflow/example_dags/tutorial_dag.py
[2025-01-07T20:42:09.083+0100] {processor.py:925} INFO - DAG(s) 'tutorial_dag' retrieved from /Users/azeez.ganiyu/airflow_venv/lib/python3.9/site-packages/airflow/example_dags/tutorial_dag.py
[2025-01-07T20:42:09.382+0100] {logging_mixin.py:190} INFO - [2025-01-07T20:42:09.381+0100] {dag.py:3239} INFO - Sync 1 DAGs
[2025-01-07T20:42:09.406+0100] {logging_mixin.py:190} INFO - [2025-01-07T20:42:09.406+0100] {dag.py:4180} INFO - Setting next_dagrun for tutorial_dag to None, run_after=None
[2025-01-07T20:42:09.446+0100] {processor.py:208} INFO - Processing /Users/azeez.ganiyu/airflow_venv/lib/python3.9/site-packages/airflow/example_dags/tutorial_dag.py took 0.450 seconds
[2025-01-07T21:04:21.083+0100] {processor.py:186} INFO - Started process (PID=74387) to work on /Users/azeez.ganiyu/airflow_venv/lib/python3.9/site-packages/airflow/example_dags/tutorial_dag.py
[2025-01-07T21:04:21.088+0100] {processor.py:914} INFO - Processing file /Users/azeez.ganiyu/airflow_venv/lib/python3.9/site-packages/airflow/example_dags/tutorial_dag.py for tasks to queue
[2025-01-07T21:04:21.090+0100] {logging_mixin.py:190} INFO - [2025-01-07T21:04:21.090+0100] {dagbag.py:588} INFO - Filling up the DagBag from /Users/azeez.ganiyu/airflow_venv/lib/python3.9/site-packages/airflow/example_dags/tutorial_dag.py
[2025-01-07T21:04:21.135+0100] {processor.py:925} INFO - DAG(s) 'tutorial_dag' retrieved from /Users/azeez.ganiyu/airflow_venv/lib/python3.9/site-packages/airflow/example_dags/tutorial_dag.py
[2025-01-07T21:04:21.288+0100] {logging_mixin.py:190} INFO - [2025-01-07T21:04:21.288+0100] {dag.py:3239} INFO - Sync 1 DAGs
[2025-01-07T21:04:21.302+0100] {logging_mixin.py:190} INFO - [2025-01-07T21:04:21.302+0100] {dag.py:4180} INFO - Setting next_dagrun for tutorial_dag to None, run_after=None
[2025-01-07T21:04:21.324+0100] {processor.py:208} INFO - Processing /Users/azeez.ganiyu/airflow_venv/lib/python3.9/site-packages/airflow/example_dags/tutorial_dag.py took 0.248 seconds
[2025-01-07T21:07:51.063+0100] {processor.py:186} INFO - Started process (PID=75525) to work on /Users/azeez.ganiyu/airflow_venv/lib/python3.9/site-packages/airflow/example_dags/tutorial_dag.py
[2025-01-07T21:07:51.069+0100] {processor.py:914} INFO - Processing file /Users/azeez.ganiyu/airflow_venv/lib/python3.9/site-packages/airflow/example_dags/tutorial_dag.py for tasks to queue
[2025-01-07T21:07:51.070+0100] {logging_mixin.py:190} INFO - [2025-01-07T21:07:51.070+0100] {dagbag.py:588} INFO - Filling up the DagBag from /Users/azeez.ganiyu/airflow_venv/lib/python3.9/site-packages/airflow/example_dags/tutorial_dag.py
[2025-01-07T21:07:51.116+0100] {processor.py:925} INFO - DAG(s) 'tutorial_dag' retrieved from /Users/azeez.ganiyu/airflow_venv/lib/python3.9/site-packages/airflow/example_dags/tutorial_dag.py
[2025-01-07T21:07:51.308+0100] {logging_mixin.py:190} INFO - [2025-01-07T21:07:51.308+0100] {dag.py:3239} INFO - Sync 1 DAGs
[2025-01-07T21:07:51.322+0100] {logging_mixin.py:190} INFO - [2025-01-07T21:07:51.321+0100] {dag.py:4180} INFO - Setting next_dagrun for tutorial_dag to None, run_after=None
[2025-01-07T21:07:51.350+0100] {processor.py:208} INFO - Processing /Users/azeez.ganiyu/airflow_venv/lib/python3.9/site-packages/airflow/example_dags/tutorial_dag.py took 0.296 seconds
