[2025-01-26T16:49:20.460+0000] {local_task_job_runner.py:123} INFO - ::group::Pre task execution logs
[2025-01-26T16:49:20.480+0000] {taskinstance.py:2613} INFO - Dependencies all met for dep_context=non-requeueable deps ti=<TaskInstance: Temp_elt_postgres.transform_weather_data manual__2025-01-26T16:43:45.272747+00:00 [queued]>
[2025-01-26T16:49:20.491+0000] {taskinstance.py:2613} INFO - Dependencies all met for dep_context=requeueable deps ti=<TaskInstance: Temp_elt_postgres.transform_weather_data manual__2025-01-26T16:43:45.272747+00:00 [queued]>
[2025-01-26T16:49:20.492+0000] {taskinstance.py:2866} INFO - Starting attempt 2 of 2
[2025-01-26T16:49:20.538+0000] {taskinstance.py:2889} INFO - Executing <Task(PythonOperator): transform_weather_data> on 2025-01-26 16:43:45.272747+00:00
[2025-01-26T16:49:20.547+0000] {standard_task_runner.py:104} INFO - Running: ['airflow', 'tasks', 'run', 'Temp_elt_postgres', 'transform_weather_data', 'manual__2025-01-26T16:43:45.272747+00:00', '--job-id', '57', '--raw', '--subdir', 'DAGS_FOLDER/weather_etl_postgres.py', '--cfg-path', '/tmp/tmp9vtulvn1']
[2025-01-26T16:49:20.550+0000] {standard_task_runner.py:105} INFO - Job 57: Subtask transform_weather_data
[2025-01-26T16:49:20.550+0000] {logging_mixin.py:190} WARNING - /home/airflow/.local/lib/python3.12/site-packages/airflow/task/task_runner/standard_task_runner.py:70 DeprecationWarning: This process (pid=432) is multi-threaded, use of fork() may lead to deadlocks in the child.
[2025-01-26T16:49:20.552+0000] {standard_task_runner.py:72} INFO - Started process 442 to run task
[2025-01-26T16:49:20.639+0000] {task_command.py:467} INFO - Running <TaskInstance: Temp_elt_postgres.transform_weather_data manual__2025-01-26T16:43:45.272747+00:00 [running]> on host b597abfab341
[2025-01-26T16:49:20.731+0000] {taskinstance.py:3132} INFO - Exporting env vars: AIRFLOW_CTX_DAG_OWNER='airflow' AIRFLOW_CTX_DAG_ID='Temp_elt_postgres' AIRFLOW_CTX_TASK_ID='transform_weather_data' AIRFLOW_CTX_EXECUTION_DATE='2025-01-26T16:43:45.272747+00:00' AIRFLOW_CTX_TRY_NUMBER='2' AIRFLOW_CTX_DAG_RUN_ID='manual__2025-01-26T16:43:45.272747+00:00'
[2025-01-26T16:49:20.734+0000] {taskinstance.py:731} INFO - ::endgroup::
[2025-01-26T16:49:20.751+0000] {logging_mixin.py:190} INFO - Skipping already processed file: 2025-01-22 06:33.parquet
[2025-01-26T16:49:20.752+0000] {logging_mixin.py:190} INFO - Processing: 2025-01-22 06:23.parquet
[2025-01-26T16:49:20.801+0000] {logging_mixin.py:190} INFO - processed data saved partitioned by date.
[2025-01-26T16:49:20.816+0000] {logging_mixin.py:190} INFO -      location                     region  ... feelslike_f        date
0  Gwagwaldda  Federal Capital Territory  ...        73.0  2025-01-22

[1 rows x 11 columns]
[2025-01-26T16:49:20.818+0000] {python.py:240} INFO - Done. Returned value was: [{'location': 'Gwagwaldda', 'region': 'Federal Capital Territory', 'country': 'Nigeria', 'lat': 8.9414, 'lon': 7.0919, 'localtime': '2025-01-22 06:23', 'temperature_c': 23.3, 'temperature_f': 73.9, 'feelslike_c': 22.8, 'feelslike_f': 73.0, 'date': datetime.date(2025, 1, 22)}]
[2025-01-26T16:49:20.846+0000] {taskinstance.py:340} INFO - ::group::Post task execution logs
[2025-01-26T16:49:20.846+0000] {taskinstance.py:352} INFO - Marking task as SUCCESS. dag_id=Temp_elt_postgres, task_id=transform_weather_data, run_id=manual__2025-01-26T16:43:45.272747+00:00, execution_date=20250126T164345, start_date=20250126T164920, end_date=20250126T164920
[2025-01-26T16:49:20.907+0000] {local_task_job_runner.py:266} INFO - Task exited with return code 0
[2025-01-26T16:49:20.954+0000] {taskinstance.py:3895} INFO - 1 downstream tasks scheduled from follow-on schedule check
[2025-01-26T16:49:20.960+0000] {local_task_job_runner.py:245} INFO - ::endgroup::
