[2025-01-07T10:29:47.471+0100] {processor.py:186} INFO - Started process (PID=84490) to work on /Users/azeez.ganiyu/airflow_venv/lib/python3.9/site-packages/airflow/example_dags/plugins/event_listener.py
[2025-01-07T10:29:47.477+0100] {processor.py:914} INFO - Processing file /Users/azeez.ganiyu/airflow_venv/lib/python3.9/site-packages/airflow/example_dags/plugins/event_listener.py for tasks to queue
[2025-01-07T10:29:47.478+0100] {logging_mixin.py:190} INFO - [2025-01-07T10:29:47.478+0100] {dagbag.py:588} INFO - Filling up the DagBag from /Users/azeez.ganiyu/airflow_venv/lib/python3.9/site-packages/airflow/example_dags/plugins/event_listener.py
[2025-01-07T10:29:47.480+0100] {processor.py:927} WARNING - No viable dags retrieved from /Users/azeez.ganiyu/airflow_venv/lib/python3.9/site-packages/airflow/example_dags/plugins/event_listener.py
[2025-01-07T10:29:47.623+0100] {processor.py:208} INFO - Processing /Users/azeez.ganiyu/airflow_venv/lib/python3.9/site-packages/airflow/example_dags/plugins/event_listener.py took 0.160 seconds
[2025-01-07T20:37:52.711+0100] {processor.py:186} INFO - Started process (PID=65312) to work on /Users/azeez.ganiyu/airflow_venv/lib/python3.9/site-packages/airflow/example_dags/plugins/event_listener.py
[2025-01-07T20:37:52.715+0100] {processor.py:914} INFO - Processing file /Users/azeez.ganiyu/airflow_venv/lib/python3.9/site-packages/airflow/example_dags/plugins/event_listener.py for tasks to queue
[2025-01-07T20:37:52.716+0100] {logging_mixin.py:190} INFO - [2025-01-07T20:37:52.716+0100] {dagbag.py:588} INFO - Filling up the DagBag from /Users/azeez.ganiyu/airflow_venv/lib/python3.9/site-packages/airflow/example_dags/plugins/event_listener.py
[2025-01-07T20:37:52.721+0100] {processor.py:927} WARNING - No viable dags retrieved from /Users/azeez.ganiyu/airflow_venv/lib/python3.9/site-packages/airflow/example_dags/plugins/event_listener.py
[2025-01-07T20:37:52.854+0100] {processor.py:208} INFO - Processing /Users/azeez.ganiyu/airflow_venv/lib/python3.9/site-packages/airflow/example_dags/plugins/event_listener.py took 0.151 seconds
[2025-01-07T20:41:43.742+0100] {processor.py:186} INFO - Started process (PID=66607) to work on /Users/azeez.ganiyu/airflow_venv/lib/python3.9/site-packages/airflow/example_dags/plugins/event_listener.py
[2025-01-07T20:41:43.747+0100] {processor.py:914} INFO - Processing file /Users/azeez.ganiyu/airflow_venv/lib/python3.9/site-packages/airflow/example_dags/plugins/event_listener.py for tasks to queue
[2025-01-07T20:41:43.748+0100] {logging_mixin.py:190} INFO - [2025-01-07T20:41:43.748+0100] {dagbag.py:588} INFO - Filling up the DagBag from /Users/azeez.ganiyu/airflow_venv/lib/python3.9/site-packages/airflow/example_dags/plugins/event_listener.py
[2025-01-07T20:41:43.752+0100] {processor.py:927} WARNING - No viable dags retrieved from /Users/azeez.ganiyu/airflow_venv/lib/python3.9/site-packages/airflow/example_dags/plugins/event_listener.py
[2025-01-07T20:41:43.892+0100] {processor.py:208} INFO - Processing /Users/azeez.ganiyu/airflow_venv/lib/python3.9/site-packages/airflow/example_dags/plugins/event_listener.py took 0.158 seconds
[2025-01-07T21:03:20.292+0100] {processor.py:186} INFO - Started process (PID=74067) to work on /Users/azeez.ganiyu/airflow_venv/lib/python3.9/site-packages/airflow/example_dags/plugins/event_listener.py
[2025-01-07T21:03:20.298+0100] {processor.py:914} INFO - Processing file /Users/azeez.ganiyu/airflow_venv/lib/python3.9/site-packages/airflow/example_dags/plugins/event_listener.py for tasks to queue
[2025-01-07T21:03:20.299+0100] {logging_mixin.py:190} INFO - [2025-01-07T21:03:20.299+0100] {dagbag.py:588} INFO - Filling up the DagBag from /Users/azeez.ganiyu/airflow_venv/lib/python3.9/site-packages/airflow/example_dags/plugins/event_listener.py
[2025-01-07T21:03:20.302+0100] {processor.py:927} WARNING - No viable dags retrieved from /Users/azeez.ganiyu/airflow_venv/lib/python3.9/site-packages/airflow/example_dags/plugins/event_listener.py
[2025-01-07T21:03:20.434+0100] {processor.py:208} INFO - Processing /Users/azeez.ganiyu/airflow_venv/lib/python3.9/site-packages/airflow/example_dags/plugins/event_listener.py took 0.149 seconds
[2025-01-07T21:07:31.515+0100] {processor.py:186} INFO - Started process (PID=75416) to work on /Users/azeez.ganiyu/airflow_venv/lib/python3.9/site-packages/airflow/example_dags/plugins/event_listener.py
[2025-01-07T21:07:31.519+0100] {processor.py:914} INFO - Processing file /Users/azeez.ganiyu/airflow_venv/lib/python3.9/site-packages/airflow/example_dags/plugins/event_listener.py for tasks to queue
[2025-01-07T21:07:31.520+0100] {logging_mixin.py:190} INFO - [2025-01-07T21:07:31.520+0100] {dagbag.py:588} INFO - Filling up the DagBag from /Users/azeez.ganiyu/airflow_venv/lib/python3.9/site-packages/airflow/example_dags/plugins/event_listener.py
[2025-01-07T21:07:31.522+0100] {processor.py:927} WARNING - No viable dags retrieved from /Users/azeez.ganiyu/airflow_venv/lib/python3.9/site-packages/airflow/example_dags/plugins/event_listener.py
[2025-01-07T21:07:31.652+0100] {processor.py:208} INFO - Processing /Users/azeez.ganiyu/airflow_venv/lib/python3.9/site-packages/airflow/example_dags/plugins/event_listener.py took 0.145 seconds
