[2025-01-07T10:29:43.438+0100] {processor.py:186} INFO - Started process (PID=84468) to work on /Users/azeez.ganiyu/airflow_venv/lib/python3.9/site-packages/airflow/example_dags/plugins/listener_plugin.py
[2025-01-07T10:29:43.443+0100] {processor.py:914} INFO - Processing file /Users/azeez.ganiyu/airflow_venv/lib/python3.9/site-packages/airflow/example_dags/plugins/listener_plugin.py for tasks to queue
[2025-01-07T10:29:43.444+0100] {logging_mixin.py:190} INFO - [2025-01-07T10:29:43.444+0100] {dagbag.py:588} INFO - Filling up the DagBag from /Users/azeez.ganiyu/airflow_venv/lib/python3.9/site-packages/airflow/example_dags/plugins/listener_plugin.py
[2025-01-07T10:29:43.449+0100] {processor.py:927} WARNING - No viable dags retrieved from /Users/azeez.ganiyu/airflow_venv/lib/python3.9/site-packages/airflow/example_dags/plugins/listener_plugin.py
[2025-01-07T10:29:43.573+0100] {processor.py:208} INFO - Processing /Users/azeez.ganiyu/airflow_venv/lib/python3.9/site-packages/airflow/example_dags/plugins/listener_plugin.py took 0.143 seconds
[2025-01-07T20:37:49.095+0100] {processor.py:186} INFO - Started process (PID=65290) to work on /Users/azeez.ganiyu/airflow_venv/lib/python3.9/site-packages/airflow/example_dags/plugins/listener_plugin.py
[2025-01-07T20:37:49.100+0100] {processor.py:914} INFO - Processing file /Users/azeez.ganiyu/airflow_venv/lib/python3.9/site-packages/airflow/example_dags/plugins/listener_plugin.py for tasks to queue
[2025-01-07T20:37:49.101+0100] {logging_mixin.py:190} INFO - [2025-01-07T20:37:49.101+0100] {dagbag.py:588} INFO - Filling up the DagBag from /Users/azeez.ganiyu/airflow_venv/lib/python3.9/site-packages/airflow/example_dags/plugins/listener_plugin.py
[2025-01-07T20:37:49.107+0100] {processor.py:927} WARNING - No viable dags retrieved from /Users/azeez.ganiyu/airflow_venv/lib/python3.9/site-packages/airflow/example_dags/plugins/listener_plugin.py
[2025-01-07T20:37:49.266+0100] {processor.py:208} INFO - Processing /Users/azeez.ganiyu/airflow_venv/lib/python3.9/site-packages/airflow/example_dags/plugins/listener_plugin.py took 0.178 seconds
[2025-01-07T20:41:39.886+0100] {processor.py:186} INFO - Started process (PID=66585) to work on /Users/azeez.ganiyu/airflow_venv/lib/python3.9/site-packages/airflow/example_dags/plugins/listener_plugin.py
[2025-01-07T20:41:39.891+0100] {processor.py:914} INFO - Processing file /Users/azeez.ganiyu/airflow_venv/lib/python3.9/site-packages/airflow/example_dags/plugins/listener_plugin.py for tasks to queue
[2025-01-07T20:41:39.892+0100] {logging_mixin.py:190} INFO - [2025-01-07T20:41:39.892+0100] {dagbag.py:588} INFO - Filling up the DagBag from /Users/azeez.ganiyu/airflow_venv/lib/python3.9/site-packages/airflow/example_dags/plugins/listener_plugin.py
[2025-01-07T20:41:39.898+0100] {processor.py:927} WARNING - No viable dags retrieved from /Users/azeez.ganiyu/airflow_venv/lib/python3.9/site-packages/airflow/example_dags/plugins/listener_plugin.py
[2025-01-07T20:41:40.040+0100] {processor.py:208} INFO - Processing /Users/azeez.ganiyu/airflow_venv/lib/python3.9/site-packages/airflow/example_dags/plugins/listener_plugin.py took 0.160 seconds
[2025-01-07T21:03:15.880+0100] {processor.py:186} INFO - Started process (PID=74044) to work on /Users/azeez.ganiyu/airflow_venv/lib/python3.9/site-packages/airflow/example_dags/plugins/listener_plugin.py
[2025-01-07T21:03:15.885+0100] {processor.py:914} INFO - Processing file /Users/azeez.ganiyu/airflow_venv/lib/python3.9/site-packages/airflow/example_dags/plugins/listener_plugin.py for tasks to queue
[2025-01-07T21:03:15.887+0100] {logging_mixin.py:190} INFO - [2025-01-07T21:03:15.886+0100] {dagbag.py:588} INFO - Filling up the DagBag from /Users/azeez.ganiyu/airflow_venv/lib/python3.9/site-packages/airflow/example_dags/plugins/listener_plugin.py
[2025-01-07T21:03:15.892+0100] {processor.py:927} WARNING - No viable dags retrieved from /Users/azeez.ganiyu/airflow_venv/lib/python3.9/site-packages/airflow/example_dags/plugins/listener_plugin.py
[2025-01-07T21:03:16.023+0100] {processor.py:208} INFO - Processing /Users/azeez.ganiyu/airflow_venv/lib/python3.9/site-packages/airflow/example_dags/plugins/listener_plugin.py took 0.150 seconds
[2025-01-07T21:07:29.014+0100] {processor.py:186} INFO - Started process (PID=75404) to work on /Users/azeez.ganiyu/airflow_venv/lib/python3.9/site-packages/airflow/example_dags/plugins/listener_plugin.py
[2025-01-07T21:07:29.018+0100] {processor.py:914} INFO - Processing file /Users/azeez.ganiyu/airflow_venv/lib/python3.9/site-packages/airflow/example_dags/plugins/listener_plugin.py for tasks to queue
[2025-01-07T21:07:29.019+0100] {logging_mixin.py:190} INFO - [2025-01-07T21:07:29.019+0100] {dagbag.py:588} INFO - Filling up the DagBag from /Users/azeez.ganiyu/airflow_venv/lib/python3.9/site-packages/airflow/example_dags/plugins/listener_plugin.py
[2025-01-07T21:07:29.024+0100] {processor.py:927} WARNING - No viable dags retrieved from /Users/azeez.ganiyu/airflow_venv/lib/python3.9/site-packages/airflow/example_dags/plugins/listener_plugin.py
[2025-01-07T21:07:29.153+0100] {processor.py:208} INFO - Processing /Users/azeez.ganiyu/airflow_venv/lib/python3.9/site-packages/airflow/example_dags/plugins/listener_plugin.py took 0.146 seconds
