[2025-01-07T10:29:39.550+0100] {processor.py:186} INFO - Started process (PID=84442) to work on /Users/azeez.ganiyu/airflow_venv/lib/python3.9/site-packages/airflow/example_dags/plugins/workday.py
[2025-01-07T10:29:39.557+0100] {processor.py:914} INFO - Processing file /Users/azeez.ganiyu/airflow_venv/lib/python3.9/site-packages/airflow/example_dags/plugins/workday.py for tasks to queue
[2025-01-07T10:29:39.558+0100] {logging_mixin.py:190} INFO - [2025-01-07T10:29:39.558+0100] {dagbag.py:588} INFO - Filling up the DagBag from /Users/azeez.ganiyu/airflow_venv/lib/python3.9/site-packages/airflow/example_dags/plugins/workday.py
[2025-01-07T10:29:39.562+0100] {logging_mixin.py:190} INFO - [2025-01-07T10:29:39.562+0100] {workday.py:41} WARNING - Could not import pandas. Holidays will not be considered.
[2025-01-07T10:29:39.562+0100] {processor.py:927} WARNING - No viable dags retrieved from /Users/azeez.ganiyu/airflow_venv/lib/python3.9/site-packages/airflow/example_dags/plugins/workday.py
[2025-01-07T10:29:39.716+0100] {processor.py:208} INFO - Processing /Users/azeez.ganiyu/airflow_venv/lib/python3.9/site-packages/airflow/example_dags/plugins/workday.py took 0.174 seconds
[2025-01-07T20:37:45.595+0100] {processor.py:186} INFO - Started process (PID=65278) to work on /Users/azeez.ganiyu/airflow_venv/lib/python3.9/site-packages/airflow/example_dags/plugins/workday.py
[2025-01-07T20:37:45.601+0100] {processor.py:914} INFO - Processing file /Users/azeez.ganiyu/airflow_venv/lib/python3.9/site-packages/airflow/example_dags/plugins/workday.py for tasks to queue
[2025-01-07T20:37:45.602+0100] {logging_mixin.py:190} INFO - [2025-01-07T20:37:45.602+0100] {dagbag.py:588} INFO - Filling up the DagBag from /Users/azeez.ganiyu/airflow_venv/lib/python3.9/site-packages/airflow/example_dags/plugins/workday.py
[2025-01-07T20:37:46.330+0100] {processor.py:927} WARNING - No viable dags retrieved from /Users/azeez.ganiyu/airflow_venv/lib/python3.9/site-packages/airflow/example_dags/plugins/workday.py
[2025-01-07T20:37:46.414+0100] {processor.py:208} INFO - Processing /Users/azeez.ganiyu/airflow_venv/lib/python3.9/site-packages/airflow/example_dags/plugins/workday.py took 0.828 seconds
[2025-01-07T20:41:35.370+0100] {processor.py:186} INFO - Started process (PID=66563) to work on /Users/azeez.ganiyu/airflow_venv/lib/python3.9/site-packages/airflow/example_dags/plugins/workday.py
[2025-01-07T20:41:35.376+0100] {processor.py:914} INFO - Processing file /Users/azeez.ganiyu/airflow_venv/lib/python3.9/site-packages/airflow/example_dags/plugins/workday.py for tasks to queue
[2025-01-07T20:41:35.377+0100] {logging_mixin.py:190} INFO - [2025-01-07T20:41:35.377+0100] {dagbag.py:588} INFO - Filling up the DagBag from /Users/azeez.ganiyu/airflow_venv/lib/python3.9/site-packages/airflow/example_dags/plugins/workday.py
[2025-01-07T20:41:36.257+0100] {processor.py:927} WARNING - No viable dags retrieved from /Users/azeez.ganiyu/airflow_venv/lib/python3.9/site-packages/airflow/example_dags/plugins/workday.py
[2025-01-07T20:41:36.347+0100] {processor.py:208} INFO - Processing /Users/azeez.ganiyu/airflow_venv/lib/python3.9/site-packages/airflow/example_dags/plugins/workday.py took 0.984 seconds
[2025-01-07T21:03:11.330+0100] {processor.py:186} INFO - Started process (PID=74022) to work on /Users/azeez.ganiyu/airflow_venv/lib/python3.9/site-packages/airflow/example_dags/plugins/workday.py
[2025-01-07T21:03:11.334+0100] {processor.py:914} INFO - Processing file /Users/azeez.ganiyu/airflow_venv/lib/python3.9/site-packages/airflow/example_dags/plugins/workday.py for tasks to queue
[2025-01-07T21:03:11.335+0100] {logging_mixin.py:190} INFO - [2025-01-07T21:03:11.335+0100] {dagbag.py:588} INFO - Filling up the DagBag from /Users/azeez.ganiyu/airflow_venv/lib/python3.9/site-packages/airflow/example_dags/plugins/workday.py
[2025-01-07T21:03:12.134+0100] {processor.py:927} WARNING - No viable dags retrieved from /Users/azeez.ganiyu/airflow_venv/lib/python3.9/site-packages/airflow/example_dags/plugins/workday.py
[2025-01-07T21:03:12.230+0100] {processor.py:208} INFO - Processing /Users/azeez.ganiyu/airflow_venv/lib/python3.9/site-packages/airflow/example_dags/plugins/workday.py took 0.907 seconds
[2025-01-07T21:07:25.690+0100] {processor.py:186} INFO - Started process (PID=75392) to work on /Users/azeez.ganiyu/airflow_venv/lib/python3.9/site-packages/airflow/example_dags/plugins/workday.py
[2025-01-07T21:07:25.699+0100] {processor.py:914} INFO - Processing file /Users/azeez.ganiyu/airflow_venv/lib/python3.9/site-packages/airflow/example_dags/plugins/workday.py for tasks to queue
[2025-01-07T21:07:25.701+0100] {logging_mixin.py:190} INFO - [2025-01-07T21:07:25.701+0100] {dagbag.py:588} INFO - Filling up the DagBag from /Users/azeez.ganiyu/airflow_venv/lib/python3.9/site-packages/airflow/example_dags/plugins/workday.py
[2025-01-07T21:07:26.525+0100] {processor.py:927} WARNING - No viable dags retrieved from /Users/azeez.ganiyu/airflow_venv/lib/python3.9/site-packages/airflow/example_dags/plugins/workday.py
[2025-01-07T21:07:26.607+0100] {processor.py:208} INFO - Processing /Users/azeez.ganiyu/airflow_venv/lib/python3.9/site-packages/airflow/example_dags/plugins/workday.py took 0.925 seconds
