[2025-01-04T17:23:45.565+0100] {processor.py:186} INFO - Started process (PID=97977) to work on /Users/azeez.ganiyu/airflow/dags/weather_etl_dag.py
[2025-01-04T17:23:45.570+0100] {processor.py:914} INFO - Processing file /Users/azeez.ganiyu/airflow/dags/weather_etl_dag.py for tasks to queue
[2025-01-04T17:23:45.571+0100] {logging_mixin.py:190} INFO - [2025-01-04T17:23:45.571+0100] {dagbag.py:588} INFO - Filling up the DagBag from /Users/azeez.ganiyu/airflow/dags/weather_etl_dag.py
[2025-01-04T17:23:45.925+0100] {processor.py:925} INFO - DAG(s) 'Temp_elt' retrieved from /Users/azeez.ganiyu/airflow/dags/weather_etl_dag.py
[2025-01-04T17:23:46.067+0100] {logging_mixin.py:190} INFO - [2025-01-04T17:23:46.067+0100] {dag.py:3239} INFO - Sync 1 DAGs
[2025-01-04T17:23:46.090+0100] {logging_mixin.py:190} INFO - [2025-01-04T17:23:46.090+0100] {dag.py:4180} INFO - Setting next_dagrun for Temp_elt to 2025-01-03 00:00:00+00:00, run_after=2025-01-04 00:00:00+00:00
[2025-01-04T17:23:46.111+0100] {processor.py:208} INFO - Processing /Users/azeez.ganiyu/airflow/dags/weather_etl_dag.py took 0.555 seconds
[2025-01-04T17:27:18.121+0100] {processor.py:186} INFO - Started process (PID=98686) to work on /Users/azeez.ganiyu/airflow/dags/weather_etl_dag.py
[2025-01-04T17:27:18.127+0100] {processor.py:914} INFO - Processing file /Users/azeez.ganiyu/airflow/dags/weather_etl_dag.py for tasks to queue
[2025-01-04T17:27:18.128+0100] {logging_mixin.py:190} INFO - [2025-01-04T17:27:18.128+0100] {dagbag.py:588} INFO - Filling up the DagBag from /Users/azeez.ganiyu/airflow/dags/weather_etl_dag.py
[2025-01-04T17:27:18.376+0100] {processor.py:925} INFO - DAG(s) 'Temp_elt' retrieved from /Users/azeez.ganiyu/airflow/dags/weather_etl_dag.py
[2025-01-04T17:27:18.535+0100] {logging_mixin.py:190} INFO - [2025-01-04T17:27:18.535+0100] {dag.py:3239} INFO - Sync 1 DAGs
[2025-01-04T17:27:18.556+0100] {logging_mixin.py:190} INFO - [2025-01-04T17:27:18.556+0100] {dag.py:4180} INFO - Setting next_dagrun for Temp_elt to 2025-01-03 00:00:00+00:00, run_after=2025-01-04 00:00:00+00:00
[2025-01-04T17:27:18.577+0100] {processor.py:208} INFO - Processing /Users/azeez.ganiyu/airflow/dags/weather_etl_dag.py took 0.464 seconds
[2025-01-04T17:30:30.514+0100] {processor.py:186} INFO - Started process (PID=99344) to work on /Users/azeez.ganiyu/airflow/dags/weather_etl_dag.py
[2025-01-04T17:30:30.519+0100] {processor.py:914} INFO - Processing file /Users/azeez.ganiyu/airflow/dags/weather_etl_dag.py for tasks to queue
[2025-01-04T17:30:30.520+0100] {logging_mixin.py:190} INFO - [2025-01-04T17:30:30.520+0100] {dagbag.py:588} INFO - Filling up the DagBag from /Users/azeez.ganiyu/airflow/dags/weather_etl_dag.py
[2025-01-04T17:30:30.755+0100] {processor.py:925} INFO - DAG(s) 'Temp_elt' retrieved from /Users/azeez.ganiyu/airflow/dags/weather_etl_dag.py
[2025-01-04T17:30:30.889+0100] {logging_mixin.py:190} INFO - [2025-01-04T17:30:30.888+0100] {dag.py:3239} INFO - Sync 1 DAGs
[2025-01-04T17:30:30.909+0100] {logging_mixin.py:190} INFO - [2025-01-04T17:30:30.909+0100] {dag.py:4180} INFO - Setting next_dagrun for Temp_elt to 2025-01-03 00:00:00+00:00, run_after=2025-01-04 00:00:00+00:00
[2025-01-04T17:30:30.927+0100] {processor.py:208} INFO - Processing /Users/azeez.ganiyu/airflow/dags/weather_etl_dag.py took 0.421 seconds
[2025-01-04T17:33:22.917+0100] {processor.py:186} INFO - Started process (PID=99900) to work on /Users/azeez.ganiyu/airflow/dags/weather_etl_dag.py
[2025-01-04T17:33:22.922+0100] {processor.py:914} INFO - Processing file /Users/azeez.ganiyu/airflow/dags/weather_etl_dag.py for tasks to queue
[2025-01-04T17:33:22.923+0100] {logging_mixin.py:190} INFO - [2025-01-04T17:33:22.923+0100] {dagbag.py:588} INFO - Filling up the DagBag from /Users/azeez.ganiyu/airflow/dags/weather_etl_dag.py
[2025-01-04T17:33:23.145+0100] {processor.py:925} INFO - DAG(s) 'Temp_elt' retrieved from /Users/azeez.ganiyu/airflow/dags/weather_etl_dag.py
[2025-01-04T17:33:23.273+0100] {logging_mixin.py:190} INFO - [2025-01-04T17:33:23.273+0100] {dag.py:3239} INFO - Sync 1 DAGs
[2025-01-04T17:33:23.291+0100] {logging_mixin.py:190} INFO - [2025-01-04T17:33:23.291+0100] {dag.py:4180} INFO - Setting next_dagrun for Temp_elt to 2025-01-03 00:00:00+00:00, run_after=2025-01-04 00:00:00+00:00
[2025-01-04T17:33:23.312+0100] {processor.py:208} INFO - Processing /Users/azeez.ganiyu/airflow/dags/weather_etl_dag.py took 0.403 seconds
[2025-01-04T17:36:21.666+0100] {processor.py:186} INFO - Started process (PID=932) to work on /Users/azeez.ganiyu/airflow/dags/weather_etl_dag.py
[2025-01-04T17:36:21.671+0100] {processor.py:914} INFO - Processing file /Users/azeez.ganiyu/airflow/dags/weather_etl_dag.py for tasks to queue
[2025-01-04T17:36:21.672+0100] {logging_mixin.py:190} INFO - [2025-01-04T17:36:21.672+0100] {dagbag.py:588} INFO - Filling up the DagBag from /Users/azeez.ganiyu/airflow/dags/weather_etl_dag.py
[2025-01-04T17:36:21.910+0100] {processor.py:925} INFO - DAG(s) 'Temp_elt' retrieved from /Users/azeez.ganiyu/airflow/dags/weather_etl_dag.py
[2025-01-04T17:36:22.046+0100] {logging_mixin.py:190} INFO - [2025-01-04T17:36:22.046+0100] {dag.py:3239} INFO - Sync 1 DAGs
[2025-01-04T17:36:22.064+0100] {logging_mixin.py:190} INFO - [2025-01-04T17:36:22.064+0100] {dag.py:4180} INFO - Setting next_dagrun for Temp_elt to 2025-01-03 00:00:00+00:00, run_after=2025-01-04 00:00:00+00:00
[2025-01-04T17:36:22.084+0100] {processor.py:208} INFO - Processing /Users/azeez.ganiyu/airflow/dags/weather_etl_dag.py took 0.426 seconds
[2025-01-04T17:39:12.759+0100] {processor.py:186} INFO - Started process (PID=1545) to work on /Users/azeez.ganiyu/airflow/dags/weather_etl_dag.py
[2025-01-04T17:39:12.764+0100] {processor.py:914} INFO - Processing file /Users/azeez.ganiyu/airflow/dags/weather_etl_dag.py for tasks to queue
[2025-01-04T17:39:12.766+0100] {logging_mixin.py:190} INFO - [2025-01-04T17:39:12.765+0100] {dagbag.py:588} INFO - Filling up the DagBag from /Users/azeez.ganiyu/airflow/dags/weather_etl_dag.py
[2025-01-04T17:39:12.999+0100] {processor.py:925} INFO - DAG(s) 'Temp_elt' retrieved from /Users/azeez.ganiyu/airflow/dags/weather_etl_dag.py
[2025-01-04T17:39:13.134+0100] {logging_mixin.py:190} INFO - [2025-01-04T17:39:13.134+0100] {dag.py:3239} INFO - Sync 1 DAGs
[2025-01-04T17:39:13.153+0100] {logging_mixin.py:190} INFO - [2025-01-04T17:39:13.153+0100] {dag.py:4180} INFO - Setting next_dagrun for Temp_elt to 2025-01-03 00:00:00+00:00, run_after=2025-01-04 00:00:00+00:00
[2025-01-04T17:39:13.172+0100] {processor.py:208} INFO - Processing /Users/azeez.ganiyu/airflow/dags/weather_etl_dag.py took 0.422 seconds
[2025-01-04T17:43:51.574+0100] {processor.py:186} INFO - Started process (PID=2860) to work on /Users/azeez.ganiyu/airflow/dags/weather_etl_dag.py
[2025-01-04T17:43:51.579+0100] {processor.py:914} INFO - Processing file /Users/azeez.ganiyu/airflow/dags/weather_etl_dag.py for tasks to queue
[2025-01-04T17:43:51.580+0100] {logging_mixin.py:190} INFO - [2025-01-04T17:43:51.580+0100] {dagbag.py:588} INFO - Filling up the DagBag from /Users/azeez.ganiyu/airflow/dags/weather_etl_dag.py
[2025-01-04T17:43:51.811+0100] {processor.py:925} INFO - DAG(s) 'Temp_elt' retrieved from /Users/azeez.ganiyu/airflow/dags/weather_etl_dag.py
[2025-01-04T17:43:51.942+0100] {logging_mixin.py:190} INFO - [2025-01-04T17:43:51.941+0100] {dag.py:3239} INFO - Sync 1 DAGs
[2025-01-04T17:43:51.961+0100] {logging_mixin.py:190} INFO - [2025-01-04T17:43:51.961+0100] {dag.py:4180} INFO - Setting next_dagrun for Temp_elt to 2025-01-03 00:00:00+00:00, run_after=2025-01-04 00:00:00+00:00
[2025-01-04T17:43:51.980+0100] {processor.py:208} INFO - Processing /Users/azeez.ganiyu/airflow/dags/weather_etl_dag.py took 0.413 seconds
