[2025-02-01T19:27:46.075+0000] {processor.py:186} INFO - Started process (PID=219) to work on /opt/airflow/dags/dag_with_postgres_operator.py
[2025-02-01T19:27:46.076+0000] {processor.py:914} INFO - Processing file /opt/airflow/dags/dag_with_postgres_operator.py for tasks to queue
[2025-02-01T19:27:46.079+0000] {logging_mixin.py:190} INFO - [2025-02-01T19:27:46.078+0000] {dagbag.py:588} INFO - Filling up the DagBag from /opt/airflow/dags/dag_with_postgres_operator.py
[2025-02-01T19:27:46.095+0000] {processor.py:925} INFO - DAG(s) 'dag_with_postgres_operator_v03' retrieved from /opt/airflow/dags/dag_with_postgres_operator.py
[2025-02-01T19:27:46.135+0000] {logging_mixin.py:190} INFO - [2025-02-01T19:27:46.135+0000] {dag.py:3239} INFO - Sync 1 DAGs
[2025-02-01T19:27:46.171+0000] {logging_mixin.py:190} INFO - [2025-02-01T19:27:46.171+0000] {dag.py:4180} INFO - Setting next_dagrun for dag_with_postgres_operator_v03 to 2025-01-16 00:00:00+00:00, run_after=2025-01-17 00:00:00+00:00
[2025-02-01T19:27:46.206+0000] {processor.py:208} INFO - Processing /opt/airflow/dags/dag_with_postgres_operator.py took 0.137 seconds
[2025-02-01T19:28:17.325+0000] {processor.py:186} INFO - Started process (PID=253) to work on /opt/airflow/dags/dag_with_postgres_operator.py
[2025-02-01T19:28:17.326+0000] {processor.py:914} INFO - Processing file /opt/airflow/dags/dag_with_postgres_operator.py for tasks to queue
[2025-02-01T19:28:17.329+0000] {logging_mixin.py:190} INFO - [2025-02-01T19:28:17.329+0000] {dagbag.py:588} INFO - Filling up the DagBag from /opt/airflow/dags/dag_with_postgres_operator.py
[2025-02-01T19:28:17.354+0000] {processor.py:925} INFO - DAG(s) 'dag_with_postgres_operator_v03' retrieved from /opt/airflow/dags/dag_with_postgres_operator.py
[2025-02-01T19:28:17.386+0000] {logging_mixin.py:190} INFO - [2025-02-01T19:28:17.385+0000] {dag.py:3239} INFO - Sync 1 DAGs
[2025-02-01T19:28:17.412+0000] {logging_mixin.py:190} INFO - [2025-02-01T19:28:17.412+0000] {dag.py:4180} INFO - Setting next_dagrun for dag_with_postgres_operator_v03 to 2025-01-16 00:00:00+00:00, run_after=2025-01-17 00:00:00+00:00
[2025-02-01T19:28:17.434+0000] {processor.py:208} INFO - Processing /opt/airflow/dags/dag_with_postgres_operator.py took 0.115 seconds
[2025-02-01T19:51:16.706+0000] {processor.py:186} INFO - Started process (PID=278) to work on /opt/airflow/dags/dag_with_postgres_operator.py
[2025-02-01T19:51:16.708+0000] {processor.py:914} INFO - Processing file /opt/airflow/dags/dag_with_postgres_operator.py for tasks to queue
[2025-02-01T19:51:16.724+0000] {logging_mixin.py:190} INFO - [2025-02-01T19:51:16.724+0000] {dagbag.py:588} INFO - Filling up the DagBag from /opt/airflow/dags/dag_with_postgres_operator.py
[2025-02-01T19:51:16.762+0000] {processor.py:925} INFO - DAG(s) 'dag_with_postgres_operator_v03' retrieved from /opt/airflow/dags/dag_with_postgres_operator.py
[2025-02-01T19:51:16.831+0000] {logging_mixin.py:190} INFO - [2025-02-01T19:51:16.830+0000] {dag.py:3239} INFO - Sync 1 DAGs
[2025-02-01T19:51:16.910+0000] {logging_mixin.py:190} INFO - [2025-02-01T19:51:16.909+0000] {dag.py:4180} INFO - Setting next_dagrun for dag_with_postgres_operator_v03 to 2025-01-16 00:00:00+00:00, run_after=2025-01-17 00:00:00+00:00
[2025-02-01T19:51:16.983+0000] {processor.py:208} INFO - Processing /opt/airflow/dags/dag_with_postgres_operator.py took 0.290 seconds
[2025-02-01T19:51:47.372+0000] {processor.py:186} INFO - Started process (PID=305) to work on /opt/airflow/dags/dag_with_postgres_operator.py
[2025-02-01T19:51:47.373+0000] {processor.py:914} INFO - Processing file /opt/airflow/dags/dag_with_postgres_operator.py for tasks to queue
[2025-02-01T19:51:47.376+0000] {logging_mixin.py:190} INFO - [2025-02-01T19:51:47.375+0000] {dagbag.py:588} INFO - Filling up the DagBag from /opt/airflow/dags/dag_with_postgres_operator.py
[2025-02-01T19:51:47.393+0000] {processor.py:925} INFO - DAG(s) 'dag_with_postgres_operator_v03' retrieved from /opt/airflow/dags/dag_with_postgres_operator.py
[2025-02-01T19:51:47.421+0000] {logging_mixin.py:190} INFO - [2025-02-01T19:51:47.421+0000] {dag.py:3239} INFO - Sync 1 DAGs
[2025-02-01T19:51:47.446+0000] {logging_mixin.py:190} INFO - [2025-02-01T19:51:47.445+0000] {dag.py:4180} INFO - Setting next_dagrun for dag_with_postgres_operator_v03 to 2025-01-16 00:00:00+00:00, run_after=2025-01-17 00:00:00+00:00
[2025-02-01T19:51:47.466+0000] {processor.py:208} INFO - Processing /opt/airflow/dags/dag_with_postgres_operator.py took 0.100 seconds
[2025-02-01T19:52:17.973+0000] {processor.py:186} INFO - Started process (PID=326) to work on /opt/airflow/dags/dag_with_postgres_operator.py
[2025-02-01T19:52:17.974+0000] {processor.py:914} INFO - Processing file /opt/airflow/dags/dag_with_postgres_operator.py for tasks to queue
[2025-02-01T19:52:17.976+0000] {logging_mixin.py:190} INFO - [2025-02-01T19:52:17.976+0000] {dagbag.py:588} INFO - Filling up the DagBag from /opt/airflow/dags/dag_with_postgres_operator.py
[2025-02-01T19:52:17.996+0000] {processor.py:925} INFO - DAG(s) 'dag_with_postgres_operator_v03' retrieved from /opt/airflow/dags/dag_with_postgres_operator.py
[2025-02-01T19:52:18.025+0000] {logging_mixin.py:190} INFO - [2025-02-01T19:52:18.025+0000] {dag.py:3239} INFO - Sync 1 DAGs
[2025-02-01T19:52:18.052+0000] {logging_mixin.py:190} INFO - [2025-02-01T19:52:18.051+0000] {dag.py:4180} INFO - Setting next_dagrun for dag_with_postgres_operator_v03 to 2025-01-16 00:00:00+00:00, run_after=2025-01-17 00:00:00+00:00
[2025-02-01T19:52:18.075+0000] {processor.py:208} INFO - Processing /opt/airflow/dags/dag_with_postgres_operator.py took 0.108 seconds
[2025-02-01T19:52:48.184+0000] {processor.py:186} INFO - Started process (PID=347) to work on /opt/airflow/dags/dag_with_postgres_operator.py
[2025-02-01T19:52:48.185+0000] {processor.py:914} INFO - Processing file /opt/airflow/dags/dag_with_postgres_operator.py for tasks to queue
[2025-02-01T19:52:48.189+0000] {logging_mixin.py:190} INFO - [2025-02-01T19:52:48.188+0000] {dagbag.py:588} INFO - Filling up the DagBag from /opt/airflow/dags/dag_with_postgres_operator.py
[2025-02-01T19:52:48.216+0000] {processor.py:925} INFO - DAG(s) 'dag_with_postgres_operator_v03' retrieved from /opt/airflow/dags/dag_with_postgres_operator.py
[2025-02-01T19:52:48.259+0000] {logging_mixin.py:190} INFO - [2025-02-01T19:52:48.258+0000] {dag.py:3239} INFO - Sync 1 DAGs
[2025-02-01T19:52:48.285+0000] {logging_mixin.py:190} INFO - [2025-02-01T19:52:48.285+0000] {dag.py:4180} INFO - Setting next_dagrun for dag_with_postgres_operator_v03 to 2025-01-16 00:00:00+00:00, run_after=2025-01-17 00:00:00+00:00
[2025-02-01T19:52:48.307+0000] {processor.py:208} INFO - Processing /opt/airflow/dags/dag_with_postgres_operator.py took 0.134 seconds
[2025-02-01T19:53:18.382+0000] {processor.py:186} INFO - Started process (PID=374) to work on /opt/airflow/dags/dag_with_postgres_operator.py
[2025-02-01T19:53:18.384+0000] {processor.py:914} INFO - Processing file /opt/airflow/dags/dag_with_postgres_operator.py for tasks to queue
[2025-02-01T19:53:18.387+0000] {logging_mixin.py:190} INFO - [2025-02-01T19:53:18.387+0000] {dagbag.py:588} INFO - Filling up the DagBag from /opt/airflow/dags/dag_with_postgres_operator.py
[2025-02-01T19:53:18.411+0000] {processor.py:925} INFO - DAG(s) 'dag_with_postgres_operator_v03' retrieved from /opt/airflow/dags/dag_with_postgres_operator.py
[2025-02-01T19:53:18.447+0000] {logging_mixin.py:190} INFO - [2025-02-01T19:53:18.447+0000] {dag.py:3239} INFO - Sync 1 DAGs
[2025-02-01T19:53:18.474+0000] {logging_mixin.py:190} INFO - [2025-02-01T19:53:18.474+0000] {dag.py:4180} INFO - Setting next_dagrun for dag_with_postgres_operator_v03 to 2025-01-16 00:00:00+00:00, run_after=2025-01-17 00:00:00+00:00
[2025-02-01T19:53:18.496+0000] {processor.py:208} INFO - Processing /opt/airflow/dags/dag_with_postgres_operator.py took 0.121 seconds
[2025-02-01T19:53:48.553+0000] {processor.py:186} INFO - Started process (PID=401) to work on /opt/airflow/dags/dag_with_postgres_operator.py
[2025-02-01T19:53:48.554+0000] {processor.py:914} INFO - Processing file /opt/airflow/dags/dag_with_postgres_operator.py for tasks to queue
[2025-02-01T19:53:48.557+0000] {logging_mixin.py:190} INFO - [2025-02-01T19:53:48.556+0000] {dagbag.py:588} INFO - Filling up the DagBag from /opt/airflow/dags/dag_with_postgres_operator.py
[2025-02-01T19:53:48.575+0000] {processor.py:925} INFO - DAG(s) 'dag_with_postgres_operator_v03' retrieved from /opt/airflow/dags/dag_with_postgres_operator.py
[2025-02-01T19:53:48.607+0000] {logging_mixin.py:190} INFO - [2025-02-01T19:53:48.607+0000] {dag.py:3239} INFO - Sync 1 DAGs
[2025-02-01T19:53:48.634+0000] {logging_mixin.py:190} INFO - [2025-02-01T19:53:48.633+0000] {dag.py:4180} INFO - Setting next_dagrun for dag_with_postgres_operator_v03 to 2025-01-16 00:00:00+00:00, run_after=2025-01-17 00:00:00+00:00
[2025-02-01T19:53:48.657+0000] {processor.py:208} INFO - Processing /opt/airflow/dags/dag_with_postgres_operator.py took 0.110 seconds
[2025-02-01T19:54:18.694+0000] {processor.py:186} INFO - Started process (PID=428) to work on /opt/airflow/dags/dag_with_postgres_operator.py
[2025-02-01T19:54:18.695+0000] {processor.py:914} INFO - Processing file /opt/airflow/dags/dag_with_postgres_operator.py for tasks to queue
[2025-02-01T19:54:18.697+0000] {logging_mixin.py:190} INFO - [2025-02-01T19:54:18.697+0000] {dagbag.py:588} INFO - Filling up the DagBag from /opt/airflow/dags/dag_with_postgres_operator.py
[2025-02-01T19:54:18.715+0000] {processor.py:925} INFO - DAG(s) 'dag_with_postgres_operator_v03' retrieved from /opt/airflow/dags/dag_with_postgres_operator.py
[2025-02-01T19:54:18.747+0000] {logging_mixin.py:190} INFO - [2025-02-01T19:54:18.746+0000] {dag.py:3239} INFO - Sync 1 DAGs
[2025-02-01T19:54:18.772+0000] {logging_mixin.py:190} INFO - [2025-02-01T19:54:18.772+0000] {dag.py:4180} INFO - Setting next_dagrun for dag_with_postgres_operator_v03 to 2025-01-16 00:00:00+00:00, run_after=2025-01-17 00:00:00+00:00
[2025-02-01T19:54:18.794+0000] {processor.py:208} INFO - Processing /opt/airflow/dags/dag_with_postgres_operator.py took 0.106 seconds
[2025-02-01T19:54:48.880+0000] {processor.py:186} INFO - Started process (PID=455) to work on /opt/airflow/dags/dag_with_postgres_operator.py
[2025-02-01T19:54:48.881+0000] {processor.py:914} INFO - Processing file /opt/airflow/dags/dag_with_postgres_operator.py for tasks to queue
[2025-02-01T19:54:48.884+0000] {logging_mixin.py:190} INFO - [2025-02-01T19:54:48.884+0000] {dagbag.py:588} INFO - Filling up the DagBag from /opt/airflow/dags/dag_with_postgres_operator.py
[2025-02-01T19:54:48.901+0000] {processor.py:925} INFO - DAG(s) 'dag_with_postgres_operator_v03' retrieved from /opt/airflow/dags/dag_with_postgres_operator.py
[2025-02-01T19:54:48.936+0000] {logging_mixin.py:190} INFO - [2025-02-01T19:54:48.936+0000] {dag.py:3239} INFO - Sync 1 DAGs
[2025-02-01T19:54:48.962+0000] {logging_mixin.py:190} INFO - [2025-02-01T19:54:48.961+0000] {dag.py:4180} INFO - Setting next_dagrun for dag_with_postgres_operator_v03 to 2025-01-16 00:00:00+00:00, run_after=2025-01-17 00:00:00+00:00
[2025-02-01T19:54:48.982+0000] {processor.py:208} INFO - Processing /opt/airflow/dags/dag_with_postgres_operator.py took 0.109 seconds
[2025-02-01T19:55:19.136+0000] {processor.py:186} INFO - Started process (PID=484) to work on /opt/airflow/dags/dag_with_postgres_operator.py
[2025-02-01T19:55:19.138+0000] {processor.py:914} INFO - Processing file /opt/airflow/dags/dag_with_postgres_operator.py for tasks to queue
[2025-02-01T19:55:19.141+0000] {logging_mixin.py:190} INFO - [2025-02-01T19:55:19.141+0000] {dagbag.py:588} INFO - Filling up the DagBag from /opt/airflow/dags/dag_with_postgres_operator.py
[2025-02-01T19:55:19.161+0000] {processor.py:925} INFO - DAG(s) 'dag_with_postgres_operator_v03' retrieved from /opt/airflow/dags/dag_with_postgres_operator.py
[2025-02-01T19:55:19.196+0000] {logging_mixin.py:190} INFO - [2025-02-01T19:55:19.195+0000] {dag.py:3239} INFO - Sync 1 DAGs
[2025-02-01T19:55:19.225+0000] {logging_mixin.py:190} INFO - [2025-02-01T19:55:19.225+0000] {dag.py:4180} INFO - Setting next_dagrun for dag_with_postgres_operator_v03 to 2025-01-16 00:00:00+00:00, run_after=2025-01-17 00:00:00+00:00
[2025-02-01T19:55:19.246+0000] {processor.py:208} INFO - Processing /opt/airflow/dags/dag_with_postgres_operator.py took 0.116 seconds
[2025-02-01T19:55:49.280+0000] {processor.py:186} INFO - Started process (PID=511) to work on /opt/airflow/dags/dag_with_postgres_operator.py
[2025-02-01T19:55:49.281+0000] {processor.py:914} INFO - Processing file /opt/airflow/dags/dag_with_postgres_operator.py for tasks to queue
[2025-02-01T19:55:49.283+0000] {logging_mixin.py:190} INFO - [2025-02-01T19:55:49.283+0000] {dagbag.py:588} INFO - Filling up the DagBag from /opt/airflow/dags/dag_with_postgres_operator.py
[2025-02-01T19:55:49.300+0000] {processor.py:925} INFO - DAG(s) 'dag_with_postgres_operator_v03' retrieved from /opt/airflow/dags/dag_with_postgres_operator.py
[2025-02-01T19:55:49.330+0000] {logging_mixin.py:190} INFO - [2025-02-01T19:55:49.330+0000] {dag.py:3239} INFO - Sync 1 DAGs
[2025-02-01T19:55:49.362+0000] {logging_mixin.py:190} INFO - [2025-02-01T19:55:49.362+0000] {dag.py:4180} INFO - Setting next_dagrun for dag_with_postgres_operator_v03 to 2025-01-16 00:00:00+00:00, run_after=2025-01-17 00:00:00+00:00
[2025-02-01T19:55:49.386+0000] {processor.py:208} INFO - Processing /opt/airflow/dags/dag_with_postgres_operator.py took 0.112 seconds
[2025-02-01T19:56:19.477+0000] {processor.py:186} INFO - Started process (PID=538) to work on /opt/airflow/dags/dag_with_postgres_operator.py
[2025-02-01T19:56:19.478+0000] {processor.py:914} INFO - Processing file /opt/airflow/dags/dag_with_postgres_operator.py for tasks to queue
[2025-02-01T19:56:19.480+0000] {logging_mixin.py:190} INFO - [2025-02-01T19:56:19.480+0000] {dagbag.py:588} INFO - Filling up the DagBag from /opt/airflow/dags/dag_with_postgres_operator.py
[2025-02-01T19:56:19.496+0000] {processor.py:925} INFO - DAG(s) 'dag_with_postgres_operator_v03' retrieved from /opt/airflow/dags/dag_with_postgres_operator.py
[2025-02-01T19:56:19.526+0000] {logging_mixin.py:190} INFO - [2025-02-01T19:56:19.526+0000] {dag.py:3239} INFO - Sync 1 DAGs
[2025-02-01T19:56:19.556+0000] {logging_mixin.py:190} INFO - [2025-02-01T19:56:19.556+0000] {dag.py:4180} INFO - Setting next_dagrun for dag_with_postgres_operator_v03 to 2025-01-16 00:00:00+00:00, run_after=2025-01-17 00:00:00+00:00
[2025-02-01T19:56:19.577+0000] {processor.py:208} INFO - Processing /opt/airflow/dags/dag_with_postgres_operator.py took 0.106 seconds
[2025-02-01T19:59:39.734+0000] {processor.py:186} INFO - Started process (PID=317) to work on /opt/airflow/dags/dag_with_postgres_operator.py
[2025-02-01T19:59:39.735+0000] {processor.py:914} INFO - Processing file /opt/airflow/dags/dag_with_postgres_operator.py for tasks to queue
[2025-02-01T19:59:39.739+0000] {logging_mixin.py:190} INFO - [2025-02-01T19:59:39.738+0000] {dagbag.py:588} INFO - Filling up the DagBag from /opt/airflow/dags/dag_with_postgres_operator.py
[2025-02-01T19:59:39.759+0000] {processor.py:925} INFO - DAG(s) 'dag_with_postgres_operator_v03' retrieved from /opt/airflow/dags/dag_with_postgres_operator.py
[2025-02-01T19:59:39.790+0000] {logging_mixin.py:190} INFO - [2025-02-01T19:59:39.789+0000] {dag.py:3239} INFO - Sync 1 DAGs
[2025-02-01T19:59:39.822+0000] {logging_mixin.py:190} INFO - [2025-02-01T19:59:39.822+0000] {dag.py:4180} INFO - Setting next_dagrun for dag_with_postgres_operator_v03 to 2025-01-30 00:00:00+00:00, run_after=2025-01-31 00:00:00+00:00
[2025-02-01T19:59:39.873+0000] {processor.py:208} INFO - Processing /opt/airflow/dags/dag_with_postgres_operator.py took 0.145 seconds
[2025-02-01T20:01:30.702+0000] {processor.py:186} INFO - Started process (PID=596) to work on /opt/airflow/dags/dag_with_postgres_operator.py
[2025-02-01T20:01:30.703+0000] {processor.py:914} INFO - Processing file /opt/airflow/dags/dag_with_postgres_operator.py for tasks to queue
[2025-02-01T20:01:30.705+0000] {logging_mixin.py:190} INFO - [2025-02-01T20:01:30.705+0000] {dagbag.py:588} INFO - Filling up the DagBag from /opt/airflow/dags/dag_with_postgres_operator.py
[2025-02-01T20:01:30.725+0000] {processor.py:925} INFO - DAG(s) 'dag_with_postgres_operator_v03' retrieved from /opt/airflow/dags/dag_with_postgres_operator.py
[2025-02-01T20:01:30.766+0000] {logging_mixin.py:190} INFO - [2025-02-01T20:01:30.765+0000] {dag.py:3239} INFO - Sync 1 DAGs
[2025-02-01T20:01:30.801+0000] {logging_mixin.py:190} INFO - [2025-02-01T20:01:30.801+0000] {dag.py:4180} INFO - Setting next_dagrun for dag_with_postgres_operator_v03 to 2025-02-01 00:00:00+00:00, run_after=2025-02-02 00:00:00+00:00
[2025-02-01T20:01:30.864+0000] {processor.py:208} INFO - Processing /opt/airflow/dags/dag_with_postgres_operator.py took 0.168 seconds
[2025-02-01T20:02:01.411+0000] {processor.py:186} INFO - Started process (PID=625) to work on /opt/airflow/dags/dag_with_postgres_operator.py
[2025-02-01T20:02:01.412+0000] {processor.py:914} INFO - Processing file /opt/airflow/dags/dag_with_postgres_operator.py for tasks to queue
[2025-02-01T20:02:01.414+0000] {logging_mixin.py:190} INFO - [2025-02-01T20:02:01.414+0000] {dagbag.py:588} INFO - Filling up the DagBag from /opt/airflow/dags/dag_with_postgres_operator.py
[2025-02-01T20:02:01.440+0000] {processor.py:925} INFO - DAG(s) 'dag_with_postgres_operator_v03' retrieved from /opt/airflow/dags/dag_with_postgres_operator.py
[2025-02-01T20:02:01.478+0000] {logging_mixin.py:190} INFO - [2025-02-01T20:02:01.477+0000] {dag.py:3239} INFO - Sync 1 DAGs
[2025-02-01T20:02:01.511+0000] {logging_mixin.py:190} INFO - [2025-02-01T20:02:01.511+0000] {dag.py:4180} INFO - Setting next_dagrun for dag_with_postgres_operator_v03 to 2025-02-01 00:00:00+00:00, run_after=2025-02-02 00:00:00+00:00
[2025-02-01T20:02:01.557+0000] {processor.py:208} INFO - Processing /opt/airflow/dags/dag_with_postgres_operator.py took 0.152 seconds
[2025-02-01T20:02:32.049+0000] {processor.py:186} INFO - Started process (PID=632) to work on /opt/airflow/dags/dag_with_postgres_operator.py
[2025-02-01T20:02:32.050+0000] {processor.py:914} INFO - Processing file /opt/airflow/dags/dag_with_postgres_operator.py for tasks to queue
[2025-02-01T20:02:32.053+0000] {logging_mixin.py:190} INFO - [2025-02-01T20:02:32.053+0000] {dagbag.py:588} INFO - Filling up the DagBag from /opt/airflow/dags/dag_with_postgres_operator.py
[2025-02-01T20:02:32.072+0000] {processor.py:925} INFO - DAG(s) 'dag_with_postgres_operator_v03' retrieved from /opt/airflow/dags/dag_with_postgres_operator.py
[2025-02-01T20:02:32.103+0000] {logging_mixin.py:190} INFO - [2025-02-01T20:02:32.103+0000] {dag.py:3239} INFO - Sync 1 DAGs
[2025-02-01T20:02:32.128+0000] {logging_mixin.py:190} INFO - [2025-02-01T20:02:32.128+0000] {dag.py:4180} INFO - Setting next_dagrun for dag_with_postgres_operator_v03 to 2025-02-01 00:00:00+00:00, run_after=2025-02-02 00:00:00+00:00
[2025-02-01T20:02:32.170+0000] {processor.py:208} INFO - Processing /opt/airflow/dags/dag_with_postgres_operator.py took 0.126 seconds
[2025-02-01T20:03:02.709+0000] {processor.py:186} INFO - Started process (PID=639) to work on /opt/airflow/dags/dag_with_postgres_operator.py
[2025-02-01T20:03:02.711+0000] {processor.py:914} INFO - Processing file /opt/airflow/dags/dag_with_postgres_operator.py for tasks to queue
[2025-02-01T20:03:02.713+0000] {logging_mixin.py:190} INFO - [2025-02-01T20:03:02.713+0000] {dagbag.py:588} INFO - Filling up the DagBag from /opt/airflow/dags/dag_with_postgres_operator.py
[2025-02-01T20:03:02.733+0000] {processor.py:925} INFO - DAG(s) 'dag_with_postgres_operator_v03' retrieved from /opt/airflow/dags/dag_with_postgres_operator.py
[2025-02-01T20:03:02.771+0000] {logging_mixin.py:190} INFO - [2025-02-01T20:03:02.770+0000] {dag.py:3239} INFO - Sync 1 DAGs
[2025-02-01T20:03:02.801+0000] {logging_mixin.py:190} INFO - [2025-02-01T20:03:02.801+0000] {dag.py:4180} INFO - Setting next_dagrun for dag_with_postgres_operator_v03 to 2025-02-01 00:00:00+00:00, run_after=2025-02-02 00:00:00+00:00
[2025-02-01T20:03:02.840+0000] {processor.py:208} INFO - Processing /opt/airflow/dags/dag_with_postgres_operator.py took 0.137 seconds
[2025-02-01T20:03:33.300+0000] {processor.py:186} INFO - Started process (PID=646) to work on /opt/airflow/dags/dag_with_postgres_operator.py
[2025-02-01T20:03:33.301+0000] {processor.py:914} INFO - Processing file /opt/airflow/dags/dag_with_postgres_operator.py for tasks to queue
[2025-02-01T20:03:33.304+0000] {logging_mixin.py:190} INFO - [2025-02-01T20:03:33.303+0000] {dagbag.py:588} INFO - Filling up the DagBag from /opt/airflow/dags/dag_with_postgres_operator.py
[2025-02-01T20:03:33.322+0000] {processor.py:925} INFO - DAG(s) 'dag_with_postgres_operator_v03' retrieved from /opt/airflow/dags/dag_with_postgres_operator.py
[2025-02-01T20:03:33.352+0000] {logging_mixin.py:190} INFO - [2025-02-01T20:03:33.352+0000] {dag.py:3239} INFO - Sync 1 DAGs
[2025-02-01T20:03:33.377+0000] {logging_mixin.py:190} INFO - [2025-02-01T20:03:33.377+0000] {dag.py:4180} INFO - Setting next_dagrun for dag_with_postgres_operator_v03 to 2025-02-01 00:00:00+00:00, run_after=2025-02-02 00:00:00+00:00
[2025-02-01T20:03:33.416+0000] {processor.py:208} INFO - Processing /opt/airflow/dags/dag_with_postgres_operator.py took 0.124 seconds
[2025-02-01T20:04:03.861+0000] {processor.py:186} INFO - Started process (PID=653) to work on /opt/airflow/dags/dag_with_postgres_operator.py
[2025-02-01T20:04:03.862+0000] {processor.py:914} INFO - Processing file /opt/airflow/dags/dag_with_postgres_operator.py for tasks to queue
[2025-02-01T20:04:03.864+0000] {logging_mixin.py:190} INFO - [2025-02-01T20:04:03.864+0000] {dagbag.py:588} INFO - Filling up the DagBag from /opt/airflow/dags/dag_with_postgres_operator.py
[2025-02-01T20:04:03.882+0000] {processor.py:925} INFO - DAG(s) 'dag_with_postgres_operator_v03' retrieved from /opt/airflow/dags/dag_with_postgres_operator.py
[2025-02-01T20:04:03.912+0000] {logging_mixin.py:190} INFO - [2025-02-01T20:04:03.911+0000] {dag.py:3239} INFO - Sync 1 DAGs
[2025-02-01T20:04:03.936+0000] {logging_mixin.py:190} INFO - [2025-02-01T20:04:03.936+0000] {dag.py:4180} INFO - Setting next_dagrun for dag_with_postgres_operator_v03 to 2025-02-01 00:00:00+00:00, run_after=2025-02-02 00:00:00+00:00
[2025-02-01T20:04:03.974+0000] {processor.py:208} INFO - Processing /opt/airflow/dags/dag_with_postgres_operator.py took 0.121 seconds
[2025-02-01T20:04:34.290+0000] {processor.py:186} INFO - Started process (PID=660) to work on /opt/airflow/dags/dag_with_postgres_operator.py
[2025-02-01T20:04:34.292+0000] {processor.py:914} INFO - Processing file /opt/airflow/dags/dag_with_postgres_operator.py for tasks to queue
[2025-02-01T20:04:34.296+0000] {logging_mixin.py:190} INFO - [2025-02-01T20:04:34.295+0000] {dagbag.py:588} INFO - Filling up the DagBag from /opt/airflow/dags/dag_with_postgres_operator.py
[2025-02-01T20:04:34.324+0000] {processor.py:925} INFO - DAG(s) 'dag_with_postgres_operator_v03' retrieved from /opt/airflow/dags/dag_with_postgres_operator.py
[2025-02-01T20:04:34.355+0000] {logging_mixin.py:190} INFO - [2025-02-01T20:04:34.354+0000] {dag.py:3239} INFO - Sync 1 DAGs
[2025-02-01T20:04:34.380+0000] {logging_mixin.py:190} INFO - [2025-02-01T20:04:34.380+0000] {dag.py:4180} INFO - Setting next_dagrun for dag_with_postgres_operator_v03 to 2025-02-01 00:00:00+00:00, run_after=2025-02-02 00:00:00+00:00
[2025-02-01T20:04:34.419+0000] {processor.py:208} INFO - Processing /opt/airflow/dags/dag_with_postgres_operator.py took 0.138 seconds
[2025-02-01T20:05:04.740+0000] {processor.py:186} INFO - Started process (PID=679) to work on /opt/airflow/dags/dag_with_postgres_operator.py
[2025-02-01T20:05:04.741+0000] {processor.py:914} INFO - Processing file /opt/airflow/dags/dag_with_postgres_operator.py for tasks to queue
[2025-02-01T20:05:04.745+0000] {logging_mixin.py:190} INFO - [2025-02-01T20:05:04.744+0000] {dagbag.py:588} INFO - Filling up the DagBag from /opt/airflow/dags/dag_with_postgres_operator.py
[2025-02-01T20:05:04.764+0000] {processor.py:925} INFO - DAG(s) 'dag_with_postgres_operator_v03' retrieved from /opt/airflow/dags/dag_with_postgres_operator.py
[2025-02-01T20:05:04.798+0000] {logging_mixin.py:190} INFO - [2025-02-01T20:05:04.798+0000] {dag.py:3239} INFO - Sync 1 DAGs
[2025-02-01T20:05:04.828+0000] {logging_mixin.py:190} INFO - [2025-02-01T20:05:04.827+0000] {dag.py:4180} INFO - Setting next_dagrun for dag_with_postgres_operator_v03 to 2025-02-01 00:00:00+00:00, run_after=2025-02-02 00:00:00+00:00
[2025-02-01T20:05:04.871+0000] {processor.py:208} INFO - Processing /opt/airflow/dags/dag_with_postgres_operator.py took 0.138 seconds
[2025-02-01T20:05:35.671+0000] {processor.py:186} INFO - Started process (PID=686) to work on /opt/airflow/dags/dag_with_postgres_operator.py
[2025-02-01T20:05:35.673+0000] {processor.py:914} INFO - Processing file /opt/airflow/dags/dag_with_postgres_operator.py for tasks to queue
[2025-02-01T20:05:35.676+0000] {logging_mixin.py:190} INFO - [2025-02-01T20:05:35.676+0000] {dagbag.py:588} INFO - Filling up the DagBag from /opt/airflow/dags/dag_with_postgres_operator.py
[2025-02-01T20:05:35.694+0000] {processor.py:925} INFO - DAG(s) 'dag_with_postgres_operator_v03' retrieved from /opt/airflow/dags/dag_with_postgres_operator.py
[2025-02-01T20:05:35.727+0000] {logging_mixin.py:190} INFO - [2025-02-01T20:05:35.727+0000] {dag.py:3239} INFO - Sync 1 DAGs
[2025-02-01T20:05:35.754+0000] {logging_mixin.py:190} INFO - [2025-02-01T20:05:35.754+0000] {dag.py:4180} INFO - Setting next_dagrun for dag_with_postgres_operator_v03 to 2025-02-01 00:00:00+00:00, run_after=2025-02-02 00:00:00+00:00
[2025-02-01T20:05:35.795+0000] {processor.py:208} INFO - Processing /opt/airflow/dags/dag_with_postgres_operator.py took 0.130 seconds
[2025-02-01T20:06:06.638+0000] {processor.py:186} INFO - Started process (PID=693) to work on /opt/airflow/dags/dag_with_postgres_operator.py
[2025-02-01T20:06:06.639+0000] {processor.py:914} INFO - Processing file /opt/airflow/dags/dag_with_postgres_operator.py for tasks to queue
[2025-02-01T20:06:06.643+0000] {logging_mixin.py:190} INFO - [2025-02-01T20:06:06.642+0000] {dagbag.py:588} INFO - Filling up the DagBag from /opt/airflow/dags/dag_with_postgres_operator.py
[2025-02-01T20:06:06.666+0000] {processor.py:925} INFO - DAG(s) 'dag_with_postgres_operator_v03' retrieved from /opt/airflow/dags/dag_with_postgres_operator.py
[2025-02-01T20:06:06.702+0000] {logging_mixin.py:190} INFO - [2025-02-01T20:06:06.701+0000] {dag.py:3239} INFO - Sync 1 DAGs
[2025-02-01T20:06:06.734+0000] {logging_mixin.py:190} INFO - [2025-02-01T20:06:06.734+0000] {dag.py:4180} INFO - Setting next_dagrun for dag_with_postgres_operator_v03 to 2025-02-01 00:00:00+00:00, run_after=2025-02-02 00:00:00+00:00
[2025-02-01T20:06:06.779+0000] {processor.py:208} INFO - Processing /opt/airflow/dags/dag_with_postgres_operator.py took 0.148 seconds
[2025-02-01T20:06:37.529+0000] {processor.py:186} INFO - Started process (PID=700) to work on /opt/airflow/dags/dag_with_postgres_operator.py
[2025-02-01T20:06:37.530+0000] {processor.py:914} INFO - Processing file /opt/airflow/dags/dag_with_postgres_operator.py for tasks to queue
[2025-02-01T20:06:37.533+0000] {logging_mixin.py:190} INFO - [2025-02-01T20:06:37.533+0000] {dagbag.py:588} INFO - Filling up the DagBag from /opt/airflow/dags/dag_with_postgres_operator.py
[2025-02-01T20:06:37.553+0000] {processor.py:925} INFO - DAG(s) 'dag_with_postgres_operator_v03' retrieved from /opt/airflow/dags/dag_with_postgres_operator.py
[2025-02-01T20:06:37.589+0000] {logging_mixin.py:190} INFO - [2025-02-01T20:06:37.588+0000] {dag.py:3239} INFO - Sync 1 DAGs
[2025-02-01T20:06:37.618+0000] {logging_mixin.py:190} INFO - [2025-02-01T20:06:37.617+0000] {dag.py:4180} INFO - Setting next_dagrun for dag_with_postgres_operator_v03 to 2025-02-01 00:00:00+00:00, run_after=2025-02-02 00:00:00+00:00
[2025-02-01T20:06:37.665+0000] {processor.py:208} INFO - Processing /opt/airflow/dags/dag_with_postgres_operator.py took 0.144 seconds
[2025-02-01T20:07:07.809+0000] {processor.py:186} INFO - Started process (PID=707) to work on /opt/airflow/dags/dag_with_postgres_operator.py
[2025-02-01T20:07:07.811+0000] {processor.py:914} INFO - Processing file /opt/airflow/dags/dag_with_postgres_operator.py for tasks to queue
[2025-02-01T20:07:07.815+0000] {logging_mixin.py:190} INFO - [2025-02-01T20:07:07.814+0000] {dagbag.py:588} INFO - Filling up the DagBag from /opt/airflow/dags/dag_with_postgres_operator.py
[2025-02-01T20:07:07.839+0000] {processor.py:925} INFO - DAG(s) 'dag_with_postgres_operator_v03' retrieved from /opt/airflow/dags/dag_with_postgres_operator.py
[2025-02-01T20:07:07.876+0000] {logging_mixin.py:190} INFO - [2025-02-01T20:07:07.875+0000] {dag.py:3239} INFO - Sync 1 DAGs
[2025-02-01T20:07:07.908+0000] {logging_mixin.py:190} INFO - [2025-02-01T20:07:07.908+0000] {dag.py:4180} INFO - Setting next_dagrun for dag_with_postgres_operator_v03 to 2025-02-01 00:00:00+00:00, run_after=2025-02-02 00:00:00+00:00
[2025-02-01T20:07:07.964+0000] {processor.py:208} INFO - Processing /opt/airflow/dags/dag_with_postgres_operator.py took 0.165 seconds
[2025-02-01T20:07:38.634+0000] {processor.py:186} INFO - Started process (PID=714) to work on /opt/airflow/dags/dag_with_postgres_operator.py
[2025-02-01T20:07:38.635+0000] {processor.py:914} INFO - Processing file /opt/airflow/dags/dag_with_postgres_operator.py for tasks to queue
[2025-02-01T20:07:38.638+0000] {logging_mixin.py:190} INFO - [2025-02-01T20:07:38.638+0000] {dagbag.py:588} INFO - Filling up the DagBag from /opt/airflow/dags/dag_with_postgres_operator.py
[2025-02-01T20:07:38.656+0000] {processor.py:925} INFO - DAG(s) 'dag_with_postgres_operator_v03' retrieved from /opt/airflow/dags/dag_with_postgres_operator.py
[2025-02-01T20:07:38.694+0000] {logging_mixin.py:190} INFO - [2025-02-01T20:07:38.694+0000] {dag.py:3239} INFO - Sync 1 DAGs
[2025-02-01T20:07:38.722+0000] {logging_mixin.py:190} INFO - [2025-02-01T20:07:38.722+0000] {dag.py:4180} INFO - Setting next_dagrun for dag_with_postgres_operator_v03 to 2025-02-01 00:00:00+00:00, run_after=2025-02-02 00:00:00+00:00
[2025-02-01T20:07:38.766+0000] {processor.py:208} INFO - Processing /opt/airflow/dags/dag_with_postgres_operator.py took 0.138 seconds
[2025-02-01T20:08:09.686+0000] {processor.py:186} INFO - Started process (PID=721) to work on /opt/airflow/dags/dag_with_postgres_operator.py
[2025-02-01T20:08:09.687+0000] {processor.py:914} INFO - Processing file /opt/airflow/dags/dag_with_postgres_operator.py for tasks to queue
[2025-02-01T20:08:09.691+0000] {logging_mixin.py:190} INFO - [2025-02-01T20:08:09.690+0000] {dagbag.py:588} INFO - Filling up the DagBag from /opt/airflow/dags/dag_with_postgres_operator.py
[2025-02-01T20:08:09.710+0000] {processor.py:925} INFO - DAG(s) 'dag_with_postgres_operator_v03' retrieved from /opt/airflow/dags/dag_with_postgres_operator.py
[2025-02-01T20:08:09.750+0000] {logging_mixin.py:190} INFO - [2025-02-01T20:08:09.750+0000] {dag.py:3239} INFO - Sync 1 DAGs
[2025-02-01T20:08:09.780+0000] {logging_mixin.py:190} INFO - [2025-02-01T20:08:09.780+0000] {dag.py:4180} INFO - Setting next_dagrun for dag_with_postgres_operator_v03 to 2025-02-01 00:00:00+00:00, run_after=2025-02-02 00:00:00+00:00
[2025-02-01T20:08:09.825+0000] {processor.py:208} INFO - Processing /opt/airflow/dags/dag_with_postgres_operator.py took 0.146 seconds
[2025-02-01T20:08:40.462+0000] {processor.py:186} INFO - Started process (PID=728) to work on /opt/airflow/dags/dag_with_postgres_operator.py
[2025-02-01T20:08:40.463+0000] {processor.py:914} INFO - Processing file /opt/airflow/dags/dag_with_postgres_operator.py for tasks to queue
[2025-02-01T20:08:40.466+0000] {logging_mixin.py:190} INFO - [2025-02-01T20:08:40.466+0000] {dagbag.py:588} INFO - Filling up the DagBag from /opt/airflow/dags/dag_with_postgres_operator.py
[2025-02-01T20:08:40.484+0000] {processor.py:925} INFO - DAG(s) 'dag_with_postgres_operator_v03' retrieved from /opt/airflow/dags/dag_with_postgres_operator.py
[2025-02-01T20:08:40.520+0000] {logging_mixin.py:190} INFO - [2025-02-01T20:08:40.520+0000] {dag.py:3239} INFO - Sync 1 DAGs
[2025-02-01T20:08:40.546+0000] {logging_mixin.py:190} INFO - [2025-02-01T20:08:40.546+0000] {dag.py:4180} INFO - Setting next_dagrun for dag_with_postgres_operator_v03 to 2025-02-01 00:00:00+00:00, run_after=2025-02-02 00:00:00+00:00
[2025-02-01T20:08:40.591+0000] {processor.py:208} INFO - Processing /opt/airflow/dags/dag_with_postgres_operator.py took 0.134 seconds
[2025-02-01T20:11:52.122+0000] {processor.py:186} INFO - Started process (PID=739) to work on /opt/airflow/dags/dag_with_postgres_operator.py
[2025-02-01T20:11:52.182+0000] {processor.py:914} INFO - Processing file /opt/airflow/dags/dag_with_postgres_operator.py for tasks to queue
[2025-02-01T20:11:52.442+0000] {logging_mixin.py:190} INFO - [2025-02-01T20:11:52.350+0000] {dagbag.py:588} INFO - Filling up the DagBag from /opt/airflow/dags/dag_with_postgres_operator.py
[2025-02-01T20:11:52.538+0000] {processor.py:925} INFO - DAG(s) 'dag_with_postgres_operator_v03' retrieved from /opt/airflow/dags/dag_with_postgres_operator.py
[2025-02-01T20:11:52.592+0000] {logging_mixin.py:190} INFO - [2025-02-01T20:11:52.592+0000] {dag.py:3239} INFO - Sync 1 DAGs
[2025-02-01T20:11:52.625+0000] {logging_mixin.py:190} INFO - [2025-02-01T20:11:52.625+0000] {dag.py:4180} INFO - Setting next_dagrun for dag_with_postgres_operator_v03 to 2025-02-01 00:00:00+00:00, run_after=2025-02-02 00:00:00+00:00
[2025-02-01T20:11:52.679+0000] {processor.py:208} INFO - Processing /opt/airflow/dags/dag_with_postgres_operator.py took 0.969 seconds
[2025-02-01T20:14:46.892+0000] {processor.py:186} INFO - Started process (PID=748) to work on /opt/airflow/dags/dag_with_postgres_operator.py
[2025-02-01T20:14:46.894+0000] {processor.py:914} INFO - Processing file /opt/airflow/dags/dag_with_postgres_operator.py for tasks to queue
[2025-02-01T20:14:46.898+0000] {logging_mixin.py:190} INFO - [2025-02-01T20:14:46.898+0000] {dagbag.py:588} INFO - Filling up the DagBag from /opt/airflow/dags/dag_with_postgres_operator.py
[2025-02-01T20:14:46.933+0000] {processor.py:925} INFO - DAG(s) 'dag_with_postgres_operator_v03' retrieved from /opt/airflow/dags/dag_with_postgres_operator.py
[2025-02-01T20:14:46.977+0000] {logging_mixin.py:190} INFO - [2025-02-01T20:14:46.977+0000] {dag.py:3239} INFO - Sync 1 DAGs
[2025-02-01T20:14:47.037+0000] {logging_mixin.py:190} INFO - [2025-02-01T20:14:47.036+0000] {dag.py:4180} INFO - Setting next_dagrun for dag_with_postgres_operator_v03 to 2025-02-01 00:00:00+00:00, run_after=2025-02-02 00:00:00+00:00
[2025-02-01T20:14:47.134+0000] {processor.py:208} INFO - Processing /opt/airflow/dags/dag_with_postgres_operator.py took 0.251 seconds
[2025-02-01T20:29:53.318+0000] {processor.py:186} INFO - Started process (PID=758) to work on /opt/airflow/dags/dag_with_postgres_operator.py
[2025-02-01T20:29:53.319+0000] {processor.py:914} INFO - Processing file /opt/airflow/dags/dag_with_postgres_operator.py for tasks to queue
[2025-02-01T20:29:53.321+0000] {logging_mixin.py:190} INFO - [2025-02-01T20:29:53.320+0000] {dagbag.py:588} INFO - Filling up the DagBag from /opt/airflow/dags/dag_with_postgres_operator.py
[2025-02-01T20:29:53.335+0000] {processor.py:925} INFO - DAG(s) 'dag_with_postgres_operator_v03' retrieved from /opt/airflow/dags/dag_with_postgres_operator.py
[2025-02-01T20:29:53.369+0000] {logging_mixin.py:190} INFO - [2025-02-01T20:29:53.369+0000] {dag.py:3239} INFO - Sync 1 DAGs
[2025-02-01T20:29:53.394+0000] {logging_mixin.py:190} INFO - [2025-02-01T20:29:53.393+0000] {dag.py:4180} INFO - Setting next_dagrun for dag_with_postgres_operator_v03 to 2025-02-01 00:00:00+00:00, run_after=2025-02-02 00:00:00+00:00
[2025-02-01T20:29:53.438+0000] {processor.py:208} INFO - Processing /opt/airflow/dags/dag_with_postgres_operator.py took 0.126 seconds
[2025-02-01T20:45:39.581+0000] {processor.py:186} INFO - Started process (PID=772) to work on /opt/airflow/dags/dag_with_postgres_operator.py
[2025-02-01T20:45:39.583+0000] {processor.py:914} INFO - Processing file /opt/airflow/dags/dag_with_postgres_operator.py for tasks to queue
[2025-02-01T20:45:39.586+0000] {logging_mixin.py:190} INFO - [2025-02-01T20:45:39.585+0000] {dagbag.py:588} INFO - Filling up the DagBag from /opt/airflow/dags/dag_with_postgres_operator.py
[2025-02-01T20:45:39.609+0000] {processor.py:925} INFO - DAG(s) 'dag_with_postgres_operator_v03' retrieved from /opt/airflow/dags/dag_with_postgres_operator.py
[2025-02-01T20:45:39.672+0000] {logging_mixin.py:190} INFO - [2025-02-01T20:45:39.672+0000] {dag.py:3239} INFO - Sync 1 DAGs
[2025-02-01T20:45:39.726+0000] {logging_mixin.py:190} INFO - [2025-02-01T20:45:39.726+0000] {dag.py:4180} INFO - Setting next_dagrun for dag_with_postgres_operator_v03 to 2025-02-01 00:00:00+00:00, run_after=2025-02-02 00:00:00+00:00
[2025-02-01T20:45:39.803+0000] {processor.py:208} INFO - Processing /opt/airflow/dags/dag_with_postgres_operator.py took 0.234 seconds
