[2025-02-01T19:27:45.931+0000] {processor.py:186} INFO - Started process (PID=214) to work on /opt/airflow/dags/sample.py
[2025-02-01T19:27:45.932+0000] {processor.py:914} INFO - Processing file /opt/airflow/dags/sample.py for tasks to queue
[2025-02-01T19:27:45.936+0000] {logging_mixin.py:190} INFO - [2025-02-01T19:27:45.935+0000] {dagbag.py:588} INFO - Filling up the DagBag from /opt/airflow/dags/sample.py
[2025-02-01T19:27:45.953+0000] {processor.py:925} INFO - DAG(s) 'hello_world_dag' retrieved from /opt/airflow/dags/sample.py
[2025-02-01T19:27:45.993+0000] {logging_mixin.py:190} INFO - [2025-02-01T19:27:45.993+0000] {dag.py:3239} INFO - Sync 1 DAGs
[2025-02-01T19:27:46.011+0000] {logging_mixin.py:190} INFO - [2025-02-01T19:27:46.011+0000] {dag.py:4180} INFO - Setting next_dagrun for hello_world_dag to None, run_after=None
[2025-02-01T19:27:46.036+0000] {processor.py:208} INFO - Processing /opt/airflow/dags/sample.py took 0.113 seconds
[2025-02-01T19:28:17.187+0000] {processor.py:186} INFO - Started process (PID=248) to work on /opt/airflow/dags/sample.py
[2025-02-01T19:28:17.189+0000] {processor.py:914} INFO - Processing file /opt/airflow/dags/sample.py for tasks to queue
[2025-02-01T19:28:17.192+0000] {logging_mixin.py:190} INFO - [2025-02-01T19:28:17.191+0000] {dagbag.py:588} INFO - Filling up the DagBag from /opt/airflow/dags/sample.py
[2025-02-01T19:28:17.214+0000] {processor.py:925} INFO - DAG(s) 'hello_world_dag' retrieved from /opt/airflow/dags/sample.py
[2025-02-01T19:28:17.247+0000] {logging_mixin.py:190} INFO - [2025-02-01T19:28:17.247+0000] {dag.py:3239} INFO - Sync 1 DAGs
[2025-02-01T19:28:17.265+0000] {logging_mixin.py:190} INFO - [2025-02-01T19:28:17.265+0000] {dag.py:4180} INFO - Setting next_dagrun for hello_world_dag to None, run_after=None
[2025-02-01T19:28:17.287+0000] {processor.py:208} INFO - Processing /opt/airflow/dags/sample.py took 0.107 seconds
[2025-02-01T19:51:16.517+0000] {processor.py:186} INFO - Started process (PID=273) to work on /opt/airflow/dags/sample.py
[2025-02-01T19:51:16.519+0000] {processor.py:914} INFO - Processing file /opt/airflow/dags/sample.py for tasks to queue
[2025-02-01T19:51:16.534+0000] {logging_mixin.py:190} INFO - [2025-02-01T19:51:16.533+0000] {dagbag.py:588} INFO - Filling up the DagBag from /opt/airflow/dags/sample.py
[2025-02-01T19:51:16.564+0000] {processor.py:925} INFO - DAG(s) 'hello_world_dag' retrieved from /opt/airflow/dags/sample.py
[2025-02-01T19:51:16.640+0000] {logging_mixin.py:190} INFO - [2025-02-01T19:51:16.640+0000] {dag.py:3239} INFO - Sync 1 DAGs
[2025-02-01T19:51:16.673+0000] {logging_mixin.py:190} INFO - [2025-02-01T19:51:16.673+0000] {dag.py:4180} INFO - Setting next_dagrun for hello_world_dag to None, run_after=None
[2025-02-01T19:51:16.719+0000] {processor.py:208} INFO - Processing /opt/airflow/dags/sample.py took 0.211 seconds
[2025-02-01T19:51:47.241+0000] {processor.py:186} INFO - Started process (PID=299) to work on /opt/airflow/dags/sample.py
[2025-02-01T19:51:47.243+0000] {processor.py:914} INFO - Processing file /opt/airflow/dags/sample.py for tasks to queue
[2025-02-01T19:51:47.246+0000] {logging_mixin.py:190} INFO - [2025-02-01T19:51:47.245+0000] {dagbag.py:588} INFO - Filling up the DagBag from /opt/airflow/dags/sample.py
[2025-02-01T19:51:47.268+0000] {processor.py:925} INFO - DAG(s) 'hello_world_dag' retrieved from /opt/airflow/dags/sample.py
[2025-02-01T19:51:47.301+0000] {logging_mixin.py:190} INFO - [2025-02-01T19:51:47.300+0000] {dag.py:3239} INFO - Sync 1 DAGs
[2025-02-01T19:51:47.316+0000] {logging_mixin.py:190} INFO - [2025-02-01T19:51:47.316+0000] {dag.py:4180} INFO - Setting next_dagrun for hello_world_dag to None, run_after=None
[2025-02-01T19:51:47.336+0000] {processor.py:208} INFO - Processing /opt/airflow/dags/sample.py took 0.104 seconds
[2025-02-01T19:52:17.841+0000] {processor.py:186} INFO - Started process (PID=320) to work on /opt/airflow/dags/sample.py
[2025-02-01T19:52:17.843+0000] {processor.py:914} INFO - Processing file /opt/airflow/dags/sample.py for tasks to queue
[2025-02-01T19:52:17.846+0000] {logging_mixin.py:190} INFO - [2025-02-01T19:52:17.845+0000] {dagbag.py:588} INFO - Filling up the DagBag from /opt/airflow/dags/sample.py
[2025-02-01T19:52:17.869+0000] {processor.py:925} INFO - DAG(s) 'hello_world_dag' retrieved from /opt/airflow/dags/sample.py
[2025-02-01T19:52:17.903+0000] {logging_mixin.py:190} INFO - [2025-02-01T19:52:17.903+0000] {dag.py:3239} INFO - Sync 1 DAGs
[2025-02-01T19:52:17.918+0000] {logging_mixin.py:190} INFO - [2025-02-01T19:52:17.918+0000] {dag.py:4180} INFO - Setting next_dagrun for hello_world_dag to None, run_after=None
[2025-02-01T19:52:17.939+0000] {processor.py:208} INFO - Processing /opt/airflow/dags/sample.py took 0.106 seconds
[2025-02-01T19:52:48.107+0000] {processor.py:186} INFO - Started process (PID=344) to work on /opt/airflow/dags/sample.py
[2025-02-01T19:52:48.109+0000] {processor.py:914} INFO - Processing file /opt/airflow/dags/sample.py for tasks to queue
[2025-02-01T19:52:48.113+0000] {logging_mixin.py:190} INFO - [2025-02-01T19:52:48.112+0000] {dagbag.py:588} INFO - Filling up the DagBag from /opt/airflow/dags/sample.py
[2025-02-01T19:52:48.135+0000] {processor.py:925} INFO - DAG(s) 'hello_world_dag' retrieved from /opt/airflow/dags/sample.py
[2025-02-01T19:52:48.182+0000] {logging_mixin.py:190} INFO - [2025-02-01T19:52:48.181+0000] {dag.py:3239} INFO - Sync 1 DAGs
[2025-02-01T19:52:48.209+0000] {logging_mixin.py:190} INFO - [2025-02-01T19:52:48.209+0000] {dag.py:4180} INFO - Setting next_dagrun for hello_world_dag to None, run_after=None
[2025-02-01T19:52:48.240+0000] {processor.py:208} INFO - Processing /opt/airflow/dags/sample.py took 0.143 seconds
[2025-02-01T19:53:18.325+0000] {processor.py:186} INFO - Started process (PID=371) to work on /opt/airflow/dags/sample.py
[2025-02-01T19:53:18.327+0000] {processor.py:914} INFO - Processing file /opt/airflow/dags/sample.py for tasks to queue
[2025-02-01T19:53:18.331+0000] {logging_mixin.py:190} INFO - [2025-02-01T19:53:18.331+0000] {dagbag.py:588} INFO - Filling up the DagBag from /opt/airflow/dags/sample.py
[2025-02-01T19:53:18.353+0000] {processor.py:925} INFO - DAG(s) 'hello_world_dag' retrieved from /opt/airflow/dags/sample.py
[2025-02-01T19:53:18.394+0000] {logging_mixin.py:190} INFO - [2025-02-01T19:53:18.393+0000] {dag.py:3239} INFO - Sync 1 DAGs
[2025-02-01T19:53:18.414+0000] {logging_mixin.py:190} INFO - [2025-02-01T19:53:18.414+0000] {dag.py:4180} INFO - Setting next_dagrun for hello_world_dag to None, run_after=None
[2025-02-01T19:53:18.439+0000] {processor.py:208} INFO - Processing /opt/airflow/dags/sample.py took 0.125 seconds
[2025-02-01T19:53:48.495+0000] {processor.py:186} INFO - Started process (PID=398) to work on /opt/airflow/dags/sample.py
[2025-02-01T19:53:48.497+0000] {processor.py:914} INFO - Processing file /opt/airflow/dags/sample.py for tasks to queue
[2025-02-01T19:53:48.500+0000] {logging_mixin.py:190} INFO - [2025-02-01T19:53:48.499+0000] {dagbag.py:588} INFO - Filling up the DagBag from /opt/airflow/dags/sample.py
[2025-02-01T19:53:48.515+0000] {processor.py:925} INFO - DAG(s) 'hello_world_dag' retrieved from /opt/airflow/dags/sample.py
[2025-02-01T19:53:48.546+0000] {logging_mixin.py:190} INFO - [2025-02-01T19:53:48.546+0000] {dag.py:3239} INFO - Sync 1 DAGs
[2025-02-01T19:53:48.562+0000] {logging_mixin.py:190} INFO - [2025-02-01T19:53:48.562+0000] {dag.py:4180} INFO - Setting next_dagrun for hello_world_dag to None, run_after=None
[2025-02-01T19:53:48.585+0000] {processor.py:208} INFO - Processing /opt/airflow/dags/sample.py took 0.096 seconds
[2025-02-01T19:54:18.632+0000] {processor.py:186} INFO - Started process (PID=425) to work on /opt/airflow/dags/sample.py
[2025-02-01T19:54:18.633+0000] {processor.py:914} INFO - Processing file /opt/airflow/dags/sample.py for tasks to queue
[2025-02-01T19:54:18.636+0000] {logging_mixin.py:190} INFO - [2025-02-01T19:54:18.636+0000] {dagbag.py:588} INFO - Filling up the DagBag from /opt/airflow/dags/sample.py
[2025-02-01T19:54:18.653+0000] {processor.py:925} INFO - DAG(s) 'hello_world_dag' retrieved from /opt/airflow/dags/sample.py
[2025-02-01T19:54:18.686+0000] {logging_mixin.py:190} INFO - [2025-02-01T19:54:18.685+0000] {dag.py:3239} INFO - Sync 1 DAGs
[2025-02-01T19:54:18.702+0000] {logging_mixin.py:190} INFO - [2025-02-01T19:54:18.701+0000] {dag.py:4180} INFO - Setting next_dagrun for hello_world_dag to None, run_after=None
[2025-02-01T19:54:18.723+0000] {processor.py:208} INFO - Processing /opt/airflow/dags/sample.py took 0.097 seconds
[2025-02-01T19:54:48.824+0000] {processor.py:186} INFO - Started process (PID=452) to work on /opt/airflow/dags/sample.py
[2025-02-01T19:54:48.825+0000] {processor.py:914} INFO - Processing file /opt/airflow/dags/sample.py for tasks to queue
[2025-02-01T19:54:48.828+0000] {logging_mixin.py:190} INFO - [2025-02-01T19:54:48.828+0000] {dagbag.py:588} INFO - Filling up the DagBag from /opt/airflow/dags/sample.py
[2025-02-01T19:54:48.845+0000] {processor.py:925} INFO - DAG(s) 'hello_world_dag' retrieved from /opt/airflow/dags/sample.py
[2025-02-01T19:54:48.881+0000] {logging_mixin.py:190} INFO - [2025-02-01T19:54:48.880+0000] {dag.py:3239} INFO - Sync 1 DAGs
[2025-02-01T19:54:48.897+0000] {logging_mixin.py:190} INFO - [2025-02-01T19:54:48.897+0000] {dag.py:4180} INFO - Setting next_dagrun for hello_world_dag to None, run_after=None
[2025-02-01T19:54:48.920+0000] {processor.py:208} INFO - Processing /opt/airflow/dags/sample.py took 0.104 seconds
[2025-02-01T19:55:19.002+0000] {processor.py:186} INFO - Started process (PID=479) to work on /opt/airflow/dags/sample.py
[2025-02-01T19:55:19.004+0000] {processor.py:914} INFO - Processing file /opt/airflow/dags/sample.py for tasks to queue
[2025-02-01T19:55:19.007+0000] {logging_mixin.py:190} INFO - [2025-02-01T19:55:19.007+0000] {dagbag.py:588} INFO - Filling up the DagBag from /opt/airflow/dags/sample.py
[2025-02-01T19:55:19.024+0000] {processor.py:925} INFO - DAG(s) 'hello_world_dag' retrieved from /opt/airflow/dags/sample.py
[2025-02-01T19:55:19.057+0000] {logging_mixin.py:190} INFO - [2025-02-01T19:55:19.056+0000] {dag.py:3239} INFO - Sync 1 DAGs
[2025-02-01T19:55:19.073+0000] {logging_mixin.py:190} INFO - [2025-02-01T19:55:19.073+0000] {dag.py:4180} INFO - Setting next_dagrun for hello_world_dag to None, run_after=None
[2025-02-01T19:55:19.097+0000] {processor.py:208} INFO - Processing /opt/airflow/dags/sample.py took 0.101 seconds
[2025-02-01T19:55:49.160+0000] {processor.py:186} INFO - Started process (PID=506) to work on /opt/airflow/dags/sample.py
[2025-02-01T19:55:49.162+0000] {processor.py:914} INFO - Processing file /opt/airflow/dags/sample.py for tasks to queue
[2025-02-01T19:55:49.165+0000] {logging_mixin.py:190} INFO - [2025-02-01T19:55:49.164+0000] {dagbag.py:588} INFO - Filling up the DagBag from /opt/airflow/dags/sample.py
[2025-02-01T19:55:49.182+0000] {processor.py:925} INFO - DAG(s) 'hello_world_dag' retrieved from /opt/airflow/dags/sample.py
[2025-02-01T19:55:49.210+0000] {logging_mixin.py:190} INFO - [2025-02-01T19:55:49.210+0000] {dag.py:3239} INFO - Sync 1 DAGs
[2025-02-01T19:55:49.225+0000] {logging_mixin.py:190} INFO - [2025-02-01T19:55:49.225+0000] {dag.py:4180} INFO - Setting next_dagrun for hello_world_dag to None, run_after=None
[2025-02-01T19:55:49.245+0000] {processor.py:208} INFO - Processing /opt/airflow/dags/sample.py took 0.094 seconds
[2025-02-01T19:56:19.341+0000] {processor.py:186} INFO - Started process (PID=533) to work on /opt/airflow/dags/sample.py
[2025-02-01T19:56:19.342+0000] {processor.py:914} INFO - Processing file /opt/airflow/dags/sample.py for tasks to queue
[2025-02-01T19:56:19.345+0000] {logging_mixin.py:190} INFO - [2025-02-01T19:56:19.344+0000] {dagbag.py:588} INFO - Filling up the DagBag from /opt/airflow/dags/sample.py
[2025-02-01T19:56:19.361+0000] {processor.py:925} INFO - DAG(s) 'hello_world_dag' retrieved from /opt/airflow/dags/sample.py
[2025-02-01T19:56:19.390+0000] {logging_mixin.py:190} INFO - [2025-02-01T19:56:19.390+0000] {dag.py:3239} INFO - Sync 1 DAGs
[2025-02-01T19:56:19.405+0000] {logging_mixin.py:190} INFO - [2025-02-01T19:56:19.405+0000] {dag.py:4180} INFO - Setting next_dagrun for hello_world_dag to None, run_after=None
[2025-02-01T19:56:19.437+0000] {processor.py:208} INFO - Processing /opt/airflow/dags/sample.py took 0.104 seconds
[2025-02-01T19:59:03.528+0000] {processor.py:186} INFO - Started process (PID=226) to work on /opt/airflow/dags/sample.py
[2025-02-01T19:59:03.529+0000] {processor.py:914} INFO - Processing file /opt/airflow/dags/sample.py for tasks to queue
[2025-02-01T19:59:03.533+0000] {logging_mixin.py:190} INFO - [2025-02-01T19:59:03.532+0000] {dagbag.py:588} INFO - Filling up the DagBag from /opt/airflow/dags/sample.py
[2025-02-01T19:59:03.551+0000] {processor.py:925} INFO - DAG(s) 'hello_world_dag' retrieved from /opt/airflow/dags/sample.py
[2025-02-01T19:59:03.586+0000] {logging_mixin.py:190} INFO - [2025-02-01T19:59:03.586+0000] {dag.py:3239} INFO - Sync 1 DAGs
[2025-02-01T19:59:03.607+0000] {logging_mixin.py:190} INFO - [2025-02-01T19:59:03.606+0000] {dag.py:4180} INFO - Setting next_dagrun for hello_world_dag to None, run_after=None
[2025-02-01T19:59:03.656+0000] {processor.py:208} INFO - Processing /opt/airflow/dags/sample.py took 0.135 seconds
[2025-02-01T20:01:20.609+0000] {processor.py:186} INFO - Started process (PID=572) to work on /opt/airflow/dags/sample.py
[2025-02-01T20:01:20.610+0000] {processor.py:914} INFO - Processing file /opt/airflow/dags/sample.py for tasks to queue
[2025-02-01T20:01:20.613+0000] {logging_mixin.py:190} INFO - [2025-02-01T20:01:20.612+0000] {dagbag.py:588} INFO - Filling up the DagBag from /opt/airflow/dags/sample.py
[2025-02-01T20:01:20.628+0000] {processor.py:925} INFO - DAG(s) 'hello_world_dag' retrieved from /opt/airflow/dags/sample.py
[2025-02-01T20:01:20.657+0000] {logging_mixin.py:190} INFO - [2025-02-01T20:01:20.656+0000] {dag.py:3239} INFO - Sync 1 DAGs
[2025-02-01T20:01:20.675+0000] {logging_mixin.py:190} INFO - [2025-02-01T20:01:20.675+0000] {dag.py:4180} INFO - Setting next_dagrun for hello_world_dag to None, run_after=None
[2025-02-01T20:01:20.718+0000] {processor.py:208} INFO - Processing /opt/airflow/dags/sample.py took 0.115 seconds
[2025-02-01T20:01:51.048+0000] {processor.py:186} INFO - Started process (PID=624) to work on /opt/airflow/dags/sample.py
[2025-02-01T20:01:51.050+0000] {processor.py:914} INFO - Processing file /opt/airflow/dags/sample.py for tasks to queue
[2025-02-01T20:01:51.053+0000] {logging_mixin.py:190} INFO - [2025-02-01T20:01:51.052+0000] {dagbag.py:588} INFO - Filling up the DagBag from /opt/airflow/dags/sample.py
[2025-02-01T20:01:51.069+0000] {processor.py:925} INFO - DAG(s) 'hello_world_dag' retrieved from /opt/airflow/dags/sample.py
[2025-02-01T20:01:51.102+0000] {logging_mixin.py:190} INFO - [2025-02-01T20:01:51.102+0000] {dag.py:3239} INFO - Sync 1 DAGs
[2025-02-01T20:01:51.121+0000] {logging_mixin.py:190} INFO - [2025-02-01T20:01:51.120+0000] {dag.py:4180} INFO - Setting next_dagrun for hello_world_dag to None, run_after=None
[2025-02-01T20:01:51.162+0000] {processor.py:208} INFO - Processing /opt/airflow/dags/sample.py took 0.120 seconds
[2025-02-01T20:02:21.726+0000] {processor.py:186} INFO - Started process (PID=631) to work on /opt/airflow/dags/sample.py
[2025-02-01T20:02:21.727+0000] {processor.py:914} INFO - Processing file /opt/airflow/dags/sample.py for tasks to queue
[2025-02-01T20:02:21.731+0000] {logging_mixin.py:190} INFO - [2025-02-01T20:02:21.731+0000] {dagbag.py:588} INFO - Filling up the DagBag from /opt/airflow/dags/sample.py
[2025-02-01T20:02:21.750+0000] {processor.py:925} INFO - DAG(s) 'hello_world_dag' retrieved from /opt/airflow/dags/sample.py
[2025-02-01T20:02:21.788+0000] {logging_mixin.py:190} INFO - [2025-02-01T20:02:21.788+0000] {dag.py:3239} INFO - Sync 1 DAGs
[2025-02-01T20:02:21.806+0000] {logging_mixin.py:190} INFO - [2025-02-01T20:02:21.806+0000] {dag.py:4180} INFO - Setting next_dagrun for hello_world_dag to None, run_after=None
[2025-02-01T20:02:21.853+0000] {processor.py:208} INFO - Processing /opt/airflow/dags/sample.py took 0.134 seconds
[2025-02-01T20:02:52.372+0000] {processor.py:186} INFO - Started process (PID=638) to work on /opt/airflow/dags/sample.py
[2025-02-01T20:02:52.373+0000] {processor.py:914} INFO - Processing file /opt/airflow/dags/sample.py for tasks to queue
[2025-02-01T20:02:52.376+0000] {logging_mixin.py:190} INFO - [2025-02-01T20:02:52.376+0000] {dagbag.py:588} INFO - Filling up the DagBag from /opt/airflow/dags/sample.py
[2025-02-01T20:02:52.390+0000] {processor.py:925} INFO - DAG(s) 'hello_world_dag' retrieved from /opt/airflow/dags/sample.py
[2025-02-01T20:02:52.423+0000] {logging_mixin.py:190} INFO - [2025-02-01T20:02:52.423+0000] {dag.py:3239} INFO - Sync 1 DAGs
[2025-02-01T20:02:52.438+0000] {logging_mixin.py:190} INFO - [2025-02-01T20:02:52.438+0000] {dag.py:4180} INFO - Setting next_dagrun for hello_world_dag to None, run_after=None
[2025-02-01T20:02:52.477+0000] {processor.py:208} INFO - Processing /opt/airflow/dags/sample.py took 0.111 seconds
[2025-02-01T20:03:22.965+0000] {processor.py:186} INFO - Started process (PID=645) to work on /opt/airflow/dags/sample.py
[2025-02-01T20:03:22.966+0000] {processor.py:914} INFO - Processing file /opt/airflow/dags/sample.py for tasks to queue
[2025-02-01T20:03:22.969+0000] {logging_mixin.py:190} INFO - [2025-02-01T20:03:22.968+0000] {dagbag.py:588} INFO - Filling up the DagBag from /opt/airflow/dags/sample.py
[2025-02-01T20:03:22.984+0000] {processor.py:925} INFO - DAG(s) 'hello_world_dag' retrieved from /opt/airflow/dags/sample.py
[2025-02-01T20:03:23.014+0000] {logging_mixin.py:190} INFO - [2025-02-01T20:03:23.014+0000] {dag.py:3239} INFO - Sync 1 DAGs
[2025-02-01T20:03:23.029+0000] {logging_mixin.py:190} INFO - [2025-02-01T20:03:23.029+0000] {dag.py:4180} INFO - Setting next_dagrun for hello_world_dag to None, run_after=None
[2025-02-01T20:03:23.068+0000] {processor.py:208} INFO - Processing /opt/airflow/dags/sample.py took 0.112 seconds
[2025-02-01T20:03:53.383+0000] {processor.py:186} INFO - Started process (PID=652) to work on /opt/airflow/dags/sample.py
[2025-02-01T20:03:53.385+0000] {processor.py:914} INFO - Processing file /opt/airflow/dags/sample.py for tasks to queue
[2025-02-01T20:03:53.387+0000] {logging_mixin.py:190} INFO - [2025-02-01T20:03:53.387+0000] {dagbag.py:588} INFO - Filling up the DagBag from /opt/airflow/dags/sample.py
[2025-02-01T20:03:53.404+0000] {processor.py:925} INFO - DAG(s) 'hello_world_dag' retrieved from /opt/airflow/dags/sample.py
[2025-02-01T20:03:53.432+0000] {logging_mixin.py:190} INFO - [2025-02-01T20:03:53.432+0000] {dag.py:3239} INFO - Sync 1 DAGs
[2025-02-01T20:03:53.448+0000] {logging_mixin.py:190} INFO - [2025-02-01T20:03:53.448+0000] {dag.py:4180} INFO - Setting next_dagrun for hello_world_dag to None, run_after=None
[2025-02-01T20:03:53.486+0000] {processor.py:208} INFO - Processing /opt/airflow/dags/sample.py took 0.109 seconds
[2025-02-01T20:04:24.327+0000] {processor.py:186} INFO - Started process (PID=659) to work on /opt/airflow/dags/sample.py
[2025-02-01T20:04:24.328+0000] {processor.py:914} INFO - Processing file /opt/airflow/dags/sample.py for tasks to queue
[2025-02-01T20:04:24.331+0000] {logging_mixin.py:190} INFO - [2025-02-01T20:04:24.330+0000] {dagbag.py:588} INFO - Filling up the DagBag from /opt/airflow/dags/sample.py
[2025-02-01T20:04:24.346+0000] {processor.py:925} INFO - DAG(s) 'hello_world_dag' retrieved from /opt/airflow/dags/sample.py
[2025-02-01T20:04:24.376+0000] {logging_mixin.py:190} INFO - [2025-02-01T20:04:24.376+0000] {dag.py:3239} INFO - Sync 1 DAGs
[2025-02-01T20:04:24.392+0000] {logging_mixin.py:190} INFO - [2025-02-01T20:04:24.391+0000] {dag.py:4180} INFO - Setting next_dagrun for hello_world_dag to None, run_after=None
[2025-02-01T20:04:24.431+0000] {processor.py:208} INFO - Processing /opt/airflow/dags/sample.py took 0.112 seconds
[2025-02-01T20:04:55.099+0000] {processor.py:186} INFO - Started process (PID=678) to work on /opt/airflow/dags/sample.py
[2025-02-01T20:04:55.100+0000] {processor.py:914} INFO - Processing file /opt/airflow/dags/sample.py for tasks to queue
[2025-02-01T20:04:55.102+0000] {logging_mixin.py:190} INFO - [2025-02-01T20:04:55.102+0000] {dagbag.py:588} INFO - Filling up the DagBag from /opt/airflow/dags/sample.py
[2025-02-01T20:04:55.116+0000] {processor.py:925} INFO - DAG(s) 'hello_world_dag' retrieved from /opt/airflow/dags/sample.py
[2025-02-01T20:04:55.143+0000] {logging_mixin.py:190} INFO - [2025-02-01T20:04:55.143+0000] {dag.py:3239} INFO - Sync 1 DAGs
[2025-02-01T20:04:55.159+0000] {logging_mixin.py:190} INFO - [2025-02-01T20:04:55.159+0000] {dag.py:4180} INFO - Setting next_dagrun for hello_world_dag to None, run_after=None
[2025-02-01T20:04:55.199+0000] {processor.py:208} INFO - Processing /opt/airflow/dags/sample.py took 0.107 seconds
[2025-02-01T20:05:25.467+0000] {processor.py:186} INFO - Started process (PID=685) to work on /opt/airflow/dags/sample.py
[2025-02-01T20:05:25.469+0000] {processor.py:914} INFO - Processing file /opt/airflow/dags/sample.py for tasks to queue
[2025-02-01T20:05:25.472+0000] {logging_mixin.py:190} INFO - [2025-02-01T20:05:25.471+0000] {dagbag.py:588} INFO - Filling up the DagBag from /opt/airflow/dags/sample.py
[2025-02-01T20:05:25.488+0000] {processor.py:925} INFO - DAG(s) 'hello_world_dag' retrieved from /opt/airflow/dags/sample.py
[2025-02-01T20:05:25.518+0000] {logging_mixin.py:190} INFO - [2025-02-01T20:05:25.517+0000] {dag.py:3239} INFO - Sync 1 DAGs
[2025-02-01T20:05:25.534+0000] {logging_mixin.py:190} INFO - [2025-02-01T20:05:25.533+0000] {dag.py:4180} INFO - Setting next_dagrun for hello_world_dag to None, run_after=None
[2025-02-01T20:05:25.576+0000] {processor.py:208} INFO - Processing /opt/airflow/dags/sample.py took 0.115 seconds
[2025-02-01T20:05:56.727+0000] {processor.py:186} INFO - Started process (PID=692) to work on /opt/airflow/dags/sample.py
[2025-02-01T20:05:56.728+0000] {processor.py:914} INFO - Processing file /opt/airflow/dags/sample.py for tasks to queue
[2025-02-01T20:05:56.733+0000] {logging_mixin.py:190} INFO - [2025-02-01T20:05:56.731+0000] {dagbag.py:588} INFO - Filling up the DagBag from /opt/airflow/dags/sample.py
[2025-02-01T20:05:56.750+0000] {processor.py:925} INFO - DAG(s) 'hello_world_dag' retrieved from /opt/airflow/dags/sample.py
[2025-02-01T20:05:56.792+0000] {logging_mixin.py:190} INFO - [2025-02-01T20:05:56.792+0000] {dag.py:3239} INFO - Sync 1 DAGs
[2025-02-01T20:05:56.814+0000] {logging_mixin.py:190} INFO - [2025-02-01T20:05:56.814+0000] {dag.py:4180} INFO - Setting next_dagrun for hello_world_dag to None, run_after=None
[2025-02-01T20:05:56.864+0000] {processor.py:208} INFO - Processing /opt/airflow/dags/sample.py took 0.145 seconds
[2025-02-01T20:06:27.948+0000] {processor.py:186} INFO - Started process (PID=699) to work on /opt/airflow/dags/sample.py
[2025-02-01T20:06:27.950+0000] {processor.py:914} INFO - Processing file /opt/airflow/dags/sample.py for tasks to queue
[2025-02-01T20:06:27.955+0000] {logging_mixin.py:190} INFO - [2025-02-01T20:06:27.954+0000] {dagbag.py:588} INFO - Filling up the DagBag from /opt/airflow/dags/sample.py
[2025-02-01T20:06:27.975+0000] {processor.py:925} INFO - DAG(s) 'hello_world_dag' retrieved from /opt/airflow/dags/sample.py
[2025-02-01T20:06:28.016+0000] {logging_mixin.py:190} INFO - [2025-02-01T20:06:28.016+0000] {dag.py:3239} INFO - Sync 1 DAGs
[2025-02-01T20:06:28.037+0000] {logging_mixin.py:190} INFO - [2025-02-01T20:06:28.036+0000] {dag.py:4180} INFO - Setting next_dagrun for hello_world_dag to None, run_after=None
[2025-02-01T20:06:28.099+0000] {processor.py:208} INFO - Processing /opt/airflow/dags/sample.py took 0.159 seconds
[2025-02-01T20:06:59.206+0000] {processor.py:186} INFO - Started process (PID=706) to work on /opt/airflow/dags/sample.py
[2025-02-01T20:06:59.208+0000] {processor.py:914} INFO - Processing file /opt/airflow/dags/sample.py for tasks to queue
[2025-02-01T20:06:59.212+0000] {logging_mixin.py:190} INFO - [2025-02-01T20:06:59.211+0000] {dagbag.py:588} INFO - Filling up the DagBag from /opt/airflow/dags/sample.py
[2025-02-01T20:06:59.234+0000] {processor.py:925} INFO - DAG(s) 'hello_world_dag' retrieved from /opt/airflow/dags/sample.py
[2025-02-01T20:06:59.268+0000] {logging_mixin.py:190} INFO - [2025-02-01T20:06:59.267+0000] {dag.py:3239} INFO - Sync 1 DAGs
[2025-02-01T20:06:59.285+0000] {logging_mixin.py:190} INFO - [2025-02-01T20:06:59.285+0000] {dag.py:4180} INFO - Setting next_dagrun for hello_world_dag to None, run_after=None
[2025-02-01T20:06:59.341+0000] {processor.py:208} INFO - Processing /opt/airflow/dags/sample.py took 0.143 seconds
[2025-02-01T20:07:29.525+0000] {processor.py:186} INFO - Started process (PID=713) to work on /opt/airflow/dags/sample.py
[2025-02-01T20:07:29.526+0000] {processor.py:914} INFO - Processing file /opt/airflow/dags/sample.py for tasks to queue
[2025-02-01T20:07:29.529+0000] {logging_mixin.py:190} INFO - [2025-02-01T20:07:29.529+0000] {dagbag.py:588} INFO - Filling up the DagBag from /opt/airflow/dags/sample.py
[2025-02-01T20:07:29.547+0000] {processor.py:925} INFO - DAG(s) 'hello_world_dag' retrieved from /opt/airflow/dags/sample.py
[2025-02-01T20:07:29.582+0000] {logging_mixin.py:190} INFO - [2025-02-01T20:07:29.582+0000] {dag.py:3239} INFO - Sync 1 DAGs
[2025-02-01T20:07:29.600+0000] {logging_mixin.py:190} INFO - [2025-02-01T20:07:29.599+0000] {dag.py:4180} INFO - Setting next_dagrun for hello_world_dag to None, run_after=None
[2025-02-01T20:07:29.648+0000] {processor.py:208} INFO - Processing /opt/airflow/dags/sample.py took 0.130 seconds
[2025-02-01T20:08:00.488+0000] {processor.py:186} INFO - Started process (PID=720) to work on /opt/airflow/dags/sample.py
[2025-02-01T20:08:00.490+0000] {processor.py:914} INFO - Processing file /opt/airflow/dags/sample.py for tasks to queue
[2025-02-01T20:08:00.493+0000] {logging_mixin.py:190} INFO - [2025-02-01T20:08:00.493+0000] {dagbag.py:588} INFO - Filling up the DagBag from /opt/airflow/dags/sample.py
[2025-02-01T20:08:00.507+0000] {processor.py:925} INFO - DAG(s) 'hello_world_dag' retrieved from /opt/airflow/dags/sample.py
[2025-02-01T20:08:00.541+0000] {logging_mixin.py:190} INFO - [2025-02-01T20:08:00.540+0000] {dag.py:3239} INFO - Sync 1 DAGs
[2025-02-01T20:08:00.556+0000] {logging_mixin.py:190} INFO - [2025-02-01T20:08:00.556+0000] {dag.py:4180} INFO - Setting next_dagrun for hello_world_dag to None, run_after=None
[2025-02-01T20:08:00.597+0000] {processor.py:208} INFO - Processing /opt/airflow/dags/sample.py took 0.115 seconds
[2025-02-01T20:08:31.331+0000] {processor.py:186} INFO - Started process (PID=727) to work on /opt/airflow/dags/sample.py
[2025-02-01T20:08:31.332+0000] {processor.py:914} INFO - Processing file /opt/airflow/dags/sample.py for tasks to queue
[2025-02-01T20:08:31.335+0000] {logging_mixin.py:190} INFO - [2025-02-01T20:08:31.334+0000] {dagbag.py:588} INFO - Filling up the DagBag from /opt/airflow/dags/sample.py
[2025-02-01T20:08:31.351+0000] {processor.py:925} INFO - DAG(s) 'hello_world_dag' retrieved from /opt/airflow/dags/sample.py
[2025-02-01T20:08:31.386+0000] {logging_mixin.py:190} INFO - [2025-02-01T20:08:31.386+0000] {dag.py:3239} INFO - Sync 1 DAGs
[2025-02-01T20:08:31.404+0000] {logging_mixin.py:190} INFO - [2025-02-01T20:08:31.404+0000] {dag.py:4180} INFO - Setting next_dagrun for hello_world_dag to None, run_after=None
[2025-02-01T20:08:31.454+0000] {processor.py:208} INFO - Processing /opt/airflow/dags/sample.py took 0.131 seconds
[2025-02-01T20:11:44.637+0000] {processor.py:186} INFO - Started process (PID=738) to work on /opt/airflow/dags/sample.py
[2025-02-01T20:11:44.642+0000] {processor.py:914} INFO - Processing file /opt/airflow/dags/sample.py for tasks to queue
[2025-02-01T20:11:44.656+0000] {logging_mixin.py:190} INFO - [2025-02-01T20:11:44.654+0000] {dagbag.py:588} INFO - Filling up the DagBag from /opt/airflow/dags/sample.py
[2025-02-01T20:11:44.743+0000] {processor.py:925} INFO - DAG(s) 'hello_world_dag' retrieved from /opt/airflow/dags/sample.py
[2025-02-01T20:11:44.875+0000] {logging_mixin.py:190} INFO - [2025-02-01T20:11:44.874+0000] {dag.py:3239} INFO - Sync 1 DAGs
[2025-02-01T20:11:44.938+0000] {logging_mixin.py:190} INFO - [2025-02-01T20:11:44.937+0000] {dag.py:4180} INFO - Setting next_dagrun for hello_world_dag to None, run_after=None
[2025-02-01T20:11:45.097+0000] {processor.py:208} INFO - Processing /opt/airflow/dags/sample.py took 0.490 seconds
[2025-02-01T20:14:45.418+0000] {processor.py:186} INFO - Started process (PID=747) to work on /opt/airflow/dags/sample.py
[2025-02-01T20:14:45.420+0000] {processor.py:914} INFO - Processing file /opt/airflow/dags/sample.py for tasks to queue
[2025-02-01T20:14:45.424+0000] {logging_mixin.py:190} INFO - [2025-02-01T20:14:45.424+0000] {dagbag.py:588} INFO - Filling up the DagBag from /opt/airflow/dags/sample.py
[2025-02-01T20:14:45.463+0000] {processor.py:925} INFO - DAG(s) 'hello_world_dag' retrieved from /opt/airflow/dags/sample.py
[2025-02-01T20:14:45.530+0000] {logging_mixin.py:190} INFO - [2025-02-01T20:14:45.530+0000] {dag.py:3239} INFO - Sync 1 DAGs
[2025-02-01T20:14:45.560+0000] {logging_mixin.py:190} INFO - [2025-02-01T20:14:45.559+0000] {dag.py:4180} INFO - Setting next_dagrun for hello_world_dag to None, run_after=None
[2025-02-01T20:14:45.633+0000] {processor.py:208} INFO - Processing /opt/airflow/dags/sample.py took 0.228 seconds
[2025-02-01T20:29:52.016+0000] {processor.py:186} INFO - Started process (PID=757) to work on /opt/airflow/dags/sample.py
[2025-02-01T20:29:52.017+0000] {processor.py:914} INFO - Processing file /opt/airflow/dags/sample.py for tasks to queue
[2025-02-01T20:29:52.019+0000] {logging_mixin.py:190} INFO - [2025-02-01T20:29:52.019+0000] {dagbag.py:588} INFO - Filling up the DagBag from /opt/airflow/dags/sample.py
[2025-02-01T20:29:52.033+0000] {processor.py:925} INFO - DAG(s) 'hello_world_dag' retrieved from /opt/airflow/dags/sample.py
[2025-02-01T20:29:52.087+0000] {logging_mixin.py:190} INFO - [2025-02-01T20:29:52.086+0000] {dag.py:3239} INFO - Sync 1 DAGs
[2025-02-01T20:29:52.101+0000] {logging_mixin.py:190} INFO - [2025-02-01T20:29:52.101+0000] {dag.py:4180} INFO - Setting next_dagrun for hello_world_dag to None, run_after=None
[2025-02-01T20:29:52.140+0000] {processor.py:208} INFO - Processing /opt/airflow/dags/sample.py took 0.131 seconds
[2025-02-01T20:45:38.164+0000] {processor.py:186} INFO - Started process (PID=771) to work on /opt/airflow/dags/sample.py
[2025-02-01T20:45:38.166+0000] {processor.py:914} INFO - Processing file /opt/airflow/dags/sample.py for tasks to queue
[2025-02-01T20:45:38.168+0000] {logging_mixin.py:190} INFO - [2025-02-01T20:45:38.168+0000] {dagbag.py:588} INFO - Filling up the DagBag from /opt/airflow/dags/sample.py
[2025-02-01T20:45:38.184+0000] {processor.py:925} INFO - DAG(s) 'hello_world_dag' retrieved from /opt/airflow/dags/sample.py
[2025-02-01T20:45:38.244+0000] {logging_mixin.py:190} INFO - [2025-02-01T20:45:38.244+0000] {dag.py:3239} INFO - Sync 1 DAGs
[2025-02-01T20:45:38.271+0000] {logging_mixin.py:190} INFO - [2025-02-01T20:45:38.271+0000] {dag.py:4180} INFO - Setting next_dagrun for hello_world_dag to None, run_after=None
[2025-02-01T20:45:38.338+0000] {processor.py:208} INFO - Processing /opt/airflow/dags/sample.py took 0.185 seconds
