[2025-02-01T19:27:44.270+0000] {processor.py:186} INFO - Started process (PID=203) to work on /opt/airflow/dags/weather_etl_dag.py
[2025-02-01T19:27:44.274+0000] {processor.py:914} INFO - Processing file /opt/airflow/dags/weather_etl_dag.py for tasks to queue
[2025-02-01T19:27:44.278+0000] {logging_mixin.py:190} INFO - [2025-02-01T19:27:44.278+0000] {dagbag.py:588} INFO - Filling up the DagBag from /opt/airflow/dags/weather_etl_dag.py
[2025-02-01T19:27:45.751+0000] {processor.py:925} INFO - DAG(s) 'Temp_elt' retrieved from /opt/airflow/dags/weather_etl_dag.py
[2025-02-01T19:27:45.810+0000] {logging_mixin.py:190} INFO - [2025-02-01T19:27:45.809+0000] {dag.py:3239} INFO - Sync 1 DAGs
[2025-02-01T19:27:45.842+0000] {logging_mixin.py:190} INFO - [2025-02-01T19:27:45.842+0000] {dag.py:4180} INFO - Setting next_dagrun for Temp_elt to 2025-01-03 00:00:00+00:00, run_after=2025-01-04 00:00:00+00:00
[2025-02-01T19:27:45.871+0000] {processor.py:208} INFO - Processing /opt/airflow/dags/weather_etl_dag.py took 1.617 seconds
[2025-02-01T19:28:16.495+0000] {processor.py:186} INFO - Started process (PID=239) to work on /opt/airflow/dags/weather_etl_dag.py
[2025-02-01T19:28:16.497+0000] {processor.py:914} INFO - Processing file /opt/airflow/dags/weather_etl_dag.py for tasks to queue
[2025-02-01T19:28:16.499+0000] {logging_mixin.py:190} INFO - [2025-02-01T19:28:16.499+0000] {dagbag.py:588} INFO - Filling up the DagBag from /opt/airflow/dags/weather_etl_dag.py
[2025-02-01T19:28:17.058+0000] {processor.py:925} INFO - DAG(s) 'Temp_elt' retrieved from /opt/airflow/dags/weather_etl_dag.py
[2025-02-01T19:28:17.095+0000] {logging_mixin.py:190} INFO - [2025-02-01T19:28:17.094+0000] {dag.py:3239} INFO - Sync 1 DAGs
[2025-02-01T19:28:17.117+0000] {logging_mixin.py:190} INFO - [2025-02-01T19:28:17.117+0000] {dag.py:4180} INFO - Setting next_dagrun for Temp_elt to 2025-01-03 00:00:00+00:00, run_after=2025-01-04 00:00:00+00:00
[2025-02-01T19:28:17.139+0000] {processor.py:208} INFO - Processing /opt/airflow/dags/weather_etl_dag.py took 0.651 seconds
[2025-02-01T19:51:15.337+0000] {processor.py:186} INFO - Started process (PID=267) to work on /opt/airflow/dags/weather_etl_dag.py
[2025-02-01T19:51:15.339+0000] {processor.py:914} INFO - Processing file /opt/airflow/dags/weather_etl_dag.py for tasks to queue
[2025-02-01T19:51:15.352+0000] {logging_mixin.py:190} INFO - [2025-02-01T19:51:15.351+0000] {dagbag.py:588} INFO - Filling up the DagBag from /opt/airflow/dags/weather_etl_dag.py
[2025-02-01T19:51:16.477+0000] {processor.py:925} INFO - DAG(s) 'Temp_elt' retrieved from /opt/airflow/dags/weather_etl_dag.py
[2025-02-01T19:51:16.524+0000] {logging_mixin.py:190} INFO - [2025-02-01T19:51:16.523+0000] {dag.py:3239} INFO - Sync 1 DAGs
[2025-02-01T19:51:16.573+0000] {logging_mixin.py:190} INFO - [2025-02-01T19:51:16.572+0000] {dag.py:4180} INFO - Setting next_dagrun for Temp_elt to 2025-01-03 00:00:00+00:00, run_after=2025-01-04 00:00:00+00:00
[2025-02-01T19:51:16.633+0000] {processor.py:208} INFO - Processing /opt/airflow/dags/weather_etl_dag.py took 1.307 seconds
[2025-02-01T19:51:47.232+0000] {processor.py:186} INFO - Started process (PID=296) to work on /opt/airflow/dags/weather_etl_dag.py
[2025-02-01T19:51:47.234+0000] {processor.py:914} INFO - Processing file /opt/airflow/dags/weather_etl_dag.py for tasks to queue
[2025-02-01T19:51:47.237+0000] {logging_mixin.py:190} INFO - [2025-02-01T19:51:47.236+0000] {dagbag.py:588} INFO - Filling up the DagBag from /opt/airflow/dags/weather_etl_dag.py
[2025-02-01T19:51:47.734+0000] {processor.py:925} INFO - DAG(s) 'Temp_elt' retrieved from /opt/airflow/dags/weather_etl_dag.py
[2025-02-01T19:51:47.759+0000] {logging_mixin.py:190} INFO - [2025-02-01T19:51:47.758+0000] {dag.py:3239} INFO - Sync 1 DAGs
[2025-02-01T19:51:47.779+0000] {logging_mixin.py:190} INFO - [2025-02-01T19:51:47.779+0000] {dag.py:4180} INFO - Setting next_dagrun for Temp_elt to 2025-01-03 00:00:00+00:00, run_after=2025-01-04 00:00:00+00:00
[2025-02-01T19:51:47.800+0000] {processor.py:208} INFO - Processing /opt/airflow/dags/weather_etl_dag.py took 0.575 seconds
[2025-02-01T19:52:18.111+0000] {processor.py:186} INFO - Started process (PID=331) to work on /opt/airflow/dags/weather_etl_dag.py
[2025-02-01T19:52:18.113+0000] {processor.py:914} INFO - Processing file /opt/airflow/dags/weather_etl_dag.py for tasks to queue
[2025-02-01T19:52:18.116+0000] {logging_mixin.py:190} INFO - [2025-02-01T19:52:18.116+0000] {dagbag.py:588} INFO - Filling up the DagBag from /opt/airflow/dags/weather_etl_dag.py
[2025-02-01T19:52:18.604+0000] {processor.py:925} INFO - DAG(s) 'Temp_elt' retrieved from /opt/airflow/dags/weather_etl_dag.py
[2025-02-01T19:52:18.629+0000] {logging_mixin.py:190} INFO - [2025-02-01T19:52:18.629+0000] {dag.py:3239} INFO - Sync 1 DAGs
[2025-02-01T19:52:18.650+0000] {logging_mixin.py:190} INFO - [2025-02-01T19:52:18.650+0000] {dag.py:4180} INFO - Setting next_dagrun for Temp_elt to 2025-01-03 00:00:00+00:00, run_after=2025-01-04 00:00:00+00:00
[2025-02-01T19:52:18.671+0000] {processor.py:208} INFO - Processing /opt/airflow/dags/weather_etl_dag.py took 0.566 seconds
[2025-02-01T19:52:49.315+0000] {processor.py:186} INFO - Started process (PID=357) to work on /opt/airflow/dags/weather_etl_dag.py
[2025-02-01T19:52:49.317+0000] {processor.py:914} INFO - Processing file /opt/airflow/dags/weather_etl_dag.py for tasks to queue
[2025-02-01T19:52:49.320+0000] {logging_mixin.py:190} INFO - [2025-02-01T19:52:49.319+0000] {dagbag.py:588} INFO - Filling up the DagBag from /opt/airflow/dags/weather_etl_dag.py
[2025-02-01T19:52:49.824+0000] {processor.py:925} INFO - DAG(s) 'Temp_elt' retrieved from /opt/airflow/dags/weather_etl_dag.py
[2025-02-01T19:52:49.849+0000] {logging_mixin.py:190} INFO - [2025-02-01T19:52:49.848+0000] {dag.py:3239} INFO - Sync 1 DAGs
[2025-02-01T19:52:49.871+0000] {logging_mixin.py:190} INFO - [2025-02-01T19:52:49.870+0000] {dag.py:4180} INFO - Setting next_dagrun for Temp_elt to 2025-01-03 00:00:00+00:00, run_after=2025-01-04 00:00:00+00:00
[2025-02-01T19:52:49.893+0000] {processor.py:208} INFO - Processing /opt/airflow/dags/weather_etl_dag.py took 0.586 seconds
[2025-02-01T19:53:20.536+0000] {processor.py:186} INFO - Started process (PID=384) to work on /opt/airflow/dags/weather_etl_dag.py
[2025-02-01T19:53:20.538+0000] {processor.py:914} INFO - Processing file /opt/airflow/dags/weather_etl_dag.py for tasks to queue
[2025-02-01T19:53:20.542+0000] {logging_mixin.py:190} INFO - [2025-02-01T19:53:20.542+0000] {dagbag.py:588} INFO - Filling up the DagBag from /opt/airflow/dags/weather_etl_dag.py
[2025-02-01T19:53:21.041+0000] {processor.py:925} INFO - DAG(s) 'Temp_elt' retrieved from /opt/airflow/dags/weather_etl_dag.py
[2025-02-01T19:53:21.066+0000] {logging_mixin.py:190} INFO - [2025-02-01T19:53:21.065+0000] {dag.py:3239} INFO - Sync 1 DAGs
[2025-02-01T19:53:21.086+0000] {logging_mixin.py:190} INFO - [2025-02-01T19:53:21.086+0000] {dag.py:4180} INFO - Setting next_dagrun for Temp_elt to 2025-01-03 00:00:00+00:00, run_after=2025-01-04 00:00:00+00:00
[2025-02-01T19:53:21.107+0000] {processor.py:208} INFO - Processing /opt/airflow/dags/weather_etl_dag.py took 0.578 seconds
[2025-02-01T19:53:51.684+0000] {processor.py:186} INFO - Started process (PID=411) to work on /opt/airflow/dags/weather_etl_dag.py
[2025-02-01T19:53:51.685+0000] {processor.py:914} INFO - Processing file /opt/airflow/dags/weather_etl_dag.py for tasks to queue
[2025-02-01T19:53:51.688+0000] {logging_mixin.py:190} INFO - [2025-02-01T19:53:51.687+0000] {dagbag.py:588} INFO - Filling up the DagBag from /opt/airflow/dags/weather_etl_dag.py
[2025-02-01T19:53:52.170+0000] {processor.py:925} INFO - DAG(s) 'Temp_elt' retrieved from /opt/airflow/dags/weather_etl_dag.py
[2025-02-01T19:53:52.198+0000] {logging_mixin.py:190} INFO - [2025-02-01T19:53:52.197+0000] {dag.py:3239} INFO - Sync 1 DAGs
[2025-02-01T19:53:52.222+0000] {logging_mixin.py:190} INFO - [2025-02-01T19:53:52.221+0000] {dag.py:4180} INFO - Setting next_dagrun for Temp_elt to 2025-01-03 00:00:00+00:00, run_after=2025-01-04 00:00:00+00:00
[2025-02-01T19:53:52.242+0000] {processor.py:208} INFO - Processing /opt/airflow/dags/weather_etl_dag.py took 0.566 seconds
[2025-02-01T19:54:22.828+0000] {processor.py:186} INFO - Started process (PID=438) to work on /opt/airflow/dags/weather_etl_dag.py
[2025-02-01T19:54:22.830+0000] {processor.py:914} INFO - Processing file /opt/airflow/dags/weather_etl_dag.py for tasks to queue
[2025-02-01T19:54:22.834+0000] {logging_mixin.py:190} INFO - [2025-02-01T19:54:22.833+0000] {dagbag.py:588} INFO - Filling up the DagBag from /opt/airflow/dags/weather_etl_dag.py
[2025-02-01T19:54:23.404+0000] {processor.py:925} INFO - DAG(s) 'Temp_elt' retrieved from /opt/airflow/dags/weather_etl_dag.py
[2025-02-01T19:54:23.437+0000] {logging_mixin.py:190} INFO - [2025-02-01T19:54:23.436+0000] {dag.py:3239} INFO - Sync 1 DAGs
[2025-02-01T19:54:23.457+0000] {logging_mixin.py:190} INFO - [2025-02-01T19:54:23.457+0000] {dag.py:4180} INFO - Setting next_dagrun for Temp_elt to 2025-01-03 00:00:00+00:00, run_after=2025-01-04 00:00:00+00:00
[2025-02-01T19:54:23.486+0000] {processor.py:208} INFO - Processing /opt/airflow/dags/weather_etl_dag.py took 0.666 seconds
[2025-02-01T19:54:54.042+0000] {processor.py:186} INFO - Started process (PID=465) to work on /opt/airflow/dags/weather_etl_dag.py
[2025-02-01T19:54:54.044+0000] {processor.py:914} INFO - Processing file /opt/airflow/dags/weather_etl_dag.py for tasks to queue
[2025-02-01T19:54:54.047+0000] {logging_mixin.py:190} INFO - [2025-02-01T19:54:54.047+0000] {dagbag.py:588} INFO - Filling up the DagBag from /opt/airflow/dags/weather_etl_dag.py
[2025-02-01T19:54:54.550+0000] {processor.py:925} INFO - DAG(s) 'Temp_elt' retrieved from /opt/airflow/dags/weather_etl_dag.py
[2025-02-01T19:54:54.577+0000] {logging_mixin.py:190} INFO - [2025-02-01T19:54:54.576+0000] {dag.py:3239} INFO - Sync 1 DAGs
[2025-02-01T19:54:54.600+0000] {logging_mixin.py:190} INFO - [2025-02-01T19:54:54.599+0000] {dag.py:4180} INFO - Setting next_dagrun for Temp_elt to 2025-01-03 00:00:00+00:00, run_after=2025-01-04 00:00:00+00:00
[2025-02-01T19:54:54.620+0000] {processor.py:208} INFO - Processing /opt/airflow/dags/weather_etl_dag.py took 0.585 seconds
[2025-02-01T19:55:25.235+0000] {processor.py:186} INFO - Started process (PID=492) to work on /opt/airflow/dags/weather_etl_dag.py
[2025-02-01T19:55:25.237+0000] {processor.py:914} INFO - Processing file /opt/airflow/dags/weather_etl_dag.py for tasks to queue
[2025-02-01T19:55:25.239+0000] {logging_mixin.py:190} INFO - [2025-02-01T19:55:25.239+0000] {dagbag.py:588} INFO - Filling up the DagBag from /opt/airflow/dags/weather_etl_dag.py
[2025-02-01T19:55:25.744+0000] {processor.py:925} INFO - DAG(s) 'Temp_elt' retrieved from /opt/airflow/dags/weather_etl_dag.py
[2025-02-01T19:55:25.770+0000] {logging_mixin.py:190} INFO - [2025-02-01T19:55:25.769+0000] {dag.py:3239} INFO - Sync 1 DAGs
[2025-02-01T19:55:25.793+0000] {logging_mixin.py:190} INFO - [2025-02-01T19:55:25.793+0000] {dag.py:4180} INFO - Setting next_dagrun for Temp_elt to 2025-01-03 00:00:00+00:00, run_after=2025-01-04 00:00:00+00:00
[2025-02-01T19:55:25.815+0000] {processor.py:208} INFO - Processing /opt/airflow/dags/weather_etl_dag.py took 0.587 seconds
[2025-02-01T19:55:56.405+0000] {processor.py:186} INFO - Started process (PID=519) to work on /opt/airflow/dags/weather_etl_dag.py
[2025-02-01T19:55:56.406+0000] {processor.py:914} INFO - Processing file /opt/airflow/dags/weather_etl_dag.py for tasks to queue
[2025-02-01T19:55:56.409+0000] {logging_mixin.py:190} INFO - [2025-02-01T19:55:56.409+0000] {dagbag.py:588} INFO - Filling up the DagBag from /opt/airflow/dags/weather_etl_dag.py
[2025-02-01T19:55:56.906+0000] {processor.py:925} INFO - DAG(s) 'Temp_elt' retrieved from /opt/airflow/dags/weather_etl_dag.py
[2025-02-01T19:55:56.932+0000] {logging_mixin.py:190} INFO - [2025-02-01T19:55:56.931+0000] {dag.py:3239} INFO - Sync 1 DAGs
[2025-02-01T19:55:56.952+0000] {logging_mixin.py:190} INFO - [2025-02-01T19:55:56.952+0000] {dag.py:4180} INFO - Setting next_dagrun for Temp_elt to 2025-01-03 00:00:00+00:00, run_after=2025-01-04 00:00:00+00:00
[2025-02-01T19:55:56.972+0000] {processor.py:208} INFO - Processing /opt/airflow/dags/weather_etl_dag.py took 0.574 seconds
[2025-02-01T19:56:27.594+0000] {processor.py:186} INFO - Started process (PID=546) to work on /opt/airflow/dags/weather_etl_dag.py
[2025-02-01T19:56:27.597+0000] {processor.py:914} INFO - Processing file /opt/airflow/dags/weather_etl_dag.py for tasks to queue
[2025-02-01T19:56:27.601+0000] {logging_mixin.py:190} INFO - [2025-02-01T19:56:27.600+0000] {dagbag.py:588} INFO - Filling up the DagBag from /opt/airflow/dags/weather_etl_dag.py
[2025-02-01T19:56:28.157+0000] {processor.py:925} INFO - DAG(s) 'Temp_elt' retrieved from /opt/airflow/dags/weather_etl_dag.py
[2025-02-01T19:56:28.182+0000] {logging_mixin.py:190} INFO - [2025-02-01T19:56:28.181+0000] {dag.py:3239} INFO - Sync 1 DAGs
[2025-02-01T19:56:28.210+0000] {logging_mixin.py:190} INFO - [2025-02-01T19:56:28.210+0000] {dag.py:4180} INFO - Setting next_dagrun for Temp_elt to 2025-01-03 00:00:00+00:00, run_after=2025-01-04 00:00:00+00:00
[2025-02-01T19:56:28.236+0000] {processor.py:208} INFO - Processing /opt/airflow/dags/weather_etl_dag.py took 0.650 seconds
[2025-02-01T19:58:30.832+0000] {processor.py:186} INFO - Started process (PID=146) to work on /opt/airflow/dags/weather_etl_dag.py
[2025-02-01T19:58:30.833+0000] {processor.py:914} INFO - Processing file /opt/airflow/dags/weather_etl_dag.py for tasks to queue
[2025-02-01T19:58:30.836+0000] {logging_mixin.py:190} INFO - [2025-02-01T19:58:30.835+0000] {dagbag.py:588} INFO - Filling up the DagBag from /opt/airflow/dags/weather_etl_dag.py
[2025-02-01T19:58:31.363+0000] {processor.py:925} INFO - DAG(s) 'Temp_elt' retrieved from /opt/airflow/dags/weather_etl_dag.py
[2025-02-01T19:58:31.385+0000] {logging_mixin.py:190} INFO - [2025-02-01T19:58:31.385+0000] {dag.py:3239} INFO - Sync 1 DAGs
[2025-02-01T19:58:31.407+0000] {logging_mixin.py:190} INFO - [2025-02-01T19:58:31.407+0000] {dag.py:4180} INFO - Setting next_dagrun for Temp_elt to 2025-01-03 00:00:00+00:00, run_after=2025-01-04 00:00:00+00:00
[2025-02-01T19:58:31.450+0000] {processor.py:208} INFO - Processing /opt/airflow/dags/weather_etl_dag.py took 0.624 seconds
[2025-02-01T20:01:09.600+0000] {processor.py:186} INFO - Started process (PID=546) to work on /opt/airflow/dags/weather_etl_dag.py
[2025-02-01T20:01:09.602+0000] {processor.py:914} INFO - Processing file /opt/airflow/dags/weather_etl_dag.py for tasks to queue
[2025-02-01T20:01:09.606+0000] {logging_mixin.py:190} INFO - [2025-02-01T20:01:09.605+0000] {dagbag.py:588} INFO - Filling up the DagBag from /opt/airflow/dags/weather_etl_dag.py
[2025-02-01T20:01:10.140+0000] {processor.py:925} INFO - DAG(s) 'Temp_elt' retrieved from /opt/airflow/dags/weather_etl_dag.py
[2025-02-01T20:01:10.163+0000] {logging_mixin.py:190} INFO - [2025-02-01T20:01:10.163+0000] {dag.py:3239} INFO - Sync 1 DAGs
[2025-02-01T20:01:10.193+0000] {logging_mixin.py:190} INFO - [2025-02-01T20:01:10.192+0000] {dag.py:4180} INFO - Setting next_dagrun for Temp_elt to 2025-01-03 00:00:00+00:00, run_after=2025-01-04 00:00:00+00:00
[2025-02-01T20:01:10.231+0000] {processor.py:208} INFO - Processing /opt/airflow/dags/weather_etl_dag.py took 0.636 seconds
[2025-02-01T20:01:42.993+0000] {processor.py:186} INFO - Started process (PID=622) to work on /opt/airflow/dags/weather_etl_dag.py
[2025-02-01T20:01:42.995+0000] {processor.py:914} INFO - Processing file /opt/airflow/dags/weather_etl_dag.py for tasks to queue
[2025-02-01T20:01:42.998+0000] {logging_mixin.py:190} INFO - [2025-02-01T20:01:42.997+0000] {dagbag.py:588} INFO - Filling up the DagBag from /opt/airflow/dags/weather_etl_dag.py
[2025-02-01T20:01:43.536+0000] {processor.py:925} INFO - DAG(s) 'Temp_elt' retrieved from /opt/airflow/dags/weather_etl_dag.py
[2025-02-01T20:01:43.558+0000] {logging_mixin.py:190} INFO - [2025-02-01T20:01:43.558+0000] {dag.py:3239} INFO - Sync 1 DAGs
[2025-02-01T20:01:43.580+0000] {logging_mixin.py:190} INFO - [2025-02-01T20:01:43.580+0000] {dag.py:4180} INFO - Setting next_dagrun for Temp_elt to 2025-01-03 00:00:00+00:00, run_after=2025-01-04 00:00:00+00:00
[2025-02-01T20:01:43.619+0000] {processor.py:208} INFO - Processing /opt/airflow/dags/weather_etl_dag.py took 0.633 seconds
[2025-02-01T20:02:14.735+0000] {processor.py:186} INFO - Started process (PID=629) to work on /opt/airflow/dags/weather_etl_dag.py
[2025-02-01T20:02:14.737+0000] {processor.py:914} INFO - Processing file /opt/airflow/dags/weather_etl_dag.py for tasks to queue
[2025-02-01T20:02:14.741+0000] {logging_mixin.py:190} INFO - [2025-02-01T20:02:14.740+0000] {dagbag.py:588} INFO - Filling up the DagBag from /opt/airflow/dags/weather_etl_dag.py
[2025-02-01T20:02:15.308+0000] {processor.py:925} INFO - DAG(s) 'Temp_elt' retrieved from /opt/airflow/dags/weather_etl_dag.py
[2025-02-01T20:02:15.347+0000] {logging_mixin.py:190} INFO - [2025-02-01T20:02:15.346+0000] {dag.py:3239} INFO - Sync 1 DAGs
[2025-02-01T20:02:15.370+0000] {logging_mixin.py:190} INFO - [2025-02-01T20:02:15.370+0000] {dag.py:4180} INFO - Setting next_dagrun for Temp_elt to 2025-01-03 00:00:00+00:00, run_after=2025-01-04 00:00:00+00:00
[2025-02-01T20:02:15.416+0000] {processor.py:208} INFO - Processing /opt/airflow/dags/weather_etl_dag.py took 0.688 seconds
[2025-02-01T20:02:46.120+0000] {processor.py:186} INFO - Started process (PID=636) to work on /opt/airflow/dags/weather_etl_dag.py
[2025-02-01T20:02:46.121+0000] {processor.py:914} INFO - Processing file /opt/airflow/dags/weather_etl_dag.py for tasks to queue
[2025-02-01T20:02:46.124+0000] {logging_mixin.py:190} INFO - [2025-02-01T20:02:46.123+0000] {dagbag.py:588} INFO - Filling up the DagBag from /opt/airflow/dags/weather_etl_dag.py
[2025-02-01T20:02:46.608+0000] {processor.py:925} INFO - DAG(s) 'Temp_elt' retrieved from /opt/airflow/dags/weather_etl_dag.py
[2025-02-01T20:02:46.632+0000] {logging_mixin.py:190} INFO - [2025-02-01T20:02:46.631+0000] {dag.py:3239} INFO - Sync 1 DAGs
[2025-02-01T20:02:46.652+0000] {logging_mixin.py:190} INFO - [2025-02-01T20:02:46.652+0000] {dag.py:4180} INFO - Setting next_dagrun for Temp_elt to 2025-01-03 00:00:00+00:00, run_after=2025-01-04 00:00:00+00:00
[2025-02-01T20:02:46.690+0000] {processor.py:208} INFO - Processing /opt/airflow/dags/weather_etl_dag.py took 0.576 seconds
[2025-02-01T20:03:16.932+0000] {processor.py:186} INFO - Started process (PID=643) to work on /opt/airflow/dags/weather_etl_dag.py
[2025-02-01T20:03:16.933+0000] {processor.py:914} INFO - Processing file /opt/airflow/dags/weather_etl_dag.py for tasks to queue
[2025-02-01T20:03:16.938+0000] {logging_mixin.py:190} INFO - [2025-02-01T20:03:16.937+0000] {dagbag.py:588} INFO - Filling up the DagBag from /opt/airflow/dags/weather_etl_dag.py
[2025-02-01T20:03:17.422+0000] {processor.py:925} INFO - DAG(s) 'Temp_elt' retrieved from /opt/airflow/dags/weather_etl_dag.py
[2025-02-01T20:03:17.449+0000] {logging_mixin.py:190} INFO - [2025-02-01T20:03:17.449+0000] {dag.py:3239} INFO - Sync 1 DAGs
[2025-02-01T20:03:17.482+0000] {logging_mixin.py:190} INFO - [2025-02-01T20:03:17.482+0000] {dag.py:4180} INFO - Setting next_dagrun for Temp_elt to 2025-01-03 00:00:00+00:00, run_after=2025-01-04 00:00:00+00:00
[2025-02-01T20:03:17.518+0000] {processor.py:208} INFO - Processing /opt/airflow/dags/weather_etl_dag.py took 0.591 seconds
[2025-02-01T20:03:47.758+0000] {processor.py:186} INFO - Started process (PID=650) to work on /opt/airflow/dags/weather_etl_dag.py
[2025-02-01T20:03:47.760+0000] {processor.py:914} INFO - Processing file /opt/airflow/dags/weather_etl_dag.py for tasks to queue
[2025-02-01T20:03:47.763+0000] {logging_mixin.py:190} INFO - [2025-02-01T20:03:47.763+0000] {dagbag.py:588} INFO - Filling up the DagBag from /opt/airflow/dags/weather_etl_dag.py
[2025-02-01T20:03:48.257+0000] {processor.py:925} INFO - DAG(s) 'Temp_elt' retrieved from /opt/airflow/dags/weather_etl_dag.py
[2025-02-01T20:03:48.278+0000] {logging_mixin.py:190} INFO - [2025-02-01T20:03:48.278+0000] {dag.py:3239} INFO - Sync 1 DAGs
[2025-02-01T20:03:48.298+0000] {logging_mixin.py:190} INFO - [2025-02-01T20:03:48.298+0000] {dag.py:4180} INFO - Setting next_dagrun for Temp_elt to 2025-01-03 00:00:00+00:00, run_after=2025-01-04 00:00:00+00:00
[2025-02-01T20:03:48.340+0000] {processor.py:208} INFO - Processing /opt/airflow/dags/weather_etl_dag.py took 0.587 seconds
[2025-02-01T20:04:18.568+0000] {processor.py:186} INFO - Started process (PID=657) to work on /opt/airflow/dags/weather_etl_dag.py
[2025-02-01T20:04:18.569+0000] {processor.py:914} INFO - Processing file /opt/airflow/dags/weather_etl_dag.py for tasks to queue
[2025-02-01T20:04:18.573+0000] {logging_mixin.py:190} INFO - [2025-02-01T20:04:18.573+0000] {dagbag.py:588} INFO - Filling up the DagBag from /opt/airflow/dags/weather_etl_dag.py
[2025-02-01T20:04:19.048+0000] {processor.py:925} INFO - DAG(s) 'Temp_elt' retrieved from /opt/airflow/dags/weather_etl_dag.py
[2025-02-01T20:04:19.070+0000] {logging_mixin.py:190} INFO - [2025-02-01T20:04:19.069+0000] {dag.py:3239} INFO - Sync 1 DAGs
[2025-02-01T20:04:19.091+0000] {logging_mixin.py:190} INFO - [2025-02-01T20:04:19.091+0000] {dag.py:4180} INFO - Setting next_dagrun for Temp_elt to 2025-01-03 00:00:00+00:00, run_after=2025-01-04 00:00:00+00:00
[2025-02-01T20:04:19.128+0000] {processor.py:208} INFO - Processing /opt/airflow/dags/weather_etl_dag.py took 0.565 seconds
[2025-02-01T20:04:49.345+0000] {processor.py:186} INFO - Started process (PID=676) to work on /opt/airflow/dags/weather_etl_dag.py
[2025-02-01T20:04:49.346+0000] {processor.py:914} INFO - Processing file /opt/airflow/dags/weather_etl_dag.py for tasks to queue
[2025-02-01T20:04:49.350+0000] {logging_mixin.py:190} INFO - [2025-02-01T20:04:49.350+0000] {dagbag.py:588} INFO - Filling up the DagBag from /opt/airflow/dags/weather_etl_dag.py
[2025-02-01T20:04:49.850+0000] {processor.py:925} INFO - DAG(s) 'Temp_elt' retrieved from /opt/airflow/dags/weather_etl_dag.py
[2025-02-01T20:04:49.872+0000] {logging_mixin.py:190} INFO - [2025-02-01T20:04:49.872+0000] {dag.py:3239} INFO - Sync 1 DAGs
[2025-02-01T20:04:49.891+0000] {logging_mixin.py:190} INFO - [2025-02-01T20:04:49.891+0000] {dag.py:4180} INFO - Setting next_dagrun for Temp_elt to 2025-01-03 00:00:00+00:00, run_after=2025-01-04 00:00:00+00:00
[2025-02-01T20:04:49.927+0000] {processor.py:208} INFO - Processing /opt/airflow/dags/weather_etl_dag.py took 0.588 seconds
[2025-02-01T20:05:20.343+0000] {processor.py:186} INFO - Started process (PID=683) to work on /opt/airflow/dags/weather_etl_dag.py
[2025-02-01T20:05:20.344+0000] {processor.py:914} INFO - Processing file /opt/airflow/dags/weather_etl_dag.py for tasks to queue
[2025-02-01T20:05:20.346+0000] {logging_mixin.py:190} INFO - [2025-02-01T20:05:20.346+0000] {dagbag.py:588} INFO - Filling up the DagBag from /opt/airflow/dags/weather_etl_dag.py
[2025-02-01T20:05:20.874+0000] {processor.py:925} INFO - DAG(s) 'Temp_elt' retrieved from /opt/airflow/dags/weather_etl_dag.py
[2025-02-01T20:05:20.897+0000] {logging_mixin.py:190} INFO - [2025-02-01T20:05:20.897+0000] {dag.py:3239} INFO - Sync 1 DAGs
[2025-02-01T20:05:20.918+0000] {logging_mixin.py:190} INFO - [2025-02-01T20:05:20.918+0000] {dag.py:4180} INFO - Setting next_dagrun for Temp_elt to 2025-01-03 00:00:00+00:00, run_after=2025-01-04 00:00:00+00:00
[2025-02-01T20:05:20.954+0000] {processor.py:208} INFO - Processing /opt/airflow/dags/weather_etl_dag.py took 0.618 seconds
[2025-02-01T20:05:51.356+0000] {processor.py:186} INFO - Started process (PID=690) to work on /opt/airflow/dags/weather_etl_dag.py
[2025-02-01T20:05:51.357+0000] {processor.py:914} INFO - Processing file /opt/airflow/dags/weather_etl_dag.py for tasks to queue
[2025-02-01T20:05:51.361+0000] {logging_mixin.py:190} INFO - [2025-02-01T20:05:51.360+0000] {dagbag.py:588} INFO - Filling up the DagBag from /opt/airflow/dags/weather_etl_dag.py
[2025-02-01T20:05:51.877+0000] {processor.py:925} INFO - DAG(s) 'Temp_elt' retrieved from /opt/airflow/dags/weather_etl_dag.py
[2025-02-01T20:05:51.897+0000] {logging_mixin.py:190} INFO - [2025-02-01T20:05:51.897+0000] {dag.py:3239} INFO - Sync 1 DAGs
[2025-02-01T20:05:51.919+0000] {logging_mixin.py:190} INFO - [2025-02-01T20:05:51.919+0000] {dag.py:4180} INFO - Setting next_dagrun for Temp_elt to 2025-01-03 00:00:00+00:00, run_after=2025-01-04 00:00:00+00:00
[2025-02-01T20:05:51.955+0000] {processor.py:208} INFO - Processing /opt/airflow/dags/weather_etl_dag.py took 0.605 seconds
[2025-02-01T20:06:22.357+0000] {processor.py:186} INFO - Started process (PID=697) to work on /opt/airflow/dags/weather_etl_dag.py
[2025-02-01T20:06:22.359+0000] {processor.py:914} INFO - Processing file /opt/airflow/dags/weather_etl_dag.py for tasks to queue
[2025-02-01T20:06:22.361+0000] {logging_mixin.py:190} INFO - [2025-02-01T20:06:22.361+0000] {dagbag.py:588} INFO - Filling up the DagBag from /opt/airflow/dags/weather_etl_dag.py
[2025-02-01T20:06:22.902+0000] {processor.py:925} INFO - DAG(s) 'Temp_elt' retrieved from /opt/airflow/dags/weather_etl_dag.py
[2025-02-01T20:06:22.923+0000] {logging_mixin.py:190} INFO - [2025-02-01T20:06:22.922+0000] {dag.py:3239} INFO - Sync 1 DAGs
[2025-02-01T20:06:22.955+0000] {logging_mixin.py:190} INFO - [2025-02-01T20:06:22.955+0000] {dag.py:4180} INFO - Setting next_dagrun for Temp_elt to 2025-01-03 00:00:00+00:00, run_after=2025-01-04 00:00:00+00:00
[2025-02-01T20:06:23.018+0000] {processor.py:208} INFO - Processing /opt/airflow/dags/weather_etl_dag.py took 0.667 seconds
[2025-02-01T20:06:53.381+0000] {processor.py:186} INFO - Started process (PID=704) to work on /opt/airflow/dags/weather_etl_dag.py
[2025-02-01T20:06:53.383+0000] {processor.py:914} INFO - Processing file /opt/airflow/dags/weather_etl_dag.py for tasks to queue
[2025-02-01T20:06:53.386+0000] {logging_mixin.py:190} INFO - [2025-02-01T20:06:53.386+0000] {dagbag.py:588} INFO - Filling up the DagBag from /opt/airflow/dags/weather_etl_dag.py
[2025-02-01T20:06:53.992+0000] {processor.py:925} INFO - DAG(s) 'Temp_elt' retrieved from /opt/airflow/dags/weather_etl_dag.py
[2025-02-01T20:06:54.015+0000] {logging_mixin.py:190} INFO - [2025-02-01T20:06:54.015+0000] {dag.py:3239} INFO - Sync 1 DAGs
[2025-02-01T20:06:54.036+0000] {logging_mixin.py:190} INFO - [2025-02-01T20:06:54.036+0000] {dag.py:4180} INFO - Setting next_dagrun for Temp_elt to 2025-01-03 00:00:00+00:00, run_after=2025-01-04 00:00:00+00:00
[2025-02-01T20:06:54.073+0000] {processor.py:208} INFO - Processing /opt/airflow/dags/weather_etl_dag.py took 0.699 seconds
[2025-02-01T20:07:24.481+0000] {processor.py:186} INFO - Started process (PID=711) to work on /opt/airflow/dags/weather_etl_dag.py
[2025-02-01T20:07:24.483+0000] {processor.py:914} INFO - Processing file /opt/airflow/dags/weather_etl_dag.py for tasks to queue
[2025-02-01T20:07:24.487+0000] {logging_mixin.py:190} INFO - [2025-02-01T20:07:24.486+0000] {dagbag.py:588} INFO - Filling up the DagBag from /opt/airflow/dags/weather_etl_dag.py
[2025-02-01T20:07:25.086+0000] {processor.py:925} INFO - DAG(s) 'Temp_elt' retrieved from /opt/airflow/dags/weather_etl_dag.py
[2025-02-01T20:07:25.109+0000] {logging_mixin.py:190} INFO - [2025-02-01T20:07:25.109+0000] {dag.py:3239} INFO - Sync 1 DAGs
[2025-02-01T20:07:25.128+0000] {logging_mixin.py:190} INFO - [2025-02-01T20:07:25.128+0000] {dag.py:4180} INFO - Setting next_dagrun for Temp_elt to 2025-01-03 00:00:00+00:00, run_after=2025-01-04 00:00:00+00:00
[2025-02-01T20:07:25.164+0000] {processor.py:208} INFO - Processing /opt/airflow/dags/weather_etl_dag.py took 0.692 seconds
[2025-02-01T20:07:55.408+0000] {processor.py:186} INFO - Started process (PID=718) to work on /opt/airflow/dags/weather_etl_dag.py
[2025-02-01T20:07:55.409+0000] {processor.py:914} INFO - Processing file /opt/airflow/dags/weather_etl_dag.py for tasks to queue
[2025-02-01T20:07:55.411+0000] {logging_mixin.py:190} INFO - [2025-02-01T20:07:55.411+0000] {dagbag.py:588} INFO - Filling up the DagBag from /opt/airflow/dags/weather_etl_dag.py
[2025-02-01T20:07:55.937+0000] {processor.py:925} INFO - DAG(s) 'Temp_elt' retrieved from /opt/airflow/dags/weather_etl_dag.py
[2025-02-01T20:07:55.964+0000] {logging_mixin.py:190} INFO - [2025-02-01T20:07:55.963+0000] {dag.py:3239} INFO - Sync 1 DAGs
[2025-02-01T20:07:55.984+0000] {logging_mixin.py:190} INFO - [2025-02-01T20:07:55.983+0000] {dag.py:4180} INFO - Setting next_dagrun for Temp_elt to 2025-01-03 00:00:00+00:00, run_after=2025-01-04 00:00:00+00:00
[2025-02-01T20:07:56.022+0000] {processor.py:208} INFO - Processing /opt/airflow/dags/weather_etl_dag.py took 0.621 seconds
[2025-02-01T20:08:26.300+0000] {processor.py:186} INFO - Started process (PID=725) to work on /opt/airflow/dags/weather_etl_dag.py
[2025-02-01T20:08:26.302+0000] {processor.py:914} INFO - Processing file /opt/airflow/dags/weather_etl_dag.py for tasks to queue
[2025-02-01T20:08:26.305+0000] {logging_mixin.py:190} INFO - [2025-02-01T20:08:26.304+0000] {dagbag.py:588} INFO - Filling up the DagBag from /opt/airflow/dags/weather_etl_dag.py
[2025-02-01T20:08:26.826+0000] {processor.py:925} INFO - DAG(s) 'Temp_elt' retrieved from /opt/airflow/dags/weather_etl_dag.py
[2025-02-01T20:08:26.855+0000] {logging_mixin.py:190} INFO - [2025-02-01T20:08:26.855+0000] {dag.py:3239} INFO - Sync 1 DAGs
[2025-02-01T20:08:26.881+0000] {logging_mixin.py:190} INFO - [2025-02-01T20:08:26.881+0000] {dag.py:4180} INFO - Setting next_dagrun for Temp_elt to 2025-01-03 00:00:00+00:00, run_after=2025-01-04 00:00:00+00:00
[2025-02-01T20:08:26.923+0000] {processor.py:208} INFO - Processing /opt/airflow/dags/weather_etl_dag.py took 0.630 seconds
[2025-02-01T20:11:42.291+0000] {processor.py:186} INFO - Started process (PID=736) to work on /opt/airflow/dags/weather_etl_dag.py
[2025-02-01T20:11:42.292+0000] {processor.py:914} INFO - Processing file /opt/airflow/dags/weather_etl_dag.py for tasks to queue
[2025-02-01T20:11:42.295+0000] {logging_mixin.py:190} INFO - [2025-02-01T20:11:42.295+0000] {dagbag.py:588} INFO - Filling up the DagBag from /opt/airflow/dags/weather_etl_dag.py
[2025-02-01T20:11:43.345+0000] {processor.py:925} INFO - DAG(s) 'Temp_elt' retrieved from /opt/airflow/dags/weather_etl_dag.py
[2025-02-01T20:11:43.423+0000] {logging_mixin.py:190} INFO - [2025-02-01T20:11:43.420+0000] {dag.py:3239} INFO - Sync 1 DAGs
[2025-02-01T20:11:43.538+0000] {logging_mixin.py:190} INFO - [2025-02-01T20:11:43.537+0000] {dag.py:4180} INFO - Setting next_dagrun for Temp_elt to 2025-01-03 00:00:00+00:00, run_after=2025-01-04 00:00:00+00:00
[2025-02-01T20:11:43.681+0000] {processor.py:208} INFO - Processing /opt/airflow/dags/weather_etl_dag.py took 1.396 seconds
[2025-02-01T20:14:43.301+0000] {processor.py:186} INFO - Started process (PID=745) to work on /opt/airflow/dags/weather_etl_dag.py
[2025-02-01T20:14:43.304+0000] {processor.py:914} INFO - Processing file /opt/airflow/dags/weather_etl_dag.py for tasks to queue
[2025-02-01T20:14:43.309+0000] {logging_mixin.py:190} INFO - [2025-02-01T20:14:43.308+0000] {dagbag.py:588} INFO - Filling up the DagBag from /opt/airflow/dags/weather_etl_dag.py
[2025-02-01T20:14:44.415+0000] {processor.py:925} INFO - DAG(s) 'Temp_elt' retrieved from /opt/airflow/dags/weather_etl_dag.py
[2025-02-01T20:14:44.446+0000] {logging_mixin.py:190} INFO - [2025-02-01T20:14:44.445+0000] {dag.py:3239} INFO - Sync 1 DAGs
[2025-02-01T20:14:44.480+0000] {logging_mixin.py:190} INFO - [2025-02-01T20:14:44.479+0000] {dag.py:4180} INFO - Setting next_dagrun for Temp_elt to 2025-01-03 00:00:00+00:00, run_after=2025-01-04 00:00:00+00:00
[2025-02-01T20:14:44.538+0000] {processor.py:208} INFO - Processing /opt/airflow/dags/weather_etl_dag.py took 1.248 seconds
[2025-02-01T20:29:50.920+0000] {processor.py:186} INFO - Started process (PID=755) to work on /opt/airflow/dags/weather_etl_dag.py
[2025-02-01T20:29:50.922+0000] {processor.py:914} INFO - Processing file /opt/airflow/dags/weather_etl_dag.py for tasks to queue
[2025-02-01T20:29:50.924+0000] {logging_mixin.py:190} INFO - [2025-02-01T20:29:50.923+0000] {dagbag.py:588} INFO - Filling up the DagBag from /opt/airflow/dags/weather_etl_dag.py
[2025-02-01T20:29:51.261+0000] {processor.py:925} INFO - DAG(s) 'Temp_elt' retrieved from /opt/airflow/dags/weather_etl_dag.py
[2025-02-01T20:29:51.287+0000] {logging_mixin.py:190} INFO - [2025-02-01T20:29:51.286+0000] {dag.py:3239} INFO - Sync 1 DAGs
[2025-02-01T20:29:51.306+0000] {logging_mixin.py:190} INFO - [2025-02-01T20:29:51.306+0000] {dag.py:4180} INFO - Setting next_dagrun for Temp_elt to 2025-01-03 00:00:00+00:00, run_after=2025-01-04 00:00:00+00:00
[2025-02-01T20:29:51.342+0000] {processor.py:208} INFO - Processing /opt/airflow/dags/weather_etl_dag.py took 0.428 seconds
[2025-02-01T20:45:36.156+0000] {processor.py:186} INFO - Started process (PID=769) to work on /opt/airflow/dags/weather_etl_dag.py
[2025-02-01T20:45:36.158+0000] {processor.py:914} INFO - Processing file /opt/airflow/dags/weather_etl_dag.py for tasks to queue
[2025-02-01T20:45:36.161+0000] {logging_mixin.py:190} INFO - [2025-02-01T20:45:36.160+0000] {dagbag.py:588} INFO - Filling up the DagBag from /opt/airflow/dags/weather_etl_dag.py
[2025-02-01T20:45:37.281+0000] {processor.py:925} INFO - DAG(s) 'Temp_elt' retrieved from /opt/airflow/dags/weather_etl_dag.py
[2025-02-01T20:45:37.349+0000] {logging_mixin.py:190} INFO - [2025-02-01T20:45:37.348+0000] {dag.py:3239} INFO - Sync 1 DAGs
[2025-02-01T20:45:37.397+0000] {logging_mixin.py:190} INFO - [2025-02-01T20:45:37.396+0000] {dag.py:4180} INFO - Setting next_dagrun for Temp_elt to 2025-01-03 00:00:00+00:00, run_after=2025-01-04 00:00:00+00:00
[2025-02-01T20:45:37.473+0000] {processor.py:208} INFO - Processing /opt/airflow/dags/weather_etl_dag.py took 1.330 seconds
