[2025-02-01T19:27:44.233+0000] {processor.py:186} INFO - Started process (PID=200) to work on /opt/airflow/dags/weather_etl_postgres.py
[2025-02-01T19:27:44.235+0000] {processor.py:914} INFO - Processing file /opt/airflow/dags/weather_etl_postgres.py for tasks to queue
[2025-02-01T19:27:44.242+0000] {logging_mixin.py:190} INFO - [2025-02-01T19:27:44.241+0000] {dagbag.py:588} INFO - Filling up the DagBag from /opt/airflow/dags/weather_etl_postgres.py
[2025-02-01T19:27:45.752+0000] {processor.py:925} INFO - DAG(s) 'Temp_elt_postgres' retrieved from /opt/airflow/dags/weather_etl_postgres.py
[2025-02-01T19:27:45.811+0000] {logging_mixin.py:190} INFO - [2025-02-01T19:27:45.810+0000] {dag.py:3239} INFO - Sync 1 DAGs
[2025-02-01T19:27:45.841+0000] {logging_mixin.py:190} INFO - [2025-02-01T19:27:45.841+0000] {dag.py:4180} INFO - Setting next_dagrun for Temp_elt_postgres to 2025-01-22 00:00:00+00:00, run_after=2025-01-23 00:00:00+00:00
[2025-02-01T19:27:45.867+0000] {processor.py:208} INFO - Processing /opt/airflow/dags/weather_etl_postgres.py took 1.644 seconds
[2025-02-01T19:28:16.487+0000] {processor.py:186} INFO - Started process (PID=236) to work on /opt/airflow/dags/weather_etl_postgres.py
[2025-02-01T19:28:16.489+0000] {processor.py:914} INFO - Processing file /opt/airflow/dags/weather_etl_postgres.py for tasks to queue
[2025-02-01T19:28:16.491+0000] {logging_mixin.py:190} INFO - [2025-02-01T19:28:16.491+0000] {dagbag.py:588} INFO - Filling up the DagBag from /opt/airflow/dags/weather_etl_postgres.py
[2025-02-01T19:28:17.060+0000] {processor.py:925} INFO - DAG(s) 'Temp_elt_postgres' retrieved from /opt/airflow/dags/weather_etl_postgres.py
[2025-02-01T19:28:17.100+0000] {logging_mixin.py:190} INFO - [2025-02-01T19:28:17.099+0000] {dag.py:3239} INFO - Sync 1 DAGs
[2025-02-01T19:28:17.122+0000] {logging_mixin.py:190} INFO - [2025-02-01T19:28:17.122+0000] {dag.py:4180} INFO - Setting next_dagrun for Temp_elt_postgres to 2025-01-22 00:00:00+00:00, run_after=2025-01-23 00:00:00+00:00
[2025-02-01T19:28:17.146+0000] {processor.py:208} INFO - Processing /opt/airflow/dags/weather_etl_postgres.py took 0.666 seconds
[2025-02-01T19:51:15.175+0000] {processor.py:186} INFO - Started process (PID=261) to work on /opt/airflow/dags/weather_etl_postgres.py
[2025-02-01T19:51:15.177+0000] {processor.py:914} INFO - Processing file /opt/airflow/dags/weather_etl_postgres.py for tasks to queue
[2025-02-01T19:51:15.182+0000] {logging_mixin.py:190} INFO - [2025-02-01T19:51:15.181+0000] {dagbag.py:588} INFO - Filling up the DagBag from /opt/airflow/dags/weather_etl_postgres.py
[2025-02-01T19:51:16.333+0000] {processor.py:925} INFO - DAG(s) 'Temp_elt_postgres' retrieved from /opt/airflow/dags/weather_etl_postgres.py
[2025-02-01T19:51:16.378+0000] {logging_mixin.py:190} INFO - [2025-02-01T19:51:16.377+0000] {dag.py:3239} INFO - Sync 1 DAGs
[2025-02-01T19:51:16.417+0000] {logging_mixin.py:190} INFO - [2025-02-01T19:51:16.416+0000] {dag.py:4180} INFO - Setting next_dagrun for Temp_elt_postgres to 2025-01-22 00:00:00+00:00, run_after=2025-01-23 00:00:00+00:00
[2025-02-01T19:51:16.452+0000] {processor.py:208} INFO - Processing /opt/airflow/dags/weather_etl_postgres.py took 1.289 seconds
[2025-02-01T19:51:46.517+0000] {processor.py:186} INFO - Started process (PID=290) to work on /opt/airflow/dags/weather_etl_postgres.py
[2025-02-01T19:51:46.518+0000] {processor.py:914} INFO - Processing file /opt/airflow/dags/weather_etl_postgres.py for tasks to queue
[2025-02-01T19:51:46.522+0000] {logging_mixin.py:190} INFO - [2025-02-01T19:51:46.522+0000] {dagbag.py:588} INFO - Filling up the DagBag from /opt/airflow/dags/weather_etl_postgres.py
[2025-02-01T19:51:47.116+0000] {processor.py:925} INFO - DAG(s) 'Temp_elt_postgres' retrieved from /opt/airflow/dags/weather_etl_postgres.py
[2025-02-01T19:51:47.144+0000] {logging_mixin.py:190} INFO - [2025-02-01T19:51:47.143+0000] {dag.py:3239} INFO - Sync 1 DAGs
[2025-02-01T19:51:47.165+0000] {logging_mixin.py:190} INFO - [2025-02-01T19:51:47.164+0000] {dag.py:4180} INFO - Setting next_dagrun for Temp_elt_postgres to 2025-01-22 00:00:00+00:00, run_after=2025-01-23 00:00:00+00:00
[2025-02-01T19:51:47.185+0000] {processor.py:208} INFO - Processing /opt/airflow/dags/weather_etl_postgres.py took 0.676 seconds
[2025-02-01T19:52:17.838+0000] {processor.py:186} INFO - Started process (PID=317) to work on /opt/airflow/dags/weather_etl_postgres.py
[2025-02-01T19:52:17.839+0000] {processor.py:914} INFO - Processing file /opt/airflow/dags/weather_etl_postgres.py for tasks to queue
[2025-02-01T19:52:17.842+0000] {logging_mixin.py:190} INFO - [2025-02-01T19:52:17.842+0000] {dagbag.py:588} INFO - Filling up the DagBag from /opt/airflow/dags/weather_etl_postgres.py
[2025-02-01T19:52:18.337+0000] {processor.py:925} INFO - DAG(s) 'Temp_elt_postgres' retrieved from /opt/airflow/dags/weather_etl_postgres.py
[2025-02-01T19:52:18.363+0000] {logging_mixin.py:190} INFO - [2025-02-01T19:52:18.363+0000] {dag.py:3239} INFO - Sync 1 DAGs
[2025-02-01T19:52:18.385+0000] {logging_mixin.py:190} INFO - [2025-02-01T19:52:18.385+0000] {dag.py:4180} INFO - Setting next_dagrun for Temp_elt_postgres to 2025-01-22 00:00:00+00:00, run_after=2025-01-23 00:00:00+00:00
[2025-02-01T19:52:18.405+0000] {processor.py:208} INFO - Processing /opt/airflow/dags/weather_etl_postgres.py took 0.575 seconds
[2025-02-01T19:52:49.306+0000] {processor.py:186} INFO - Started process (PID=354) to work on /opt/airflow/dags/weather_etl_postgres.py
[2025-02-01T19:52:49.308+0000] {processor.py:914} INFO - Processing file /opt/airflow/dags/weather_etl_postgres.py for tasks to queue
[2025-02-01T19:52:49.312+0000] {logging_mixin.py:190} INFO - [2025-02-01T19:52:49.312+0000] {dagbag.py:588} INFO - Filling up the DagBag from /opt/airflow/dags/weather_etl_postgres.py
[2025-02-01T19:52:49.810+0000] {processor.py:925} INFO - DAG(s) 'Temp_elt_postgres' retrieved from /opt/airflow/dags/weather_etl_postgres.py
[2025-02-01T19:52:49.837+0000] {logging_mixin.py:190} INFO - [2025-02-01T19:52:49.837+0000] {dag.py:3239} INFO - Sync 1 DAGs
[2025-02-01T19:52:49.860+0000] {logging_mixin.py:190} INFO - [2025-02-01T19:52:49.859+0000] {dag.py:4180} INFO - Setting next_dagrun for Temp_elt_postgres to 2025-01-22 00:00:00+00:00, run_after=2025-01-23 00:00:00+00:00
[2025-02-01T19:52:49.882+0000] {processor.py:208} INFO - Processing /opt/airflow/dags/weather_etl_postgres.py took 0.584 seconds
[2025-02-01T19:53:20.528+0000] {processor.py:186} INFO - Started process (PID=381) to work on /opt/airflow/dags/weather_etl_postgres.py
[2025-02-01T19:53:20.530+0000] {processor.py:914} INFO - Processing file /opt/airflow/dags/weather_etl_postgres.py for tasks to queue
[2025-02-01T19:53:20.533+0000] {logging_mixin.py:190} INFO - [2025-02-01T19:53:20.532+0000] {dagbag.py:588} INFO - Filling up the DagBag from /opt/airflow/dags/weather_etl_postgres.py
[2025-02-01T19:53:21.029+0000] {processor.py:925} INFO - DAG(s) 'Temp_elt_postgres' retrieved from /opt/airflow/dags/weather_etl_postgres.py
[2025-02-01T19:53:21.058+0000] {logging_mixin.py:190} INFO - [2025-02-01T19:53:21.058+0000] {dag.py:3239} INFO - Sync 1 DAGs
[2025-02-01T19:53:21.079+0000] {logging_mixin.py:190} INFO - [2025-02-01T19:53:21.079+0000] {dag.py:4180} INFO - Setting next_dagrun for Temp_elt_postgres to 2025-01-22 00:00:00+00:00, run_after=2025-01-23 00:00:00+00:00
[2025-02-01T19:53:21.096+0000] {processor.py:208} INFO - Processing /opt/airflow/dags/weather_etl_postgres.py took 0.577 seconds
[2025-02-01T19:53:51.675+0000] {processor.py:186} INFO - Started process (PID=408) to work on /opt/airflow/dags/weather_etl_postgres.py
[2025-02-01T19:53:51.676+0000] {processor.py:914} INFO - Processing file /opt/airflow/dags/weather_etl_postgres.py for tasks to queue
[2025-02-01T19:53:51.679+0000] {logging_mixin.py:190} INFO - [2025-02-01T19:53:51.678+0000] {dagbag.py:588} INFO - Filling up the DagBag from /opt/airflow/dags/weather_etl_postgres.py
[2025-02-01T19:53:52.160+0000] {processor.py:925} INFO - DAG(s) 'Temp_elt_postgres' retrieved from /opt/airflow/dags/weather_etl_postgres.py
[2025-02-01T19:53:52.192+0000] {logging_mixin.py:190} INFO - [2025-02-01T19:53:52.191+0000] {dag.py:3239} INFO - Sync 1 DAGs
[2025-02-01T19:53:52.214+0000] {logging_mixin.py:190} INFO - [2025-02-01T19:53:52.214+0000] {dag.py:4180} INFO - Setting next_dagrun for Temp_elt_postgres to 2025-01-22 00:00:00+00:00, run_after=2025-01-23 00:00:00+00:00
[2025-02-01T19:53:52.237+0000] {processor.py:208} INFO - Processing /opt/airflow/dags/weather_etl_postgres.py took 0.570 seconds
[2025-02-01T19:54:22.818+0000] {processor.py:186} INFO - Started process (PID=435) to work on /opt/airflow/dags/weather_etl_postgres.py
[2025-02-01T19:54:22.820+0000] {processor.py:914} INFO - Processing file /opt/airflow/dags/weather_etl_postgres.py for tasks to queue
[2025-02-01T19:54:22.823+0000] {logging_mixin.py:190} INFO - [2025-02-01T19:54:22.822+0000] {dagbag.py:588} INFO - Filling up the DagBag from /opt/airflow/dags/weather_etl_postgres.py
[2025-02-01T19:54:23.378+0000] {processor.py:925} INFO - DAG(s) 'Temp_elt_postgres' retrieved from /opt/airflow/dags/weather_etl_postgres.py
[2025-02-01T19:54:23.425+0000] {logging_mixin.py:190} INFO - [2025-02-01T19:54:23.425+0000] {dag.py:3239} INFO - Sync 1 DAGs
[2025-02-01T19:54:23.447+0000] {logging_mixin.py:190} INFO - [2025-02-01T19:54:23.446+0000] {dag.py:4180} INFO - Setting next_dagrun for Temp_elt_postgres to 2025-01-22 00:00:00+00:00, run_after=2025-01-23 00:00:00+00:00
[2025-02-01T19:54:23.477+0000] {processor.py:208} INFO - Processing /opt/airflow/dags/weather_etl_postgres.py took 0.667 seconds
[2025-02-01T19:54:54.034+0000] {processor.py:186} INFO - Started process (PID=462) to work on /opt/airflow/dags/weather_etl_postgres.py
[2025-02-01T19:54:54.035+0000] {processor.py:914} INFO - Processing file /opt/airflow/dags/weather_etl_postgres.py for tasks to queue
[2025-02-01T19:54:54.038+0000] {logging_mixin.py:190} INFO - [2025-02-01T19:54:54.038+0000] {dagbag.py:588} INFO - Filling up the DagBag from /opt/airflow/dags/weather_etl_postgres.py
[2025-02-01T19:54:54.533+0000] {processor.py:925} INFO - DAG(s) 'Temp_elt_postgres' retrieved from /opt/airflow/dags/weather_etl_postgres.py
[2025-02-01T19:54:54.558+0000] {logging_mixin.py:190} INFO - [2025-02-01T19:54:54.557+0000] {dag.py:3239} INFO - Sync 1 DAGs
[2025-02-01T19:54:54.580+0000] {logging_mixin.py:190} INFO - [2025-02-01T19:54:54.580+0000] {dag.py:4180} INFO - Setting next_dagrun for Temp_elt_postgres to 2025-01-22 00:00:00+00:00, run_after=2025-01-23 00:00:00+00:00
[2025-02-01T19:54:54.600+0000] {processor.py:208} INFO - Processing /opt/airflow/dags/weather_etl_postgres.py took 0.574 seconds
[2025-02-01T19:55:25.228+0000] {processor.py:186} INFO - Started process (PID=489) to work on /opt/airflow/dags/weather_etl_postgres.py
[2025-02-01T19:55:25.229+0000] {processor.py:914} INFO - Processing file /opt/airflow/dags/weather_etl_postgres.py for tasks to queue
[2025-02-01T19:55:25.231+0000] {logging_mixin.py:190} INFO - [2025-02-01T19:55:25.231+0000] {dagbag.py:588} INFO - Filling up the DagBag from /opt/airflow/dags/weather_etl_postgres.py
[2025-02-01T19:55:25.735+0000] {processor.py:925} INFO - DAG(s) 'Temp_elt_postgres' retrieved from /opt/airflow/dags/weather_etl_postgres.py
[2025-02-01T19:55:25.762+0000] {logging_mixin.py:190} INFO - [2025-02-01T19:55:25.761+0000] {dag.py:3239} INFO - Sync 1 DAGs
[2025-02-01T19:55:25.782+0000] {logging_mixin.py:190} INFO - [2025-02-01T19:55:25.782+0000] {dag.py:4180} INFO - Setting next_dagrun for Temp_elt_postgres to 2025-01-22 00:00:00+00:00, run_after=2025-01-23 00:00:00+00:00
[2025-02-01T19:55:25.806+0000] {processor.py:208} INFO - Processing /opt/airflow/dags/weather_etl_postgres.py took 0.585 seconds
[2025-02-01T19:55:56.399+0000] {processor.py:186} INFO - Started process (PID=516) to work on /opt/airflow/dags/weather_etl_postgres.py
[2025-02-01T19:55:56.401+0000] {processor.py:914} INFO - Processing file /opt/airflow/dags/weather_etl_postgres.py for tasks to queue
[2025-02-01T19:55:56.404+0000] {logging_mixin.py:190} INFO - [2025-02-01T19:55:56.403+0000] {dagbag.py:588} INFO - Filling up the DagBag from /opt/airflow/dags/weather_etl_postgres.py
[2025-02-01T19:55:56.906+0000] {processor.py:925} INFO - DAG(s) 'Temp_elt_postgres' retrieved from /opt/airflow/dags/weather_etl_postgres.py
[2025-02-01T19:55:56.934+0000] {logging_mixin.py:190} INFO - [2025-02-01T19:55:56.934+0000] {dag.py:3239} INFO - Sync 1 DAGs
[2025-02-01T19:55:56.956+0000] {logging_mixin.py:190} INFO - [2025-02-01T19:55:56.956+0000] {dag.py:4180} INFO - Setting next_dagrun for Temp_elt_postgres to 2025-01-22 00:00:00+00:00, run_after=2025-01-23 00:00:00+00:00
[2025-02-01T19:55:56.976+0000] {processor.py:208} INFO - Processing /opt/airflow/dags/weather_etl_postgres.py took 0.584 seconds
[2025-02-01T19:56:27.584+0000] {processor.py:186} INFO - Started process (PID=543) to work on /opt/airflow/dags/weather_etl_postgres.py
[2025-02-01T19:56:27.585+0000] {processor.py:914} INFO - Processing file /opt/airflow/dags/weather_etl_postgres.py for tasks to queue
[2025-02-01T19:56:27.589+0000] {logging_mixin.py:190} INFO - [2025-02-01T19:56:27.588+0000] {dagbag.py:588} INFO - Filling up the DagBag from /opt/airflow/dags/weather_etl_postgres.py
[2025-02-01T19:56:28.148+0000] {processor.py:925} INFO - DAG(s) 'Temp_elt_postgres' retrieved from /opt/airflow/dags/weather_etl_postgres.py
[2025-02-01T19:56:28.179+0000] {logging_mixin.py:190} INFO - [2025-02-01T19:56:28.179+0000] {dag.py:3239} INFO - Sync 1 DAGs
[2025-02-01T19:56:28.205+0000] {logging_mixin.py:190} INFO - [2025-02-01T19:56:28.204+0000] {dag.py:4180} INFO - Setting next_dagrun for Temp_elt_postgres to 2025-01-22 00:00:00+00:00, run_after=2025-01-23 00:00:00+00:00
[2025-02-01T19:56:28.237+0000] {processor.py:208} INFO - Processing /opt/airflow/dags/weather_etl_postgres.py took 0.661 seconds
[2025-02-01T19:58:09.343+0000] {processor.py:186} INFO - Started process (PID=89) to work on /opt/airflow/dags/weather_etl_postgres.py
[2025-02-01T19:58:09.345+0000] {processor.py:914} INFO - Processing file /opt/airflow/dags/weather_etl_postgres.py for tasks to queue
[2025-02-01T19:58:09.348+0000] {logging_mixin.py:190} INFO - [2025-02-01T19:58:09.347+0000] {dagbag.py:588} INFO - Filling up the DagBag from /opt/airflow/dags/weather_etl_postgres.py
[2025-02-01T19:58:09.873+0000] {processor.py:925} INFO - DAG(s) 'Temp_elt_postgres' retrieved from /opt/airflow/dags/weather_etl_postgres.py
[2025-02-01T19:58:09.911+0000] {logging_mixin.py:190} INFO - [2025-02-01T19:58:09.910+0000] {dag.py:3239} INFO - Sync 1 DAGs
[2025-02-01T19:58:09.932+0000] {logging_mixin.py:190} INFO - [2025-02-01T19:58:09.932+0000] {dag.py:4180} INFO - Setting next_dagrun for Temp_elt_postgres to 2025-01-27 00:00:00+00:00, run_after=2025-01-28 00:00:00+00:00
[2025-02-01T19:58:09.972+0000] {processor.py:208} INFO - Processing /opt/airflow/dags/weather_etl_postgres.py took 0.635 seconds
[2025-02-01T20:00:48.450+0000] {processor.py:186} INFO - Started process (PID=488) to work on /opt/airflow/dags/weather_etl_postgres.py
[2025-02-01T20:00:48.452+0000] {processor.py:914} INFO - Processing file /opt/airflow/dags/weather_etl_postgres.py for tasks to queue
[2025-02-01T20:00:48.454+0000] {logging_mixin.py:190} INFO - [2025-02-01T20:00:48.454+0000] {dagbag.py:588} INFO - Filling up the DagBag from /opt/airflow/dags/weather_etl_postgres.py
[2025-02-01T20:00:49.112+0000] {processor.py:925} INFO - DAG(s) 'Temp_elt_postgres' retrieved from /opt/airflow/dags/weather_etl_postgres.py
[2025-02-01T20:00:49.142+0000] {logging_mixin.py:190} INFO - [2025-02-01T20:00:49.142+0000] {dag.py:3239} INFO - Sync 1 DAGs
[2025-02-01T20:00:49.166+0000] {logging_mixin.py:190} INFO - [2025-02-01T20:00:49.166+0000] {dag.py:4180} INFO - Setting next_dagrun for Temp_elt_postgres to 2025-02-01 00:00:00+00:00, run_after=2025-02-02 00:00:00+00:00
[2025-02-01T20:00:49.250+0000] {processor.py:208} INFO - Processing /opt/airflow/dags/weather_etl_postgres.py took 0.807 seconds
[2025-02-01T20:01:41.043+0000] {processor.py:186} INFO - Started process (PID=620) to work on /opt/airflow/dags/weather_etl_postgres.py
[2025-02-01T20:01:41.044+0000] {processor.py:914} INFO - Processing file /opt/airflow/dags/weather_etl_postgres.py for tasks to queue
[2025-02-01T20:01:41.047+0000] {logging_mixin.py:190} INFO - [2025-02-01T20:01:41.046+0000] {dagbag.py:588} INFO - Filling up the DagBag from /opt/airflow/dags/weather_etl_postgres.py
[2025-02-01T20:01:41.663+0000] {processor.py:925} INFO - DAG(s) 'Temp_elt_postgres' retrieved from /opt/airflow/dags/weather_etl_postgres.py
[2025-02-01T20:01:41.685+0000] {logging_mixin.py:190} INFO - [2025-02-01T20:01:41.685+0000] {dag.py:3239} INFO - Sync 1 DAGs
[2025-02-01T20:01:41.709+0000] {logging_mixin.py:190} INFO - [2025-02-01T20:01:41.708+0000] {dag.py:4180} INFO - Setting next_dagrun for Temp_elt_postgres to 2025-02-01 00:00:00+00:00, run_after=2025-02-02 00:00:00+00:00
[2025-02-01T20:01:41.762+0000] {processor.py:208} INFO - Processing /opt/airflow/dags/weather_etl_postgres.py took 0.728 seconds
[2025-02-01T20:02:11.893+0000] {processor.py:186} INFO - Started process (PID=627) to work on /opt/airflow/dags/weather_etl_postgres.py
[2025-02-01T20:02:11.894+0000] {processor.py:914} INFO - Processing file /opt/airflow/dags/weather_etl_postgres.py for tasks to queue
[2025-02-01T20:02:11.897+0000] {logging_mixin.py:190} INFO - [2025-02-01T20:02:11.897+0000] {dagbag.py:588} INFO - Filling up the DagBag from /opt/airflow/dags/weather_etl_postgres.py
[2025-02-01T20:02:12.391+0000] {processor.py:925} INFO - DAG(s) 'Temp_elt_postgres' retrieved from /opt/airflow/dags/weather_etl_postgres.py
[2025-02-01T20:02:12.414+0000] {logging_mixin.py:190} INFO - [2025-02-01T20:02:12.413+0000] {dag.py:3239} INFO - Sync 1 DAGs
[2025-02-01T20:02:12.437+0000] {logging_mixin.py:190} INFO - [2025-02-01T20:02:12.437+0000] {dag.py:4180} INFO - Setting next_dagrun for Temp_elt_postgres to 2025-02-01 00:00:00+00:00, run_after=2025-02-02 00:00:00+00:00
[2025-02-01T20:02:12.484+0000] {processor.py:208} INFO - Processing /opt/airflow/dags/weather_etl_postgres.py took 0.597 seconds
[2025-02-01T20:02:43.312+0000] {processor.py:186} INFO - Started process (PID=634) to work on /opt/airflow/dags/weather_etl_postgres.py
[2025-02-01T20:02:43.313+0000] {processor.py:914} INFO - Processing file /opt/airflow/dags/weather_etl_postgres.py for tasks to queue
[2025-02-01T20:02:43.316+0000] {logging_mixin.py:190} INFO - [2025-02-01T20:02:43.316+0000] {dagbag.py:588} INFO - Filling up the DagBag from /opt/airflow/dags/weather_etl_postgres.py
[2025-02-01T20:02:43.771+0000] {processor.py:925} INFO - DAG(s) 'Temp_elt_postgres' retrieved from /opt/airflow/dags/weather_etl_postgres.py
[2025-02-01T20:02:43.795+0000] {logging_mixin.py:190} INFO - [2025-02-01T20:02:43.794+0000] {dag.py:3239} INFO - Sync 1 DAGs
[2025-02-01T20:02:43.814+0000] {logging_mixin.py:190} INFO - [2025-02-01T20:02:43.813+0000] {dag.py:4180} INFO - Setting next_dagrun for Temp_elt_postgres to 2025-02-01 00:00:00+00:00, run_after=2025-02-02 00:00:00+00:00
[2025-02-01T20:02:43.849+0000] {processor.py:208} INFO - Processing /opt/airflow/dags/weather_etl_postgres.py took 0.543 seconds
[2025-02-01T20:03:14.154+0000] {processor.py:186} INFO - Started process (PID=641) to work on /opt/airflow/dags/weather_etl_postgres.py
[2025-02-01T20:03:14.155+0000] {processor.py:914} INFO - Processing file /opt/airflow/dags/weather_etl_postgres.py for tasks to queue
[2025-02-01T20:03:14.162+0000] {logging_mixin.py:190} INFO - [2025-02-01T20:03:14.161+0000] {dagbag.py:588} INFO - Filling up the DagBag from /opt/airflow/dags/weather_etl_postgres.py
[2025-02-01T20:03:14.662+0000] {processor.py:925} INFO - DAG(s) 'Temp_elt_postgres' retrieved from /opt/airflow/dags/weather_etl_postgres.py
[2025-02-01T20:03:14.686+0000] {logging_mixin.py:190} INFO - [2025-02-01T20:03:14.685+0000] {dag.py:3239} INFO - Sync 1 DAGs
[2025-02-01T20:03:14.705+0000] {logging_mixin.py:190} INFO - [2025-02-01T20:03:14.704+0000] {dag.py:4180} INFO - Setting next_dagrun for Temp_elt_postgres to 2025-02-01 00:00:00+00:00, run_after=2025-02-02 00:00:00+00:00
[2025-02-01T20:03:14.739+0000] {processor.py:208} INFO - Processing /opt/airflow/dags/weather_etl_postgres.py took 0.593 seconds
[2025-02-01T20:03:45.416+0000] {processor.py:186} INFO - Started process (PID=648) to work on /opt/airflow/dags/weather_etl_postgres.py
[2025-02-01T20:03:45.417+0000] {processor.py:914} INFO - Processing file /opt/airflow/dags/weather_etl_postgres.py for tasks to queue
[2025-02-01T20:03:45.420+0000] {logging_mixin.py:190} INFO - [2025-02-01T20:03:45.420+0000] {dagbag.py:588} INFO - Filling up the DagBag from /opt/airflow/dags/weather_etl_postgres.py
[2025-02-01T20:03:45.885+0000] {processor.py:925} INFO - DAG(s) 'Temp_elt_postgres' retrieved from /opt/airflow/dags/weather_etl_postgres.py
[2025-02-01T20:03:45.906+0000] {logging_mixin.py:190} INFO - [2025-02-01T20:03:45.906+0000] {dag.py:3239} INFO - Sync 1 DAGs
[2025-02-01T20:03:45.925+0000] {logging_mixin.py:190} INFO - [2025-02-01T20:03:45.925+0000] {dag.py:4180} INFO - Setting next_dagrun for Temp_elt_postgres to 2025-02-01 00:00:00+00:00, run_after=2025-02-02 00:00:00+00:00
[2025-02-01T20:03:45.959+0000] {processor.py:208} INFO - Processing /opt/airflow/dags/weather_etl_postgres.py took 0.549 seconds
[2025-02-01T20:04:16.649+0000] {processor.py:186} INFO - Started process (PID=655) to work on /opt/airflow/dags/weather_etl_postgres.py
[2025-02-01T20:04:16.651+0000] {processor.py:914} INFO - Processing file /opt/airflow/dags/weather_etl_postgres.py for tasks to queue
[2025-02-01T20:04:16.655+0000] {logging_mixin.py:190} INFO - [2025-02-01T20:04:16.655+0000] {dagbag.py:588} INFO - Filling up the DagBag from /opt/airflow/dags/weather_etl_postgres.py
[2025-02-01T20:04:17.141+0000] {processor.py:925} INFO - DAG(s) 'Temp_elt_postgres' retrieved from /opt/airflow/dags/weather_etl_postgres.py
[2025-02-01T20:04:17.165+0000] {logging_mixin.py:190} INFO - [2025-02-01T20:04:17.164+0000] {dag.py:3239} INFO - Sync 1 DAGs
[2025-02-01T20:04:17.185+0000] {logging_mixin.py:190} INFO - [2025-02-01T20:04:17.185+0000] {dag.py:4180} INFO - Setting next_dagrun for Temp_elt_postgres to 2025-02-01 00:00:00+00:00, run_after=2025-02-02 00:00:00+00:00
[2025-02-01T20:04:17.222+0000] {processor.py:208} INFO - Processing /opt/airflow/dags/weather_etl_postgres.py took 0.579 seconds
[2025-02-01T20:04:47.655+0000] {processor.py:186} INFO - Started process (PID=674) to work on /opt/airflow/dags/weather_etl_postgres.py
[2025-02-01T20:04:47.656+0000] {processor.py:914} INFO - Processing file /opt/airflow/dags/weather_etl_postgres.py for tasks to queue
[2025-02-01T20:04:47.659+0000] {logging_mixin.py:190} INFO - [2025-02-01T20:04:47.658+0000] {dagbag.py:588} INFO - Filling up the DagBag from /opt/airflow/dags/weather_etl_postgres.py
[2025-02-01T20:04:48.229+0000] {processor.py:925} INFO - DAG(s) 'Temp_elt_postgres' retrieved from /opt/airflow/dags/weather_etl_postgres.py
[2025-02-01T20:04:48.256+0000] {logging_mixin.py:190} INFO - [2025-02-01T20:04:48.255+0000] {dag.py:3239} INFO - Sync 1 DAGs
[2025-02-01T20:04:48.278+0000] {logging_mixin.py:190} INFO - [2025-02-01T20:04:48.278+0000] {dag.py:4180} INFO - Setting next_dagrun for Temp_elt_postgres to 2025-02-01 00:00:00+00:00, run_after=2025-02-02 00:00:00+00:00
[2025-02-01T20:04:48.317+0000] {processor.py:208} INFO - Processing /opt/airflow/dags/weather_etl_postgres.py took 0.668 seconds
[2025-02-01T20:05:18.986+0000] {processor.py:186} INFO - Started process (PID=681) to work on /opt/airflow/dags/weather_etl_postgres.py
[2025-02-01T20:05:18.987+0000] {processor.py:914} INFO - Processing file /opt/airflow/dags/weather_etl_postgres.py for tasks to queue
[2025-02-01T20:05:18.990+0000] {logging_mixin.py:190} INFO - [2025-02-01T20:05:18.990+0000] {dagbag.py:588} INFO - Filling up the DagBag from /opt/airflow/dags/weather_etl_postgres.py
[2025-02-01T20:05:19.575+0000] {processor.py:925} INFO - DAG(s) 'Temp_elt_postgres' retrieved from /opt/airflow/dags/weather_etl_postgres.py
[2025-02-01T20:05:19.595+0000] {logging_mixin.py:190} INFO - [2025-02-01T20:05:19.595+0000] {dag.py:3239} INFO - Sync 1 DAGs
[2025-02-01T20:05:19.617+0000] {logging_mixin.py:190} INFO - [2025-02-01T20:05:19.617+0000] {dag.py:4180} INFO - Setting next_dagrun for Temp_elt_postgres to 2025-02-01 00:00:00+00:00, run_after=2025-02-02 00:00:00+00:00
[2025-02-01T20:05:19.654+0000] {processor.py:208} INFO - Processing /opt/airflow/dags/weather_etl_postgres.py took 0.673 seconds
[2025-02-01T20:05:49.884+0000] {processor.py:186} INFO - Started process (PID=688) to work on /opt/airflow/dags/weather_etl_postgres.py
[2025-02-01T20:05:49.886+0000] {processor.py:914} INFO - Processing file /opt/airflow/dags/weather_etl_postgres.py for tasks to queue
[2025-02-01T20:05:49.889+0000] {logging_mixin.py:190} INFO - [2025-02-01T20:05:49.888+0000] {dagbag.py:588} INFO - Filling up the DagBag from /opt/airflow/dags/weather_etl_postgres.py
[2025-02-01T20:05:50.417+0000] {processor.py:925} INFO - DAG(s) 'Temp_elt_postgres' retrieved from /opt/airflow/dags/weather_etl_postgres.py
[2025-02-01T20:05:50.440+0000] {logging_mixin.py:190} INFO - [2025-02-01T20:05:50.439+0000] {dag.py:3239} INFO - Sync 1 DAGs
[2025-02-01T20:05:50.461+0000] {logging_mixin.py:190} INFO - [2025-02-01T20:05:50.461+0000] {dag.py:4180} INFO - Setting next_dagrun for Temp_elt_postgres to 2025-02-01 00:00:00+00:00, run_after=2025-02-02 00:00:00+00:00
[2025-02-01T20:05:50.498+0000] {processor.py:208} INFO - Processing /opt/airflow/dags/weather_etl_postgres.py took 0.620 seconds
[2025-02-01T20:06:20.910+0000] {processor.py:186} INFO - Started process (PID=695) to work on /opt/airflow/dags/weather_etl_postgres.py
[2025-02-01T20:06:20.912+0000] {processor.py:914} INFO - Processing file /opt/airflow/dags/weather_etl_postgres.py for tasks to queue
[2025-02-01T20:06:20.916+0000] {logging_mixin.py:190} INFO - [2025-02-01T20:06:20.916+0000] {dagbag.py:588} INFO - Filling up the DagBag from /opt/airflow/dags/weather_etl_postgres.py
[2025-02-01T20:06:21.519+0000] {processor.py:925} INFO - DAG(s) 'Temp_elt_postgres' retrieved from /opt/airflow/dags/weather_etl_postgres.py
[2025-02-01T20:06:21.545+0000] {logging_mixin.py:190} INFO - [2025-02-01T20:06:21.544+0000] {dag.py:3239} INFO - Sync 1 DAGs
[2025-02-01T20:06:21.568+0000] {logging_mixin.py:190} INFO - [2025-02-01T20:06:21.568+0000] {dag.py:4180} INFO - Setting next_dagrun for Temp_elt_postgres to 2025-02-01 00:00:00+00:00, run_after=2025-02-02 00:00:00+00:00
[2025-02-01T20:06:21.609+0000] {processor.py:208} INFO - Processing /opt/airflow/dags/weather_etl_postgres.py took 0.707 seconds
[2025-02-01T20:06:51.763+0000] {processor.py:186} INFO - Started process (PID=702) to work on /opt/airflow/dags/weather_etl_postgres.py
[2025-02-01T20:06:51.765+0000] {processor.py:914} INFO - Processing file /opt/airflow/dags/weather_etl_postgres.py for tasks to queue
[2025-02-01T20:06:51.767+0000] {logging_mixin.py:190} INFO - [2025-02-01T20:06:51.767+0000] {dagbag.py:588} INFO - Filling up the DagBag from /opt/airflow/dags/weather_etl_postgres.py
[2025-02-01T20:06:52.273+0000] {processor.py:925} INFO - DAG(s) 'Temp_elt_postgres' retrieved from /opt/airflow/dags/weather_etl_postgres.py
[2025-02-01T20:06:52.294+0000] {logging_mixin.py:190} INFO - [2025-02-01T20:06:52.293+0000] {dag.py:3239} INFO - Sync 1 DAGs
[2025-02-01T20:06:52.316+0000] {logging_mixin.py:190} INFO - [2025-02-01T20:06:52.316+0000] {dag.py:4180} INFO - Setting next_dagrun for Temp_elt_postgres to 2025-02-01 00:00:00+00:00, run_after=2025-02-02 00:00:00+00:00
[2025-02-01T20:06:52.352+0000] {processor.py:208} INFO - Processing /opt/airflow/dags/weather_etl_postgres.py took 0.596 seconds
[2025-02-01T20:07:22.915+0000] {processor.py:186} INFO - Started process (PID=709) to work on /opt/airflow/dags/weather_etl_postgres.py
[2025-02-01T20:07:22.917+0000] {processor.py:914} INFO - Processing file /opt/airflow/dags/weather_etl_postgres.py for tasks to queue
[2025-02-01T20:07:22.922+0000] {logging_mixin.py:190} INFO - [2025-02-01T20:07:22.922+0000] {dagbag.py:588} INFO - Filling up the DagBag from /opt/airflow/dags/weather_etl_postgres.py
[2025-02-01T20:07:23.510+0000] {processor.py:925} INFO - DAG(s) 'Temp_elt_postgres' retrieved from /opt/airflow/dags/weather_etl_postgres.py
[2025-02-01T20:07:23.540+0000] {logging_mixin.py:190} INFO - [2025-02-01T20:07:23.539+0000] {dag.py:3239} INFO - Sync 1 DAGs
[2025-02-01T20:07:23.569+0000] {logging_mixin.py:190} INFO - [2025-02-01T20:07:23.569+0000] {dag.py:4180} INFO - Setting next_dagrun for Temp_elt_postgres to 2025-02-01 00:00:00+00:00, run_after=2025-02-02 00:00:00+00:00
[2025-02-01T20:07:23.613+0000] {processor.py:208} INFO - Processing /opt/airflow/dags/weather_etl_postgres.py took 0.706 seconds
[2025-02-01T20:07:54.073+0000] {processor.py:186} INFO - Started process (PID=716) to work on /opt/airflow/dags/weather_etl_postgres.py
[2025-02-01T20:07:54.075+0000] {processor.py:914} INFO - Processing file /opt/airflow/dags/weather_etl_postgres.py for tasks to queue
[2025-02-01T20:07:54.078+0000] {logging_mixin.py:190} INFO - [2025-02-01T20:07:54.078+0000] {dagbag.py:588} INFO - Filling up the DagBag from /opt/airflow/dags/weather_etl_postgres.py
[2025-02-01T20:07:54.650+0000] {processor.py:925} INFO - DAG(s) 'Temp_elt_postgres' retrieved from /opt/airflow/dags/weather_etl_postgres.py
[2025-02-01T20:07:54.675+0000] {logging_mixin.py:190} INFO - [2025-02-01T20:07:54.675+0000] {dag.py:3239} INFO - Sync 1 DAGs
[2025-02-01T20:07:54.698+0000] {logging_mixin.py:190} INFO - [2025-02-01T20:07:54.698+0000] {dag.py:4180} INFO - Setting next_dagrun for Temp_elt_postgres to 2025-02-01 00:00:00+00:00, run_after=2025-02-02 00:00:00+00:00
[2025-02-01T20:07:54.735+0000] {processor.py:208} INFO - Processing /opt/airflow/dags/weather_etl_postgres.py took 0.668 seconds
[2025-02-01T20:08:25.160+0000] {processor.py:186} INFO - Started process (PID=723) to work on /opt/airflow/dags/weather_etl_postgres.py
[2025-02-01T20:08:25.162+0000] {processor.py:914} INFO - Processing file /opt/airflow/dags/weather_etl_postgres.py for tasks to queue
[2025-02-01T20:08:25.177+0000] {logging_mixin.py:190} INFO - [2025-02-01T20:08:25.177+0000] {dagbag.py:588} INFO - Filling up the DagBag from /opt/airflow/dags/weather_etl_postgres.py
[2025-02-01T20:08:26.021+0000] {processor.py:925} INFO - DAG(s) 'Temp_elt_postgres' retrieved from /opt/airflow/dags/weather_etl_postgres.py
[2025-02-01T20:08:26.048+0000] {logging_mixin.py:190} INFO - [2025-02-01T20:08:26.047+0000] {dag.py:3239} INFO - Sync 1 DAGs
[2025-02-01T20:08:26.069+0000] {logging_mixin.py:190} INFO - [2025-02-01T20:08:26.069+0000] {dag.py:4180} INFO - Setting next_dagrun for Temp_elt_postgres to 2025-02-01 00:00:00+00:00, run_after=2025-02-02 00:00:00+00:00
[2025-02-01T20:08:26.111+0000] {processor.py:208} INFO - Processing /opt/airflow/dags/weather_etl_postgres.py took 0.960 seconds
[2025-02-01T20:11:40.607+0000] {processor.py:186} INFO - Started process (PID=734) to work on /opt/airflow/dags/weather_etl_postgres.py
[2025-02-01T20:11:40.608+0000] {processor.py:914} INFO - Processing file /opt/airflow/dags/weather_etl_postgres.py for tasks to queue
[2025-02-01T20:11:40.611+0000] {logging_mixin.py:190} INFO - [2025-02-01T20:11:40.611+0000] {dagbag.py:588} INFO - Filling up the DagBag from /opt/airflow/dags/weather_etl_postgres.py
[2025-02-01T20:11:41.117+0000] {processor.py:925} INFO - DAG(s) 'Temp_elt_postgres' retrieved from /opt/airflow/dags/weather_etl_postgres.py
[2025-02-01T20:11:41.140+0000] {logging_mixin.py:190} INFO - [2025-02-01T20:11:41.140+0000] {dag.py:3239} INFO - Sync 1 DAGs
[2025-02-01T20:11:41.160+0000] {logging_mixin.py:190} INFO - [2025-02-01T20:11:41.159+0000] {dag.py:4180} INFO - Setting next_dagrun for Temp_elt_postgres to 2025-02-01 00:00:00+00:00, run_after=2025-02-02 00:00:00+00:00
[2025-02-01T20:11:41.194+0000] {processor.py:208} INFO - Processing /opt/airflow/dags/weather_etl_postgres.py took 0.594 seconds
[2025-02-01T20:14:41.453+0000] {processor.py:186} INFO - Started process (PID=743) to work on /opt/airflow/dags/weather_etl_postgres.py
[2025-02-01T20:14:41.454+0000] {processor.py:914} INFO - Processing file /opt/airflow/dags/weather_etl_postgres.py for tasks to queue
[2025-02-01T20:14:41.457+0000] {logging_mixin.py:190} INFO - [2025-02-01T20:14:41.456+0000] {dagbag.py:588} INFO - Filling up the DagBag from /opt/airflow/dags/weather_etl_postgres.py
[2025-02-01T20:14:41.990+0000] {processor.py:925} INFO - DAG(s) 'Temp_elt_postgres' retrieved from /opt/airflow/dags/weather_etl_postgres.py
[2025-02-01T20:14:42.016+0000] {logging_mixin.py:190} INFO - [2025-02-01T20:14:42.015+0000] {dag.py:3239} INFO - Sync 1 DAGs
[2025-02-01T20:14:42.037+0000] {logging_mixin.py:190} INFO - [2025-02-01T20:14:42.037+0000] {dag.py:4180} INFO - Setting next_dagrun for Temp_elt_postgres to 2025-02-01 00:00:00+00:00, run_after=2025-02-02 00:00:00+00:00
[2025-02-01T20:14:42.084+0000] {processor.py:208} INFO - Processing /opt/airflow/dags/weather_etl_postgres.py took 0.637 seconds
[2025-02-01T20:29:49.314+0000] {processor.py:186} INFO - Started process (PID=753) to work on /opt/airflow/dags/weather_etl_postgres.py
[2025-02-01T20:29:49.315+0000] {processor.py:914} INFO - Processing file /opt/airflow/dags/weather_etl_postgres.py for tasks to queue
[2025-02-01T20:29:49.317+0000] {logging_mixin.py:190} INFO - [2025-02-01T20:29:49.317+0000] {dagbag.py:588} INFO - Filling up the DagBag from /opt/airflow/dags/weather_etl_postgres.py
[2025-02-01T20:29:49.694+0000] {processor.py:925} INFO - DAG(s) 'Temp_elt_postgres' retrieved from /opt/airflow/dags/weather_etl_postgres.py
[2025-02-01T20:29:49.724+0000] {logging_mixin.py:190} INFO - [2025-02-01T20:29:49.723+0000] {dag.py:3239} INFO - Sync 1 DAGs
[2025-02-01T20:29:49.745+0000] {logging_mixin.py:190} INFO - [2025-02-01T20:29:49.745+0000] {dag.py:4180} INFO - Setting next_dagrun for Temp_elt_postgres to 2025-02-01 00:00:00+00:00, run_after=2025-02-02 00:00:00+00:00
[2025-02-01T20:29:49.790+0000] {processor.py:208} INFO - Processing /opt/airflow/dags/weather_etl_postgres.py took 0.483 seconds
[2025-02-01T20:30:37.968+0000] {processor.py:186} INFO - Started process (PID=760) to work on /opt/airflow/dags/weather_etl_postgres.py
[2025-02-01T20:30:38.044+0000] {processor.py:914} INFO - Processing file /opt/airflow/dags/weather_etl_postgres.py for tasks to queue
[2025-02-01T20:30:38.113+0000] {logging_mixin.py:190} INFO - [2025-02-01T20:30:38.090+0000] {dagbag.py:588} INFO - Filling up the DagBag from /opt/airflow/dags/weather_etl_postgres.py
[2025-02-01T20:30:51.243+0000] {processor.py:925} INFO - DAG(s) 'Temp_elt_postgres' retrieved from /opt/airflow/dags/weather_etl_postgres.py
[2025-02-01T20:30:51.354+0000] {logging_mixin.py:190} INFO - [2025-02-01T20:30:51.352+0000] {dag.py:3239} INFO - Sync 1 DAGs
[2025-02-01T20:30:51.458+0000] {logging_mixin.py:190} INFO - [2025-02-01T20:30:51.457+0000] {dag.py:4180} INFO - Setting next_dagrun for Temp_elt_postgres to 2025-02-01 00:00:00+00:00, run_after=2025-02-02 00:00:00+00:00
[2025-02-01T20:30:51.643+0000] {processor.py:208} INFO - Processing /opt/airflow/dags/weather_etl_postgres.py took 14.057 seconds
[2025-02-01T20:45:34.233+0000] {processor.py:186} INFO - Started process (PID=767) to work on /opt/airflow/dags/weather_etl_postgres.py
[2025-02-01T20:45:34.235+0000] {processor.py:914} INFO - Processing file /opt/airflow/dags/weather_etl_postgres.py for tasks to queue
[2025-02-01T20:45:34.238+0000] {logging_mixin.py:190} INFO - [2025-02-01T20:45:34.237+0000] {dagbag.py:588} INFO - Filling up the DagBag from /opt/airflow/dags/weather_etl_postgres.py
[2025-02-01T20:45:34.816+0000] {processor.py:925} INFO - DAG(s) 'Temp_elt_postgres' retrieved from /opt/airflow/dags/weather_etl_postgres.py
[2025-02-01T20:45:34.859+0000] {logging_mixin.py:190} INFO - [2025-02-01T20:45:34.858+0000] {dag.py:3239} INFO - Sync 1 DAGs
[2025-02-01T20:45:34.897+0000] {logging_mixin.py:190} INFO - [2025-02-01T20:45:34.897+0000] {dag.py:4180} INFO - Setting next_dagrun for Temp_elt_postgres to 2025-02-01 00:00:00+00:00, run_after=2025-02-02 00:00:00+00:00
[2025-02-01T20:45:34.959+0000] {processor.py:208} INFO - Processing /opt/airflow/dags/weather_etl_postgres.py took 0.738 seconds
