[2025-02-01T19:59:38.530+0000] {local_task_job_runner.py:123} INFO - ::group::Pre task execution logs
[2025-02-01T19:59:38.548+0000] {taskinstance.py:2613} INFO - Dependencies all met for dep_context=non-requeueable deps ti=<TaskInstance: dag_with_postgres_operator_v03.insert_into_table scheduled__2025-01-27T00:00:00+00:00 [queued]>
[2025-02-01T19:59:38.558+0000] {taskinstance.py:2613} INFO - Dependencies all met for dep_context=requeueable deps ti=<TaskInstance: dag_with_postgres_operator_v03.insert_into_table scheduled__2025-01-27T00:00:00+00:00 [queued]>
[2025-02-01T19:59:38.559+0000] {taskinstance.py:2866} INFO - Starting attempt 1 of 6
[2025-02-01T19:59:38.589+0000] {taskinstance.py:2889} INFO - Executing <Task(PostgresOperator): insert_into_table> on 2025-01-27 00:00:00+00:00
[2025-02-01T19:59:38.593+0000] {standard_task_runner.py:72} INFO - Started process 315 to run task
[2025-02-01T19:59:38.596+0000] {standard_task_runner.py:104} INFO - Running: ['airflow', 'tasks', 'run', 'dag_with_postgres_operator_v03', 'insert_into_table', 'scheduled__2025-01-27T00:00:00+00:00', '--job-id', '101', '--raw', '--subdir', 'DAGS_FOLDER/dag_with_postgres_operator.py', '--cfg-path', '/tmp/tmpn7n4i3m0']
[2025-02-01T19:59:38.599+0000] {standard_task_runner.py:105} INFO - Job 101: Subtask insert_into_table
[2025-02-01T19:59:38.674+0000] {task_command.py:467} INFO - Running <TaskInstance: dag_with_postgres_operator_v03.insert_into_table scheduled__2025-01-27T00:00:00+00:00 [running]> on host ba586a51095f
[2025-02-01T19:59:38.783+0000] {taskinstance.py:3132} INFO - Exporting env vars: AIRFLOW_CTX_DAG_OWNER='coder2j' AIRFLOW_CTX_DAG_ID='dag_with_postgres_operator_v03' AIRFLOW_CTX_TASK_ID='insert_into_table' AIRFLOW_CTX_EXECUTION_DATE='2025-01-27T00:00:00+00:00' AIRFLOW_CTX_TRY_NUMBER='1' AIRFLOW_CTX_DAG_RUN_ID='scheduled__2025-01-27T00:00:00+00:00'
[2025-02-01T19:59:38.784+0000] {taskinstance.py:731} INFO - ::endgroup::
[2025-02-01T19:59:38.804+0000] {sql.py:278} INFO - Executing: 
            insert into dag_runs (dt, dag_id) values ('2025-01-27', 'dag_with_postgres_operator_v03')
        
[2025-02-01T19:59:38.816+0000] {base.py:84} INFO - Retrieving connection 'postgres_localhost'
[2025-02-01T19:59:38.896+0000] {base.py:84} INFO - Retrieving connection 'postgres_localhost'
[2025-02-01T19:59:38.908+0000] {sql.py:553} INFO - Running statement: 
            insert into dag_runs (dt, dag_id) values ('2025-01-27', 'dag_with_postgres_operator_v03')
        , parameters: None
[2025-02-01T19:59:38.913+0000] {sql.py:562} INFO - Rows affected: 1
[2025-02-01T19:59:38.926+0000] {taskinstance.py:340} INFO - ::group::Post task execution logs
[2025-02-01T19:59:38.927+0000] {taskinstance.py:352} INFO - Marking task as SUCCESS. dag_id=dag_with_postgres_operator_v03, task_id=insert_into_table, run_id=scheduled__2025-01-27T00:00:00+00:00, execution_date=20250127T000000, start_date=20250201T195938, end_date=20250201T195938
[2025-02-01T19:59:38.981+0000] {local_task_job_runner.py:266} INFO - Task exited with return code 0
[2025-02-01T19:59:39.005+0000] {taskinstance.py:3895} INFO - 0 downstream tasks scheduled from follow-on schedule check
[2025-02-01T19:59:39.007+0000] {local_task_job_runner.py:245} INFO - ::endgroup::
