[2025-02-03T08:19:36.114+0000] {local_task_job_runner.py:123} INFO - ::group::Pre task execution logs
[2025-02-03T08:19:36.130+0000] {taskinstance.py:2613} INFO - Dependencies all met for dep_context=non-requeueable deps ti=<TaskInstance: spark_job_dag.run_spark_job manual__2025-02-03T07:52:38.918436+00:00 [queued]>
[2025-02-03T08:19:36.142+0000] {taskinstance.py:2613} INFO - Dependencies all met for dep_context=requeueable deps ti=<TaskInstance: spark_job_dag.run_spark_job manual__2025-02-03T07:52:38.918436+00:00 [queued]>
[2025-02-03T08:19:36.142+0000] {taskinstance.py:2866} INFO - Starting attempt 3 of 4
[2025-02-03T08:19:36.171+0000] {taskinstance.py:2889} INFO - Executing <Task(SparkSubmitOperator): run_spark_job> on 2025-02-03 07:52:38.918436+00:00
[2025-02-03T08:19:36.175+0000] {standard_task_runner.py:72} INFO - Started process 89 to run task
[2025-02-03T08:19:36.178+0000] {standard_task_runner.py:104} INFO - Running: ['airflow', 'tasks', 'run', 'spark_job_dag', 'run_spark_job', 'manual__2025-02-03T07:52:38.918436+00:00', '--job-id', '20', '--raw', '--subdir', 'DAGS_FOLDER/spark_dag.py', '--cfg-path', '/tmp/tmpu2wx5rtb']
[2025-02-03T08:19:36.182+0000] {standard_task_runner.py:105} INFO - Job 20: Subtask run_spark_job
[2025-02-03T08:19:36.251+0000] {task_command.py:467} INFO - Running <TaskInstance: spark_job_dag.run_spark_job manual__2025-02-03T07:52:38.918436+00:00 [running]> on host 3b07f1b10db0
[2025-02-03T08:19:36.334+0000] {taskinstance.py:3132} INFO - Exporting env vars: AIRFLOW_CTX_DAG_OWNER='airflow' AIRFLOW_CTX_DAG_ID='spark_job_dag' AIRFLOW_CTX_TASK_ID='run_spark_job' AIRFLOW_CTX_EXECUTION_DATE='2025-02-03T07:52:38.918436+00:00' AIRFLOW_CTX_TRY_NUMBER='3' AIRFLOW_CTX_DAG_RUN_ID='manual__2025-02-03T07:52:38.918436+00:00'
[2025-02-03T08:19:36.335+0000] {taskinstance.py:731} INFO - ::endgroup::
[2025-02-03T08:19:36.397+0000] {base.py:84} INFO - Retrieving connection 'spark_default'
[2025-02-03T08:19:36.399+0000] {spark_submit.py:474} INFO - Spark-Submit cmd: spark-submit --master spark://spark-master:7077 --executor-cores 1 --executor-memory 1g --driver-memory 1g --name arrow-spark --verbose --queue root.default --deploy-mode client /opt/spark/app.py
[2025-02-03T08:19:37.793+0000] {spark_submit.py:641} INFO - Using properties file: null
[2025-02-03T08:19:37.913+0000] {spark_submit.py:641} INFO - Parsed arguments:
[2025-02-03T08:19:37.914+0000] {spark_submit.py:641} INFO - master                  spark://spark-master:7077
[2025-02-03T08:19:37.915+0000] {spark_submit.py:641} INFO - remote                  null
[2025-02-03T08:19:37.916+0000] {spark_submit.py:641} INFO - deployMode              client
[2025-02-03T08:19:37.916+0000] {spark_submit.py:641} INFO - executorMemory          1g
[2025-02-03T08:19:37.916+0000] {spark_submit.py:641} INFO - executorCores           1
[2025-02-03T08:19:37.917+0000] {spark_submit.py:641} INFO - totalExecutorCores      null
[2025-02-03T08:19:37.918+0000] {spark_submit.py:641} INFO - propertiesFile          null
[2025-02-03T08:19:37.919+0000] {spark_submit.py:641} INFO - driverMemory            1g
[2025-02-03T08:19:37.920+0000] {spark_submit.py:641} INFO - driverCores             null
[2025-02-03T08:19:37.922+0000] {spark_submit.py:641} INFO - driverExtraClassPath    null
[2025-02-03T08:19:37.922+0000] {spark_submit.py:641} INFO - driverExtraLibraryPath  null
[2025-02-03T08:19:37.923+0000] {spark_submit.py:641} INFO - driverExtraJavaOptions  null
[2025-02-03T08:19:37.924+0000] {spark_submit.py:641} INFO - supervise               false
[2025-02-03T08:19:37.924+0000] {spark_submit.py:641} INFO - queue                   root.default
[2025-02-03T08:19:37.925+0000] {spark_submit.py:641} INFO - numExecutors            null
[2025-02-03T08:19:37.927+0000] {spark_submit.py:641} INFO - files                   null
[2025-02-03T08:19:37.928+0000] {spark_submit.py:641} INFO - pyFiles                 null
[2025-02-03T08:19:37.928+0000] {spark_submit.py:641} INFO - archives                null
[2025-02-03T08:19:37.929+0000] {spark_submit.py:641} INFO - mainClass               null
[2025-02-03T08:19:37.930+0000] {spark_submit.py:641} INFO - primaryResource         file:/opt/spark/app.py
[2025-02-03T08:19:37.931+0000] {spark_submit.py:641} INFO - name                    arrow-spark
[2025-02-03T08:19:37.932+0000] {spark_submit.py:641} INFO - childArgs               []
[2025-02-03T08:19:37.932+0000] {spark_submit.py:641} INFO - jars                    null
[2025-02-03T08:19:37.933+0000] {spark_submit.py:641} INFO - packages                null
[2025-02-03T08:19:37.934+0000] {spark_submit.py:641} INFO - packagesExclusions      null
[2025-02-03T08:19:37.935+0000] {spark_submit.py:641} INFO - repositories            null
[2025-02-03T08:19:37.935+0000] {spark_submit.py:641} INFO - verbose                 true
[2025-02-03T08:19:37.936+0000] {spark_submit.py:641} INFO - 
[2025-02-03T08:19:37.936+0000] {spark_submit.py:641} INFO - Spark properties used, including those specified through
[2025-02-03T08:19:37.937+0000] {spark_submit.py:641} INFO - --conf and those from the properties file null:
[2025-02-03T08:19:37.937+0000] {spark_submit.py:641} INFO - (spark.driver.memory,1g)
[2025-02-03T08:19:37.938+0000] {spark_submit.py:641} INFO - 
[2025-02-03T08:19:37.938+0000] {spark_submit.py:641} INFO - 
[2025-02-03T08:19:38.180+0000] {spark_submit.py:641} INFO - Main class:
[2025-02-03T08:19:38.181+0000] {spark_submit.py:641} INFO - org.apache.spark.deploy.PythonRunner
[2025-02-03T08:19:38.182+0000] {spark_submit.py:641} INFO - Arguments:
[2025-02-03T08:19:38.183+0000] {spark_submit.py:641} INFO - file:/opt/spark/app.py
[2025-02-03T08:19:38.183+0000] {spark_submit.py:641} INFO - null
[2025-02-03T08:19:38.185+0000] {spark_submit.py:641} INFO - Spark config:
[2025-02-03T08:19:38.185+0000] {spark_submit.py:641} INFO - (spark.app.name,arrow-spark)
[2025-02-03T08:19:38.186+0000] {spark_submit.py:641} INFO - (spark.app.submitTime,1738570778164)
[2025-02-03T08:19:38.186+0000] {spark_submit.py:641} INFO - (spark.driver.memory,1g)
[2025-02-03T08:19:38.187+0000] {spark_submit.py:641} INFO - (spark.executor.cores,1)
[2025-02-03T08:19:38.188+0000] {spark_submit.py:641} INFO - (spark.executor.memory,1g)
[2025-02-03T08:19:38.188+0000] {spark_submit.py:641} INFO - (spark.master,spark://spark-master:7077)
[2025-02-03T08:19:38.188+0000] {spark_submit.py:641} INFO - (spark.submit.deployMode,client)
[2025-02-03T08:19:38.189+0000] {spark_submit.py:641} INFO - (spark.submit.pyFiles,)
[2025-02-03T08:19:38.190+0000] {spark_submit.py:641} INFO - Classpath elements:
[2025-02-03T08:19:38.191+0000] {spark_submit.py:641} INFO - 
[2025-02-03T08:19:38.192+0000] {spark_submit.py:641} INFO - 
[2025-02-03T08:19:38.192+0000] {spark_submit.py:641} INFO - 
[2025-02-03T08:19:38.289+0000] {spark_submit.py:641} INFO - python3: can't open file '/opt/spark/app.py': [Errno 2] No such file or directory
[2025-02-03T08:19:38.303+0000] {spark_submit.py:641} INFO - 25/02/03 08:19:38 INFO ShutdownHookManager: Shutdown hook called
[2025-02-03T08:19:38.314+0000] {spark_submit.py:641} INFO - 25/02/03 08:19:38 INFO ShutdownHookManager: Deleting directory /tmp/spark-58c7da04-beaa-4740-bbc2-7cb9b78dad32
[2025-02-03T08:19:38.356+0000] {taskinstance.py:3311} ERROR - Task failed with exception
Traceback (most recent call last):
  File "/home/airflow/.local/lib/python3.12/site-packages/airflow/models/taskinstance.py", line 767, in _execute_task
    result = _execute_callable(context=context, **execute_callable_kwargs)
             ^^^^^^^^^^^^^^^^^^^^^^^^^^^^^^^^^^^^^^^^^^^^^^^^^^^^^^^^^^^^^
  File "/home/airflow/.local/lib/python3.12/site-packages/airflow/models/taskinstance.py", line 733, in _execute_callable
    return ExecutionCallableRunner(
           ^^^^^^^^^^^^^^^^^^^^^^^^
  File "/home/airflow/.local/lib/python3.12/site-packages/airflow/utils/operator_helpers.py", line 252, in run
    return self.func(*args, **kwargs)
           ^^^^^^^^^^^^^^^^^^^^^^^^^^
  File "/home/airflow/.local/lib/python3.12/site-packages/airflow/models/baseoperator.py", line 422, in wrapper
    return func(self, *args, **kwargs)
           ^^^^^^^^^^^^^^^^^^^^^^^^^^^
  File "/home/airflow/.local/lib/python3.12/site-packages/airflow/providers/apache/spark/operators/spark_submit.py", line 177, in execute
    self._hook.submit(self.application)
  File "/home/airflow/.local/lib/python3.12/site-packages/airflow/providers/apache/spark/hooks/spark_submit.py", line 567, in submit
    raise AirflowException(
airflow.exceptions.AirflowException: Cannot execute: spark-submit --master spark://spark-master:7077 --executor-cores 1 --executor-memory 1g --driver-memory 1g --name arrow-spark --verbose --queue root.default --deploy-mode client /opt/spark/app.py. Error code is: 2.
[2025-02-03T08:19:38.367+0000] {taskinstance.py:1225} INFO - Marking task as UP_FOR_RETRY. dag_id=spark_job_dag, task_id=run_spark_job, run_id=manual__2025-02-03T07:52:38.918436+00:00, execution_date=20250203T075238, start_date=20250203T081936, end_date=20250203T081938
[2025-02-03T08:19:38.402+0000] {taskinstance.py:340} INFO - ::group::Post task execution logs
[2025-02-03T08:19:38.402+0000] {standard_task_runner.py:124} ERROR - Failed to execute job 20 for task run_spark_job (Cannot execute: spark-submit --master spark://spark-master:7077 --executor-cores 1 --executor-memory 1g --driver-memory 1g --name arrow-spark --verbose --queue root.default --deploy-mode client /opt/spark/app.py. Error code is: 2.; 89)
Traceback (most recent call last):
  File "/home/airflow/.local/lib/python3.12/site-packages/airflow/task/task_runner/standard_task_runner.py", line 117, in _start_by_fork
    ret = args.func(args, dag=self.dag)
          ^^^^^^^^^^^^^^^^^^^^^^^^^^^^^
  File "/home/airflow/.local/lib/python3.12/site-packages/airflow/cli/cli_config.py", line 49, in command
    return func(*args, **kwargs)
           ^^^^^^^^^^^^^^^^^^^^^
  File "/home/airflow/.local/lib/python3.12/site-packages/airflow/utils/cli.py", line 116, in wrapper
    return f(*args, **kwargs)
           ^^^^^^^^^^^^^^^^^^
  File "/home/airflow/.local/lib/python3.12/site-packages/airflow/cli/commands/task_command.py", line 483, in task_run
    task_return_code = _run_task_by_selected_method(args, _dag, ti)
                       ^^^^^^^^^^^^^^^^^^^^^^^^^^^^^^^^^^^^^^^^^^^^
  File "/home/airflow/.local/lib/python3.12/site-packages/airflow/cli/commands/task_command.py", line 256, in _run_task_by_selected_method
    return _run_raw_task(args, ti)
           ^^^^^^^^^^^^^^^^^^^^^^^
  File "/home/airflow/.local/lib/python3.12/site-packages/airflow/cli/commands/task_command.py", line 341, in _run_raw_task
    return ti._run_raw_task(
           ^^^^^^^^^^^^^^^^^
  File "/home/airflow/.local/lib/python3.12/site-packages/airflow/utils/session.py", line 97, in wrapper
    return func(*args, session=session, **kwargs)
           ^^^^^^^^^^^^^^^^^^^^^^^^^^^^^^^^^^^^^^
  File "/home/airflow/.local/lib/python3.12/site-packages/airflow/models/taskinstance.py", line 3005, in _run_raw_task
    return _run_raw_task(
           ^^^^^^^^^^^^^^
  File "/home/airflow/.local/lib/python3.12/site-packages/airflow/models/taskinstance.py", line 273, in _run_raw_task
    TaskInstance._execute_task_with_callbacks(
  File "/home/airflow/.local/lib/python3.12/site-packages/airflow/models/taskinstance.py", line 3159, in _execute_task_with_callbacks
    result = self._execute_task(context, task_orig)
             ^^^^^^^^^^^^^^^^^^^^^^^^^^^^^^^^^^^^^^
  File "/home/airflow/.local/lib/python3.12/site-packages/airflow/models/taskinstance.py", line 3183, in _execute_task
    return _execute_task(self, context, task_orig)
           ^^^^^^^^^^^^^^^^^^^^^^^^^^^^^^^^^^^^^^^
  File "/home/airflow/.local/lib/python3.12/site-packages/airflow/models/taskinstance.py", line 767, in _execute_task
    result = _execute_callable(context=context, **execute_callable_kwargs)
             ^^^^^^^^^^^^^^^^^^^^^^^^^^^^^^^^^^^^^^^^^^^^^^^^^^^^^^^^^^^^^
  File "/home/airflow/.local/lib/python3.12/site-packages/airflow/models/taskinstance.py", line 733, in _execute_callable
    return ExecutionCallableRunner(
           ^^^^^^^^^^^^^^^^^^^^^^^^
  File "/home/airflow/.local/lib/python3.12/site-packages/airflow/utils/operator_helpers.py", line 252, in run
    return self.func(*args, **kwargs)
           ^^^^^^^^^^^^^^^^^^^^^^^^^^
  File "/home/airflow/.local/lib/python3.12/site-packages/airflow/models/baseoperator.py", line 422, in wrapper
    return func(self, *args, **kwargs)
           ^^^^^^^^^^^^^^^^^^^^^^^^^^^
  File "/home/airflow/.local/lib/python3.12/site-packages/airflow/providers/apache/spark/operators/spark_submit.py", line 177, in execute
    self._hook.submit(self.application)
  File "/home/airflow/.local/lib/python3.12/site-packages/airflow/providers/apache/spark/hooks/spark_submit.py", line 567, in submit
    raise AirflowException(
airflow.exceptions.AirflowException: Cannot execute: spark-submit --master spark://spark-master:7077 --executor-cores 1 --executor-memory 1g --driver-memory 1g --name arrow-spark --verbose --queue root.default --deploy-mode client /opt/spark/app.py. Error code is: 2.
[2025-02-03T08:19:38.450+0000] {local_task_job_runner.py:266} INFO - Task exited with return code 1
[2025-02-03T08:19:38.483+0000] {taskinstance.py:3895} INFO - 0 downstream tasks scheduled from follow-on schedule check
[2025-02-03T08:19:38.485+0000] {local_task_job_runner.py:245} INFO - ::endgroup::
