[2025-01-26T16:40:16.105+0000] {local_task_job_runner.py:123} INFO - ::group::Pre task execution logs
[2025-01-26T16:40:16.118+0000] {taskinstance.py:2613} INFO - Dependencies all met for dep_context=non-requeueable deps ti=<TaskInstance: dag_with_postgres_operator_v03.insert_into_table scheduled__2025-01-20T00:00:00+00:00 [queued]>
[2025-01-26T16:40:16.125+0000] {taskinstance.py:2613} INFO - Dependencies all met for dep_context=requeueable deps ti=<TaskInstance: dag_with_postgres_operator_v03.insert_into_table scheduled__2025-01-20T00:00:00+00:00 [queued]>
[2025-01-26T16:40:16.126+0000] {taskinstance.py:2866} INFO - Starting attempt 1 of 6
[2025-01-26T16:40:16.152+0000] {taskinstance.py:2889} INFO - Executing <Task(PostgresOperator): insert_into_table> on 2025-01-20 00:00:00+00:00
[2025-01-26T16:40:16.156+0000] {standard_task_runner.py:72} INFO - Started process 553 to run task
[2025-01-26T16:40:16.159+0000] {standard_task_runner.py:104} INFO - Running: ['airflow', 'tasks', 'run', 'dag_with_postgres_operator_v03', 'insert_into_table', 'scheduled__2025-01-20T00:00:00+00:00', '--job-id', '23', '--raw', '--subdir', 'DAGS_FOLDER/dag_with_postgres_operator.py', '--cfg-path', '/tmp/tmp3aoxh1t1']
[2025-01-26T16:40:16.161+0000] {standard_task_runner.py:105} INFO - Job 23: Subtask insert_into_table
[2025-01-26T16:40:16.220+0000] {task_command.py:467} INFO - Running <TaskInstance: dag_with_postgres_operator_v03.insert_into_table scheduled__2025-01-20T00:00:00+00:00 [running]> on host e707c27216fc
[2025-01-26T16:40:16.304+0000] {taskinstance.py:3132} INFO - Exporting env vars: AIRFLOW_CTX_DAG_OWNER='coder2j' AIRFLOW_CTX_DAG_ID='dag_with_postgres_operator_v03' AIRFLOW_CTX_TASK_ID='insert_into_table' AIRFLOW_CTX_EXECUTION_DATE='2025-01-20T00:00:00+00:00' AIRFLOW_CTX_TRY_NUMBER='1' AIRFLOW_CTX_DAG_RUN_ID='scheduled__2025-01-20T00:00:00+00:00'
[2025-01-26T16:40:16.305+0000] {taskinstance.py:731} INFO - ::endgroup::
[2025-01-26T16:40:16.321+0000] {sql.py:278} INFO - Executing: 
            insert into dag_runs (dt, dag_id) values ('2025-01-20', 'dag_with_postgres_operator_v03')
        
[2025-01-26T16:40:16.331+0000] {base.py:84} INFO - Retrieving connection 'postgres_localhost'
[2025-01-26T16:40:16.402+0000] {base.py:84} INFO - Retrieving connection 'postgres_localhost'
[2025-01-26T16:40:16.413+0000] {sql.py:553} INFO - Running statement: 
            insert into dag_runs (dt, dag_id) values ('2025-01-20', 'dag_with_postgres_operator_v03')
        , parameters: None
[2025-01-26T16:40:16.416+0000] {sql.py:562} INFO - Rows affected: 1
[2025-01-26T16:40:16.426+0000] {taskinstance.py:340} INFO - ::group::Post task execution logs
[2025-01-26T16:40:16.427+0000] {taskinstance.py:352} INFO - Marking task as SUCCESS. dag_id=dag_with_postgres_operator_v03, task_id=insert_into_table, run_id=scheduled__2025-01-20T00:00:00+00:00, execution_date=20250120T000000, start_date=20250126T164016, end_date=20250126T164016
[2025-01-26T16:40:16.462+0000] {local_task_job_runner.py:266} INFO - Task exited with return code 0
[2025-01-26T16:40:16.476+0000] {taskinstance.py:3895} INFO - 0 downstream tasks scheduled from follow-on schedule check
[2025-01-26T16:40:16.477+0000] {local_task_job_runner.py:245} INFO - ::endgroup::
