[2025-02-05T09:10:04.133+0000] {local_task_job_runner.py:123} INFO - ::group::Pre task execution logs
[2025-02-05T09:10:04.150+0000] {taskinstance.py:2613} INFO - Dependencies all met for dep_context=non-requeueable deps ti=<TaskInstance: Temp_elt_postgres.transform_weather_data manual__2025-02-05T09:09:51.818292+00:00 [queued]>
[2025-02-05T09:10:04.161+0000] {taskinstance.py:2613} INFO - Dependencies all met for dep_context=requeueable deps ti=<TaskInstance: Temp_elt_postgres.transform_weather_data manual__2025-02-05T09:09:51.818292+00:00 [queued]>
[2025-02-05T09:10:04.161+0000] {taskinstance.py:2866} INFO - Starting attempt 1 of 2
[2025-02-05T09:10:04.189+0000] {taskinstance.py:2889} INFO - Executing <Task(SparkSubmitOperator): transform_weather_data> on 2025-02-05 09:09:51.818292+00:00
[2025-02-05T09:10:04.196+0000] {standard_task_runner.py:104} INFO - Running: ['airflow', 'tasks', 'run', 'Temp_elt_postgres', 'transform_weather_data', 'manual__2025-02-05T09:09:51.818292+00:00', '--job-id', '137', '--raw', '--subdir', 'DAGS_FOLDER/weather_etl_postgres.py', '--cfg-path', '/tmp/tmpp5642xd6']
[2025-02-05T09:10:04.200+0000] {standard_task_runner.py:105} INFO - Job 137: Subtask transform_weather_data
[2025-02-05T09:10:04.201+0000] {logging_mixin.py:190} WARNING - /home/airflow/.local/lib/python3.12/site-packages/airflow/task/task_runner/standard_task_runner.py:70 DeprecationWarning: This process (pid=96) is multi-threaded, use of fork() may lead to deadlocks in the child.
[2025-02-05T09:10:04.203+0000] {standard_task_runner.py:72} INFO - Started process 106 to run task
[2025-02-05T09:10:04.270+0000] {task_command.py:467} INFO - Running <TaskInstance: Temp_elt_postgres.transform_weather_data manual__2025-02-05T09:09:51.818292+00:00 [running]> on host b41777508361
[2025-02-05T09:10:04.454+0000] {taskinstance.py:3132} INFO - Exporting env vars: AIRFLOW_CTX_DAG_OWNER='airflow' AIRFLOW_CTX_DAG_ID='Temp_elt_postgres' AIRFLOW_CTX_TASK_ID='transform_weather_data' AIRFLOW_CTX_EXECUTION_DATE='2025-02-05T09:09:51.818292+00:00' AIRFLOW_CTX_TRY_NUMBER='1' AIRFLOW_CTX_DAG_RUN_ID='manual__2025-02-05T09:09:51.818292+00:00'
[2025-02-05T09:10:04.456+0000] {taskinstance.py:731} INFO - ::endgroup::
[2025-02-05T09:10:04.488+0000] {base.py:84} INFO - Retrieving connection 'spark_default'
[2025-02-05T09:10:04.489+0000] {spark_submit.py:474} INFO - Spark-Submit cmd: spark-submit --master spark://spark-master:7077 --executor-cores 1 --executor-memory 1g --driver-memory 1g --name arrow-spark --verbose --queue root.default --deploy-mode client /opt/airflow/tasks/transform.py
[2025-02-05T09:10:06.110+0000] {spark_submit.py:641} INFO - Using properties file: null
[2025-02-05T09:10:06.242+0000] {spark_submit.py:641} INFO - Parsed arguments:
[2025-02-05T09:10:06.243+0000] {spark_submit.py:641} INFO - master                  spark://spark-master:7077
[2025-02-05T09:10:06.243+0000] {spark_submit.py:641} INFO - remote                  null
[2025-02-05T09:10:06.244+0000] {spark_submit.py:641} INFO - deployMode              client
[2025-02-05T09:10:06.245+0000] {spark_submit.py:641} INFO - executorMemory          1g
[2025-02-05T09:10:06.245+0000] {spark_submit.py:641} INFO - executorCores           1
[2025-02-05T09:10:06.246+0000] {spark_submit.py:641} INFO - totalExecutorCores      null
[2025-02-05T09:10:06.247+0000] {spark_submit.py:641} INFO - propertiesFile          null
[2025-02-05T09:10:06.248+0000] {spark_submit.py:641} INFO - driverMemory            1g
[2025-02-05T09:10:06.248+0000] {spark_submit.py:641} INFO - driverCores             null
[2025-02-05T09:10:06.249+0000] {spark_submit.py:641} INFO - driverExtraClassPath    null
[2025-02-05T09:10:06.250+0000] {spark_submit.py:641} INFO - driverExtraLibraryPath  null
[2025-02-05T09:10:06.250+0000] {spark_submit.py:641} INFO - driverExtraJavaOptions  null
[2025-02-05T09:10:06.252+0000] {spark_submit.py:641} INFO - supervise               false
[2025-02-05T09:10:06.252+0000] {spark_submit.py:641} INFO - queue                   root.default
[2025-02-05T09:10:06.253+0000] {spark_submit.py:641} INFO - numExecutors            null
[2025-02-05T09:10:06.254+0000] {spark_submit.py:641} INFO - files                   null
[2025-02-05T09:10:06.255+0000] {spark_submit.py:641} INFO - pyFiles                 null
[2025-02-05T09:10:06.256+0000] {spark_submit.py:641} INFO - archives                null
[2025-02-05T09:10:06.257+0000] {spark_submit.py:641} INFO - mainClass               null
[2025-02-05T09:10:06.258+0000] {spark_submit.py:641} INFO - primaryResource         file:/opt/airflow/tasks/transform.py
[2025-02-05T09:10:06.259+0000] {spark_submit.py:641} INFO - name                    arrow-spark
[2025-02-05T09:10:06.259+0000] {spark_submit.py:641} INFO - childArgs               []
[2025-02-05T09:10:06.260+0000] {spark_submit.py:641} INFO - jars                    null
[2025-02-05T09:10:06.261+0000] {spark_submit.py:641} INFO - packages                null
[2025-02-05T09:10:06.261+0000] {spark_submit.py:641} INFO - packagesExclusions      null
[2025-02-05T09:10:06.262+0000] {spark_submit.py:641} INFO - repositories            null
[2025-02-05T09:10:06.263+0000] {spark_submit.py:641} INFO - verbose                 true
[2025-02-05T09:10:06.263+0000] {spark_submit.py:641} INFO - 
[2025-02-05T09:10:06.264+0000] {spark_submit.py:641} INFO - Spark properties used, including those specified through
[2025-02-05T09:10:06.265+0000] {spark_submit.py:641} INFO - --conf and those from the properties file null:
[2025-02-05T09:10:06.266+0000] {spark_submit.py:641} INFO - (spark.driver.memory,1g)
[2025-02-05T09:10:06.267+0000] {spark_submit.py:641} INFO - 
[2025-02-05T09:10:06.268+0000] {spark_submit.py:641} INFO - 
[2025-02-05T09:10:06.577+0000] {spark_submit.py:641} INFO - Main class:
[2025-02-05T09:10:06.580+0000] {spark_submit.py:641} INFO - org.apache.spark.deploy.PythonRunner
[2025-02-05T09:10:06.581+0000] {spark_submit.py:641} INFO - Arguments:
[2025-02-05T09:10:06.582+0000] {spark_submit.py:641} INFO - file:/opt/airflow/tasks/transform.py
[2025-02-05T09:10:06.582+0000] {spark_submit.py:641} INFO - null
[2025-02-05T09:10:06.583+0000] {spark_submit.py:641} INFO - Spark config:
[2025-02-05T09:10:06.584+0000] {spark_submit.py:641} INFO - (spark.app.name,arrow-spark)
[2025-02-05T09:10:06.584+0000] {spark_submit.py:641} INFO - (spark.app.submitTime,1738746606554)
[2025-02-05T09:10:06.585+0000] {spark_submit.py:641} INFO - (spark.driver.memory,1g)
[2025-02-05T09:10:06.586+0000] {spark_submit.py:641} INFO - (spark.executor.cores,1)
[2025-02-05T09:10:06.586+0000] {spark_submit.py:641} INFO - (spark.executor.memory,1g)
[2025-02-05T09:10:06.587+0000] {spark_submit.py:641} INFO - (spark.master,spark://spark-master:7077)
[2025-02-05T09:10:06.588+0000] {spark_submit.py:641} INFO - (spark.submit.deployMode,client)
[2025-02-05T09:10:06.589+0000] {spark_submit.py:641} INFO - (spark.submit.pyFiles,)
[2025-02-05T09:10:06.589+0000] {spark_submit.py:641} INFO - Classpath elements:
[2025-02-05T09:10:06.590+0000] {spark_submit.py:641} INFO - 
[2025-02-05T09:10:06.590+0000] {spark_submit.py:641} INFO - 
[2025-02-05T09:10:06.591+0000] {spark_submit.py:641} INFO - 
[2025-02-05T09:10:07.993+0000] {spark_submit.py:641} INFO - 25/02/05 09:10:07 INFO SparkContext: Running Spark version 3.5.4
[2025-02-05T09:10:07.996+0000] {spark_submit.py:641} INFO - 25/02/05 09:10:07 INFO SparkContext: OS info Linux, 6.10.14-linuxkit, amd64
[2025-02-05T09:10:07.998+0000] {spark_submit.py:641} INFO - 25/02/05 09:10:07 INFO SparkContext: Java version 17.0.13
[2025-02-05T09:10:08.075+0000] {spark_submit.py:641} INFO - 25/02/05 09:10:08 WARN NativeCodeLoader: Unable to load native-hadoop library for your platform... using builtin-java classes where applicable
[2025-02-05T09:10:08.176+0000] {spark_submit.py:641} INFO - 25/02/05 09:10:08 INFO ResourceUtils: ==============================================================
[2025-02-05T09:10:08.177+0000] {spark_submit.py:641} INFO - 25/02/05 09:10:08 INFO ResourceUtils: No custom resources configured for spark.driver.
[2025-02-05T09:10:08.178+0000] {spark_submit.py:641} INFO - 25/02/05 09:10:08 INFO ResourceUtils: ==============================================================
[2025-02-05T09:10:08.179+0000] {spark_submit.py:641} INFO - 25/02/05 09:10:08 INFO SparkContext: Submitted application: WeatherDataProcessing
[2025-02-05T09:10:08.206+0000] {spark_submit.py:641} INFO - 25/02/05 09:10:08 INFO ResourceProfile: Default ResourceProfile created, executor resources: Map(cores -> name: cores, amount: 1, script: , vendor: , memory -> name: memory, amount: 1024, script: , vendor: , offHeap -> name: offHeap, amount: 0, script: , vendor: ), task resources: Map(cpus -> name: cpus, amount: 1.0)
[2025-02-05T09:10:08.219+0000] {spark_submit.py:641} INFO - 25/02/05 09:10:08 INFO ResourceProfile: Limiting resource is cpus at 1 tasks per executor
[2025-02-05T09:10:08.224+0000] {spark_submit.py:641} INFO - 25/02/05 09:10:08 INFO ResourceProfileManager: Added ResourceProfile id: 0
[2025-02-05T09:10:08.309+0000] {spark_submit.py:641} INFO - 25/02/05 09:10:08 INFO SecurityManager: Changing view acls to: airflow
[2025-02-05T09:10:08.309+0000] {spark_submit.py:641} INFO - 25/02/05 09:10:08 INFO SecurityManager: Changing modify acls to: airflow
[2025-02-05T09:10:08.310+0000] {spark_submit.py:641} INFO - 25/02/05 09:10:08 INFO SecurityManager: Changing view acls groups to:
[2025-02-05T09:10:08.312+0000] {spark_submit.py:641} INFO - 25/02/05 09:10:08 INFO SecurityManager: Changing modify acls groups to:
[2025-02-05T09:10:08.313+0000] {spark_submit.py:641} INFO - 25/02/05 09:10:08 INFO SecurityManager: SecurityManager: authentication disabled; ui acls disabled; users with view permissions: airflow; groups with view permissions: EMPTY; users with modify permissions: airflow; groups with modify permissions: EMPTY
[2025-02-05T09:10:08.613+0000] {spark_submit.py:641} INFO - 25/02/05 09:10:08 INFO Utils: Successfully started service 'sparkDriver' on port 33495.
[2025-02-05T09:10:08.664+0000] {spark_submit.py:641} INFO - 25/02/05 09:10:08 INFO SparkEnv: Registering MapOutputTracker
[2025-02-05T09:10:08.712+0000] {spark_submit.py:641} INFO - 25/02/05 09:10:08 INFO SparkEnv: Registering BlockManagerMaster
[2025-02-05T09:10:08.736+0000] {spark_submit.py:641} INFO - 25/02/05 09:10:08 INFO BlockManagerMasterEndpoint: Using org.apache.spark.storage.DefaultTopologyMapper for getting topology information
[2025-02-05T09:10:08.737+0000] {spark_submit.py:641} INFO - 25/02/05 09:10:08 INFO BlockManagerMasterEndpoint: BlockManagerMasterEndpoint up
[2025-02-05T09:10:08.741+0000] {spark_submit.py:641} INFO - 25/02/05 09:10:08 INFO SparkEnv: Registering BlockManagerMasterHeartbeat
[2025-02-05T09:10:08.767+0000] {spark_submit.py:641} INFO - 25/02/05 09:10:08 INFO DiskBlockManager: Created local directory at /tmp/blockmgr-4c57e316-38c5-42ea-842f-95a49422aabf
[2025-02-05T09:10:08.784+0000] {spark_submit.py:641} INFO - 25/02/05 09:10:08 INFO MemoryStore: MemoryStore started with capacity 434.4 MiB
[2025-02-05T09:10:08.802+0000] {spark_submit.py:641} INFO - 25/02/05 09:10:08 INFO SparkEnv: Registering OutputCommitCoordinator
[2025-02-05T09:10:08.952+0000] {spark_submit.py:641} INFO - 25/02/05 09:10:08 INFO JettyUtils: Start Jetty 0.0.0.0:4040 for SparkUI
[2025-02-05T09:10:09.035+0000] {spark_submit.py:641} INFO - 25/02/05 09:10:09 INFO Utils: Successfully started service 'SparkUI' on port 4040.
[2025-02-05T09:10:09.197+0000] {spark_submit.py:641} INFO - 25/02/05 09:10:09 INFO StandaloneAppClient$ClientEndpoint: Connecting to master spark://spark-master:7077...
[2025-02-05T09:10:09.260+0000] {spark_submit.py:641} INFO - 25/02/05 09:10:09 INFO TransportClientFactory: Successfully created connection to spark-master/172.18.0.2:7077 after 39 ms (0 ms spent in bootstraps)
[2025-02-05T09:10:09.376+0000] {spark_submit.py:641} INFO - 25/02/05 09:10:09 INFO StandaloneSchedulerBackend: Connected to Spark cluster with app ID app-20250205091009-0001
[2025-02-05T09:10:09.385+0000] {spark_submit.py:641} INFO - 25/02/05 09:10:09 INFO StandaloneAppClient$ClientEndpoint: Executor added: app-20250205091009-0001/0 on worker-20250205090841-172.18.0.7-45869 (172.18.0.7:45869) with 1 core(s)
[2025-02-05T09:10:09.404+0000] {spark_submit.py:641} INFO - 25/02/05 09:10:09 INFO StandaloneSchedulerBackend: Granted executor ID app-20250205091009-0001/0 on hostPort 172.18.0.7:45869 with 1 core(s), 1024.0 MiB RAM
[2025-02-05T09:10:09.406+0000] {spark_submit.py:641} INFO - 25/02/05 09:10:09 INFO StandaloneAppClient$ClientEndpoint: Executor added: app-20250205091009-0001/1 on worker-20250205090841-172.18.0.7-45869 (172.18.0.7:45869) with 1 core(s)
[2025-02-05T09:10:09.408+0000] {spark_submit.py:641} INFO - 25/02/05 09:10:09 INFO StandaloneSchedulerBackend: Granted executor ID app-20250205091009-0001/1 on hostPort 172.18.0.7:45869 with 1 core(s), 1024.0 MiB RAM
[2025-02-05T09:10:09.409+0000] {spark_submit.py:641} INFO - 25/02/05 09:10:09 INFO StandaloneAppClient$ClientEndpoint: Executor added: app-20250205091009-0001/2 on worker-20250205090841-172.18.0.7-45869 (172.18.0.7:45869) with 1 core(s)
[2025-02-05T09:10:09.413+0000] {spark_submit.py:641} INFO - 25/02/05 09:10:09 INFO StandaloneSchedulerBackend: Granted executor ID app-20250205091009-0001/2 on hostPort 172.18.0.7:45869 with 1 core(s), 1024.0 MiB RAM
[2025-02-05T09:10:09.418+0000] {spark_submit.py:641} INFO - 25/02/05 09:10:09 INFO StandaloneAppClient$ClientEndpoint: Executor added: app-20250205091009-0001/3 on worker-20250205090841-172.18.0.7-45869 (172.18.0.7:45869) with 1 core(s)
[2025-02-05T09:10:09.419+0000] {spark_submit.py:641} INFO - 25/02/05 09:10:09 INFO StandaloneSchedulerBackend: Granted executor ID app-20250205091009-0001/3 on hostPort 172.18.0.7:45869 with 1 core(s), 1024.0 MiB RAM
[2025-02-05T09:10:09.421+0000] {spark_submit.py:641} INFO - 25/02/05 09:10:09 INFO Utils: Successfully started service 'org.apache.spark.network.netty.NettyBlockTransferService' on port 39917.
[2025-02-05T09:10:09.424+0000] {spark_submit.py:641} INFO - 25/02/05 09:10:09 INFO NettyBlockTransferService: Server created on b41777508361:39917
[2025-02-05T09:10:09.428+0000] {spark_submit.py:641} INFO - 25/02/05 09:10:09 INFO StandaloneAppClient$ClientEndpoint: Executor added: app-20250205091009-0001/4 on worker-20250205090841-172.18.0.7-45869 (172.18.0.7:45869) with 1 core(s)
[2025-02-05T09:10:09.430+0000] {spark_submit.py:641} INFO - 25/02/05 09:10:09 INFO StandaloneSchedulerBackend: Granted executor ID app-20250205091009-0001/4 on hostPort 172.18.0.7:45869 with 1 core(s), 1024.0 MiB RAM
[2025-02-05T09:10:09.432+0000] {spark_submit.py:641} INFO - 25/02/05 09:10:09 INFO BlockManager: Using org.apache.spark.storage.RandomBlockReplicationPolicy for block replication policy
[2025-02-05T09:10:09.441+0000] {spark_submit.py:641} INFO - 25/02/05 09:10:09 INFO StandaloneAppClient$ClientEndpoint: Executor added: app-20250205091009-0001/5 on worker-20250205090841-172.18.0.7-45869 (172.18.0.7:45869) with 1 core(s)
[2025-02-05T09:10:09.442+0000] {spark_submit.py:641} INFO - 25/02/05 09:10:09 INFO StandaloneSchedulerBackend: Granted executor ID app-20250205091009-0001/5 on hostPort 172.18.0.7:45869 with 1 core(s), 1024.0 MiB RAM
[2025-02-05T09:10:09.444+0000] {spark_submit.py:641} INFO - 25/02/05 09:10:09 INFO StandaloneAppClient$ClientEndpoint: Executor added: app-20250205091009-0001/6 on worker-20250205090841-172.18.0.6-38299 (172.18.0.6:38299) with 1 core(s)
[2025-02-05T09:10:09.445+0000] {spark_submit.py:641} INFO - 25/02/05 09:10:09 INFO StandaloneSchedulerBackend: Granted executor ID app-20250205091009-0001/6 on hostPort 172.18.0.6:38299 with 1 core(s), 1024.0 MiB RAM
[2025-02-05T09:10:09.449+0000] {spark_submit.py:641} INFO - 25/02/05 09:10:09 INFO StandaloneAppClient$ClientEndpoint: Executor added: app-20250205091009-0001/7 on worker-20250205090841-172.18.0.6-38299 (172.18.0.6:38299) with 1 core(s)
[2025-02-05T09:10:09.453+0000] {spark_submit.py:641} INFO - 25/02/05 09:10:09 INFO StandaloneSchedulerBackend: Granted executor ID app-20250205091009-0001/7 on hostPort 172.18.0.6:38299 with 1 core(s), 1024.0 MiB RAM
[2025-02-05T09:10:09.456+0000] {spark_submit.py:641} INFO - 25/02/05 09:10:09 INFO StandaloneAppClient$ClientEndpoint: Executor added: app-20250205091009-0001/8 on worker-20250205090841-172.18.0.6-38299 (172.18.0.6:38299) with 1 core(s)
[2025-02-05T09:10:09.461+0000] {spark_submit.py:641} INFO - 25/02/05 09:10:09 INFO StandaloneSchedulerBackend: Granted executor ID app-20250205091009-0001/8 on hostPort 172.18.0.6:38299 with 1 core(s), 1024.0 MiB RAM
[2025-02-05T09:10:09.465+0000] {spark_submit.py:641} INFO - 25/02/05 09:10:09 INFO StandaloneAppClient$ClientEndpoint: Executor added: app-20250205091009-0001/9 on worker-20250205090841-172.18.0.6-38299 (172.18.0.6:38299) with 1 core(s)
[2025-02-05T09:10:09.466+0000] {spark_submit.py:641} INFO - 25/02/05 09:10:09 INFO BlockManagerMaster: Registering BlockManager BlockManagerId(driver, b41777508361, 39917, None)
[2025-02-05T09:10:09.469+0000] {spark_submit.py:641} INFO - 25/02/05 09:10:09 INFO StandaloneSchedulerBackend: Granted executor ID app-20250205091009-0001/9 on hostPort 172.18.0.6:38299 with 1 core(s), 1024.0 MiB RAM
[2025-02-05T09:10:09.469+0000] {spark_submit.py:641} INFO - 25/02/05 09:10:09 INFO StandaloneAppClient$ClientEndpoint: Executor added: app-20250205091009-0001/10 on worker-20250205090841-172.18.0.6-38299 (172.18.0.6:38299) with 1 core(s)
[2025-02-05T09:10:09.471+0000] {spark_submit.py:641} INFO - 25/02/05 09:10:09 INFO StandaloneSchedulerBackend: Granted executor ID app-20250205091009-0001/10 on hostPort 172.18.0.6:38299 with 1 core(s), 1024.0 MiB RAM
[2025-02-05T09:10:09.471+0000] {spark_submit.py:641} INFO - 25/02/05 09:10:09 INFO StandaloneAppClient$ClientEndpoint: Executor added: app-20250205091009-0001/11 on worker-20250205090841-172.18.0.6-38299 (172.18.0.6:38299) with 1 core(s)
[2025-02-05T09:10:09.472+0000] {spark_submit.py:641} INFO - 25/02/05 09:10:09 INFO StandaloneSchedulerBackend: Granted executor ID app-20250205091009-0001/11 on hostPort 172.18.0.6:38299 with 1 core(s), 1024.0 MiB RAM
[2025-02-05T09:10:09.485+0000] {spark_submit.py:641} INFO - 25/02/05 09:10:09 INFO BlockManagerMasterEndpoint: Registering block manager b41777508361:39917 with 434.4 MiB RAM, BlockManagerId(driver, b41777508361, 39917, None)
[2025-02-05T09:10:09.487+0000] {spark_submit.py:641} INFO - 25/02/05 09:10:09 INFO BlockManagerMaster: Registered BlockManager BlockManagerId(driver, b41777508361, 39917, None)
[2025-02-05T09:10:09.494+0000] {spark_submit.py:641} INFO - 25/02/05 09:10:09 INFO BlockManager: Initialized BlockManager: BlockManagerId(driver, b41777508361, 39917, None)
[2025-02-05T09:10:09.559+0000] {spark_submit.py:641} INFO - 25/02/05 09:10:09 INFO StandaloneAppClient$ClientEndpoint: Executor updated: app-20250205091009-0001/6 is now RUNNING
[2025-02-05T09:10:09.570+0000] {spark_submit.py:641} INFO - 25/02/05 09:10:09 INFO StandaloneAppClient$ClientEndpoint: Executor updated: app-20250205091009-0001/0 is now RUNNING
[2025-02-05T09:10:09.576+0000] {spark_submit.py:641} INFO - 25/02/05 09:10:09 INFO StandaloneAppClient$ClientEndpoint: Executor updated: app-20250205091009-0001/7 is now RUNNING
[2025-02-05T09:10:09.581+0000] {spark_submit.py:641} INFO - 25/02/05 09:10:09 INFO StandaloneAppClient$ClientEndpoint: Executor updated: app-20250205091009-0001/1 is now RUNNING
[2025-02-05T09:10:09.581+0000] {spark_submit.py:641} INFO - 25/02/05 09:10:09 INFO StandaloneAppClient$ClientEndpoint: Executor updated: app-20250205091009-0001/3 is now RUNNING
[2025-02-05T09:10:09.601+0000] {spark_submit.py:641} INFO - 25/02/05 09:10:09 INFO StandaloneAppClient$ClientEndpoint: Executor updated: app-20250205091009-0001/2 is now RUNNING
[2025-02-05T09:10:09.632+0000] {spark_submit.py:641} INFO - 25/02/05 09:10:09 INFO StandaloneAppClient$ClientEndpoint: Executor updated: app-20250205091009-0001/4 is now RUNNING
[2025-02-05T09:10:09.667+0000] {spark_submit.py:641} INFO - 25/02/05 09:10:09 INFO StandaloneAppClient$ClientEndpoint: Executor updated: app-20250205091009-0001/11 is now RUNNING
[2025-02-05T09:10:09.740+0000] {spark_submit.py:641} INFO - 25/02/05 09:10:09 INFO StandaloneAppClient$ClientEndpoint: Executor updated: app-20250205091009-0001/8 is now RUNNING
[2025-02-05T09:10:09.747+0000] {spark_submit.py:641} INFO - 25/02/05 09:10:09 INFO StandaloneAppClient$ClientEndpoint: Executor updated: app-20250205091009-0001/9 is now RUNNING
[2025-02-05T09:10:09.752+0000] {spark_submit.py:641} INFO - 25/02/05 09:10:09 INFO StandaloneAppClient$ClientEndpoint: Executor updated: app-20250205091009-0001/10 is now RUNNING
[2025-02-05T09:10:09.822+0000] {spark_submit.py:641} INFO - 25/02/05 09:10:09 INFO StandaloneAppClient$ClientEndpoint: Executor updated: app-20250205091009-0001/5 is now RUNNING
[2025-02-05T09:10:10.279+0000] {spark_submit.py:641} INFO - 25/02/05 09:10:10 INFO StandaloneSchedulerBackend: SchedulerBackend is ready for scheduling beginning after reached minRegisteredResourcesRatio: 0.0
[2025-02-05T09:10:10.815+0000] {spark_submit.py:641} INFO - ❌ File not found: /opt/airflow/data/raw/2025-02-04/2025-02-04 23:13.parquet
[2025-02-05T09:10:10.816+0000] {spark_submit.py:641} INFO - Traceback (most recent call last):
[2025-02-05T09:10:10.817+0000] {spark_submit.py:641} INFO - File "/opt/airflow/tasks/transform.py", line 83, in <module>
[2025-02-05T09:10:10.821+0000] {spark_submit.py:641} INFO - transform_weather_data()
[2025-02-05T09:10:10.826+0000] {spark_submit.py:641} INFO - File "/opt/airflow/tasks/transform.py", line 28, in transform_weather_data
[2025-02-05T09:10:10.828+0000] {spark_submit.py:641} INFO - print("Files in directory:", os.listdir("/opt/airflow/data/raw/2025-02-04/"))
[2025-02-05T09:10:10.833+0000] {spark_submit.py:641} INFO - ^^^^^^^^^^^^^^^^^^^^^^^^^^^^^^^^^^^^^^^^^^^^^^^
[2025-02-05T09:10:10.834+0000] {spark_submit.py:641} INFO - FileNotFoundError: [Errno 2] No such file or directory: '/opt/airflow/data/raw/2025-02-04/'
[2025-02-05T09:10:11.016+0000] {spark_submit.py:641} INFO - 25/02/05 09:10:11 INFO SparkContext: Invoking stop() from shutdown hook
[2025-02-05T09:10:11.022+0000] {spark_submit.py:641} INFO - 25/02/05 09:10:11 INFO SparkContext: SparkContext is stopping with exitCode 0.
[2025-02-05T09:10:11.091+0000] {spark_submit.py:641} INFO - 25/02/05 09:10:11 INFO SparkUI: Stopped Spark web UI at http://b41777508361:4040
[2025-02-05T09:10:11.118+0000] {spark_submit.py:641} INFO - 25/02/05 09:10:11 INFO StandaloneSchedulerBackend: Shutting down all executors
[2025-02-05T09:10:11.144+0000] {spark_submit.py:641} INFO - 25/02/05 09:10:11 INFO StandaloneSchedulerBackend$StandaloneDriverEndpoint: Asking each executor to shut down
[2025-02-05T09:10:11.221+0000] {spark_submit.py:641} INFO - 25/02/05 09:10:11 INFO MapOutputTrackerMasterEndpoint: MapOutputTrackerMasterEndpoint stopped!
[2025-02-05T09:10:11.295+0000] {spark_submit.py:641} INFO - 25/02/05 09:10:11 INFO MemoryStore: MemoryStore cleared
[2025-02-05T09:10:11.298+0000] {spark_submit.py:641} INFO - 25/02/05 09:10:11 INFO BlockManager: BlockManager stopped
[2025-02-05T09:10:11.347+0000] {spark_submit.py:641} INFO - 25/02/05 09:10:11 INFO BlockManagerMaster: BlockManagerMaster stopped
[2025-02-05T09:10:11.349+0000] {spark_submit.py:641} INFO - 25/02/05 09:10:11 INFO OutputCommitCoordinator$OutputCommitCoordinatorEndpoint: OutputCommitCoordinator stopped!
[2025-02-05T09:10:11.419+0000] {spark_submit.py:641} INFO - 25/02/05 09:10:11 INFO SparkContext: Successfully stopped SparkContext
[2025-02-05T09:10:11.420+0000] {spark_submit.py:641} INFO - 25/02/05 09:10:11 INFO ShutdownHookManager: Shutdown hook called
[2025-02-05T09:10:11.420+0000] {spark_submit.py:641} INFO - 25/02/05 09:10:11 INFO ShutdownHookManager: Deleting directory /tmp/spark-0b1d0325-7cae-4311-89b6-159ccc78fbed
[2025-02-05T09:10:11.426+0000] {spark_submit.py:641} INFO - 25/02/05 09:10:11 INFO ShutdownHookManager: Deleting directory /tmp/spark-f1829b01-cf3e-4c23-a47e-b652b20453f6
[2025-02-05T09:10:11.432+0000] {spark_submit.py:641} INFO - 25/02/05 09:10:11 INFO ShutdownHookManager: Deleting directory /tmp/spark-0b1d0325-7cae-4311-89b6-159ccc78fbed/pyspark-7be89b95-f2be-4594-b0f6-6bf52b230ed6
[2025-02-05T09:10:11.488+0000] {taskinstance.py:3311} ERROR - Task failed with exception
Traceback (most recent call last):
  File "/home/airflow/.local/lib/python3.12/site-packages/airflow/models/taskinstance.py", line 767, in _execute_task
    result = _execute_callable(context=context, **execute_callable_kwargs)
             ^^^^^^^^^^^^^^^^^^^^^^^^^^^^^^^^^^^^^^^^^^^^^^^^^^^^^^^^^^^^^
  File "/home/airflow/.local/lib/python3.12/site-packages/airflow/models/taskinstance.py", line 733, in _execute_callable
    return ExecutionCallableRunner(
           ^^^^^^^^^^^^^^^^^^^^^^^^
  File "/home/airflow/.local/lib/python3.12/site-packages/airflow/utils/operator_helpers.py", line 252, in run
    return self.func(*args, **kwargs)
           ^^^^^^^^^^^^^^^^^^^^^^^^^^
  File "/home/airflow/.local/lib/python3.12/site-packages/airflow/models/baseoperator.py", line 422, in wrapper
    return func(self, *args, **kwargs)
           ^^^^^^^^^^^^^^^^^^^^^^^^^^^
  File "/home/airflow/.local/lib/python3.12/site-packages/airflow/providers/apache/spark/operators/spark_submit.py", line 177, in execute
    self._hook.submit(self.application)
  File "/home/airflow/.local/lib/python3.12/site-packages/airflow/providers/apache/spark/hooks/spark_submit.py", line 567, in submit
    raise AirflowException(
airflow.exceptions.AirflowException: Cannot execute: spark-submit --master spark://spark-master:7077 --executor-cores 1 --executor-memory 1g --driver-memory 1g --name arrow-spark --verbose --queue root.default --deploy-mode client /opt/airflow/tasks/transform.py. Error code is: 1.
[2025-02-05T09:10:11.505+0000] {taskinstance.py:1225} INFO - Marking task as UP_FOR_RETRY. dag_id=Temp_elt_postgres, task_id=transform_weather_data, run_id=manual__2025-02-05T09:09:51.818292+00:00, execution_date=20250205T090951, start_date=20250205T091004, end_date=20250205T091011
[2025-02-05T09:10:11.558+0000] {taskinstance.py:340} INFO - ::group::Post task execution logs
[2025-02-05T09:10:11.559+0000] {standard_task_runner.py:124} ERROR - Failed to execute job 137 for task transform_weather_data (Cannot execute: spark-submit --master spark://spark-master:7077 --executor-cores 1 --executor-memory 1g --driver-memory 1g --name arrow-spark --verbose --queue root.default --deploy-mode client /opt/airflow/tasks/transform.py. Error code is: 1.; 106)
Traceback (most recent call last):
  File "/home/airflow/.local/lib/python3.12/site-packages/airflow/task/task_runner/standard_task_runner.py", line 117, in _start_by_fork
    ret = args.func(args, dag=self.dag)
          ^^^^^^^^^^^^^^^^^^^^^^^^^^^^^
  File "/home/airflow/.local/lib/python3.12/site-packages/airflow/cli/cli_config.py", line 49, in command
    return func(*args, **kwargs)
           ^^^^^^^^^^^^^^^^^^^^^
  File "/home/airflow/.local/lib/python3.12/site-packages/airflow/utils/cli.py", line 116, in wrapper
    return f(*args, **kwargs)
           ^^^^^^^^^^^^^^^^^^
  File "/home/airflow/.local/lib/python3.12/site-packages/airflow/cli/commands/task_command.py", line 483, in task_run
    task_return_code = _run_task_by_selected_method(args, _dag, ti)
                       ^^^^^^^^^^^^^^^^^^^^^^^^^^^^^^^^^^^^^^^^^^^^
  File "/home/airflow/.local/lib/python3.12/site-packages/airflow/cli/commands/task_command.py", line 256, in _run_task_by_selected_method
    return _run_raw_task(args, ti)
           ^^^^^^^^^^^^^^^^^^^^^^^
  File "/home/airflow/.local/lib/python3.12/site-packages/airflow/cli/commands/task_command.py", line 341, in _run_raw_task
    return ti._run_raw_task(
           ^^^^^^^^^^^^^^^^^
  File "/home/airflow/.local/lib/python3.12/site-packages/airflow/utils/session.py", line 97, in wrapper
    return func(*args, session=session, **kwargs)
           ^^^^^^^^^^^^^^^^^^^^^^^^^^^^^^^^^^^^^^
  File "/home/airflow/.local/lib/python3.12/site-packages/airflow/models/taskinstance.py", line 3005, in _run_raw_task
    return _run_raw_task(
           ^^^^^^^^^^^^^^
  File "/home/airflow/.local/lib/python3.12/site-packages/airflow/models/taskinstance.py", line 273, in _run_raw_task
    TaskInstance._execute_task_with_callbacks(
  File "/home/airflow/.local/lib/python3.12/site-packages/airflow/models/taskinstance.py", line 3159, in _execute_task_with_callbacks
    result = self._execute_task(context, task_orig)
             ^^^^^^^^^^^^^^^^^^^^^^^^^^^^^^^^^^^^^^
  File "/home/airflow/.local/lib/python3.12/site-packages/airflow/models/taskinstance.py", line 3183, in _execute_task
    return _execute_task(self, context, task_orig)
           ^^^^^^^^^^^^^^^^^^^^^^^^^^^^^^^^^^^^^^^
  File "/home/airflow/.local/lib/python3.12/site-packages/airflow/models/taskinstance.py", line 767, in _execute_task
    result = _execute_callable(context=context, **execute_callable_kwargs)
             ^^^^^^^^^^^^^^^^^^^^^^^^^^^^^^^^^^^^^^^^^^^^^^^^^^^^^^^^^^^^^
  File "/home/airflow/.local/lib/python3.12/site-packages/airflow/models/taskinstance.py", line 733, in _execute_callable
    return ExecutionCallableRunner(
           ^^^^^^^^^^^^^^^^^^^^^^^^
  File "/home/airflow/.local/lib/python3.12/site-packages/airflow/utils/operator_helpers.py", line 252, in run
    return self.func(*args, **kwargs)
           ^^^^^^^^^^^^^^^^^^^^^^^^^^
  File "/home/airflow/.local/lib/python3.12/site-packages/airflow/models/baseoperator.py", line 422, in wrapper
    return func(self, *args, **kwargs)
           ^^^^^^^^^^^^^^^^^^^^^^^^^^^
  File "/home/airflow/.local/lib/python3.12/site-packages/airflow/providers/apache/spark/operators/spark_submit.py", line 177, in execute
    self._hook.submit(self.application)
  File "/home/airflow/.local/lib/python3.12/site-packages/airflow/providers/apache/spark/hooks/spark_submit.py", line 567, in submit
    raise AirflowException(
airflow.exceptions.AirflowException: Cannot execute: spark-submit --master spark://spark-master:7077 --executor-cores 1 --executor-memory 1g --driver-memory 1g --name arrow-spark --verbose --queue root.default --deploy-mode client /opt/airflow/tasks/transform.py. Error code is: 1.
[2025-02-05T09:10:11.584+0000] {local_task_job_runner.py:266} INFO - Task exited with return code 1
[2025-02-05T09:10:11.609+0000] {taskinstance.py:3895} INFO - 0 downstream tasks scheduled from follow-on schedule check
[2025-02-05T09:10:11.611+0000] {local_task_job_runner.py:245} INFO - ::endgroup::
