[2025-02-04T22:11:46.779+0000] {local_task_job_runner.py:123} INFO - ::group::Pre task execution logs
[2025-02-04T22:11:46.797+0000] {taskinstance.py:2613} INFO - Dependencies all met for dep_context=non-requeueable deps ti=<TaskInstance: Temp_elt_postgres.create_processed_weather_data_table manual__2025-02-04T22:10:37.667824+00:00 [queued]>
[2025-02-04T22:11:46.809+0000] {taskinstance.py:2613} INFO - Dependencies all met for dep_context=requeueable deps ti=<TaskInstance: Temp_elt_postgres.create_processed_weather_data_table manual__2025-02-04T22:10:37.667824+00:00 [queued]>
[2025-02-04T22:11:46.810+0000] {taskinstance.py:2866} INFO - Starting attempt 1 of 1
[2025-02-04T22:11:46.853+0000] {taskinstance.py:2889} INFO - Executing <Task(PostgresOperator): create_processed_weather_data_table> on 2025-02-04 22:10:37.667824+00:00
[2025-02-04T22:11:46.868+0000] {standard_task_runner.py:104} INFO - Running: ['airflow', 'tasks', 'run', 'Temp_elt_postgres', 'create_processed_weather_data_table', 'manual__2025-02-04T22:10:37.667824+00:00', '--job-id', '96', '--raw', '--subdir', 'DAGS_FOLDER/weather_etl_postgres.py', '--cfg-path', '/tmp/tmpjz9xl2nv']
[2025-02-04T22:11:46.873+0000] {standard_task_runner.py:105} INFO - Job 96: Subtask create_processed_weather_data_table
[2025-02-04T22:11:46.874+0000] {logging_mixin.py:190} WARNING - /home/airflow/.local/lib/python3.12/site-packages/airflow/task/task_runner/standard_task_runner.py:70 DeprecationWarning: This process (pid=1677) is multi-threaded, use of fork() may lead to deadlocks in the child.
[2025-02-04T22:11:46.878+0000] {standard_task_runner.py:72} INFO - Started process 1687 to run task
[2025-02-04T22:11:47.045+0000] {task_command.py:467} INFO - Running <TaskInstance: Temp_elt_postgres.create_processed_weather_data_table manual__2025-02-04T22:10:37.667824+00:00 [running]> on host c95ac323e145
[2025-02-04T22:11:47.234+0000] {taskinstance.py:3132} INFO - Exporting env vars: AIRFLOW_CTX_DAG_OWNER='airflow' AIRFLOW_CTX_DAG_ID='Temp_elt_postgres' AIRFLOW_CTX_TASK_ID='create_processed_weather_data_table' AIRFLOW_CTX_EXECUTION_DATE='2025-02-04T22:10:37.667824+00:00' AIRFLOW_CTX_TRY_NUMBER='1' AIRFLOW_CTX_DAG_RUN_ID='manual__2025-02-04T22:10:37.667824+00:00'
[2025-02-04T22:11:47.236+0000] {taskinstance.py:731} INFO - ::endgroup::
[2025-02-04T22:11:47.264+0000] {sql.py:278} INFO - Executing: 
            create table if not exists processed_weather_data (
                location VARCHAR(50),
                region VARCHAR(50),
                country VARCHAR(50),
                lat DOUBLE PRECISION,
                lon DOUBLE PRECISION,
                "localtime" TIMESTAMP,
                temperature_c DOUBLE PRECISION ,
                temperature_f DOUBLE PRECISION,
                feelslike_c DOUBLE PRECISION,
                feelslike_f DOUBLE PRECISION,
                date DATE ,
                primary key ("localtime", location)
            )
        
[2025-02-04T22:11:47.294+0000] {base.py:84} INFO - Retrieving connection 'postgres_localhost'
[2025-02-04T22:11:47.650+0000] {base.py:84} INFO - Retrieving connection 'postgres_localhost'
[2025-02-04T22:11:47.665+0000] {sql.py:553} INFO - Running statement: 
            create table if not exists processed_weather_data (
                location VARCHAR(50),
                region VARCHAR(50),
                country VARCHAR(50),
                lat DOUBLE PRECISION,
                lon DOUBLE PRECISION,
                "localtime" TIMESTAMP,
                temperature_c DOUBLE PRECISION ,
                temperature_f DOUBLE PRECISION,
                feelslike_c DOUBLE PRECISION,
                feelslike_f DOUBLE PRECISION,
                date DATE ,
                primary key ("localtime", location)
            )
        , parameters: None
[2025-02-04T22:11:47.692+0000] {taskinstance.py:340} INFO - ::group::Post task execution logs
[2025-02-04T22:11:47.693+0000] {taskinstance.py:352} INFO - Marking task as SUCCESS. dag_id=Temp_elt_postgres, task_id=create_processed_weather_data_table, run_id=manual__2025-02-04T22:10:37.667824+00:00, execution_date=20250204T221037, start_date=20250204T221146, end_date=20250204T221147
[2025-02-04T22:11:47.765+0000] {local_task_job_runner.py:266} INFO - Task exited with return code 0
[2025-02-04T22:11:47.799+0000] {taskinstance.py:3895} INFO - 1 downstream tasks scheduled from follow-on schedule check
[2025-02-04T22:11:47.807+0000] {local_task_job_runner.py:245} INFO - ::endgroup::
