[2025-01-03T21:29:27.285+0100] {processor.py:186} INFO - Started process (PID=78003) to work on /Users/azeez.ganiyu/airflow_venv/lib/python3.9/site-packages/airflow/example_dags/example_setup_teardown_taskflow.py
[2025-01-03T21:29:27.291+0100] {processor.py:914} INFO - Processing file /Users/azeez.ganiyu/airflow_venv/lib/python3.9/site-packages/airflow/example_dags/example_setup_teardown_taskflow.py for tasks to queue
[2025-01-03T21:29:27.292+0100] {logging_mixin.py:190} INFO - [2025-01-03T21:29:27.292+0100] {dagbag.py:588} INFO - Filling up the DagBag from /Users/azeez.ganiyu/airflow_venv/lib/python3.9/site-packages/airflow/example_dags/example_setup_teardown_taskflow.py
[2025-01-03T21:29:27.353+0100] {processor.py:925} INFO - DAG(s) 'example_setup_teardown_taskflow' retrieved from /Users/azeez.ganiyu/airflow_venv/lib/python3.9/site-packages/airflow/example_dags/example_setup_teardown_taskflow.py
[2025-01-03T21:29:27.636+0100] {logging_mixin.py:190} INFO - [2025-01-03T21:29:27.636+0100] {override.py:1912} INFO - Created Permission View: can edit on DAG:example_setup_teardown_taskflow
[2025-01-03T21:29:27.646+0100] {logging_mixin.py:190} INFO - [2025-01-03T21:29:27.646+0100] {override.py:1912} INFO - Created Permission View: can read on DAG:example_setup_teardown_taskflow
[2025-01-03T21:29:27.655+0100] {logging_mixin.py:190} INFO - [2025-01-03T21:29:27.655+0100] {override.py:1912} INFO - Created Permission View: can delete on DAG:example_setup_teardown_taskflow
[2025-01-03T21:29:27.668+0100] {logging_mixin.py:190} INFO - [2025-01-03T21:29:27.668+0100] {override.py:1912} INFO - Created Permission View: can create on DAG Run:example_setup_teardown_taskflow
[2025-01-03T21:29:27.676+0100] {logging_mixin.py:190} INFO - [2025-01-03T21:29:27.675+0100] {override.py:1912} INFO - Created Permission View: can read on DAG Run:example_setup_teardown_taskflow
[2025-01-03T21:29:27.684+0100] {logging_mixin.py:190} INFO - [2025-01-03T21:29:27.684+0100] {override.py:1912} INFO - Created Permission View: menu access on DAG Run:example_setup_teardown_taskflow
[2025-01-03T21:29:27.692+0100] {logging_mixin.py:190} INFO - [2025-01-03T21:29:27.692+0100] {override.py:1912} INFO - Created Permission View: can delete on DAG Run:example_setup_teardown_taskflow
[2025-01-03T21:29:27.693+0100] {logging_mixin.py:190} INFO - [2025-01-03T21:29:27.693+0100] {dag.py:3239} INFO - Sync 1 DAGs
[2025-01-03T21:29:27.706+0100] {logging_mixin.py:190} INFO - [2025-01-03T21:29:27.706+0100] {dag.py:3262} INFO - Creating ORM DAG for example_setup_teardown_taskflow
[2025-01-03T21:29:27.707+0100] {logging_mixin.py:190} INFO - [2025-01-03T21:29:27.707+0100] {dag.py:4180} INFO - Setting next_dagrun for example_setup_teardown_taskflow to None, run_after=None
[2025-01-03T21:29:27.727+0100] {processor.py:208} INFO - Processing /Users/azeez.ganiyu/airflow_venv/lib/python3.9/site-packages/airflow/example_dags/example_setup_teardown_taskflow.py took 0.449 seconds
[2025-01-03T21:33:17.083+0100] {processor.py:186} INFO - Started process (PID=79375) to work on /Users/azeez.ganiyu/airflow_venv/lib/python3.9/site-packages/airflow/example_dags/example_setup_teardown_taskflow.py
[2025-01-03T21:33:17.088+0100] {processor.py:914} INFO - Processing file /Users/azeez.ganiyu/airflow_venv/lib/python3.9/site-packages/airflow/example_dags/example_setup_teardown_taskflow.py for tasks to queue
[2025-01-03T21:33:17.089+0100] {logging_mixin.py:190} INFO - [2025-01-03T21:33:17.089+0100] {dagbag.py:588} INFO - Filling up the DagBag from /Users/azeez.ganiyu/airflow_venv/lib/python3.9/site-packages/airflow/example_dags/example_setup_teardown_taskflow.py
[2025-01-03T21:33:17.156+0100] {processor.py:925} INFO - DAG(s) 'example_setup_teardown_taskflow' retrieved from /Users/azeez.ganiyu/airflow_venv/lib/python3.9/site-packages/airflow/example_dags/example_setup_teardown_taskflow.py
[2025-01-03T21:33:17.316+0100] {logging_mixin.py:190} INFO - [2025-01-03T21:33:17.316+0100] {dag.py:3239} INFO - Sync 1 DAGs
[2025-01-03T21:33:17.328+0100] {logging_mixin.py:190} INFO - [2025-01-03T21:33:17.328+0100] {dag.py:4180} INFO - Setting next_dagrun for example_setup_teardown_taskflow to None, run_after=None
[2025-01-03T21:33:17.352+0100] {processor.py:208} INFO - Processing /Users/azeez.ganiyu/airflow_venv/lib/python3.9/site-packages/airflow/example_dags/example_setup_teardown_taskflow.py took 0.277 seconds
[2025-01-03T21:37:13.965+0100] {processor.py:186} INFO - Started process (PID=81381) to work on /Users/azeez.ganiyu/airflow_venv/lib/python3.9/site-packages/airflow/example_dags/example_setup_teardown_taskflow.py
[2025-01-03T21:37:13.969+0100] {processor.py:914} INFO - Processing file /Users/azeez.ganiyu/airflow_venv/lib/python3.9/site-packages/airflow/example_dags/example_setup_teardown_taskflow.py for tasks to queue
[2025-01-03T21:37:13.970+0100] {logging_mixin.py:190} INFO - [2025-01-03T21:37:13.970+0100] {dagbag.py:588} INFO - Filling up the DagBag from /Users/azeez.ganiyu/airflow_venv/lib/python3.9/site-packages/airflow/example_dags/example_setup_teardown_taskflow.py
[2025-01-03T21:37:14.028+0100] {processor.py:925} INFO - DAG(s) 'example_setup_teardown_taskflow' retrieved from /Users/azeez.ganiyu/airflow_venv/lib/python3.9/site-packages/airflow/example_dags/example_setup_teardown_taskflow.py
[2025-01-03T21:37:14.162+0100] {logging_mixin.py:190} INFO - [2025-01-03T21:37:14.162+0100] {dag.py:3239} INFO - Sync 1 DAGs
[2025-01-03T21:37:14.172+0100] {logging_mixin.py:190} INFO - [2025-01-03T21:37:14.172+0100] {dag.py:4180} INFO - Setting next_dagrun for example_setup_teardown_taskflow to None, run_after=None
[2025-01-03T21:37:14.191+0100] {processor.py:208} INFO - Processing /Users/azeez.ganiyu/airflow_venv/lib/python3.9/site-packages/airflow/example_dags/example_setup_teardown_taskflow.py took 0.234 seconds
[2025-01-03T21:40:20.435+0100] {processor.py:186} INFO - Started process (PID=82411) to work on /Users/azeez.ganiyu/airflow_venv/lib/python3.9/site-packages/airflow/example_dags/example_setup_teardown_taskflow.py
[2025-01-03T21:40:20.440+0100] {processor.py:914} INFO - Processing file /Users/azeez.ganiyu/airflow_venv/lib/python3.9/site-packages/airflow/example_dags/example_setup_teardown_taskflow.py for tasks to queue
[2025-01-03T21:40:20.441+0100] {logging_mixin.py:190} INFO - [2025-01-03T21:40:20.441+0100] {dagbag.py:588} INFO - Filling up the DagBag from /Users/azeez.ganiyu/airflow_venv/lib/python3.9/site-packages/airflow/example_dags/example_setup_teardown_taskflow.py
[2025-01-03T21:40:20.503+0100] {processor.py:925} INFO - DAG(s) 'example_setup_teardown_taskflow' retrieved from /Users/azeez.ganiyu/airflow_venv/lib/python3.9/site-packages/airflow/example_dags/example_setup_teardown_taskflow.py
[2025-01-03T21:40:20.653+0100] {logging_mixin.py:190} INFO - [2025-01-03T21:40:20.652+0100] {dag.py:3239} INFO - Sync 1 DAGs
[2025-01-03T21:40:20.664+0100] {logging_mixin.py:190} INFO - [2025-01-03T21:40:20.664+0100] {dag.py:4180} INFO - Setting next_dagrun for example_setup_teardown_taskflow to None, run_after=None
[2025-01-03T21:40:20.687+0100] {processor.py:208} INFO - Processing /Users/azeez.ganiyu/airflow_venv/lib/python3.9/site-packages/airflow/example_dags/example_setup_teardown_taskflow.py took 0.260 seconds
[2025-01-03T21:43:26.643+0100] {processor.py:186} INFO - Started process (PID=84193) to work on /Users/azeez.ganiyu/airflow_venv/lib/python3.9/site-packages/airflow/example_dags/example_setup_teardown_taskflow.py
[2025-01-03T21:43:26.647+0100] {processor.py:914} INFO - Processing file /Users/azeez.ganiyu/airflow_venv/lib/python3.9/site-packages/airflow/example_dags/example_setup_teardown_taskflow.py for tasks to queue
[2025-01-03T21:43:26.650+0100] {logging_mixin.py:190} INFO - [2025-01-03T21:43:26.649+0100] {dagbag.py:588} INFO - Filling up the DagBag from /Users/azeez.ganiyu/airflow_venv/lib/python3.9/site-packages/airflow/example_dags/example_setup_teardown_taskflow.py
[2025-01-03T21:43:26.712+0100] {processor.py:925} INFO - DAG(s) 'example_setup_teardown_taskflow' retrieved from /Users/azeez.ganiyu/airflow_venv/lib/python3.9/site-packages/airflow/example_dags/example_setup_teardown_taskflow.py
[2025-01-03T21:43:26.866+0100] {logging_mixin.py:190} INFO - [2025-01-03T21:43:26.865+0100] {dag.py:3239} INFO - Sync 1 DAGs
[2025-01-03T21:43:26.879+0100] {logging_mixin.py:190} INFO - [2025-01-03T21:43:26.878+0100] {dag.py:4180} INFO - Setting next_dagrun for example_setup_teardown_taskflow to None, run_after=None
[2025-01-03T21:43:26.905+0100] {processor.py:208} INFO - Processing /Users/azeez.ganiyu/airflow_venv/lib/python3.9/site-packages/airflow/example_dags/example_setup_teardown_taskflow.py took 0.270 seconds
[2025-01-03T21:46:37.219+0100] {processor.py:186} INFO - Started process (PID=85814) to work on /Users/azeez.ganiyu/airflow_venv/lib/python3.9/site-packages/airflow/example_dags/example_setup_teardown_taskflow.py
[2025-01-03T21:46:37.226+0100] {processor.py:914} INFO - Processing file /Users/azeez.ganiyu/airflow_venv/lib/python3.9/site-packages/airflow/example_dags/example_setup_teardown_taskflow.py for tasks to queue
[2025-01-03T21:46:37.228+0100] {logging_mixin.py:190} INFO - [2025-01-03T21:46:37.227+0100] {dagbag.py:588} INFO - Filling up the DagBag from /Users/azeez.ganiyu/airflow_venv/lib/python3.9/site-packages/airflow/example_dags/example_setup_teardown_taskflow.py
[2025-01-03T21:46:37.291+0100] {processor.py:925} INFO - DAG(s) 'example_setup_teardown_taskflow' retrieved from /Users/azeez.ganiyu/airflow_venv/lib/python3.9/site-packages/airflow/example_dags/example_setup_teardown_taskflow.py
[2025-01-03T21:46:37.458+0100] {logging_mixin.py:190} INFO - [2025-01-03T21:46:37.458+0100] {dag.py:3239} INFO - Sync 1 DAGs
[2025-01-03T21:46:37.472+0100] {logging_mixin.py:190} INFO - [2025-01-03T21:46:37.472+0100] {dag.py:4180} INFO - Setting next_dagrun for example_setup_teardown_taskflow to None, run_after=None
[2025-01-03T21:46:37.494+0100] {processor.py:208} INFO - Processing /Users/azeez.ganiyu/airflow_venv/lib/python3.9/site-packages/airflow/example_dags/example_setup_teardown_taskflow.py took 0.283 seconds
[2025-01-03T21:49:50.168+0100] {processor.py:186} INFO - Started process (PID=86930) to work on /Users/azeez.ganiyu/airflow_venv/lib/python3.9/site-packages/airflow/example_dags/example_setup_teardown_taskflow.py
[2025-01-03T21:49:50.175+0100] {processor.py:914} INFO - Processing file /Users/azeez.ganiyu/airflow_venv/lib/python3.9/site-packages/airflow/example_dags/example_setup_teardown_taskflow.py for tasks to queue
[2025-01-03T21:49:50.176+0100] {logging_mixin.py:190} INFO - [2025-01-03T21:49:50.176+0100] {dagbag.py:588} INFO - Filling up the DagBag from /Users/azeez.ganiyu/airflow_venv/lib/python3.9/site-packages/airflow/example_dags/example_setup_teardown_taskflow.py
[2025-01-03T21:49:50.235+0100] {processor.py:925} INFO - DAG(s) 'example_setup_teardown_taskflow' retrieved from /Users/azeez.ganiyu/airflow_venv/lib/python3.9/site-packages/airflow/example_dags/example_setup_teardown_taskflow.py
[2025-01-03T21:49:50.403+0100] {logging_mixin.py:190} INFO - [2025-01-03T21:49:50.402+0100] {dag.py:3239} INFO - Sync 1 DAGs
[2025-01-03T21:49:50.413+0100] {logging_mixin.py:190} INFO - [2025-01-03T21:49:50.412+0100] {dag.py:4180} INFO - Setting next_dagrun for example_setup_teardown_taskflow to None, run_after=None
[2025-01-03T21:49:50.433+0100] {processor.py:208} INFO - Processing /Users/azeez.ganiyu/airflow_venv/lib/python3.9/site-packages/airflow/example_dags/example_setup_teardown_taskflow.py took 0.274 seconds
