[2025-01-03T21:29:10.755+0100] {processor.py:186} INFO - Started process (PID=77942) to work on /Users/azeez.ganiyu/airflow_venv/lib/python3.9/site-packages/airflow/example_dags/example_sla_dag.py
[2025-01-03T21:29:10.762+0100] {processor.py:914} INFO - Processing file /Users/azeez.ganiyu/airflow_venv/lib/python3.9/site-packages/airflow/example_dags/example_sla_dag.py for tasks to queue
[2025-01-03T21:29:10.763+0100] {logging_mixin.py:190} INFO - [2025-01-03T21:29:10.763+0100] {dagbag.py:588} INFO - Filling up the DagBag from /Users/azeez.ganiyu/airflow_venv/lib/python3.9/site-packages/airflow/example_dags/example_sla_dag.py
[2025-01-03T21:29:10.824+0100] {processor.py:925} INFO - DAG(s) 'example_sla_dag' retrieved from /Users/azeez.ganiyu/airflow_venv/lib/python3.9/site-packages/airflow/example_dags/example_sla_dag.py
[2025-01-03T21:29:11.091+0100] {logging_mixin.py:190} INFO - [2025-01-03T21:29:11.091+0100] {override.py:1912} INFO - Created Permission View: can edit on DAG:example_sla_dag
[2025-01-03T21:29:11.103+0100] {logging_mixin.py:190} INFO - [2025-01-03T21:29:11.103+0100] {override.py:1912} INFO - Created Permission View: can read on DAG:example_sla_dag
[2025-01-03T21:29:11.111+0100] {logging_mixin.py:190} INFO - [2025-01-03T21:29:11.111+0100] {override.py:1912} INFO - Created Permission View: can delete on DAG:example_sla_dag
[2025-01-03T21:29:11.125+0100] {logging_mixin.py:190} INFO - [2025-01-03T21:29:11.124+0100] {override.py:1912} INFO - Created Permission View: can create on DAG Run:example_sla_dag
[2025-01-03T21:29:11.133+0100] {logging_mixin.py:190} INFO - [2025-01-03T21:29:11.133+0100] {override.py:1912} INFO - Created Permission View: can read on DAG Run:example_sla_dag
[2025-01-03T21:29:11.142+0100] {logging_mixin.py:190} INFO - [2025-01-03T21:29:11.141+0100] {override.py:1912} INFO - Created Permission View: menu access on DAG Run:example_sla_dag
[2025-01-03T21:29:11.151+0100] {logging_mixin.py:190} INFO - [2025-01-03T21:29:11.150+0100] {override.py:1912} INFO - Created Permission View: can delete on DAG Run:example_sla_dag
[2025-01-03T21:29:11.151+0100] {logging_mixin.py:190} INFO - [2025-01-03T21:29:11.151+0100] {dag.py:3239} INFO - Sync 1 DAGs
[2025-01-03T21:29:11.164+0100] {logging_mixin.py:190} INFO - [2025-01-03T21:29:11.164+0100] {dag.py:3262} INFO - Creating ORM DAG for example_sla_dag
[2025-01-03T21:29:11.180+0100] {logging_mixin.py:190} INFO - [2025-01-03T21:29:11.180+0100] {dag.py:4180} INFO - Setting next_dagrun for example_sla_dag to 2025-01-03 20:26:00+00:00, run_after=2025-01-03 20:28:00+00:00
[2025-01-03T21:29:11.197+0100] {processor.py:208} INFO - Processing /Users/azeez.ganiyu/airflow_venv/lib/python3.9/site-packages/airflow/example_dags/example_sla_dag.py took 0.450 seconds
[2025-01-03T21:33:01.206+0100] {processor.py:186} INFO - Started process (PID=79327) to work on /Users/azeez.ganiyu/airflow_venv/lib/python3.9/site-packages/airflow/example_dags/example_sla_dag.py
[2025-01-03T21:33:01.211+0100] {processor.py:914} INFO - Processing file /Users/azeez.ganiyu/airflow_venv/lib/python3.9/site-packages/airflow/example_dags/example_sla_dag.py for tasks to queue
[2025-01-03T21:33:01.212+0100] {logging_mixin.py:190} INFO - [2025-01-03T21:33:01.212+0100] {dagbag.py:588} INFO - Filling up the DagBag from /Users/azeez.ganiyu/airflow_venv/lib/python3.9/site-packages/airflow/example_dags/example_sla_dag.py
[2025-01-03T21:33:01.274+0100] {processor.py:925} INFO - DAG(s) 'example_sla_dag' retrieved from /Users/azeez.ganiyu/airflow_venv/lib/python3.9/site-packages/airflow/example_dags/example_sla_dag.py
[2025-01-03T21:33:01.432+0100] {logging_mixin.py:190} INFO - [2025-01-03T21:33:01.432+0100] {dag.py:3239} INFO - Sync 1 DAGs
[2025-01-03T21:33:01.459+0100] {logging_mixin.py:190} INFO - [2025-01-03T21:33:01.458+0100] {dag.py:4180} INFO - Setting next_dagrun for example_sla_dag to 2025-01-03 20:30:00+00:00, run_after=2025-01-03 20:32:00+00:00
[2025-01-03T21:33:01.482+0100] {processor.py:208} INFO - Processing /Users/azeez.ganiyu/airflow_venv/lib/python3.9/site-packages/airflow/example_dags/example_sla_dag.py took 0.285 seconds
[2025-01-03T21:36:58.633+0100] {processor.py:186} INFO - Started process (PID=81303) to work on /Users/azeez.ganiyu/airflow_venv/lib/python3.9/site-packages/airflow/example_dags/example_sla_dag.py
[2025-01-03T21:36:58.638+0100] {processor.py:914} INFO - Processing file /Users/azeez.ganiyu/airflow_venv/lib/python3.9/site-packages/airflow/example_dags/example_sla_dag.py for tasks to queue
[2025-01-03T21:36:58.640+0100] {logging_mixin.py:190} INFO - [2025-01-03T21:36:58.639+0100] {dagbag.py:588} INFO - Filling up the DagBag from /Users/azeez.ganiyu/airflow_venv/lib/python3.9/site-packages/airflow/example_dags/example_sla_dag.py
[2025-01-03T21:36:58.701+0100] {processor.py:925} INFO - DAG(s) 'example_sla_dag' retrieved from /Users/azeez.ganiyu/airflow_venv/lib/python3.9/site-packages/airflow/example_dags/example_sla_dag.py
[2025-01-03T21:36:58.841+0100] {logging_mixin.py:190} INFO - [2025-01-03T21:36:58.841+0100] {dag.py:3239} INFO - Sync 1 DAGs
[2025-01-03T21:36:58.864+0100] {logging_mixin.py:190} INFO - [2025-01-03T21:36:58.863+0100] {dag.py:4180} INFO - Setting next_dagrun for example_sla_dag to 2025-01-03 20:34:00+00:00, run_after=2025-01-03 20:36:00+00:00
[2025-01-03T21:36:58.884+0100] {processor.py:208} INFO - Processing /Users/azeez.ganiyu/airflow_venv/lib/python3.9/site-packages/airflow/example_dags/example_sla_dag.py took 0.259 seconds
[2025-01-03T21:40:05.092+0100] {processor.py:186} INFO - Started process (PID=82333) to work on /Users/azeez.ganiyu/airflow_venv/lib/python3.9/site-packages/airflow/example_dags/example_sla_dag.py
[2025-01-03T21:40:05.097+0100] {processor.py:914} INFO - Processing file /Users/azeez.ganiyu/airflow_venv/lib/python3.9/site-packages/airflow/example_dags/example_sla_dag.py for tasks to queue
[2025-01-03T21:40:05.098+0100] {logging_mixin.py:190} INFO - [2025-01-03T21:40:05.098+0100] {dagbag.py:588} INFO - Filling up the DagBag from /Users/azeez.ganiyu/airflow_venv/lib/python3.9/site-packages/airflow/example_dags/example_sla_dag.py
[2025-01-03T21:40:05.157+0100] {processor.py:925} INFO - DAG(s) 'example_sla_dag' retrieved from /Users/azeez.ganiyu/airflow_venv/lib/python3.9/site-packages/airflow/example_dags/example_sla_dag.py
[2025-01-03T21:40:05.292+0100] {logging_mixin.py:190} INFO - [2025-01-03T21:40:05.292+0100] {dag.py:3239} INFO - Sync 1 DAGs
[2025-01-03T21:40:05.314+0100] {logging_mixin.py:190} INFO - [2025-01-03T21:40:05.314+0100] {dag.py:4180} INFO - Setting next_dagrun for example_sla_dag to 2025-01-03 20:38:00+00:00, run_after=2025-01-03 20:40:00+00:00
[2025-01-03T21:40:05.334+0100] {processor.py:208} INFO - Processing /Users/azeez.ganiyu/airflow_venv/lib/python3.9/site-packages/airflow/example_dags/example_sla_dag.py took 0.250 seconds
[2025-01-03T21:43:11.311+0100] {processor.py:186} INFO - Started process (PID=84105) to work on /Users/azeez.ganiyu/airflow_venv/lib/python3.9/site-packages/airflow/example_dags/example_sla_dag.py
[2025-01-03T21:43:11.318+0100] {processor.py:914} INFO - Processing file /Users/azeez.ganiyu/airflow_venv/lib/python3.9/site-packages/airflow/example_dags/example_sla_dag.py for tasks to queue
[2025-01-03T21:43:11.319+0100] {logging_mixin.py:190} INFO - [2025-01-03T21:43:11.319+0100] {dagbag.py:588} INFO - Filling up the DagBag from /Users/azeez.ganiyu/airflow_venv/lib/python3.9/site-packages/airflow/example_dags/example_sla_dag.py
[2025-01-03T21:43:11.388+0100] {processor.py:925} INFO - DAG(s) 'example_sla_dag' retrieved from /Users/azeez.ganiyu/airflow_venv/lib/python3.9/site-packages/airflow/example_dags/example_sla_dag.py
[2025-01-03T21:43:11.526+0100] {logging_mixin.py:190} INFO - [2025-01-03T21:43:11.526+0100] {dag.py:3239} INFO - Sync 1 DAGs
[2025-01-03T21:43:11.548+0100] {logging_mixin.py:190} INFO - [2025-01-03T21:43:11.548+0100] {dag.py:4180} INFO - Setting next_dagrun for example_sla_dag to 2025-01-03 20:40:00+00:00, run_after=2025-01-03 20:42:00+00:00
[2025-01-03T21:43:11.569+0100] {processor.py:208} INFO - Processing /Users/azeez.ganiyu/airflow_venv/lib/python3.9/site-packages/airflow/example_dags/example_sla_dag.py took 0.266 seconds
[2025-01-03T21:46:20.717+0100] {processor.py:186} INFO - Started process (PID=85708) to work on /Users/azeez.ganiyu/airflow_venv/lib/python3.9/site-packages/airflow/example_dags/example_sla_dag.py
[2025-01-03T21:46:20.722+0100] {processor.py:914} INFO - Processing file /Users/azeez.ganiyu/airflow_venv/lib/python3.9/site-packages/airflow/example_dags/example_sla_dag.py for tasks to queue
[2025-01-03T21:46:20.725+0100] {logging_mixin.py:190} INFO - [2025-01-03T21:46:20.724+0100] {dagbag.py:588} INFO - Filling up the DagBag from /Users/azeez.ganiyu/airflow_venv/lib/python3.9/site-packages/airflow/example_dags/example_sla_dag.py
[2025-01-03T21:46:20.796+0100] {processor.py:925} INFO - DAG(s) 'example_sla_dag' retrieved from /Users/azeez.ganiyu/airflow_venv/lib/python3.9/site-packages/airflow/example_dags/example_sla_dag.py
[2025-01-03T21:46:20.971+0100] {logging_mixin.py:190} INFO - [2025-01-03T21:46:20.970+0100] {dag.py:3239} INFO - Sync 1 DAGs
[2025-01-03T21:46:20.999+0100] {logging_mixin.py:190} INFO - [2025-01-03T21:46:20.999+0100] {dag.py:4180} INFO - Setting next_dagrun for example_sla_dag to 2025-01-03 20:44:00+00:00, run_after=2025-01-03 20:46:00+00:00
[2025-01-03T21:46:21.023+0100] {processor.py:208} INFO - Processing /Users/azeez.ganiyu/airflow_venv/lib/python3.9/site-packages/airflow/example_dags/example_sla_dag.py took 0.317 seconds
[2025-01-03T21:49:35.389+0100] {processor.py:186} INFO - Started process (PID=86852) to work on /Users/azeez.ganiyu/airflow_venv/lib/python3.9/site-packages/airflow/example_dags/example_sla_dag.py
[2025-01-03T21:49:35.394+0100] {processor.py:914} INFO - Processing file /Users/azeez.ganiyu/airflow_venv/lib/python3.9/site-packages/airflow/example_dags/example_sla_dag.py for tasks to queue
[2025-01-03T21:49:35.395+0100] {logging_mixin.py:190} INFO - [2025-01-03T21:49:35.394+0100] {dagbag.py:588} INFO - Filling up the DagBag from /Users/azeez.ganiyu/airflow_venv/lib/python3.9/site-packages/airflow/example_dags/example_sla_dag.py
[2025-01-03T21:49:35.458+0100] {processor.py:925} INFO - DAG(s) 'example_sla_dag' retrieved from /Users/azeez.ganiyu/airflow_venv/lib/python3.9/site-packages/airflow/example_dags/example_sla_dag.py
[2025-01-03T21:49:35.626+0100] {logging_mixin.py:190} INFO - [2025-01-03T21:49:35.626+0100] {dag.py:3239} INFO - Sync 1 DAGs
[2025-01-03T21:49:35.662+0100] {logging_mixin.py:190} INFO - [2025-01-03T21:49:35.662+0100] {dag.py:4180} INFO - Setting next_dagrun for example_sla_dag to 2025-01-03 20:46:00+00:00, run_after=2025-01-03 20:48:00+00:00
[2025-01-03T21:49:35.689+0100] {processor.py:208} INFO - Processing /Users/azeez.ganiyu/airflow_venv/lib/python3.9/site-packages/airflow/example_dags/example_sla_dag.py took 0.307 seconds
