[2025-01-03T21:28:39.466+0100] {processor.py:186} INFO - Started process (PID=77850) to work on /Users/azeez.ganiyu/airflow_venv/lib/python3.9/site-packages/airflow/example_dags/example_xcom.py
[2025-01-03T21:28:39.471+0100] {processor.py:914} INFO - Processing file /Users/azeez.ganiyu/airflow_venv/lib/python3.9/site-packages/airflow/example_dags/example_xcom.py for tasks to queue
[2025-01-03T21:28:39.472+0100] {logging_mixin.py:190} INFO - [2025-01-03T21:28:39.472+0100] {dagbag.py:588} INFO - Filling up the DagBag from /Users/azeez.ganiyu/airflow_venv/lib/python3.9/site-packages/airflow/example_dags/example_xcom.py
[2025-01-03T21:28:39.534+0100] {processor.py:925} INFO - DAG(s) 'example_xcom' retrieved from /Users/azeez.ganiyu/airflow_venv/lib/python3.9/site-packages/airflow/example_dags/example_xcom.py
[2025-01-03T21:28:39.803+0100] {logging_mixin.py:190} INFO - [2025-01-03T21:28:39.802+0100] {override.py:1912} INFO - Created Permission View: can edit on DAG:example_xcom
[2025-01-03T21:28:39.812+0100] {logging_mixin.py:190} INFO - [2025-01-03T21:28:39.812+0100] {override.py:1912} INFO - Created Permission View: can read on DAG:example_xcom
[2025-01-03T21:28:39.822+0100] {logging_mixin.py:190} INFO - [2025-01-03T21:28:39.821+0100] {override.py:1912} INFO - Created Permission View: can delete on DAG:example_xcom
[2025-01-03T21:28:39.833+0100] {logging_mixin.py:190} INFO - [2025-01-03T21:28:39.833+0100] {override.py:1912} INFO - Created Permission View: menu access on DAG Run:example_xcom
[2025-01-03T21:28:39.842+0100] {logging_mixin.py:190} INFO - [2025-01-03T21:28:39.842+0100] {override.py:1912} INFO - Created Permission View: can read on DAG Run:example_xcom
[2025-01-03T21:28:39.851+0100] {logging_mixin.py:190} INFO - [2025-01-03T21:28:39.850+0100] {override.py:1912} INFO - Created Permission View: can create on DAG Run:example_xcom
[2025-01-03T21:28:39.858+0100] {logging_mixin.py:190} INFO - [2025-01-03T21:28:39.858+0100] {override.py:1912} INFO - Created Permission View: can delete on DAG Run:example_xcom
[2025-01-03T21:28:39.859+0100] {logging_mixin.py:190} INFO - [2025-01-03T21:28:39.859+0100] {dag.py:3239} INFO - Sync 1 DAGs
[2025-01-03T21:28:39.871+0100] {logging_mixin.py:190} INFO - [2025-01-03T21:28:39.871+0100] {dag.py:3262} INFO - Creating ORM DAG for example_xcom
[2025-01-03T21:28:39.877+0100] {logging_mixin.py:190} INFO - [2025-01-03T21:28:39.877+0100] {dag.py:4180} INFO - Setting next_dagrun for example_xcom to 2021-01-01 00:00:00+00:00, run_after=2021-01-01 00:00:00+00:00
[2025-01-03T21:28:39.897+0100] {processor.py:208} INFO - Processing /Users/azeez.ganiyu/airflow_venv/lib/python3.9/site-packages/airflow/example_dags/example_xcom.py took 0.439 seconds
[2025-01-03T21:32:29.551+0100] {processor.py:186} INFO - Started process (PID=79227) to work on /Users/azeez.ganiyu/airflow_venv/lib/python3.9/site-packages/airflow/example_dags/example_xcom.py
[2025-01-03T21:32:29.557+0100] {processor.py:914} INFO - Processing file /Users/azeez.ganiyu/airflow_venv/lib/python3.9/site-packages/airflow/example_dags/example_xcom.py for tasks to queue
[2025-01-03T21:32:29.558+0100] {logging_mixin.py:190} INFO - [2025-01-03T21:32:29.558+0100] {dagbag.py:588} INFO - Filling up the DagBag from /Users/azeez.ganiyu/airflow_venv/lib/python3.9/site-packages/airflow/example_dags/example_xcom.py
[2025-01-03T21:32:29.618+0100] {processor.py:925} INFO - DAG(s) 'example_xcom' retrieved from /Users/azeez.ganiyu/airflow_venv/lib/python3.9/site-packages/airflow/example_dags/example_xcom.py
[2025-01-03T21:32:29.761+0100] {logging_mixin.py:190} INFO - [2025-01-03T21:32:29.761+0100] {dag.py:3239} INFO - Sync 1 DAGs
[2025-01-03T21:32:29.777+0100] {logging_mixin.py:190} INFO - [2025-01-03T21:32:29.777+0100] {dag.py:4180} INFO - Setting next_dagrun for example_xcom to 2021-01-01 00:00:00+00:00, run_after=2021-01-01 00:00:00+00:00
[2025-01-03T21:32:29.798+0100] {processor.py:208} INFO - Processing /Users/azeez.ganiyu/airflow_venv/lib/python3.9/site-packages/airflow/example_dags/example_xcom.py took 0.255 seconds
[2025-01-03T21:36:22.935+0100] {processor.py:186} INFO - Started process (PID=81103) to work on /Users/azeez.ganiyu/airflow_venv/lib/python3.9/site-packages/airflow/example_dags/example_xcom.py
[2025-01-03T21:36:22.961+0100] {processor.py:914} INFO - Processing file /Users/azeez.ganiyu/airflow_venv/lib/python3.9/site-packages/airflow/example_dags/example_xcom.py for tasks to queue
[2025-01-03T21:36:22.962+0100] {logging_mixin.py:190} INFO - [2025-01-03T21:36:22.962+0100] {dagbag.py:588} INFO - Filling up the DagBag from /Users/azeez.ganiyu/airflow_venv/lib/python3.9/site-packages/airflow/example_dags/example_xcom.py
[2025-01-03T21:36:23.028+0100] {processor.py:925} INFO - DAG(s) 'example_xcom' retrieved from /Users/azeez.ganiyu/airflow_venv/lib/python3.9/site-packages/airflow/example_dags/example_xcom.py
[2025-01-03T21:36:23.168+0100] {logging_mixin.py:190} INFO - [2025-01-03T21:36:23.168+0100] {dag.py:3239} INFO - Sync 1 DAGs
[2025-01-03T21:36:23.184+0100] {logging_mixin.py:190} INFO - [2025-01-03T21:36:23.183+0100] {dag.py:4180} INFO - Setting next_dagrun for example_xcom to 2021-01-01 00:00:00+00:00, run_after=2021-01-01 00:00:00+00:00
[2025-01-03T21:36:23.205+0100] {processor.py:208} INFO - Processing /Users/azeez.ganiyu/airflow_venv/lib/python3.9/site-packages/airflow/example_dags/example_xcom.py took 0.277 seconds
[2025-01-03T21:39:35.693+0100] {processor.py:186} INFO - Started process (PID=82160) to work on /Users/azeez.ganiyu/airflow_venv/lib/python3.9/site-packages/airflow/example_dags/example_xcom.py
[2025-01-03T21:39:35.698+0100] {processor.py:914} INFO - Processing file /Users/azeez.ganiyu/airflow_venv/lib/python3.9/site-packages/airflow/example_dags/example_xcom.py for tasks to queue
[2025-01-03T21:39:35.699+0100] {logging_mixin.py:190} INFO - [2025-01-03T21:39:35.698+0100] {dagbag.py:588} INFO - Filling up the DagBag from /Users/azeez.ganiyu/airflow_venv/lib/python3.9/site-packages/airflow/example_dags/example_xcom.py
[2025-01-03T21:39:35.754+0100] {processor.py:925} INFO - DAG(s) 'example_xcom' retrieved from /Users/azeez.ganiyu/airflow_venv/lib/python3.9/site-packages/airflow/example_dags/example_xcom.py
[2025-01-03T21:39:35.890+0100] {logging_mixin.py:190} INFO - [2025-01-03T21:39:35.890+0100] {dag.py:3239} INFO - Sync 1 DAGs
[2025-01-03T21:39:35.905+0100] {logging_mixin.py:190} INFO - [2025-01-03T21:39:35.904+0100] {dag.py:4180} INFO - Setting next_dagrun for example_xcom to 2021-01-01 00:00:00+00:00, run_after=2021-01-01 00:00:00+00:00
[2025-01-03T21:39:35.924+0100] {processor.py:208} INFO - Processing /Users/azeez.ganiyu/airflow_venv/lib/python3.9/site-packages/airflow/example_dags/example_xcom.py took 0.238 seconds
[2025-01-03T21:42:41.827+0100] {processor.py:186} INFO - Started process (PID=83930) to work on /Users/azeez.ganiyu/airflow_venv/lib/python3.9/site-packages/airflow/example_dags/example_xcom.py
[2025-01-03T21:42:41.832+0100] {processor.py:914} INFO - Processing file /Users/azeez.ganiyu/airflow_venv/lib/python3.9/site-packages/airflow/example_dags/example_xcom.py for tasks to queue
[2025-01-03T21:42:41.833+0100] {logging_mixin.py:190} INFO - [2025-01-03T21:42:41.833+0100] {dagbag.py:588} INFO - Filling up the DagBag from /Users/azeez.ganiyu/airflow_venv/lib/python3.9/site-packages/airflow/example_dags/example_xcom.py
[2025-01-03T21:42:41.932+0100] {processor.py:925} INFO - DAG(s) 'example_xcom' retrieved from /Users/azeez.ganiyu/airflow_venv/lib/python3.9/site-packages/airflow/example_dags/example_xcom.py
[2025-01-03T21:42:42.075+0100] {logging_mixin.py:190} INFO - [2025-01-03T21:42:42.075+0100] {dag.py:3239} INFO - Sync 1 DAGs
[2025-01-03T21:42:42.089+0100] {logging_mixin.py:190} INFO - [2025-01-03T21:42:42.089+0100] {dag.py:4180} INFO - Setting next_dagrun for example_xcom to 2021-01-01 00:00:00+00:00, run_after=2021-01-01 00:00:00+00:00
[2025-01-03T21:42:42.109+0100] {processor.py:208} INFO - Processing /Users/azeez.ganiyu/airflow_venv/lib/python3.9/site-packages/airflow/example_dags/example_xcom.py took 0.288 seconds
[2025-01-03T21:45:48.429+0100] {processor.py:186} INFO - Started process (PID=85038) to work on /Users/azeez.ganiyu/airflow_venv/lib/python3.9/site-packages/airflow/example_dags/example_xcom.py
[2025-01-03T21:45:48.434+0100] {processor.py:914} INFO - Processing file /Users/azeez.ganiyu/airflow_venv/lib/python3.9/site-packages/airflow/example_dags/example_xcom.py for tasks to queue
[2025-01-03T21:45:48.435+0100] {logging_mixin.py:190} INFO - [2025-01-03T21:45:48.435+0100] {dagbag.py:588} INFO - Filling up the DagBag from /Users/azeez.ganiyu/airflow_venv/lib/python3.9/site-packages/airflow/example_dags/example_xcom.py
[2025-01-03T21:45:48.498+0100] {processor.py:925} INFO - DAG(s) 'example_xcom' retrieved from /Users/azeez.ganiyu/airflow_venv/lib/python3.9/site-packages/airflow/example_dags/example_xcom.py
[2025-01-03T21:45:48.677+0100] {logging_mixin.py:190} INFO - [2025-01-03T21:45:48.677+0100] {dag.py:3239} INFO - Sync 1 DAGs
[2025-01-03T21:45:48.697+0100] {logging_mixin.py:190} INFO - [2025-01-03T21:45:48.697+0100] {dag.py:4180} INFO - Setting next_dagrun for example_xcom to 2021-01-01 00:00:00+00:00, run_after=2021-01-01 00:00:00+00:00
[2025-01-03T21:45:48.727+0100] {processor.py:208} INFO - Processing /Users/azeez.ganiyu/airflow_venv/lib/python3.9/site-packages/airflow/example_dags/example_xcom.py took 0.306 seconds
[2025-01-03T21:49:05.305+0100] {processor.py:186} INFO - Started process (PID=86694) to work on /Users/azeez.ganiyu/airflow_venv/lib/python3.9/site-packages/airflow/example_dags/example_xcom.py
[2025-01-03T21:49:05.310+0100] {processor.py:914} INFO - Processing file /Users/azeez.ganiyu/airflow_venv/lib/python3.9/site-packages/airflow/example_dags/example_xcom.py for tasks to queue
[2025-01-03T21:49:05.311+0100] {logging_mixin.py:190} INFO - [2025-01-03T21:49:05.310+0100] {dagbag.py:588} INFO - Filling up the DagBag from /Users/azeez.ganiyu/airflow_venv/lib/python3.9/site-packages/airflow/example_dags/example_xcom.py
[2025-01-03T21:49:05.368+0100] {processor.py:925} INFO - DAG(s) 'example_xcom' retrieved from /Users/azeez.ganiyu/airflow_venv/lib/python3.9/site-packages/airflow/example_dags/example_xcom.py
[2025-01-03T21:49:05.508+0100] {logging_mixin.py:190} INFO - [2025-01-03T21:49:05.508+0100] {dag.py:3239} INFO - Sync 1 DAGs
[2025-01-03T21:49:05.525+0100] {logging_mixin.py:190} INFO - [2025-01-03T21:49:05.524+0100] {dag.py:4180} INFO - Setting next_dagrun for example_xcom to 2021-01-01 00:00:00+00:00, run_after=2021-01-01 00:00:00+00:00
[2025-01-03T21:49:05.546+0100] {processor.py:208} INFO - Processing /Users/azeez.ganiyu/airflow_venv/lib/python3.9/site-packages/airflow/example_dags/example_xcom.py took 0.249 seconds
[2025-01-03T21:52:02.961+0100] {processor.py:186} INFO - Started process (PID=87692) to work on /Users/azeez.ganiyu/airflow_venv/lib/python3.9/site-packages/airflow/example_dags/example_xcom.py
[2025-01-03T21:52:02.966+0100] {processor.py:914} INFO - Processing file /Users/azeez.ganiyu/airflow_venv/lib/python3.9/site-packages/airflow/example_dags/example_xcom.py for tasks to queue
[2025-01-03T21:52:02.967+0100] {logging_mixin.py:190} INFO - [2025-01-03T21:52:02.966+0100] {dagbag.py:588} INFO - Filling up the DagBag from /Users/azeez.ganiyu/airflow_venv/lib/python3.9/site-packages/airflow/example_dags/example_xcom.py
[2025-01-03T21:52:03.031+0100] {processor.py:925} INFO - DAG(s) 'example_xcom' retrieved from /Users/azeez.ganiyu/airflow_venv/lib/python3.9/site-packages/airflow/example_dags/example_xcom.py
[2025-01-03T21:52:03.191+0100] {logging_mixin.py:190} INFO - [2025-01-03T21:52:03.190+0100] {dag.py:3239} INFO - Sync 1 DAGs
[2025-01-03T21:52:03.208+0100] {logging_mixin.py:190} INFO - [2025-01-03T21:52:03.207+0100] {dag.py:4180} INFO - Setting next_dagrun for example_xcom to 2021-01-01 00:00:00+00:00, run_after=2021-01-01 00:00:00+00:00
[2025-01-03T21:52:03.229+0100] {processor.py:208} INFO - Processing /Users/azeez.ganiyu/airflow_venv/lib/python3.9/site-packages/airflow/example_dags/example_xcom.py took 0.276 seconds
