[2025-01-03T21:35:17.080+0100] {processor.py:186} INFO - Started process (PID=80713) to work on /Users/azeez.ganiyu/airflow_venv/lib/python3.9/site-packages/airflow/example_dags/example_branch_labels.py
[2025-01-03T21:35:17.085+0100] {processor.py:914} INFO - Processing file /Users/azeez.ganiyu/airflow_venv/lib/python3.9/site-packages/airflow/example_dags/example_branch_labels.py for tasks to queue
[2025-01-03T21:35:17.086+0100] {logging_mixin.py:190} INFO - [2025-01-03T21:35:17.086+0100] {dagbag.py:588} INFO - Filling up the DagBag from /Users/azeez.ganiyu/airflow_venv/lib/python3.9/site-packages/airflow/example_dags/example_branch_labels.py
[2025-01-03T21:35:17.108+0100] {processor.py:925} INFO - DAG(s) 'example_branch_labels' retrieved from /Users/azeez.ganiyu/airflow_venv/lib/python3.9/site-packages/airflow/example_dags/example_branch_labels.py
[2025-01-03T21:35:17.393+0100] {logging_mixin.py:190} INFO - [2025-01-03T21:35:17.392+0100] {override.py:1912} INFO - Created Permission View: can delete on DAG:example_branch_labels
[2025-01-03T21:35:17.403+0100] {logging_mixin.py:190} INFO - [2025-01-03T21:35:17.403+0100] {override.py:1912} INFO - Created Permission View: can read on DAG:example_branch_labels
[2025-01-03T21:35:17.413+0100] {logging_mixin.py:190} INFO - [2025-01-03T21:35:17.413+0100] {override.py:1912} INFO - Created Permission View: can edit on DAG:example_branch_labels
[2025-01-03T21:35:17.426+0100] {logging_mixin.py:190} INFO - [2025-01-03T21:35:17.426+0100] {override.py:1912} INFO - Created Permission View: can delete on DAG Run:example_branch_labels
[2025-01-03T21:35:17.433+0100] {logging_mixin.py:190} INFO - [2025-01-03T21:35:17.433+0100] {override.py:1912} INFO - Created Permission View: can read on DAG Run:example_branch_labels
[2025-01-03T21:35:17.442+0100] {logging_mixin.py:190} INFO - [2025-01-03T21:35:17.442+0100] {override.py:1912} INFO - Created Permission View: menu access on DAG Run:example_branch_labels
[2025-01-03T21:35:17.450+0100] {logging_mixin.py:190} INFO - [2025-01-03T21:35:17.449+0100] {override.py:1912} INFO - Created Permission View: can create on DAG Run:example_branch_labels
[2025-01-03T21:35:17.450+0100] {logging_mixin.py:190} INFO - [2025-01-03T21:35:17.450+0100] {dag.py:3239} INFO - Sync 1 DAGs
[2025-01-03T21:35:17.461+0100] {logging_mixin.py:190} INFO - [2025-01-03T21:35:17.461+0100] {dag.py:3262} INFO - Creating ORM DAG for example_branch_labels
[2025-01-03T21:35:17.468+0100] {logging_mixin.py:190} INFO - [2025-01-03T21:35:17.468+0100] {dag.py:4180} INFO - Setting next_dagrun for example_branch_labels to 2025-01-02 00:00:00+00:00, run_after=2025-01-03 00:00:00+00:00
[2025-01-03T21:35:17.487+0100] {processor.py:208} INFO - Processing /Users/azeez.ganiyu/airflow_venv/lib/python3.9/site-packages/airflow/example_dags/example_branch_labels.py took 0.414 seconds
[2025-01-03T21:41:37.072+0100] {processor.py:186} INFO - Started process (PID=83503) to work on /Users/azeez.ganiyu/airflow_venv/lib/python3.9/site-packages/airflow/example_dags/example_branch_labels.py
[2025-01-03T21:41:37.077+0100] {processor.py:914} INFO - Processing file /Users/azeez.ganiyu/airflow_venv/lib/python3.9/site-packages/airflow/example_dags/example_branch_labels.py for tasks to queue
[2025-01-03T21:41:37.077+0100] {logging_mixin.py:190} INFO - [2025-01-03T21:41:37.077+0100] {dagbag.py:588} INFO - Filling up the DagBag from /Users/azeez.ganiyu/airflow_venv/lib/python3.9/site-packages/airflow/example_dags/example_branch_labels.py
[2025-01-03T21:41:37.095+0100] {processor.py:925} INFO - DAG(s) 'example_branch_labels' retrieved from /Users/azeez.ganiyu/airflow_venv/lib/python3.9/site-packages/airflow/example_dags/example_branch_labels.py
[2025-01-03T21:41:37.234+0100] {logging_mixin.py:190} INFO - [2025-01-03T21:41:37.234+0100] {dag.py:3239} INFO - Sync 1 DAGs
[2025-01-03T21:41:37.248+0100] {logging_mixin.py:190} INFO - [2025-01-03T21:41:37.248+0100] {dag.py:4180} INFO - Setting next_dagrun for example_branch_labels to 2025-01-02 00:00:00+00:00, run_after=2025-01-03 00:00:00+00:00
[2025-01-03T21:41:37.268+0100] {processor.py:208} INFO - Processing /Users/azeez.ganiyu/airflow_venv/lib/python3.9/site-packages/airflow/example_dags/example_branch_labels.py took 0.203 seconds
[2025-01-03T21:47:54.151+0100] {processor.py:186} INFO - Started process (PID=86290) to work on /Users/azeez.ganiyu/airflow_venv/lib/python3.9/site-packages/airflow/example_dags/example_branch_labels.py
[2025-01-03T21:47:54.155+0100] {processor.py:914} INFO - Processing file /Users/azeez.ganiyu/airflow_venv/lib/python3.9/site-packages/airflow/example_dags/example_branch_labels.py for tasks to queue
[2025-01-03T21:47:54.156+0100] {logging_mixin.py:190} INFO - [2025-01-03T21:47:54.156+0100] {dagbag.py:588} INFO - Filling up the DagBag from /Users/azeez.ganiyu/airflow_venv/lib/python3.9/site-packages/airflow/example_dags/example_branch_labels.py
[2025-01-03T21:47:54.175+0100] {processor.py:925} INFO - DAG(s) 'example_branch_labels' retrieved from /Users/azeez.ganiyu/airflow_venv/lib/python3.9/site-packages/airflow/example_dags/example_branch_labels.py
[2025-01-03T21:47:54.322+0100] {logging_mixin.py:190} INFO - [2025-01-03T21:47:54.321+0100] {dag.py:3239} INFO - Sync 1 DAGs
[2025-01-03T21:47:54.337+0100] {logging_mixin.py:190} INFO - [2025-01-03T21:47:54.337+0100] {dag.py:4180} INFO - Setting next_dagrun for example_branch_labels to 2025-01-02 00:00:00+00:00, run_after=2025-01-03 00:00:00+00:00
[2025-01-03T21:47:54.357+0100] {processor.py:208} INFO - Processing /Users/azeez.ganiyu/airflow_venv/lib/python3.9/site-packages/airflow/example_dags/example_branch_labels.py took 0.213 seconds
