[2025-01-03T21:29:39.503+0100] {processor.py:186} INFO - Started process (PID=78039) to work on /Users/azeez.ganiyu/airflow_venv/lib/python3.9/site-packages/airflow/example_dags/example_sensor_decorator.py
[2025-01-03T21:29:39.509+0100] {processor.py:914} INFO - Processing file /Users/azeez.ganiyu/airflow_venv/lib/python3.9/site-packages/airflow/example_dags/example_sensor_decorator.py for tasks to queue
[2025-01-03T21:29:39.510+0100] {logging_mixin.py:190} INFO - [2025-01-03T21:29:39.510+0100] {dagbag.py:588} INFO - Filling up the DagBag from /Users/azeez.ganiyu/airflow_venv/lib/python3.9/site-packages/airflow/example_dags/example_sensor_decorator.py
[2025-01-03T21:29:39.569+0100] {processor.py:925} INFO - DAG(s) 'example_sensor_decorator' retrieved from /Users/azeez.ganiyu/airflow_venv/lib/python3.9/site-packages/airflow/example_dags/example_sensor_decorator.py
[2025-01-03T21:29:39.705+0100] {logging_mixin.py:190} INFO - [2025-01-03T21:29:39.705+0100] {workday.py:41} WARNING - Could not import pandas. Holidays will not be considered.
[2025-01-03T21:29:39.872+0100] {logging_mixin.py:190} INFO - [2025-01-03T21:29:39.871+0100] {override.py:1912} INFO - Created Permission View: can delete on DAG:example_sensor_decorator
[2025-01-03T21:29:39.885+0100] {logging_mixin.py:190} INFO - [2025-01-03T21:29:39.885+0100] {override.py:1912} INFO - Created Permission View: can edit on DAG:example_sensor_decorator
[2025-01-03T21:29:39.893+0100] {logging_mixin.py:190} INFO - [2025-01-03T21:29:39.892+0100] {override.py:1912} INFO - Created Permission View: can read on DAG:example_sensor_decorator
[2025-01-03T21:29:39.907+0100] {logging_mixin.py:190} INFO - [2025-01-03T21:29:39.907+0100] {override.py:1912} INFO - Created Permission View: can delete on DAG Run:example_sensor_decorator
[2025-01-03T21:29:39.917+0100] {logging_mixin.py:190} INFO - [2025-01-03T21:29:39.917+0100] {override.py:1912} INFO - Created Permission View: menu access on DAG Run:example_sensor_decorator
[2025-01-03T21:29:39.925+0100] {logging_mixin.py:190} INFO - [2025-01-03T21:29:39.924+0100] {override.py:1912} INFO - Created Permission View: can read on DAG Run:example_sensor_decorator
[2025-01-03T21:29:39.934+0100] {logging_mixin.py:190} INFO - [2025-01-03T21:29:39.934+0100] {override.py:1912} INFO - Created Permission View: can create on DAG Run:example_sensor_decorator
[2025-01-03T21:29:39.935+0100] {logging_mixin.py:190} INFO - [2025-01-03T21:29:39.934+0100] {dag.py:3239} INFO - Sync 1 DAGs
[2025-01-03T21:29:39.947+0100] {logging_mixin.py:190} INFO - [2025-01-03T21:29:39.946+0100] {dag.py:3262} INFO - Creating ORM DAG for example_sensor_decorator
[2025-01-03T21:29:39.947+0100] {logging_mixin.py:190} INFO - [2025-01-03T21:29:39.947+0100] {dag.py:4180} INFO - Setting next_dagrun for example_sensor_decorator to None, run_after=None
[2025-01-03T21:29:39.967+0100] {processor.py:208} INFO - Processing /Users/azeez.ganiyu/airflow_venv/lib/python3.9/site-packages/airflow/example_dags/example_sensor_decorator.py took 0.473 seconds
[2025-01-03T21:33:29.267+0100] {processor.py:186} INFO - Started process (PID=79411) to work on /Users/azeez.ganiyu/airflow_venv/lib/python3.9/site-packages/airflow/example_dags/example_sensor_decorator.py
[2025-01-03T21:33:29.272+0100] {processor.py:914} INFO - Processing file /Users/azeez.ganiyu/airflow_venv/lib/python3.9/site-packages/airflow/example_dags/example_sensor_decorator.py for tasks to queue
[2025-01-03T21:33:29.273+0100] {logging_mixin.py:190} INFO - [2025-01-03T21:33:29.273+0100] {dagbag.py:588} INFO - Filling up the DagBag from /Users/azeez.ganiyu/airflow_venv/lib/python3.9/site-packages/airflow/example_dags/example_sensor_decorator.py
[2025-01-03T21:33:29.336+0100] {processor.py:925} INFO - DAG(s) 'example_sensor_decorator' retrieved from /Users/azeez.ganiyu/airflow_venv/lib/python3.9/site-packages/airflow/example_dags/example_sensor_decorator.py
[2025-01-03T21:33:29.469+0100] {logging_mixin.py:190} INFO - [2025-01-03T21:33:29.469+0100] {workday.py:41} WARNING - Could not import pandas. Holidays will not be considered.
[2025-01-03T21:33:29.506+0100] {logging_mixin.py:190} INFO - [2025-01-03T21:33:29.506+0100] {dag.py:3239} INFO - Sync 1 DAGs
[2025-01-03T21:33:29.517+0100] {logging_mixin.py:190} INFO - [2025-01-03T21:33:29.517+0100] {dag.py:4180} INFO - Setting next_dagrun for example_sensor_decorator to None, run_after=None
[2025-01-03T21:33:29.538+0100] {processor.py:208} INFO - Processing /Users/azeez.ganiyu/airflow_venv/lib/python3.9/site-packages/airflow/example_dags/example_sensor_decorator.py took 0.278 seconds
[2025-01-03T21:37:25.759+0100] {processor.py:186} INFO - Started process (PID=81447) to work on /Users/azeez.ganiyu/airflow_venv/lib/python3.9/site-packages/airflow/example_dags/example_sensor_decorator.py
[2025-01-03T21:37:25.766+0100] {processor.py:914} INFO - Processing file /Users/azeez.ganiyu/airflow_venv/lib/python3.9/site-packages/airflow/example_dags/example_sensor_decorator.py for tasks to queue
[2025-01-03T21:37:25.766+0100] {logging_mixin.py:190} INFO - [2025-01-03T21:37:25.766+0100] {dagbag.py:588} INFO - Filling up the DagBag from /Users/azeez.ganiyu/airflow_venv/lib/python3.9/site-packages/airflow/example_dags/example_sensor_decorator.py
[2025-01-03T21:37:25.827+0100] {processor.py:925} INFO - DAG(s) 'example_sensor_decorator' retrieved from /Users/azeez.ganiyu/airflow_venv/lib/python3.9/site-packages/airflow/example_dags/example_sensor_decorator.py
[2025-01-03T21:37:26.003+0100] {logging_mixin.py:190} INFO - [2025-01-03T21:37:26.002+0100] {workday.py:41} WARNING - Could not import pandas. Holidays will not be considered.
[2025-01-03T21:37:26.048+0100] {logging_mixin.py:190} INFO - [2025-01-03T21:37:26.048+0100] {dag.py:3239} INFO - Sync 1 DAGs
[2025-01-03T21:37:26.064+0100] {logging_mixin.py:190} INFO - [2025-01-03T21:37:26.063+0100] {dag.py:4180} INFO - Setting next_dagrun for example_sensor_decorator to None, run_after=None
[2025-01-03T21:37:26.087+0100] {processor.py:208} INFO - Processing /Users/azeez.ganiyu/airflow_venv/lib/python3.9/site-packages/airflow/example_dags/example_sensor_decorator.py took 0.336 seconds
[2025-01-03T21:40:32.315+0100] {processor.py:186} INFO - Started process (PID=82481) to work on /Users/azeez.ganiyu/airflow_venv/lib/python3.9/site-packages/airflow/example_dags/example_sensor_decorator.py
[2025-01-03T21:40:32.320+0100] {processor.py:914} INFO - Processing file /Users/azeez.ganiyu/airflow_venv/lib/python3.9/site-packages/airflow/example_dags/example_sensor_decorator.py for tasks to queue
[2025-01-03T21:40:32.321+0100] {logging_mixin.py:190} INFO - [2025-01-03T21:40:32.321+0100] {dagbag.py:588} INFO - Filling up the DagBag from /Users/azeez.ganiyu/airflow_venv/lib/python3.9/site-packages/airflow/example_dags/example_sensor_decorator.py
[2025-01-03T21:40:32.378+0100] {processor.py:925} INFO - DAG(s) 'example_sensor_decorator' retrieved from /Users/azeez.ganiyu/airflow_venv/lib/python3.9/site-packages/airflow/example_dags/example_sensor_decorator.py
[2025-01-03T21:40:32.534+0100] {logging_mixin.py:190} INFO - [2025-01-03T21:40:32.534+0100] {workday.py:41} WARNING - Could not import pandas. Holidays will not be considered.
[2025-01-03T21:40:32.584+0100] {logging_mixin.py:190} INFO - [2025-01-03T21:40:32.583+0100] {dag.py:3239} INFO - Sync 1 DAGs
[2025-01-03T21:40:32.593+0100] {logging_mixin.py:190} INFO - [2025-01-03T21:40:32.593+0100] {dag.py:4180} INFO - Setting next_dagrun for example_sensor_decorator to None, run_after=None
[2025-01-03T21:40:32.621+0100] {processor.py:208} INFO - Processing /Users/azeez.ganiyu/airflow_venv/lib/python3.9/site-packages/airflow/example_dags/example_sensor_decorator.py took 0.314 seconds
[2025-01-03T21:43:38.167+0100] {processor.py:186} INFO - Started process (PID=84254) to work on /Users/azeez.ganiyu/airflow_venv/lib/python3.9/site-packages/airflow/example_dags/example_sensor_decorator.py
[2025-01-03T21:43:38.171+0100] {processor.py:914} INFO - Processing file /Users/azeez.ganiyu/airflow_venv/lib/python3.9/site-packages/airflow/example_dags/example_sensor_decorator.py for tasks to queue
[2025-01-03T21:43:38.172+0100] {logging_mixin.py:190} INFO - [2025-01-03T21:43:38.172+0100] {dagbag.py:588} INFO - Filling up the DagBag from /Users/azeez.ganiyu/airflow_venv/lib/python3.9/site-packages/airflow/example_dags/example_sensor_decorator.py
[2025-01-03T21:43:38.233+0100] {processor.py:925} INFO - DAG(s) 'example_sensor_decorator' retrieved from /Users/azeez.ganiyu/airflow_venv/lib/python3.9/site-packages/airflow/example_dags/example_sensor_decorator.py
[2025-01-03T21:43:38.356+0100] {logging_mixin.py:190} INFO - [2025-01-03T21:43:38.355+0100] {workday.py:41} WARNING - Could not import pandas. Holidays will not be considered.
[2025-01-03T21:43:38.389+0100] {logging_mixin.py:190} INFO - [2025-01-03T21:43:38.389+0100] {dag.py:3239} INFO - Sync 1 DAGs
[2025-01-03T21:43:38.398+0100] {logging_mixin.py:190} INFO - [2025-01-03T21:43:38.398+0100] {dag.py:4180} INFO - Setting next_dagrun for example_sensor_decorator to None, run_after=None
[2025-01-03T21:43:38.418+0100] {processor.py:208} INFO - Processing /Users/azeez.ganiyu/airflow_venv/lib/python3.9/site-packages/airflow/example_dags/example_sensor_decorator.py took 0.260 seconds
[2025-01-03T21:46:49.545+0100] {processor.py:186} INFO - Started process (PID=85902) to work on /Users/azeez.ganiyu/airflow_venv/lib/python3.9/site-packages/airflow/example_dags/example_sensor_decorator.py
[2025-01-03T21:46:49.550+0100] {processor.py:914} INFO - Processing file /Users/azeez.ganiyu/airflow_venv/lib/python3.9/site-packages/airflow/example_dags/example_sensor_decorator.py for tasks to queue
[2025-01-03T21:46:49.551+0100] {logging_mixin.py:190} INFO - [2025-01-03T21:46:49.551+0100] {dagbag.py:588} INFO - Filling up the DagBag from /Users/azeez.ganiyu/airflow_venv/lib/python3.9/site-packages/airflow/example_dags/example_sensor_decorator.py
[2025-01-03T21:46:49.660+0100] {processor.py:925} INFO - DAG(s) 'example_sensor_decorator' retrieved from /Users/azeez.ganiyu/airflow_venv/lib/python3.9/site-packages/airflow/example_dags/example_sensor_decorator.py
[2025-01-03T21:46:49.796+0100] {logging_mixin.py:190} INFO - [2025-01-03T21:46:49.796+0100] {workday.py:41} WARNING - Could not import pandas. Holidays will not be considered.
[2025-01-03T21:46:49.838+0100] {logging_mixin.py:190} INFO - [2025-01-03T21:46:49.838+0100] {dag.py:3239} INFO - Sync 1 DAGs
[2025-01-03T21:46:49.848+0100] {logging_mixin.py:190} INFO - [2025-01-03T21:46:49.848+0100] {dag.py:4180} INFO - Setting next_dagrun for example_sensor_decorator to None, run_after=None
[2025-01-03T21:46:49.869+0100] {processor.py:208} INFO - Processing /Users/azeez.ganiyu/airflow_venv/lib/python3.9/site-packages/airflow/example_dags/example_sensor_decorator.py took 0.330 seconds
[2025-01-03T21:50:01.384+0100] {processor.py:186} INFO - Started process (PID=86996) to work on /Users/azeez.ganiyu/airflow_venv/lib/python3.9/site-packages/airflow/example_dags/example_sensor_decorator.py
[2025-01-03T21:50:01.390+0100] {processor.py:914} INFO - Processing file /Users/azeez.ganiyu/airflow_venv/lib/python3.9/site-packages/airflow/example_dags/example_sensor_decorator.py for tasks to queue
[2025-01-03T21:50:01.391+0100] {logging_mixin.py:190} INFO - [2025-01-03T21:50:01.390+0100] {dagbag.py:588} INFO - Filling up the DagBag from /Users/azeez.ganiyu/airflow_venv/lib/python3.9/site-packages/airflow/example_dags/example_sensor_decorator.py
[2025-01-03T21:50:01.451+0100] {processor.py:925} INFO - DAG(s) 'example_sensor_decorator' retrieved from /Users/azeez.ganiyu/airflow_venv/lib/python3.9/site-packages/airflow/example_dags/example_sensor_decorator.py
[2025-01-03T21:50:01.591+0100] {logging_mixin.py:190} INFO - [2025-01-03T21:50:01.591+0100] {workday.py:41} WARNING - Could not import pandas. Holidays will not be considered.
[2025-01-03T21:50:01.625+0100] {logging_mixin.py:190} INFO - [2025-01-03T21:50:01.625+0100] {dag.py:3239} INFO - Sync 1 DAGs
[2025-01-03T21:50:01.636+0100] {logging_mixin.py:190} INFO - [2025-01-03T21:50:01.635+0100] {dag.py:4180} INFO - Setting next_dagrun for example_sensor_decorator to None, run_after=None
[2025-01-03T21:50:01.657+0100] {processor.py:208} INFO - Processing /Users/azeez.ganiyu/airflow_venv/lib/python3.9/site-packages/airflow/example_dags/example_sensor_decorator.py took 0.281 seconds
