[2025-01-03T21:29:31.137+0100] {processor.py:186} INFO - Started process (PID=78015) to work on /Users/azeez.ganiyu/airflow_venv/lib/python3.9/site-packages/airflow/example_dags/example_setup_teardown.py
[2025-01-03T21:29:31.143+0100] {processor.py:914} INFO - Processing file /Users/azeez.ganiyu/airflow_venv/lib/python3.9/site-packages/airflow/example_dags/example_setup_teardown.py for tasks to queue
[2025-01-03T21:29:31.145+0100] {logging_mixin.py:190} INFO - [2025-01-03T21:29:31.145+0100] {dagbag.py:588} INFO - Filling up the DagBag from /Users/azeez.ganiyu/airflow_venv/lib/python3.9/site-packages/airflow/example_dags/example_setup_teardown.py
[2025-01-03T21:29:31.162+0100] {processor.py:925} INFO - DAG(s) 'example_setup_teardown' retrieved from /Users/azeez.ganiyu/airflow_venv/lib/python3.9/site-packages/airflow/example_dags/example_setup_teardown.py
[2025-01-03T21:29:31.436+0100] {logging_mixin.py:190} INFO - [2025-01-03T21:29:31.435+0100] {override.py:1912} INFO - Created Permission View: can read on DAG:example_setup_teardown
[2025-01-03T21:29:31.447+0100] {logging_mixin.py:190} INFO - [2025-01-03T21:29:31.447+0100] {override.py:1912} INFO - Created Permission View: can delete on DAG:example_setup_teardown
[2025-01-03T21:29:31.456+0100] {logging_mixin.py:190} INFO - [2025-01-03T21:29:31.456+0100] {override.py:1912} INFO - Created Permission View: can edit on DAG:example_setup_teardown
[2025-01-03T21:29:31.469+0100] {logging_mixin.py:190} INFO - [2025-01-03T21:29:31.468+0100] {override.py:1912} INFO - Created Permission View: can create on DAG Run:example_setup_teardown
[2025-01-03T21:29:31.477+0100] {logging_mixin.py:190} INFO - [2025-01-03T21:29:31.476+0100] {override.py:1912} INFO - Created Permission View: can read on DAG Run:example_setup_teardown
[2025-01-03T21:29:31.486+0100] {logging_mixin.py:190} INFO - [2025-01-03T21:29:31.486+0100] {override.py:1912} INFO - Created Permission View: can delete on DAG Run:example_setup_teardown
[2025-01-03T21:29:31.495+0100] {logging_mixin.py:190} INFO - [2025-01-03T21:29:31.494+0100] {override.py:1912} INFO - Created Permission View: menu access on DAG Run:example_setup_teardown
[2025-01-03T21:29:31.495+0100] {logging_mixin.py:190} INFO - [2025-01-03T21:29:31.495+0100] {dag.py:3239} INFO - Sync 1 DAGs
[2025-01-03T21:29:31.507+0100] {logging_mixin.py:190} INFO - [2025-01-03T21:29:31.506+0100] {dag.py:3262} INFO - Creating ORM DAG for example_setup_teardown
[2025-01-03T21:29:31.507+0100] {logging_mixin.py:190} INFO - [2025-01-03T21:29:31.507+0100] {dag.py:4180} INFO - Setting next_dagrun for example_setup_teardown to None, run_after=None
[2025-01-03T21:29:31.527+0100] {processor.py:208} INFO - Processing /Users/azeez.ganiyu/airflow_venv/lib/python3.9/site-packages/airflow/example_dags/example_setup_teardown.py took 0.397 seconds
[2025-01-03T21:33:21.180+0100] {processor.py:186} INFO - Started process (PID=79387) to work on /Users/azeez.ganiyu/airflow_venv/lib/python3.9/site-packages/airflow/example_dags/example_setup_teardown.py
[2025-01-03T21:33:21.185+0100] {processor.py:914} INFO - Processing file /Users/azeez.ganiyu/airflow_venv/lib/python3.9/site-packages/airflow/example_dags/example_setup_teardown.py for tasks to queue
[2025-01-03T21:33:21.186+0100] {logging_mixin.py:190} INFO - [2025-01-03T21:33:21.186+0100] {dagbag.py:588} INFO - Filling up the DagBag from /Users/azeez.ganiyu/airflow_venv/lib/python3.9/site-packages/airflow/example_dags/example_setup_teardown.py
[2025-01-03T21:33:21.203+0100] {processor.py:925} INFO - DAG(s) 'example_setup_teardown' retrieved from /Users/azeez.ganiyu/airflow_venv/lib/python3.9/site-packages/airflow/example_dags/example_setup_teardown.py
[2025-01-03T21:33:21.344+0100] {logging_mixin.py:190} INFO - [2025-01-03T21:33:21.344+0100] {dag.py:3239} INFO - Sync 1 DAGs
[2025-01-03T21:33:21.353+0100] {logging_mixin.py:190} INFO - [2025-01-03T21:33:21.352+0100] {dag.py:4180} INFO - Setting next_dagrun for example_setup_teardown to None, run_after=None
[2025-01-03T21:33:21.374+0100] {processor.py:208} INFO - Processing /Users/azeez.ganiyu/airflow_venv/lib/python3.9/site-packages/airflow/example_dags/example_setup_teardown.py took 0.201 seconds
[2025-01-03T21:37:17.899+0100] {processor.py:186} INFO - Started process (PID=81403) to work on /Users/azeez.ganiyu/airflow_venv/lib/python3.9/site-packages/airflow/example_dags/example_setup_teardown.py
[2025-01-03T21:37:17.904+0100] {processor.py:914} INFO - Processing file /Users/azeez.ganiyu/airflow_venv/lib/python3.9/site-packages/airflow/example_dags/example_setup_teardown.py for tasks to queue
[2025-01-03T21:37:17.905+0100] {logging_mixin.py:190} INFO - [2025-01-03T21:37:17.905+0100] {dagbag.py:588} INFO - Filling up the DagBag from /Users/azeez.ganiyu/airflow_venv/lib/python3.9/site-packages/airflow/example_dags/example_setup_teardown.py
[2025-01-03T21:37:17.921+0100] {processor.py:925} INFO - DAG(s) 'example_setup_teardown' retrieved from /Users/azeez.ganiyu/airflow_venv/lib/python3.9/site-packages/airflow/example_dags/example_setup_teardown.py
[2025-01-03T21:37:18.062+0100] {logging_mixin.py:190} INFO - [2025-01-03T21:37:18.062+0100] {dag.py:3239} INFO - Sync 1 DAGs
[2025-01-03T21:37:18.071+0100] {logging_mixin.py:190} INFO - [2025-01-03T21:37:18.071+0100] {dag.py:4180} INFO - Setting next_dagrun for example_setup_teardown to None, run_after=None
[2025-01-03T21:37:18.091+0100] {processor.py:208} INFO - Processing /Users/azeez.ganiyu/airflow_venv/lib/python3.9/site-packages/airflow/example_dags/example_setup_teardown.py took 0.200 seconds
[2025-01-03T21:40:24.436+0100] {processor.py:186} INFO - Started process (PID=82433) to work on /Users/azeez.ganiyu/airflow_venv/lib/python3.9/site-packages/airflow/example_dags/example_setup_teardown.py
[2025-01-03T21:40:24.441+0100] {processor.py:914} INFO - Processing file /Users/azeez.ganiyu/airflow_venv/lib/python3.9/site-packages/airflow/example_dags/example_setup_teardown.py for tasks to queue
[2025-01-03T21:40:24.443+0100] {logging_mixin.py:190} INFO - [2025-01-03T21:40:24.442+0100] {dagbag.py:588} INFO - Filling up the DagBag from /Users/azeez.ganiyu/airflow_venv/lib/python3.9/site-packages/airflow/example_dags/example_setup_teardown.py
[2025-01-03T21:40:24.461+0100] {processor.py:925} INFO - DAG(s) 'example_setup_teardown' retrieved from /Users/azeez.ganiyu/airflow_venv/lib/python3.9/site-packages/airflow/example_dags/example_setup_teardown.py
[2025-01-03T21:40:24.700+0100] {logging_mixin.py:190} INFO - [2025-01-03T21:40:24.700+0100] {dag.py:3239} INFO - Sync 1 DAGs
[2025-01-03T21:40:24.715+0100] {logging_mixin.py:190} INFO - [2025-01-03T21:40:24.714+0100] {dag.py:4180} INFO - Setting next_dagrun for example_setup_teardown to None, run_after=None
[2025-01-03T21:40:24.737+0100] {processor.py:208} INFO - Processing /Users/azeez.ganiyu/airflow_venv/lib/python3.9/site-packages/airflow/example_dags/example_setup_teardown.py took 0.307 seconds
[2025-01-03T21:43:30.359+0100] {processor.py:186} INFO - Started process (PID=84219) to work on /Users/azeez.ganiyu/airflow_venv/lib/python3.9/site-packages/airflow/example_dags/example_setup_teardown.py
[2025-01-03T21:43:30.365+0100] {processor.py:914} INFO - Processing file /Users/azeez.ganiyu/airflow_venv/lib/python3.9/site-packages/airflow/example_dags/example_setup_teardown.py for tasks to queue
[2025-01-03T21:43:30.366+0100] {logging_mixin.py:190} INFO - [2025-01-03T21:43:30.366+0100] {dagbag.py:588} INFO - Filling up the DagBag from /Users/azeez.ganiyu/airflow_venv/lib/python3.9/site-packages/airflow/example_dags/example_setup_teardown.py
[2025-01-03T21:43:30.382+0100] {processor.py:925} INFO - DAG(s) 'example_setup_teardown' retrieved from /Users/azeez.ganiyu/airflow_venv/lib/python3.9/site-packages/airflow/example_dags/example_setup_teardown.py
[2025-01-03T21:43:30.518+0100] {logging_mixin.py:190} INFO - [2025-01-03T21:43:30.518+0100] {dag.py:3239} INFO - Sync 1 DAGs
[2025-01-03T21:43:30.526+0100] {logging_mixin.py:190} INFO - [2025-01-03T21:43:30.526+0100] {dag.py:4180} INFO - Setting next_dagrun for example_setup_teardown to None, run_after=None
[2025-01-03T21:43:30.547+0100] {processor.py:208} INFO - Processing /Users/azeez.ganiyu/airflow_venv/lib/python3.9/site-packages/airflow/example_dags/example_setup_teardown.py took 0.196 seconds
[2025-01-03T21:46:41.558+0100] {processor.py:186} INFO - Started process (PID=85850) to work on /Users/azeez.ganiyu/airflow_venv/lib/python3.9/site-packages/airflow/example_dags/example_setup_teardown.py
[2025-01-03T21:46:41.565+0100] {processor.py:914} INFO - Processing file /Users/azeez.ganiyu/airflow_venv/lib/python3.9/site-packages/airflow/example_dags/example_setup_teardown.py for tasks to queue
[2025-01-03T21:46:41.566+0100] {logging_mixin.py:190} INFO - [2025-01-03T21:46:41.566+0100] {dagbag.py:588} INFO - Filling up the DagBag from /Users/azeez.ganiyu/airflow_venv/lib/python3.9/site-packages/airflow/example_dags/example_setup_teardown.py
[2025-01-03T21:46:41.586+0100] {processor.py:925} INFO - DAG(s) 'example_setup_teardown' retrieved from /Users/azeez.ganiyu/airflow_venv/lib/python3.9/site-packages/airflow/example_dags/example_setup_teardown.py
[2025-01-03T21:46:41.748+0100] {logging_mixin.py:190} INFO - [2025-01-03T21:46:41.748+0100] {dag.py:3239} INFO - Sync 1 DAGs
[2025-01-03T21:46:41.758+0100] {logging_mixin.py:190} INFO - [2025-01-03T21:46:41.758+0100] {dag.py:4180} INFO - Setting next_dagrun for example_setup_teardown to None, run_after=None
[2025-01-03T21:46:41.784+0100] {processor.py:208} INFO - Processing /Users/azeez.ganiyu/airflow_venv/lib/python3.9/site-packages/airflow/example_dags/example_setup_teardown.py took 0.233 seconds
[2025-01-03T21:49:53.387+0100] {processor.py:186} INFO - Started process (PID=86952) to work on /Users/azeez.ganiyu/airflow_venv/lib/python3.9/site-packages/airflow/example_dags/example_setup_teardown.py
[2025-01-03T21:49:53.393+0100] {processor.py:914} INFO - Processing file /Users/azeez.ganiyu/airflow_venv/lib/python3.9/site-packages/airflow/example_dags/example_setup_teardown.py for tasks to queue
[2025-01-03T21:49:53.394+0100] {logging_mixin.py:190} INFO - [2025-01-03T21:49:53.394+0100] {dagbag.py:588} INFO - Filling up the DagBag from /Users/azeez.ganiyu/airflow_venv/lib/python3.9/site-packages/airflow/example_dags/example_setup_teardown.py
[2025-01-03T21:49:53.411+0100] {processor.py:925} INFO - DAG(s) 'example_setup_teardown' retrieved from /Users/azeez.ganiyu/airflow_venv/lib/python3.9/site-packages/airflow/example_dags/example_setup_teardown.py
[2025-01-03T21:49:53.580+0100] {logging_mixin.py:190} INFO - [2025-01-03T21:49:53.580+0100] {dag.py:3239} INFO - Sync 1 DAGs
[2025-01-03T21:49:53.591+0100] {logging_mixin.py:190} INFO - [2025-01-03T21:49:53.591+0100] {dag.py:4180} INFO - Setting next_dagrun for example_setup_teardown to None, run_after=None
[2025-01-03T21:49:53.614+0100] {processor.py:208} INFO - Processing /Users/azeez.ganiyu/airflow_venv/lib/python3.9/site-packages/airflow/example_dags/example_setup_teardown.py took 0.236 seconds
