[2025-01-03T21:29:43.440+0100] {processor.py:186} INFO - Started process (PID=78052) to work on /Users/azeez.ganiyu/airflow_venv/lib/python3.9/site-packages/airflow/example_dags/example_python_operator.py
[2025-01-03T21:29:43.447+0100] {processor.py:914} INFO - Processing file /Users/azeez.ganiyu/airflow_venv/lib/python3.9/site-packages/airflow/example_dags/example_python_operator.py for tasks to queue
[2025-01-03T21:29:43.448+0100] {logging_mixin.py:190} INFO - [2025-01-03T21:29:43.448+0100] {dagbag.py:588} INFO - Filling up the DagBag from /Users/azeez.ganiyu/airflow_venv/lib/python3.9/site-packages/airflow/example_dags/example_python_operator.py
[2025-01-03T21:29:43.485+0100] {logging_mixin.py:190} INFO - [2025-01-03T21:29:43.484+0100] {example_python_operator.py:93} WARNING - The virtalenv_python example task requires virtualenv, please install it.
[2025-01-03T21:29:43.492+0100] {processor.py:925} INFO - DAG(s) 'example_python_operator' retrieved from /Users/azeez.ganiyu/airflow_venv/lib/python3.9/site-packages/airflow/example_dags/example_python_operator.py
[2025-01-03T21:29:43.771+0100] {logging_mixin.py:190} INFO - [2025-01-03T21:29:43.771+0100] {override.py:1912} INFO - Created Permission View: can delete on DAG:example_python_operator
[2025-01-03T21:29:43.781+0100] {logging_mixin.py:190} INFO - [2025-01-03T21:29:43.781+0100] {override.py:1912} INFO - Created Permission View: can edit on DAG:example_python_operator
[2025-01-03T21:29:43.790+0100] {logging_mixin.py:190} INFO - [2025-01-03T21:29:43.790+0100] {override.py:1912} INFO - Created Permission View: can read on DAG:example_python_operator
[2025-01-03T21:29:43.804+0100] {logging_mixin.py:190} INFO - [2025-01-03T21:29:43.804+0100] {override.py:1912} INFO - Created Permission View: can delete on DAG Run:example_python_operator
[2025-01-03T21:29:43.812+0100] {logging_mixin.py:190} INFO - [2025-01-03T21:29:43.812+0100] {override.py:1912} INFO - Created Permission View: can create on DAG Run:example_python_operator
[2025-01-03T21:29:43.822+0100] {logging_mixin.py:190} INFO - [2025-01-03T21:29:43.822+0100] {override.py:1912} INFO - Created Permission View: menu access on DAG Run:example_python_operator
[2025-01-03T21:29:43.830+0100] {logging_mixin.py:190} INFO - [2025-01-03T21:29:43.830+0100] {override.py:1912} INFO - Created Permission View: can read on DAG Run:example_python_operator
[2025-01-03T21:29:43.831+0100] {logging_mixin.py:190} INFO - [2025-01-03T21:29:43.831+0100] {dag.py:3239} INFO - Sync 1 DAGs
[2025-01-03T21:29:43.844+0100] {logging_mixin.py:190} INFO - [2025-01-03T21:29:43.844+0100] {dag.py:3262} INFO - Creating ORM DAG for example_python_operator
[2025-01-03T21:29:43.845+0100] {logging_mixin.py:190} INFO - [2025-01-03T21:29:43.844+0100] {dag.py:4180} INFO - Setting next_dagrun for example_python_operator to None, run_after=None
[2025-01-03T21:29:43.865+0100] {processor.py:208} INFO - Processing /Users/azeez.ganiyu/airflow_venv/lib/python3.9/site-packages/airflow/example_dags/example_python_operator.py took 0.432 seconds
[2025-01-03T21:33:35.174+0100] {processor.py:186} INFO - Started process (PID=79424) to work on /Users/azeez.ganiyu/airflow_venv/lib/python3.9/site-packages/airflow/example_dags/example_python_operator.py
[2025-01-03T21:33:35.180+0100] {processor.py:914} INFO - Processing file /Users/azeez.ganiyu/airflow_venv/lib/python3.9/site-packages/airflow/example_dags/example_python_operator.py for tasks to queue
[2025-01-03T21:33:35.182+0100] {logging_mixin.py:190} INFO - [2025-01-03T21:33:35.181+0100] {dagbag.py:588} INFO - Filling up the DagBag from /Users/azeez.ganiyu/airflow_venv/lib/python3.9/site-packages/airflow/example_dags/example_python_operator.py
[2025-01-03T21:33:35.221+0100] {logging_mixin.py:190} INFO - [2025-01-03T21:33:35.221+0100] {example_python_operator.py:93} WARNING - The virtalenv_python example task requires virtualenv, please install it.
[2025-01-03T21:33:35.231+0100] {processor.py:925} INFO - DAG(s) 'example_python_operator' retrieved from /Users/azeez.ganiyu/airflow_venv/lib/python3.9/site-packages/airflow/example_dags/example_python_operator.py
[2025-01-03T21:33:35.439+0100] {logging_mixin.py:190} INFO - [2025-01-03T21:33:35.439+0100] {dag.py:3239} INFO - Sync 1 DAGs
[2025-01-03T21:33:35.456+0100] {logging_mixin.py:190} INFO - [2025-01-03T21:33:35.455+0100] {dag.py:4180} INFO - Setting next_dagrun for example_python_operator to None, run_after=None
[2025-01-03T21:33:35.480+0100] {processor.py:208} INFO - Processing /Users/azeez.ganiyu/airflow_venv/lib/python3.9/site-packages/airflow/example_dags/example_python_operator.py took 0.314 seconds
[2025-01-03T21:37:29.752+0100] {processor.py:186} INFO - Started process (PID=81469) to work on /Users/azeez.ganiyu/airflow_venv/lib/python3.9/site-packages/airflow/example_dags/example_python_operator.py
[2025-01-03T21:37:29.758+0100] {processor.py:914} INFO - Processing file /Users/azeez.ganiyu/airflow_venv/lib/python3.9/site-packages/airflow/example_dags/example_python_operator.py for tasks to queue
[2025-01-03T21:37:29.759+0100] {logging_mixin.py:190} INFO - [2025-01-03T21:37:29.759+0100] {dagbag.py:588} INFO - Filling up the DagBag from /Users/azeez.ganiyu/airflow_venv/lib/python3.9/site-packages/airflow/example_dags/example_python_operator.py
[2025-01-03T21:37:29.791+0100] {logging_mixin.py:190} INFO - [2025-01-03T21:37:29.791+0100] {example_python_operator.py:93} WARNING - The virtalenv_python example task requires virtualenv, please install it.
[2025-01-03T21:37:29.800+0100] {processor.py:925} INFO - DAG(s) 'example_python_operator' retrieved from /Users/azeez.ganiyu/airflow_venv/lib/python3.9/site-packages/airflow/example_dags/example_python_operator.py
[2025-01-03T21:37:29.953+0100] {logging_mixin.py:190} INFO - [2025-01-03T21:37:29.953+0100] {dag.py:3239} INFO - Sync 1 DAGs
[2025-01-03T21:37:29.963+0100] {logging_mixin.py:190} INFO - [2025-01-03T21:37:29.963+0100] {dag.py:4180} INFO - Setting next_dagrun for example_python_operator to None, run_after=None
[2025-01-03T21:37:29.986+0100] {processor.py:208} INFO - Processing /Users/azeez.ganiyu/airflow_venv/lib/python3.9/site-packages/airflow/example_dags/example_python_operator.py took 0.242 seconds
[2025-01-03T21:40:36.552+0100] {processor.py:186} INFO - Started process (PID=82503) to work on /Users/azeez.ganiyu/airflow_venv/lib/python3.9/site-packages/airflow/example_dags/example_python_operator.py
[2025-01-03T21:40:36.557+0100] {processor.py:914} INFO - Processing file /Users/azeez.ganiyu/airflow_venv/lib/python3.9/site-packages/airflow/example_dags/example_python_operator.py for tasks to queue
[2025-01-03T21:40:36.559+0100] {logging_mixin.py:190} INFO - [2025-01-03T21:40:36.558+0100] {dagbag.py:588} INFO - Filling up the DagBag from /Users/azeez.ganiyu/airflow_venv/lib/python3.9/site-packages/airflow/example_dags/example_python_operator.py
[2025-01-03T21:40:36.590+0100] {logging_mixin.py:190} INFO - [2025-01-03T21:40:36.590+0100] {example_python_operator.py:93} WARNING - The virtalenv_python example task requires virtualenv, please install it.
[2025-01-03T21:40:36.598+0100] {processor.py:925} INFO - DAG(s) 'example_python_operator' retrieved from /Users/azeez.ganiyu/airflow_venv/lib/python3.9/site-packages/airflow/example_dags/example_python_operator.py
[2025-01-03T21:40:36.742+0100] {logging_mixin.py:190} INFO - [2025-01-03T21:40:36.741+0100] {dag.py:3239} INFO - Sync 1 DAGs
[2025-01-03T21:40:36.755+0100] {logging_mixin.py:190} INFO - [2025-01-03T21:40:36.755+0100] {dag.py:4180} INFO - Setting next_dagrun for example_python_operator to None, run_after=None
[2025-01-03T21:40:36.777+0100] {processor.py:208} INFO - Processing /Users/azeez.ganiyu/airflow_venv/lib/python3.9/site-packages/airflow/example_dags/example_python_operator.py took 0.234 seconds
[2025-01-03T21:43:41.971+0100] {processor.py:186} INFO - Started process (PID=84278) to work on /Users/azeez.ganiyu/airflow_venv/lib/python3.9/site-packages/airflow/example_dags/example_python_operator.py
[2025-01-03T21:43:41.976+0100] {processor.py:914} INFO - Processing file /Users/azeez.ganiyu/airflow_venv/lib/python3.9/site-packages/airflow/example_dags/example_python_operator.py for tasks to queue
[2025-01-03T21:43:41.977+0100] {logging_mixin.py:190} INFO - [2025-01-03T21:43:41.976+0100] {dagbag.py:588} INFO - Filling up the DagBag from /Users/azeez.ganiyu/airflow_venv/lib/python3.9/site-packages/airflow/example_dags/example_python_operator.py
[2025-01-03T21:43:42.008+0100] {logging_mixin.py:190} INFO - [2025-01-03T21:43:42.008+0100] {example_python_operator.py:93} WARNING - The virtalenv_python example task requires virtualenv, please install it.
[2025-01-03T21:43:42.017+0100] {processor.py:925} INFO - DAG(s) 'example_python_operator' retrieved from /Users/azeez.ganiyu/airflow_venv/lib/python3.9/site-packages/airflow/example_dags/example_python_operator.py
[2025-01-03T21:43:42.153+0100] {logging_mixin.py:190} INFO - [2025-01-03T21:43:42.153+0100] {dag.py:3239} INFO - Sync 1 DAGs
[2025-01-03T21:43:42.163+0100] {logging_mixin.py:190} INFO - [2025-01-03T21:43:42.162+0100] {dag.py:4180} INFO - Setting next_dagrun for example_python_operator to None, run_after=None
[2025-01-03T21:43:42.183+0100] {processor.py:208} INFO - Processing /Users/azeez.ganiyu/airflow_venv/lib/python3.9/site-packages/airflow/example_dags/example_python_operator.py took 0.220 seconds
[2025-01-03T21:46:53.385+0100] {processor.py:186} INFO - Started process (PID=85930) to work on /Users/azeez.ganiyu/airflow_venv/lib/python3.9/site-packages/airflow/example_dags/example_python_operator.py
[2025-01-03T21:46:53.390+0100] {processor.py:914} INFO - Processing file /Users/azeez.ganiyu/airflow_venv/lib/python3.9/site-packages/airflow/example_dags/example_python_operator.py for tasks to queue
[2025-01-03T21:46:53.391+0100] {logging_mixin.py:190} INFO - [2025-01-03T21:46:53.391+0100] {dagbag.py:588} INFO - Filling up the DagBag from /Users/azeez.ganiyu/airflow_venv/lib/python3.9/site-packages/airflow/example_dags/example_python_operator.py
[2025-01-03T21:46:53.425+0100] {logging_mixin.py:190} INFO - [2025-01-03T21:46:53.425+0100] {example_python_operator.py:93} WARNING - The virtalenv_python example task requires virtualenv, please install it.
[2025-01-03T21:46:53.433+0100] {processor.py:925} INFO - DAG(s) 'example_python_operator' retrieved from /Users/azeez.ganiyu/airflow_venv/lib/python3.9/site-packages/airflow/example_dags/example_python_operator.py
[2025-01-03T21:46:53.576+0100] {logging_mixin.py:190} INFO - [2025-01-03T21:46:53.576+0100] {dag.py:3239} INFO - Sync 1 DAGs
[2025-01-03T21:46:53.586+0100] {logging_mixin.py:190} INFO - [2025-01-03T21:46:53.585+0100] {dag.py:4180} INFO - Setting next_dagrun for example_python_operator to None, run_after=None
[2025-01-03T21:46:53.607+0100] {processor.py:208} INFO - Processing /Users/azeez.ganiyu/airflow_venv/lib/python3.9/site-packages/airflow/example_dags/example_python_operator.py took 0.228 seconds
[2025-01-03T21:50:05.443+0100] {processor.py:186} INFO - Started process (PID=87020) to work on /Users/azeez.ganiyu/airflow_venv/lib/python3.9/site-packages/airflow/example_dags/example_python_operator.py
[2025-01-03T21:50:05.449+0100] {processor.py:914} INFO - Processing file /Users/azeez.ganiyu/airflow_venv/lib/python3.9/site-packages/airflow/example_dags/example_python_operator.py for tasks to queue
[2025-01-03T21:50:05.450+0100] {logging_mixin.py:190} INFO - [2025-01-03T21:50:05.450+0100] {dagbag.py:588} INFO - Filling up the DagBag from /Users/azeez.ganiyu/airflow_venv/lib/python3.9/site-packages/airflow/example_dags/example_python_operator.py
[2025-01-03T21:50:05.487+0100] {logging_mixin.py:190} INFO - [2025-01-03T21:50:05.486+0100] {example_python_operator.py:93} WARNING - The virtalenv_python example task requires virtualenv, please install it.
[2025-01-03T21:50:05.495+0100] {processor.py:925} INFO - DAG(s) 'example_python_operator' retrieved from /Users/azeez.ganiyu/airflow_venv/lib/python3.9/site-packages/airflow/example_dags/example_python_operator.py
[2025-01-03T21:50:05.653+0100] {logging_mixin.py:190} INFO - [2025-01-03T21:50:05.653+0100] {dag.py:3239} INFO - Sync 1 DAGs
[2025-01-03T21:50:05.663+0100] {logging_mixin.py:190} INFO - [2025-01-03T21:50:05.663+0100] {dag.py:4180} INFO - Setting next_dagrun for example_python_operator to None, run_after=None
[2025-01-03T21:50:05.687+0100] {processor.py:208} INFO - Processing /Users/azeez.ganiyu/airflow_venv/lib/python3.9/site-packages/airflow/example_dags/example_python_operator.py took 0.251 seconds
