[2025-01-03T21:34:30.964+0100] {processor.py:186} INFO - Started process (PID=80452) to work on /Users/azeez.ganiyu/airflow_venv/lib/python3.9/site-packages/airflow/example_dags/example_dynamic_task_mapping_with_no_taskflow_operators.py
[2025-01-03T21:34:30.970+0100] {processor.py:914} INFO - Processing file /Users/azeez.ganiyu/airflow_venv/lib/python3.9/site-packages/airflow/example_dags/example_dynamic_task_mapping_with_no_taskflow_operators.py for tasks to queue
[2025-01-03T21:34:30.972+0100] {logging_mixin.py:190} INFO - [2025-01-03T21:34:30.971+0100] {dagbag.py:588} INFO - Filling up the DagBag from /Users/azeez.ganiyu/airflow_venv/lib/python3.9/site-packages/airflow/example_dags/example_dynamic_task_mapping_with_no_taskflow_operators.py
[2025-01-03T21:34:30.989+0100] {processor.py:925} INFO - DAG(s) 'example_dynamic_task_mapping_with_no_taskflow_operators' retrieved from /Users/azeez.ganiyu/airflow_venv/lib/python3.9/site-packages/airflow/example_dags/example_dynamic_task_mapping_with_no_taskflow_operators.py
[2025-01-03T21:34:31.298+0100] {logging_mixin.py:190} INFO - [2025-01-03T21:34:31.298+0100] {override.py:1912} INFO - Created Permission View: can read on DAG:example_dynamic_task_mapping_with_no_taskflow_operators
[2025-01-03T21:34:31.310+0100] {logging_mixin.py:190} INFO - [2025-01-03T21:34:31.310+0100] {override.py:1912} INFO - Created Permission View: can delete on DAG:example_dynamic_task_mapping_with_no_taskflow_operators
[2025-01-03T21:34:31.319+0100] {logging_mixin.py:190} INFO - [2025-01-03T21:34:31.319+0100] {override.py:1912} INFO - Created Permission View: can edit on DAG:example_dynamic_task_mapping_with_no_taskflow_operators
[2025-01-03T21:34:31.332+0100] {logging_mixin.py:190} INFO - [2025-01-03T21:34:31.332+0100] {override.py:1912} INFO - Created Permission View: menu access on DAG Run:example_dynamic_task_mapping_with_no_taskflow_operators
[2025-01-03T21:34:31.341+0100] {logging_mixin.py:190} INFO - [2025-01-03T21:34:31.340+0100] {override.py:1912} INFO - Created Permission View: can read on DAG Run:example_dynamic_task_mapping_with_no_taskflow_operators
[2025-01-03T21:34:31.351+0100] {logging_mixin.py:190} INFO - [2025-01-03T21:34:31.351+0100] {override.py:1912} INFO - Created Permission View: can create on DAG Run:example_dynamic_task_mapping_with_no_taskflow_operators
[2025-01-03T21:34:31.360+0100] {logging_mixin.py:190} INFO - [2025-01-03T21:34:31.360+0100] {override.py:1912} INFO - Created Permission View: can delete on DAG Run:example_dynamic_task_mapping_with_no_taskflow_operators
[2025-01-03T21:34:31.361+0100] {logging_mixin.py:190} INFO - [2025-01-03T21:34:31.360+0100] {dag.py:3239} INFO - Sync 1 DAGs
[2025-01-03T21:34:31.373+0100] {logging_mixin.py:190} INFO - [2025-01-03T21:34:31.372+0100] {dag.py:3262} INFO - Creating ORM DAG for example_dynamic_task_mapping_with_no_taskflow_operators
[2025-01-03T21:34:31.373+0100] {logging_mixin.py:190} INFO - [2025-01-03T21:34:31.373+0100] {dag.py:4180} INFO - Setting next_dagrun for example_dynamic_task_mapping_with_no_taskflow_operators to None, run_after=None
[2025-01-03T21:34:31.393+0100] {processor.py:208} INFO - Processing /Users/azeez.ganiyu/airflow_venv/lib/python3.9/site-packages/airflow/example_dags/example_dynamic_task_mapping_with_no_taskflow_operators.py took 0.436 seconds
[2025-01-03T21:38:18.750+0100] {processor.py:186} INFO - Started process (PID=81739) to work on /Users/azeez.ganiyu/airflow_venv/lib/python3.9/site-packages/airflow/example_dags/example_dynamic_task_mapping_with_no_taskflow_operators.py
[2025-01-03T21:38:18.755+0100] {processor.py:914} INFO - Processing file /Users/azeez.ganiyu/airflow_venv/lib/python3.9/site-packages/airflow/example_dags/example_dynamic_task_mapping_with_no_taskflow_operators.py for tasks to queue
[2025-01-03T21:38:18.756+0100] {logging_mixin.py:190} INFO - [2025-01-03T21:38:18.756+0100] {dagbag.py:588} INFO - Filling up the DagBag from /Users/azeez.ganiyu/airflow_venv/lib/python3.9/site-packages/airflow/example_dags/example_dynamic_task_mapping_with_no_taskflow_operators.py
[2025-01-03T21:38:18.772+0100] {processor.py:925} INFO - DAG(s) 'example_dynamic_task_mapping_with_no_taskflow_operators' retrieved from /Users/azeez.ganiyu/airflow_venv/lib/python3.9/site-packages/airflow/example_dags/example_dynamic_task_mapping_with_no_taskflow_operators.py
[2025-01-03T21:38:18.920+0100] {logging_mixin.py:190} INFO - [2025-01-03T21:38:18.920+0100] {dag.py:3239} INFO - Sync 1 DAGs
[2025-01-03T21:38:18.928+0100] {logging_mixin.py:190} INFO - [2025-01-03T21:38:18.928+0100] {dag.py:4180} INFO - Setting next_dagrun for example_dynamic_task_mapping_with_no_taskflow_operators to None, run_after=None
[2025-01-03T21:38:18.950+0100] {processor.py:208} INFO - Processing /Users/azeez.ganiyu/airflow_venv/lib/python3.9/site-packages/airflow/example_dags/example_dynamic_task_mapping_with_no_taskflow_operators.py took 0.208 seconds
[2025-01-03T21:44:31.621+0100] {processor.py:186} INFO - Started process (PID=84582) to work on /Users/azeez.ganiyu/airflow_venv/lib/python3.9/site-packages/airflow/example_dags/example_dynamic_task_mapping_with_no_taskflow_operators.py
[2025-01-03T21:44:31.626+0100] {processor.py:914} INFO - Processing file /Users/azeez.ganiyu/airflow_venv/lib/python3.9/site-packages/airflow/example_dags/example_dynamic_task_mapping_with_no_taskflow_operators.py for tasks to queue
[2025-01-03T21:44:31.627+0100] {logging_mixin.py:190} INFO - [2025-01-03T21:44:31.627+0100] {dagbag.py:588} INFO - Filling up the DagBag from /Users/azeez.ganiyu/airflow_venv/lib/python3.9/site-packages/airflow/example_dags/example_dynamic_task_mapping_with_no_taskflow_operators.py
[2025-01-03T21:44:31.641+0100] {processor.py:925} INFO - DAG(s) 'example_dynamic_task_mapping_with_no_taskflow_operators' retrieved from /Users/azeez.ganiyu/airflow_venv/lib/python3.9/site-packages/airflow/example_dags/example_dynamic_task_mapping_with_no_taskflow_operators.py
[2025-01-03T21:44:31.778+0100] {logging_mixin.py:190} INFO - [2025-01-03T21:44:31.778+0100] {dag.py:3239} INFO - Sync 1 DAGs
[2025-01-03T21:44:31.786+0100] {logging_mixin.py:190} INFO - [2025-01-03T21:44:31.786+0100] {dag.py:4180} INFO - Setting next_dagrun for example_dynamic_task_mapping_with_no_taskflow_operators to None, run_after=None
[2025-01-03T21:44:31.807+0100] {processor.py:208} INFO - Processing /Users/azeez.ganiyu/airflow_venv/lib/python3.9/site-packages/airflow/example_dags/example_dynamic_task_mapping_with_no_taskflow_operators.py took 0.193 seconds
[2025-01-03T21:50:59.568+0100] {processor.py:186} INFO - Started process (PID=87323) to work on /Users/azeez.ganiyu/airflow_venv/lib/python3.9/site-packages/airflow/example_dags/example_dynamic_task_mapping_with_no_taskflow_operators.py
[2025-01-03T21:50:59.576+0100] {processor.py:914} INFO - Processing file /Users/azeez.ganiyu/airflow_venv/lib/python3.9/site-packages/airflow/example_dags/example_dynamic_task_mapping_with_no_taskflow_operators.py for tasks to queue
[2025-01-03T21:50:59.578+0100] {logging_mixin.py:190} INFO - [2025-01-03T21:50:59.578+0100] {dagbag.py:588} INFO - Filling up the DagBag from /Users/azeez.ganiyu/airflow_venv/lib/python3.9/site-packages/airflow/example_dags/example_dynamic_task_mapping_with_no_taskflow_operators.py
[2025-01-03T21:50:59.595+0100] {processor.py:925} INFO - DAG(s) 'example_dynamic_task_mapping_with_no_taskflow_operators' retrieved from /Users/azeez.ganiyu/airflow_venv/lib/python3.9/site-packages/airflow/example_dags/example_dynamic_task_mapping_with_no_taskflow_operators.py
[2025-01-03T21:50:59.784+0100] {logging_mixin.py:190} INFO - [2025-01-03T21:50:59.784+0100] {dag.py:3239} INFO - Sync 1 DAGs
[2025-01-03T21:50:59.798+0100] {logging_mixin.py:190} INFO - [2025-01-03T21:50:59.798+0100] {dag.py:4180} INFO - Setting next_dagrun for example_dynamic_task_mapping_with_no_taskflow_operators to None, run_after=None
[2025-01-03T21:50:59.825+0100] {processor.py:208} INFO - Processing /Users/azeez.ganiyu/airflow_venv/lib/python3.9/site-packages/airflow/example_dags/example_dynamic_task_mapping_with_no_taskflow_operators.py took 0.266 seconds
