[2025-01-03T21:34:11.397+0100] {processor.py:186} INFO - Started process (PID=79653) to work on /Users/azeez.ganiyu/airflow_venv/lib/python3.9/site-packages/airflow/example_dags/example_latest_only.py
[2025-01-03T21:34:11.404+0100] {processor.py:914} INFO - Processing file /Users/azeez.ganiyu/airflow_venv/lib/python3.9/site-packages/airflow/example_dags/example_latest_only.py for tasks to queue
[2025-01-03T21:34:11.405+0100] {logging_mixin.py:190} INFO - [2025-01-03T21:34:11.405+0100] {dagbag.py:588} INFO - Filling up the DagBag from /Users/azeez.ganiyu/airflow_venv/lib/python3.9/site-packages/airflow/example_dags/example_latest_only.py
[2025-01-03T21:34:11.427+0100] {processor.py:925} INFO - DAG(s) 'latest_only' retrieved from /Users/azeez.ganiyu/airflow_venv/lib/python3.9/site-packages/airflow/example_dags/example_latest_only.py
[2025-01-03T21:34:11.791+0100] {logging_mixin.py:190} INFO - [2025-01-03T21:34:11.791+0100] {override.py:1912} INFO - Created Permission View: can delete on DAG:latest_only
[2025-01-03T21:34:11.804+0100] {logging_mixin.py:190} INFO - [2025-01-03T21:34:11.803+0100] {override.py:1912} INFO - Created Permission View: can edit on DAG:latest_only
[2025-01-03T21:34:11.814+0100] {logging_mixin.py:190} INFO - [2025-01-03T21:34:11.814+0100] {override.py:1912} INFO - Created Permission View: can read on DAG:latest_only
[2025-01-03T21:34:11.830+0100] {logging_mixin.py:190} INFO - [2025-01-03T21:34:11.829+0100] {override.py:1912} INFO - Created Permission View: can create on DAG Run:latest_only
[2025-01-03T21:34:11.838+0100] {logging_mixin.py:190} INFO - [2025-01-03T21:34:11.837+0100] {override.py:1912} INFO - Created Permission View: can delete on DAG Run:latest_only
[2025-01-03T21:34:11.849+0100] {logging_mixin.py:190} INFO - [2025-01-03T21:34:11.848+0100] {override.py:1912} INFO - Created Permission View: can read on DAG Run:latest_only
[2025-01-03T21:34:11.856+0100] {logging_mixin.py:190} INFO - [2025-01-03T21:34:11.856+0100] {override.py:1912} INFO - Created Permission View: menu access on DAG Run:latest_only
[2025-01-03T21:34:11.857+0100] {logging_mixin.py:190} INFO - [2025-01-03T21:34:11.857+0100] {dag.py:3239} INFO - Sync 1 DAGs
[2025-01-03T21:34:11.871+0100] {logging_mixin.py:190} INFO - [2025-01-03T21:34:11.871+0100] {dag.py:3262} INFO - Creating ORM DAG for latest_only
[2025-01-03T21:34:11.883+0100] {logging_mixin.py:190} INFO - [2025-01-03T21:34:11.883+0100] {dag.py:4180} INFO - Setting next_dagrun for latest_only to 2025-01-03 16:00:00+00:00, run_after=2025-01-03 20:00:00+00:00
[2025-01-03T21:34:11.908+0100] {processor.py:208} INFO - Processing /Users/azeez.ganiyu/airflow_venv/lib/python3.9/site-packages/airflow/example_dags/example_latest_only.py took 0.520 seconds
[2025-01-03T21:38:03.996+0100] {processor.py:186} INFO - Started process (PID=81661) to work on /Users/azeez.ganiyu/airflow_venv/lib/python3.9/site-packages/airflow/example_dags/example_latest_only.py
[2025-01-03T21:38:04.001+0100] {processor.py:914} INFO - Processing file /Users/azeez.ganiyu/airflow_venv/lib/python3.9/site-packages/airflow/example_dags/example_latest_only.py for tasks to queue
[2025-01-03T21:38:04.002+0100] {logging_mixin.py:190} INFO - [2025-01-03T21:38:04.002+0100] {dagbag.py:588} INFO - Filling up the DagBag from /Users/azeez.ganiyu/airflow_venv/lib/python3.9/site-packages/airflow/example_dags/example_latest_only.py
[2025-01-03T21:38:04.016+0100] {processor.py:925} INFO - DAG(s) 'latest_only' retrieved from /Users/azeez.ganiyu/airflow_venv/lib/python3.9/site-packages/airflow/example_dags/example_latest_only.py
[2025-01-03T21:38:04.158+0100] {logging_mixin.py:190} INFO - [2025-01-03T21:38:04.158+0100] {dag.py:3239} INFO - Sync 1 DAGs
[2025-01-03T21:38:04.177+0100] {logging_mixin.py:190} INFO - [2025-01-03T21:38:04.177+0100] {dag.py:4180} INFO - Setting next_dagrun for latest_only to 2025-01-03 16:00:00+00:00, run_after=2025-01-03 20:00:00+00:00
[2025-01-03T21:38:04.199+0100] {processor.py:208} INFO - Processing /Users/azeez.ganiyu/airflow_venv/lib/python3.9/site-packages/airflow/example_dags/example_latest_only.py took 0.211 seconds
[2025-01-03T21:41:11.680+0100] {processor.py:186} INFO - Started process (PID=83355) to work on /Users/azeez.ganiyu/airflow_venv/lib/python3.9/site-packages/airflow/example_dags/example_latest_only.py
[2025-01-03T21:41:11.684+0100] {processor.py:914} INFO - Processing file /Users/azeez.ganiyu/airflow_venv/lib/python3.9/site-packages/airflow/example_dags/example_latest_only.py for tasks to queue
[2025-01-03T21:41:11.685+0100] {logging_mixin.py:190} INFO - [2025-01-03T21:41:11.685+0100] {dagbag.py:588} INFO - Filling up the DagBag from /Users/azeez.ganiyu/airflow_venv/lib/python3.9/site-packages/airflow/example_dags/example_latest_only.py
[2025-01-03T21:41:11.699+0100] {processor.py:925} INFO - DAG(s) 'latest_only' retrieved from /Users/azeez.ganiyu/airflow_venv/lib/python3.9/site-packages/airflow/example_dags/example_latest_only.py
[2025-01-03T21:41:11.894+0100] {logging_mixin.py:190} INFO - [2025-01-03T21:41:11.893+0100] {dag.py:3239} INFO - Sync 1 DAGs
[2025-01-03T21:41:11.913+0100] {logging_mixin.py:190} INFO - [2025-01-03T21:41:11.913+0100] {dag.py:4180} INFO - Setting next_dagrun for latest_only to 2025-01-03 16:00:00+00:00, run_after=2025-01-03 20:00:00+00:00
[2025-01-03T21:41:11.934+0100] {processor.py:208} INFO - Processing /Users/azeez.ganiyu/airflow_venv/lib/python3.9/site-packages/airflow/example_dags/example_latest_only.py took 0.261 seconds
[2025-01-03T21:44:16.895+0100] {processor.py:186} INFO - Started process (PID=84492) to work on /Users/azeez.ganiyu/airflow_venv/lib/python3.9/site-packages/airflow/example_dags/example_latest_only.py
[2025-01-03T21:44:16.900+0100] {processor.py:914} INFO - Processing file /Users/azeez.ganiyu/airflow_venv/lib/python3.9/site-packages/airflow/example_dags/example_latest_only.py for tasks to queue
[2025-01-03T21:44:16.901+0100] {logging_mixin.py:190} INFO - [2025-01-03T21:44:16.901+0100] {dagbag.py:588} INFO - Filling up the DagBag from /Users/azeez.ganiyu/airflow_venv/lib/python3.9/site-packages/airflow/example_dags/example_latest_only.py
[2025-01-03T21:44:16.918+0100] {processor.py:925} INFO - DAG(s) 'latest_only' retrieved from /Users/azeez.ganiyu/airflow_venv/lib/python3.9/site-packages/airflow/example_dags/example_latest_only.py
[2025-01-03T21:44:17.070+0100] {logging_mixin.py:190} INFO - [2025-01-03T21:44:17.070+0100] {dag.py:3239} INFO - Sync 1 DAGs
[2025-01-03T21:44:17.091+0100] {logging_mixin.py:190} INFO - [2025-01-03T21:44:17.090+0100] {dag.py:4180} INFO - Setting next_dagrun for latest_only to 2025-01-03 16:00:00+00:00, run_after=2025-01-03 20:00:00+00:00
[2025-01-03T21:44:17.112+0100] {processor.py:208} INFO - Processing /Users/azeez.ganiyu/airflow_venv/lib/python3.9/site-packages/airflow/example_dags/example_latest_only.py took 0.223 seconds
[2025-01-03T21:47:27.005+0100] {processor.py:186} INFO - Started process (PID=86123) to work on /Users/azeez.ganiyu/airflow_venv/lib/python3.9/site-packages/airflow/example_dags/example_latest_only.py
[2025-01-03T21:47:27.009+0100] {processor.py:914} INFO - Processing file /Users/azeez.ganiyu/airflow_venv/lib/python3.9/site-packages/airflow/example_dags/example_latest_only.py for tasks to queue
[2025-01-03T21:47:27.010+0100] {logging_mixin.py:190} INFO - [2025-01-03T21:47:27.010+0100] {dagbag.py:588} INFO - Filling up the DagBag from /Users/azeez.ganiyu/airflow_venv/lib/python3.9/site-packages/airflow/example_dags/example_latest_only.py
[2025-01-03T21:47:27.026+0100] {processor.py:925} INFO - DAG(s) 'latest_only' retrieved from /Users/azeez.ganiyu/airflow_venv/lib/python3.9/site-packages/airflow/example_dags/example_latest_only.py
[2025-01-03T21:47:27.161+0100] {logging_mixin.py:190} INFO - [2025-01-03T21:47:27.160+0100] {dag.py:3239} INFO - Sync 1 DAGs
[2025-01-03T21:47:27.180+0100] {logging_mixin.py:190} INFO - [2025-01-03T21:47:27.180+0100] {dag.py:4180} INFO - Setting next_dagrun for latest_only to 2025-01-03 16:00:00+00:00, run_after=2025-01-03 20:00:00+00:00
[2025-01-03T21:47:27.201+0100] {processor.py:208} INFO - Processing /Users/azeez.ganiyu/airflow_venv/lib/python3.9/site-packages/airflow/example_dags/example_latest_only.py took 0.203 seconds
[2025-01-03T21:50:48.008+0100] {processor.py:186} INFO - Started process (PID=87261) to work on /Users/azeez.ganiyu/airflow_venv/lib/python3.9/site-packages/airflow/example_dags/example_latest_only.py
[2025-01-03T21:50:48.012+0100] {processor.py:914} INFO - Processing file /Users/azeez.ganiyu/airflow_venv/lib/python3.9/site-packages/airflow/example_dags/example_latest_only.py for tasks to queue
[2025-01-03T21:50:48.014+0100] {logging_mixin.py:190} INFO - [2025-01-03T21:50:48.013+0100] {dagbag.py:588} INFO - Filling up the DagBag from /Users/azeez.ganiyu/airflow_venv/lib/python3.9/site-packages/airflow/example_dags/example_latest_only.py
[2025-01-03T21:50:48.032+0100] {processor.py:925} INFO - DAG(s) 'latest_only' retrieved from /Users/azeez.ganiyu/airflow_venv/lib/python3.9/site-packages/airflow/example_dags/example_latest_only.py
[2025-01-03T21:50:48.181+0100] {logging_mixin.py:190} INFO - [2025-01-03T21:50:48.181+0100] {dag.py:3239} INFO - Sync 1 DAGs
[2025-01-03T21:50:48.202+0100] {logging_mixin.py:190} INFO - [2025-01-03T21:50:48.201+0100] {dag.py:4180} INFO - Setting next_dagrun for latest_only to 2025-01-03 16:00:00+00:00, run_after=2025-01-03 20:00:00+00:00
[2025-01-03T21:50:48.224+0100] {processor.py:208} INFO - Processing /Users/azeez.ganiyu/airflow_venv/lib/python3.9/site-packages/airflow/example_dags/example_latest_only.py took 0.223 seconds
