[2025-01-03T21:29:14.871+0100] {processor.py:186} INFO - Started process (PID=77959) to work on /Users/azeez.ganiyu/airflow_venv/lib/python3.9/site-packages/airflow/example_dags/example_skip_dag.py
[2025-01-03T21:29:14.876+0100] {processor.py:914} INFO - Processing file /Users/azeez.ganiyu/airflow_venv/lib/python3.9/site-packages/airflow/example_dags/example_skip_dag.py for tasks to queue
[2025-01-03T21:29:14.877+0100] {logging_mixin.py:190} INFO - [2025-01-03T21:29:14.877+0100] {dagbag.py:588} INFO - Filling up the DagBag from /Users/azeez.ganiyu/airflow_venv/lib/python3.9/site-packages/airflow/example_dags/example_skip_dag.py
[2025-01-03T21:29:14.896+0100] {processor.py:925} INFO - DAG(s) 'example_skip_dag' retrieved from /Users/azeez.ganiyu/airflow_venv/lib/python3.9/site-packages/airflow/example_dags/example_skip_dag.py
[2025-01-03T21:29:15.181+0100] {logging_mixin.py:190} INFO - [2025-01-03T21:29:15.181+0100] {override.py:1912} INFO - Created Permission View: can edit on DAG:example_skip_dag
[2025-01-03T21:29:15.192+0100] {logging_mixin.py:190} INFO - [2025-01-03T21:29:15.192+0100] {override.py:1912} INFO - Created Permission View: can delete on DAG:example_skip_dag
[2025-01-03T21:29:15.202+0100] {logging_mixin.py:190} INFO - [2025-01-03T21:29:15.202+0100] {override.py:1912} INFO - Created Permission View: can read on DAG:example_skip_dag
[2025-01-03T21:29:15.216+0100] {logging_mixin.py:190} INFO - [2025-01-03T21:29:15.216+0100] {override.py:1912} INFO - Created Permission View: menu access on DAG Run:example_skip_dag
[2025-01-03T21:29:15.223+0100] {logging_mixin.py:190} INFO - [2025-01-03T21:29:15.223+0100] {override.py:1912} INFO - Created Permission View: can delete on DAG Run:example_skip_dag
[2025-01-03T21:29:15.233+0100] {logging_mixin.py:190} INFO - [2025-01-03T21:29:15.233+0100] {override.py:1912} INFO - Created Permission View: can create on DAG Run:example_skip_dag
[2025-01-03T21:29:15.240+0100] {logging_mixin.py:190} INFO - [2025-01-03T21:29:15.240+0100] {override.py:1912} INFO - Created Permission View: can read on DAG Run:example_skip_dag
[2025-01-03T21:29:15.241+0100] {logging_mixin.py:190} INFO - [2025-01-03T21:29:15.240+0100] {dag.py:3239} INFO - Sync 1 DAGs
[2025-01-03T21:29:15.253+0100] {logging_mixin.py:190} INFO - [2025-01-03T21:29:15.253+0100] {dag.py:3262} INFO - Creating ORM DAG for example_skip_dag
[2025-01-03T21:29:15.267+0100] {logging_mixin.py:190} INFO - [2025-01-03T21:29:15.267+0100] {dag.py:4180} INFO - Setting next_dagrun for example_skip_dag to 2025-01-02 00:00:00+00:00, run_after=2025-01-03 00:00:00+00:00
[2025-01-03T21:29:15.287+0100] {processor.py:208} INFO - Processing /Users/azeez.ganiyu/airflow_venv/lib/python3.9/site-packages/airflow/example_dags/example_skip_dag.py took 0.422 seconds
[2025-01-03T21:33:05.183+0100] {processor.py:186} INFO - Started process (PID=79339) to work on /Users/azeez.ganiyu/airflow_venv/lib/python3.9/site-packages/airflow/example_dags/example_skip_dag.py
[2025-01-03T21:33:05.188+0100] {processor.py:914} INFO - Processing file /Users/azeez.ganiyu/airflow_venv/lib/python3.9/site-packages/airflow/example_dags/example_skip_dag.py for tasks to queue
[2025-01-03T21:33:05.189+0100] {logging_mixin.py:190} INFO - [2025-01-03T21:33:05.189+0100] {dagbag.py:588} INFO - Filling up the DagBag from /Users/azeez.ganiyu/airflow_venv/lib/python3.9/site-packages/airflow/example_dags/example_skip_dag.py
[2025-01-03T21:33:05.207+0100] {processor.py:925} INFO - DAG(s) 'example_skip_dag' retrieved from /Users/azeez.ganiyu/airflow_venv/lib/python3.9/site-packages/airflow/example_dags/example_skip_dag.py
[2025-01-03T21:33:05.361+0100] {logging_mixin.py:190} INFO - [2025-01-03T21:33:05.360+0100] {dag.py:3239} INFO - Sync 1 DAGs
[2025-01-03T21:33:05.381+0100] {logging_mixin.py:190} INFO - [2025-01-03T21:33:05.380+0100] {dag.py:4180} INFO - Setting next_dagrun for example_skip_dag to 2025-01-02 00:00:00+00:00, run_after=2025-01-03 00:00:00+00:00
[2025-01-03T21:33:05.403+0100] {processor.py:208} INFO - Processing /Users/azeez.ganiyu/airflow_venv/lib/python3.9/site-packages/airflow/example_dags/example_skip_dag.py took 0.227 seconds
[2025-01-03T21:37:02.439+0100] {processor.py:186} INFO - Started process (PID=81320) to work on /Users/azeez.ganiyu/airflow_venv/lib/python3.9/site-packages/airflow/example_dags/example_skip_dag.py
[2025-01-03T21:37:02.443+0100] {processor.py:914} INFO - Processing file /Users/azeez.ganiyu/airflow_venv/lib/python3.9/site-packages/airflow/example_dags/example_skip_dag.py for tasks to queue
[2025-01-03T21:37:02.444+0100] {logging_mixin.py:190} INFO - [2025-01-03T21:37:02.444+0100] {dagbag.py:588} INFO - Filling up the DagBag from /Users/azeez.ganiyu/airflow_venv/lib/python3.9/site-packages/airflow/example_dags/example_skip_dag.py
[2025-01-03T21:37:02.459+0100] {processor.py:925} INFO - DAG(s) 'example_skip_dag' retrieved from /Users/azeez.ganiyu/airflow_venv/lib/python3.9/site-packages/airflow/example_dags/example_skip_dag.py
[2025-01-03T21:37:02.601+0100] {logging_mixin.py:190} INFO - [2025-01-03T21:37:02.601+0100] {dag.py:3239} INFO - Sync 1 DAGs
[2025-01-03T21:37:02.621+0100] {logging_mixin.py:190} INFO - [2025-01-03T21:37:02.621+0100] {dag.py:4180} INFO - Setting next_dagrun for example_skip_dag to 2025-01-02 00:00:00+00:00, run_after=2025-01-03 00:00:00+00:00
[2025-01-03T21:37:02.641+0100] {processor.py:208} INFO - Processing /Users/azeez.ganiyu/airflow_venv/lib/python3.9/site-packages/airflow/example_dags/example_skip_dag.py took 0.210 seconds
[2025-01-03T21:40:08.733+0100] {processor.py:186} INFO - Started process (PID=82355) to work on /Users/azeez.ganiyu/airflow_venv/lib/python3.9/site-packages/airflow/example_dags/example_skip_dag.py
[2025-01-03T21:40:08.739+0100] {processor.py:914} INFO - Processing file /Users/azeez.ganiyu/airflow_venv/lib/python3.9/site-packages/airflow/example_dags/example_skip_dag.py for tasks to queue
[2025-01-03T21:40:08.740+0100] {logging_mixin.py:190} INFO - [2025-01-03T21:40:08.740+0100] {dagbag.py:588} INFO - Filling up the DagBag from /Users/azeez.ganiyu/airflow_venv/lib/python3.9/site-packages/airflow/example_dags/example_skip_dag.py
[2025-01-03T21:40:08.754+0100] {processor.py:925} INFO - DAG(s) 'example_skip_dag' retrieved from /Users/azeez.ganiyu/airflow_venv/lib/python3.9/site-packages/airflow/example_dags/example_skip_dag.py
[2025-01-03T21:40:08.889+0100] {logging_mixin.py:190} INFO - [2025-01-03T21:40:08.888+0100] {dag.py:3239} INFO - Sync 1 DAGs
[2025-01-03T21:40:08.907+0100] {logging_mixin.py:190} INFO - [2025-01-03T21:40:08.907+0100] {dag.py:4180} INFO - Setting next_dagrun for example_skip_dag to 2025-01-02 00:00:00+00:00, run_after=2025-01-03 00:00:00+00:00
[2025-01-03T21:40:08.927+0100] {processor.py:208} INFO - Processing /Users/azeez.ganiyu/airflow_venv/lib/python3.9/site-packages/airflow/example_dags/example_skip_dag.py took 0.201 seconds
[2025-01-03T21:43:15.023+0100] {processor.py:186} INFO - Started process (PID=84127) to work on /Users/azeez.ganiyu/airflow_venv/lib/python3.9/site-packages/airflow/example_dags/example_skip_dag.py
[2025-01-03T21:43:15.027+0100] {processor.py:914} INFO - Processing file /Users/azeez.ganiyu/airflow_venv/lib/python3.9/site-packages/airflow/example_dags/example_skip_dag.py for tasks to queue
[2025-01-03T21:43:15.028+0100] {logging_mixin.py:190} INFO - [2025-01-03T21:43:15.028+0100] {dagbag.py:588} INFO - Filling up the DagBag from /Users/azeez.ganiyu/airflow_venv/lib/python3.9/site-packages/airflow/example_dags/example_skip_dag.py
[2025-01-03T21:43:15.041+0100] {processor.py:925} INFO - DAG(s) 'example_skip_dag' retrieved from /Users/azeez.ganiyu/airflow_venv/lib/python3.9/site-packages/airflow/example_dags/example_skip_dag.py
[2025-01-03T21:43:15.181+0100] {logging_mixin.py:190} INFO - [2025-01-03T21:43:15.181+0100] {dag.py:3239} INFO - Sync 1 DAGs
[2025-01-03T21:43:15.199+0100] {logging_mixin.py:190} INFO - [2025-01-03T21:43:15.199+0100] {dag.py:4180} INFO - Setting next_dagrun for example_skip_dag to 2025-01-02 00:00:00+00:00, run_after=2025-01-03 00:00:00+00:00
[2025-01-03T21:43:15.220+0100] {processor.py:208} INFO - Processing /Users/azeez.ganiyu/airflow_venv/lib/python3.9/site-packages/airflow/example_dags/example_skip_dag.py took 0.205 seconds
[2025-01-03T21:46:24.836+0100] {processor.py:186} INFO - Started process (PID=85742) to work on /Users/azeez.ganiyu/airflow_venv/lib/python3.9/site-packages/airflow/example_dags/example_skip_dag.py
[2025-01-03T21:46:24.841+0100] {processor.py:914} INFO - Processing file /Users/azeez.ganiyu/airflow_venv/lib/python3.9/site-packages/airflow/example_dags/example_skip_dag.py for tasks to queue
[2025-01-03T21:46:24.842+0100] {logging_mixin.py:190} INFO - [2025-01-03T21:46:24.842+0100] {dagbag.py:588} INFO - Filling up the DagBag from /Users/azeez.ganiyu/airflow_venv/lib/python3.9/site-packages/airflow/example_dags/example_skip_dag.py
[2025-01-03T21:46:24.858+0100] {processor.py:925} INFO - DAG(s) 'example_skip_dag' retrieved from /Users/azeez.ganiyu/airflow_venv/lib/python3.9/site-packages/airflow/example_dags/example_skip_dag.py
[2025-01-03T21:46:25.024+0100] {logging_mixin.py:190} INFO - [2025-01-03T21:46:25.024+0100] {dag.py:3239} INFO - Sync 1 DAGs
[2025-01-03T21:46:25.050+0100] {logging_mixin.py:190} INFO - [2025-01-03T21:46:25.049+0100] {dag.py:4180} INFO - Setting next_dagrun for example_skip_dag to 2025-01-02 00:00:00+00:00, run_after=2025-01-03 00:00:00+00:00
[2025-01-03T21:46:25.074+0100] {processor.py:208} INFO - Processing /Users/azeez.ganiyu/airflow_venv/lib/python3.9/site-packages/airflow/example_dags/example_skip_dag.py took 0.246 seconds
[2025-01-03T21:49:38.164+0100] {processor.py:186} INFO - Started process (PID=86874) to work on /Users/azeez.ganiyu/airflow_venv/lib/python3.9/site-packages/airflow/example_dags/example_skip_dag.py
[2025-01-03T21:49:38.169+0100] {processor.py:914} INFO - Processing file /Users/azeez.ganiyu/airflow_venv/lib/python3.9/site-packages/airflow/example_dags/example_skip_dag.py for tasks to queue
[2025-01-03T21:49:38.170+0100] {logging_mixin.py:190} INFO - [2025-01-03T21:49:38.170+0100] {dagbag.py:588} INFO - Filling up the DagBag from /Users/azeez.ganiyu/airflow_venv/lib/python3.9/site-packages/airflow/example_dags/example_skip_dag.py
[2025-01-03T21:49:38.185+0100] {processor.py:925} INFO - DAG(s) 'example_skip_dag' retrieved from /Users/azeez.ganiyu/airflow_venv/lib/python3.9/site-packages/airflow/example_dags/example_skip_dag.py
[2025-01-03T21:49:38.326+0100] {logging_mixin.py:190} INFO - [2025-01-03T21:49:38.325+0100] {dag.py:3239} INFO - Sync 1 DAGs
[2025-01-03T21:49:38.344+0100] {logging_mixin.py:190} INFO - [2025-01-03T21:49:38.344+0100] {dag.py:4180} INFO - Setting next_dagrun for example_skip_dag to 2025-01-02 00:00:00+00:00, run_after=2025-01-03 00:00:00+00:00
[2025-01-03T21:49:38.365+0100] {processor.py:208} INFO - Processing /Users/azeez.ganiyu/airflow_venv/lib/python3.9/site-packages/airflow/example_dags/example_skip_dag.py took 0.208 seconds
