[2025-01-03T21:34:57.126+0100] {processor.py:186} INFO - Started process (PID=80607) to work on /Users/azeez.ganiyu/airflow_venv/lib/python3.9/site-packages/airflow/example_dags/example_dag_decorator.py
[2025-01-03T21:34:57.131+0100] {processor.py:914} INFO - Processing file /Users/azeez.ganiyu/airflow_venv/lib/python3.9/site-packages/airflow/example_dags/example_dag_decorator.py for tasks to queue
[2025-01-03T21:34:57.132+0100] {logging_mixin.py:190} INFO - [2025-01-03T21:34:57.132+0100] {dagbag.py:588} INFO - Filling up the DagBag from /Users/azeez.ganiyu/airflow_venv/lib/python3.9/site-packages/airflow/example_dags/example_dag_decorator.py
[2025-01-03T21:34:57.366+0100] {processor.py:925} INFO - DAG(s) 'example_dag_decorator' retrieved from /Users/azeez.ganiyu/airflow_venv/lib/python3.9/site-packages/airflow/example_dags/example_dag_decorator.py
[2025-01-03T21:34:57.616+0100] {logging_mixin.py:190} INFO - [2025-01-03T21:34:57.615+0100] {override.py:1912} INFO - Created Permission View: can edit on DAG:example_dag_decorator
[2025-01-03T21:34:57.629+0100] {logging_mixin.py:190} INFO - [2025-01-03T21:34:57.628+0100] {override.py:1912} INFO - Created Permission View: can delete on DAG:example_dag_decorator
[2025-01-03T21:34:57.636+0100] {logging_mixin.py:190} INFO - [2025-01-03T21:34:57.636+0100] {override.py:1912} INFO - Created Permission View: can read on DAG:example_dag_decorator
[2025-01-03T21:34:57.650+0100] {logging_mixin.py:190} INFO - [2025-01-03T21:34:57.650+0100] {override.py:1912} INFO - Created Permission View: menu access on DAG Run:example_dag_decorator
[2025-01-03T21:34:57.659+0100] {logging_mixin.py:190} INFO - [2025-01-03T21:34:57.659+0100] {override.py:1912} INFO - Created Permission View: can delete on DAG Run:example_dag_decorator
[2025-01-03T21:34:57.666+0100] {logging_mixin.py:190} INFO - [2025-01-03T21:34:57.666+0100] {override.py:1912} INFO - Created Permission View: can create on DAG Run:example_dag_decorator
[2025-01-03T21:34:57.676+0100] {logging_mixin.py:190} INFO - [2025-01-03T21:34:57.675+0100] {override.py:1912} INFO - Created Permission View: can read on DAG Run:example_dag_decorator
[2025-01-03T21:34:57.676+0100] {logging_mixin.py:190} INFO - [2025-01-03T21:34:57.676+0100] {dag.py:3239} INFO - Sync 1 DAGs
[2025-01-03T21:34:57.686+0100] {logging_mixin.py:190} INFO - [2025-01-03T21:34:57.686+0100] {dag.py:3262} INFO - Creating ORM DAG for example_dag_decorator
[2025-01-03T21:34:57.687+0100] {logging_mixin.py:190} INFO - [2025-01-03T21:34:57.687+0100] {dag.py:4180} INFO - Setting next_dagrun for example_dag_decorator to None, run_after=None
[2025-01-03T21:34:57.707+0100] {processor.py:208} INFO - Processing /Users/azeez.ganiyu/airflow_venv/lib/python3.9/site-packages/airflow/example_dags/example_dag_decorator.py took 0.589 seconds
[2025-01-03T21:38:42.518+0100] {processor.py:186} INFO - Started process (PID=81861) to work on /Users/azeez.ganiyu/airflow_venv/lib/python3.9/site-packages/airflow/example_dags/example_dag_decorator.py
[2025-01-03T21:38:42.523+0100] {processor.py:914} INFO - Processing file /Users/azeez.ganiyu/airflow_venv/lib/python3.9/site-packages/airflow/example_dags/example_dag_decorator.py for tasks to queue
[2025-01-03T21:38:42.524+0100] {logging_mixin.py:190} INFO - [2025-01-03T21:38:42.524+0100] {dagbag.py:588} INFO - Filling up the DagBag from /Users/azeez.ganiyu/airflow_venv/lib/python3.9/site-packages/airflow/example_dags/example_dag_decorator.py
[2025-01-03T21:38:42.810+0100] {processor.py:925} INFO - DAG(s) 'example_dag_decorator' retrieved from /Users/azeez.ganiyu/airflow_venv/lib/python3.9/site-packages/airflow/example_dags/example_dag_decorator.py
[2025-01-03T21:38:43.069+0100] {logging_mixin.py:190} INFO - [2025-01-03T21:38:43.068+0100] {dag.py:3239} INFO - Sync 1 DAGs
[2025-01-03T21:38:43.078+0100] {logging_mixin.py:190} INFO - [2025-01-03T21:38:43.078+0100] {dag.py:4180} INFO - Setting next_dagrun for example_dag_decorator to None, run_after=None
[2025-01-03T21:38:43.103+0100] {processor.py:208} INFO - Processing /Users/azeez.ganiyu/airflow_venv/lib/python3.9/site-packages/airflow/example_dags/example_dag_decorator.py took 0.593 seconds
[2025-01-03T21:44:53.569+0100] {processor.py:186} INFO - Started process (PID=84711) to work on /Users/azeez.ganiyu/airflow_venv/lib/python3.9/site-packages/airflow/example_dags/example_dag_decorator.py
[2025-01-03T21:44:53.573+0100] {processor.py:914} INFO - Processing file /Users/azeez.ganiyu/airflow_venv/lib/python3.9/site-packages/airflow/example_dags/example_dag_decorator.py for tasks to queue
[2025-01-03T21:44:53.574+0100] {logging_mixin.py:190} INFO - [2025-01-03T21:44:53.574+0100] {dagbag.py:588} INFO - Filling up the DagBag from /Users/azeez.ganiyu/airflow_venv/lib/python3.9/site-packages/airflow/example_dags/example_dag_decorator.py
[2025-01-03T21:44:53.786+0100] {processor.py:925} INFO - DAG(s) 'example_dag_decorator' retrieved from /Users/azeez.ganiyu/airflow_venv/lib/python3.9/site-packages/airflow/example_dags/example_dag_decorator.py
[2025-01-03T21:44:54.003+0100] {logging_mixin.py:190} INFO - [2025-01-03T21:44:54.002+0100] {dag.py:3239} INFO - Sync 1 DAGs
[2025-01-03T21:44:54.011+0100] {logging_mixin.py:190} INFO - [2025-01-03T21:44:54.011+0100] {dag.py:4180} INFO - Setting next_dagrun for example_dag_decorator to None, run_after=None
[2025-01-03T21:44:54.031+0100] {processor.py:208} INFO - Processing /Users/azeez.ganiyu/airflow_venv/lib/python3.9/site-packages/airflow/example_dags/example_dag_decorator.py took 0.469 seconds
[2025-01-03T21:51:18.048+0100] {processor.py:186} INFO - Started process (PID=87439) to work on /Users/azeez.ganiyu/airflow_venv/lib/python3.9/site-packages/airflow/example_dags/example_dag_decorator.py
[2025-01-03T21:51:18.053+0100] {processor.py:914} INFO - Processing file /Users/azeez.ganiyu/airflow_venv/lib/python3.9/site-packages/airflow/example_dags/example_dag_decorator.py for tasks to queue
[2025-01-03T21:51:18.054+0100] {logging_mixin.py:190} INFO - [2025-01-03T21:51:18.054+0100] {dagbag.py:588} INFO - Filling up the DagBag from /Users/azeez.ganiyu/airflow_venv/lib/python3.9/site-packages/airflow/example_dags/example_dag_decorator.py
[2025-01-03T21:51:18.282+0100] {processor.py:925} INFO - DAG(s) 'example_dag_decorator' retrieved from /Users/azeez.ganiyu/airflow_venv/lib/python3.9/site-packages/airflow/example_dags/example_dag_decorator.py
[2025-01-03T21:51:18.521+0100] {logging_mixin.py:190} INFO - [2025-01-03T21:51:18.521+0100] {dag.py:3239} INFO - Sync 1 DAGs
[2025-01-03T21:51:18.531+0100] {logging_mixin.py:190} INFO - [2025-01-03T21:51:18.531+0100] {dag.py:4180} INFO - Setting next_dagrun for example_dag_decorator to None, run_after=None
[2025-01-03T21:51:18.553+0100] {processor.py:208} INFO - Processing /Users/azeez.ganiyu/airflow_venv/lib/python3.9/site-packages/airflow/example_dags/example_dag_decorator.py took 0.513 seconds
