[2025-01-03T21:35:25.157+0100] {processor.py:186} INFO - Started process (PID=80762) to work on /Users/azeez.ganiyu/airflow_venv/lib/python3.9/site-packages/airflow/example_dags/example_branch_datetime_operator.py
[2025-01-03T21:35:25.163+0100] {processor.py:914} INFO - Processing file /Users/azeez.ganiyu/airflow_venv/lib/python3.9/site-packages/airflow/example_dags/example_branch_datetime_operator.py for tasks to queue
[2025-01-03T21:35:25.164+0100] {logging_mixin.py:190} INFO - [2025-01-03T21:35:25.163+0100] {dagbag.py:588} INFO - Filling up the DagBag from /Users/azeez.ganiyu/airflow_venv/lib/python3.9/site-packages/airflow/example_dags/example_branch_datetime_operator.py
[2025-01-03T21:35:25.190+0100] {processor.py:925} INFO - DAG(s) 'example_branch_datetime_operator_3', 'example_branch_datetime_operator', 'example_branch_datetime_operator_2' retrieved from /Users/azeez.ganiyu/airflow_venv/lib/python3.9/site-packages/airflow/example_dags/example_branch_datetime_operator.py
[2025-01-03T21:35:25.537+0100] {logging_mixin.py:190} INFO - [2025-01-03T21:35:25.536+0100] {override.py:1912} INFO - Created Permission View: can edit on DAG:example_branch_datetime_operator_3
[2025-01-03T21:35:25.556+0100] {logging_mixin.py:190} INFO - [2025-01-03T21:35:25.556+0100] {override.py:1912} INFO - Created Permission View: can delete on DAG:example_branch_datetime_operator_3
[2025-01-03T21:35:25.566+0100] {logging_mixin.py:190} INFO - [2025-01-03T21:35:25.565+0100] {override.py:1912} INFO - Created Permission View: can read on DAG:example_branch_datetime_operator_3
[2025-01-03T21:35:25.581+0100] {logging_mixin.py:190} INFO - [2025-01-03T21:35:25.580+0100] {override.py:1912} INFO - Created Permission View: menu access on DAG Run:example_branch_datetime_operator_3
[2025-01-03T21:35:25.591+0100] {logging_mixin.py:190} INFO - [2025-01-03T21:35:25.591+0100] {override.py:1912} INFO - Created Permission View: can create on DAG Run:example_branch_datetime_operator_3
[2025-01-03T21:35:25.602+0100] {logging_mixin.py:190} INFO - [2025-01-03T21:35:25.602+0100] {override.py:1912} INFO - Created Permission View: can delete on DAG Run:example_branch_datetime_operator_3
[2025-01-03T21:35:25.615+0100] {logging_mixin.py:190} INFO - [2025-01-03T21:35:25.615+0100] {override.py:1912} INFO - Created Permission View: can read on DAG Run:example_branch_datetime_operator_3
[2025-01-03T21:35:25.634+0100] {logging_mixin.py:190} INFO - [2025-01-03T21:35:25.633+0100] {override.py:1912} INFO - Created Permission View: can edit on DAG:example_branch_datetime_operator
[2025-01-03T21:35:25.642+0100] {logging_mixin.py:190} INFO - [2025-01-03T21:35:25.641+0100] {override.py:1912} INFO - Created Permission View: can delete on DAG:example_branch_datetime_operator
[2025-01-03T21:35:25.654+0100] {logging_mixin.py:190} INFO - [2025-01-03T21:35:25.654+0100] {override.py:1912} INFO - Created Permission View: can read on DAG:example_branch_datetime_operator
[2025-01-03T21:35:25.669+0100] {logging_mixin.py:190} INFO - [2025-01-03T21:35:25.668+0100] {override.py:1912} INFO - Created Permission View: menu access on DAG Run:example_branch_datetime_operator
[2025-01-03T21:35:25.677+0100] {logging_mixin.py:190} INFO - [2025-01-03T21:35:25.676+0100] {override.py:1912} INFO - Created Permission View: can create on DAG Run:example_branch_datetime_operator
[2025-01-03T21:35:25.686+0100] {logging_mixin.py:190} INFO - [2025-01-03T21:35:25.685+0100] {override.py:1912} INFO - Created Permission View: can delete on DAG Run:example_branch_datetime_operator
[2025-01-03T21:35:25.694+0100] {logging_mixin.py:190} INFO - [2025-01-03T21:35:25.694+0100] {override.py:1912} INFO - Created Permission View: can read on DAG Run:example_branch_datetime_operator
[2025-01-03T21:35:25.714+0100] {logging_mixin.py:190} INFO - [2025-01-03T21:35:25.714+0100] {override.py:1912} INFO - Created Permission View: can edit on DAG:example_branch_datetime_operator_2
[2025-01-03T21:35:25.724+0100] {logging_mixin.py:190} INFO - [2025-01-03T21:35:25.724+0100] {override.py:1912} INFO - Created Permission View: can delete on DAG:example_branch_datetime_operator_2
[2025-01-03T21:35:25.732+0100] {logging_mixin.py:190} INFO - [2025-01-03T21:35:25.732+0100] {override.py:1912} INFO - Created Permission View: can read on DAG:example_branch_datetime_operator_2
[2025-01-03T21:35:25.745+0100] {logging_mixin.py:190} INFO - [2025-01-03T21:35:25.745+0100] {override.py:1912} INFO - Created Permission View: menu access on DAG Run:example_branch_datetime_operator_2
[2025-01-03T21:35:25.755+0100] {logging_mixin.py:190} INFO - [2025-01-03T21:35:25.755+0100] {override.py:1912} INFO - Created Permission View: can create on DAG Run:example_branch_datetime_operator_2
[2025-01-03T21:35:25.764+0100] {logging_mixin.py:190} INFO - [2025-01-03T21:35:25.764+0100] {override.py:1912} INFO - Created Permission View: can delete on DAG Run:example_branch_datetime_operator_2
[2025-01-03T21:35:25.773+0100] {logging_mixin.py:190} INFO - [2025-01-03T21:35:25.773+0100] {override.py:1912} INFO - Created Permission View: can read on DAG Run:example_branch_datetime_operator_2
[2025-01-03T21:35:25.774+0100] {logging_mixin.py:190} INFO - [2025-01-03T21:35:25.774+0100] {dag.py:3239} INFO - Sync 3 DAGs
[2025-01-03T21:35:25.785+0100] {logging_mixin.py:190} INFO - [2025-01-03T21:35:25.785+0100] {dag.py:3262} INFO - Creating ORM DAG for example_branch_datetime_operator
[2025-01-03T21:35:25.786+0100] {logging_mixin.py:190} INFO - [2025-01-03T21:35:25.786+0100] {dag.py:3262} INFO - Creating ORM DAG for example_branch_datetime_operator_2
[2025-01-03T21:35:25.787+0100] {logging_mixin.py:190} INFO - [2025-01-03T21:35:25.787+0100] {dag.py:3262} INFO - Creating ORM DAG for example_branch_datetime_operator_3
[2025-01-03T21:35:25.794+0100] {logging_mixin.py:190} INFO - [2025-01-03T21:35:25.794+0100] {dag.py:4180} INFO - Setting next_dagrun for example_branch_datetime_operator to 2025-01-02 00:00:00+00:00, run_after=2025-01-03 00:00:00+00:00
[2025-01-03T21:35:25.796+0100] {logging_mixin.py:190} INFO - [2025-01-03T21:35:25.796+0100] {dag.py:4180} INFO - Setting next_dagrun for example_branch_datetime_operator_2 to 2025-01-02 00:00:00+00:00, run_after=2025-01-03 00:00:00+00:00
[2025-01-03T21:35:25.798+0100] {logging_mixin.py:190} INFO - [2025-01-03T21:35:25.798+0100] {dag.py:4180} INFO - Setting next_dagrun for example_branch_datetime_operator_3 to 2025-01-02 00:00:00+00:00, run_after=2025-01-03 00:00:00+00:00
[2025-01-03T21:35:25.819+0100] {processor.py:208} INFO - Processing /Users/azeez.ganiyu/airflow_venv/lib/python3.9/site-packages/airflow/example_dags/example_branch_datetime_operator.py took 0.672 seconds
[2025-01-03T21:41:44.338+0100] {processor.py:186} INFO - Started process (PID=83547) to work on /Users/azeez.ganiyu/airflow_venv/lib/python3.9/site-packages/airflow/example_dags/example_branch_datetime_operator.py
[2025-01-03T21:41:44.343+0100] {processor.py:914} INFO - Processing file /Users/azeez.ganiyu/airflow_venv/lib/python3.9/site-packages/airflow/example_dags/example_branch_datetime_operator.py for tasks to queue
[2025-01-03T21:41:44.344+0100] {logging_mixin.py:190} INFO - [2025-01-03T21:41:44.343+0100] {dagbag.py:588} INFO - Filling up the DagBag from /Users/azeez.ganiyu/airflow_venv/lib/python3.9/site-packages/airflow/example_dags/example_branch_datetime_operator.py
[2025-01-03T21:41:44.367+0100] {processor.py:925} INFO - DAG(s) 'example_branch_datetime_operator', 'example_branch_datetime_operator_3', 'example_branch_datetime_operator_2' retrieved from /Users/azeez.ganiyu/airflow_venv/lib/python3.9/site-packages/airflow/example_dags/example_branch_datetime_operator.py
[2025-01-03T21:41:44.515+0100] {logging_mixin.py:190} INFO - [2025-01-03T21:41:44.515+0100] {dag.py:3239} INFO - Sync 3 DAGs
[2025-01-03T21:41:44.532+0100] {logging_mixin.py:190} INFO - [2025-01-03T21:41:44.532+0100] {dag.py:4180} INFO - Setting next_dagrun for example_branch_datetime_operator to 2025-01-02 00:00:00+00:00, run_after=2025-01-03 00:00:00+00:00
[2025-01-03T21:41:44.535+0100] {logging_mixin.py:190} INFO - [2025-01-03T21:41:44.535+0100] {dag.py:4180} INFO - Setting next_dagrun for example_branch_datetime_operator_2 to 2025-01-02 00:00:00+00:00, run_after=2025-01-03 00:00:00+00:00
[2025-01-03T21:41:44.537+0100] {logging_mixin.py:190} INFO - [2025-01-03T21:41:44.537+0100] {dag.py:4180} INFO - Setting next_dagrun for example_branch_datetime_operator_3 to 2025-01-02 00:00:00+00:00, run_after=2025-01-03 00:00:00+00:00
[2025-01-03T21:41:44.556+0100] {processor.py:208} INFO - Processing /Users/azeez.ganiyu/airflow_venv/lib/python3.9/site-packages/airflow/example_dags/example_branch_datetime_operator.py took 0.224 seconds
[2025-01-03T21:48:01.947+0100] {processor.py:186} INFO - Started process (PID=86344) to work on /Users/azeez.ganiyu/airflow_venv/lib/python3.9/site-packages/airflow/example_dags/example_branch_datetime_operator.py
[2025-01-03T21:48:01.953+0100] {processor.py:914} INFO - Processing file /Users/azeez.ganiyu/airflow_venv/lib/python3.9/site-packages/airflow/example_dags/example_branch_datetime_operator.py for tasks to queue
[2025-01-03T21:48:01.954+0100] {logging_mixin.py:190} INFO - [2025-01-03T21:48:01.953+0100] {dagbag.py:588} INFO - Filling up the DagBag from /Users/azeez.ganiyu/airflow_venv/lib/python3.9/site-packages/airflow/example_dags/example_branch_datetime_operator.py
[2025-01-03T21:48:01.984+0100] {processor.py:925} INFO - DAG(s) 'example_branch_datetime_operator_2', 'example_branch_datetime_operator_3', 'example_branch_datetime_operator' retrieved from /Users/azeez.ganiyu/airflow_venv/lib/python3.9/site-packages/airflow/example_dags/example_branch_datetime_operator.py
[2025-01-03T21:48:02.147+0100] {logging_mixin.py:190} INFO - [2025-01-03T21:48:02.147+0100] {dag.py:3239} INFO - Sync 3 DAGs
[2025-01-03T21:48:02.163+0100] {logging_mixin.py:190} INFO - [2025-01-03T21:48:02.163+0100] {dag.py:4180} INFO - Setting next_dagrun for example_branch_datetime_operator to 2025-01-02 00:00:00+00:00, run_after=2025-01-03 00:00:00+00:00
[2025-01-03T21:48:02.167+0100] {logging_mixin.py:190} INFO - [2025-01-03T21:48:02.167+0100] {dag.py:4180} INFO - Setting next_dagrun for example_branch_datetime_operator_2 to 2025-01-02 00:00:00+00:00, run_after=2025-01-03 00:00:00+00:00
[2025-01-03T21:48:02.169+0100] {logging_mixin.py:190} INFO - [2025-01-03T21:48:02.169+0100] {dag.py:4180} INFO - Setting next_dagrun for example_branch_datetime_operator_3 to 2025-01-02 00:00:00+00:00, run_after=2025-01-03 00:00:00+00:00
[2025-01-03T21:48:02.190+0100] {processor.py:208} INFO - Processing /Users/azeez.ganiyu/airflow_venv/lib/python3.9/site-packages/airflow/example_dags/example_branch_datetime_operator.py took 0.251 seconds
