[2025-01-03T21:33:55.099+0100] {processor.py:186} INFO - Started process (PID=79569) to work on /Users/azeez.ganiyu/airflow_venv/lib/python3.9/site-packages/airflow/example_dags/example_outlet_event_extra.py
[2025-01-03T21:33:55.106+0100] {processor.py:914} INFO - Processing file /Users/azeez.ganiyu/airflow_venv/lib/python3.9/site-packages/airflow/example_dags/example_outlet_event_extra.py for tasks to queue
[2025-01-03T21:33:55.107+0100] {logging_mixin.py:190} INFO - [2025-01-03T21:33:55.107+0100] {dagbag.py:588} INFO - Filling up the DagBag from /Users/azeez.ganiyu/airflow_venv/lib/python3.9/site-packages/airflow/example_dags/example_outlet_event_extra.py
[2025-01-03T21:33:55.321+0100] {processor.py:925} INFO - DAG(s) 'dataset_with_extra_by_yield', 'dataset_with_extra_by_context', 'dataset_with_extra_from_classic_operator' retrieved from /Users/azeez.ganiyu/airflow_venv/lib/python3.9/site-packages/airflow/example_dags/example_outlet_event_extra.py
[2025-01-03T21:33:55.548+0100] {logging_mixin.py:190} INFO - [2025-01-03T21:33:55.548+0100] {override.py:1912} INFO - Created Permission View: can delete on DAG:dataset_with_extra_by_yield
[2025-01-03T21:33:55.559+0100] {logging_mixin.py:190} INFO - [2025-01-03T21:33:55.559+0100] {override.py:1912} INFO - Created Permission View: can edit on DAG:dataset_with_extra_by_yield
[2025-01-03T21:33:55.567+0100] {logging_mixin.py:190} INFO - [2025-01-03T21:33:55.566+0100] {override.py:1912} INFO - Created Permission View: can read on DAG:dataset_with_extra_by_yield
[2025-01-03T21:33:55.579+0100] {logging_mixin.py:190} INFO - [2025-01-03T21:33:55.579+0100] {override.py:1912} INFO - Created Permission View: menu access on DAG Run:dataset_with_extra_by_yield
[2025-01-03T21:33:55.589+0100] {logging_mixin.py:190} INFO - [2025-01-03T21:33:55.589+0100] {override.py:1912} INFO - Created Permission View: can delete on DAG Run:dataset_with_extra_by_yield
[2025-01-03T21:33:55.597+0100] {logging_mixin.py:190} INFO - [2025-01-03T21:33:55.597+0100] {override.py:1912} INFO - Created Permission View: can read on DAG Run:dataset_with_extra_by_yield
[2025-01-03T21:33:55.606+0100] {logging_mixin.py:190} INFO - [2025-01-03T21:33:55.606+0100] {override.py:1912} INFO - Created Permission View: can create on DAG Run:dataset_with_extra_by_yield
[2025-01-03T21:33:55.623+0100] {logging_mixin.py:190} INFO - [2025-01-03T21:33:55.623+0100] {override.py:1912} INFO - Created Permission View: can delete on DAG:dataset_with_extra_by_context
[2025-01-03T21:33:55.631+0100] {logging_mixin.py:190} INFO - [2025-01-03T21:33:55.631+0100] {override.py:1912} INFO - Created Permission View: can edit on DAG:dataset_with_extra_by_context
[2025-01-03T21:33:55.647+0100] {logging_mixin.py:190} INFO - [2025-01-03T21:33:55.647+0100] {override.py:1912} INFO - Created Permission View: can read on DAG:dataset_with_extra_by_context
[2025-01-03T21:33:55.671+0100] {logging_mixin.py:190} INFO - [2025-01-03T21:33:55.671+0100] {override.py:1912} INFO - Created Permission View: menu access on DAG Run:dataset_with_extra_by_context
[2025-01-03T21:33:55.679+0100] {logging_mixin.py:190} INFO - [2025-01-03T21:33:55.679+0100] {override.py:1912} INFO - Created Permission View: can delete on DAG Run:dataset_with_extra_by_context
[2025-01-03T21:33:55.689+0100] {logging_mixin.py:190} INFO - [2025-01-03T21:33:55.689+0100] {override.py:1912} INFO - Created Permission View: can read on DAG Run:dataset_with_extra_by_context
[2025-01-03T21:33:55.698+0100] {logging_mixin.py:190} INFO - [2025-01-03T21:33:55.698+0100] {override.py:1912} INFO - Created Permission View: can create on DAG Run:dataset_with_extra_by_context
[2025-01-03T21:33:55.719+0100] {logging_mixin.py:190} INFO - [2025-01-03T21:33:55.718+0100] {override.py:1912} INFO - Created Permission View: can delete on DAG:dataset_with_extra_from_classic_operator
[2025-01-03T21:33:55.728+0100] {logging_mixin.py:190} INFO - [2025-01-03T21:33:55.727+0100] {override.py:1912} INFO - Created Permission View: can edit on DAG:dataset_with_extra_from_classic_operator
[2025-01-03T21:33:55.735+0100] {logging_mixin.py:190} INFO - [2025-01-03T21:33:55.734+0100] {override.py:1912} INFO - Created Permission View: can read on DAG:dataset_with_extra_from_classic_operator
[2025-01-03T21:33:55.747+0100] {logging_mixin.py:190} INFO - [2025-01-03T21:33:55.747+0100] {override.py:1912} INFO - Created Permission View: menu access on DAG Run:dataset_with_extra_from_classic_operator
[2025-01-03T21:33:55.757+0100] {logging_mixin.py:190} INFO - [2025-01-03T21:33:55.757+0100] {override.py:1912} INFO - Created Permission View: can delete on DAG Run:dataset_with_extra_from_classic_operator
[2025-01-03T21:33:55.765+0100] {logging_mixin.py:190} INFO - [2025-01-03T21:33:55.764+0100] {override.py:1912} INFO - Created Permission View: can read on DAG Run:dataset_with_extra_from_classic_operator
[2025-01-03T21:33:55.775+0100] {logging_mixin.py:190} INFO - [2025-01-03T21:33:55.774+0100] {override.py:1912} INFO - Created Permission View: can create on DAG Run:dataset_with_extra_from_classic_operator
[2025-01-03T21:33:55.775+0100] {logging_mixin.py:190} INFO - [2025-01-03T21:33:55.775+0100] {dag.py:3239} INFO - Sync 3 DAGs
[2025-01-03T21:33:55.786+0100] {logging_mixin.py:190} INFO - [2025-01-03T21:33:55.786+0100] {dag.py:3262} INFO - Creating ORM DAG for dataset_with_extra_from_classic_operator
[2025-01-03T21:33:55.787+0100] {logging_mixin.py:190} INFO - [2025-01-03T21:33:55.787+0100] {dag.py:3262} INFO - Creating ORM DAG for dataset_with_extra_by_yield
[2025-01-03T21:33:55.787+0100] {logging_mixin.py:190} INFO - [2025-01-03T21:33:55.787+0100] {dag.py:3262} INFO - Creating ORM DAG for dataset_with_extra_by_context
[2025-01-03T21:33:55.796+0100] {logging_mixin.py:190} INFO - [2025-01-03T21:33:55.795+0100] {dag.py:4180} INFO - Setting next_dagrun for dataset_with_extra_by_context to 2025-01-02 00:00:00+00:00, run_after=2025-01-03 00:00:00+00:00
[2025-01-03T21:33:55.797+0100] {logging_mixin.py:190} INFO - [2025-01-03T21:33:55.797+0100] {dag.py:4180} INFO - Setting next_dagrun for dataset_with_extra_by_yield to 2025-01-02 00:00:00+00:00, run_after=2025-01-03 00:00:00+00:00
[2025-01-03T21:33:55.799+0100] {logging_mixin.py:190} INFO - [2025-01-03T21:33:55.799+0100] {dag.py:4180} INFO - Setting next_dagrun for dataset_with_extra_from_classic_operator to 2025-01-02 00:00:00+00:00, run_after=2025-01-03 00:00:00+00:00
[2025-01-03T21:33:55.818+0100] {logging_mixin.py:190} INFO - [2025-01-03T21:33:55.818+0100] {workday.py:41} WARNING - Could not import pandas. Holidays will not be considered.
[2025-01-03T21:33:55.835+0100] {processor.py:208} INFO - Processing /Users/azeez.ganiyu/airflow_venv/lib/python3.9/site-packages/airflow/example_dags/example_outlet_event_extra.py took 0.744 seconds
[2025-01-03T21:37:49.089+0100] {processor.py:186} INFO - Started process (PID=81576) to work on /Users/azeez.ganiyu/airflow_venv/lib/python3.9/site-packages/airflow/example_dags/example_outlet_event_extra.py
[2025-01-03T21:37:49.094+0100] {processor.py:914} INFO - Processing file /Users/azeez.ganiyu/airflow_venv/lib/python3.9/site-packages/airflow/example_dags/example_outlet_event_extra.py for tasks to queue
[2025-01-03T21:37:49.096+0100] {logging_mixin.py:190} INFO - [2025-01-03T21:37:49.095+0100] {dagbag.py:588} INFO - Filling up the DagBag from /Users/azeez.ganiyu/airflow_venv/lib/python3.9/site-packages/airflow/example_dags/example_outlet_event_extra.py
[2025-01-03T21:37:49.299+0100] {processor.py:925} INFO - DAG(s) 'dataset_with_extra_by_yield', 'dataset_with_extra_from_classic_operator', 'dataset_with_extra_by_context' retrieved from /Users/azeez.ganiyu/airflow_venv/lib/python3.9/site-packages/airflow/example_dags/example_outlet_event_extra.py
[2025-01-03T21:37:49.405+0100] {logging_mixin.py:190} INFO - [2025-01-03T21:37:49.405+0100] {dag.py:3239} INFO - Sync 3 DAGs
[2025-01-03T21:37:49.421+0100] {logging_mixin.py:190} INFO - [2025-01-03T21:37:49.421+0100] {dag.py:4180} INFO - Setting next_dagrun for dataset_with_extra_by_context to 2025-01-02 00:00:00+00:00, run_after=2025-01-03 00:00:00+00:00
[2025-01-03T21:37:49.425+0100] {logging_mixin.py:190} INFO - [2025-01-03T21:37:49.425+0100] {dag.py:4180} INFO - Setting next_dagrun for dataset_with_extra_by_yield to 2025-01-02 00:00:00+00:00, run_after=2025-01-03 00:00:00+00:00
[2025-01-03T21:37:49.427+0100] {logging_mixin.py:190} INFO - [2025-01-03T21:37:49.427+0100] {dag.py:4180} INFO - Setting next_dagrun for dataset_with_extra_from_classic_operator to 2025-01-02 00:00:00+00:00, run_after=2025-01-03 00:00:00+00:00
[2025-01-03T21:37:49.448+0100] {processor.py:208} INFO - Processing /Users/azeez.ganiyu/airflow_venv/lib/python3.9/site-packages/airflow/example_dags/example_outlet_event_extra.py took 0.367 seconds
[2025-01-03T21:40:56.707+0100] {processor.py:186} INFO - Started process (PID=83275) to work on /Users/azeez.ganiyu/airflow_venv/lib/python3.9/site-packages/airflow/example_dags/example_outlet_event_extra.py
[2025-01-03T21:40:56.713+0100] {processor.py:914} INFO - Processing file /Users/azeez.ganiyu/airflow_venv/lib/python3.9/site-packages/airflow/example_dags/example_outlet_event_extra.py for tasks to queue
[2025-01-03T21:40:56.715+0100] {logging_mixin.py:190} INFO - [2025-01-03T21:40:56.715+0100] {dagbag.py:588} INFO - Filling up the DagBag from /Users/azeez.ganiyu/airflow_venv/lib/python3.9/site-packages/airflow/example_dags/example_outlet_event_extra.py
[2025-01-03T21:40:56.927+0100] {processor.py:925} INFO - DAG(s) 'dataset_with_extra_by_context', 'dataset_with_extra_from_classic_operator', 'dataset_with_extra_by_yield' retrieved from /Users/azeez.ganiyu/airflow_venv/lib/python3.9/site-packages/airflow/example_dags/example_outlet_event_extra.py
[2025-01-03T21:40:57.072+0100] {logging_mixin.py:190} INFO - [2025-01-03T21:40:57.071+0100] {dag.py:3239} INFO - Sync 3 DAGs
[2025-01-03T21:40:57.096+0100] {logging_mixin.py:190} INFO - [2025-01-03T21:40:57.096+0100] {dag.py:4180} INFO - Setting next_dagrun for dataset_with_extra_by_context to 2025-01-02 00:00:00+00:00, run_after=2025-01-03 00:00:00+00:00
[2025-01-03T21:40:57.103+0100] {logging_mixin.py:190} INFO - [2025-01-03T21:40:57.102+0100] {dag.py:4180} INFO - Setting next_dagrun for dataset_with_extra_by_yield to 2025-01-02 00:00:00+00:00, run_after=2025-01-03 00:00:00+00:00
[2025-01-03T21:40:57.106+0100] {logging_mixin.py:190} INFO - [2025-01-03T21:40:57.106+0100] {dag.py:4180} INFO - Setting next_dagrun for dataset_with_extra_from_classic_operator to 2025-01-02 00:00:00+00:00, run_after=2025-01-03 00:00:00+00:00
[2025-01-03T21:40:57.130+0100] {processor.py:208} INFO - Processing /Users/azeez.ganiyu/airflow_venv/lib/python3.9/site-packages/airflow/example_dags/example_outlet_event_extra.py took 0.431 seconds
[2025-01-03T21:44:01.053+0100] {processor.py:186} INFO - Started process (PID=84390) to work on /Users/azeez.ganiyu/airflow_venv/lib/python3.9/site-packages/airflow/example_dags/example_outlet_event_extra.py
[2025-01-03T21:44:01.060+0100] {processor.py:914} INFO - Processing file /Users/azeez.ganiyu/airflow_venv/lib/python3.9/site-packages/airflow/example_dags/example_outlet_event_extra.py for tasks to queue
[2025-01-03T21:44:01.061+0100] {logging_mixin.py:190} INFO - [2025-01-03T21:44:01.061+0100] {dagbag.py:588} INFO - Filling up the DagBag from /Users/azeez.ganiyu/airflow_venv/lib/python3.9/site-packages/airflow/example_dags/example_outlet_event_extra.py
[2025-01-03T21:44:01.275+0100] {processor.py:925} INFO - DAG(s) 'dataset_with_extra_by_yield', 'dataset_with_extra_from_classic_operator', 'dataset_with_extra_by_context' retrieved from /Users/azeez.ganiyu/airflow_venv/lib/python3.9/site-packages/airflow/example_dags/example_outlet_event_extra.py
[2025-01-03T21:44:01.370+0100] {logging_mixin.py:190} INFO - [2025-01-03T21:44:01.370+0100] {dag.py:3239} INFO - Sync 3 DAGs
[2025-01-03T21:44:01.385+0100] {logging_mixin.py:190} INFO - [2025-01-03T21:44:01.385+0100] {dag.py:4180} INFO - Setting next_dagrun for dataset_with_extra_by_context to 2025-01-02 00:00:00+00:00, run_after=2025-01-03 00:00:00+00:00
[2025-01-03T21:44:01.388+0100] {logging_mixin.py:190} INFO - [2025-01-03T21:44:01.388+0100] {dag.py:4180} INFO - Setting next_dagrun for dataset_with_extra_by_yield to 2025-01-02 00:00:00+00:00, run_after=2025-01-03 00:00:00+00:00
[2025-01-03T21:44:01.390+0100] {logging_mixin.py:190} INFO - [2025-01-03T21:44:01.390+0100] {dag.py:4180} INFO - Setting next_dagrun for dataset_with_extra_from_classic_operator to 2025-01-02 00:00:00+00:00, run_after=2025-01-03 00:00:00+00:00
[2025-01-03T21:44:01.413+0100] {processor.py:208} INFO - Processing /Users/azeez.ganiyu/airflow_venv/lib/python3.9/site-packages/airflow/example_dags/example_outlet_event_extra.py took 0.367 seconds
[2025-01-03T21:47:11.642+0100] {processor.py:186} INFO - Started process (PID=86045) to work on /Users/azeez.ganiyu/airflow_venv/lib/python3.9/site-packages/airflow/example_dags/example_outlet_event_extra.py
[2025-01-03T21:47:11.646+0100] {processor.py:914} INFO - Processing file /Users/azeez.ganiyu/airflow_venv/lib/python3.9/site-packages/airflow/example_dags/example_outlet_event_extra.py for tasks to queue
[2025-01-03T21:47:11.648+0100] {logging_mixin.py:190} INFO - [2025-01-03T21:47:11.648+0100] {dagbag.py:588} INFO - Filling up the DagBag from /Users/azeez.ganiyu/airflow_venv/lib/python3.9/site-packages/airflow/example_dags/example_outlet_event_extra.py
[2025-01-03T21:47:11.857+0100] {processor.py:925} INFO - DAG(s) 'dataset_with_extra_from_classic_operator', 'dataset_with_extra_by_context', 'dataset_with_extra_by_yield' retrieved from /Users/azeez.ganiyu/airflow_venv/lib/python3.9/site-packages/airflow/example_dags/example_outlet_event_extra.py
[2025-01-03T21:47:11.961+0100] {logging_mixin.py:190} INFO - [2025-01-03T21:47:11.961+0100] {dag.py:3239} INFO - Sync 3 DAGs
[2025-01-03T21:47:11.979+0100] {logging_mixin.py:190} INFO - [2025-01-03T21:47:11.978+0100] {dag.py:4180} INFO - Setting next_dagrun for dataset_with_extra_by_context to 2025-01-02 00:00:00+00:00, run_after=2025-01-03 00:00:00+00:00
[2025-01-03T21:47:11.983+0100] {logging_mixin.py:190} INFO - [2025-01-03T21:47:11.983+0100] {dag.py:4180} INFO - Setting next_dagrun for dataset_with_extra_by_yield to 2025-01-02 00:00:00+00:00, run_after=2025-01-03 00:00:00+00:00
[2025-01-03T21:47:11.985+0100] {logging_mixin.py:190} INFO - [2025-01-03T21:47:11.985+0100] {dag.py:4180} INFO - Setting next_dagrun for dataset_with_extra_from_classic_operator to 2025-01-02 00:00:00+00:00, run_after=2025-01-03 00:00:00+00:00
[2025-01-03T21:47:12.007+0100] {processor.py:208} INFO - Processing /Users/azeez.ganiyu/airflow_venv/lib/python3.9/site-packages/airflow/example_dags/example_outlet_event_extra.py took 0.373 seconds
[2025-01-03T21:50:25.269+0100] {processor.py:186} INFO - Started process (PID=87135) to work on /Users/azeez.ganiyu/airflow_venv/lib/python3.9/site-packages/airflow/example_dags/example_outlet_event_extra.py
[2025-01-03T21:50:25.274+0100] {processor.py:914} INFO - Processing file /Users/azeez.ganiyu/airflow_venv/lib/python3.9/site-packages/airflow/example_dags/example_outlet_event_extra.py for tasks to queue
[2025-01-03T21:50:25.275+0100] {logging_mixin.py:190} INFO - [2025-01-03T21:50:25.275+0100] {dagbag.py:588} INFO - Filling up the DagBag from /Users/azeez.ganiyu/airflow_venv/lib/python3.9/site-packages/airflow/example_dags/example_outlet_event_extra.py
[2025-01-03T21:50:25.473+0100] {processor.py:925} INFO - DAG(s) 'dataset_with_extra_from_classic_operator', 'dataset_with_extra_by_yield', 'dataset_with_extra_by_context' retrieved from /Users/azeez.ganiyu/airflow_venv/lib/python3.9/site-packages/airflow/example_dags/example_outlet_event_extra.py
[2025-01-03T21:50:25.567+0100] {logging_mixin.py:190} INFO - [2025-01-03T21:50:25.567+0100] {dag.py:3239} INFO - Sync 3 DAGs
[2025-01-03T21:50:25.582+0100] {logging_mixin.py:190} INFO - [2025-01-03T21:50:25.582+0100] {dag.py:4180} INFO - Setting next_dagrun for dataset_with_extra_by_context to 2025-01-02 00:00:00+00:00, run_after=2025-01-03 00:00:00+00:00
[2025-01-03T21:50:25.585+0100] {logging_mixin.py:190} INFO - [2025-01-03T21:50:25.585+0100] {dag.py:4180} INFO - Setting next_dagrun for dataset_with_extra_by_yield to 2025-01-02 00:00:00+00:00, run_after=2025-01-03 00:00:00+00:00
[2025-01-03T21:50:25.587+0100] {logging_mixin.py:190} INFO - [2025-01-03T21:50:25.587+0100] {dag.py:4180} INFO - Setting next_dagrun for dataset_with_extra_from_classic_operator to 2025-01-02 00:00:00+00:00, run_after=2025-01-03 00:00:00+00:00
[2025-01-03T21:50:25.610+0100] {processor.py:208} INFO - Processing /Users/azeez.ganiyu/airflow_venv/lib/python3.9/site-packages/airflow/example_dags/example_outlet_event_extra.py took 0.349 seconds
