[2025-01-03T21:34:15.748+0100] {processor.py:186} INFO - Started process (PID=79675) to work on /Users/azeez.ganiyu/airflow_venv/lib/python3.9/site-packages/airflow/example_dags/example_kubernetes_executor.py
[2025-01-03T21:34:15.756+0100] {processor.py:914} INFO - Processing file /Users/azeez.ganiyu/airflow_venv/lib/python3.9/site-packages/airflow/example_dags/example_kubernetes_executor.py for tasks to queue
[2025-01-03T21:34:15.758+0100] {logging_mixin.py:190} INFO - [2025-01-03T21:34:15.758+0100] {dagbag.py:588} INFO - Filling up the DagBag from /Users/azeez.ganiyu/airflow_venv/lib/python3.9/site-packages/airflow/example_dags/example_kubernetes_executor.py
[2025-01-03T21:34:15.816+0100] {logging_mixin.py:190} INFO - [2025-01-03T21:34:15.816+0100] {example_kubernetes_executor.py:39} WARNING - The example_kubernetes_executor example DAG requires the kubernetes provider. Please install it with: pip install apache-airflow[cncf.kubernetes]
[2025-01-03T21:34:15.816+0100] {processor.py:927} WARNING - No viable dags retrieved from /Users/azeez.ganiyu/airflow_venv/lib/python3.9/site-packages/airflow/example_dags/example_kubernetes_executor.py
[2025-01-03T21:34:15.948+0100] {processor.py:208} INFO - Processing /Users/azeez.ganiyu/airflow_venv/lib/python3.9/site-packages/airflow/example_dags/example_kubernetes_executor.py took 0.207 seconds
[2025-01-03T21:38:07.600+0100] {processor.py:186} INFO - Started process (PID=81683) to work on /Users/azeez.ganiyu/airflow_venv/lib/python3.9/site-packages/airflow/example_dags/example_kubernetes_executor.py
[2025-01-03T21:38:07.605+0100] {processor.py:914} INFO - Processing file /Users/azeez.ganiyu/airflow_venv/lib/python3.9/site-packages/airflow/example_dags/example_kubernetes_executor.py for tasks to queue
[2025-01-03T21:38:07.606+0100] {logging_mixin.py:190} INFO - [2025-01-03T21:38:07.606+0100] {dagbag.py:588} INFO - Filling up the DagBag from /Users/azeez.ganiyu/airflow_venv/lib/python3.9/site-packages/airflow/example_dags/example_kubernetes_executor.py
[2025-01-03T21:38:07.657+0100] {logging_mixin.py:190} INFO - [2025-01-03T21:38:07.657+0100] {example_kubernetes_executor.py:39} WARNING - The example_kubernetes_executor example DAG requires the kubernetes provider. Please install it with: pip install apache-airflow[cncf.kubernetes]
[2025-01-03T21:38:07.658+0100] {processor.py:927} WARNING - No viable dags retrieved from /Users/azeez.ganiyu/airflow_venv/lib/python3.9/site-packages/airflow/example_dags/example_kubernetes_executor.py
[2025-01-03T21:38:07.775+0100] {processor.py:208} INFO - Processing /Users/azeez.ganiyu/airflow_venv/lib/python3.9/site-packages/airflow/example_dags/example_kubernetes_executor.py took 0.183 seconds
[2025-01-03T21:41:14.731+0100] {processor.py:186} INFO - Started process (PID=83377) to work on /Users/azeez.ganiyu/airflow_venv/lib/python3.9/site-packages/airflow/example_dags/example_kubernetes_executor.py
[2025-01-03T21:41:14.736+0100] {processor.py:914} INFO - Processing file /Users/azeez.ganiyu/airflow_venv/lib/python3.9/site-packages/airflow/example_dags/example_kubernetes_executor.py for tasks to queue
[2025-01-03T21:41:14.737+0100] {logging_mixin.py:190} INFO - [2025-01-03T21:41:14.737+0100] {dagbag.py:588} INFO - Filling up the DagBag from /Users/azeez.ganiyu/airflow_venv/lib/python3.9/site-packages/airflow/example_dags/example_kubernetes_executor.py
[2025-01-03T21:41:14.788+0100] {logging_mixin.py:190} INFO - [2025-01-03T21:41:14.788+0100] {example_kubernetes_executor.py:39} WARNING - The example_kubernetes_executor example DAG requires the kubernetes provider. Please install it with: pip install apache-airflow[cncf.kubernetes]
[2025-01-03T21:41:14.788+0100] {processor.py:927} WARNING - No viable dags retrieved from /Users/azeez.ganiyu/airflow_venv/lib/python3.9/site-packages/airflow/example_dags/example_kubernetes_executor.py
[2025-01-03T21:41:14.908+0100] {processor.py:208} INFO - Processing /Users/azeez.ganiyu/airflow_venv/lib/python3.9/site-packages/airflow/example_dags/example_kubernetes_executor.py took 0.183 seconds
[2025-01-03T21:44:20.641+0100] {processor.py:186} INFO - Started process (PID=84514) to work on /Users/azeez.ganiyu/airflow_venv/lib/python3.9/site-packages/airflow/example_dags/example_kubernetes_executor.py
[2025-01-03T21:44:20.645+0100] {processor.py:914} INFO - Processing file /Users/azeez.ganiyu/airflow_venv/lib/python3.9/site-packages/airflow/example_dags/example_kubernetes_executor.py for tasks to queue
[2025-01-03T21:44:20.646+0100] {logging_mixin.py:190} INFO - [2025-01-03T21:44:20.646+0100] {dagbag.py:588} INFO - Filling up the DagBag from /Users/azeez.ganiyu/airflow_venv/lib/python3.9/site-packages/airflow/example_dags/example_kubernetes_executor.py
[2025-01-03T21:44:20.700+0100] {logging_mixin.py:190} INFO - [2025-01-03T21:44:20.700+0100] {example_kubernetes_executor.py:39} WARNING - The example_kubernetes_executor example DAG requires the kubernetes provider. Please install it with: pip install apache-airflow[cncf.kubernetes]
[2025-01-03T21:44:20.700+0100] {processor.py:927} WARNING - No viable dags retrieved from /Users/azeez.ganiyu/airflow_venv/lib/python3.9/site-packages/airflow/example_dags/example_kubernetes_executor.py
[2025-01-03T21:44:20.818+0100] {processor.py:208} INFO - Processing /Users/azeez.ganiyu/airflow_venv/lib/python3.9/site-packages/airflow/example_dags/example_kubernetes_executor.py took 0.184 seconds
[2025-01-03T21:47:30.855+0100] {processor.py:186} INFO - Started process (PID=86152) to work on /Users/azeez.ganiyu/airflow_venv/lib/python3.9/site-packages/airflow/example_dags/example_kubernetes_executor.py
[2025-01-03T21:47:30.859+0100] {processor.py:914} INFO - Processing file /Users/azeez.ganiyu/airflow_venv/lib/python3.9/site-packages/airflow/example_dags/example_kubernetes_executor.py for tasks to queue
[2025-01-03T21:47:30.860+0100] {logging_mixin.py:190} INFO - [2025-01-03T21:47:30.860+0100] {dagbag.py:588} INFO - Filling up the DagBag from /Users/azeez.ganiyu/airflow_venv/lib/python3.9/site-packages/airflow/example_dags/example_kubernetes_executor.py
[2025-01-03T21:47:30.912+0100] {logging_mixin.py:190} INFO - [2025-01-03T21:47:30.912+0100] {example_kubernetes_executor.py:39} WARNING - The example_kubernetes_executor example DAG requires the kubernetes provider. Please install it with: pip install apache-airflow[cncf.kubernetes]
[2025-01-03T21:47:30.913+0100] {processor.py:927} WARNING - No viable dags retrieved from /Users/azeez.ganiyu/airflow_venv/lib/python3.9/site-packages/airflow/example_dags/example_kubernetes_executor.py
[2025-01-03T21:47:31.050+0100] {processor.py:208} INFO - Processing /Users/azeez.ganiyu/airflow_venv/lib/python3.9/site-packages/airflow/example_dags/example_kubernetes_executor.py took 0.202 seconds
[2025-01-03T21:50:50.913+0100] {processor.py:186} INFO - Started process (PID=87273) to work on /Users/azeez.ganiyu/airflow_venv/lib/python3.9/site-packages/airflow/example_dags/example_kubernetes_executor.py
[2025-01-03T21:50:50.920+0100] {processor.py:914} INFO - Processing file /Users/azeez.ganiyu/airflow_venv/lib/python3.9/site-packages/airflow/example_dags/example_kubernetes_executor.py for tasks to queue
[2025-01-03T21:50:50.921+0100] {logging_mixin.py:190} INFO - [2025-01-03T21:50:50.921+0100] {dagbag.py:588} INFO - Filling up the DagBag from /Users/azeez.ganiyu/airflow_venv/lib/python3.9/site-packages/airflow/example_dags/example_kubernetes_executor.py
[2025-01-03T21:50:50.980+0100] {logging_mixin.py:190} INFO - [2025-01-03T21:50:50.980+0100] {example_kubernetes_executor.py:39} WARNING - The example_kubernetes_executor example DAG requires the kubernetes provider. Please install it with: pip install apache-airflow[cncf.kubernetes]
[2025-01-03T21:50:50.980+0100] {processor.py:927} WARNING - No viable dags retrieved from /Users/azeez.ganiyu/airflow_venv/lib/python3.9/site-packages/airflow/example_dags/example_kubernetes_executor.py
[2025-01-03T21:50:51.119+0100] {processor.py:208} INFO - Processing /Users/azeez.ganiyu/airflow_venv/lib/python3.9/site-packages/airflow/example_dags/example_kubernetes_executor.py took 0.214 seconds
