[2025-01-03T21:34:48.311+0100] {processor.py:186} INFO - Started process (PID=80555) to work on /Users/azeez.ganiyu/airflow_venv/lib/python3.9/site-packages/airflow/example_dags/example_dataset_alias_with_no_taskflow.py
[2025-01-03T21:34:48.316+0100] {processor.py:914} INFO - Processing file /Users/azeez.ganiyu/airflow_venv/lib/python3.9/site-packages/airflow/example_dags/example_dataset_alias_with_no_taskflow.py for tasks to queue
[2025-01-03T21:34:48.317+0100] {logging_mixin.py:190} INFO - [2025-01-03T21:34:48.317+0100] {dagbag.py:588} INFO - Filling up the DagBag from /Users/azeez.ganiyu/airflow_venv/lib/python3.9/site-packages/airflow/example_dags/example_dataset_alias_with_no_taskflow.py
[2025-01-03T21:34:48.574+0100] {processor.py:925} INFO - DAG(s) 'dataset_alias_example_alias_consumer_with_no_taskflow', 'dataset_alias_example_alias_producer_with_no_taskflow', 'dataset_s3_bucket_consumer_with_no_taskflow', 'dataset_s3_bucket_producer_with_no_taskflow' retrieved from /Users/azeez.ganiyu/airflow_venv/lib/python3.9/site-packages/airflow/example_dags/example_dataset_alias_with_no_taskflow.py
[2025-01-03T21:34:48.719+0100] {logging_mixin.py:190} INFO - [2025-01-03T21:34:48.718+0100] {override.py:1912} INFO - Created Permission View: can delete on DAG:dataset_alias_example_alias_consumer_with_no_taskflow
[2025-01-03T21:34:48.731+0100] {logging_mixin.py:190} INFO - [2025-01-03T21:34:48.731+0100] {override.py:1912} INFO - Created Permission View: can read on DAG:dataset_alias_example_alias_consumer_with_no_taskflow
[2025-01-03T21:34:48.739+0100] {logging_mixin.py:190} INFO - [2025-01-03T21:34:48.739+0100] {override.py:1912} INFO - Created Permission View: can edit on DAG:dataset_alias_example_alias_consumer_with_no_taskflow
[2025-01-03T21:34:48.753+0100] {logging_mixin.py:190} INFO - [2025-01-03T21:34:48.753+0100] {override.py:1912} INFO - Created Permission View: can create on DAG Run:dataset_alias_example_alias_consumer_with_no_taskflow
[2025-01-03T21:34:48.763+0100] {logging_mixin.py:190} INFO - [2025-01-03T21:34:48.762+0100] {override.py:1912} INFO - Created Permission View: can delete on DAG Run:dataset_alias_example_alias_consumer_with_no_taskflow
[2025-01-03T21:34:48.771+0100] {logging_mixin.py:190} INFO - [2025-01-03T21:34:48.770+0100] {override.py:1912} INFO - Created Permission View: menu access on DAG Run:dataset_alias_example_alias_consumer_with_no_taskflow
[2025-01-03T21:34:48.780+0100] {logging_mixin.py:190} INFO - [2025-01-03T21:34:48.780+0100] {override.py:1912} INFO - Created Permission View: can read on DAG Run:dataset_alias_example_alias_consumer_with_no_taskflow
[2025-01-03T21:34:48.799+0100] {logging_mixin.py:190} INFO - [2025-01-03T21:34:48.799+0100] {override.py:1912} INFO - Created Permission View: can delete on DAG:dataset_alias_example_alias_producer_with_no_taskflow
[2025-01-03T21:34:48.809+0100] {logging_mixin.py:190} INFO - [2025-01-03T21:34:48.808+0100] {override.py:1912} INFO - Created Permission View: can read on DAG:dataset_alias_example_alias_producer_with_no_taskflow
[2025-01-03T21:34:48.816+0100] {logging_mixin.py:190} INFO - [2025-01-03T21:34:48.816+0100] {override.py:1912} INFO - Created Permission View: can edit on DAG:dataset_alias_example_alias_producer_with_no_taskflow
[2025-01-03T21:34:48.829+0100] {logging_mixin.py:190} INFO - [2025-01-03T21:34:48.829+0100] {override.py:1912} INFO - Created Permission View: can create on DAG Run:dataset_alias_example_alias_producer_with_no_taskflow
[2025-01-03T21:34:48.839+0100] {logging_mixin.py:190} INFO - [2025-01-03T21:34:48.838+0100] {override.py:1912} INFO - Created Permission View: can delete on DAG Run:dataset_alias_example_alias_producer_with_no_taskflow
[2025-01-03T21:34:48.846+0100] {logging_mixin.py:190} INFO - [2025-01-03T21:34:48.846+0100] {override.py:1912} INFO - Created Permission View: menu access on DAG Run:dataset_alias_example_alias_producer_with_no_taskflow
[2025-01-03T21:34:48.856+0100] {logging_mixin.py:190} INFO - [2025-01-03T21:34:48.855+0100] {override.py:1912} INFO - Created Permission View: can read on DAG Run:dataset_alias_example_alias_producer_with_no_taskflow
[2025-01-03T21:34:48.872+0100] {logging_mixin.py:190} INFO - [2025-01-03T21:34:48.871+0100] {override.py:1912} INFO - Created Permission View: can delete on DAG:dataset_s3_bucket_consumer_with_no_taskflow
[2025-01-03T21:34:48.879+0100] {logging_mixin.py:190} INFO - [2025-01-03T21:34:48.879+0100] {override.py:1912} INFO - Created Permission View: can read on DAG:dataset_s3_bucket_consumer_with_no_taskflow
[2025-01-03T21:34:48.888+0100] {logging_mixin.py:190} INFO - [2025-01-03T21:34:48.888+0100] {override.py:1912} INFO - Created Permission View: can edit on DAG:dataset_s3_bucket_consumer_with_no_taskflow
[2025-01-03T21:34:48.901+0100] {logging_mixin.py:190} INFO - [2025-01-03T21:34:48.901+0100] {override.py:1912} INFO - Created Permission View: can create on DAG Run:dataset_s3_bucket_consumer_with_no_taskflow
[2025-01-03T21:34:48.909+0100] {logging_mixin.py:190} INFO - [2025-01-03T21:34:48.909+0100] {override.py:1912} INFO - Created Permission View: can delete on DAG Run:dataset_s3_bucket_consumer_with_no_taskflow
[2025-01-03T21:34:48.919+0100] {logging_mixin.py:190} INFO - [2025-01-03T21:34:48.919+0100] {override.py:1912} INFO - Created Permission View: menu access on DAG Run:dataset_s3_bucket_consumer_with_no_taskflow
[2025-01-03T21:34:48.928+0100] {logging_mixin.py:190} INFO - [2025-01-03T21:34:48.928+0100] {override.py:1912} INFO - Created Permission View: can read on DAG Run:dataset_s3_bucket_consumer_with_no_taskflow
[2025-01-03T21:34:48.944+0100] {logging_mixin.py:190} INFO - [2025-01-03T21:34:48.944+0100] {override.py:1912} INFO - Created Permission View: can delete on DAG:dataset_s3_bucket_producer_with_no_taskflow
[2025-01-03T21:34:48.953+0100] {logging_mixin.py:190} INFO - [2025-01-03T21:34:48.953+0100] {override.py:1912} INFO - Created Permission View: can read on DAG:dataset_s3_bucket_producer_with_no_taskflow
[2025-01-03T21:34:48.962+0100] {logging_mixin.py:190} INFO - [2025-01-03T21:34:48.961+0100] {override.py:1912} INFO - Created Permission View: can edit on DAG:dataset_s3_bucket_producer_with_no_taskflow
[2025-01-03T21:34:48.975+0100] {logging_mixin.py:190} INFO - [2025-01-03T21:34:48.975+0100] {override.py:1912} INFO - Created Permission View: can create on DAG Run:dataset_s3_bucket_producer_with_no_taskflow
[2025-01-03T21:34:48.984+0100] {logging_mixin.py:190} INFO - [2025-01-03T21:34:48.984+0100] {override.py:1912} INFO - Created Permission View: can delete on DAG Run:dataset_s3_bucket_producer_with_no_taskflow
[2025-01-03T21:34:48.992+0100] {logging_mixin.py:190} INFO - [2025-01-03T21:34:48.991+0100] {override.py:1912} INFO - Created Permission View: menu access on DAG Run:dataset_s3_bucket_producer_with_no_taskflow
[2025-01-03T21:34:49.000+0100] {logging_mixin.py:190} INFO - [2025-01-03T21:34:49.000+0100] {override.py:1912} INFO - Created Permission View: can read on DAG Run:dataset_s3_bucket_producer_with_no_taskflow
[2025-01-03T21:34:49.001+0100] {logging_mixin.py:190} INFO - [2025-01-03T21:34:49.001+0100] {dag.py:3239} INFO - Sync 4 DAGs
[2025-01-03T21:34:49.012+0100] {logging_mixin.py:190} INFO - [2025-01-03T21:34:49.012+0100] {dag.py:3262} INFO - Creating ORM DAG for dataset_alias_example_alias_consumer_with_no_taskflow
[2025-01-03T21:34:49.012+0100] {logging_mixin.py:190} INFO - [2025-01-03T21:34:49.012+0100] {dag.py:3262} INFO - Creating ORM DAG for dataset_s3_bucket_consumer_with_no_taskflow
[2025-01-03T21:34:49.013+0100] {logging_mixin.py:190} INFO - [2025-01-03T21:34:49.013+0100] {dag.py:3262} INFO - Creating ORM DAG for dataset_s3_bucket_producer_with_no_taskflow
[2025-01-03T21:34:49.013+0100] {logging_mixin.py:190} INFO - [2025-01-03T21:34:49.013+0100] {dag.py:3262} INFO - Creating ORM DAG for dataset_alias_example_alias_producer_with_no_taskflow
[2025-01-03T21:34:49.019+0100] {logging_mixin.py:190} INFO - [2025-01-03T21:34:49.019+0100] {dag.py:4180} INFO - Setting next_dagrun for dataset_alias_example_alias_consumer_with_no_taskflow to None, run_after=None
[2025-01-03T21:34:49.020+0100] {logging_mixin.py:190} INFO - [2025-01-03T21:34:49.020+0100] {dag.py:4180} INFO - Setting next_dagrun for dataset_alias_example_alias_producer_with_no_taskflow to None, run_after=None
[2025-01-03T21:34:49.020+0100] {logging_mixin.py:190} INFO - [2025-01-03T21:34:49.020+0100] {dag.py:4180} INFO - Setting next_dagrun for dataset_s3_bucket_consumer_with_no_taskflow to None, run_after=None
[2025-01-03T21:34:49.021+0100] {logging_mixin.py:190} INFO - [2025-01-03T21:34:49.021+0100] {dag.py:4180} INFO - Setting next_dagrun for dataset_s3_bucket_producer_with_no_taskflow to None, run_after=None
[2025-01-03T21:34:49.042+0100] {logging_mixin.py:190} INFO - [2025-01-03T21:34:49.041+0100] {workday.py:41} WARNING - Could not import pandas. Holidays will not be considered.
[2025-01-03T21:34:49.061+0100] {processor.py:208} INFO - Processing /Users/azeez.ganiyu/airflow_venv/lib/python3.9/site-packages/airflow/example_dags/example_dataset_alias_with_no_taskflow.py took 0.757 seconds
[2025-01-03T21:38:34.292+0100] {processor.py:186} INFO - Started process (PID=81817) to work on /Users/azeez.ganiyu/airflow_venv/lib/python3.9/site-packages/airflow/example_dags/example_dataset_alias_with_no_taskflow.py
[2025-01-03T21:38:34.298+0100] {processor.py:914} INFO - Processing file /Users/azeez.ganiyu/airflow_venv/lib/python3.9/site-packages/airflow/example_dags/example_dataset_alias_with_no_taskflow.py for tasks to queue
[2025-01-03T21:38:34.300+0100] {logging_mixin.py:190} INFO - [2025-01-03T21:38:34.300+0100] {dagbag.py:588} INFO - Filling up the DagBag from /Users/azeez.ganiyu/airflow_venv/lib/python3.9/site-packages/airflow/example_dags/example_dataset_alias_with_no_taskflow.py
[2025-01-03T21:38:34.629+0100] {processor.py:925} INFO - DAG(s) 'dataset_s3_bucket_consumer_with_no_taskflow', 'dataset_s3_bucket_producer_with_no_taskflow', 'dataset_alias_example_alias_consumer_with_no_taskflow', 'dataset_alias_example_alias_producer_with_no_taskflow' retrieved from /Users/azeez.ganiyu/airflow_venv/lib/python3.9/site-packages/airflow/example_dags/example_dataset_alias_with_no_taskflow.py
[2025-01-03T21:38:34.660+0100] {logging_mixin.py:190} INFO - [2025-01-03T21:38:34.660+0100] {dag.py:3239} INFO - Sync 4 DAGs
[2025-01-03T21:38:34.675+0100] {logging_mixin.py:190} INFO - [2025-01-03T21:38:34.674+0100] {dag.py:4180} INFO - Setting next_dagrun for dataset_alias_example_alias_consumer_with_no_taskflow to None, run_after=None
[2025-01-03T21:38:34.677+0100] {logging_mixin.py:190} INFO - [2025-01-03T21:38:34.676+0100] {dag.py:4180} INFO - Setting next_dagrun for dataset_alias_example_alias_producer_with_no_taskflow to None, run_after=None
[2025-01-03T21:38:34.678+0100] {logging_mixin.py:190} INFO - [2025-01-03T21:38:34.677+0100] {dag.py:4180} INFO - Setting next_dagrun for dataset_s3_bucket_consumer_with_no_taskflow to None, run_after=None
[2025-01-03T21:38:34.678+0100] {logging_mixin.py:190} INFO - [2025-01-03T21:38:34.678+0100] {dag.py:4180} INFO - Setting next_dagrun for dataset_s3_bucket_producer_with_no_taskflow to None, run_after=None
[2025-01-03T21:38:34.702+0100] {processor.py:208} INFO - Processing /Users/azeez.ganiyu/airflow_venv/lib/python3.9/site-packages/airflow/example_dags/example_dataset_alias_with_no_taskflow.py took 0.418 seconds
[2025-01-03T21:44:45.776+0100] {processor.py:186} INFO - Started process (PID=84658) to work on /Users/azeez.ganiyu/airflow_venv/lib/python3.9/site-packages/airflow/example_dags/example_dataset_alias_with_no_taskflow.py
[2025-01-03T21:44:45.784+0100] {processor.py:914} INFO - Processing file /Users/azeez.ganiyu/airflow_venv/lib/python3.9/site-packages/airflow/example_dags/example_dataset_alias_with_no_taskflow.py for tasks to queue
[2025-01-03T21:44:45.785+0100] {logging_mixin.py:190} INFO - [2025-01-03T21:44:45.785+0100] {dagbag.py:588} INFO - Filling up the DagBag from /Users/azeez.ganiyu/airflow_venv/lib/python3.9/site-packages/airflow/example_dags/example_dataset_alias_with_no_taskflow.py
[2025-01-03T21:44:46.051+0100] {processor.py:925} INFO - DAG(s) 'dataset_alias_example_alias_consumer_with_no_taskflow', 'dataset_alias_example_alias_producer_with_no_taskflow', 'dataset_s3_bucket_producer_with_no_taskflow', 'dataset_s3_bucket_consumer_with_no_taskflow' retrieved from /Users/azeez.ganiyu/airflow_venv/lib/python3.9/site-packages/airflow/example_dags/example_dataset_alias_with_no_taskflow.py
[2025-01-03T21:44:46.079+0100] {logging_mixin.py:190} INFO - [2025-01-03T21:44:46.079+0100] {dag.py:3239} INFO - Sync 4 DAGs
[2025-01-03T21:44:46.093+0100] {logging_mixin.py:190} INFO - [2025-01-03T21:44:46.093+0100] {dag.py:4180} INFO - Setting next_dagrun for dataset_alias_example_alias_consumer_with_no_taskflow to None, run_after=None
[2025-01-03T21:44:46.095+0100] {logging_mixin.py:190} INFO - [2025-01-03T21:44:46.095+0100] {dag.py:4180} INFO - Setting next_dagrun for dataset_alias_example_alias_producer_with_no_taskflow to None, run_after=None
[2025-01-03T21:44:46.096+0100] {logging_mixin.py:190} INFO - [2025-01-03T21:44:46.096+0100] {dag.py:4180} INFO - Setting next_dagrun for dataset_s3_bucket_consumer_with_no_taskflow to None, run_after=None
[2025-01-03T21:44:46.097+0100] {logging_mixin.py:190} INFO - [2025-01-03T21:44:46.097+0100] {dag.py:4180} INFO - Setting next_dagrun for dataset_s3_bucket_producer_with_no_taskflow to None, run_after=None
[2025-01-03T21:44:46.119+0100] {processor.py:208} INFO - Processing /Users/azeez.ganiyu/airflow_venv/lib/python3.9/site-packages/airflow/example_dags/example_dataset_alias_with_no_taskflow.py took 0.350 seconds
[2025-01-03T21:51:11.728+0100] {processor.py:186} INFO - Started process (PID=87402) to work on /Users/azeez.ganiyu/airflow_venv/lib/python3.9/site-packages/airflow/example_dags/example_dataset_alias_with_no_taskflow.py
[2025-01-03T21:51:11.734+0100] {processor.py:914} INFO - Processing file /Users/azeez.ganiyu/airflow_venv/lib/python3.9/site-packages/airflow/example_dags/example_dataset_alias_with_no_taskflow.py for tasks to queue
[2025-01-03T21:51:11.735+0100] {logging_mixin.py:190} INFO - [2025-01-03T21:51:11.735+0100] {dagbag.py:588} INFO - Filling up the DagBag from /Users/azeez.ganiyu/airflow_venv/lib/python3.9/site-packages/airflow/example_dags/example_dataset_alias_with_no_taskflow.py
[2025-01-03T21:51:12.029+0100] {processor.py:925} INFO - DAG(s) 'dataset_s3_bucket_consumer_with_no_taskflow', 'dataset_s3_bucket_producer_with_no_taskflow', 'dataset_alias_example_alias_producer_with_no_taskflow', 'dataset_alias_example_alias_consumer_with_no_taskflow' retrieved from /Users/azeez.ganiyu/airflow_venv/lib/python3.9/site-packages/airflow/example_dags/example_dataset_alias_with_no_taskflow.py
[2025-01-03T21:51:12.059+0100] {logging_mixin.py:190} INFO - [2025-01-03T21:51:12.059+0100] {dag.py:3239} INFO - Sync 4 DAGs
[2025-01-03T21:51:12.075+0100] {logging_mixin.py:190} INFO - [2025-01-03T21:51:12.075+0100] {dag.py:4180} INFO - Setting next_dagrun for dataset_alias_example_alias_consumer_with_no_taskflow to None, run_after=None
[2025-01-03T21:51:12.077+0100] {logging_mixin.py:190} INFO - [2025-01-03T21:51:12.077+0100] {dag.py:4180} INFO - Setting next_dagrun for dataset_alias_example_alias_producer_with_no_taskflow to None, run_after=None
[2025-01-03T21:51:12.078+0100] {logging_mixin.py:190} INFO - [2025-01-03T21:51:12.078+0100] {dag.py:4180} INFO - Setting next_dagrun for dataset_s3_bucket_consumer_with_no_taskflow to None, run_after=None
[2025-01-03T21:51:12.079+0100] {logging_mixin.py:190} INFO - [2025-01-03T21:51:12.079+0100] {dag.py:4180} INFO - Setting next_dagrun for dataset_s3_bucket_producer_with_no_taskflow to None, run_after=None
[2025-01-03T21:51:12.104+0100] {processor.py:208} INFO - Processing /Users/azeez.ganiyu/airflow_venv/lib/python3.9/site-packages/airflow/example_dags/example_dataset_alias_with_no_taskflow.py took 0.384 seconds
