[2025-01-03T21:33:51.106+0100] {processor.py:186} INFO - Started process (PID=79541) to work on /Users/azeez.ganiyu/airflow_venv/lib/python3.9/site-packages/airflow/example_dags/example_params_trigger_ui.py
[2025-01-03T21:33:51.112+0100] {processor.py:914} INFO - Processing file /Users/azeez.ganiyu/airflow_venv/lib/python3.9/site-packages/airflow/example_dags/example_params_trigger_ui.py for tasks to queue
[2025-01-03T21:33:51.113+0100] {logging_mixin.py:190} INFO - [2025-01-03T21:33:51.113+0100] {dagbag.py:588} INFO - Filling up the DagBag from /Users/azeez.ganiyu/airflow_venv/lib/python3.9/site-packages/airflow/example_dags/example_params_trigger_ui.py
[2025-01-03T21:33:51.176+0100] {processor.py:925} INFO - DAG(s) 'example_params_trigger_ui' retrieved from /Users/azeez.ganiyu/airflow_venv/lib/python3.9/site-packages/airflow/example_dags/example_params_trigger_ui.py
[2025-01-03T21:33:51.467+0100] {logging_mixin.py:190} INFO - [2025-01-03T21:33:51.467+0100] {override.py:1912} INFO - Created Permission View: can delete on DAG:example_params_trigger_ui
[2025-01-03T21:33:51.479+0100] {logging_mixin.py:190} INFO - [2025-01-03T21:33:51.479+0100] {override.py:1912} INFO - Created Permission View: can read on DAG:example_params_trigger_ui
[2025-01-03T21:33:51.489+0100] {logging_mixin.py:190} INFO - [2025-01-03T21:33:51.488+0100] {override.py:1912} INFO - Created Permission View: can edit on DAG:example_params_trigger_ui
[2025-01-03T21:33:51.517+0100] {logging_mixin.py:190} INFO - [2025-01-03T21:33:51.517+0100] {override.py:1912} INFO - Created Permission View: can create on DAG Run:example_params_trigger_ui
[2025-01-03T21:33:51.529+0100] {logging_mixin.py:190} INFO - [2025-01-03T21:33:51.528+0100] {override.py:1912} INFO - Created Permission View: can read on DAG Run:example_params_trigger_ui
[2025-01-03T21:33:51.543+0100] {logging_mixin.py:190} INFO - [2025-01-03T21:33:51.542+0100] {override.py:1912} INFO - Created Permission View: menu access on DAG Run:example_params_trigger_ui
[2025-01-03T21:33:51.554+0100] {logging_mixin.py:190} INFO - [2025-01-03T21:33:51.553+0100] {override.py:1912} INFO - Created Permission View: can delete on DAG Run:example_params_trigger_ui
[2025-01-03T21:33:51.555+0100] {logging_mixin.py:190} INFO - [2025-01-03T21:33:51.554+0100] {dag.py:3239} INFO - Sync 1 DAGs
[2025-01-03T21:33:51.573+0100] {logging_mixin.py:190} INFO - [2025-01-03T21:33:51.572+0100] {dag.py:3262} INFO - Creating ORM DAG for example_params_trigger_ui
[2025-01-03T21:33:51.573+0100] {logging_mixin.py:190} INFO - [2025-01-03T21:33:51.573+0100] {dag.py:4180} INFO - Setting next_dagrun for example_params_trigger_ui to None, run_after=None
[2025-01-03T21:33:51.594+0100] {processor.py:208} INFO - Processing /Users/azeez.ganiyu/airflow_venv/lib/python3.9/site-packages/airflow/example_dags/example_params_trigger_ui.py took 0.497 seconds
[2025-01-03T21:37:45.323+0100] {processor.py:186} INFO - Started process (PID=81554) to work on /Users/azeez.ganiyu/airflow_venv/lib/python3.9/site-packages/airflow/example_dags/example_params_trigger_ui.py
[2025-01-03T21:37:45.328+0100] {processor.py:914} INFO - Processing file /Users/azeez.ganiyu/airflow_venv/lib/python3.9/site-packages/airflow/example_dags/example_params_trigger_ui.py for tasks to queue
[2025-01-03T21:37:45.330+0100] {logging_mixin.py:190} INFO - [2025-01-03T21:37:45.330+0100] {dagbag.py:588} INFO - Filling up the DagBag from /Users/azeez.ganiyu/airflow_venv/lib/python3.9/site-packages/airflow/example_dags/example_params_trigger_ui.py
[2025-01-03T21:37:45.394+0100] {processor.py:925} INFO - DAG(s) 'example_params_trigger_ui' retrieved from /Users/azeez.ganiyu/airflow_venv/lib/python3.9/site-packages/airflow/example_dags/example_params_trigger_ui.py
[2025-01-03T21:37:45.563+0100] {logging_mixin.py:190} INFO - [2025-01-03T21:37:45.563+0100] {dag.py:3239} INFO - Sync 1 DAGs
[2025-01-03T21:37:45.574+0100] {logging_mixin.py:190} INFO - [2025-01-03T21:37:45.574+0100] {dag.py:4180} INFO - Setting next_dagrun for example_params_trigger_ui to None, run_after=None
[2025-01-03T21:37:45.594+0100] {processor.py:208} INFO - Processing /Users/azeez.ganiyu/airflow_venv/lib/python3.9/site-packages/airflow/example_dags/example_params_trigger_ui.py took 0.278 seconds
[2025-01-03T21:40:52.885+0100] {processor.py:186} INFO - Started process (PID=83250) to work on /Users/azeez.ganiyu/airflow_venv/lib/python3.9/site-packages/airflow/example_dags/example_params_trigger_ui.py
[2025-01-03T21:40:52.890+0100] {processor.py:914} INFO - Processing file /Users/azeez.ganiyu/airflow_venv/lib/python3.9/site-packages/airflow/example_dags/example_params_trigger_ui.py for tasks to queue
[2025-01-03T21:40:52.892+0100] {logging_mixin.py:190} INFO - [2025-01-03T21:40:52.891+0100] {dagbag.py:588} INFO - Filling up the DagBag from /Users/azeez.ganiyu/airflow_venv/lib/python3.9/site-packages/airflow/example_dags/example_params_trigger_ui.py
[2025-01-03T21:40:52.953+0100] {processor.py:925} INFO - DAG(s) 'example_params_trigger_ui' retrieved from /Users/azeez.ganiyu/airflow_venv/lib/python3.9/site-packages/airflow/example_dags/example_params_trigger_ui.py
[2025-01-03T21:40:53.109+0100] {logging_mixin.py:190} INFO - [2025-01-03T21:40:53.108+0100] {dag.py:3239} INFO - Sync 1 DAGs
[2025-01-03T21:40:53.117+0100] {logging_mixin.py:190} INFO - [2025-01-03T21:40:53.117+0100] {dag.py:4180} INFO - Setting next_dagrun for example_params_trigger_ui to None, run_after=None
[2025-01-03T21:40:53.137+0100] {processor.py:208} INFO - Processing /Users/azeez.ganiyu/airflow_venv/lib/python3.9/site-packages/airflow/example_dags/example_params_trigger_ui.py took 0.261 seconds
[2025-01-03T21:43:57.172+0100] {processor.py:186} INFO - Started process (PID=84368) to work on /Users/azeez.ganiyu/airflow_venv/lib/python3.9/site-packages/airflow/example_dags/example_params_trigger_ui.py
[2025-01-03T21:43:57.177+0100] {processor.py:914} INFO - Processing file /Users/azeez.ganiyu/airflow_venv/lib/python3.9/site-packages/airflow/example_dags/example_params_trigger_ui.py for tasks to queue
[2025-01-03T21:43:57.178+0100] {logging_mixin.py:190} INFO - [2025-01-03T21:43:57.177+0100] {dagbag.py:588} INFO - Filling up the DagBag from /Users/azeez.ganiyu/airflow_venv/lib/python3.9/site-packages/airflow/example_dags/example_params_trigger_ui.py
[2025-01-03T21:43:57.239+0100] {processor.py:925} INFO - DAG(s) 'example_params_trigger_ui' retrieved from /Users/azeez.ganiyu/airflow_venv/lib/python3.9/site-packages/airflow/example_dags/example_params_trigger_ui.py
[2025-01-03T21:43:57.399+0100] {logging_mixin.py:190} INFO - [2025-01-03T21:43:57.399+0100] {dag.py:3239} INFO - Sync 1 DAGs
[2025-01-03T21:43:57.408+0100] {logging_mixin.py:190} INFO - [2025-01-03T21:43:57.408+0100] {dag.py:4180} INFO - Setting next_dagrun for example_params_trigger_ui to None, run_after=None
[2025-01-03T21:43:57.429+0100] {processor.py:208} INFO - Processing /Users/azeez.ganiyu/airflow_venv/lib/python3.9/site-packages/airflow/example_dags/example_params_trigger_ui.py took 0.264 seconds
[2025-01-03T21:47:07.900+0100] {processor.py:186} INFO - Started process (PID=86023) to work on /Users/azeez.ganiyu/airflow_venv/lib/python3.9/site-packages/airflow/example_dags/example_params_trigger_ui.py
[2025-01-03T21:47:07.905+0100] {processor.py:914} INFO - Processing file /Users/azeez.ganiyu/airflow_venv/lib/python3.9/site-packages/airflow/example_dags/example_params_trigger_ui.py for tasks to queue
[2025-01-03T21:47:07.907+0100] {logging_mixin.py:190} INFO - [2025-01-03T21:47:07.907+0100] {dagbag.py:588} INFO - Filling up the DagBag from /Users/azeez.ganiyu/airflow_venv/lib/python3.9/site-packages/airflow/example_dags/example_params_trigger_ui.py
[2025-01-03T21:47:07.973+0100] {processor.py:925} INFO - DAG(s) 'example_params_trigger_ui' retrieved from /Users/azeez.ganiyu/airflow_venv/lib/python3.9/site-packages/airflow/example_dags/example_params_trigger_ui.py
[2025-01-03T21:47:08.151+0100] {logging_mixin.py:190} INFO - [2025-01-03T21:47:08.151+0100] {dag.py:3239} INFO - Sync 1 DAGs
[2025-01-03T21:47:08.161+0100] {logging_mixin.py:190} INFO - [2025-01-03T21:47:08.161+0100] {dag.py:4180} INFO - Setting next_dagrun for example_params_trigger_ui to None, run_after=None
[2025-01-03T21:47:08.184+0100] {processor.py:208} INFO - Processing /Users/azeez.ganiyu/airflow_venv/lib/python3.9/site-packages/airflow/example_dags/example_params_trigger_ui.py took 0.291 seconds
[2025-01-03T21:50:21.264+0100] {processor.py:186} INFO - Started process (PID=87113) to work on /Users/azeez.ganiyu/airflow_venv/lib/python3.9/site-packages/airflow/example_dags/example_params_trigger_ui.py
[2025-01-03T21:50:21.270+0100] {processor.py:914} INFO - Processing file /Users/azeez.ganiyu/airflow_venv/lib/python3.9/site-packages/airflow/example_dags/example_params_trigger_ui.py for tasks to queue
[2025-01-03T21:50:21.271+0100] {logging_mixin.py:190} INFO - [2025-01-03T21:50:21.271+0100] {dagbag.py:588} INFO - Filling up the DagBag from /Users/azeez.ganiyu/airflow_venv/lib/python3.9/site-packages/airflow/example_dags/example_params_trigger_ui.py
[2025-01-03T21:50:21.330+0100] {processor.py:925} INFO - DAG(s) 'example_params_trigger_ui' retrieved from /Users/azeez.ganiyu/airflow_venv/lib/python3.9/site-packages/airflow/example_dags/example_params_trigger_ui.py
[2025-01-03T21:50:21.511+0100] {logging_mixin.py:190} INFO - [2025-01-03T21:50:21.510+0100] {dag.py:3239} INFO - Sync 1 DAGs
[2025-01-03T21:50:21.521+0100] {logging_mixin.py:190} INFO - [2025-01-03T21:50:21.520+0100] {dag.py:4180} INFO - Setting next_dagrun for example_params_trigger_ui to None, run_after=None
[2025-01-03T21:50:21.541+0100] {processor.py:208} INFO - Processing /Users/azeez.ganiyu/airflow_venv/lib/python3.9/site-packages/airflow/example_dags/example_params_trigger_ui.py took 0.283 seconds
