[2025-01-03T21:35:33.249+0100] {processor.py:186} INFO - Started process (PID=80806) to work on /Users/azeez.ganiyu/airflow_venv/lib/python3.9/site-packages/airflow/example_dags/example_bash_decorator.py
[2025-01-03T21:35:33.257+0100] {processor.py:914} INFO - Processing file /Users/azeez.ganiyu/airflow_venv/lib/python3.9/site-packages/airflow/example_dags/example_bash_decorator.py for tasks to queue
[2025-01-03T21:35:33.258+0100] {logging_mixin.py:190} INFO - [2025-01-03T21:35:33.258+0100] {dagbag.py:588} INFO - Filling up the DagBag from /Users/azeez.ganiyu/airflow_venv/lib/python3.9/site-packages/airflow/example_dags/example_bash_decorator.py
[2025-01-03T21:35:33.373+0100] {processor.py:925} INFO - DAG(s) 'example_bash_decorator' retrieved from /Users/azeez.ganiyu/airflow_venv/lib/python3.9/site-packages/airflow/example_dags/example_bash_decorator.py
[2025-01-03T21:35:33.599+0100] {logging_mixin.py:190} INFO - [2025-01-03T21:35:33.598+0100] {override.py:1912} INFO - Created Permission View: can edit on DAG:example_bash_decorator
[2025-01-03T21:35:33.611+0100] {logging_mixin.py:190} INFO - [2025-01-03T21:35:33.610+0100] {override.py:1912} INFO - Created Permission View: can read on DAG:example_bash_decorator
[2025-01-03T21:35:33.618+0100] {logging_mixin.py:190} INFO - [2025-01-03T21:35:33.618+0100] {override.py:1912} INFO - Created Permission View: can delete on DAG:example_bash_decorator
[2025-01-03T21:35:33.632+0100] {logging_mixin.py:190} INFO - [2025-01-03T21:35:33.632+0100] {override.py:1912} INFO - Created Permission View: can read on DAG Run:example_bash_decorator
[2025-01-03T21:35:33.641+0100] {logging_mixin.py:190} INFO - [2025-01-03T21:35:33.641+0100] {override.py:1912} INFO - Created Permission View: menu access on DAG Run:example_bash_decorator
[2025-01-03T21:35:33.649+0100] {logging_mixin.py:190} INFO - [2025-01-03T21:35:33.649+0100] {override.py:1912} INFO - Created Permission View: can delete on DAG Run:example_bash_decorator
[2025-01-03T21:35:33.659+0100] {logging_mixin.py:190} INFO - [2025-01-03T21:35:33.659+0100] {override.py:1912} INFO - Created Permission View: can create on DAG Run:example_bash_decorator
[2025-01-03T21:35:33.659+0100] {logging_mixin.py:190} INFO - [2025-01-03T21:35:33.659+0100] {dag.py:3239} INFO - Sync 1 DAGs
[2025-01-03T21:35:33.672+0100] {logging_mixin.py:190} INFO - [2025-01-03T21:35:33.671+0100] {dag.py:3262} INFO - Creating ORM DAG for example_bash_decorator
[2025-01-03T21:35:33.672+0100] {logging_mixin.py:190} INFO - [2025-01-03T21:35:33.672+0100] {dag.py:4180} INFO - Setting next_dagrun for example_bash_decorator to None, run_after=None
[2025-01-03T21:35:33.690+0100] {processor.py:208} INFO - Processing /Users/azeez.ganiyu/airflow_venv/lib/python3.9/site-packages/airflow/example_dags/example_bash_decorator.py took 0.449 seconds
[2025-01-03T21:41:51.197+0100] {processor.py:186} INFO - Started process (PID=83592) to work on /Users/azeez.ganiyu/airflow_venv/lib/python3.9/site-packages/airflow/example_dags/example_bash_decorator.py
[2025-01-03T21:41:51.202+0100] {processor.py:914} INFO - Processing file /Users/azeez.ganiyu/airflow_venv/lib/python3.9/site-packages/airflow/example_dags/example_bash_decorator.py for tasks to queue
[2025-01-03T21:41:51.203+0100] {logging_mixin.py:190} INFO - [2025-01-03T21:41:51.203+0100] {dagbag.py:588} INFO - Filling up the DagBag from /Users/azeez.ganiyu/airflow_venv/lib/python3.9/site-packages/airflow/example_dags/example_bash_decorator.py
[2025-01-03T21:41:51.314+0100] {processor.py:925} INFO - DAG(s) 'example_bash_decorator' retrieved from /Users/azeez.ganiyu/airflow_venv/lib/python3.9/site-packages/airflow/example_dags/example_bash_decorator.py
[2025-01-03T21:41:51.543+0100] {logging_mixin.py:190} INFO - [2025-01-03T21:41:51.542+0100] {dag.py:3239} INFO - Sync 1 DAGs
[2025-01-03T21:41:51.552+0100] {logging_mixin.py:190} INFO - [2025-01-03T21:41:51.552+0100] {dag.py:4180} INFO - Setting next_dagrun for example_bash_decorator to None, run_after=None
[2025-01-03T21:41:51.613+0100] {processor.py:208} INFO - Processing /Users/azeez.ganiyu/airflow_venv/lib/python3.9/site-packages/airflow/example_dags/example_bash_decorator.py took 0.423 seconds
[2025-01-03T21:48:09.984+0100] {processor.py:186} INFO - Started process (PID=86388) to work on /Users/azeez.ganiyu/airflow_venv/lib/python3.9/site-packages/airflow/example_dags/example_bash_decorator.py
[2025-01-03T21:48:09.990+0100] {processor.py:914} INFO - Processing file /Users/azeez.ganiyu/airflow_venv/lib/python3.9/site-packages/airflow/example_dags/example_bash_decorator.py for tasks to queue
[2025-01-03T21:48:09.991+0100] {logging_mixin.py:190} INFO - [2025-01-03T21:48:09.991+0100] {dagbag.py:588} INFO - Filling up the DagBag from /Users/azeez.ganiyu/airflow_venv/lib/python3.9/site-packages/airflow/example_dags/example_bash_decorator.py
[2025-01-03T21:48:10.107+0100] {processor.py:925} INFO - DAG(s) 'example_bash_decorator' retrieved from /Users/azeez.ganiyu/airflow_venv/lib/python3.9/site-packages/airflow/example_dags/example_bash_decorator.py
[2025-01-03T21:48:10.370+0100] {logging_mixin.py:190} INFO - [2025-01-03T21:48:10.370+0100] {dag.py:3239} INFO - Sync 1 DAGs
[2025-01-03T21:48:10.380+0100] {logging_mixin.py:190} INFO - [2025-01-03T21:48:10.380+0100] {dag.py:4180} INFO - Setting next_dagrun for example_bash_decorator to None, run_after=None
[2025-01-03T21:48:10.402+0100] {processor.py:208} INFO - Processing /Users/azeez.ganiyu/airflow_venv/lib/python3.9/site-packages/airflow/example_dags/example_bash_decorator.py took 0.425 seconds
