[2025-01-03T21:28:35.628+0100] {processor.py:186} INFO - Started process (PID=77838) to work on /Users/azeez.ganiyu/airflow_venv/lib/python3.9/site-packages/airflow/example_dags/example_xcomargs.py
[2025-01-03T21:28:35.633+0100] {processor.py:914} INFO - Processing file /Users/azeez.ganiyu/airflow_venv/lib/python3.9/site-packages/airflow/example_dags/example_xcomargs.py for tasks to queue
[2025-01-03T21:28:35.634+0100] {logging_mixin.py:190} INFO - [2025-01-03T21:28:35.634+0100] {dagbag.py:588} INFO - Filling up the DagBag from /Users/azeez.ganiyu/airflow_venv/lib/python3.9/site-packages/airflow/example_dags/example_xcomargs.py
[2025-01-03T21:28:35.695+0100] {processor.py:925} INFO - DAG(s) 'example_xcom_args', 'example_xcom_args_with_operators' retrieved from /Users/azeez.ganiyu/airflow_venv/lib/python3.9/site-packages/airflow/example_dags/example_xcomargs.py
[2025-01-03T21:28:35.968+0100] {logging_mixin.py:190} INFO - [2025-01-03T21:28:35.967+0100] {override.py:1912} INFO - Created Permission View: can delete on DAG:example_xcom_args
[2025-01-03T21:28:35.980+0100] {logging_mixin.py:190} INFO - [2025-01-03T21:28:35.980+0100] {override.py:1912} INFO - Created Permission View: can edit on DAG:example_xcom_args
[2025-01-03T21:28:35.988+0100] {logging_mixin.py:190} INFO - [2025-01-03T21:28:35.987+0100] {override.py:1912} INFO - Created Permission View: can read on DAG:example_xcom_args
[2025-01-03T21:28:36.000+0100] {logging_mixin.py:190} INFO - [2025-01-03T21:28:36.000+0100] {override.py:1912} INFO - Created Permission View: can delete on DAG Run:example_xcom_args
[2025-01-03T21:28:36.009+0100] {logging_mixin.py:190} INFO - [2025-01-03T21:28:36.009+0100] {override.py:1912} INFO - Created Permission View: menu access on DAG Run:example_xcom_args
[2025-01-03T21:28:36.017+0100] {logging_mixin.py:190} INFO - [2025-01-03T21:28:36.016+0100] {override.py:1912} INFO - Created Permission View: can create on DAG Run:example_xcom_args
[2025-01-03T21:28:36.026+0100] {logging_mixin.py:190} INFO - [2025-01-03T21:28:36.025+0100] {override.py:1912} INFO - Created Permission View: can read on DAG Run:example_xcom_args
[2025-01-03T21:28:36.044+0100] {logging_mixin.py:190} INFO - [2025-01-03T21:28:36.044+0100] {override.py:1912} INFO - Created Permission View: can delete on DAG:example_xcom_args_with_operators
[2025-01-03T21:28:36.052+0100] {logging_mixin.py:190} INFO - [2025-01-03T21:28:36.052+0100] {override.py:1912} INFO - Created Permission View: can edit on DAG:example_xcom_args_with_operators
[2025-01-03T21:28:36.061+0100] {logging_mixin.py:190} INFO - [2025-01-03T21:28:36.061+0100] {override.py:1912} INFO - Created Permission View: can read on DAG:example_xcom_args_with_operators
[2025-01-03T21:28:36.075+0100] {logging_mixin.py:190} INFO - [2025-01-03T21:28:36.074+0100] {override.py:1912} INFO - Created Permission View: can delete on DAG Run:example_xcom_args_with_operators
[2025-01-03T21:28:36.082+0100] {logging_mixin.py:190} INFO - [2025-01-03T21:28:36.081+0100] {override.py:1912} INFO - Created Permission View: menu access on DAG Run:example_xcom_args_with_operators
[2025-01-03T21:28:36.092+0100] {logging_mixin.py:190} INFO - [2025-01-03T21:28:36.091+0100] {override.py:1912} INFO - Created Permission View: can create on DAG Run:example_xcom_args_with_operators
[2025-01-03T21:28:36.099+0100] {logging_mixin.py:190} INFO - [2025-01-03T21:28:36.098+0100] {override.py:1912} INFO - Created Permission View: can read on DAG Run:example_xcom_args_with_operators
[2025-01-03T21:28:36.099+0100] {logging_mixin.py:190} INFO - [2025-01-03T21:28:36.099+0100] {dag.py:3239} INFO - Sync 2 DAGs
[2025-01-03T21:28:36.112+0100] {logging_mixin.py:190} INFO - [2025-01-03T21:28:36.112+0100] {dag.py:3262} INFO - Creating ORM DAG for example_xcom_args
[2025-01-03T21:28:36.113+0100] {logging_mixin.py:190} INFO - [2025-01-03T21:28:36.113+0100] {dag.py:3262} INFO - Creating ORM DAG for example_xcom_args_with_operators
[2025-01-03T21:28:36.113+0100] {logging_mixin.py:190} INFO - [2025-01-03T21:28:36.113+0100] {dag.py:4180} INFO - Setting next_dagrun for example_xcom_args to None, run_after=None
[2025-01-03T21:28:36.114+0100] {logging_mixin.py:190} INFO - [2025-01-03T21:28:36.114+0100] {dag.py:4180} INFO - Setting next_dagrun for example_xcom_args_with_operators to None, run_after=None
[2025-01-03T21:28:36.133+0100] {processor.py:208} INFO - Processing /Users/azeez.ganiyu/airflow_venv/lib/python3.9/site-packages/airflow/example_dags/example_xcomargs.py took 0.513 seconds
[2025-01-03T21:32:25.749+0100] {processor.py:186} INFO - Started process (PID=79215) to work on /Users/azeez.ganiyu/airflow_venv/lib/python3.9/site-packages/airflow/example_dags/example_xcomargs.py
[2025-01-03T21:32:25.755+0100] {processor.py:914} INFO - Processing file /Users/azeez.ganiyu/airflow_venv/lib/python3.9/site-packages/airflow/example_dags/example_xcomargs.py for tasks to queue
[2025-01-03T21:32:25.756+0100] {logging_mixin.py:190} INFO - [2025-01-03T21:32:25.756+0100] {dagbag.py:588} INFO - Filling up the DagBag from /Users/azeez.ganiyu/airflow_venv/lib/python3.9/site-packages/airflow/example_dags/example_xcomargs.py
[2025-01-03T21:32:25.811+0100] {processor.py:925} INFO - DAG(s) 'example_xcom_args', 'example_xcom_args_with_operators' retrieved from /Users/azeez.ganiyu/airflow_venv/lib/python3.9/site-packages/airflow/example_dags/example_xcomargs.py
[2025-01-03T21:32:25.960+0100] {logging_mixin.py:190} INFO - [2025-01-03T21:32:25.960+0100] {dag.py:3239} INFO - Sync 2 DAGs
[2025-01-03T21:32:25.974+0100] {logging_mixin.py:190} INFO - [2025-01-03T21:32:25.973+0100] {dag.py:4180} INFO - Setting next_dagrun for example_xcom_args to None, run_after=None
[2025-01-03T21:32:25.979+0100] {logging_mixin.py:190} INFO - [2025-01-03T21:32:25.979+0100] {dag.py:4180} INFO - Setting next_dagrun for example_xcom_args_with_operators to None, run_after=None
[2025-01-03T21:32:26.005+0100] {processor.py:208} INFO - Processing /Users/azeez.ganiyu/airflow_venv/lib/python3.9/site-packages/airflow/example_dags/example_xcomargs.py took 0.265 seconds
[2025-01-03T21:36:19.143+0100] {processor.py:186} INFO - Started process (PID=81071) to work on /Users/azeez.ganiyu/airflow_venv/lib/python3.9/site-packages/airflow/example_dags/example_xcomargs.py
[2025-01-03T21:36:19.150+0100] {processor.py:914} INFO - Processing file /Users/azeez.ganiyu/airflow_venv/lib/python3.9/site-packages/airflow/example_dags/example_xcomargs.py for tasks to queue
[2025-01-03T21:36:19.152+0100] {logging_mixin.py:190} INFO - [2025-01-03T21:36:19.152+0100] {dagbag.py:588} INFO - Filling up the DagBag from /Users/azeez.ganiyu/airflow_venv/lib/python3.9/site-packages/airflow/example_dags/example_xcomargs.py
[2025-01-03T21:36:19.227+0100] {processor.py:925} INFO - DAG(s) 'example_xcom_args', 'example_xcom_args_with_operators' retrieved from /Users/azeez.ganiyu/airflow_venv/lib/python3.9/site-packages/airflow/example_dags/example_xcomargs.py
[2025-01-03T21:36:19.396+0100] {logging_mixin.py:190} INFO - [2025-01-03T21:36:19.396+0100] {dag.py:3239} INFO - Sync 2 DAGs
[2025-01-03T21:36:19.410+0100] {logging_mixin.py:190} INFO - [2025-01-03T21:36:19.410+0100] {dag.py:4180} INFO - Setting next_dagrun for example_xcom_args to None, run_after=None
[2025-01-03T21:36:19.413+0100] {logging_mixin.py:190} INFO - [2025-01-03T21:36:19.413+0100] {dag.py:4180} INFO - Setting next_dagrun for example_xcom_args_with_operators to None, run_after=None
[2025-01-03T21:36:19.432+0100] {processor.py:208} INFO - Processing /Users/azeez.ganiyu/airflow_venv/lib/python3.9/site-packages/airflow/example_dags/example_xcomargs.py took 0.298 seconds
[2025-01-03T21:39:32.643+0100] {processor.py:186} INFO - Started process (PID=82138) to work on /Users/azeez.ganiyu/airflow_venv/lib/python3.9/site-packages/airflow/example_dags/example_xcomargs.py
[2025-01-03T21:39:32.648+0100] {processor.py:914} INFO - Processing file /Users/azeez.ganiyu/airflow_venv/lib/python3.9/site-packages/airflow/example_dags/example_xcomargs.py for tasks to queue
[2025-01-03T21:39:32.649+0100] {logging_mixin.py:190} INFO - [2025-01-03T21:39:32.649+0100] {dagbag.py:588} INFO - Filling up the DagBag from /Users/azeez.ganiyu/airflow_venv/lib/python3.9/site-packages/airflow/example_dags/example_xcomargs.py
[2025-01-03T21:39:32.708+0100] {processor.py:925} INFO - DAG(s) 'example_xcom_args_with_operators', 'example_xcom_args' retrieved from /Users/azeez.ganiyu/airflow_venv/lib/python3.9/site-packages/airflow/example_dags/example_xcomargs.py
[2025-01-03T21:39:32.845+0100] {logging_mixin.py:190} INFO - [2025-01-03T21:39:32.844+0100] {dag.py:3239} INFO - Sync 2 DAGs
[2025-01-03T21:39:32.854+0100] {logging_mixin.py:190} INFO - [2025-01-03T21:39:32.854+0100] {dag.py:4180} INFO - Setting next_dagrun for example_xcom_args to None, run_after=None
[2025-01-03T21:39:32.856+0100] {logging_mixin.py:190} INFO - [2025-01-03T21:39:32.856+0100] {dag.py:4180} INFO - Setting next_dagrun for example_xcom_args_with_operators to None, run_after=None
[2025-01-03T21:39:32.875+0100] {processor.py:208} INFO - Processing /Users/azeez.ganiyu/airflow_venv/lib/python3.9/site-packages/airflow/example_dags/example_xcomargs.py took 0.239 seconds
[2025-01-03T21:42:38.261+0100] {processor.py:186} INFO - Started process (PID=83916) to work on /Users/azeez.ganiyu/airflow_venv/lib/python3.9/site-packages/airflow/example_dags/example_xcomargs.py
[2025-01-03T21:42:38.267+0100] {processor.py:914} INFO - Processing file /Users/azeez.ganiyu/airflow_venv/lib/python3.9/site-packages/airflow/example_dags/example_xcomargs.py for tasks to queue
[2025-01-03T21:42:38.268+0100] {logging_mixin.py:190} INFO - [2025-01-03T21:42:38.267+0100] {dagbag.py:588} INFO - Filling up the DagBag from /Users/azeez.ganiyu/airflow_venv/lib/python3.9/site-packages/airflow/example_dags/example_xcomargs.py
[2025-01-03T21:42:38.325+0100] {processor.py:925} INFO - DAG(s) 'example_xcom_args', 'example_xcom_args_with_operators' retrieved from /Users/azeez.ganiyu/airflow_venv/lib/python3.9/site-packages/airflow/example_dags/example_xcomargs.py
[2025-01-03T21:42:38.460+0100] {logging_mixin.py:190} INFO - [2025-01-03T21:42:38.460+0100] {dag.py:3239} INFO - Sync 2 DAGs
[2025-01-03T21:42:38.470+0100] {logging_mixin.py:190} INFO - [2025-01-03T21:42:38.470+0100] {dag.py:4180} INFO - Setting next_dagrun for example_xcom_args to None, run_after=None
[2025-01-03T21:42:38.473+0100] {logging_mixin.py:190} INFO - [2025-01-03T21:42:38.473+0100] {dag.py:4180} INFO - Setting next_dagrun for example_xcom_args_with_operators to None, run_after=None
[2025-01-03T21:42:38.492+0100] {processor.py:208} INFO - Processing /Users/azeez.ganiyu/airflow_venv/lib/python3.9/site-packages/airflow/example_dags/example_xcomargs.py took 0.239 seconds
[2025-01-03T21:45:44.722+0100] {processor.py:186} INFO - Started process (PID=85024) to work on /Users/azeez.ganiyu/airflow_venv/lib/python3.9/site-packages/airflow/example_dags/example_xcomargs.py
[2025-01-03T21:45:44.726+0100] {processor.py:914} INFO - Processing file /Users/azeez.ganiyu/airflow_venv/lib/python3.9/site-packages/airflow/example_dags/example_xcomargs.py for tasks to queue
[2025-01-03T21:45:44.727+0100] {logging_mixin.py:190} INFO - [2025-01-03T21:45:44.727+0100] {dagbag.py:588} INFO - Filling up the DagBag from /Users/azeez.ganiyu/airflow_venv/lib/python3.9/site-packages/airflow/example_dags/example_xcomargs.py
[2025-01-03T21:45:44.788+0100] {processor.py:925} INFO - DAG(s) 'example_xcom_args_with_operators', 'example_xcom_args' retrieved from /Users/azeez.ganiyu/airflow_venv/lib/python3.9/site-packages/airflow/example_dags/example_xcomargs.py
[2025-01-03T21:45:44.923+0100] {logging_mixin.py:190} INFO - [2025-01-03T21:45:44.923+0100] {dag.py:3239} INFO - Sync 2 DAGs
[2025-01-03T21:45:44.933+0100] {logging_mixin.py:190} INFO - [2025-01-03T21:45:44.933+0100] {dag.py:4180} INFO - Setting next_dagrun for example_xcom_args to None, run_after=None
[2025-01-03T21:45:44.935+0100] {logging_mixin.py:190} INFO - [2025-01-03T21:45:44.935+0100] {dag.py:4180} INFO - Setting next_dagrun for example_xcom_args_with_operators to None, run_after=None
[2025-01-03T21:45:44.953+0100] {processor.py:208} INFO - Processing /Users/azeez.ganiyu/airflow_venv/lib/python3.9/site-packages/airflow/example_dags/example_xcomargs.py took 0.239 seconds
[2025-01-03T21:49:01.520+0100] {processor.py:186} INFO - Started process (PID=86664) to work on /Users/azeez.ganiyu/airflow_venv/lib/python3.9/site-packages/airflow/example_dags/example_xcomargs.py
[2025-01-03T21:49:01.525+0100] {processor.py:914} INFO - Processing file /Users/azeez.ganiyu/airflow_venv/lib/python3.9/site-packages/airflow/example_dags/example_xcomargs.py for tasks to queue
[2025-01-03T21:49:01.527+0100] {logging_mixin.py:190} INFO - [2025-01-03T21:49:01.527+0100] {dagbag.py:588} INFO - Filling up the DagBag from /Users/azeez.ganiyu/airflow_venv/lib/python3.9/site-packages/airflow/example_dags/example_xcomargs.py
[2025-01-03T21:49:01.588+0100] {processor.py:925} INFO - DAG(s) 'example_xcom_args_with_operators', 'example_xcom_args' retrieved from /Users/azeez.ganiyu/airflow_venv/lib/python3.9/site-packages/airflow/example_dags/example_xcomargs.py
[2025-01-03T21:49:01.728+0100] {logging_mixin.py:190} INFO - [2025-01-03T21:49:01.728+0100] {dag.py:3239} INFO - Sync 2 DAGs
[2025-01-03T21:49:01.738+0100] {logging_mixin.py:190} INFO - [2025-01-03T21:49:01.737+0100] {dag.py:4180} INFO - Setting next_dagrun for example_xcom_args to None, run_after=None
[2025-01-03T21:49:01.740+0100] {logging_mixin.py:190} INFO - [2025-01-03T21:49:01.740+0100] {dag.py:4180} INFO - Setting next_dagrun for example_xcom_args_with_operators to None, run_after=None
[2025-01-03T21:49:01.759+0100] {processor.py:208} INFO - Processing /Users/azeez.ganiyu/airflow_venv/lib/python3.9/site-packages/airflow/example_dags/example_xcomargs.py took 0.247 seconds
[2025-01-03T21:52:00.006+0100] {processor.py:186} INFO - Started process (PID=87680) to work on /Users/azeez.ganiyu/airflow_venv/lib/python3.9/site-packages/airflow/example_dags/example_xcomargs.py
[2025-01-03T21:52:00.011+0100] {processor.py:914} INFO - Processing file /Users/azeez.ganiyu/airflow_venv/lib/python3.9/site-packages/airflow/example_dags/example_xcomargs.py for tasks to queue
[2025-01-03T21:52:00.012+0100] {logging_mixin.py:190} INFO - [2025-01-03T21:52:00.012+0100] {dagbag.py:588} INFO - Filling up the DagBag from /Users/azeez.ganiyu/airflow_venv/lib/python3.9/site-packages/airflow/example_dags/example_xcomargs.py
[2025-01-03T21:52:00.076+0100] {processor.py:925} INFO - DAG(s) 'example_xcom_args_with_operators', 'example_xcom_args' retrieved from /Users/azeez.ganiyu/airflow_venv/lib/python3.9/site-packages/airflow/example_dags/example_xcomargs.py
[2025-01-03T21:52:00.278+0100] {logging_mixin.py:190} INFO - [2025-01-03T21:52:00.277+0100] {dag.py:3239} INFO - Sync 2 DAGs
[2025-01-03T21:52:00.291+0100] {logging_mixin.py:190} INFO - [2025-01-03T21:52:00.291+0100] {dag.py:4180} INFO - Setting next_dagrun for example_xcom_args to None, run_after=None
[2025-01-03T21:52:00.294+0100] {logging_mixin.py:190} INFO - [2025-01-03T21:52:00.294+0100] {dag.py:4180} INFO - Setting next_dagrun for example_xcom_args_with_operators to None, run_after=None
[2025-01-03T21:52:00.316+0100] {processor.py:208} INFO - Processing /Users/azeez.ganiyu/airflow_venv/lib/python3.9/site-packages/airflow/example_dags/example_xcomargs.py took 0.317 seconds
