[2025-01-03T21:34:43.497+0100] {processor.py:186} INFO - Started process (PID=80523) to work on /Users/azeez.ganiyu/airflow_venv/lib/python3.9/site-packages/airflow/example_dags/example_datasets.py
[2025-01-03T21:34:43.505+0100] {processor.py:914} INFO - Processing file /Users/azeez.ganiyu/airflow_venv/lib/python3.9/site-packages/airflow/example_dags/example_datasets.py for tasks to queue
[2025-01-03T21:34:43.506+0100] {logging_mixin.py:190} INFO - [2025-01-03T21:34:43.506+0100] {dagbag.py:588} INFO - Filling up the DagBag from /Users/azeez.ganiyu/airflow_venv/lib/python3.9/site-packages/airflow/example_dags/example_datasets.py
[2025-01-03T21:34:43.635+0100] {processor.py:925} INFO - DAG(s) 'consume_1_and_2_with_dataset_expressions', 'conditional_dataset_and_time_based_timetable', 'dataset_produces_1', 'dataset_produces_2', 'dataset_consumes_unknown_never_scheduled', 'dataset_consumes_1_and_2', 'consume_1_or_both_2_and_3_with_dataset_expressions', 'consume_1_or_2_with_dataset_expressions', 'dataset_consumes_1', 'dataset_consumes_1_never_scheduled' retrieved from /Users/azeez.ganiyu/airflow_venv/lib/python3.9/site-packages/airflow/example_dags/example_datasets.py
[2025-01-03T21:34:43.932+0100] {logging_mixin.py:190} INFO - [2025-01-03T21:34:43.931+0100] {override.py:1912} INFO - Created Permission View: can delete on DAG:consume_1_and_2_with_dataset_expressions
[2025-01-03T21:34:43.942+0100] {logging_mixin.py:190} INFO - [2025-01-03T21:34:43.941+0100] {override.py:1912} INFO - Created Permission View: can edit on DAG:consume_1_and_2_with_dataset_expressions
[2025-01-03T21:34:43.950+0100] {logging_mixin.py:190} INFO - [2025-01-03T21:34:43.950+0100] {override.py:1912} INFO - Created Permission View: can read on DAG:consume_1_and_2_with_dataset_expressions
[2025-01-03T21:34:43.963+0100] {logging_mixin.py:190} INFO - [2025-01-03T21:34:43.963+0100] {override.py:1912} INFO - Created Permission View: can delete on DAG Run:consume_1_and_2_with_dataset_expressions
[2025-01-03T21:34:43.970+0100] {logging_mixin.py:190} INFO - [2025-01-03T21:34:43.970+0100] {override.py:1912} INFO - Created Permission View: can create on DAG Run:consume_1_and_2_with_dataset_expressions
[2025-01-03T21:34:43.979+0100] {logging_mixin.py:190} INFO - [2025-01-03T21:34:43.979+0100] {override.py:1912} INFO - Created Permission View: can read on DAG Run:consume_1_and_2_with_dataset_expressions
[2025-01-03T21:34:43.986+0100] {logging_mixin.py:190} INFO - [2025-01-03T21:34:43.986+0100] {override.py:1912} INFO - Created Permission View: menu access on DAG Run:consume_1_and_2_with_dataset_expressions
[2025-01-03T21:34:44.002+0100] {logging_mixin.py:190} INFO - [2025-01-03T21:34:44.002+0100] {override.py:1912} INFO - Created Permission View: can delete on DAG:conditional_dataset_and_time_based_timetable
[2025-01-03T21:34:44.012+0100] {logging_mixin.py:190} INFO - [2025-01-03T21:34:44.012+0100] {override.py:1912} INFO - Created Permission View: can edit on DAG:conditional_dataset_and_time_based_timetable
[2025-01-03T21:34:44.019+0100] {logging_mixin.py:190} INFO - [2025-01-03T21:34:44.019+0100] {override.py:1912} INFO - Created Permission View: can read on DAG:conditional_dataset_and_time_based_timetable
[2025-01-03T21:34:44.032+0100] {logging_mixin.py:190} INFO - [2025-01-03T21:34:44.032+0100] {override.py:1912} INFO - Created Permission View: can delete on DAG Run:conditional_dataset_and_time_based_timetable
[2025-01-03T21:34:44.041+0100] {logging_mixin.py:190} INFO - [2025-01-03T21:34:44.041+0100] {override.py:1912} INFO - Created Permission View: can create on DAG Run:conditional_dataset_and_time_based_timetable
[2025-01-03T21:34:44.048+0100] {logging_mixin.py:190} INFO - [2025-01-03T21:34:44.048+0100] {override.py:1912} INFO - Created Permission View: can read on DAG Run:conditional_dataset_and_time_based_timetable
[2025-01-03T21:34:44.058+0100] {logging_mixin.py:190} INFO - [2025-01-03T21:34:44.057+0100] {override.py:1912} INFO - Created Permission View: menu access on DAG Run:conditional_dataset_and_time_based_timetable
[2025-01-03T21:34:44.074+0100] {logging_mixin.py:190} INFO - [2025-01-03T21:34:44.074+0100] {override.py:1912} INFO - Created Permission View: can delete on DAG:dataset_produces_1
[2025-01-03T21:34:44.082+0100] {logging_mixin.py:190} INFO - [2025-01-03T21:34:44.082+0100] {override.py:1912} INFO - Created Permission View: can edit on DAG:dataset_produces_1
[2025-01-03T21:34:44.091+0100] {logging_mixin.py:190} INFO - [2025-01-03T21:34:44.091+0100] {override.py:1912} INFO - Created Permission View: can read on DAG:dataset_produces_1
[2025-01-03T21:34:44.104+0100] {logging_mixin.py:190} INFO - [2025-01-03T21:34:44.103+0100] {override.py:1912} INFO - Created Permission View: can delete on DAG Run:dataset_produces_1
[2025-01-03T21:34:44.111+0100] {logging_mixin.py:190} INFO - [2025-01-03T21:34:44.111+0100] {override.py:1912} INFO - Created Permission View: can create on DAG Run:dataset_produces_1
[2025-01-03T21:34:44.120+0100] {logging_mixin.py:190} INFO - [2025-01-03T21:34:44.120+0100] {override.py:1912} INFO - Created Permission View: can read on DAG Run:dataset_produces_1
[2025-01-03T21:34:44.127+0100] {logging_mixin.py:190} INFO - [2025-01-03T21:34:44.127+0100] {override.py:1912} INFO - Created Permission View: menu access on DAG Run:dataset_produces_1
[2025-01-03T21:34:44.142+0100] {logging_mixin.py:190} INFO - [2025-01-03T21:34:44.142+0100] {override.py:1912} INFO - Created Permission View: can delete on DAG:dataset_produces_2
[2025-01-03T21:34:44.151+0100] {logging_mixin.py:190} INFO - [2025-01-03T21:34:44.151+0100] {override.py:1912} INFO - Created Permission View: can edit on DAG:dataset_produces_2
[2025-01-03T21:34:44.158+0100] {logging_mixin.py:190} INFO - [2025-01-03T21:34:44.158+0100] {override.py:1912} INFO - Created Permission View: can read on DAG:dataset_produces_2
[2025-01-03T21:34:44.170+0100] {logging_mixin.py:190} INFO - [2025-01-03T21:34:44.169+0100] {override.py:1912} INFO - Created Permission View: can delete on DAG Run:dataset_produces_2
[2025-01-03T21:34:44.179+0100] {logging_mixin.py:190} INFO - [2025-01-03T21:34:44.178+0100] {override.py:1912} INFO - Created Permission View: can create on DAG Run:dataset_produces_2
[2025-01-03T21:34:44.187+0100] {logging_mixin.py:190} INFO - [2025-01-03T21:34:44.186+0100] {override.py:1912} INFO - Created Permission View: can read on DAG Run:dataset_produces_2
[2025-01-03T21:34:44.196+0100] {logging_mixin.py:190} INFO - [2025-01-03T21:34:44.195+0100] {override.py:1912} INFO - Created Permission View: menu access on DAG Run:dataset_produces_2
[2025-01-03T21:34:44.212+0100] {logging_mixin.py:190} INFO - [2025-01-03T21:34:44.211+0100] {override.py:1912} INFO - Created Permission View: can delete on DAG:dataset_consumes_unknown_never_scheduled
[2025-01-03T21:34:44.219+0100] {logging_mixin.py:190} INFO - [2025-01-03T21:34:44.219+0100] {override.py:1912} INFO - Created Permission View: can edit on DAG:dataset_consumes_unknown_never_scheduled
[2025-01-03T21:34:44.228+0100] {logging_mixin.py:190} INFO - [2025-01-03T21:34:44.227+0100] {override.py:1912} INFO - Created Permission View: can read on DAG:dataset_consumes_unknown_never_scheduled
[2025-01-03T21:34:44.240+0100] {logging_mixin.py:190} INFO - [2025-01-03T21:34:44.240+0100] {override.py:1912} INFO - Created Permission View: can delete on DAG Run:dataset_consumes_unknown_never_scheduled
[2025-01-03T21:34:44.249+0100] {logging_mixin.py:190} INFO - [2025-01-03T21:34:44.248+0100] {override.py:1912} INFO - Created Permission View: can create on DAG Run:dataset_consumes_unknown_never_scheduled
[2025-01-03T21:34:44.258+0100] {logging_mixin.py:190} INFO - [2025-01-03T21:34:44.258+0100] {override.py:1912} INFO - Created Permission View: can read on DAG Run:dataset_consumes_unknown_never_scheduled
[2025-01-03T21:34:44.265+0100] {logging_mixin.py:190} INFO - [2025-01-03T21:34:44.265+0100] {override.py:1912} INFO - Created Permission View: menu access on DAG Run:dataset_consumes_unknown_never_scheduled
[2025-01-03T21:34:44.282+0100] {logging_mixin.py:190} INFO - [2025-01-03T21:34:44.281+0100] {override.py:1912} INFO - Created Permission View: can delete on DAG:dataset_consumes_1_and_2
[2025-01-03T21:34:44.291+0100] {logging_mixin.py:190} INFO - [2025-01-03T21:34:44.290+0100] {override.py:1912} INFO - Created Permission View: can edit on DAG:dataset_consumes_1_and_2
[2025-01-03T21:34:44.298+0100] {logging_mixin.py:190} INFO - [2025-01-03T21:34:44.298+0100] {override.py:1912} INFO - Created Permission View: can read on DAG:dataset_consumes_1_and_2
[2025-01-03T21:34:44.311+0100] {logging_mixin.py:190} INFO - [2025-01-03T21:34:44.311+0100] {override.py:1912} INFO - Created Permission View: can delete on DAG Run:dataset_consumes_1_and_2
[2025-01-03T21:34:44.320+0100] {logging_mixin.py:190} INFO - [2025-01-03T21:34:44.320+0100] {override.py:1912} INFO - Created Permission View: can create on DAG Run:dataset_consumes_1_and_2
[2025-01-03T21:34:44.328+0100] {logging_mixin.py:190} INFO - [2025-01-03T21:34:44.328+0100] {override.py:1912} INFO - Created Permission View: can read on DAG Run:dataset_consumes_1_and_2
[2025-01-03T21:34:44.337+0100] {logging_mixin.py:190} INFO - [2025-01-03T21:34:44.336+0100] {override.py:1912} INFO - Created Permission View: menu access on DAG Run:dataset_consumes_1_and_2
[2025-01-03T21:34:44.353+0100] {logging_mixin.py:190} INFO - [2025-01-03T21:34:44.353+0100] {override.py:1912} INFO - Created Permission View: can delete on DAG:consume_1_or_both_2_and_3_with_dataset_expressions
[2025-01-03T21:34:44.361+0100] {logging_mixin.py:190} INFO - [2025-01-03T21:34:44.361+0100] {override.py:1912} INFO - Created Permission View: can edit on DAG:consume_1_or_both_2_and_3_with_dataset_expressions
[2025-01-03T21:34:44.372+0100] {logging_mixin.py:190} INFO - [2025-01-03T21:34:44.371+0100] {override.py:1912} INFO - Created Permission View: can read on DAG:consume_1_or_both_2_and_3_with_dataset_expressions
[2025-01-03T21:34:44.385+0100] {logging_mixin.py:190} INFO - [2025-01-03T21:34:44.385+0100] {override.py:1912} INFO - Created Permission View: can delete on DAG Run:consume_1_or_both_2_and_3_with_dataset_expressions
[2025-01-03T21:34:44.393+0100] {logging_mixin.py:190} INFO - [2025-01-03T21:34:44.393+0100] {override.py:1912} INFO - Created Permission View: can create on DAG Run:consume_1_or_both_2_and_3_with_dataset_expressions
[2025-01-03T21:34:44.403+0100] {logging_mixin.py:190} INFO - [2025-01-03T21:34:44.402+0100] {override.py:1912} INFO - Created Permission View: can read on DAG Run:consume_1_or_both_2_and_3_with_dataset_expressions
[2025-01-03T21:34:44.410+0100] {logging_mixin.py:190} INFO - [2025-01-03T21:34:44.410+0100] {override.py:1912} INFO - Created Permission View: menu access on DAG Run:consume_1_or_both_2_and_3_with_dataset_expressions
[2025-01-03T21:34:44.427+0100] {logging_mixin.py:190} INFO - [2025-01-03T21:34:44.426+0100] {override.py:1912} INFO - Created Permission View: can delete on DAG:consume_1_or_2_with_dataset_expressions
[2025-01-03T21:34:44.436+0100] {logging_mixin.py:190} INFO - [2025-01-03T21:34:44.436+0100] {override.py:1912} INFO - Created Permission View: can edit on DAG:consume_1_or_2_with_dataset_expressions
[2025-01-03T21:34:44.444+0100] {logging_mixin.py:190} INFO - [2025-01-03T21:34:44.443+0100] {override.py:1912} INFO - Created Permission View: can read on DAG:consume_1_or_2_with_dataset_expressions
[2025-01-03T21:34:44.461+0100] {logging_mixin.py:190} INFO - [2025-01-03T21:34:44.461+0100] {override.py:1912} INFO - Created Permission View: can delete on DAG Run:consume_1_or_2_with_dataset_expressions
[2025-01-03T21:34:44.471+0100] {logging_mixin.py:190} INFO - [2025-01-03T21:34:44.470+0100] {override.py:1912} INFO - Created Permission View: can create on DAG Run:consume_1_or_2_with_dataset_expressions
[2025-01-03T21:34:44.481+0100] {logging_mixin.py:190} INFO - [2025-01-03T21:34:44.480+0100] {override.py:1912} INFO - Created Permission View: can read on DAG Run:consume_1_or_2_with_dataset_expressions
[2025-01-03T21:34:44.490+0100] {logging_mixin.py:190} INFO - [2025-01-03T21:34:44.490+0100] {override.py:1912} INFO - Created Permission View: menu access on DAG Run:consume_1_or_2_with_dataset_expressions
[2025-01-03T21:34:44.507+0100] {logging_mixin.py:190} INFO - [2025-01-03T21:34:44.507+0100] {override.py:1912} INFO - Created Permission View: can delete on DAG:dataset_consumes_1
[2025-01-03T21:34:44.515+0100] {logging_mixin.py:190} INFO - [2025-01-03T21:34:44.514+0100] {override.py:1912} INFO - Created Permission View: can edit on DAG:dataset_consumes_1
[2025-01-03T21:34:44.524+0100] {logging_mixin.py:190} INFO - [2025-01-03T21:34:44.524+0100] {override.py:1912} INFO - Created Permission View: can read on DAG:dataset_consumes_1
[2025-01-03T21:34:44.538+0100] {logging_mixin.py:190} INFO - [2025-01-03T21:34:44.538+0100] {override.py:1912} INFO - Created Permission View: can delete on DAG Run:dataset_consumes_1
[2025-01-03T21:34:44.546+0100] {logging_mixin.py:190} INFO - [2025-01-03T21:34:44.546+0100] {override.py:1912} INFO - Created Permission View: can create on DAG Run:dataset_consumes_1
[2025-01-03T21:34:44.556+0100] {logging_mixin.py:190} INFO - [2025-01-03T21:34:44.555+0100] {override.py:1912} INFO - Created Permission View: can read on DAG Run:dataset_consumes_1
[2025-01-03T21:34:44.563+0100] {logging_mixin.py:190} INFO - [2025-01-03T21:34:44.563+0100] {override.py:1912} INFO - Created Permission View: menu access on DAG Run:dataset_consumes_1
[2025-01-03T21:34:44.580+0100] {logging_mixin.py:190} INFO - [2025-01-03T21:34:44.580+0100] {override.py:1912} INFO - Created Permission View: can delete on DAG:dataset_consumes_1_never_scheduled
[2025-01-03T21:34:44.590+0100] {logging_mixin.py:190} INFO - [2025-01-03T21:34:44.590+0100] {override.py:1912} INFO - Created Permission View: can edit on DAG:dataset_consumes_1_never_scheduled
[2025-01-03T21:34:44.598+0100] {logging_mixin.py:190} INFO - [2025-01-03T21:34:44.598+0100] {override.py:1912} INFO - Created Permission View: can read on DAG:dataset_consumes_1_never_scheduled
[2025-01-03T21:34:44.611+0100] {logging_mixin.py:190} INFO - [2025-01-03T21:34:44.610+0100] {override.py:1912} INFO - Created Permission View: can delete on DAG Run:dataset_consumes_1_never_scheduled
[2025-01-03T21:34:44.621+0100] {logging_mixin.py:190} INFO - [2025-01-03T21:34:44.620+0100] {override.py:1912} INFO - Created Permission View: can create on DAG Run:dataset_consumes_1_never_scheduled
[2025-01-03T21:34:44.628+0100] {logging_mixin.py:190} INFO - [2025-01-03T21:34:44.628+0100] {override.py:1912} INFO - Created Permission View: can read on DAG Run:dataset_consumes_1_never_scheduled
[2025-01-03T21:34:44.638+0100] {logging_mixin.py:190} INFO - [2025-01-03T21:34:44.637+0100] {override.py:1912} INFO - Created Permission View: menu access on DAG Run:dataset_consumes_1_never_scheduled
[2025-01-03T21:34:44.638+0100] {logging_mixin.py:190} INFO - [2025-01-03T21:34:44.638+0100] {dag.py:3239} INFO - Sync 10 DAGs
[2025-01-03T21:34:44.649+0100] {logging_mixin.py:190} INFO - [2025-01-03T21:34:44.649+0100] {dag.py:3262} INFO - Creating ORM DAG for dataset_consumes_1
[2025-01-03T21:34:44.649+0100] {logging_mixin.py:190} INFO - [2025-01-03T21:34:44.649+0100] {dag.py:3262} INFO - Creating ORM DAG for consume_1_and_2_with_dataset_expressions
[2025-01-03T21:34:44.650+0100] {logging_mixin.py:190} INFO - [2025-01-03T21:34:44.650+0100] {dag.py:3262} INFO - Creating ORM DAG for dataset_produces_1
[2025-01-03T21:34:44.650+0100] {logging_mixin.py:190} INFO - [2025-01-03T21:34:44.650+0100] {dag.py:3262} INFO - Creating ORM DAG for dataset_consumes_unknown_never_scheduled
[2025-01-03T21:34:44.651+0100] {logging_mixin.py:190} INFO - [2025-01-03T21:34:44.651+0100] {dag.py:3262} INFO - Creating ORM DAG for conditional_dataset_and_time_based_timetable
[2025-01-03T21:34:44.651+0100] {logging_mixin.py:190} INFO - [2025-01-03T21:34:44.651+0100] {dag.py:3262} INFO - Creating ORM DAG for consume_1_or_2_with_dataset_expressions
[2025-01-03T21:34:44.652+0100] {logging_mixin.py:190} INFO - [2025-01-03T21:34:44.652+0100] {dag.py:3262} INFO - Creating ORM DAG for dataset_consumes_1_and_2
[2025-01-03T21:34:44.652+0100] {logging_mixin.py:190} INFO - [2025-01-03T21:34:44.652+0100] {dag.py:3262} INFO - Creating ORM DAG for consume_1_or_both_2_and_3_with_dataset_expressions
[2025-01-03T21:34:44.653+0100] {logging_mixin.py:190} INFO - [2025-01-03T21:34:44.652+0100] {dag.py:3262} INFO - Creating ORM DAG for dataset_consumes_1_never_scheduled
[2025-01-03T21:34:44.653+0100] {logging_mixin.py:190} INFO - [2025-01-03T21:34:44.653+0100] {dag.py:3262} INFO - Creating ORM DAG for dataset_produces_2
[2025-01-03T21:34:44.663+0100] {logging_mixin.py:190} INFO - [2025-01-03T21:34:44.662+0100] {dag.py:4180} INFO - Setting next_dagrun for conditional_dataset_and_time_based_timetable to 2025-01-01 01:00:00+00:00, run_after=2025-01-01 01:00:00+00:00
[2025-01-03T21:34:44.663+0100] {logging_mixin.py:190} INFO - [2025-01-03T21:34:44.663+0100] {dag.py:4180} INFO - Setting next_dagrun for consume_1_and_2_with_dataset_expressions to None, run_after=None
[2025-01-03T21:34:44.664+0100] {logging_mixin.py:190} INFO - [2025-01-03T21:34:44.664+0100] {dag.py:4180} INFO - Setting next_dagrun for consume_1_or_2_with_dataset_expressions to None, run_after=None
[2025-01-03T21:34:44.664+0100] {logging_mixin.py:190} INFO - [2025-01-03T21:34:44.664+0100] {dag.py:4180} INFO - Setting next_dagrun for consume_1_or_both_2_and_3_with_dataset_expressions to None, run_after=None
[2025-01-03T21:34:44.664+0100] {logging_mixin.py:190} INFO - [2025-01-03T21:34:44.664+0100] {dag.py:4180} INFO - Setting next_dagrun for dataset_consumes_1 to None, run_after=None
[2025-01-03T21:34:44.665+0100] {logging_mixin.py:190} INFO - [2025-01-03T21:34:44.665+0100] {dag.py:4180} INFO - Setting next_dagrun for dataset_consumes_1_and_2 to None, run_after=None
[2025-01-03T21:34:44.665+0100] {logging_mixin.py:190} INFO - [2025-01-03T21:34:44.665+0100] {dag.py:4180} INFO - Setting next_dagrun for dataset_consumes_1_never_scheduled to None, run_after=None
[2025-01-03T21:34:44.665+0100] {logging_mixin.py:190} INFO - [2025-01-03T21:34:44.665+0100] {dag.py:4180} INFO - Setting next_dagrun for dataset_consumes_unknown_never_scheduled to None, run_after=None
[2025-01-03T21:34:44.667+0100] {logging_mixin.py:190} INFO - [2025-01-03T21:34:44.667+0100] {dag.py:4180} INFO - Setting next_dagrun for dataset_produces_1 to 2025-01-02 00:00:00+00:00, run_after=2025-01-03 00:00:00+00:00
[2025-01-03T21:34:44.667+0100] {logging_mixin.py:190} INFO - [2025-01-03T21:34:44.667+0100] {dag.py:4180} INFO - Setting next_dagrun for dataset_produces_2 to None, run_after=None
[2025-01-03T21:34:44.692+0100] {logging_mixin.py:190} INFO - [2025-01-03T21:34:44.692+0100] {workday.py:41} WARNING - Could not import pandas. Holidays will not be considered.
[2025-01-03T21:34:44.714+0100] {processor.py:208} INFO - Processing /Users/azeez.ganiyu/airflow_venv/lib/python3.9/site-packages/airflow/example_dags/example_datasets.py took 1.225 seconds
[2025-01-03T21:38:30.311+0100] {processor.py:186} INFO - Started process (PID=81805) to work on /Users/azeez.ganiyu/airflow_venv/lib/python3.9/site-packages/airflow/example_dags/example_datasets.py
[2025-01-03T21:38:30.316+0100] {processor.py:914} INFO - Processing file /Users/azeez.ganiyu/airflow_venv/lib/python3.9/site-packages/airflow/example_dags/example_datasets.py for tasks to queue
[2025-01-03T21:38:30.317+0100] {logging_mixin.py:190} INFO - [2025-01-03T21:38:30.317+0100] {dagbag.py:588} INFO - Filling up the DagBag from /Users/azeez.ganiyu/airflow_venv/lib/python3.9/site-packages/airflow/example_dags/example_datasets.py
[2025-01-03T21:38:30.435+0100] {processor.py:925} INFO - DAG(s) 'dataset_consumes_1', 'conditional_dataset_and_time_based_timetable', 'dataset_consumes_unknown_never_scheduled', 'consume_1_or_2_with_dataset_expressions', 'dataset_produces_1', 'consume_1_and_2_with_dataset_expressions', 'dataset_produces_2', 'dataset_consumes_1_and_2', 'consume_1_or_both_2_and_3_with_dataset_expressions', 'dataset_consumes_1_never_scheduled' retrieved from /Users/azeez.ganiyu/airflow_venv/lib/python3.9/site-packages/airflow/example_dags/example_datasets.py
[2025-01-03T21:38:30.604+0100] {logging_mixin.py:190} INFO - [2025-01-03T21:38:30.604+0100] {dag.py:3239} INFO - Sync 10 DAGs
[2025-01-03T21:38:30.624+0100] {logging_mixin.py:190} INFO - [2025-01-03T21:38:30.624+0100] {dag.py:4180} INFO - Setting next_dagrun for conditional_dataset_and_time_based_timetable to 2025-01-01 01:00:00+00:00, run_after=2025-01-01 01:00:00+00:00
[2025-01-03T21:38:30.627+0100] {logging_mixin.py:190} INFO - [2025-01-03T21:38:30.627+0100] {dag.py:4180} INFO - Setting next_dagrun for consume_1_and_2_with_dataset_expressions to None, run_after=None
[2025-01-03T21:38:30.629+0100] {logging_mixin.py:190} INFO - [2025-01-03T21:38:30.629+0100] {dag.py:4180} INFO - Setting next_dagrun for consume_1_or_2_with_dataset_expressions to None, run_after=None
[2025-01-03T21:38:30.630+0100] {logging_mixin.py:190} INFO - [2025-01-03T21:38:30.630+0100] {dag.py:4180} INFO - Setting next_dagrun for consume_1_or_both_2_and_3_with_dataset_expressions to None, run_after=None
[2025-01-03T21:38:30.631+0100] {logging_mixin.py:190} INFO - [2025-01-03T21:38:30.631+0100] {dag.py:4180} INFO - Setting next_dagrun for dataset_consumes_1 to None, run_after=None
[2025-01-03T21:38:30.632+0100] {logging_mixin.py:190} INFO - [2025-01-03T21:38:30.631+0100] {dag.py:4180} INFO - Setting next_dagrun for dataset_consumes_1_and_2 to None, run_after=None
[2025-01-03T21:38:30.632+0100] {logging_mixin.py:190} INFO - [2025-01-03T21:38:30.632+0100] {dag.py:4180} INFO - Setting next_dagrun for dataset_consumes_1_never_scheduled to None, run_after=None
[2025-01-03T21:38:30.633+0100] {logging_mixin.py:190} INFO - [2025-01-03T21:38:30.633+0100] {dag.py:4180} INFO - Setting next_dagrun for dataset_consumes_unknown_never_scheduled to None, run_after=None
[2025-01-03T21:38:30.635+0100] {logging_mixin.py:190} INFO - [2025-01-03T21:38:30.635+0100] {dag.py:4180} INFO - Setting next_dagrun for dataset_produces_1 to 2025-01-02 00:00:00+00:00, run_after=2025-01-03 00:00:00+00:00
[2025-01-03T21:38:30.636+0100] {logging_mixin.py:190} INFO - [2025-01-03T21:38:30.636+0100] {dag.py:4180} INFO - Setting next_dagrun for dataset_produces_2 to None, run_after=None
[2025-01-03T21:38:30.668+0100] {processor.py:208} INFO - Processing /Users/azeez.ganiyu/airflow_venv/lib/python3.9/site-packages/airflow/example_dags/example_datasets.py took 0.364 seconds
[2025-01-03T21:44:42.483+0100] {processor.py:186} INFO - Started process (PID=84640) to work on /Users/azeez.ganiyu/airflow_venv/lib/python3.9/site-packages/airflow/example_dags/example_datasets.py
[2025-01-03T21:44:42.488+0100] {processor.py:914} INFO - Processing file /Users/azeez.ganiyu/airflow_venv/lib/python3.9/site-packages/airflow/example_dags/example_datasets.py for tasks to queue
[2025-01-03T21:44:42.488+0100] {logging_mixin.py:190} INFO - [2025-01-03T21:44:42.488+0100] {dagbag.py:588} INFO - Filling up the DagBag from /Users/azeez.ganiyu/airflow_venv/lib/python3.9/site-packages/airflow/example_dags/example_datasets.py
[2025-01-03T21:44:42.599+0100] {processor.py:925} INFO - DAG(s) 'dataset_consumes_1', 'dataset_produces_2', 'consume_1_and_2_with_dataset_expressions', 'consume_1_or_both_2_and_3_with_dataset_expressions', 'dataset_consumes_1_never_scheduled', 'conditional_dataset_and_time_based_timetable', 'dataset_produces_1', 'dataset_consumes_unknown_never_scheduled', 'dataset_consumes_1_and_2', 'consume_1_or_2_with_dataset_expressions' retrieved from /Users/azeez.ganiyu/airflow_venv/lib/python3.9/site-packages/airflow/example_dags/example_datasets.py
[2025-01-03T21:44:42.760+0100] {logging_mixin.py:190} INFO - [2025-01-03T21:44:42.759+0100] {dag.py:3239} INFO - Sync 10 DAGs
[2025-01-03T21:44:42.777+0100] {logging_mixin.py:190} INFO - [2025-01-03T21:44:42.776+0100] {dag.py:4180} INFO - Setting next_dagrun for conditional_dataset_and_time_based_timetable to 2025-01-01 01:00:00+00:00, run_after=2025-01-01 01:00:00+00:00
[2025-01-03T21:44:42.779+0100] {logging_mixin.py:190} INFO - [2025-01-03T21:44:42.779+0100] {dag.py:4180} INFO - Setting next_dagrun for consume_1_and_2_with_dataset_expressions to None, run_after=None
[2025-01-03T21:44:42.780+0100] {logging_mixin.py:190} INFO - [2025-01-03T21:44:42.780+0100] {dag.py:4180} INFO - Setting next_dagrun for consume_1_or_2_with_dataset_expressions to None, run_after=None
[2025-01-03T21:44:42.781+0100] {logging_mixin.py:190} INFO - [2025-01-03T21:44:42.781+0100] {dag.py:4180} INFO - Setting next_dagrun for consume_1_or_both_2_and_3_with_dataset_expressions to None, run_after=None
[2025-01-03T21:44:42.781+0100] {logging_mixin.py:190} INFO - [2025-01-03T21:44:42.781+0100] {dag.py:4180} INFO - Setting next_dagrun for dataset_consumes_1 to None, run_after=None
[2025-01-03T21:44:42.782+0100] {logging_mixin.py:190} INFO - [2025-01-03T21:44:42.782+0100] {dag.py:4180} INFO - Setting next_dagrun for dataset_consumes_1_and_2 to None, run_after=None
[2025-01-03T21:44:42.783+0100] {logging_mixin.py:190} INFO - [2025-01-03T21:44:42.783+0100] {dag.py:4180} INFO - Setting next_dagrun for dataset_consumes_1_never_scheduled to None, run_after=None
[2025-01-03T21:44:42.783+0100] {logging_mixin.py:190} INFO - [2025-01-03T21:44:42.783+0100] {dag.py:4180} INFO - Setting next_dagrun for dataset_consumes_unknown_never_scheduled to None, run_after=None
[2025-01-03T21:44:42.785+0100] {logging_mixin.py:190} INFO - [2025-01-03T21:44:42.785+0100] {dag.py:4180} INFO - Setting next_dagrun for dataset_produces_1 to 2025-01-02 00:00:00+00:00, run_after=2025-01-03 00:00:00+00:00
[2025-01-03T21:44:42.786+0100] {logging_mixin.py:190} INFO - [2025-01-03T21:44:42.786+0100] {dag.py:4180} INFO - Setting next_dagrun for dataset_produces_2 to None, run_after=None
[2025-01-03T21:44:42.813+0100] {processor.py:208} INFO - Processing /Users/azeez.ganiyu/airflow_venv/lib/python3.9/site-packages/airflow/example_dags/example_datasets.py took 0.337 seconds
[2025-01-03T21:51:08.579+0100] {processor.py:186} INFO - Started process (PID=87389) to work on /Users/azeez.ganiyu/airflow_venv/lib/python3.9/site-packages/airflow/example_dags/example_datasets.py
[2025-01-03T21:51:08.585+0100] {processor.py:914} INFO - Processing file /Users/azeez.ganiyu/airflow_venv/lib/python3.9/site-packages/airflow/example_dags/example_datasets.py for tasks to queue
[2025-01-03T21:51:08.586+0100] {logging_mixin.py:190} INFO - [2025-01-03T21:51:08.586+0100] {dagbag.py:588} INFO - Filling up the DagBag from /Users/azeez.ganiyu/airflow_venv/lib/python3.9/site-packages/airflow/example_dags/example_datasets.py
[2025-01-03T21:51:08.708+0100] {processor.py:925} INFO - DAG(s) 'consume_1_or_both_2_and_3_with_dataset_expressions', 'dataset_produces_1', 'dataset_produces_2', 'dataset_consumes_1', 'dataset_consumes_unknown_never_scheduled', 'dataset_consumes_1_never_scheduled', 'dataset_consumes_1_and_2', 'consume_1_and_2_with_dataset_expressions', 'conditional_dataset_and_time_based_timetable', 'consume_1_or_2_with_dataset_expressions' retrieved from /Users/azeez.ganiyu/airflow_venv/lib/python3.9/site-packages/airflow/example_dags/example_datasets.py
[2025-01-03T21:51:08.867+0100] {logging_mixin.py:190} INFO - [2025-01-03T21:51:08.867+0100] {dag.py:3239} INFO - Sync 10 DAGs
[2025-01-03T21:51:08.886+0100] {logging_mixin.py:190} INFO - [2025-01-03T21:51:08.886+0100] {dag.py:4180} INFO - Setting next_dagrun for conditional_dataset_and_time_based_timetable to 2025-01-01 01:00:00+00:00, run_after=2025-01-01 01:00:00+00:00
[2025-01-03T21:51:08.889+0100] {logging_mixin.py:190} INFO - [2025-01-03T21:51:08.889+0100] {dag.py:4180} INFO - Setting next_dagrun for consume_1_and_2_with_dataset_expressions to None, run_after=None
[2025-01-03T21:51:08.890+0100] {logging_mixin.py:190} INFO - [2025-01-03T21:51:08.890+0100] {dag.py:4180} INFO - Setting next_dagrun for consume_1_or_2_with_dataset_expressions to None, run_after=None
[2025-01-03T21:51:08.891+0100] {logging_mixin.py:190} INFO - [2025-01-03T21:51:08.891+0100] {dag.py:4180} INFO - Setting next_dagrun for consume_1_or_both_2_and_3_with_dataset_expressions to None, run_after=None
[2025-01-03T21:51:08.892+0100] {logging_mixin.py:190} INFO - [2025-01-03T21:51:08.891+0100] {dag.py:4180} INFO - Setting next_dagrun for dataset_consumes_1 to None, run_after=None
[2025-01-03T21:51:08.892+0100] {logging_mixin.py:190} INFO - [2025-01-03T21:51:08.892+0100] {dag.py:4180} INFO - Setting next_dagrun for dataset_consumes_1_and_2 to None, run_after=None
[2025-01-03T21:51:08.893+0100] {logging_mixin.py:190} INFO - [2025-01-03T21:51:08.893+0100] {dag.py:4180} INFO - Setting next_dagrun for dataset_consumes_1_never_scheduled to None, run_after=None
[2025-01-03T21:51:08.894+0100] {logging_mixin.py:190} INFO - [2025-01-03T21:51:08.894+0100] {dag.py:4180} INFO - Setting next_dagrun for dataset_consumes_unknown_never_scheduled to None, run_after=None
[2025-01-03T21:51:08.896+0100] {logging_mixin.py:190} INFO - [2025-01-03T21:51:08.895+0100] {dag.py:4180} INFO - Setting next_dagrun for dataset_produces_1 to 2025-01-02 00:00:00+00:00, run_after=2025-01-03 00:00:00+00:00
[2025-01-03T21:51:08.896+0100] {logging_mixin.py:190} INFO - [2025-01-03T21:51:08.896+0100] {dag.py:4180} INFO - Setting next_dagrun for dataset_produces_2 to None, run_after=None
[2025-01-03T21:51:08.927+0100] {processor.py:208} INFO - Processing /Users/azeez.ganiyu/airflow_venv/lib/python3.9/site-packages/airflow/example_dags/example_datasets.py took 0.356 seconds
