[2025-01-03T21:29:06.774+0100] {processor.py:186} INFO - Started process (PID=77930) to work on /Users/azeez.ganiyu/airflow_venv/lib/python3.9/site-packages/airflow/example_dags/example_subdag_operator.py
[2025-01-03T21:29:06.780+0100] {processor.py:914} INFO - Processing file /Users/azeez.ganiyu/airflow_venv/lib/python3.9/site-packages/airflow/example_dags/example_subdag_operator.py for tasks to queue
[2025-01-03T21:29:06.781+0100] {logging_mixin.py:190} INFO - [2025-01-03T21:29:06.781+0100] {dagbag.py:588} INFO - Filling up the DagBag from /Users/azeez.ganiyu/airflow_venv/lib/python3.9/site-packages/airflow/example_dags/example_subdag_operator.py
[2025-01-03T21:29:06.941+0100] {processor.py:925} INFO - DAG(s) 'example_subdag_operator.section-1', 'example_subdag_operator.section-2', 'example_subdag_operator' retrieved from /Users/azeez.ganiyu/airflow_venv/lib/python3.9/site-packages/airflow/example_dags/example_subdag_operator.py
[2025-01-03T21:29:06.961+0100] {logging_mixin.py:190} INFO - [2025-01-03T21:29:06.961+0100] {workday.py:41} WARNING - Could not import pandas. Holidays will not be considered.
[2025-01-03T21:29:07.122+0100] {logging_mixin.py:190} INFO - [2025-01-03T21:29:07.121+0100] {override.py:1912} INFO - Created Permission View: can edit on DAG:example_subdag_operator
[2025-01-03T21:29:07.131+0100] {logging_mixin.py:190} INFO - [2025-01-03T21:29:07.131+0100] {override.py:1912} INFO - Created Permission View: can read on DAG:example_subdag_operator
[2025-01-03T21:29:07.141+0100] {logging_mixin.py:190} INFO - [2025-01-03T21:29:07.141+0100] {override.py:1912} INFO - Created Permission View: can delete on DAG:example_subdag_operator
[2025-01-03T21:29:07.154+0100] {logging_mixin.py:190} INFO - [2025-01-03T21:29:07.154+0100] {override.py:1912} INFO - Created Permission View: can read on DAG Run:example_subdag_operator
[2025-01-03T21:29:07.162+0100] {logging_mixin.py:190} INFO - [2025-01-03T21:29:07.162+0100] {override.py:1912} INFO - Created Permission View: menu access on DAG Run:example_subdag_operator
[2025-01-03T21:29:07.171+0100] {logging_mixin.py:190} INFO - [2025-01-03T21:29:07.171+0100] {override.py:1912} INFO - Created Permission View: can delete on DAG Run:example_subdag_operator
[2025-01-03T21:29:07.179+0100] {logging_mixin.py:190} INFO - [2025-01-03T21:29:07.179+0100] {override.py:1912} INFO - Created Permission View: can create on DAG Run:example_subdag_operator
[2025-01-03T21:29:07.180+0100] {logging_mixin.py:190} INFO - [2025-01-03T21:29:07.180+0100] {dag.py:3239} INFO - Sync 3 DAGs
[2025-01-03T21:29:07.192+0100] {logging_mixin.py:190} INFO - [2025-01-03T21:29:07.191+0100] {dag.py:3262} INFO - Creating ORM DAG for example_subdag_operator
[2025-01-03T21:29:07.192+0100] {logging_mixin.py:190} INFO - [2025-01-03T21:29:07.192+0100] {dag.py:3262} INFO - Creating ORM DAG for example_subdag_operator.section-1
[2025-01-03T21:29:07.193+0100] {logging_mixin.py:190} INFO - [2025-01-03T21:29:07.193+0100] {dag.py:3262} INFO - Creating ORM DAG for example_subdag_operator.section-2
[2025-01-03T21:29:07.199+0100] {logging_mixin.py:190} INFO - [2025-01-03T21:29:07.199+0100] {dag.py:4180} INFO - Setting next_dagrun for example_subdag_operator to 2022-01-01 00:00:00+00:00, run_after=2022-01-01 00:00:00+00:00
[2025-01-03T21:29:07.200+0100] {logging_mixin.py:190} INFO - [2025-01-03T21:29:07.200+0100] {dag.py:4180} INFO - Setting next_dagrun for example_subdag_operator.section-1 to None, run_after=None
[2025-01-03T21:29:07.200+0100] {logging_mixin.py:190} INFO - [2025-01-03T21:29:07.200+0100] {dag.py:4180} INFO - Setting next_dagrun for example_subdag_operator.section-2 to None, run_after=None
[2025-01-03T21:29:07.207+0100] {logging_mixin.py:190} INFO - [2025-01-03T21:29:07.207+0100] {dag.py:3239} INFO - Sync 2 DAGs
[2025-01-03T21:29:07.211+0100] {logging_mixin.py:190} INFO - [2025-01-03T21:29:07.211+0100] {dag.py:4180} INFO - Setting next_dagrun for example_subdag_operator.section-1 to None, run_after=None
[2025-01-03T21:29:07.214+0100] {logging_mixin.py:190} INFO - [2025-01-03T21:29:07.213+0100] {dag.py:4180} INFO - Setting next_dagrun for example_subdag_operator.section-2 to None, run_after=None
[2025-01-03T21:29:07.228+0100] {processor.py:208} INFO - Processing /Users/azeez.ganiyu/airflow_venv/lib/python3.9/site-packages/airflow/example_dags/example_subdag_operator.py took 0.461 seconds
[2025-01-03T21:32:57.182+0100] {processor.py:186} INFO - Started process (PID=79315) to work on /Users/azeez.ganiyu/airflow_venv/lib/python3.9/site-packages/airflow/example_dags/example_subdag_operator.py
[2025-01-03T21:32:57.188+0100] {processor.py:914} INFO - Processing file /Users/azeez.ganiyu/airflow_venv/lib/python3.9/site-packages/airflow/example_dags/example_subdag_operator.py for tasks to queue
[2025-01-03T21:32:57.189+0100] {logging_mixin.py:190} INFO - [2025-01-03T21:32:57.188+0100] {dagbag.py:588} INFO - Filling up the DagBag from /Users/azeez.ganiyu/airflow_venv/lib/python3.9/site-packages/airflow/example_dags/example_subdag_operator.py
[2025-01-03T21:32:57.358+0100] {processor.py:925} INFO - DAG(s) 'example_subdag_operator.section-1', 'example_subdag_operator.section-2', 'example_subdag_operator' retrieved from /Users/azeez.ganiyu/airflow_venv/lib/python3.9/site-packages/airflow/example_dags/example_subdag_operator.py
[2025-01-03T21:32:57.396+0100] {logging_mixin.py:190} INFO - [2025-01-03T21:32:57.396+0100] {workday.py:41} WARNING - Could not import pandas. Holidays will not be considered.
[2025-01-03T21:32:57.433+0100] {logging_mixin.py:190} INFO - [2025-01-03T21:32:57.432+0100] {dag.py:3239} INFO - Sync 3 DAGs
[2025-01-03T21:32:57.450+0100] {logging_mixin.py:190} INFO - [2025-01-03T21:32:57.449+0100] {dag.py:4180} INFO - Setting next_dagrun for example_subdag_operator to 2022-01-01 00:00:00+00:00, run_after=2022-01-01 00:00:00+00:00
[2025-01-03T21:32:57.453+0100] {logging_mixin.py:190} INFO - [2025-01-03T21:32:57.453+0100] {dag.py:4180} INFO - Setting next_dagrun for example_subdag_operator.section-1 to None, run_after=None
[2025-01-03T21:32:57.455+0100] {logging_mixin.py:190} INFO - [2025-01-03T21:32:57.455+0100] {dag.py:4180} INFO - Setting next_dagrun for example_subdag_operator.section-2 to None, run_after=None
[2025-01-03T21:32:57.461+0100] {logging_mixin.py:190} INFO - [2025-01-03T21:32:57.461+0100] {dag.py:3239} INFO - Sync 2 DAGs
[2025-01-03T21:32:57.465+0100] {logging_mixin.py:190} INFO - [2025-01-03T21:32:57.465+0100] {dag.py:4180} INFO - Setting next_dagrun for example_subdag_operator.section-1 to None, run_after=None
[2025-01-03T21:32:57.466+0100] {logging_mixin.py:190} INFO - [2025-01-03T21:32:57.466+0100] {dag.py:4180} INFO - Setting next_dagrun for example_subdag_operator.section-2 to None, run_after=None
[2025-01-03T21:32:57.481+0100] {processor.py:208} INFO - Processing /Users/azeez.ganiyu/airflow_venv/lib/python3.9/site-packages/airflow/example_dags/example_subdag_operator.py took 0.307 seconds
[2025-01-03T21:36:54.833+0100] {processor.py:186} INFO - Started process (PID=81281) to work on /Users/azeez.ganiyu/airflow_venv/lib/python3.9/site-packages/airflow/example_dags/example_subdag_operator.py
[2025-01-03T21:36:54.838+0100] {processor.py:914} INFO - Processing file /Users/azeez.ganiyu/airflow_venv/lib/python3.9/site-packages/airflow/example_dags/example_subdag_operator.py for tasks to queue
[2025-01-03T21:36:54.839+0100] {logging_mixin.py:190} INFO - [2025-01-03T21:36:54.839+0100] {dagbag.py:588} INFO - Filling up the DagBag from /Users/azeez.ganiyu/airflow_venv/lib/python3.9/site-packages/airflow/example_dags/example_subdag_operator.py
[2025-01-03T21:36:54.987+0100] {processor.py:925} INFO - DAG(s) 'example_subdag_operator.section-1', 'example_subdag_operator.section-2', 'example_subdag_operator' retrieved from /Users/azeez.ganiyu/airflow_venv/lib/python3.9/site-packages/airflow/example_dags/example_subdag_operator.py
[2025-01-03T21:36:55.006+0100] {logging_mixin.py:190} INFO - [2025-01-03T21:36:55.006+0100] {workday.py:41} WARNING - Could not import pandas. Holidays will not be considered.
[2025-01-03T21:36:55.038+0100] {logging_mixin.py:190} INFO - [2025-01-03T21:36:55.038+0100] {dag.py:3239} INFO - Sync 3 DAGs
[2025-01-03T21:36:55.053+0100] {logging_mixin.py:190} INFO - [2025-01-03T21:36:55.053+0100] {dag.py:4180} INFO - Setting next_dagrun for example_subdag_operator to 2022-01-01 00:00:00+00:00, run_after=2022-01-01 00:00:00+00:00
[2025-01-03T21:36:55.057+0100] {logging_mixin.py:190} INFO - [2025-01-03T21:36:55.056+0100] {dag.py:4180} INFO - Setting next_dagrun for example_subdag_operator.section-1 to None, run_after=None
[2025-01-03T21:36:55.059+0100] {logging_mixin.py:190} INFO - [2025-01-03T21:36:55.059+0100] {dag.py:4180} INFO - Setting next_dagrun for example_subdag_operator.section-2 to None, run_after=None
[2025-01-03T21:36:55.064+0100] {logging_mixin.py:190} INFO - [2025-01-03T21:36:55.064+0100] {dag.py:3239} INFO - Sync 2 DAGs
[2025-01-03T21:36:55.068+0100] {logging_mixin.py:190} INFO - [2025-01-03T21:36:55.067+0100] {dag.py:4180} INFO - Setting next_dagrun for example_subdag_operator.section-1 to None, run_after=None
[2025-01-03T21:36:55.068+0100] {logging_mixin.py:190} INFO - [2025-01-03T21:36:55.068+0100] {dag.py:4180} INFO - Setting next_dagrun for example_subdag_operator.section-2 to None, run_after=None
[2025-01-03T21:36:55.083+0100] {processor.py:208} INFO - Processing /Users/azeez.ganiyu/airflow_venv/lib/python3.9/site-packages/airflow/example_dags/example_subdag_operator.py took 0.257 seconds
[2025-01-03T21:40:01.310+0100] {processor.py:186} INFO - Started process (PID=82301) to work on /Users/azeez.ganiyu/airflow_venv/lib/python3.9/site-packages/airflow/example_dags/example_subdag_operator.py
[2025-01-03T21:40:01.315+0100] {processor.py:914} INFO - Processing file /Users/azeez.ganiyu/airflow_venv/lib/python3.9/site-packages/airflow/example_dags/example_subdag_operator.py for tasks to queue
[2025-01-03T21:40:01.316+0100] {logging_mixin.py:190} INFO - [2025-01-03T21:40:01.316+0100] {dagbag.py:588} INFO - Filling up the DagBag from /Users/azeez.ganiyu/airflow_venv/lib/python3.9/site-packages/airflow/example_dags/example_subdag_operator.py
[2025-01-03T21:40:01.475+0100] {processor.py:925} INFO - DAG(s) 'example_subdag_operator.section-1', 'example_subdag_operator.section-2', 'example_subdag_operator' retrieved from /Users/azeez.ganiyu/airflow_venv/lib/python3.9/site-packages/airflow/example_dags/example_subdag_operator.py
[2025-01-03T21:40:01.496+0100] {logging_mixin.py:190} INFO - [2025-01-03T21:40:01.496+0100] {workday.py:41} WARNING - Could not import pandas. Holidays will not be considered.
[2025-01-03T21:40:01.530+0100] {logging_mixin.py:190} INFO - [2025-01-03T21:40:01.529+0100] {dag.py:3239} INFO - Sync 3 DAGs
[2025-01-03T21:40:01.546+0100] {logging_mixin.py:190} INFO - [2025-01-03T21:40:01.546+0100] {dag.py:4180} INFO - Setting next_dagrun for example_subdag_operator to 2022-01-01 00:00:00+00:00, run_after=2022-01-01 00:00:00+00:00
[2025-01-03T21:40:01.549+0100] {logging_mixin.py:190} INFO - [2025-01-03T21:40:01.549+0100] {dag.py:4180} INFO - Setting next_dagrun for example_subdag_operator.section-1 to None, run_after=None
[2025-01-03T21:40:01.551+0100] {logging_mixin.py:190} INFO - [2025-01-03T21:40:01.550+0100] {dag.py:4180} INFO - Setting next_dagrun for example_subdag_operator.section-2 to None, run_after=None
[2025-01-03T21:40:01.556+0100] {logging_mixin.py:190} INFO - [2025-01-03T21:40:01.556+0100] {dag.py:3239} INFO - Sync 2 DAGs
[2025-01-03T21:40:01.560+0100] {logging_mixin.py:190} INFO - [2025-01-03T21:40:01.559+0100] {dag.py:4180} INFO - Setting next_dagrun for example_subdag_operator.section-1 to None, run_after=None
[2025-01-03T21:40:01.560+0100] {logging_mixin.py:190} INFO - [2025-01-03T21:40:01.560+0100] {dag.py:4180} INFO - Setting next_dagrun for example_subdag_operator.section-2 to None, run_after=None
[2025-01-03T21:40:01.576+0100] {processor.py:208} INFO - Processing /Users/azeez.ganiyu/airflow_venv/lib/python3.9/site-packages/airflow/example_dags/example_subdag_operator.py took 0.274 seconds
[2025-01-03T21:43:07.956+0100] {processor.py:186} INFO - Started process (PID=84093) to work on /Users/azeez.ganiyu/airflow_venv/lib/python3.9/site-packages/airflow/example_dags/example_subdag_operator.py
[2025-01-03T21:43:07.961+0100] {processor.py:914} INFO - Processing file /Users/azeez.ganiyu/airflow_venv/lib/python3.9/site-packages/airflow/example_dags/example_subdag_operator.py for tasks to queue
[2025-01-03T21:43:07.962+0100] {logging_mixin.py:190} INFO - [2025-01-03T21:43:07.962+0100] {dagbag.py:588} INFO - Filling up the DagBag from /Users/azeez.ganiyu/airflow_venv/lib/python3.9/site-packages/airflow/example_dags/example_subdag_operator.py
[2025-01-03T21:43:08.106+0100] {processor.py:925} INFO - DAG(s) 'example_subdag_operator.section-1', 'example_subdag_operator.section-2', 'example_subdag_operator' retrieved from /Users/azeez.ganiyu/airflow_venv/lib/python3.9/site-packages/airflow/example_dags/example_subdag_operator.py
[2025-01-03T21:43:08.125+0100] {logging_mixin.py:190} INFO - [2025-01-03T21:43:08.125+0100] {workday.py:41} WARNING - Could not import pandas. Holidays will not be considered.
[2025-01-03T21:43:08.152+0100] {logging_mixin.py:190} INFO - [2025-01-03T21:43:08.152+0100] {dag.py:3239} INFO - Sync 3 DAGs
[2025-01-03T21:43:08.166+0100] {logging_mixin.py:190} INFO - [2025-01-03T21:43:08.165+0100] {dag.py:4180} INFO - Setting next_dagrun for example_subdag_operator to 2022-01-01 00:00:00+00:00, run_after=2022-01-01 00:00:00+00:00
[2025-01-03T21:43:08.168+0100] {logging_mixin.py:190} INFO - [2025-01-03T21:43:08.168+0100] {dag.py:4180} INFO - Setting next_dagrun for example_subdag_operator.section-1 to None, run_after=None
[2025-01-03T21:43:08.169+0100] {logging_mixin.py:190} INFO - [2025-01-03T21:43:08.169+0100] {dag.py:4180} INFO - Setting next_dagrun for example_subdag_operator.section-2 to None, run_after=None
[2025-01-03T21:43:08.175+0100] {logging_mixin.py:190} INFO - [2025-01-03T21:43:08.174+0100] {dag.py:3239} INFO - Sync 2 DAGs
[2025-01-03T21:43:08.178+0100] {logging_mixin.py:190} INFO - [2025-01-03T21:43:08.178+0100] {dag.py:4180} INFO - Setting next_dagrun for example_subdag_operator.section-1 to None, run_after=None
[2025-01-03T21:43:08.178+0100] {logging_mixin.py:190} INFO - [2025-01-03T21:43:08.178+0100] {dag.py:4180} INFO - Setting next_dagrun for example_subdag_operator.section-2 to None, run_after=None
[2025-01-03T21:43:08.193+0100] {processor.py:208} INFO - Processing /Users/azeez.ganiyu/airflow_venv/lib/python3.9/site-packages/airflow/example_dags/example_subdag_operator.py took 0.245 seconds
[2025-01-03T21:46:16.449+0100] {processor.py:186} INFO - Started process (PID=85690) to work on /Users/azeez.ganiyu/airflow_venv/lib/python3.9/site-packages/airflow/example_dags/example_subdag_operator.py
[2025-01-03T21:46:16.453+0100] {processor.py:914} INFO - Processing file /Users/azeez.ganiyu/airflow_venv/lib/python3.9/site-packages/airflow/example_dags/example_subdag_operator.py for tasks to queue
[2025-01-03T21:46:16.454+0100] {logging_mixin.py:190} INFO - [2025-01-03T21:46:16.454+0100] {dagbag.py:588} INFO - Filling up the DagBag from /Users/azeez.ganiyu/airflow_venv/lib/python3.9/site-packages/airflow/example_dags/example_subdag_operator.py
[2025-01-03T21:46:16.602+0100] {processor.py:925} INFO - DAG(s) 'example_subdag_operator.section-1', 'example_subdag_operator.section-2', 'example_subdag_operator' retrieved from /Users/azeez.ganiyu/airflow_venv/lib/python3.9/site-packages/airflow/example_dags/example_subdag_operator.py
[2025-01-03T21:46:16.620+0100] {logging_mixin.py:190} INFO - [2025-01-03T21:46:16.620+0100] {workday.py:41} WARNING - Could not import pandas. Holidays will not be considered.
[2025-01-03T21:46:16.651+0100] {logging_mixin.py:190} INFO - [2025-01-03T21:46:16.650+0100] {dag.py:3239} INFO - Sync 3 DAGs
[2025-01-03T21:46:16.665+0100] {logging_mixin.py:190} INFO - [2025-01-03T21:46:16.665+0100] {dag.py:4180} INFO - Setting next_dagrun for example_subdag_operator to 2022-01-01 00:00:00+00:00, run_after=2022-01-01 00:00:00+00:00
[2025-01-03T21:46:16.668+0100] {logging_mixin.py:190} INFO - [2025-01-03T21:46:16.668+0100] {dag.py:4180} INFO - Setting next_dagrun for example_subdag_operator.section-1 to None, run_after=None
[2025-01-03T21:46:16.670+0100] {logging_mixin.py:190} INFO - [2025-01-03T21:46:16.670+0100] {dag.py:4180} INFO - Setting next_dagrun for example_subdag_operator.section-2 to None, run_after=None
[2025-01-03T21:46:16.676+0100] {logging_mixin.py:190} INFO - [2025-01-03T21:46:16.675+0100] {dag.py:3239} INFO - Sync 2 DAGs
[2025-01-03T21:46:16.679+0100] {logging_mixin.py:190} INFO - [2025-01-03T21:46:16.679+0100] {dag.py:4180} INFO - Setting next_dagrun for example_subdag_operator.section-1 to None, run_after=None
[2025-01-03T21:46:16.679+0100] {logging_mixin.py:190} INFO - [2025-01-03T21:46:16.679+0100] {dag.py:4180} INFO - Setting next_dagrun for example_subdag_operator.section-2 to None, run_after=None
[2025-01-03T21:46:16.693+0100] {processor.py:208} INFO - Processing /Users/azeez.ganiyu/airflow_venv/lib/python3.9/site-packages/airflow/example_dags/example_subdag_operator.py took 0.251 seconds
[2025-01-03T21:49:31.470+0100] {processor.py:186} INFO - Started process (PID=86840) to work on /Users/azeez.ganiyu/airflow_venv/lib/python3.9/site-packages/airflow/example_dags/example_subdag_operator.py
[2025-01-03T21:49:31.477+0100] {processor.py:914} INFO - Processing file /Users/azeez.ganiyu/airflow_venv/lib/python3.9/site-packages/airflow/example_dags/example_subdag_operator.py for tasks to queue
[2025-01-03T21:49:31.479+0100] {logging_mixin.py:190} INFO - [2025-01-03T21:49:31.479+0100] {dagbag.py:588} INFO - Filling up the DagBag from /Users/azeez.ganiyu/airflow_venv/lib/python3.9/site-packages/airflow/example_dags/example_subdag_operator.py
[2025-01-03T21:49:31.630+0100] {processor.py:925} INFO - DAG(s) 'example_subdag_operator.section-1', 'example_subdag_operator.section-2', 'example_subdag_operator' retrieved from /Users/azeez.ganiyu/airflow_venv/lib/python3.9/site-packages/airflow/example_dags/example_subdag_operator.py
[2025-01-03T21:49:31.649+0100] {logging_mixin.py:190} INFO - [2025-01-03T21:49:31.649+0100] {workday.py:41} WARNING - Could not import pandas. Holidays will not be considered.
[2025-01-03T21:49:31.678+0100] {logging_mixin.py:190} INFO - [2025-01-03T21:49:31.678+0100] {dag.py:3239} INFO - Sync 3 DAGs
[2025-01-03T21:49:31.692+0100] {logging_mixin.py:190} INFO - [2025-01-03T21:49:31.692+0100] {dag.py:4180} INFO - Setting next_dagrun for example_subdag_operator to 2022-01-01 00:00:00+00:00, run_after=2022-01-01 00:00:00+00:00
[2025-01-03T21:49:31.695+0100] {logging_mixin.py:190} INFO - [2025-01-03T21:49:31.695+0100] {dag.py:4180} INFO - Setting next_dagrun for example_subdag_operator.section-1 to None, run_after=None
[2025-01-03T21:49:31.697+0100] {logging_mixin.py:190} INFO - [2025-01-03T21:49:31.696+0100] {dag.py:4180} INFO - Setting next_dagrun for example_subdag_operator.section-2 to None, run_after=None
[2025-01-03T21:49:31.702+0100] {logging_mixin.py:190} INFO - [2025-01-03T21:49:31.702+0100] {dag.py:3239} INFO - Sync 2 DAGs
[2025-01-03T21:49:31.705+0100] {logging_mixin.py:190} INFO - [2025-01-03T21:49:31.705+0100] {dag.py:4180} INFO - Setting next_dagrun for example_subdag_operator.section-1 to None, run_after=None
[2025-01-03T21:49:31.705+0100] {logging_mixin.py:190} INFO - [2025-01-03T21:49:31.705+0100] {dag.py:4180} INFO - Setting next_dagrun for example_subdag_operator.section-2 to None, run_after=None
[2025-01-03T21:49:31.721+0100] {processor.py:208} INFO - Processing /Users/azeez.ganiyu/airflow_venv/lib/python3.9/site-packages/airflow/example_dags/example_subdag_operator.py took 0.258 seconds
