[2025-01-03T21:34:07.290+0100] {processor.py:186} INFO - Started process (PID=79630) to work on /Users/azeez.ganiyu/airflow_venv/lib/python3.9/site-packages/airflow/example_dags/example_latest_only_with_trigger.py
[2025-01-03T21:34:07.297+0100] {processor.py:914} INFO - Processing file /Users/azeez.ganiyu/airflow_venv/lib/python3.9/site-packages/airflow/example_dags/example_latest_only_with_trigger.py for tasks to queue
[2025-01-03T21:34:07.299+0100] {logging_mixin.py:190} INFO - [2025-01-03T21:34:07.299+0100] {dagbag.py:588} INFO - Filling up the DagBag from /Users/azeez.ganiyu/airflow_venv/lib/python3.9/site-packages/airflow/example_dags/example_latest_only_with_trigger.py
[2025-01-03T21:34:07.317+0100] {processor.py:925} INFO - DAG(s) 'latest_only_with_trigger' retrieved from /Users/azeez.ganiyu/airflow_venv/lib/python3.9/site-packages/airflow/example_dags/example_latest_only_with_trigger.py
[2025-01-03T21:34:07.613+0100] {logging_mixin.py:190} INFO - [2025-01-03T21:34:07.612+0100] {override.py:1912} INFO - Created Permission View: can read on DAG:latest_only_with_trigger
[2025-01-03T21:34:07.627+0100] {logging_mixin.py:190} INFO - [2025-01-03T21:34:07.626+0100] {override.py:1912} INFO - Created Permission View: can edit on DAG:latest_only_with_trigger
[2025-01-03T21:34:07.639+0100] {logging_mixin.py:190} INFO - [2025-01-03T21:34:07.638+0100] {override.py:1912} INFO - Created Permission View: can delete on DAG:latest_only_with_trigger
[2025-01-03T21:34:07.656+0100] {logging_mixin.py:190} INFO - [2025-01-03T21:34:07.655+0100] {override.py:1912} INFO - Created Permission View: can read on DAG Run:latest_only_with_trigger
[2025-01-03T21:34:07.667+0100] {logging_mixin.py:190} INFO - [2025-01-03T21:34:07.666+0100] {override.py:1912} INFO - Created Permission View: can create on DAG Run:latest_only_with_trigger
[2025-01-03T21:34:07.678+0100] {logging_mixin.py:190} INFO - [2025-01-03T21:34:07.677+0100] {override.py:1912} INFO - Created Permission View: menu access on DAG Run:latest_only_with_trigger
[2025-01-03T21:34:07.686+0100] {logging_mixin.py:190} INFO - [2025-01-03T21:34:07.685+0100] {override.py:1912} INFO - Created Permission View: can delete on DAG Run:latest_only_with_trigger
[2025-01-03T21:34:07.686+0100] {logging_mixin.py:190} INFO - [2025-01-03T21:34:07.686+0100] {dag.py:3239} INFO - Sync 1 DAGs
[2025-01-03T21:34:07.701+0100] {logging_mixin.py:190} INFO - [2025-01-03T21:34:07.701+0100] {dag.py:3262} INFO - Creating ORM DAG for latest_only_with_trigger
[2025-01-03T21:34:07.715+0100] {logging_mixin.py:190} INFO - [2025-01-03T21:34:07.715+0100] {dag.py:4180} INFO - Setting next_dagrun for latest_only_with_trigger to 2025-01-03 16:00:00+00:00, run_after=2025-01-03 20:00:00+00:00
[2025-01-03T21:34:07.738+0100] {processor.py:208} INFO - Processing /Users/azeez.ganiyu/airflow_venv/lib/python3.9/site-packages/airflow/example_dags/example_latest_only_with_trigger.py took 0.455 seconds
[2025-01-03T21:38:00.286+0100] {processor.py:186} INFO - Started process (PID=81639) to work on /Users/azeez.ganiyu/airflow_venv/lib/python3.9/site-packages/airflow/example_dags/example_latest_only_with_trigger.py
[2025-01-03T21:38:00.291+0100] {processor.py:914} INFO - Processing file /Users/azeez.ganiyu/airflow_venv/lib/python3.9/site-packages/airflow/example_dags/example_latest_only_with_trigger.py for tasks to queue
[2025-01-03T21:38:00.293+0100] {logging_mixin.py:190} INFO - [2025-01-03T21:38:00.292+0100] {dagbag.py:588} INFO - Filling up the DagBag from /Users/azeez.ganiyu/airflow_venv/lib/python3.9/site-packages/airflow/example_dags/example_latest_only_with_trigger.py
[2025-01-03T21:38:00.310+0100] {processor.py:925} INFO - DAG(s) 'latest_only_with_trigger' retrieved from /Users/azeez.ganiyu/airflow_venv/lib/python3.9/site-packages/airflow/example_dags/example_latest_only_with_trigger.py
[2025-01-03T21:38:00.452+0100] {logging_mixin.py:190} INFO - [2025-01-03T21:38:00.452+0100] {dag.py:3239} INFO - Sync 1 DAGs
[2025-01-03T21:38:00.470+0100] {logging_mixin.py:190} INFO - [2025-01-03T21:38:00.470+0100] {dag.py:4180} INFO - Setting next_dagrun for latest_only_with_trigger to 2025-01-03 16:00:00+00:00, run_after=2025-01-03 20:00:00+00:00
[2025-01-03T21:38:00.492+0100] {processor.py:208} INFO - Processing /Users/azeez.ganiyu/airflow_venv/lib/python3.9/site-packages/airflow/example_dags/example_latest_only_with_trigger.py took 0.213 seconds
[2025-01-03T21:41:08.049+0100] {processor.py:186} INFO - Started process (PID=83343) to work on /Users/azeez.ganiyu/airflow_venv/lib/python3.9/site-packages/airflow/example_dags/example_latest_only_with_trigger.py
[2025-01-03T21:41:08.055+0100] {processor.py:914} INFO - Processing file /Users/azeez.ganiyu/airflow_venv/lib/python3.9/site-packages/airflow/example_dags/example_latest_only_with_trigger.py for tasks to queue
[2025-01-03T21:41:08.056+0100] {logging_mixin.py:190} INFO - [2025-01-03T21:41:08.056+0100] {dagbag.py:588} INFO - Filling up the DagBag from /Users/azeez.ganiyu/airflow_venv/lib/python3.9/site-packages/airflow/example_dags/example_latest_only_with_trigger.py
[2025-01-03T21:41:08.072+0100] {processor.py:925} INFO - DAG(s) 'latest_only_with_trigger' retrieved from /Users/azeez.ganiyu/airflow_venv/lib/python3.9/site-packages/airflow/example_dags/example_latest_only_with_trigger.py
[2025-01-03T21:41:08.212+0100] {logging_mixin.py:190} INFO - [2025-01-03T21:41:08.212+0100] {dag.py:3239} INFO - Sync 1 DAGs
[2025-01-03T21:41:08.231+0100] {logging_mixin.py:190} INFO - [2025-01-03T21:41:08.230+0100] {dag.py:4180} INFO - Setting next_dagrun for latest_only_with_trigger to 2025-01-03 16:00:00+00:00, run_after=2025-01-03 20:00:00+00:00
[2025-01-03T21:41:08.253+0100] {processor.py:208} INFO - Processing /Users/azeez.ganiyu/airflow_venv/lib/python3.9/site-packages/airflow/example_dags/example_latest_only_with_trigger.py took 0.212 seconds
[2025-01-03T21:44:12.881+0100] {processor.py:186} INFO - Started process (PID=84464) to work on /Users/azeez.ganiyu/airflow_venv/lib/python3.9/site-packages/airflow/example_dags/example_latest_only_with_trigger.py
[2025-01-03T21:44:12.886+0100] {processor.py:914} INFO - Processing file /Users/azeez.ganiyu/airflow_venv/lib/python3.9/site-packages/airflow/example_dags/example_latest_only_with_trigger.py for tasks to queue
[2025-01-03T21:44:12.887+0100] {logging_mixin.py:190} INFO - [2025-01-03T21:44:12.886+0100] {dagbag.py:588} INFO - Filling up the DagBag from /Users/azeez.ganiyu/airflow_venv/lib/python3.9/site-packages/airflow/example_dags/example_latest_only_with_trigger.py
[2025-01-03T21:44:12.902+0100] {processor.py:925} INFO - DAG(s) 'latest_only_with_trigger' retrieved from /Users/azeez.ganiyu/airflow_venv/lib/python3.9/site-packages/airflow/example_dags/example_latest_only_with_trigger.py
[2025-01-03T21:44:13.043+0100] {logging_mixin.py:190} INFO - [2025-01-03T21:44:13.042+0100] {dag.py:3239} INFO - Sync 1 DAGs
[2025-01-03T21:44:13.062+0100] {logging_mixin.py:190} INFO - [2025-01-03T21:44:13.061+0100] {dag.py:4180} INFO - Setting next_dagrun for latest_only_with_trigger to 2025-01-03 16:00:00+00:00, run_after=2025-01-03 20:00:00+00:00
[2025-01-03T21:44:13.088+0100] {processor.py:208} INFO - Processing /Users/azeez.ganiyu/airflow_venv/lib/python3.9/site-packages/airflow/example_dags/example_latest_only_with_trigger.py took 0.214 seconds
[2025-01-03T21:47:22.866+0100] {processor.py:186} INFO - Started process (PID=86101) to work on /Users/azeez.ganiyu/airflow_venv/lib/python3.9/site-packages/airflow/example_dags/example_latest_only_with_trigger.py
[2025-01-03T21:47:22.871+0100] {processor.py:914} INFO - Processing file /Users/azeez.ganiyu/airflow_venv/lib/python3.9/site-packages/airflow/example_dags/example_latest_only_with_trigger.py for tasks to queue
[2025-01-03T21:47:22.872+0100] {logging_mixin.py:190} INFO - [2025-01-03T21:47:22.872+0100] {dagbag.py:588} INFO - Filling up the DagBag from /Users/azeez.ganiyu/airflow_venv/lib/python3.9/site-packages/airflow/example_dags/example_latest_only_with_trigger.py
[2025-01-03T21:47:22.888+0100] {processor.py:925} INFO - DAG(s) 'latest_only_with_trigger' retrieved from /Users/azeez.ganiyu/airflow_venv/lib/python3.9/site-packages/airflow/example_dags/example_latest_only_with_trigger.py
[2025-01-03T21:47:23.025+0100] {logging_mixin.py:190} INFO - [2025-01-03T21:47:23.025+0100] {dag.py:3239} INFO - Sync 1 DAGs
[2025-01-03T21:47:23.045+0100] {logging_mixin.py:190} INFO - [2025-01-03T21:47:23.044+0100] {dag.py:4180} INFO - Setting next_dagrun for latest_only_with_trigger to 2025-01-03 16:00:00+00:00, run_after=2025-01-03 20:00:00+00:00
[2025-01-03T21:47:23.065+0100] {processor.py:208} INFO - Processing /Users/azeez.ganiyu/airflow_venv/lib/python3.9/site-packages/airflow/example_dags/example_latest_only_with_trigger.py took 0.208 seconds
[2025-01-03T21:50:36.700+0100] {processor.py:186} INFO - Started process (PID=87191) to work on /Users/azeez.ganiyu/airflow_venv/lib/python3.9/site-packages/airflow/example_dags/example_latest_only_with_trigger.py
[2025-01-03T21:50:36.706+0100] {processor.py:914} INFO - Processing file /Users/azeez.ganiyu/airflow_venv/lib/python3.9/site-packages/airflow/example_dags/example_latest_only_with_trigger.py for tasks to queue
[2025-01-03T21:50:36.707+0100] {logging_mixin.py:190} INFO - [2025-01-03T21:50:36.707+0100] {dagbag.py:588} INFO - Filling up the DagBag from /Users/azeez.ganiyu/airflow_venv/lib/python3.9/site-packages/airflow/example_dags/example_latest_only_with_trigger.py
[2025-01-03T21:50:36.730+0100] {processor.py:925} INFO - DAG(s) 'latest_only_with_trigger' retrieved from /Users/azeez.ganiyu/airflow_venv/lib/python3.9/site-packages/airflow/example_dags/example_latest_only_with_trigger.py
[2025-01-03T21:50:36.938+0100] {logging_mixin.py:190} INFO - [2025-01-03T21:50:36.937+0100] {dag.py:3239} INFO - Sync 1 DAGs
[2025-01-03T21:50:36.965+0100] {logging_mixin.py:190} INFO - [2025-01-03T21:50:36.965+0100] {dag.py:4180} INFO - Setting next_dagrun for latest_only_with_trigger to 2025-01-03 16:00:00+00:00, run_after=2025-01-03 20:00:00+00:00
[2025-01-03T21:50:36.990+0100] {processor.py:208} INFO - Processing /Users/azeez.ganiyu/airflow_venv/lib/python3.9/site-packages/airflow/example_dags/example_latest_only_with_trigger.py took 0.298 seconds
