[2025-01-03T21:33:59.078+0100] {processor.py:186} INFO - Started process (PID=79586) to work on /Users/azeez.ganiyu/airflow_venv/lib/python3.9/site-packages/airflow/example_dags/example_nested_branch_dag.py
[2025-01-03T21:33:59.083+0100] {processor.py:914} INFO - Processing file /Users/azeez.ganiyu/airflow_venv/lib/python3.9/site-packages/airflow/example_dags/example_nested_branch_dag.py for tasks to queue
[2025-01-03T21:33:59.084+0100] {logging_mixin.py:190} INFO - [2025-01-03T21:33:59.084+0100] {dagbag.py:588} INFO - Filling up the DagBag from /Users/azeez.ganiyu/airflow_venv/lib/python3.9/site-packages/airflow/example_dags/example_nested_branch_dag.py
[2025-01-03T21:33:59.150+0100] {processor.py:925} INFO - DAG(s) 'example_nested_branch_dag' retrieved from /Users/azeez.ganiyu/airflow_venv/lib/python3.9/site-packages/airflow/example_dags/example_nested_branch_dag.py
[2025-01-03T21:33:59.418+0100] {logging_mixin.py:190} INFO - [2025-01-03T21:33:59.417+0100] {override.py:1912} INFO - Created Permission View: can delete on DAG:example_nested_branch_dag
[2025-01-03T21:33:59.430+0100] {logging_mixin.py:190} INFO - [2025-01-03T21:33:59.429+0100] {override.py:1912} INFO - Created Permission View: can read on DAG:example_nested_branch_dag
[2025-01-03T21:33:59.437+0100] {logging_mixin.py:190} INFO - [2025-01-03T21:33:59.437+0100] {override.py:1912} INFO - Created Permission View: can edit on DAG:example_nested_branch_dag
[2025-01-03T21:33:59.451+0100] {logging_mixin.py:190} INFO - [2025-01-03T21:33:59.450+0100] {override.py:1912} INFO - Created Permission View: menu access on DAG Run:example_nested_branch_dag
[2025-01-03T21:33:59.460+0100] {logging_mixin.py:190} INFO - [2025-01-03T21:33:59.460+0100] {override.py:1912} INFO - Created Permission View: can delete on DAG Run:example_nested_branch_dag
[2025-01-03T21:33:59.469+0100] {logging_mixin.py:190} INFO - [2025-01-03T21:33:59.469+0100] {override.py:1912} INFO - Created Permission View: can read on DAG Run:example_nested_branch_dag
[2025-01-03T21:33:59.480+0100] {logging_mixin.py:190} INFO - [2025-01-03T21:33:59.479+0100] {override.py:1912} INFO - Created Permission View: can create on DAG Run:example_nested_branch_dag
[2025-01-03T21:33:59.480+0100] {logging_mixin.py:190} INFO - [2025-01-03T21:33:59.480+0100] {dag.py:3239} INFO - Sync 1 DAGs
[2025-01-03T21:33:59.492+0100] {logging_mixin.py:190} INFO - [2025-01-03T21:33:59.492+0100] {dag.py:3262} INFO - Creating ORM DAG for example_nested_branch_dag
[2025-01-03T21:33:59.499+0100] {logging_mixin.py:190} INFO - [2025-01-03T21:33:59.499+0100] {dag.py:4180} INFO - Setting next_dagrun for example_nested_branch_dag to 2025-01-02 00:00:00+00:00, run_after=2025-01-03 00:00:00+00:00
[2025-01-03T21:33:59.520+0100] {processor.py:208} INFO - Processing /Users/azeez.ganiyu/airflow_venv/lib/python3.9/site-packages/airflow/example_dags/example_nested_branch_dag.py took 0.450 seconds
[2025-01-03T21:37:52.977+0100] {processor.py:186} INFO - Started process (PID=81599) to work on /Users/azeez.ganiyu/airflow_venv/lib/python3.9/site-packages/airflow/example_dags/example_nested_branch_dag.py
[2025-01-03T21:37:52.981+0100] {processor.py:914} INFO - Processing file /Users/azeez.ganiyu/airflow_venv/lib/python3.9/site-packages/airflow/example_dags/example_nested_branch_dag.py for tasks to queue
[2025-01-03T21:37:52.982+0100] {logging_mixin.py:190} INFO - [2025-01-03T21:37:52.982+0100] {dagbag.py:588} INFO - Filling up the DagBag from /Users/azeez.ganiyu/airflow_venv/lib/python3.9/site-packages/airflow/example_dags/example_nested_branch_dag.py
[2025-01-03T21:37:53.045+0100] {processor.py:925} INFO - DAG(s) 'example_nested_branch_dag' retrieved from /Users/azeez.ganiyu/airflow_venv/lib/python3.9/site-packages/airflow/example_dags/example_nested_branch_dag.py
[2025-01-03T21:37:53.182+0100] {logging_mixin.py:190} INFO - [2025-01-03T21:37:53.182+0100] {dag.py:3239} INFO - Sync 1 DAGs
[2025-01-03T21:37:53.198+0100] {logging_mixin.py:190} INFO - [2025-01-03T21:37:53.198+0100] {dag.py:4180} INFO - Setting next_dagrun for example_nested_branch_dag to 2025-01-02 00:00:00+00:00, run_after=2025-01-03 00:00:00+00:00
[2025-01-03T21:37:53.219+0100] {processor.py:208} INFO - Processing /Users/azeez.ganiyu/airflow_venv/lib/python3.9/site-packages/airflow/example_dags/example_nested_branch_dag.py took 0.249 seconds
[2025-01-03T21:41:00.738+0100] {processor.py:186} INFO - Started process (PID=83299) to work on /Users/azeez.ganiyu/airflow_venv/lib/python3.9/site-packages/airflow/example_dags/example_nested_branch_dag.py
[2025-01-03T21:41:00.742+0100] {processor.py:914} INFO - Processing file /Users/azeez.ganiyu/airflow_venv/lib/python3.9/site-packages/airflow/example_dags/example_nested_branch_dag.py for tasks to queue
[2025-01-03T21:41:00.743+0100] {logging_mixin.py:190} INFO - [2025-01-03T21:41:00.743+0100] {dagbag.py:588} INFO - Filling up the DagBag from /Users/azeez.ganiyu/airflow_venv/lib/python3.9/site-packages/airflow/example_dags/example_nested_branch_dag.py
[2025-01-03T21:41:00.803+0100] {processor.py:925} INFO - DAG(s) 'example_nested_branch_dag' retrieved from /Users/azeez.ganiyu/airflow_venv/lib/python3.9/site-packages/airflow/example_dags/example_nested_branch_dag.py
[2025-01-03T21:41:00.936+0100] {logging_mixin.py:190} INFO - [2025-01-03T21:41:00.936+0100] {dag.py:3239} INFO - Sync 1 DAGs
[2025-01-03T21:41:00.951+0100] {logging_mixin.py:190} INFO - [2025-01-03T21:41:00.950+0100] {dag.py:4180} INFO - Setting next_dagrun for example_nested_branch_dag to 2025-01-02 00:00:00+00:00, run_after=2025-01-03 00:00:00+00:00
[2025-01-03T21:41:00.971+0100] {processor.py:208} INFO - Processing /Users/azeez.ganiyu/airflow_venv/lib/python3.9/site-packages/airflow/example_dags/example_nested_branch_dag.py took 0.241 seconds
[2025-01-03T21:44:05.278+0100] {processor.py:186} INFO - Started process (PID=84412) to work on /Users/azeez.ganiyu/airflow_venv/lib/python3.9/site-packages/airflow/example_dags/example_nested_branch_dag.py
[2025-01-03T21:44:05.282+0100] {processor.py:914} INFO - Processing file /Users/azeez.ganiyu/airflow_venv/lib/python3.9/site-packages/airflow/example_dags/example_nested_branch_dag.py for tasks to queue
[2025-01-03T21:44:05.283+0100] {logging_mixin.py:190} INFO - [2025-01-03T21:44:05.283+0100] {dagbag.py:588} INFO - Filling up the DagBag from /Users/azeez.ganiyu/airflow_venv/lib/python3.9/site-packages/airflow/example_dags/example_nested_branch_dag.py
[2025-01-03T21:44:05.347+0100] {processor.py:925} INFO - DAG(s) 'example_nested_branch_dag' retrieved from /Users/azeez.ganiyu/airflow_venv/lib/python3.9/site-packages/airflow/example_dags/example_nested_branch_dag.py
[2025-01-03T21:44:05.503+0100] {logging_mixin.py:190} INFO - [2025-01-03T21:44:05.502+0100] {dag.py:3239} INFO - Sync 1 DAGs
[2025-01-03T21:44:05.522+0100] {logging_mixin.py:190} INFO - [2025-01-03T21:44:05.522+0100] {dag.py:4180} INFO - Setting next_dagrun for example_nested_branch_dag to 2025-01-02 00:00:00+00:00, run_after=2025-01-03 00:00:00+00:00
[2025-01-03T21:44:05.544+0100] {processor.py:208} INFO - Processing /Users/azeez.ganiyu/airflow_venv/lib/python3.9/site-packages/airflow/example_dags/example_nested_branch_dag.py took 0.273 seconds
[2025-01-03T21:47:15.018+0100] {processor.py:186} INFO - Started process (PID=86067) to work on /Users/azeez.ganiyu/airflow_venv/lib/python3.9/site-packages/airflow/example_dags/example_nested_branch_dag.py
[2025-01-03T21:47:15.023+0100] {processor.py:914} INFO - Processing file /Users/azeez.ganiyu/airflow_venv/lib/python3.9/site-packages/airflow/example_dags/example_nested_branch_dag.py for tasks to queue
[2025-01-03T21:47:15.025+0100] {logging_mixin.py:190} INFO - [2025-01-03T21:47:15.024+0100] {dagbag.py:588} INFO - Filling up the DagBag from /Users/azeez.ganiyu/airflow_venv/lib/python3.9/site-packages/airflow/example_dags/example_nested_branch_dag.py
[2025-01-03T21:47:15.084+0100] {processor.py:925} INFO - DAG(s) 'example_nested_branch_dag' retrieved from /Users/azeez.ganiyu/airflow_venv/lib/python3.9/site-packages/airflow/example_dags/example_nested_branch_dag.py
[2025-01-03T21:47:15.230+0100] {logging_mixin.py:190} INFO - [2025-01-03T21:47:15.230+0100] {dag.py:3239} INFO - Sync 1 DAGs
[2025-01-03T21:47:15.247+0100] {logging_mixin.py:190} INFO - [2025-01-03T21:47:15.246+0100] {dag.py:4180} INFO - Setting next_dagrun for example_nested_branch_dag to 2025-01-02 00:00:00+00:00, run_after=2025-01-03 00:00:00+00:00
[2025-01-03T21:47:15.269+0100] {processor.py:208} INFO - Processing /Users/azeez.ganiyu/airflow_venv/lib/python3.9/site-packages/airflow/example_dags/example_nested_branch_dag.py took 0.260 seconds
[2025-01-03T21:50:29.058+0100] {processor.py:186} INFO - Started process (PID=87157) to work on /Users/azeez.ganiyu/airflow_venv/lib/python3.9/site-packages/airflow/example_dags/example_nested_branch_dag.py
[2025-01-03T21:50:29.062+0100] {processor.py:914} INFO - Processing file /Users/azeez.ganiyu/airflow_venv/lib/python3.9/site-packages/airflow/example_dags/example_nested_branch_dag.py for tasks to queue
[2025-01-03T21:50:29.063+0100] {logging_mixin.py:190} INFO - [2025-01-03T21:50:29.063+0100] {dagbag.py:588} INFO - Filling up the DagBag from /Users/azeez.ganiyu/airflow_venv/lib/python3.9/site-packages/airflow/example_dags/example_nested_branch_dag.py
[2025-01-03T21:50:29.127+0100] {processor.py:925} INFO - DAG(s) 'example_nested_branch_dag' retrieved from /Users/azeez.ganiyu/airflow_venv/lib/python3.9/site-packages/airflow/example_dags/example_nested_branch_dag.py
[2025-01-03T21:50:29.277+0100] {logging_mixin.py:190} INFO - [2025-01-03T21:50:29.277+0100] {dag.py:3239} INFO - Sync 1 DAGs
[2025-01-03T21:50:29.295+0100] {logging_mixin.py:190} INFO - [2025-01-03T21:50:29.294+0100] {dag.py:4180} INFO - Setting next_dagrun for example_nested_branch_dag to 2025-01-02 00:00:00+00:00, run_after=2025-01-03 00:00:00+00:00
[2025-01-03T21:50:29.315+0100] {processor.py:208} INFO - Processing /Users/azeez.ganiyu/airflow_venv/lib/python3.9/site-packages/airflow/example_dags/example_nested_branch_dag.py took 0.265 seconds
