[2025-01-03T21:35:01.023+0100] {processor.py:186} INFO - Started process (PID=80631) to work on /Users/azeez.ganiyu/airflow_venv/lib/python3.9/site-packages/airflow/example_dags/example_complex.py
[2025-01-03T21:35:01.028+0100] {processor.py:914} INFO - Processing file /Users/azeez.ganiyu/airflow_venv/lib/python3.9/site-packages/airflow/example_dags/example_complex.py for tasks to queue
[2025-01-03T21:35:01.029+0100] {logging_mixin.py:190} INFO - [2025-01-03T21:35:01.029+0100] {dagbag.py:588} INFO - Filling up the DagBag from /Users/azeez.ganiyu/airflow_venv/lib/python3.9/site-packages/airflow/example_dags/example_complex.py
[2025-01-03T21:35:01.056+0100] {processor.py:925} INFO - DAG(s) 'example_complex' retrieved from /Users/azeez.ganiyu/airflow_venv/lib/python3.9/site-packages/airflow/example_dags/example_complex.py
[2025-01-03T21:35:01.360+0100] {logging_mixin.py:190} INFO - [2025-01-03T21:35:01.360+0100] {override.py:1912} INFO - Created Permission View: can delete on DAG:example_complex
[2025-01-03T21:35:01.370+0100] {logging_mixin.py:190} INFO - [2025-01-03T21:35:01.370+0100] {override.py:1912} INFO - Created Permission View: can edit on DAG:example_complex
[2025-01-03T21:35:01.379+0100] {logging_mixin.py:190} INFO - [2025-01-03T21:35:01.379+0100] {override.py:1912} INFO - Created Permission View: can read on DAG:example_complex
[2025-01-03T21:35:01.392+0100] {logging_mixin.py:190} INFO - [2025-01-03T21:35:01.392+0100] {override.py:1912} INFO - Created Permission View: can delete on DAG Run:example_complex
[2025-01-03T21:35:01.401+0100] {logging_mixin.py:190} INFO - [2025-01-03T21:35:01.400+0100] {override.py:1912} INFO - Created Permission View: can create on DAG Run:example_complex
[2025-01-03T21:35:01.410+0100] {logging_mixin.py:190} INFO - [2025-01-03T21:35:01.410+0100] {override.py:1912} INFO - Created Permission View: can read on DAG Run:example_complex
[2025-01-03T21:35:01.418+0100] {logging_mixin.py:190} INFO - [2025-01-03T21:35:01.418+0100] {override.py:1912} INFO - Created Permission View: menu access on DAG Run:example_complex
[2025-01-03T21:35:01.418+0100] {logging_mixin.py:190} INFO - [2025-01-03T21:35:01.418+0100] {dag.py:3239} INFO - Sync 1 DAGs
[2025-01-03T21:35:01.431+0100] {logging_mixin.py:190} INFO - [2025-01-03T21:35:01.431+0100] {dag.py:3262} INFO - Creating ORM DAG for example_complex
[2025-01-03T21:35:01.431+0100] {logging_mixin.py:190} INFO - [2025-01-03T21:35:01.431+0100] {dag.py:4180} INFO - Setting next_dagrun for example_complex to None, run_after=None
[2025-01-03T21:35:01.453+0100] {processor.py:208} INFO - Processing /Users/azeez.ganiyu/airflow_venv/lib/python3.9/site-packages/airflow/example_dags/example_complex.py took 0.438 seconds
[2025-01-03T21:38:46.652+0100] {processor.py:186} INFO - Started process (PID=81890) to work on /Users/azeez.ganiyu/airflow_venv/lib/python3.9/site-packages/airflow/example_dags/example_complex.py
[2025-01-03T21:38:46.656+0100] {processor.py:914} INFO - Processing file /Users/azeez.ganiyu/airflow_venv/lib/python3.9/site-packages/airflow/example_dags/example_complex.py for tasks to queue
[2025-01-03T21:38:46.658+0100] {logging_mixin.py:190} INFO - [2025-01-03T21:38:46.658+0100] {dagbag.py:588} INFO - Filling up the DagBag from /Users/azeez.ganiyu/airflow_venv/lib/python3.9/site-packages/airflow/example_dags/example_complex.py
[2025-01-03T21:38:46.680+0100] {processor.py:925} INFO - DAG(s) 'example_complex' retrieved from /Users/azeez.ganiyu/airflow_venv/lib/python3.9/site-packages/airflow/example_dags/example_complex.py
[2025-01-03T21:38:46.838+0100] {logging_mixin.py:190} INFO - [2025-01-03T21:38:46.837+0100] {dag.py:3239} INFO - Sync 1 DAGs
[2025-01-03T21:38:46.847+0100] {logging_mixin.py:190} INFO - [2025-01-03T21:38:46.847+0100] {dag.py:4180} INFO - Setting next_dagrun for example_complex to None, run_after=None
[2025-01-03T21:38:46.870+0100] {processor.py:208} INFO - Processing /Users/azeez.ganiyu/airflow_venv/lib/python3.9/site-packages/airflow/example_dags/example_complex.py took 0.227 seconds
[2025-01-03T21:44:57.650+0100] {processor.py:186} INFO - Started process (PID=84748) to work on /Users/azeez.ganiyu/airflow_venv/lib/python3.9/site-packages/airflow/example_dags/example_complex.py
[2025-01-03T21:44:57.655+0100] {processor.py:914} INFO - Processing file /Users/azeez.ganiyu/airflow_venv/lib/python3.9/site-packages/airflow/example_dags/example_complex.py for tasks to queue
[2025-01-03T21:44:57.657+0100] {logging_mixin.py:190} INFO - [2025-01-03T21:44:57.656+0100] {dagbag.py:588} INFO - Filling up the DagBag from /Users/azeez.ganiyu/airflow_venv/lib/python3.9/site-packages/airflow/example_dags/example_complex.py
[2025-01-03T21:44:57.677+0100] {processor.py:925} INFO - DAG(s) 'example_complex' retrieved from /Users/azeez.ganiyu/airflow_venv/lib/python3.9/site-packages/airflow/example_dags/example_complex.py
[2025-01-03T21:44:57.823+0100] {logging_mixin.py:190} INFO - [2025-01-03T21:44:57.823+0100] {dag.py:3239} INFO - Sync 1 DAGs
[2025-01-03T21:44:57.832+0100] {logging_mixin.py:190} INFO - [2025-01-03T21:44:57.831+0100] {dag.py:4180} INFO - Setting next_dagrun for example_complex to None, run_after=None
[2025-01-03T21:44:57.852+0100] {processor.py:208} INFO - Processing /Users/azeez.ganiyu/airflow_venv/lib/python3.9/site-packages/airflow/example_dags/example_complex.py took 0.208 seconds
[2025-01-03T21:51:21.465+0100] {processor.py:186} INFO - Started process (PID=87463) to work on /Users/azeez.ganiyu/airflow_venv/lib/python3.9/site-packages/airflow/example_dags/example_complex.py
[2025-01-03T21:51:21.472+0100] {processor.py:914} INFO - Processing file /Users/azeez.ganiyu/airflow_venv/lib/python3.9/site-packages/airflow/example_dags/example_complex.py for tasks to queue
[2025-01-03T21:51:21.473+0100] {logging_mixin.py:190} INFO - [2025-01-03T21:51:21.473+0100] {dagbag.py:588} INFO - Filling up the DagBag from /Users/azeez.ganiyu/airflow_venv/lib/python3.9/site-packages/airflow/example_dags/example_complex.py
[2025-01-03T21:51:21.496+0100] {processor.py:925} INFO - DAG(s) 'example_complex' retrieved from /Users/azeez.ganiyu/airflow_venv/lib/python3.9/site-packages/airflow/example_dags/example_complex.py
[2025-01-03T21:51:21.666+0100] {logging_mixin.py:190} INFO - [2025-01-03T21:51:21.665+0100] {dag.py:3239} INFO - Sync 1 DAGs
[2025-01-03T21:51:21.676+0100] {logging_mixin.py:190} INFO - [2025-01-03T21:51:21.676+0100] {dag.py:4180} INFO - Setting next_dagrun for example_complex to None, run_after=None
[2025-01-03T21:51:21.697+0100] {processor.py:208} INFO - Processing /Users/azeez.ganiyu/airflow_venv/lib/python3.9/site-packages/airflow/example_dags/example_complex.py took 0.240 seconds
