[2025-01-03T21:33:47.226+0100] {processor.py:186} INFO - Started process (PID=79519) to work on /Users/azeez.ganiyu/airflow_venv/lib/python3.9/site-packages/airflow/example_dags/example_params_ui_tutorial.py
[2025-01-03T21:33:47.231+0100] {processor.py:914} INFO - Processing file /Users/azeez.ganiyu/airflow_venv/lib/python3.9/site-packages/airflow/example_dags/example_params_ui_tutorial.py for tasks to queue
[2025-01-03T21:33:47.232+0100] {logging_mixin.py:190} INFO - [2025-01-03T21:33:47.232+0100] {dagbag.py:588} INFO - Filling up the DagBag from /Users/azeez.ganiyu/airflow_venv/lib/python3.9/site-packages/airflow/example_dags/example_params_ui_tutorial.py
[2025-01-03T21:33:47.294+0100] {processor.py:925} INFO - DAG(s) 'example_params_ui_tutorial' retrieved from /Users/azeez.ganiyu/airflow_venv/lib/python3.9/site-packages/airflow/example_dags/example_params_ui_tutorial.py
[2025-01-03T21:33:47.634+0100] {logging_mixin.py:190} INFO - [2025-01-03T21:33:47.634+0100] {override.py:1912} INFO - Created Permission View: can read on DAG:example_params_ui_tutorial
[2025-01-03T21:33:47.647+0100] {logging_mixin.py:190} INFO - [2025-01-03T21:33:47.647+0100] {override.py:1912} INFO - Created Permission View: can delete on DAG:example_params_ui_tutorial
[2025-01-03T21:33:47.655+0100] {logging_mixin.py:190} INFO - [2025-01-03T21:33:47.655+0100] {override.py:1912} INFO - Created Permission View: can edit on DAG:example_params_ui_tutorial
[2025-01-03T21:33:47.670+0100] {logging_mixin.py:190} INFO - [2025-01-03T21:33:47.669+0100] {override.py:1912} INFO - Created Permission View: can create on DAG Run:example_params_ui_tutorial
[2025-01-03T21:33:47.680+0100] {logging_mixin.py:190} INFO - [2025-01-03T21:33:47.680+0100] {override.py:1912} INFO - Created Permission View: can read on DAG Run:example_params_ui_tutorial
[2025-01-03T21:33:47.689+0100] {logging_mixin.py:190} INFO - [2025-01-03T21:33:47.689+0100] {override.py:1912} INFO - Created Permission View: menu access on DAG Run:example_params_ui_tutorial
[2025-01-03T21:33:47.699+0100] {logging_mixin.py:190} INFO - [2025-01-03T21:33:47.698+0100] {override.py:1912} INFO - Created Permission View: can delete on DAG Run:example_params_ui_tutorial
[2025-01-03T21:33:47.699+0100] {logging_mixin.py:190} INFO - [2025-01-03T21:33:47.699+0100] {dag.py:3239} INFO - Sync 1 DAGs
[2025-01-03T21:33:47.711+0100] {logging_mixin.py:190} INFO - [2025-01-03T21:33:47.711+0100] {dag.py:3262} INFO - Creating ORM DAG for example_params_ui_tutorial
[2025-01-03T21:33:47.711+0100] {logging_mixin.py:190} INFO - [2025-01-03T21:33:47.711+0100] {dag.py:4180} INFO - Setting next_dagrun for example_params_ui_tutorial to None, run_after=None
[2025-01-03T21:33:47.732+0100] {processor.py:208} INFO - Processing /Users/azeez.ganiyu/airflow_venv/lib/python3.9/site-packages/airflow/example_dags/example_params_ui_tutorial.py took 0.513 seconds
[2025-01-03T21:37:41.597+0100] {processor.py:186} INFO - Started process (PID=81525) to work on /Users/azeez.ganiyu/airflow_venv/lib/python3.9/site-packages/airflow/example_dags/example_params_ui_tutorial.py
[2025-01-03T21:37:41.604+0100] {processor.py:914} INFO - Processing file /Users/azeez.ganiyu/airflow_venv/lib/python3.9/site-packages/airflow/example_dags/example_params_ui_tutorial.py for tasks to queue
[2025-01-03T21:37:41.605+0100] {logging_mixin.py:190} INFO - [2025-01-03T21:37:41.605+0100] {dagbag.py:588} INFO - Filling up the DagBag from /Users/azeez.ganiyu/airflow_venv/lib/python3.9/site-packages/airflow/example_dags/example_params_ui_tutorial.py
[2025-01-03T21:37:41.668+0100] {processor.py:925} INFO - DAG(s) 'example_params_ui_tutorial' retrieved from /Users/azeez.ganiyu/airflow_venv/lib/python3.9/site-packages/airflow/example_dags/example_params_ui_tutorial.py
[2025-01-03T21:37:41.895+0100] {logging_mixin.py:190} INFO - [2025-01-03T21:37:41.895+0100] {dag.py:3239} INFO - Sync 1 DAGs
[2025-01-03T21:37:41.904+0100] {logging_mixin.py:190} INFO - [2025-01-03T21:37:41.904+0100] {dag.py:4180} INFO - Setting next_dagrun for example_params_ui_tutorial to None, run_after=None
[2025-01-03T21:37:41.929+0100] {processor.py:208} INFO - Processing /Users/azeez.ganiyu/airflow_venv/lib/python3.9/site-packages/airflow/example_dags/example_params_ui_tutorial.py took 0.340 seconds
[2025-01-03T21:40:49.466+0100] {processor.py:186} INFO - Started process (PID=82969) to work on /Users/azeez.ganiyu/airflow_venv/lib/python3.9/site-packages/airflow/example_dags/example_params_ui_tutorial.py
[2025-01-03T21:40:49.470+0100] {processor.py:914} INFO - Processing file /Users/azeez.ganiyu/airflow_venv/lib/python3.9/site-packages/airflow/example_dags/example_params_ui_tutorial.py for tasks to queue
[2025-01-03T21:40:49.472+0100] {logging_mixin.py:190} INFO - [2025-01-03T21:40:49.471+0100] {dagbag.py:588} INFO - Filling up the DagBag from /Users/azeez.ganiyu/airflow_venv/lib/python3.9/site-packages/airflow/example_dags/example_params_ui_tutorial.py
[2025-01-03T21:40:49.538+0100] {processor.py:925} INFO - DAG(s) 'example_params_ui_tutorial' retrieved from /Users/azeez.ganiyu/airflow_venv/lib/python3.9/site-packages/airflow/example_dags/example_params_ui_tutorial.py
[2025-01-03T21:40:49.725+0100] {logging_mixin.py:190} INFO - [2025-01-03T21:40:49.724+0100] {dag.py:3239} INFO - Sync 1 DAGs
[2025-01-03T21:40:49.735+0100] {logging_mixin.py:190} INFO - [2025-01-03T21:40:49.735+0100] {dag.py:4180} INFO - Setting next_dagrun for example_params_ui_tutorial to None, run_after=None
[2025-01-03T21:40:49.758+0100] {processor.py:208} INFO - Processing /Users/azeez.ganiyu/airflow_venv/lib/python3.9/site-packages/airflow/example_dags/example_params_ui_tutorial.py took 0.300 seconds
[2025-01-03T21:43:53.310+0100] {processor.py:186} INFO - Started process (PID=84344) to work on /Users/azeez.ganiyu/airflow_venv/lib/python3.9/site-packages/airflow/example_dags/example_params_ui_tutorial.py
[2025-01-03T21:43:53.316+0100] {processor.py:914} INFO - Processing file /Users/azeez.ganiyu/airflow_venv/lib/python3.9/site-packages/airflow/example_dags/example_params_ui_tutorial.py for tasks to queue
[2025-01-03T21:43:53.317+0100] {logging_mixin.py:190} INFO - [2025-01-03T21:43:53.317+0100] {dagbag.py:588} INFO - Filling up the DagBag from /Users/azeez.ganiyu/airflow_venv/lib/python3.9/site-packages/airflow/example_dags/example_params_ui_tutorial.py
[2025-01-03T21:43:53.383+0100] {processor.py:925} INFO - DAG(s) 'example_params_ui_tutorial' retrieved from /Users/azeez.ganiyu/airflow_venv/lib/python3.9/site-packages/airflow/example_dags/example_params_ui_tutorial.py
[2025-01-03T21:43:53.544+0100] {logging_mixin.py:190} INFO - [2025-01-03T21:43:53.544+0100] {dag.py:3239} INFO - Sync 1 DAGs
[2025-01-03T21:43:53.553+0100] {logging_mixin.py:190} INFO - [2025-01-03T21:43:53.553+0100] {dag.py:4180} INFO - Setting next_dagrun for example_params_ui_tutorial to None, run_after=None
[2025-01-03T21:43:53.574+0100] {processor.py:208} INFO - Processing /Users/azeez.ganiyu/airflow_venv/lib/python3.9/site-packages/airflow/example_dags/example_params_ui_tutorial.py took 0.272 seconds
[2025-01-03T21:47:03.994+0100] {processor.py:186} INFO - Started process (PID=86001) to work on /Users/azeez.ganiyu/airflow_venv/lib/python3.9/site-packages/airflow/example_dags/example_params_ui_tutorial.py
[2025-01-03T21:47:03.998+0100] {processor.py:914} INFO - Processing file /Users/azeez.ganiyu/airflow_venv/lib/python3.9/site-packages/airflow/example_dags/example_params_ui_tutorial.py for tasks to queue
[2025-01-03T21:47:03.999+0100] {logging_mixin.py:190} INFO - [2025-01-03T21:47:03.999+0100] {dagbag.py:588} INFO - Filling up the DagBag from /Users/azeez.ganiyu/airflow_venv/lib/python3.9/site-packages/airflow/example_dags/example_params_ui_tutorial.py
[2025-01-03T21:47:04.057+0100] {processor.py:925} INFO - DAG(s) 'example_params_ui_tutorial' retrieved from /Users/azeez.ganiyu/airflow_venv/lib/python3.9/site-packages/airflow/example_dags/example_params_ui_tutorial.py
[2025-01-03T21:47:04.222+0100] {logging_mixin.py:190} INFO - [2025-01-03T21:47:04.222+0100] {dag.py:3239} INFO - Sync 1 DAGs
[2025-01-03T21:47:04.232+0100] {logging_mixin.py:190} INFO - [2025-01-03T21:47:04.231+0100] {dag.py:4180} INFO - Setting next_dagrun for example_params_ui_tutorial to None, run_after=None
[2025-01-03T21:47:04.289+0100] {processor.py:208} INFO - Processing /Users/azeez.ganiyu/airflow_venv/lib/python3.9/site-packages/airflow/example_dags/example_params_ui_tutorial.py took 0.303 seconds
[2025-01-03T21:50:17.367+0100] {processor.py:186} INFO - Started process (PID=87091) to work on /Users/azeez.ganiyu/airflow_venv/lib/python3.9/site-packages/airflow/example_dags/example_params_ui_tutorial.py
[2025-01-03T21:50:17.371+0100] {processor.py:914} INFO - Processing file /Users/azeez.ganiyu/airflow_venv/lib/python3.9/site-packages/airflow/example_dags/example_params_ui_tutorial.py for tasks to queue
[2025-01-03T21:50:17.372+0100] {logging_mixin.py:190} INFO - [2025-01-03T21:50:17.372+0100] {dagbag.py:588} INFO - Filling up the DagBag from /Users/azeez.ganiyu/airflow_venv/lib/python3.9/site-packages/airflow/example_dags/example_params_ui_tutorial.py
[2025-01-03T21:50:17.431+0100] {processor.py:925} INFO - DAG(s) 'example_params_ui_tutorial' retrieved from /Users/azeez.ganiyu/airflow_venv/lib/python3.9/site-packages/airflow/example_dags/example_params_ui_tutorial.py
[2025-01-03T21:50:17.592+0100] {logging_mixin.py:190} INFO - [2025-01-03T21:50:17.592+0100] {dag.py:3239} INFO - Sync 1 DAGs
[2025-01-03T21:50:17.601+0100] {logging_mixin.py:190} INFO - [2025-01-03T21:50:17.601+0100] {dag.py:4180} INFO - Setting next_dagrun for example_params_ui_tutorial to None, run_after=None
[2025-01-03T21:50:17.625+0100] {processor.py:208} INFO - Processing /Users/azeez.ganiyu/airflow_venv/lib/python3.9/site-packages/airflow/example_dags/example_params_ui_tutorial.py took 0.266 seconds
