[2025-01-03T21:34:52.394+0100] {processor.py:186} INFO - Started process (PID=80577) to work on /Users/azeez.ganiyu/airflow_venv/lib/python3.9/site-packages/airflow/example_dags/example_dataset_alias.py
[2025-01-03T21:34:52.402+0100] {processor.py:914} INFO - Processing file /Users/azeez.ganiyu/airflow_venv/lib/python3.9/site-packages/airflow/example_dags/example_dataset_alias.py for tasks to queue
[2025-01-03T21:34:52.404+0100] {logging_mixin.py:190} INFO - [2025-01-03T21:34:52.403+0100] {dagbag.py:588} INFO - Filling up the DagBag from /Users/azeez.ganiyu/airflow_venv/lib/python3.9/site-packages/airflow/example_dags/example_dataset_alias.py
[2025-01-03T21:34:52.719+0100] {processor.py:925} INFO - DAG(s) 'dataset_s3_bucket_consumer', 'dataset_s3_bucket_producer', 'dataset_alias_example_alias_consumer', 'dataset_alias_example_alias_producer' retrieved from /Users/azeez.ganiyu/airflow_venv/lib/python3.9/site-packages/airflow/example_dags/example_dataset_alias.py
[2025-01-03T21:34:52.889+0100] {logging_mixin.py:190} INFO - [2025-01-03T21:34:52.888+0100] {override.py:1912} INFO - Created Permission View: can delete on DAG:dataset_s3_bucket_consumer
[2025-01-03T21:34:52.902+0100] {logging_mixin.py:190} INFO - [2025-01-03T21:34:52.901+0100] {override.py:1912} INFO - Created Permission View: can edit on DAG:dataset_s3_bucket_consumer
[2025-01-03T21:34:52.913+0100] {logging_mixin.py:190} INFO - [2025-01-03T21:34:52.912+0100] {override.py:1912} INFO - Created Permission View: can read on DAG:dataset_s3_bucket_consumer
[2025-01-03T21:34:52.927+0100] {logging_mixin.py:190} INFO - [2025-01-03T21:34:52.927+0100] {override.py:1912} INFO - Created Permission View: can delete on DAG Run:dataset_s3_bucket_consumer
[2025-01-03T21:34:52.937+0100] {logging_mixin.py:190} INFO - [2025-01-03T21:34:52.937+0100] {override.py:1912} INFO - Created Permission View: menu access on DAG Run:dataset_s3_bucket_consumer
[2025-01-03T21:34:52.948+0100] {logging_mixin.py:190} INFO - [2025-01-03T21:34:52.947+0100] {override.py:1912} INFO - Created Permission View: can create on DAG Run:dataset_s3_bucket_consumer
[2025-01-03T21:34:52.956+0100] {logging_mixin.py:190} INFO - [2025-01-03T21:34:52.956+0100] {override.py:1912} INFO - Created Permission View: can read on DAG Run:dataset_s3_bucket_consumer
[2025-01-03T21:34:52.976+0100] {logging_mixin.py:190} INFO - [2025-01-03T21:34:52.975+0100] {override.py:1912} INFO - Created Permission View: can delete on DAG:dataset_s3_bucket_producer
[2025-01-03T21:34:52.988+0100] {logging_mixin.py:190} INFO - [2025-01-03T21:34:52.987+0100] {override.py:1912} INFO - Created Permission View: can edit on DAG:dataset_s3_bucket_producer
[2025-01-03T21:34:52.995+0100] {logging_mixin.py:190} INFO - [2025-01-03T21:34:52.995+0100] {override.py:1912} INFO - Created Permission View: can read on DAG:dataset_s3_bucket_producer
[2025-01-03T21:34:53.010+0100] {logging_mixin.py:190} INFO - [2025-01-03T21:34:53.010+0100] {override.py:1912} INFO - Created Permission View: can delete on DAG Run:dataset_s3_bucket_producer
[2025-01-03T21:34:53.022+0100] {logging_mixin.py:190} INFO - [2025-01-03T21:34:53.021+0100] {override.py:1912} INFO - Created Permission View: menu access on DAG Run:dataset_s3_bucket_producer
[2025-01-03T21:34:53.030+0100] {logging_mixin.py:190} INFO - [2025-01-03T21:34:53.029+0100] {override.py:1912} INFO - Created Permission View: can create on DAG Run:dataset_s3_bucket_producer
[2025-01-03T21:34:53.041+0100] {logging_mixin.py:190} INFO - [2025-01-03T21:34:53.041+0100] {override.py:1912} INFO - Created Permission View: can read on DAG Run:dataset_s3_bucket_producer
[2025-01-03T21:34:53.062+0100] {logging_mixin.py:190} INFO - [2025-01-03T21:34:53.062+0100] {override.py:1912} INFO - Created Permission View: can delete on DAG:dataset_alias_example_alias_consumer
[2025-01-03T21:34:53.071+0100] {logging_mixin.py:190} INFO - [2025-01-03T21:34:53.071+0100] {override.py:1912} INFO - Created Permission View: can edit on DAG:dataset_alias_example_alias_consumer
[2025-01-03T21:34:53.081+0100] {logging_mixin.py:190} INFO - [2025-01-03T21:34:53.080+0100] {override.py:1912} INFO - Created Permission View: can read on DAG:dataset_alias_example_alias_consumer
[2025-01-03T21:34:53.095+0100] {logging_mixin.py:190} INFO - [2025-01-03T21:34:53.095+0100] {override.py:1912} INFO - Created Permission View: can delete on DAG Run:dataset_alias_example_alias_consumer
[2025-01-03T21:34:53.104+0100] {logging_mixin.py:190} INFO - [2025-01-03T21:34:53.104+0100] {override.py:1912} INFO - Created Permission View: menu access on DAG Run:dataset_alias_example_alias_consumer
[2025-01-03T21:34:53.114+0100] {logging_mixin.py:190} INFO - [2025-01-03T21:34:53.113+0100] {override.py:1912} INFO - Created Permission View: can create on DAG Run:dataset_alias_example_alias_consumer
[2025-01-03T21:34:53.124+0100] {logging_mixin.py:190} INFO - [2025-01-03T21:34:53.123+0100] {override.py:1912} INFO - Created Permission View: can read on DAG Run:dataset_alias_example_alias_consumer
[2025-01-03T21:34:53.146+0100] {logging_mixin.py:190} INFO - [2025-01-03T21:34:53.146+0100] {override.py:1912} INFO - Created Permission View: can delete on DAG:dataset_alias_example_alias_producer
[2025-01-03T21:34:53.156+0100] {logging_mixin.py:190} INFO - [2025-01-03T21:34:53.156+0100] {override.py:1912} INFO - Created Permission View: can edit on DAG:dataset_alias_example_alias_producer
[2025-01-03T21:34:53.166+0100] {logging_mixin.py:190} INFO - [2025-01-03T21:34:53.166+0100] {override.py:1912} INFO - Created Permission View: can read on DAG:dataset_alias_example_alias_producer
[2025-01-03T21:34:53.180+0100] {logging_mixin.py:190} INFO - [2025-01-03T21:34:53.180+0100] {override.py:1912} INFO - Created Permission View: can delete on DAG Run:dataset_alias_example_alias_producer
[2025-01-03T21:34:53.188+0100] {logging_mixin.py:190} INFO - [2025-01-03T21:34:53.188+0100] {override.py:1912} INFO - Created Permission View: menu access on DAG Run:dataset_alias_example_alias_producer
[2025-01-03T21:34:53.199+0100] {logging_mixin.py:190} INFO - [2025-01-03T21:34:53.198+0100] {override.py:1912} INFO - Created Permission View: can create on DAG Run:dataset_alias_example_alias_producer
[2025-01-03T21:34:53.208+0100] {logging_mixin.py:190} INFO - [2025-01-03T21:34:53.207+0100] {override.py:1912} INFO - Created Permission View: can read on DAG Run:dataset_alias_example_alias_producer
[2025-01-03T21:34:53.208+0100] {logging_mixin.py:190} INFO - [2025-01-03T21:34:53.208+0100] {dag.py:3239} INFO - Sync 4 DAGs
[2025-01-03T21:34:53.221+0100] {logging_mixin.py:190} INFO - [2025-01-03T21:34:53.221+0100] {dag.py:3262} INFO - Creating ORM DAG for dataset_alias_example_alias_consumer
[2025-01-03T21:34:53.222+0100] {logging_mixin.py:190} INFO - [2025-01-03T21:34:53.222+0100] {dag.py:3262} INFO - Creating ORM DAG for dataset_s3_bucket_producer
[2025-01-03T21:34:53.223+0100] {logging_mixin.py:190} INFO - [2025-01-03T21:34:53.223+0100] {dag.py:3262} INFO - Creating ORM DAG for dataset_alias_example_alias_producer
[2025-01-03T21:34:53.224+0100] {logging_mixin.py:190} INFO - [2025-01-03T21:34:53.223+0100] {dag.py:3262} INFO - Creating ORM DAG for dataset_s3_bucket_consumer
[2025-01-03T21:34:53.230+0100] {logging_mixin.py:190} INFO - [2025-01-03T21:34:53.230+0100] {dag.py:4180} INFO - Setting next_dagrun for dataset_alias_example_alias_consumer to None, run_after=None
[2025-01-03T21:34:53.231+0100] {logging_mixin.py:190} INFO - [2025-01-03T21:34:53.231+0100] {dag.py:4180} INFO - Setting next_dagrun for dataset_alias_example_alias_producer to None, run_after=None
[2025-01-03T21:34:53.231+0100] {logging_mixin.py:190} INFO - [2025-01-03T21:34:53.231+0100] {dag.py:4180} INFO - Setting next_dagrun for dataset_s3_bucket_consumer to None, run_after=None
[2025-01-03T21:34:53.232+0100] {logging_mixin.py:190} INFO - [2025-01-03T21:34:53.232+0100] {dag.py:4180} INFO - Setting next_dagrun for dataset_s3_bucket_producer to None, run_after=None
[2025-01-03T21:34:53.254+0100] {logging_mixin.py:190} INFO - [2025-01-03T21:34:53.253+0100] {workday.py:41} WARNING - Could not import pandas. Holidays will not be considered.
[2025-01-03T21:34:53.274+0100] {processor.py:208} INFO - Processing /Users/azeez.ganiyu/airflow_venv/lib/python3.9/site-packages/airflow/example_dags/example_dataset_alias.py took 0.888 seconds
[2025-01-03T21:38:38.283+0100] {processor.py:186} INFO - Started process (PID=81839) to work on /Users/azeez.ganiyu/airflow_venv/lib/python3.9/site-packages/airflow/example_dags/example_dataset_alias.py
[2025-01-03T21:38:38.289+0100] {processor.py:914} INFO - Processing file /Users/azeez.ganiyu/airflow_venv/lib/python3.9/site-packages/airflow/example_dags/example_dataset_alias.py for tasks to queue
[2025-01-03T21:38:38.290+0100] {logging_mixin.py:190} INFO - [2025-01-03T21:38:38.290+0100] {dagbag.py:588} INFO - Filling up the DagBag from /Users/azeez.ganiyu/airflow_venv/lib/python3.9/site-packages/airflow/example_dags/example_dataset_alias.py
[2025-01-03T21:38:38.668+0100] {processor.py:925} INFO - DAG(s) 'dataset_alias_example_alias_consumer', 'dataset_s3_bucket_producer', 'dataset_s3_bucket_consumer', 'dataset_alias_example_alias_producer' retrieved from /Users/azeez.ganiyu/airflow_venv/lib/python3.9/site-packages/airflow/example_dags/example_dataset_alias.py
[2025-01-03T21:38:38.701+0100] {logging_mixin.py:190} INFO - [2025-01-03T21:38:38.701+0100] {dag.py:3239} INFO - Sync 4 DAGs
[2025-01-03T21:38:38.717+0100] {logging_mixin.py:190} INFO - [2025-01-03T21:38:38.717+0100] {dag.py:4180} INFO - Setting next_dagrun for dataset_alias_example_alias_consumer to None, run_after=None
[2025-01-03T21:38:38.719+0100] {logging_mixin.py:190} INFO - [2025-01-03T21:38:38.719+0100] {dag.py:4180} INFO - Setting next_dagrun for dataset_alias_example_alias_producer to None, run_after=None
[2025-01-03T21:38:38.720+0100] {logging_mixin.py:190} INFO - [2025-01-03T21:38:38.720+0100] {dag.py:4180} INFO - Setting next_dagrun for dataset_s3_bucket_consumer to None, run_after=None
[2025-01-03T21:38:38.721+0100] {logging_mixin.py:190} INFO - [2025-01-03T21:38:38.721+0100] {dag.py:4180} INFO - Setting next_dagrun for dataset_s3_bucket_producer to None, run_after=None
[2025-01-03T21:38:38.746+0100] {processor.py:208} INFO - Processing /Users/azeez.ganiyu/airflow_venv/lib/python3.9/site-packages/airflow/example_dags/example_dataset_alias.py took 0.473 seconds
[2025-01-03T21:44:49.675+0100] {processor.py:186} INFO - Started process (PID=84683) to work on /Users/azeez.ganiyu/airflow_venv/lib/python3.9/site-packages/airflow/example_dags/example_dataset_alias.py
[2025-01-03T21:44:49.680+0100] {processor.py:914} INFO - Processing file /Users/azeez.ganiyu/airflow_venv/lib/python3.9/site-packages/airflow/example_dags/example_dataset_alias.py for tasks to queue
[2025-01-03T21:44:49.681+0100] {logging_mixin.py:190} INFO - [2025-01-03T21:44:49.680+0100] {dagbag.py:588} INFO - Filling up the DagBag from /Users/azeez.ganiyu/airflow_venv/lib/python3.9/site-packages/airflow/example_dags/example_dataset_alias.py
[2025-01-03T21:44:49.990+0100] {processor.py:925} INFO - DAG(s) 'dataset_alias_example_alias_consumer', 'dataset_alias_example_alias_producer', 'dataset_s3_bucket_consumer', 'dataset_s3_bucket_producer' retrieved from /Users/azeez.ganiyu/airflow_venv/lib/python3.9/site-packages/airflow/example_dags/example_dataset_alias.py
[2025-01-03T21:44:50.021+0100] {logging_mixin.py:190} INFO - [2025-01-03T21:44:50.020+0100] {dag.py:3239} INFO - Sync 4 DAGs
[2025-01-03T21:44:50.041+0100] {logging_mixin.py:190} INFO - [2025-01-03T21:44:50.041+0100] {dag.py:4180} INFO - Setting next_dagrun for dataset_alias_example_alias_consumer to None, run_after=None
[2025-01-03T21:44:50.043+0100] {logging_mixin.py:190} INFO - [2025-01-03T21:44:50.043+0100] {dag.py:4180} INFO - Setting next_dagrun for dataset_alias_example_alias_producer to None, run_after=None
[2025-01-03T21:44:50.044+0100] {logging_mixin.py:190} INFO - [2025-01-03T21:44:50.044+0100] {dag.py:4180} INFO - Setting next_dagrun for dataset_s3_bucket_consumer to None, run_after=None
[2025-01-03T21:44:50.045+0100] {logging_mixin.py:190} INFO - [2025-01-03T21:44:50.045+0100] {dag.py:4180} INFO - Setting next_dagrun for dataset_s3_bucket_producer to None, run_after=None
[2025-01-03T21:44:50.072+0100] {processor.py:208} INFO - Processing /Users/azeez.ganiyu/airflow_venv/lib/python3.9/site-packages/airflow/example_dags/example_dataset_alias.py took 0.404 seconds
[2025-01-03T21:51:14.949+0100] {processor.py:186} INFO - Started process (PID=87426) to work on /Users/azeez.ganiyu/airflow_venv/lib/python3.9/site-packages/airflow/example_dags/example_dataset_alias.py
[2025-01-03T21:51:14.954+0100] {processor.py:914} INFO - Processing file /Users/azeez.ganiyu/airflow_venv/lib/python3.9/site-packages/airflow/example_dags/example_dataset_alias.py for tasks to queue
[2025-01-03T21:51:14.955+0100] {logging_mixin.py:190} INFO - [2025-01-03T21:51:14.954+0100] {dagbag.py:588} INFO - Filling up the DagBag from /Users/azeez.ganiyu/airflow_venv/lib/python3.9/site-packages/airflow/example_dags/example_dataset_alias.py
[2025-01-03T21:51:15.279+0100] {processor.py:925} INFO - DAG(s) 'dataset_s3_bucket_producer', 'dataset_s3_bucket_consumer', 'dataset_alias_example_alias_producer', 'dataset_alias_example_alias_consumer' retrieved from /Users/azeez.ganiyu/airflow_venv/lib/python3.9/site-packages/airflow/example_dags/example_dataset_alias.py
[2025-01-03T21:51:15.313+0100] {logging_mixin.py:190} INFO - [2025-01-03T21:51:15.313+0100] {dag.py:3239} INFO - Sync 4 DAGs
[2025-01-03T21:51:15.332+0100] {logging_mixin.py:190} INFO - [2025-01-03T21:51:15.331+0100] {dag.py:4180} INFO - Setting next_dagrun for dataset_alias_example_alias_consumer to None, run_after=None
[2025-01-03T21:51:15.334+0100] {logging_mixin.py:190} INFO - [2025-01-03T21:51:15.334+0100] {dag.py:4180} INFO - Setting next_dagrun for dataset_alias_example_alias_producer to None, run_after=None
[2025-01-03T21:51:15.335+0100] {logging_mixin.py:190} INFO - [2025-01-03T21:51:15.335+0100] {dag.py:4180} INFO - Setting next_dagrun for dataset_s3_bucket_consumer to None, run_after=None
[2025-01-03T21:51:15.337+0100] {logging_mixin.py:190} INFO - [2025-01-03T21:51:15.337+0100] {dag.py:4180} INFO - Setting next_dagrun for dataset_s3_bucket_producer to None, run_after=None
[2025-01-03T21:51:15.364+0100] {processor.py:208} INFO - Processing /Users/azeez.ganiyu/airflow_venv/lib/python3.9/site-packages/airflow/example_dags/example_dataset_alias.py took 0.423 seconds
