[2025-01-03T21:35:05.404+0100] {processor.py:186} INFO - Started process (PID=80656) to work on /Users/azeez.ganiyu/airflow_venv/lib/python3.9/site-packages/airflow/example_dags/example_branch_python_dop_operator_3.py
[2025-01-03T21:35:05.410+0100] {processor.py:914} INFO - Processing file /Users/azeez.ganiyu/airflow_venv/lib/python3.9/site-packages/airflow/example_dags/example_branch_python_dop_operator_3.py for tasks to queue
[2025-01-03T21:35:05.411+0100] {logging_mixin.py:190} INFO - [2025-01-03T21:35:05.411+0100] {dagbag.py:588} INFO - Filling up the DagBag from /Users/azeez.ganiyu/airflow_venv/lib/python3.9/site-packages/airflow/example_dags/example_branch_python_dop_operator_3.py
[2025-01-03T21:35:05.476+0100] {processor.py:925} INFO - DAG(s) 'example_branch_dop_operator_v3' retrieved from /Users/azeez.ganiyu/airflow_venv/lib/python3.9/site-packages/airflow/example_dags/example_branch_python_dop_operator_3.py
[2025-01-03T21:35:05.768+0100] {logging_mixin.py:190} INFO - [2025-01-03T21:35:05.768+0100] {override.py:1912} INFO - Created Permission View: can delete on DAG:example_branch_dop_operator_v3
[2025-01-03T21:35:05.778+0100] {logging_mixin.py:190} INFO - [2025-01-03T21:35:05.778+0100] {override.py:1912} INFO - Created Permission View: can read on DAG:example_branch_dop_operator_v3
[2025-01-03T21:35:05.787+0100] {logging_mixin.py:190} INFO - [2025-01-03T21:35:05.787+0100] {override.py:1912} INFO - Created Permission View: can edit on DAG:example_branch_dop_operator_v3
[2025-01-03T21:35:05.800+0100] {logging_mixin.py:190} INFO - [2025-01-03T21:35:05.800+0100] {override.py:1912} INFO - Created Permission View: can create on DAG Run:example_branch_dop_operator_v3
[2025-01-03T21:35:05.809+0100] {logging_mixin.py:190} INFO - [2025-01-03T21:35:05.809+0100] {override.py:1912} INFO - Created Permission View: can read on DAG Run:example_branch_dop_operator_v3
[2025-01-03T21:35:05.819+0100] {logging_mixin.py:190} INFO - [2025-01-03T21:35:05.818+0100] {override.py:1912} INFO - Created Permission View: menu access on DAG Run:example_branch_dop_operator_v3
[2025-01-03T21:35:05.826+0100] {logging_mixin.py:190} INFO - [2025-01-03T21:35:05.826+0100] {override.py:1912} INFO - Created Permission View: can delete on DAG Run:example_branch_dop_operator_v3
[2025-01-03T21:35:05.827+0100] {logging_mixin.py:190} INFO - [2025-01-03T21:35:05.826+0100] {dag.py:3239} INFO - Sync 1 DAGs
[2025-01-03T21:35:05.839+0100] {logging_mixin.py:190} INFO - [2025-01-03T21:35:05.839+0100] {dag.py:3262} INFO - Creating ORM DAG for example_branch_dop_operator_v3
[2025-01-03T21:35:05.855+0100] {logging_mixin.py:190} INFO - [2025-01-03T21:35:05.855+0100] {dag.py:4180} INFO - Setting next_dagrun for example_branch_dop_operator_v3 to 2025-01-03 20:34:00+00:00, run_after=2025-01-03 20:35:00+00:00
[2025-01-03T21:35:05.875+0100] {processor.py:208} INFO - Processing /Users/azeez.ganiyu/airflow_venv/lib/python3.9/site-packages/airflow/example_dags/example_branch_python_dop_operator_3.py took 0.479 seconds
[2025-01-03T21:41:25.942+0100] {processor.py:186} INFO - Started process (PID=83433) to work on /Users/azeez.ganiyu/airflow_venv/lib/python3.9/site-packages/airflow/example_dags/example_branch_python_dop_operator_3.py
[2025-01-03T21:41:25.947+0100] {processor.py:914} INFO - Processing file /Users/azeez.ganiyu/airflow_venv/lib/python3.9/site-packages/airflow/example_dags/example_branch_python_dop_operator_3.py for tasks to queue
[2025-01-03T21:41:25.948+0100] {logging_mixin.py:190} INFO - [2025-01-03T21:41:25.947+0100] {dagbag.py:588} INFO - Filling up the DagBag from /Users/azeez.ganiyu/airflow_venv/lib/python3.9/site-packages/airflow/example_dags/example_branch_python_dop_operator_3.py
[2025-01-03T21:41:26.007+0100] {processor.py:925} INFO - DAG(s) 'example_branch_dop_operator_v3' retrieved from /Users/azeez.ganiyu/airflow_venv/lib/python3.9/site-packages/airflow/example_dags/example_branch_python_dop_operator_3.py
[2025-01-03T21:41:26.140+0100] {logging_mixin.py:190} INFO - [2025-01-03T21:41:26.140+0100] {dag.py:3239} INFO - Sync 1 DAGs
[2025-01-03T21:41:26.163+0100] {logging_mixin.py:190} INFO - [2025-01-03T21:41:26.163+0100] {dag.py:4180} INFO - Setting next_dagrun for example_branch_dop_operator_v3 to 2025-01-03 20:40:00+00:00, run_after=2025-01-03 20:41:00+00:00
[2025-01-03T21:41:26.185+0100] {processor.py:208} INFO - Processing /Users/azeez.ganiyu/airflow_venv/lib/python3.9/site-packages/airflow/example_dags/example_branch_python_dop_operator_3.py took 0.249 seconds
[2025-01-03T21:47:42.216+0100] {processor.py:186} INFO - Started process (PID=86230) to work on /Users/azeez.ganiyu/airflow_venv/lib/python3.9/site-packages/airflow/example_dags/example_branch_python_dop_operator_3.py
[2025-01-03T21:47:42.221+0100] {processor.py:914} INFO - Processing file /Users/azeez.ganiyu/airflow_venv/lib/python3.9/site-packages/airflow/example_dags/example_branch_python_dop_operator_3.py for tasks to queue
[2025-01-03T21:47:42.222+0100] {logging_mixin.py:190} INFO - [2025-01-03T21:47:42.222+0100] {dagbag.py:588} INFO - Filling up the DagBag from /Users/azeez.ganiyu/airflow_venv/lib/python3.9/site-packages/airflow/example_dags/example_branch_python_dop_operator_3.py
[2025-01-03T21:47:42.280+0100] {processor.py:925} INFO - DAG(s) 'example_branch_dop_operator_v3' retrieved from /Users/azeez.ganiyu/airflow_venv/lib/python3.9/site-packages/airflow/example_dags/example_branch_python_dop_operator_3.py
[2025-01-03T21:47:42.413+0100] {logging_mixin.py:190} INFO - [2025-01-03T21:47:42.413+0100] {dag.py:3239} INFO - Sync 1 DAGs
[2025-01-03T21:47:42.437+0100] {logging_mixin.py:190} INFO - [2025-01-03T21:47:42.436+0100] {dag.py:4180} INFO - Setting next_dagrun for example_branch_dop_operator_v3 to 2025-01-03 20:46:00+00:00, run_after=2025-01-03 20:47:00+00:00
[2025-01-03T21:47:42.456+0100] {processor.py:208} INFO - Processing /Users/azeez.ganiyu/airflow_venv/lib/python3.9/site-packages/airflow/example_dags/example_branch_python_dop_operator_3.py took 0.248 seconds
