[2025-01-03T21:29:47.423+0100] {processor.py:186} INFO - Started process (PID=78070) to work on /Users/azeez.ganiyu/airflow_venv/lib/python3.9/site-packages/airflow/example_dags/example_python_decorator.py
[2025-01-03T21:29:47.428+0100] {processor.py:914} INFO - Processing file /Users/azeez.ganiyu/airflow_venv/lib/python3.9/site-packages/airflow/example_dags/example_python_decorator.py for tasks to queue
[2025-01-03T21:29:47.429+0100] {logging_mixin.py:190} INFO - [2025-01-03T21:29:47.429+0100] {dagbag.py:588} INFO - Filling up the DagBag from /Users/azeez.ganiyu/airflow_venv/lib/python3.9/site-packages/airflow/example_dags/example_python_decorator.py
[2025-01-03T21:29:47.492+0100] {logging_mixin.py:190} INFO - [2025-01-03T21:29:47.492+0100] {example_python_decorator.py:80} WARNING - The virtalenv_python example task requires virtualenv, please install it.
[2025-01-03T21:29:47.497+0100] {processor.py:925} INFO - DAG(s) 'example_python_decorator' retrieved from /Users/azeez.ganiyu/airflow_venv/lib/python3.9/site-packages/airflow/example_dags/example_python_decorator.py
[2025-01-03T21:29:47.778+0100] {logging_mixin.py:190} INFO - [2025-01-03T21:29:47.777+0100] {override.py:1912} INFO - Created Permission View: can read on DAG:example_python_decorator
[2025-01-03T21:29:47.795+0100] {logging_mixin.py:190} INFO - [2025-01-03T21:29:47.794+0100] {override.py:1912} INFO - Created Permission View: can edit on DAG:example_python_decorator
[2025-01-03T21:29:47.809+0100] {logging_mixin.py:190} INFO - [2025-01-03T21:29:47.809+0100] {override.py:1912} INFO - Created Permission View: can delete on DAG:example_python_decorator
[2025-01-03T21:29:47.826+0100] {logging_mixin.py:190} INFO - [2025-01-03T21:29:47.825+0100] {override.py:1912} INFO - Created Permission View: menu access on DAG Run:example_python_decorator
[2025-01-03T21:29:47.834+0100] {logging_mixin.py:190} INFO - [2025-01-03T21:29:47.834+0100] {override.py:1912} INFO - Created Permission View: can read on DAG Run:example_python_decorator
[2025-01-03T21:29:47.845+0100] {logging_mixin.py:190} INFO - [2025-01-03T21:29:47.844+0100] {override.py:1912} INFO - Created Permission View: can delete on DAG Run:example_python_decorator
[2025-01-03T21:29:47.856+0100] {logging_mixin.py:190} INFO - [2025-01-03T21:29:47.855+0100] {override.py:1912} INFO - Created Permission View: can create on DAG Run:example_python_decorator
[2025-01-03T21:29:47.857+0100] {logging_mixin.py:190} INFO - [2025-01-03T21:29:47.856+0100] {dag.py:3239} INFO - Sync 1 DAGs
[2025-01-03T21:29:47.874+0100] {logging_mixin.py:190} INFO - [2025-01-03T21:29:47.874+0100] {dag.py:3262} INFO - Creating ORM DAG for example_python_decorator
[2025-01-03T21:29:47.875+0100] {logging_mixin.py:190} INFO - [2025-01-03T21:29:47.874+0100] {dag.py:4180} INFO - Setting next_dagrun for example_python_decorator to None, run_after=None
[2025-01-03T21:29:47.899+0100] {processor.py:208} INFO - Processing /Users/azeez.ganiyu/airflow_venv/lib/python3.9/site-packages/airflow/example_dags/example_python_decorator.py took 0.483 seconds
[2025-01-03T21:33:39.390+0100] {processor.py:186} INFO - Started process (PID=79464) to work on /Users/azeez.ganiyu/airflow_venv/lib/python3.9/site-packages/airflow/example_dags/example_python_decorator.py
[2025-01-03T21:33:39.399+0100] {processor.py:914} INFO - Processing file /Users/azeez.ganiyu/airflow_venv/lib/python3.9/site-packages/airflow/example_dags/example_python_decorator.py for tasks to queue
[2025-01-03T21:33:39.400+0100] {logging_mixin.py:190} INFO - [2025-01-03T21:33:39.400+0100] {dagbag.py:588} INFO - Filling up the DagBag from /Users/azeez.ganiyu/airflow_venv/lib/python3.9/site-packages/airflow/example_dags/example_python_decorator.py
[2025-01-03T21:33:39.461+0100] {logging_mixin.py:190} INFO - [2025-01-03T21:33:39.460+0100] {example_python_decorator.py:80} WARNING - The virtalenv_python example task requires virtualenv, please install it.
[2025-01-03T21:33:39.467+0100] {processor.py:925} INFO - DAG(s) 'example_python_decorator' retrieved from /Users/azeez.ganiyu/airflow_venv/lib/python3.9/site-packages/airflow/example_dags/example_python_decorator.py
[2025-01-03T21:33:39.621+0100] {logging_mixin.py:190} INFO - [2025-01-03T21:33:39.621+0100] {dag.py:3239} INFO - Sync 1 DAGs
[2025-01-03T21:33:39.634+0100] {logging_mixin.py:190} INFO - [2025-01-03T21:33:39.634+0100] {dag.py:4180} INFO - Setting next_dagrun for example_python_decorator to None, run_after=None
[2025-01-03T21:33:39.657+0100] {processor.py:208} INFO - Processing /Users/azeez.ganiyu/airflow_venv/lib/python3.9/site-packages/airflow/example_dags/example_python_decorator.py took 0.274 seconds
[2025-01-03T21:37:33.834+0100] {processor.py:186} INFO - Started process (PID=81491) to work on /Users/azeez.ganiyu/airflow_venv/lib/python3.9/site-packages/airflow/example_dags/example_python_decorator.py
[2025-01-03T21:37:33.839+0100] {processor.py:914} INFO - Processing file /Users/azeez.ganiyu/airflow_venv/lib/python3.9/site-packages/airflow/example_dags/example_python_decorator.py for tasks to queue
[2025-01-03T21:37:33.840+0100] {logging_mixin.py:190} INFO - [2025-01-03T21:37:33.840+0100] {dagbag.py:588} INFO - Filling up the DagBag from /Users/azeez.ganiyu/airflow_venv/lib/python3.9/site-packages/airflow/example_dags/example_python_decorator.py
[2025-01-03T21:37:33.901+0100] {logging_mixin.py:190} INFO - [2025-01-03T21:37:33.901+0100] {example_python_decorator.py:80} WARNING - The virtalenv_python example task requires virtualenv, please install it.
[2025-01-03T21:37:33.906+0100] {processor.py:925} INFO - DAG(s) 'example_python_decorator' retrieved from /Users/azeez.ganiyu/airflow_venv/lib/python3.9/site-packages/airflow/example_dags/example_python_decorator.py
[2025-01-03T21:37:34.053+0100] {logging_mixin.py:190} INFO - [2025-01-03T21:37:34.053+0100] {dag.py:3239} INFO - Sync 1 DAGs
[2025-01-03T21:37:34.064+0100] {logging_mixin.py:190} INFO - [2025-01-03T21:37:34.064+0100] {dag.py:4180} INFO - Setting next_dagrun for example_python_decorator to None, run_after=None
[2025-01-03T21:37:34.087+0100] {processor.py:208} INFO - Processing /Users/azeez.ganiyu/airflow_venv/lib/python3.9/site-packages/airflow/example_dags/example_python_decorator.py took 0.262 seconds
[2025-01-03T21:40:40.332+0100] {processor.py:186} INFO - Started process (PID=82525) to work on /Users/azeez.ganiyu/airflow_venv/lib/python3.9/site-packages/airflow/example_dags/example_python_decorator.py
[2025-01-03T21:40:40.336+0100] {processor.py:914} INFO - Processing file /Users/azeez.ganiyu/airflow_venv/lib/python3.9/site-packages/airflow/example_dags/example_python_decorator.py for tasks to queue
[2025-01-03T21:40:40.337+0100] {logging_mixin.py:190} INFO - [2025-01-03T21:40:40.337+0100] {dagbag.py:588} INFO - Filling up the DagBag from /Users/azeez.ganiyu/airflow_venv/lib/python3.9/site-packages/airflow/example_dags/example_python_decorator.py
[2025-01-03T21:40:40.394+0100] {logging_mixin.py:190} INFO - [2025-01-03T21:40:40.394+0100] {example_python_decorator.py:80} WARNING - The virtalenv_python example task requires virtualenv, please install it.
[2025-01-03T21:40:40.400+0100] {processor.py:925} INFO - DAG(s) 'example_python_decorator' retrieved from /Users/azeez.ganiyu/airflow_venv/lib/python3.9/site-packages/airflow/example_dags/example_python_decorator.py
[2025-01-03T21:40:40.539+0100] {logging_mixin.py:190} INFO - [2025-01-03T21:40:40.539+0100] {dag.py:3239} INFO - Sync 1 DAGs
[2025-01-03T21:40:40.549+0100] {logging_mixin.py:190} INFO - [2025-01-03T21:40:40.548+0100] {dag.py:4180} INFO - Setting next_dagrun for example_python_decorator to None, run_after=None
[2025-01-03T21:40:40.568+0100] {processor.py:208} INFO - Processing /Users/azeez.ganiyu/airflow_venv/lib/python3.9/site-packages/airflow/example_dags/example_python_decorator.py took 0.244 seconds
[2025-01-03T21:43:45.718+0100] {processor.py:186} INFO - Started process (PID=84303) to work on /Users/azeez.ganiyu/airflow_venv/lib/python3.9/site-packages/airflow/example_dags/example_python_decorator.py
[2025-01-03T21:43:45.724+0100] {processor.py:914} INFO - Processing file /Users/azeez.ganiyu/airflow_venv/lib/python3.9/site-packages/airflow/example_dags/example_python_decorator.py for tasks to queue
[2025-01-03T21:43:45.725+0100] {logging_mixin.py:190} INFO - [2025-01-03T21:43:45.725+0100] {dagbag.py:588} INFO - Filling up the DagBag from /Users/azeez.ganiyu/airflow_venv/lib/python3.9/site-packages/airflow/example_dags/example_python_decorator.py
[2025-01-03T21:43:45.782+0100] {logging_mixin.py:190} INFO - [2025-01-03T21:43:45.782+0100] {example_python_decorator.py:80} WARNING - The virtalenv_python example task requires virtualenv, please install it.
[2025-01-03T21:43:45.787+0100] {processor.py:925} INFO - DAG(s) 'example_python_decorator' retrieved from /Users/azeez.ganiyu/airflow_venv/lib/python3.9/site-packages/airflow/example_dags/example_python_decorator.py
[2025-01-03T21:43:45.924+0100] {logging_mixin.py:190} INFO - [2025-01-03T21:43:45.924+0100] {dag.py:3239} INFO - Sync 1 DAGs
[2025-01-03T21:43:45.934+0100] {logging_mixin.py:190} INFO - [2025-01-03T21:43:45.934+0100] {dag.py:4180} INFO - Setting next_dagrun for example_python_decorator to None, run_after=None
[2025-01-03T21:43:45.953+0100] {processor.py:208} INFO - Processing /Users/azeez.ganiyu/airflow_venv/lib/python3.9/site-packages/airflow/example_dags/example_python_decorator.py took 0.244 seconds
[2025-01-03T21:46:57.291+0100] {processor.py:186} INFO - Started process (PID=85952) to work on /Users/azeez.ganiyu/airflow_venv/lib/python3.9/site-packages/airflow/example_dags/example_python_decorator.py
[2025-01-03T21:46:57.295+0100] {processor.py:914} INFO - Processing file /Users/azeez.ganiyu/airflow_venv/lib/python3.9/site-packages/airflow/example_dags/example_python_decorator.py for tasks to queue
[2025-01-03T21:46:57.296+0100] {logging_mixin.py:190} INFO - [2025-01-03T21:46:57.296+0100] {dagbag.py:588} INFO - Filling up the DagBag from /Users/azeez.ganiyu/airflow_venv/lib/python3.9/site-packages/airflow/example_dags/example_python_decorator.py
[2025-01-03T21:46:57.351+0100] {logging_mixin.py:190} INFO - [2025-01-03T21:46:57.351+0100] {example_python_decorator.py:80} WARNING - The virtalenv_python example task requires virtualenv, please install it.
[2025-01-03T21:46:57.356+0100] {processor.py:925} INFO - DAG(s) 'example_python_decorator' retrieved from /Users/azeez.ganiyu/airflow_venv/lib/python3.9/site-packages/airflow/example_dags/example_python_decorator.py
[2025-01-03T21:46:57.497+0100] {logging_mixin.py:190} INFO - [2025-01-03T21:46:57.497+0100] {dag.py:3239} INFO - Sync 1 DAGs
[2025-01-03T21:46:57.507+0100] {logging_mixin.py:190} INFO - [2025-01-03T21:46:57.506+0100] {dag.py:4180} INFO - Setting next_dagrun for example_python_decorator to None, run_after=None
[2025-01-03T21:46:57.528+0100] {processor.py:208} INFO - Processing /Users/azeez.ganiyu/airflow_venv/lib/python3.9/site-packages/airflow/example_dags/example_python_decorator.py took 0.245 seconds
[2025-01-03T21:50:09.481+0100] {processor.py:186} INFO - Started process (PID=87041) to work on /Users/azeez.ganiyu/airflow_venv/lib/python3.9/site-packages/airflow/example_dags/example_python_decorator.py
[2025-01-03T21:50:09.487+0100] {processor.py:914} INFO - Processing file /Users/azeez.ganiyu/airflow_venv/lib/python3.9/site-packages/airflow/example_dags/example_python_decorator.py for tasks to queue
[2025-01-03T21:50:09.488+0100] {logging_mixin.py:190} INFO - [2025-01-03T21:50:09.488+0100] {dagbag.py:588} INFO - Filling up the DagBag from /Users/azeez.ganiyu/airflow_venv/lib/python3.9/site-packages/airflow/example_dags/example_python_decorator.py
[2025-01-03T21:50:09.553+0100] {logging_mixin.py:190} INFO - [2025-01-03T21:50:09.553+0100] {example_python_decorator.py:80} WARNING - The virtalenv_python example task requires virtualenv, please install it.
[2025-01-03T21:50:09.558+0100] {processor.py:925} INFO - DAG(s) 'example_python_decorator' retrieved from /Users/azeez.ganiyu/airflow_venv/lib/python3.9/site-packages/airflow/example_dags/example_python_decorator.py
[2025-01-03T21:50:09.715+0100] {logging_mixin.py:190} INFO - [2025-01-03T21:50:09.715+0100] {dag.py:3239} INFO - Sync 1 DAGs
[2025-01-03T21:50:09.726+0100] {logging_mixin.py:190} INFO - [2025-01-03T21:50:09.726+0100] {dag.py:4180} INFO - Setting next_dagrun for example_python_decorator to None, run_after=None
[2025-01-03T21:50:09.749+0100] {processor.py:208} INFO - Processing /Users/azeez.ganiyu/airflow_venv/lib/python3.9/site-packages/airflow/example_dags/example_python_decorator.py took 0.276 seconds
