[2025-01-03T21:34:21.089+0100] {processor.py:186} INFO - Started process (PID=79701) to work on /Users/azeez.ganiyu/airflow_venv/lib/python3.9/site-packages/airflow/example_dags/example_inlet_event_extra.py
[2025-01-03T21:34:21.096+0100] {processor.py:914} INFO - Processing file /Users/azeez.ganiyu/airflow_venv/lib/python3.9/site-packages/airflow/example_dags/example_inlet_event_extra.py for tasks to queue
[2025-01-03T21:34:21.098+0100] {logging_mixin.py:190} INFO - [2025-01-03T21:34:21.097+0100] {dagbag.py:588} INFO - Filling up the DagBag from /Users/azeez.ganiyu/airflow_venv/lib/python3.9/site-packages/airflow/example_dags/example_inlet_event_extra.py
[2025-01-03T21:34:21.481+0100] {processor.py:925} INFO - DAG(s) 'read_dataset_event', 'read_dataset_event_from_classic' retrieved from /Users/azeez.ganiyu/airflow_venv/lib/python3.9/site-packages/airflow/example_dags/example_inlet_event_extra.py
[2025-01-03T21:34:21.840+0100] {logging_mixin.py:190} INFO - [2025-01-03T21:34:21.839+0100] {override.py:1912} INFO - Created Permission View: can delete on DAG:read_dataset_event
[2025-01-03T21:34:21.856+0100] {logging_mixin.py:190} INFO - [2025-01-03T21:34:21.855+0100] {override.py:1912} INFO - Created Permission View: can edit on DAG:read_dataset_event
[2025-01-03T21:34:21.868+0100] {logging_mixin.py:190} INFO - [2025-01-03T21:34:21.868+0100] {override.py:1912} INFO - Created Permission View: can read on DAG:read_dataset_event
[2025-01-03T21:34:21.886+0100] {logging_mixin.py:190} INFO - [2025-01-03T21:34:21.885+0100] {override.py:1912} INFO - Created Permission View: can delete on DAG Run:read_dataset_event
[2025-01-03T21:34:21.896+0100] {logging_mixin.py:190} INFO - [2025-01-03T21:34:21.896+0100] {override.py:1912} INFO - Created Permission View: can create on DAG Run:read_dataset_event
[2025-01-03T21:34:21.910+0100] {logging_mixin.py:190} INFO - [2025-01-03T21:34:21.909+0100] {override.py:1912} INFO - Created Permission View: menu access on DAG Run:read_dataset_event
[2025-01-03T21:34:21.921+0100] {logging_mixin.py:190} INFO - [2025-01-03T21:34:21.920+0100] {override.py:1912} INFO - Created Permission View: can read on DAG Run:read_dataset_event
[2025-01-03T21:34:21.942+0100] {logging_mixin.py:190} INFO - [2025-01-03T21:34:21.941+0100] {override.py:1912} INFO - Created Permission View: can delete on DAG:read_dataset_event_from_classic
[2025-01-03T21:34:21.956+0100] {logging_mixin.py:190} INFO - [2025-01-03T21:34:21.955+0100] {override.py:1912} INFO - Created Permission View: can edit on DAG:read_dataset_event_from_classic
[2025-01-03T21:34:21.965+0100] {logging_mixin.py:190} INFO - [2025-01-03T21:34:21.965+0100] {override.py:1912} INFO - Created Permission View: can read on DAG:read_dataset_event_from_classic
[2025-01-03T21:34:21.985+0100] {logging_mixin.py:190} INFO - [2025-01-03T21:34:21.984+0100] {override.py:1912} INFO - Created Permission View: can delete on DAG Run:read_dataset_event_from_classic
[2025-01-03T21:34:21.997+0100] {logging_mixin.py:190} INFO - [2025-01-03T21:34:21.997+0100] {override.py:1912} INFO - Created Permission View: can create on DAG Run:read_dataset_event_from_classic
[2025-01-03T21:34:22.013+0100] {logging_mixin.py:190} INFO - [2025-01-03T21:34:22.012+0100] {override.py:1912} INFO - Created Permission View: menu access on DAG Run:read_dataset_event_from_classic
[2025-01-03T21:34:22.026+0100] {logging_mixin.py:190} INFO - [2025-01-03T21:34:22.025+0100] {override.py:1912} INFO - Created Permission View: can read on DAG Run:read_dataset_event_from_classic
[2025-01-03T21:34:22.027+0100] {logging_mixin.py:190} INFO - [2025-01-03T21:34:22.026+0100] {dag.py:3239} INFO - Sync 2 DAGs
[2025-01-03T21:34:22.044+0100] {logging_mixin.py:190} INFO - [2025-01-03T21:34:22.044+0100] {dag.py:3262} INFO - Creating ORM DAG for read_dataset_event
[2025-01-03T21:34:22.045+0100] {logging_mixin.py:190} INFO - [2025-01-03T21:34:22.045+0100] {dag.py:3262} INFO - Creating ORM DAG for read_dataset_event_from_classic
[2025-01-03T21:34:22.061+0100] {logging_mixin.py:190} INFO - [2025-01-03T21:34:22.061+0100] {dag.py:4180} INFO - Setting next_dagrun for read_dataset_event to 2025-01-02 00:00:00+00:00, run_after=2025-01-03 00:00:00+00:00
[2025-01-03T21:34:22.064+0100] {logging_mixin.py:190} INFO - [2025-01-03T21:34:22.064+0100] {dag.py:4180} INFO - Setting next_dagrun for read_dataset_event_from_classic to 2025-01-02 00:00:00+00:00, run_after=2025-01-03 00:00:00+00:00
[2025-01-03T21:34:22.090+0100] {processor.py:208} INFO - Processing /Users/azeez.ganiyu/airflow_venv/lib/python3.9/site-packages/airflow/example_dags/example_inlet_event_extra.py took 1.010 seconds
[2025-01-03T21:38:10.700+0100] {processor.py:186} INFO - Started process (PID=81695) to work on /Users/azeez.ganiyu/airflow_venv/lib/python3.9/site-packages/airflow/example_dags/example_inlet_event_extra.py
[2025-01-03T21:38:10.705+0100] {processor.py:914} INFO - Processing file /Users/azeez.ganiyu/airflow_venv/lib/python3.9/site-packages/airflow/example_dags/example_inlet_event_extra.py for tasks to queue
[2025-01-03T21:38:10.706+0100] {logging_mixin.py:190} INFO - [2025-01-03T21:38:10.706+0100] {dagbag.py:588} INFO - Filling up the DagBag from /Users/azeez.ganiyu/airflow_venv/lib/python3.9/site-packages/airflow/example_dags/example_inlet_event_extra.py
[2025-01-03T21:38:10.909+0100] {processor.py:925} INFO - DAG(s) 'read_dataset_event', 'read_dataset_event_from_classic' retrieved from /Users/azeez.ganiyu/airflow_venv/lib/python3.9/site-packages/airflow/example_dags/example_inlet_event_extra.py
[2025-01-03T21:38:11.016+0100] {logging_mixin.py:190} INFO - [2025-01-03T21:38:11.016+0100] {dag.py:3239} INFO - Sync 2 DAGs
[2025-01-03T21:38:11.035+0100] {logging_mixin.py:190} INFO - [2025-01-03T21:38:11.034+0100] {dag.py:4180} INFO - Setting next_dagrun for read_dataset_event to 2025-01-02 00:00:00+00:00, run_after=2025-01-03 00:00:00+00:00
[2025-01-03T21:38:11.039+0100] {logging_mixin.py:190} INFO - [2025-01-03T21:38:11.039+0100] {dag.py:4180} INFO - Setting next_dagrun for read_dataset_event_from_classic to 2025-01-02 00:00:00+00:00, run_after=2025-01-03 00:00:00+00:00
[2025-01-03T21:38:11.099+0100] {processor.py:208} INFO - Processing /Users/azeez.ganiyu/airflow_venv/lib/python3.9/site-packages/airflow/example_dags/example_inlet_event_extra.py took 0.407 seconds
[2025-01-03T21:41:18.276+0100] {processor.py:186} INFO - Started process (PID=83399) to work on /Users/azeez.ganiyu/airflow_venv/lib/python3.9/site-packages/airflow/example_dags/example_inlet_event_extra.py
[2025-01-03T21:41:18.280+0100] {processor.py:914} INFO - Processing file /Users/azeez.ganiyu/airflow_venv/lib/python3.9/site-packages/airflow/example_dags/example_inlet_event_extra.py for tasks to queue
[2025-01-03T21:41:18.281+0100] {logging_mixin.py:190} INFO - [2025-01-03T21:41:18.281+0100] {dagbag.py:588} INFO - Filling up the DagBag from /Users/azeez.ganiyu/airflow_venv/lib/python3.9/site-packages/airflow/example_dags/example_inlet_event_extra.py
[2025-01-03T21:41:18.473+0100] {processor.py:925} INFO - DAG(s) 'read_dataset_event', 'read_dataset_event_from_classic' retrieved from /Users/azeez.ganiyu/airflow_venv/lib/python3.9/site-packages/airflow/example_dags/example_inlet_event_extra.py
[2025-01-03T21:41:18.568+0100] {logging_mixin.py:190} INFO - [2025-01-03T21:41:18.568+0100] {dag.py:3239} INFO - Sync 2 DAGs
[2025-01-03T21:41:18.583+0100] {logging_mixin.py:190} INFO - [2025-01-03T21:41:18.582+0100] {dag.py:4180} INFO - Setting next_dagrun for read_dataset_event to 2025-01-02 00:00:00+00:00, run_after=2025-01-03 00:00:00+00:00
[2025-01-03T21:41:18.586+0100] {logging_mixin.py:190} INFO - [2025-01-03T21:41:18.586+0100] {dag.py:4180} INFO - Setting next_dagrun for read_dataset_event_from_classic to 2025-01-02 00:00:00+00:00, run_after=2025-01-03 00:00:00+00:00
[2025-01-03T21:41:18.604+0100] {processor.py:208} INFO - Processing /Users/azeez.ganiyu/airflow_venv/lib/python3.9/site-packages/airflow/example_dags/example_inlet_event_extra.py took 0.335 seconds
[2025-01-03T21:44:24.196+0100] {processor.py:186} INFO - Started process (PID=84538) to work on /Users/azeez.ganiyu/airflow_venv/lib/python3.9/site-packages/airflow/example_dags/example_inlet_event_extra.py
[2025-01-03T21:44:24.200+0100] {processor.py:914} INFO - Processing file /Users/azeez.ganiyu/airflow_venv/lib/python3.9/site-packages/airflow/example_dags/example_inlet_event_extra.py for tasks to queue
[2025-01-03T21:44:24.201+0100] {logging_mixin.py:190} INFO - [2025-01-03T21:44:24.201+0100] {dagbag.py:588} INFO - Filling up the DagBag from /Users/azeez.ganiyu/airflow_venv/lib/python3.9/site-packages/airflow/example_dags/example_inlet_event_extra.py
[2025-01-03T21:44:24.391+0100] {processor.py:925} INFO - DAG(s) 'read_dataset_event', 'read_dataset_event_from_classic' retrieved from /Users/azeez.ganiyu/airflow_venv/lib/python3.9/site-packages/airflow/example_dags/example_inlet_event_extra.py
[2025-01-03T21:44:24.482+0100] {logging_mixin.py:190} INFO - [2025-01-03T21:44:24.481+0100] {dag.py:3239} INFO - Sync 2 DAGs
[2025-01-03T21:44:24.497+0100] {logging_mixin.py:190} INFO - [2025-01-03T21:44:24.496+0100] {dag.py:4180} INFO - Setting next_dagrun for read_dataset_event to 2025-01-02 00:00:00+00:00, run_after=2025-01-03 00:00:00+00:00
[2025-01-03T21:44:24.500+0100] {logging_mixin.py:190} INFO - [2025-01-03T21:44:24.500+0100] {dag.py:4180} INFO - Setting next_dagrun for read_dataset_event_from_classic to 2025-01-02 00:00:00+00:00, run_after=2025-01-03 00:00:00+00:00
[2025-01-03T21:44:24.517+0100] {processor.py:208} INFO - Processing /Users/azeez.ganiyu/airflow_venv/lib/python3.9/site-packages/airflow/example_dags/example_inlet_event_extra.py took 0.328 seconds
[2025-01-03T21:47:34.811+0100] {processor.py:186} INFO - Started process (PID=86177) to work on /Users/azeez.ganiyu/airflow_venv/lib/python3.9/site-packages/airflow/example_dags/example_inlet_event_extra.py
[2025-01-03T21:47:34.816+0100] {processor.py:914} INFO - Processing file /Users/azeez.ganiyu/airflow_venv/lib/python3.9/site-packages/airflow/example_dags/example_inlet_event_extra.py for tasks to queue
[2025-01-03T21:47:34.817+0100] {logging_mixin.py:190} INFO - [2025-01-03T21:47:34.817+0100] {dagbag.py:588} INFO - Filling up the DagBag from /Users/azeez.ganiyu/airflow_venv/lib/python3.9/site-packages/airflow/example_dags/example_inlet_event_extra.py
[2025-01-03T21:47:35.009+0100] {processor.py:925} INFO - DAG(s) 'read_dataset_event_from_classic', 'read_dataset_event' retrieved from /Users/azeez.ganiyu/airflow_venv/lib/python3.9/site-packages/airflow/example_dags/example_inlet_event_extra.py
[2025-01-03T21:47:35.101+0100] {logging_mixin.py:190} INFO - [2025-01-03T21:47:35.101+0100] {dag.py:3239} INFO - Sync 2 DAGs
[2025-01-03T21:47:35.117+0100] {logging_mixin.py:190} INFO - [2025-01-03T21:47:35.117+0100] {dag.py:4180} INFO - Setting next_dagrun for read_dataset_event to 2025-01-02 00:00:00+00:00, run_after=2025-01-03 00:00:00+00:00
[2025-01-03T21:47:35.121+0100] {logging_mixin.py:190} INFO - [2025-01-03T21:47:35.121+0100] {dag.py:4180} INFO - Setting next_dagrun for read_dataset_event_from_classic to 2025-01-02 00:00:00+00:00, run_after=2025-01-03 00:00:00+00:00
[2025-01-03T21:47:35.139+0100] {processor.py:208} INFO - Processing /Users/azeez.ganiyu/airflow_venv/lib/python3.9/site-packages/airflow/example_dags/example_inlet_event_extra.py took 0.335 seconds
[2025-01-03T21:50:53.973+0100] {processor.py:186} INFO - Started process (PID=87297) to work on /Users/azeez.ganiyu/airflow_venv/lib/python3.9/site-packages/airflow/example_dags/example_inlet_event_extra.py
[2025-01-03T21:50:53.979+0100] {processor.py:914} INFO - Processing file /Users/azeez.ganiyu/airflow_venv/lib/python3.9/site-packages/airflow/example_dags/example_inlet_event_extra.py for tasks to queue
[2025-01-03T21:50:53.980+0100] {logging_mixin.py:190} INFO - [2025-01-03T21:50:53.980+0100] {dagbag.py:588} INFO - Filling up the DagBag from /Users/azeez.ganiyu/airflow_venv/lib/python3.9/site-packages/airflow/example_dags/example_inlet_event_extra.py
[2025-01-03T21:50:54.183+0100] {processor.py:925} INFO - DAG(s) 'read_dataset_event_from_classic', 'read_dataset_event' retrieved from /Users/azeez.ganiyu/airflow_venv/lib/python3.9/site-packages/airflow/example_dags/example_inlet_event_extra.py
[2025-01-03T21:50:54.276+0100] {logging_mixin.py:190} INFO - [2025-01-03T21:50:54.275+0100] {dag.py:3239} INFO - Sync 2 DAGs
[2025-01-03T21:50:54.291+0100] {logging_mixin.py:190} INFO - [2025-01-03T21:50:54.290+0100] {dag.py:4180} INFO - Setting next_dagrun for read_dataset_event to 2025-01-02 00:00:00+00:00, run_after=2025-01-03 00:00:00+00:00
[2025-01-03T21:50:54.294+0100] {logging_mixin.py:190} INFO - [2025-01-03T21:50:54.294+0100] {dag.py:4180} INFO - Setting next_dagrun for read_dataset_event_from_classic to 2025-01-02 00:00:00+00:00, run_after=2025-01-03 00:00:00+00:00
[2025-01-03T21:50:54.312+0100] {processor.py:208} INFO - Processing /Users/azeez.ganiyu/airflow_venv/lib/python3.9/site-packages/airflow/example_dags/example_inlet_event_extra.py took 0.347 seconds
