[2025-01-03T21:34:26.785+0100] {processor.py:186} INFO - Started process (PID=80199) to work on /Users/azeez.ganiyu/airflow_venv/lib/python3.9/site-packages/airflow/example_dags/example_external_task_marker_dag.py
[2025-01-03T21:34:26.792+0100] {processor.py:914} INFO - Processing file /Users/azeez.ganiyu/airflow_venv/lib/python3.9/site-packages/airflow/example_dags/example_external_task_marker_dag.py for tasks to queue
[2025-01-03T21:34:26.794+0100] {logging_mixin.py:190} INFO - [2025-01-03T21:34:26.793+0100] {dagbag.py:588} INFO - Filling up the DagBag from /Users/azeez.ganiyu/airflow_venv/lib/python3.9/site-packages/airflow/example_dags/example_external_task_marker_dag.py
[2025-01-03T21:34:26.832+0100] {processor.py:925} INFO - DAG(s) 'example_external_task_marker_parent', 'example_external_task_marker_child' retrieved from /Users/azeez.ganiyu/airflow_venv/lib/python3.9/site-packages/airflow/example_dags/example_external_task_marker_dag.py
[2025-01-03T21:34:27.235+0100] {logging_mixin.py:190} INFO - [2025-01-03T21:34:27.235+0100] {override.py:1912} INFO - Created Permission View: can read on DAG:example_external_task_marker_parent
[2025-01-03T21:34:27.250+0100] {logging_mixin.py:190} INFO - [2025-01-03T21:34:27.249+0100] {override.py:1912} INFO - Created Permission View: can delete on DAG:example_external_task_marker_parent
[2025-01-03T21:34:27.263+0100] {logging_mixin.py:190} INFO - [2025-01-03T21:34:27.263+0100] {override.py:1912} INFO - Created Permission View: can edit on DAG:example_external_task_marker_parent
[2025-01-03T21:34:27.276+0100] {logging_mixin.py:190} INFO - [2025-01-03T21:34:27.276+0100] {override.py:1912} INFO - Created Permission View: can read on DAG Run:example_external_task_marker_parent
[2025-01-03T21:34:27.284+0100] {logging_mixin.py:190} INFO - [2025-01-03T21:34:27.283+0100] {override.py:1912} INFO - Created Permission View: can create on DAG Run:example_external_task_marker_parent
[2025-01-03T21:34:27.294+0100] {logging_mixin.py:190} INFO - [2025-01-03T21:34:27.293+0100] {override.py:1912} INFO - Created Permission View: menu access on DAG Run:example_external_task_marker_parent
[2025-01-03T21:34:27.304+0100] {logging_mixin.py:190} INFO - [2025-01-03T21:34:27.303+0100] {override.py:1912} INFO - Created Permission View: can delete on DAG Run:example_external_task_marker_parent
[2025-01-03T21:34:27.314+0100] {logging_mixin.py:190} INFO - [2025-01-03T21:34:27.314+0100] {workday.py:41} WARNING - Could not import pandas. Holidays will not be considered.
[2025-01-03T21:34:27.359+0100] {logging_mixin.py:190} INFO - [2025-01-03T21:34:27.358+0100] {override.py:1912} INFO - Created Permission View: can read on DAG:example_external_task_marker_child
[2025-01-03T21:34:27.369+0100] {logging_mixin.py:190} INFO - [2025-01-03T21:34:27.368+0100] {override.py:1912} INFO - Created Permission View: can delete on DAG:example_external_task_marker_child
[2025-01-03T21:34:27.379+0100] {logging_mixin.py:190} INFO - [2025-01-03T21:34:27.379+0100] {override.py:1912} INFO - Created Permission View: can edit on DAG:example_external_task_marker_child
[2025-01-03T21:34:27.394+0100] {logging_mixin.py:190} INFO - [2025-01-03T21:34:27.394+0100] {override.py:1912} INFO - Created Permission View: can read on DAG Run:example_external_task_marker_child
[2025-01-03T21:34:27.405+0100] {logging_mixin.py:190} INFO - [2025-01-03T21:34:27.404+0100] {override.py:1912} INFO - Created Permission View: can create on DAG Run:example_external_task_marker_child
[2025-01-03T21:34:27.415+0100] {logging_mixin.py:190} INFO - [2025-01-03T21:34:27.415+0100] {override.py:1912} INFO - Created Permission View: menu access on DAG Run:example_external_task_marker_child
[2025-01-03T21:34:27.424+0100] {logging_mixin.py:190} INFO - [2025-01-03T21:34:27.424+0100] {override.py:1912} INFO - Created Permission View: can delete on DAG Run:example_external_task_marker_child
[2025-01-03T21:34:27.425+0100] {logging_mixin.py:190} INFO - [2025-01-03T21:34:27.424+0100] {dag.py:3239} INFO - Sync 2 DAGs
[2025-01-03T21:34:27.436+0100] {logging_mixin.py:190} INFO - [2025-01-03T21:34:27.436+0100] {dag.py:3262} INFO - Creating ORM DAG for example_external_task_marker_child
[2025-01-03T21:34:27.437+0100] {logging_mixin.py:190} INFO - [2025-01-03T21:34:27.437+0100] {dag.py:3262} INFO - Creating ORM DAG for example_external_task_marker_parent
[2025-01-03T21:34:27.437+0100] {logging_mixin.py:190} INFO - [2025-01-03T21:34:27.437+0100] {dag.py:4180} INFO - Setting next_dagrun for example_external_task_marker_child to None, run_after=None
[2025-01-03T21:34:27.438+0100] {logging_mixin.py:190} INFO - [2025-01-03T21:34:27.437+0100] {dag.py:4180} INFO - Setting next_dagrun for example_external_task_marker_parent to None, run_after=None
[2025-01-03T21:34:27.460+0100] {processor.py:208} INFO - Processing /Users/azeez.ganiyu/airflow_venv/lib/python3.9/site-packages/airflow/example_dags/example_external_task_marker_dag.py took 0.683 seconds
[2025-01-03T21:38:14.865+0100] {processor.py:186} INFO - Started process (PID=81717) to work on /Users/azeez.ganiyu/airflow_venv/lib/python3.9/site-packages/airflow/example_dags/example_external_task_marker_dag.py
[2025-01-03T21:38:14.872+0100] {processor.py:914} INFO - Processing file /Users/azeez.ganiyu/airflow_venv/lib/python3.9/site-packages/airflow/example_dags/example_external_task_marker_dag.py for tasks to queue
[2025-01-03T21:38:14.874+0100] {logging_mixin.py:190} INFO - [2025-01-03T21:38:14.873+0100] {dagbag.py:588} INFO - Filling up the DagBag from /Users/azeez.ganiyu/airflow_venv/lib/python3.9/site-packages/airflow/example_dags/example_external_task_marker_dag.py
[2025-01-03T21:38:14.901+0100] {processor.py:925} INFO - DAG(s) 'example_external_task_marker_child', 'example_external_task_marker_parent' retrieved from /Users/azeez.ganiyu/airflow_venv/lib/python3.9/site-packages/airflow/example_dags/example_external_task_marker_dag.py
[2025-01-03T21:38:15.053+0100] {logging_mixin.py:190} INFO - [2025-01-03T21:38:15.052+0100] {workday.py:41} WARNING - Could not import pandas. Holidays will not be considered.
[2025-01-03T21:38:15.092+0100] {logging_mixin.py:190} INFO - [2025-01-03T21:38:15.092+0100] {dag.py:3239} INFO - Sync 2 DAGs
[2025-01-03T21:38:15.104+0100] {logging_mixin.py:190} INFO - [2025-01-03T21:38:15.104+0100] {dag.py:4180} INFO - Setting next_dagrun for example_external_task_marker_child to None, run_after=None
[2025-01-03T21:38:15.107+0100] {logging_mixin.py:190} INFO - [2025-01-03T21:38:15.107+0100] {dag.py:4180} INFO - Setting next_dagrun for example_external_task_marker_parent to None, run_after=None
[2025-01-03T21:38:15.128+0100] {processor.py:208} INFO - Processing /Users/azeez.ganiyu/airflow_venv/lib/python3.9/site-packages/airflow/example_dags/example_external_task_marker_dag.py took 0.271 seconds
[2025-01-03T21:41:22.089+0100] {processor.py:186} INFO - Started process (PID=83411) to work on /Users/azeez.ganiyu/airflow_venv/lib/python3.9/site-packages/airflow/example_dags/example_external_task_marker_dag.py
[2025-01-03T21:41:22.095+0100] {processor.py:914} INFO - Processing file /Users/azeez.ganiyu/airflow_venv/lib/python3.9/site-packages/airflow/example_dags/example_external_task_marker_dag.py for tasks to queue
[2025-01-03T21:41:22.095+0100] {logging_mixin.py:190} INFO - [2025-01-03T21:41:22.095+0100] {dagbag.py:588} INFO - Filling up the DagBag from /Users/azeez.ganiyu/airflow_venv/lib/python3.9/site-packages/airflow/example_dags/example_external_task_marker_dag.py
[2025-01-03T21:41:22.123+0100] {processor.py:925} INFO - DAG(s) 'example_external_task_marker_parent', 'example_external_task_marker_child' retrieved from /Users/azeez.ganiyu/airflow_venv/lib/python3.9/site-packages/airflow/example_dags/example_external_task_marker_dag.py
[2025-01-03T21:41:22.295+0100] {logging_mixin.py:190} INFO - [2025-01-03T21:41:22.295+0100] {workday.py:41} WARNING - Could not import pandas. Holidays will not be considered.
[2025-01-03T21:41:22.330+0100] {logging_mixin.py:190} INFO - [2025-01-03T21:41:22.330+0100] {dag.py:3239} INFO - Sync 2 DAGs
[2025-01-03T21:41:22.339+0100] {logging_mixin.py:190} INFO - [2025-01-03T21:41:22.338+0100] {dag.py:4180} INFO - Setting next_dagrun for example_external_task_marker_child to None, run_after=None
[2025-01-03T21:41:22.341+0100] {logging_mixin.py:190} INFO - [2025-01-03T21:41:22.341+0100] {dag.py:4180} INFO - Setting next_dagrun for example_external_task_marker_parent to None, run_after=None
[2025-01-03T21:41:22.363+0100] {processor.py:208} INFO - Processing /Users/azeez.ganiyu/airflow_venv/lib/python3.9/site-packages/airflow/example_dags/example_external_task_marker_dag.py took 0.280 seconds
[2025-01-03T21:44:27.923+0100] {processor.py:186} INFO - Started process (PID=84560) to work on /Users/azeez.ganiyu/airflow_venv/lib/python3.9/site-packages/airflow/example_dags/example_external_task_marker_dag.py
[2025-01-03T21:44:27.928+0100] {processor.py:914} INFO - Processing file /Users/azeez.ganiyu/airflow_venv/lib/python3.9/site-packages/airflow/example_dags/example_external_task_marker_dag.py for tasks to queue
[2025-01-03T21:44:27.929+0100] {logging_mixin.py:190} INFO - [2025-01-03T21:44:27.929+0100] {dagbag.py:588} INFO - Filling up the DagBag from /Users/azeez.ganiyu/airflow_venv/lib/python3.9/site-packages/airflow/example_dags/example_external_task_marker_dag.py
[2025-01-03T21:44:27.952+0100] {processor.py:925} INFO - DAG(s) 'example_external_task_marker_parent', 'example_external_task_marker_child' retrieved from /Users/azeez.ganiyu/airflow_venv/lib/python3.9/site-packages/airflow/example_dags/example_external_task_marker_dag.py
[2025-01-03T21:44:28.089+0100] {logging_mixin.py:190} INFO - [2025-01-03T21:44:28.089+0100] {workday.py:41} WARNING - Could not import pandas. Holidays will not be considered.
[2025-01-03T21:44:28.116+0100] {logging_mixin.py:190} INFO - [2025-01-03T21:44:28.115+0100] {dag.py:3239} INFO - Sync 2 DAGs
[2025-01-03T21:44:28.125+0100] {logging_mixin.py:190} INFO - [2025-01-03T21:44:28.125+0100] {dag.py:4180} INFO - Setting next_dagrun for example_external_task_marker_child to None, run_after=None
[2025-01-03T21:44:28.127+0100] {logging_mixin.py:190} INFO - [2025-01-03T21:44:28.127+0100] {dag.py:4180} INFO - Setting next_dagrun for example_external_task_marker_parent to None, run_after=None
[2025-01-03T21:44:28.146+0100] {processor.py:208} INFO - Processing /Users/azeez.ganiyu/airflow_venv/lib/python3.9/site-packages/airflow/example_dags/example_external_task_marker_dag.py took 0.230 seconds
[2025-01-03T21:47:38.543+0100] {processor.py:186} INFO - Started process (PID=86206) to work on /Users/azeez.ganiyu/airflow_venv/lib/python3.9/site-packages/airflow/example_dags/example_external_task_marker_dag.py
[2025-01-03T21:47:38.547+0100] {processor.py:914} INFO - Processing file /Users/azeez.ganiyu/airflow_venv/lib/python3.9/site-packages/airflow/example_dags/example_external_task_marker_dag.py for tasks to queue
[2025-01-03T21:47:38.548+0100] {logging_mixin.py:190} INFO - [2025-01-03T21:47:38.548+0100] {dagbag.py:588} INFO - Filling up the DagBag from /Users/azeez.ganiyu/airflow_venv/lib/python3.9/site-packages/airflow/example_dags/example_external_task_marker_dag.py
[2025-01-03T21:47:38.571+0100] {processor.py:925} INFO - DAG(s) 'example_external_task_marker_parent', 'example_external_task_marker_child' retrieved from /Users/azeez.ganiyu/airflow_venv/lib/python3.9/site-packages/airflow/example_dags/example_external_task_marker_dag.py
[2025-01-03T21:47:38.704+0100] {logging_mixin.py:190} INFO - [2025-01-03T21:47:38.704+0100] {workday.py:41} WARNING - Could not import pandas. Holidays will not be considered.
[2025-01-03T21:47:38.729+0100] {logging_mixin.py:190} INFO - [2025-01-03T21:47:38.728+0100] {dag.py:3239} INFO - Sync 2 DAGs
[2025-01-03T21:47:38.737+0100] {logging_mixin.py:190} INFO - [2025-01-03T21:47:38.737+0100] {dag.py:4180} INFO - Setting next_dagrun for example_external_task_marker_child to None, run_after=None
[2025-01-03T21:47:38.740+0100] {logging_mixin.py:190} INFO - [2025-01-03T21:47:38.740+0100] {dag.py:4180} INFO - Setting next_dagrun for example_external_task_marker_parent to None, run_after=None
[2025-01-03T21:47:38.757+0100] {processor.py:208} INFO - Processing /Users/azeez.ganiyu/airflow_venv/lib/python3.9/site-packages/airflow/example_dags/example_external_task_marker_dag.py took 0.222 seconds
[2025-01-03T21:50:56.718+0100] {processor.py:186} INFO - Started process (PID=87309) to work on /Users/azeez.ganiyu/airflow_venv/lib/python3.9/site-packages/airflow/example_dags/example_external_task_marker_dag.py
[2025-01-03T21:50:56.724+0100] {processor.py:914} INFO - Processing file /Users/azeez.ganiyu/airflow_venv/lib/python3.9/site-packages/airflow/example_dags/example_external_task_marker_dag.py for tasks to queue
[2025-01-03T21:50:56.725+0100] {logging_mixin.py:190} INFO - [2025-01-03T21:50:56.725+0100] {dagbag.py:588} INFO - Filling up the DagBag from /Users/azeez.ganiyu/airflow_venv/lib/python3.9/site-packages/airflow/example_dags/example_external_task_marker_dag.py
[2025-01-03T21:50:56.748+0100] {processor.py:925} INFO - DAG(s) 'example_external_task_marker_parent', 'example_external_task_marker_child' retrieved from /Users/azeez.ganiyu/airflow_venv/lib/python3.9/site-packages/airflow/example_dags/example_external_task_marker_dag.py
[2025-01-03T21:50:56.888+0100] {logging_mixin.py:190} INFO - [2025-01-03T21:50:56.888+0100] {workday.py:41} WARNING - Could not import pandas. Holidays will not be considered.
[2025-01-03T21:50:56.912+0100] {logging_mixin.py:190} INFO - [2025-01-03T21:50:56.911+0100] {dag.py:3239} INFO - Sync 2 DAGs
[2025-01-03T21:50:56.921+0100] {logging_mixin.py:190} INFO - [2025-01-03T21:50:56.920+0100] {dag.py:4180} INFO - Setting next_dagrun for example_external_task_marker_child to None, run_after=None
[2025-01-03T21:50:56.923+0100] {logging_mixin.py:190} INFO - [2025-01-03T21:50:56.923+0100] {dag.py:4180} INFO - Setting next_dagrun for example_external_task_marker_parent to None, run_after=None
[2025-01-03T21:50:56.941+0100] {processor.py:208} INFO - Processing /Users/azeez.ganiyu/airflow_venv/lib/python3.9/site-packages/airflow/example_dags/example_external_task_marker_dag.py took 0.231 seconds
