[2025-01-03T21:28:43.377+0100] {processor.py:186} INFO - Started process (PID=77862) to work on /Users/azeez.ganiyu/airflow_venv/lib/python3.9/site-packages/airflow/example_dags/example_workday_timetable.py
[2025-01-03T21:28:43.383+0100] {processor.py:914} INFO - Processing file /Users/azeez.ganiyu/airflow_venv/lib/python3.9/site-packages/airflow/example_dags/example_workday_timetable.py for tasks to queue
[2025-01-03T21:28:43.384+0100] {logging_mixin.py:190} INFO - [2025-01-03T21:28:43.384+0100] {dagbag.py:588} INFO - Filling up the DagBag from /Users/azeez.ganiyu/airflow_venv/lib/python3.9/site-packages/airflow/example_dags/example_workday_timetable.py
[2025-01-03T21:28:43.393+0100] {logging_mixin.py:190} INFO - [2025-01-03T21:28:43.392+0100] {workday.py:41} WARNING - Could not import pandas. Holidays will not be considered.
[2025-01-03T21:28:43.406+0100] {processor.py:925} INFO - DAG(s) 'example_workday_timetable' retrieved from /Users/azeez.ganiyu/airflow_venv/lib/python3.9/site-packages/airflow/example_dags/example_workday_timetable.py
[2025-01-03T21:28:43.540+0100] {logging_mixin.py:190} INFO - [2025-01-03T21:28:43.540+0100] {workday.py:41} WARNING - Could not import pandas. Holidays will not be considered.
[2025-01-03T21:28:43.696+0100] {logging_mixin.py:190} INFO - [2025-01-03T21:28:43.696+0100] {override.py:1912} INFO - Created Permission View: can edit on DAG:example_workday_timetable
[2025-01-03T21:28:43.707+0100] {logging_mixin.py:190} INFO - [2025-01-03T21:28:43.707+0100] {override.py:1912} INFO - Created Permission View: can delete on DAG:example_workday_timetable
[2025-01-03T21:28:43.716+0100] {logging_mixin.py:190} INFO - [2025-01-03T21:28:43.716+0100] {override.py:1912} INFO - Created Permission View: can read on DAG:example_workday_timetable
[2025-01-03T21:28:43.730+0100] {logging_mixin.py:190} INFO - [2025-01-03T21:28:43.730+0100] {override.py:1912} INFO - Created Permission View: menu access on DAG Run:example_workday_timetable
[2025-01-03T21:28:43.737+0100] {logging_mixin.py:190} INFO - [2025-01-03T21:28:43.737+0100] {override.py:1912} INFO - Created Permission View: can delete on DAG Run:example_workday_timetable
[2025-01-03T21:28:43.747+0100] {logging_mixin.py:190} INFO - [2025-01-03T21:28:43.746+0100] {override.py:1912} INFO - Created Permission View: can read on DAG Run:example_workday_timetable
[2025-01-03T21:28:43.753+0100] {logging_mixin.py:190} INFO - [2025-01-03T21:28:43.753+0100] {override.py:1912} INFO - Created Permission View: can create on DAG Run:example_workday_timetable
[2025-01-03T21:28:43.754+0100] {logging_mixin.py:190} INFO - [2025-01-03T21:28:43.754+0100] {dag.py:3239} INFO - Sync 1 DAGs
[2025-01-03T21:28:43.766+0100] {logging_mixin.py:190} INFO - [2025-01-03T21:28:43.766+0100] {dag.py:3262} INFO - Creating ORM DAG for example_workday_timetable
[2025-01-03T21:28:43.779+0100] {logging_mixin.py:190} INFO - [2025-01-03T21:28:43.779+0100] {dag.py:4180} INFO - Setting next_dagrun for example_workday_timetable to 2021-01-01 00:00:00+00:00, run_after=2021-01-02 00:00:00+00:00
[2025-01-03T21:28:43.800+0100] {processor.py:208} INFO - Processing /Users/azeez.ganiyu/airflow_venv/lib/python3.9/site-packages/airflow/example_dags/example_workday_timetable.py took 0.430 seconds
[2025-01-03T21:32:33.746+0100] {processor.py:186} INFO - Started process (PID=79240) to work on /Users/azeez.ganiyu/airflow_venv/lib/python3.9/site-packages/airflow/example_dags/example_workday_timetable.py
[2025-01-03T21:32:33.751+0100] {processor.py:914} INFO - Processing file /Users/azeez.ganiyu/airflow_venv/lib/python3.9/site-packages/airflow/example_dags/example_workday_timetable.py for tasks to queue
[2025-01-03T21:32:33.753+0100] {logging_mixin.py:190} INFO - [2025-01-03T21:32:33.752+0100] {dagbag.py:588} INFO - Filling up the DagBag from /Users/azeez.ganiyu/airflow_venv/lib/python3.9/site-packages/airflow/example_dags/example_workday_timetable.py
[2025-01-03T21:32:33.759+0100] {logging_mixin.py:190} INFO - [2025-01-03T21:32:33.758+0100] {workday.py:41} WARNING - Could not import pandas. Holidays will not be considered.
[2025-01-03T21:32:33.769+0100] {processor.py:925} INFO - DAG(s) 'example_workday_timetable' retrieved from /Users/azeez.ganiyu/airflow_venv/lib/python3.9/site-packages/airflow/example_dags/example_workday_timetable.py
[2025-01-03T21:32:33.901+0100] {logging_mixin.py:190} INFO - [2025-01-03T21:32:33.901+0100] {workday.py:41} WARNING - Could not import pandas. Holidays will not be considered.
[2025-01-03T21:32:33.939+0100] {logging_mixin.py:190} INFO - [2025-01-03T21:32:33.939+0100] {dag.py:3239} INFO - Sync 1 DAGs
[2025-01-03T21:32:33.958+0100] {logging_mixin.py:190} INFO - [2025-01-03T21:32:33.958+0100] {dag.py:4180} INFO - Setting next_dagrun for example_workday_timetable to 2021-01-01 00:00:00+00:00, run_after=2021-01-02 00:00:00+00:00
[2025-01-03T21:32:33.980+0100] {processor.py:208} INFO - Processing /Users/azeez.ganiyu/airflow_venv/lib/python3.9/site-packages/airflow/example_dags/example_workday_timetable.py took 0.241 seconds
[2025-01-03T21:36:27.407+0100] {processor.py:186} INFO - Started process (PID=81120) to work on /Users/azeez.ganiyu/airflow_venv/lib/python3.9/site-packages/airflow/example_dags/example_workday_timetable.py
[2025-01-03T21:36:27.412+0100] {processor.py:914} INFO - Processing file /Users/azeez.ganiyu/airflow_venv/lib/python3.9/site-packages/airflow/example_dags/example_workday_timetable.py for tasks to queue
[2025-01-03T21:36:27.413+0100] {logging_mixin.py:190} INFO - [2025-01-03T21:36:27.412+0100] {dagbag.py:588} INFO - Filling up the DagBag from /Users/azeez.ganiyu/airflow_venv/lib/python3.9/site-packages/airflow/example_dags/example_workday_timetable.py
[2025-01-03T21:36:27.418+0100] {logging_mixin.py:190} INFO - [2025-01-03T21:36:27.417+0100] {workday.py:41} WARNING - Could not import pandas. Holidays will not be considered.
[2025-01-03T21:36:27.428+0100] {processor.py:925} INFO - DAG(s) 'example_workday_timetable' retrieved from /Users/azeez.ganiyu/airflow_venv/lib/python3.9/site-packages/airflow/example_dags/example_workday_timetable.py
[2025-01-03T21:36:27.554+0100] {logging_mixin.py:190} INFO - [2025-01-03T21:36:27.554+0100] {workday.py:41} WARNING - Could not import pandas. Holidays will not be considered.
[2025-01-03T21:36:27.600+0100] {logging_mixin.py:190} INFO - [2025-01-03T21:36:27.600+0100] {dag.py:3239} INFO - Sync 1 DAGs
[2025-01-03T21:36:27.620+0100] {logging_mixin.py:190} INFO - [2025-01-03T21:36:27.620+0100] {dag.py:4180} INFO - Setting next_dagrun for example_workday_timetable to 2021-01-01 00:00:00+00:00, run_after=2021-01-02 00:00:00+00:00
[2025-01-03T21:36:27.641+0100] {processor.py:208} INFO - Processing /Users/azeez.ganiyu/airflow_venv/lib/python3.9/site-packages/airflow/example_dags/example_workday_timetable.py took 0.243 seconds
[2025-01-03T21:39:39.428+0100] {processor.py:186} INFO - Started process (PID=82173) to work on /Users/azeez.ganiyu/airflow_venv/lib/python3.9/site-packages/airflow/example_dags/example_workday_timetable.py
[2025-01-03T21:39:39.432+0100] {processor.py:914} INFO - Processing file /Users/azeez.ganiyu/airflow_venv/lib/python3.9/site-packages/airflow/example_dags/example_workday_timetable.py for tasks to queue
[2025-01-03T21:39:39.433+0100] {logging_mixin.py:190} INFO - [2025-01-03T21:39:39.433+0100] {dagbag.py:588} INFO - Filling up the DagBag from /Users/azeez.ganiyu/airflow_venv/lib/python3.9/site-packages/airflow/example_dags/example_workday_timetable.py
[2025-01-03T21:39:39.439+0100] {logging_mixin.py:190} INFO - [2025-01-03T21:39:39.439+0100] {workday.py:41} WARNING - Could not import pandas. Holidays will not be considered.
[2025-01-03T21:39:39.450+0100] {processor.py:925} INFO - DAG(s) 'example_workday_timetable' retrieved from /Users/azeez.ganiyu/airflow_venv/lib/python3.9/site-packages/airflow/example_dags/example_workday_timetable.py
[2025-01-03T21:39:39.580+0100] {logging_mixin.py:190} INFO - [2025-01-03T21:39:39.580+0100] {workday.py:41} WARNING - Could not import pandas. Holidays will not be considered.
[2025-01-03T21:39:39.615+0100] {logging_mixin.py:190} INFO - [2025-01-03T21:39:39.615+0100] {dag.py:3239} INFO - Sync 1 DAGs
[2025-01-03T21:39:39.639+0100] {logging_mixin.py:190} INFO - [2025-01-03T21:39:39.638+0100] {dag.py:4180} INFO - Setting next_dagrun for example_workday_timetable to 2021-01-01 00:00:00+00:00, run_after=2021-01-02 00:00:00+00:00
[2025-01-03T21:39:39.661+0100] {processor.py:208} INFO - Processing /Users/azeez.ganiyu/airflow_venv/lib/python3.9/site-packages/airflow/example_dags/example_workday_timetable.py took 0.241 seconds
[2025-01-03T21:42:45.623+0100] {processor.py:186} INFO - Started process (PID=83952) to work on /Users/azeez.ganiyu/airflow_venv/lib/python3.9/site-packages/airflow/example_dags/example_workday_timetable.py
[2025-01-03T21:42:45.628+0100] {processor.py:914} INFO - Processing file /Users/azeez.ganiyu/airflow_venv/lib/python3.9/site-packages/airflow/example_dags/example_workday_timetable.py for tasks to queue
[2025-01-03T21:42:45.630+0100] {logging_mixin.py:190} INFO - [2025-01-03T21:42:45.629+0100] {dagbag.py:588} INFO - Filling up the DagBag from /Users/azeez.ganiyu/airflow_venv/lib/python3.9/site-packages/airflow/example_dags/example_workday_timetable.py
[2025-01-03T21:42:45.635+0100] {logging_mixin.py:190} INFO - [2025-01-03T21:42:45.635+0100] {workday.py:41} WARNING - Could not import pandas. Holidays will not be considered.
[2025-01-03T21:42:45.646+0100] {processor.py:925} INFO - DAG(s) 'example_workday_timetable' retrieved from /Users/azeez.ganiyu/airflow_venv/lib/python3.9/site-packages/airflow/example_dags/example_workday_timetable.py
[2025-01-03T21:42:45.786+0100] {logging_mixin.py:190} INFO - [2025-01-03T21:42:45.786+0100] {workday.py:41} WARNING - Could not import pandas. Holidays will not be considered.
[2025-01-03T21:42:45.824+0100] {logging_mixin.py:190} INFO - [2025-01-03T21:42:45.823+0100] {dag.py:3239} INFO - Sync 1 DAGs
[2025-01-03T21:42:45.845+0100] {logging_mixin.py:190} INFO - [2025-01-03T21:42:45.845+0100] {dag.py:4180} INFO - Setting next_dagrun for example_workday_timetable to 2021-01-01 00:00:00+00:00, run_after=2021-01-02 00:00:00+00:00
[2025-01-03T21:42:45.869+0100] {processor.py:208} INFO - Processing /Users/azeez.ganiyu/airflow_venv/lib/python3.9/site-packages/airflow/example_dags/example_workday_timetable.py took 0.253 seconds
[2025-01-03T21:45:52.399+0100] {processor.py:186} INFO - Started process (PID=85064) to work on /Users/azeez.ganiyu/airflow_venv/lib/python3.9/site-packages/airflow/example_dags/example_workday_timetable.py
[2025-01-03T21:45:52.404+0100] {processor.py:914} INFO - Processing file /Users/azeez.ganiyu/airflow_venv/lib/python3.9/site-packages/airflow/example_dags/example_workday_timetable.py for tasks to queue
[2025-01-03T21:45:52.405+0100] {logging_mixin.py:190} INFO - [2025-01-03T21:45:52.405+0100] {dagbag.py:588} INFO - Filling up the DagBag from /Users/azeez.ganiyu/airflow_venv/lib/python3.9/site-packages/airflow/example_dags/example_workday_timetable.py
[2025-01-03T21:45:52.411+0100] {logging_mixin.py:190} INFO - [2025-01-03T21:45:52.411+0100] {workday.py:41} WARNING - Could not import pandas. Holidays will not be considered.
[2025-01-03T21:45:52.425+0100] {processor.py:925} INFO - DAG(s) 'example_workday_timetable' retrieved from /Users/azeez.ganiyu/airflow_venv/lib/python3.9/site-packages/airflow/example_dags/example_workday_timetable.py
[2025-01-03T21:45:52.552+0100] {logging_mixin.py:190} INFO - [2025-01-03T21:45:52.551+0100] {workday.py:41} WARNING - Could not import pandas. Holidays will not be considered.
[2025-01-03T21:45:52.586+0100] {logging_mixin.py:190} INFO - [2025-01-03T21:45:52.586+0100] {dag.py:3239} INFO - Sync 1 DAGs
[2025-01-03T21:45:52.605+0100] {logging_mixin.py:190} INFO - [2025-01-03T21:45:52.605+0100] {dag.py:4180} INFO - Setting next_dagrun for example_workday_timetable to 2021-01-01 00:00:00+00:00, run_after=2021-01-02 00:00:00+00:00
[2025-01-03T21:45:52.627+0100] {processor.py:208} INFO - Processing /Users/azeez.ganiyu/airflow_venv/lib/python3.9/site-packages/airflow/example_dags/example_workday_timetable.py took 0.235 seconds
[2025-01-03T21:49:09.081+0100] {processor.py:186} INFO - Started process (PID=86717) to work on /Users/azeez.ganiyu/airflow_venv/lib/python3.9/site-packages/airflow/example_dags/example_workday_timetable.py
[2025-01-03T21:49:09.086+0100] {processor.py:914} INFO - Processing file /Users/azeez.ganiyu/airflow_venv/lib/python3.9/site-packages/airflow/example_dags/example_workday_timetable.py for tasks to queue
[2025-01-03T21:49:09.087+0100] {logging_mixin.py:190} INFO - [2025-01-03T21:49:09.087+0100] {dagbag.py:588} INFO - Filling up the DagBag from /Users/azeez.ganiyu/airflow_venv/lib/python3.9/site-packages/airflow/example_dags/example_workday_timetable.py
[2025-01-03T21:49:09.092+0100] {logging_mixin.py:190} INFO - [2025-01-03T21:49:09.092+0100] {workday.py:41} WARNING - Could not import pandas. Holidays will not be considered.
[2025-01-03T21:49:09.103+0100] {processor.py:925} INFO - DAG(s) 'example_workday_timetable' retrieved from /Users/azeez.ganiyu/airflow_venv/lib/python3.9/site-packages/airflow/example_dags/example_workday_timetable.py
[2025-01-03T21:49:09.233+0100] {logging_mixin.py:190} INFO - [2025-01-03T21:49:09.233+0100] {workday.py:41} WARNING - Could not import pandas. Holidays will not be considered.
[2025-01-03T21:49:09.268+0100] {logging_mixin.py:190} INFO - [2025-01-03T21:49:09.267+0100] {dag.py:3239} INFO - Sync 1 DAGs
[2025-01-03T21:49:09.286+0100] {logging_mixin.py:190} INFO - [2025-01-03T21:49:09.286+0100] {dag.py:4180} INFO - Setting next_dagrun for example_workday_timetable to 2021-01-01 00:00:00+00:00, run_after=2021-01-02 00:00:00+00:00
[2025-01-03T21:49:09.308+0100] {processor.py:208} INFO - Processing /Users/azeez.ganiyu/airflow_venv/lib/python3.9/site-packages/airflow/example_dags/example_workday_timetable.py took 0.234 seconds
[2025-01-03T21:52:05.926+0100] {processor.py:186} INFO - Started process (PID=87714) to work on /Users/azeez.ganiyu/airflow_venv/lib/python3.9/site-packages/airflow/example_dags/example_workday_timetable.py
[2025-01-03T21:52:05.931+0100] {processor.py:914} INFO - Processing file /Users/azeez.ganiyu/airflow_venv/lib/python3.9/site-packages/airflow/example_dags/example_workday_timetable.py for tasks to queue
[2025-01-03T21:52:05.932+0100] {logging_mixin.py:190} INFO - [2025-01-03T21:52:05.932+0100] {dagbag.py:588} INFO - Filling up the DagBag from /Users/azeez.ganiyu/airflow_venv/lib/python3.9/site-packages/airflow/example_dags/example_workday_timetable.py
[2025-01-03T21:52:05.938+0100] {logging_mixin.py:190} INFO - [2025-01-03T21:52:05.938+0100] {workday.py:41} WARNING - Could not import pandas. Holidays will not be considered.
[2025-01-03T21:52:05.950+0100] {processor.py:925} INFO - DAG(s) 'example_workday_timetable' retrieved from /Users/azeez.ganiyu/airflow_venv/lib/python3.9/site-packages/airflow/example_dags/example_workday_timetable.py
[2025-01-03T21:52:06.092+0100] {logging_mixin.py:190} INFO - [2025-01-03T21:52:06.091+0100] {workday.py:41} WARNING - Could not import pandas. Holidays will not be considered.
[2025-01-03T21:52:06.127+0100] {logging_mixin.py:190} INFO - [2025-01-03T21:52:06.126+0100] {dag.py:3239} INFO - Sync 1 DAGs
[2025-01-03T21:52:06.146+0100] {logging_mixin.py:190} INFO - [2025-01-03T21:52:06.146+0100] {dag.py:4180} INFO - Setting next_dagrun for example_workday_timetable to 2021-01-01 00:00:00+00:00, run_after=2021-01-02 00:00:00+00:00
[2025-01-03T21:52:06.169+0100] {processor.py:208} INFO - Processing /Users/azeez.ganiyu/airflow_venv/lib/python3.9/site-packages/airflow/example_dags/example_workday_timetable.py took 0.251 seconds
