[2025-01-03T21:29:35.246+0100] {processor.py:186} INFO - Started process (PID=78027) to work on /Users/azeez.ganiyu/airflow_venv/lib/python3.9/site-packages/airflow/example_dags/example_sensors.py
[2025-01-03T21:29:35.253+0100] {processor.py:914} INFO - Processing file /Users/azeez.ganiyu/airflow_venv/lib/python3.9/site-packages/airflow/example_dags/example_sensors.py for tasks to queue
[2025-01-03T21:29:35.254+0100] {logging_mixin.py:190} INFO - [2025-01-03T21:29:35.254+0100] {dagbag.py:588} INFO - Filling up the DagBag from /Users/azeez.ganiyu/airflow_venv/lib/python3.9/site-packages/airflow/example_dags/example_sensors.py
[2025-01-03T21:29:35.284+0100] {processor.py:925} INFO - DAG(s) 'example_sensors' retrieved from /Users/azeez.ganiyu/airflow_venv/lib/python3.9/site-packages/airflow/example_dags/example_sensors.py
[2025-01-03T21:29:35.440+0100] {logging_mixin.py:190} INFO - [2025-01-03T21:29:35.439+0100] {workday.py:41} WARNING - Could not import pandas. Holidays will not be considered.
[2025-01-03T21:29:35.651+0100] {logging_mixin.py:190} INFO - [2025-01-03T21:29:35.651+0100] {override.py:1912} INFO - Created Permission View: can edit on DAG:example_sensors
[2025-01-03T21:29:35.665+0100] {logging_mixin.py:190} INFO - [2025-01-03T21:29:35.664+0100] {override.py:1912} INFO - Created Permission View: can delete on DAG:example_sensors
[2025-01-03T21:29:35.749+0100] {logging_mixin.py:190} INFO - [2025-01-03T21:29:35.748+0100] {override.py:1912} INFO - Created Permission View: can read on DAG:example_sensors
[2025-01-03T21:29:35.780+0100] {logging_mixin.py:190} INFO - [2025-01-03T21:29:35.780+0100] {override.py:1912} INFO - Created Permission View: can create on DAG Run:example_sensors
[2025-01-03T21:29:35.788+0100] {logging_mixin.py:190} INFO - [2025-01-03T21:29:35.787+0100] {override.py:1912} INFO - Created Permission View: can delete on DAG Run:example_sensors
[2025-01-03T21:29:35.799+0100] {logging_mixin.py:190} INFO - [2025-01-03T21:29:35.799+0100] {override.py:1912} INFO - Created Permission View: menu access on DAG Run:example_sensors
[2025-01-03T21:29:35.811+0100] {logging_mixin.py:190} INFO - [2025-01-03T21:29:35.811+0100] {override.py:1912} INFO - Created Permission View: can read on DAG Run:example_sensors
[2025-01-03T21:29:35.812+0100] {logging_mixin.py:190} INFO - [2025-01-03T21:29:35.812+0100] {dag.py:3239} INFO - Sync 1 DAGs
[2025-01-03T21:29:35.828+0100] {logging_mixin.py:190} INFO - [2025-01-03T21:29:35.827+0100] {dag.py:3262} INFO - Creating ORM DAG for example_sensors
[2025-01-03T21:29:35.828+0100] {logging_mixin.py:190} INFO - [2025-01-03T21:29:35.828+0100] {dag.py:4180} INFO - Setting next_dagrun for example_sensors to None, run_after=None
[2025-01-03T21:29:35.860+0100] {processor.py:208} INFO - Processing /Users/azeez.ganiyu/airflow_venv/lib/python3.9/site-packages/airflow/example_dags/example_sensors.py took 0.623 seconds
[2025-01-03T21:33:25.407+0100] {processor.py:186} INFO - Started process (PID=79399) to work on /Users/azeez.ganiyu/airflow_venv/lib/python3.9/site-packages/airflow/example_dags/example_sensors.py
[2025-01-03T21:33:25.412+0100] {processor.py:914} INFO - Processing file /Users/azeez.ganiyu/airflow_venv/lib/python3.9/site-packages/airflow/example_dags/example_sensors.py for tasks to queue
[2025-01-03T21:33:25.413+0100] {logging_mixin.py:190} INFO - [2025-01-03T21:33:25.413+0100] {dagbag.py:588} INFO - Filling up the DagBag from /Users/azeez.ganiyu/airflow_venv/lib/python3.9/site-packages/airflow/example_dags/example_sensors.py
[2025-01-03T21:33:25.439+0100] {processor.py:925} INFO - DAG(s) 'example_sensors' retrieved from /Users/azeez.ganiyu/airflow_venv/lib/python3.9/site-packages/airflow/example_dags/example_sensors.py
[2025-01-03T21:33:25.584+0100] {logging_mixin.py:190} INFO - [2025-01-03T21:33:25.584+0100] {workday.py:41} WARNING - Could not import pandas. Holidays will not be considered.
[2025-01-03T21:33:25.631+0100] {logging_mixin.py:190} INFO - [2025-01-03T21:33:25.631+0100] {dag.py:3239} INFO - Sync 1 DAGs
[2025-01-03T21:33:25.640+0100] {logging_mixin.py:190} INFO - [2025-01-03T21:33:25.640+0100] {dag.py:4180} INFO - Setting next_dagrun for example_sensors to None, run_after=None
[2025-01-03T21:33:25.668+0100] {processor.py:208} INFO - Processing /Users/azeez.ganiyu/airflow_venv/lib/python3.9/site-packages/airflow/example_dags/example_sensors.py took 0.269 seconds
[2025-01-03T21:37:21.731+0100] {processor.py:186} INFO - Started process (PID=81425) to work on /Users/azeez.ganiyu/airflow_venv/lib/python3.9/site-packages/airflow/example_dags/example_sensors.py
[2025-01-03T21:37:21.736+0100] {processor.py:914} INFO - Processing file /Users/azeez.ganiyu/airflow_venv/lib/python3.9/site-packages/airflow/example_dags/example_sensors.py for tasks to queue
[2025-01-03T21:37:21.737+0100] {logging_mixin.py:190} INFO - [2025-01-03T21:37:21.736+0100] {dagbag.py:588} INFO - Filling up the DagBag from /Users/azeez.ganiyu/airflow_venv/lib/python3.9/site-packages/airflow/example_dags/example_sensors.py
[2025-01-03T21:37:21.774+0100] {processor.py:925} INFO - DAG(s) 'example_sensors' retrieved from /Users/azeez.ganiyu/airflow_venv/lib/python3.9/site-packages/airflow/example_dags/example_sensors.py
[2025-01-03T21:37:21.972+0100] {logging_mixin.py:190} INFO - [2025-01-03T21:37:21.972+0100] {workday.py:41} WARNING - Could not import pandas. Holidays will not be considered.
[2025-01-03T21:37:22.025+0100] {logging_mixin.py:190} INFO - [2025-01-03T21:37:22.025+0100] {dag.py:3239} INFO - Sync 1 DAGs
[2025-01-03T21:37:22.035+0100] {logging_mixin.py:190} INFO - [2025-01-03T21:37:22.035+0100] {dag.py:4180} INFO - Setting next_dagrun for example_sensors to None, run_after=None
[2025-01-03T21:37:22.063+0100] {processor.py:208} INFO - Processing /Users/azeez.ganiyu/airflow_venv/lib/python3.9/site-packages/airflow/example_dags/example_sensors.py took 0.340 seconds
[2025-01-03T21:40:28.525+0100] {processor.py:186} INFO - Started process (PID=82455) to work on /Users/azeez.ganiyu/airflow_venv/lib/python3.9/site-packages/airflow/example_dags/example_sensors.py
[2025-01-03T21:40:28.531+0100] {processor.py:914} INFO - Processing file /Users/azeez.ganiyu/airflow_venv/lib/python3.9/site-packages/airflow/example_dags/example_sensors.py for tasks to queue
[2025-01-03T21:40:28.533+0100] {logging_mixin.py:190} INFO - [2025-01-03T21:40:28.532+0100] {dagbag.py:588} INFO - Filling up the DagBag from /Users/azeez.ganiyu/airflow_venv/lib/python3.9/site-packages/airflow/example_dags/example_sensors.py
[2025-01-03T21:40:28.566+0100] {processor.py:925} INFO - DAG(s) 'example_sensors' retrieved from /Users/azeez.ganiyu/airflow_venv/lib/python3.9/site-packages/airflow/example_dags/example_sensors.py
[2025-01-03T21:40:28.723+0100] {logging_mixin.py:190} INFO - [2025-01-03T21:40:28.722+0100] {workday.py:41} WARNING - Could not import pandas. Holidays will not be considered.
[2025-01-03T21:40:28.768+0100] {logging_mixin.py:190} INFO - [2025-01-03T21:40:28.768+0100] {dag.py:3239} INFO - Sync 1 DAGs
[2025-01-03T21:40:28.776+0100] {logging_mixin.py:190} INFO - [2025-01-03T21:40:28.776+0100] {dag.py:4180} INFO - Setting next_dagrun for example_sensors to None, run_after=None
[2025-01-03T21:40:28.799+0100] {processor.py:208} INFO - Processing /Users/azeez.ganiyu/airflow_venv/lib/python3.9/site-packages/airflow/example_dags/example_sensors.py took 0.281 seconds
[2025-01-03T21:43:34.427+0100] {processor.py:186} INFO - Started process (PID=84231) to work on /Users/azeez.ganiyu/airflow_venv/lib/python3.9/site-packages/airflow/example_dags/example_sensors.py
[2025-01-03T21:43:34.435+0100] {processor.py:914} INFO - Processing file /Users/azeez.ganiyu/airflow_venv/lib/python3.9/site-packages/airflow/example_dags/example_sensors.py for tasks to queue
[2025-01-03T21:43:34.437+0100] {logging_mixin.py:190} INFO - [2025-01-03T21:43:34.436+0100] {dagbag.py:588} INFO - Filling up the DagBag from /Users/azeez.ganiyu/airflow_venv/lib/python3.9/site-packages/airflow/example_dags/example_sensors.py
[2025-01-03T21:43:34.474+0100] {processor.py:925} INFO - DAG(s) 'example_sensors' retrieved from /Users/azeez.ganiyu/airflow_venv/lib/python3.9/site-packages/airflow/example_dags/example_sensors.py
[2025-01-03T21:43:34.623+0100] {logging_mixin.py:190} INFO - [2025-01-03T21:43:34.623+0100] {workday.py:41} WARNING - Could not import pandas. Holidays will not be considered.
[2025-01-03T21:43:34.670+0100] {logging_mixin.py:190} INFO - [2025-01-03T21:43:34.669+0100] {dag.py:3239} INFO - Sync 1 DAGs
[2025-01-03T21:43:34.679+0100] {logging_mixin.py:190} INFO - [2025-01-03T21:43:34.679+0100] {dag.py:4180} INFO - Setting next_dagrun for example_sensors to None, run_after=None
[2025-01-03T21:43:34.701+0100] {processor.py:208} INFO - Processing /Users/azeez.ganiyu/airflow_venv/lib/python3.9/site-packages/airflow/example_dags/example_sensors.py took 0.281 seconds
[2025-01-03T21:46:45.440+0100] {processor.py:186} INFO - Started process (PID=85874) to work on /Users/azeez.ganiyu/airflow_venv/lib/python3.9/site-packages/airflow/example_dags/example_sensors.py
[2025-01-03T21:46:45.447+0100] {processor.py:914} INFO - Processing file /Users/azeez.ganiyu/airflow_venv/lib/python3.9/site-packages/airflow/example_dags/example_sensors.py for tasks to queue
[2025-01-03T21:46:45.449+0100] {logging_mixin.py:190} INFO - [2025-01-03T21:46:45.448+0100] {dagbag.py:588} INFO - Filling up the DagBag from /Users/azeez.ganiyu/airflow_venv/lib/python3.9/site-packages/airflow/example_dags/example_sensors.py
[2025-01-03T21:46:45.483+0100] {processor.py:925} INFO - DAG(s) 'example_sensors' retrieved from /Users/azeez.ganiyu/airflow_venv/lib/python3.9/site-packages/airflow/example_dags/example_sensors.py
[2025-01-03T21:46:45.644+0100] {logging_mixin.py:190} INFO - [2025-01-03T21:46:45.643+0100] {workday.py:41} WARNING - Could not import pandas. Holidays will not be considered.
[2025-01-03T21:46:45.696+0100] {logging_mixin.py:190} INFO - [2025-01-03T21:46:45.696+0100] {dag.py:3239} INFO - Sync 1 DAGs
[2025-01-03T21:46:45.707+0100] {logging_mixin.py:190} INFO - [2025-01-03T21:46:45.707+0100] {dag.py:4180} INFO - Setting next_dagrun for example_sensors to None, run_after=None
[2025-01-03T21:46:45.735+0100] {processor.py:208} INFO - Processing /Users/azeez.ganiyu/airflow_venv/lib/python3.9/site-packages/airflow/example_dags/example_sensors.py took 0.303 seconds
[2025-01-03T21:49:57.409+0100] {processor.py:186} INFO - Started process (PID=86974) to work on /Users/azeez.ganiyu/airflow_venv/lib/python3.9/site-packages/airflow/example_dags/example_sensors.py
[2025-01-03T21:49:57.414+0100] {processor.py:914} INFO - Processing file /Users/azeez.ganiyu/airflow_venv/lib/python3.9/site-packages/airflow/example_dags/example_sensors.py for tasks to queue
[2025-01-03T21:49:57.415+0100] {logging_mixin.py:190} INFO - [2025-01-03T21:49:57.415+0100] {dagbag.py:588} INFO - Filling up the DagBag from /Users/azeez.ganiyu/airflow_venv/lib/python3.9/site-packages/airflow/example_dags/example_sensors.py
[2025-01-03T21:49:57.443+0100] {processor.py:925} INFO - DAG(s) 'example_sensors' retrieved from /Users/azeez.ganiyu/airflow_venv/lib/python3.9/site-packages/airflow/example_dags/example_sensors.py
[2025-01-03T21:49:57.575+0100] {logging_mixin.py:190} INFO - [2025-01-03T21:49:57.575+0100] {workday.py:41} WARNING - Could not import pandas. Holidays will not be considered.
[2025-01-03T21:49:57.616+0100] {logging_mixin.py:190} INFO - [2025-01-03T21:49:57.616+0100] {dag.py:3239} INFO - Sync 1 DAGs
[2025-01-03T21:49:57.625+0100] {logging_mixin.py:190} INFO - [2025-01-03T21:49:57.625+0100] {dag.py:4180} INFO - Setting next_dagrun for example_sensors to None, run_after=None
[2025-01-03T21:49:57.647+0100] {processor.py:208} INFO - Processing /Users/azeez.ganiyu/airflow_venv/lib/python3.9/site-packages/airflow/example_dags/example_sensors.py took 0.245 seconds
