[2025-01-03T21:29:02.897+0100] {processor.py:186} INFO - Started process (PID=77918) to work on /Users/azeez.ganiyu/airflow_venv/lib/python3.9/site-packages/airflow/example_dags/example_task_group.py
[2025-01-03T21:29:02.902+0100] {processor.py:914} INFO - Processing file /Users/azeez.ganiyu/airflow_venv/lib/python3.9/site-packages/airflow/example_dags/example_task_group.py for tasks to queue
[2025-01-03T21:29:02.903+0100] {logging_mixin.py:190} INFO - [2025-01-03T21:29:02.903+0100] {dagbag.py:588} INFO - Filling up the DagBag from /Users/azeez.ganiyu/airflow_venv/lib/python3.9/site-packages/airflow/example_dags/example_task_group.py
[2025-01-03T21:29:02.923+0100] {processor.py:925} INFO - DAG(s) 'example_task_group' retrieved from /Users/azeez.ganiyu/airflow_venv/lib/python3.9/site-packages/airflow/example_dags/example_task_group.py
[2025-01-03T21:29:03.202+0100] {logging_mixin.py:190} INFO - [2025-01-03T21:29:03.200+0100] {override.py:1912} INFO - Created Permission View: can read on DAG:example_task_group
[2025-01-03T21:29:03.213+0100] {logging_mixin.py:190} INFO - [2025-01-03T21:29:03.212+0100] {override.py:1912} INFO - Created Permission View: can edit on DAG:example_task_group
[2025-01-03T21:29:03.223+0100] {logging_mixin.py:190} INFO - [2025-01-03T21:29:03.222+0100] {override.py:1912} INFO - Created Permission View: can delete on DAG:example_task_group
[2025-01-03T21:29:03.236+0100] {logging_mixin.py:190} INFO - [2025-01-03T21:29:03.236+0100] {override.py:1912} INFO - Created Permission View: can read on DAG Run:example_task_group
[2025-01-03T21:29:03.244+0100] {logging_mixin.py:190} INFO - [2025-01-03T21:29:03.243+0100] {override.py:1912} INFO - Created Permission View: menu access on DAG Run:example_task_group
[2025-01-03T21:29:03.252+0100] {logging_mixin.py:190} INFO - [2025-01-03T21:29:03.252+0100] {override.py:1912} INFO - Created Permission View: can create on DAG Run:example_task_group
[2025-01-03T21:29:03.261+0100] {logging_mixin.py:190} INFO - [2025-01-03T21:29:03.260+0100] {override.py:1912} INFO - Created Permission View: can delete on DAG Run:example_task_group
[2025-01-03T21:29:03.261+0100] {logging_mixin.py:190} INFO - [2025-01-03T21:29:03.261+0100] {dag.py:3239} INFO - Sync 1 DAGs
[2025-01-03T21:29:03.274+0100] {logging_mixin.py:190} INFO - [2025-01-03T21:29:03.274+0100] {dag.py:3262} INFO - Creating ORM DAG for example_task_group
[2025-01-03T21:29:03.275+0100] {logging_mixin.py:190} INFO - [2025-01-03T21:29:03.275+0100] {dag.py:4180} INFO - Setting next_dagrun for example_task_group to None, run_after=None
[2025-01-03T21:29:03.294+0100] {processor.py:208} INFO - Processing /Users/azeez.ganiyu/airflow_venv/lib/python3.9/site-packages/airflow/example_dags/example_task_group.py took 0.405 seconds
[2025-01-03T21:32:53.098+0100] {processor.py:186} INFO - Started process (PID=79303) to work on /Users/azeez.ganiyu/airflow_venv/lib/python3.9/site-packages/airflow/example_dags/example_task_group.py
[2025-01-03T21:32:53.103+0100] {processor.py:914} INFO - Processing file /Users/azeez.ganiyu/airflow_venv/lib/python3.9/site-packages/airflow/example_dags/example_task_group.py for tasks to queue
[2025-01-03T21:32:53.105+0100] {logging_mixin.py:190} INFO - [2025-01-03T21:32:53.104+0100] {dagbag.py:588} INFO - Filling up the DagBag from /Users/azeez.ganiyu/airflow_venv/lib/python3.9/site-packages/airflow/example_dags/example_task_group.py
[2025-01-03T21:32:53.123+0100] {processor.py:925} INFO - DAG(s) 'example_task_group' retrieved from /Users/azeez.ganiyu/airflow_venv/lib/python3.9/site-packages/airflow/example_dags/example_task_group.py
[2025-01-03T21:32:53.320+0100] {logging_mixin.py:190} INFO - [2025-01-03T21:32:53.320+0100] {dag.py:3239} INFO - Sync 1 DAGs
[2025-01-03T21:32:53.330+0100] {logging_mixin.py:190} INFO - [2025-01-03T21:32:53.330+0100] {dag.py:4180} INFO - Setting next_dagrun for example_task_group to None, run_after=None
[2025-01-03T21:32:53.353+0100] {processor.py:208} INFO - Processing /Users/azeez.ganiyu/airflow_venv/lib/python3.9/site-packages/airflow/example_dags/example_task_group.py took 0.265 seconds
[2025-01-03T21:36:51.144+0100] {processor.py:186} INFO - Started process (PID=81259) to work on /Users/azeez.ganiyu/airflow_venv/lib/python3.9/site-packages/airflow/example_dags/example_task_group.py
[2025-01-03T21:36:51.150+0100] {processor.py:914} INFO - Processing file /Users/azeez.ganiyu/airflow_venv/lib/python3.9/site-packages/airflow/example_dags/example_task_group.py for tasks to queue
[2025-01-03T21:36:51.151+0100] {logging_mixin.py:190} INFO - [2025-01-03T21:36:51.151+0100] {dagbag.py:588} INFO - Filling up the DagBag from /Users/azeez.ganiyu/airflow_venv/lib/python3.9/site-packages/airflow/example_dags/example_task_group.py
[2025-01-03T21:36:51.170+0100] {processor.py:925} INFO - DAG(s) 'example_task_group' retrieved from /Users/azeez.ganiyu/airflow_venv/lib/python3.9/site-packages/airflow/example_dags/example_task_group.py
[2025-01-03T21:36:51.322+0100] {logging_mixin.py:190} INFO - [2025-01-03T21:36:51.322+0100] {dag.py:3239} INFO - Sync 1 DAGs
[2025-01-03T21:36:51.331+0100] {logging_mixin.py:190} INFO - [2025-01-03T21:36:51.331+0100] {dag.py:4180} INFO - Setting next_dagrun for example_task_group to None, run_after=None
[2025-01-03T21:36:51.351+0100] {processor.py:208} INFO - Processing /Users/azeez.ganiyu/airflow_venv/lib/python3.9/site-packages/airflow/example_dags/example_task_group.py took 0.215 seconds
[2025-01-03T21:39:57.259+0100] {processor.py:186} INFO - Started process (PID=82279) to work on /Users/azeez.ganiyu/airflow_venv/lib/python3.9/site-packages/airflow/example_dags/example_task_group.py
[2025-01-03T21:39:57.264+0100] {processor.py:914} INFO - Processing file /Users/azeez.ganiyu/airflow_venv/lib/python3.9/site-packages/airflow/example_dags/example_task_group.py for tasks to queue
[2025-01-03T21:39:57.266+0100] {logging_mixin.py:190} INFO - [2025-01-03T21:39:57.265+0100] {dagbag.py:588} INFO - Filling up the DagBag from /Users/azeez.ganiyu/airflow_venv/lib/python3.9/site-packages/airflow/example_dags/example_task_group.py
[2025-01-03T21:39:57.284+0100] {processor.py:925} INFO - DAG(s) 'example_task_group' retrieved from /Users/azeez.ganiyu/airflow_venv/lib/python3.9/site-packages/airflow/example_dags/example_task_group.py
[2025-01-03T21:39:57.451+0100] {logging_mixin.py:190} INFO - [2025-01-03T21:39:57.451+0100] {dag.py:3239} INFO - Sync 1 DAGs
[2025-01-03T21:39:57.463+0100] {logging_mixin.py:190} INFO - [2025-01-03T21:39:57.463+0100] {dag.py:4180} INFO - Setting next_dagrun for example_task_group to None, run_after=None
[2025-01-03T21:39:57.488+0100] {processor.py:208} INFO - Processing /Users/azeez.ganiyu/airflow_venv/lib/python3.9/site-packages/airflow/example_dags/example_task_group.py took 0.238 seconds
[2025-01-03T21:43:04.349+0100] {processor.py:186} INFO - Started process (PID=84071) to work on /Users/azeez.ganiyu/airflow_venv/lib/python3.9/site-packages/airflow/example_dags/example_task_group.py
[2025-01-03T21:43:04.354+0100] {processor.py:914} INFO - Processing file /Users/azeez.ganiyu/airflow_venv/lib/python3.9/site-packages/airflow/example_dags/example_task_group.py for tasks to queue
[2025-01-03T21:43:04.356+0100] {logging_mixin.py:190} INFO - [2025-01-03T21:43:04.355+0100] {dagbag.py:588} INFO - Filling up the DagBag from /Users/azeez.ganiyu/airflow_venv/lib/python3.9/site-packages/airflow/example_dags/example_task_group.py
[2025-01-03T21:43:04.372+0100] {processor.py:925} INFO - DAG(s) 'example_task_group' retrieved from /Users/azeez.ganiyu/airflow_venv/lib/python3.9/site-packages/airflow/example_dags/example_task_group.py
[2025-01-03T21:43:04.513+0100] {logging_mixin.py:190} INFO - [2025-01-03T21:43:04.513+0100] {dag.py:3239} INFO - Sync 1 DAGs
[2025-01-03T21:43:04.523+0100] {logging_mixin.py:190} INFO - [2025-01-03T21:43:04.523+0100] {dag.py:4180} INFO - Setting next_dagrun for example_task_group to None, run_after=None
[2025-01-03T21:43:04.545+0100] {processor.py:208} INFO - Processing /Users/azeez.ganiyu/airflow_venv/lib/python3.9/site-packages/airflow/example_dags/example_task_group.py took 0.203 seconds
[2025-01-03T21:46:12.486+0100] {processor.py:186} INFO - Started process (PID=85666) to work on /Users/azeez.ganiyu/airflow_venv/lib/python3.9/site-packages/airflow/example_dags/example_task_group.py
[2025-01-03T21:46:12.490+0100] {processor.py:914} INFO - Processing file /Users/azeez.ganiyu/airflow_venv/lib/python3.9/site-packages/airflow/example_dags/example_task_group.py for tasks to queue
[2025-01-03T21:46:12.492+0100] {logging_mixin.py:190} INFO - [2025-01-03T21:46:12.491+0100] {dagbag.py:588} INFO - Filling up the DagBag from /Users/azeez.ganiyu/airflow_venv/lib/python3.9/site-packages/airflow/example_dags/example_task_group.py
[2025-01-03T21:46:12.509+0100] {processor.py:925} INFO - DAG(s) 'example_task_group' retrieved from /Users/azeez.ganiyu/airflow_venv/lib/python3.9/site-packages/airflow/example_dags/example_task_group.py
[2025-01-03T21:46:12.661+0100] {logging_mixin.py:190} INFO - [2025-01-03T21:46:12.661+0100] {dag.py:3239} INFO - Sync 1 DAGs
[2025-01-03T21:46:12.670+0100] {logging_mixin.py:190} INFO - [2025-01-03T21:46:12.670+0100] {dag.py:4180} INFO - Setting next_dagrun for example_task_group to None, run_after=None
[2025-01-03T21:46:12.691+0100] {processor.py:208} INFO - Processing /Users/azeez.ganiyu/airflow_venv/lib/python3.9/site-packages/airflow/example_dags/example_task_group.py took 0.213 seconds
[2025-01-03T21:49:27.902+0100] {processor.py:186} INFO - Started process (PID=86818) to work on /Users/azeez.ganiyu/airflow_venv/lib/python3.9/site-packages/airflow/example_dags/example_task_group.py
[2025-01-03T21:49:27.907+0100] {processor.py:914} INFO - Processing file /Users/azeez.ganiyu/airflow_venv/lib/python3.9/site-packages/airflow/example_dags/example_task_group.py for tasks to queue
[2025-01-03T21:49:27.908+0100] {logging_mixin.py:190} INFO - [2025-01-03T21:49:27.908+0100] {dagbag.py:588} INFO - Filling up the DagBag from /Users/azeez.ganiyu/airflow_venv/lib/python3.9/site-packages/airflow/example_dags/example_task_group.py
[2025-01-03T21:49:27.928+0100] {processor.py:925} INFO - DAG(s) 'example_task_group' retrieved from /Users/azeez.ganiyu/airflow_venv/lib/python3.9/site-packages/airflow/example_dags/example_task_group.py
[2025-01-03T21:49:28.069+0100] {logging_mixin.py:190} INFO - [2025-01-03T21:49:28.068+0100] {dag.py:3239} INFO - Sync 1 DAGs
[2025-01-03T21:49:28.078+0100] {logging_mixin.py:190} INFO - [2025-01-03T21:49:28.078+0100] {dag.py:4180} INFO - Setting next_dagrun for example_task_group to None, run_after=None
[2025-01-03T21:49:28.098+0100] {processor.py:208} INFO - Processing /Users/azeez.ganiyu/airflow_venv/lib/python3.9/site-packages/airflow/example_dags/example_task_group.py took 0.202 seconds
