[2025-01-03T21:35:20.990+0100] {processor.py:186} INFO - Started process (PID=80745) to work on /Users/azeez.ganiyu/airflow_venv/lib/python3.9/site-packages/airflow/example_dags/example_branch_day_of_week_operator.py
[2025-01-03T21:35:20.996+0100] {processor.py:914} INFO - Processing file /Users/azeez.ganiyu/airflow_venv/lib/python3.9/site-packages/airflow/example_dags/example_branch_day_of_week_operator.py for tasks to queue
[2025-01-03T21:35:20.997+0100] {logging_mixin.py:190} INFO - [2025-01-03T21:35:20.997+0100] {dagbag.py:588} INFO - Filling up the DagBag from /Users/azeez.ganiyu/airflow_venv/lib/python3.9/site-packages/airflow/example_dags/example_branch_day_of_week_operator.py
[2025-01-03T21:35:21.020+0100] {processor.py:925} INFO - DAG(s) 'example_weekday_branch_operator' retrieved from /Users/azeez.ganiyu/airflow_venv/lib/python3.9/site-packages/airflow/example_dags/example_branch_day_of_week_operator.py
[2025-01-03T21:35:21.289+0100] {logging_mixin.py:190} INFO - [2025-01-03T21:35:21.288+0100] {override.py:1912} INFO - Created Permission View: can read on DAG:example_weekday_branch_operator
[2025-01-03T21:35:21.303+0100] {logging_mixin.py:190} INFO - [2025-01-03T21:35:21.302+0100] {override.py:1912} INFO - Created Permission View: can delete on DAG:example_weekday_branch_operator
[2025-01-03T21:35:21.310+0100] {logging_mixin.py:190} INFO - [2025-01-03T21:35:21.310+0100] {override.py:1912} INFO - Created Permission View: can edit on DAG:example_weekday_branch_operator
[2025-01-03T21:35:21.323+0100] {logging_mixin.py:190} INFO - [2025-01-03T21:35:21.323+0100] {override.py:1912} INFO - Created Permission View: can read on DAG Run:example_weekday_branch_operator
[2025-01-03T21:35:21.333+0100] {logging_mixin.py:190} INFO - [2025-01-03T21:35:21.333+0100] {override.py:1912} INFO - Created Permission View: can create on DAG Run:example_weekday_branch_operator
[2025-01-03T21:35:21.340+0100] {logging_mixin.py:190} INFO - [2025-01-03T21:35:21.340+0100] {override.py:1912} INFO - Created Permission View: menu access on DAG Run:example_weekday_branch_operator
[2025-01-03T21:35:21.351+0100] {logging_mixin.py:190} INFO - [2025-01-03T21:35:21.350+0100] {override.py:1912} INFO - Created Permission View: can delete on DAG Run:example_weekday_branch_operator
[2025-01-03T21:35:21.351+0100] {logging_mixin.py:190} INFO - [2025-01-03T21:35:21.351+0100] {dag.py:3239} INFO - Sync 1 DAGs
[2025-01-03T21:35:21.362+0100] {logging_mixin.py:190} INFO - [2025-01-03T21:35:21.361+0100] {dag.py:3262} INFO - Creating ORM DAG for example_weekday_branch_operator
[2025-01-03T21:35:21.369+0100] {logging_mixin.py:190} INFO - [2025-01-03T21:35:21.368+0100] {dag.py:4180} INFO - Setting next_dagrun for example_weekday_branch_operator to 2025-01-02 00:00:00+00:00, run_after=2025-01-03 00:00:00+00:00
[2025-01-03T21:35:21.389+0100] {processor.py:208} INFO - Processing /Users/azeez.ganiyu/airflow_venv/lib/python3.9/site-packages/airflow/example_dags/example_branch_day_of_week_operator.py took 0.406 seconds
[2025-01-03T21:41:40.697+0100] {processor.py:186} INFO - Started process (PID=83523) to work on /Users/azeez.ganiyu/airflow_venv/lib/python3.9/site-packages/airflow/example_dags/example_branch_day_of_week_operator.py
[2025-01-03T21:41:40.701+0100] {processor.py:914} INFO - Processing file /Users/azeez.ganiyu/airflow_venv/lib/python3.9/site-packages/airflow/example_dags/example_branch_day_of_week_operator.py for tasks to queue
[2025-01-03T21:41:40.703+0100] {logging_mixin.py:190} INFO - [2025-01-03T21:41:40.702+0100] {dagbag.py:588} INFO - Filling up the DagBag from /Users/azeez.ganiyu/airflow_venv/lib/python3.9/site-packages/airflow/example_dags/example_branch_day_of_week_operator.py
[2025-01-03T21:41:40.723+0100] {processor.py:925} INFO - DAG(s) 'example_weekday_branch_operator' retrieved from /Users/azeez.ganiyu/airflow_venv/lib/python3.9/site-packages/airflow/example_dags/example_branch_day_of_week_operator.py
[2025-01-03T21:41:40.860+0100] {logging_mixin.py:190} INFO - [2025-01-03T21:41:40.860+0100] {dag.py:3239} INFO - Sync 1 DAGs
[2025-01-03T21:41:40.875+0100] {logging_mixin.py:190} INFO - [2025-01-03T21:41:40.874+0100] {dag.py:4180} INFO - Setting next_dagrun for example_weekday_branch_operator to 2025-01-02 00:00:00+00:00, run_after=2025-01-03 00:00:00+00:00
[2025-01-03T21:41:40.895+0100] {processor.py:208} INFO - Processing /Users/azeez.ganiyu/airflow_venv/lib/python3.9/site-packages/airflow/example_dags/example_branch_day_of_week_operator.py took 0.206 seconds
[2025-01-03T21:47:58.079+0100] {processor.py:186} INFO - Started process (PID=86315) to work on /Users/azeez.ganiyu/airflow_venv/lib/python3.9/site-packages/airflow/example_dags/example_branch_day_of_week_operator.py
[2025-01-03T21:47:58.084+0100] {processor.py:914} INFO - Processing file /Users/azeez.ganiyu/airflow_venv/lib/python3.9/site-packages/airflow/example_dags/example_branch_day_of_week_operator.py for tasks to queue
[2025-01-03T21:47:58.085+0100] {logging_mixin.py:190} INFO - [2025-01-03T21:47:58.085+0100] {dagbag.py:588} INFO - Filling up the DagBag from /Users/azeez.ganiyu/airflow_venv/lib/python3.9/site-packages/airflow/example_dags/example_branch_day_of_week_operator.py
[2025-01-03T21:47:58.106+0100] {processor.py:925} INFO - DAG(s) 'example_weekday_branch_operator' retrieved from /Users/azeez.ganiyu/airflow_venv/lib/python3.9/site-packages/airflow/example_dags/example_branch_day_of_week_operator.py
[2025-01-03T21:47:58.272+0100] {logging_mixin.py:190} INFO - [2025-01-03T21:47:58.271+0100] {dag.py:3239} INFO - Sync 1 DAGs
[2025-01-03T21:47:58.290+0100] {logging_mixin.py:190} INFO - [2025-01-03T21:47:58.290+0100] {dag.py:4180} INFO - Setting next_dagrun for example_weekday_branch_operator to 2025-01-02 00:00:00+00:00, run_after=2025-01-03 00:00:00+00:00
[2025-01-03T21:47:58.314+0100] {processor.py:208} INFO - Processing /Users/azeez.ganiyu/airflow_venv/lib/python3.9/site-packages/airflow/example_dags/example_branch_day_of_week_operator.py took 0.244 seconds
