[2025-01-03T21:28:51.251+0100] {processor.py:186} INFO - Started process (PID=77886) to work on /Users/azeez.ganiyu/airflow_venv/lib/python3.9/site-packages/airflow/example_dags/example_trigger_controller_dag.py
[2025-01-03T21:28:51.256+0100] {processor.py:914} INFO - Processing file /Users/azeez.ganiyu/airflow_venv/lib/python3.9/site-packages/airflow/example_dags/example_trigger_controller_dag.py for tasks to queue
[2025-01-03T21:28:51.257+0100] {logging_mixin.py:190} INFO - [2025-01-03T21:28:51.257+0100] {dagbag.py:588} INFO - Filling up the DagBag from /Users/azeez.ganiyu/airflow_venv/lib/python3.9/site-packages/airflow/example_dags/example_trigger_controller_dag.py
[2025-01-03T21:28:51.280+0100] {processor.py:925} INFO - DAG(s) 'example_trigger_controller_dag' retrieved from /Users/azeez.ganiyu/airflow_venv/lib/python3.9/site-packages/airflow/example_dags/example_trigger_controller_dag.py
[2025-01-03T21:28:51.547+0100] {logging_mixin.py:190} INFO - [2025-01-03T21:28:51.547+0100] {override.py:1912} INFO - Created Permission View: can delete on DAG:example_trigger_controller_dag
[2025-01-03T21:28:51.560+0100] {logging_mixin.py:190} INFO - [2025-01-03T21:28:51.559+0100] {override.py:1912} INFO - Created Permission View: can read on DAG:example_trigger_controller_dag
[2025-01-03T21:28:51.568+0100] {logging_mixin.py:190} INFO - [2025-01-03T21:28:51.568+0100] {override.py:1912} INFO - Created Permission View: can edit on DAG:example_trigger_controller_dag
[2025-01-03T21:28:51.582+0100] {logging_mixin.py:190} INFO - [2025-01-03T21:28:51.582+0100] {override.py:1912} INFO - Created Permission View: can delete on DAG Run:example_trigger_controller_dag
[2025-01-03T21:28:51.591+0100] {logging_mixin.py:190} INFO - [2025-01-03T21:28:51.591+0100] {override.py:1912} INFO - Created Permission View: can create on DAG Run:example_trigger_controller_dag
[2025-01-03T21:28:51.598+0100] {logging_mixin.py:190} INFO - [2025-01-03T21:28:51.598+0100] {override.py:1912} INFO - Created Permission View: menu access on DAG Run:example_trigger_controller_dag
[2025-01-03T21:28:51.608+0100] {logging_mixin.py:190} INFO - [2025-01-03T21:28:51.608+0100] {override.py:1912} INFO - Created Permission View: can read on DAG Run:example_trigger_controller_dag
[2025-01-03T21:28:51.609+0100] {logging_mixin.py:190} INFO - [2025-01-03T21:28:51.608+0100] {dag.py:3239} INFO - Sync 1 DAGs
[2025-01-03T21:28:51.621+0100] {logging_mixin.py:190} INFO - [2025-01-03T21:28:51.621+0100] {dag.py:3262} INFO - Creating ORM DAG for example_trigger_controller_dag
[2025-01-03T21:28:51.628+0100] {logging_mixin.py:190} INFO - [2025-01-03T21:28:51.628+0100] {dag.py:4180} INFO - Setting next_dagrun for example_trigger_controller_dag to 2021-01-01 00:00:00+00:00, run_after=2021-01-01 00:00:00+00:00
[2025-01-03T21:28:51.648+0100] {processor.py:208} INFO - Processing /Users/azeez.ganiyu/airflow_venv/lib/python3.9/site-packages/airflow/example_dags/example_trigger_controller_dag.py took 0.405 seconds
[2025-01-03T21:32:42.081+0100] {processor.py:186} INFO - Started process (PID=79272) to work on /Users/azeez.ganiyu/airflow_venv/lib/python3.9/site-packages/airflow/example_dags/example_trigger_controller_dag.py
[2025-01-03T21:32:42.086+0100] {processor.py:914} INFO - Processing file /Users/azeez.ganiyu/airflow_venv/lib/python3.9/site-packages/airflow/example_dags/example_trigger_controller_dag.py for tasks to queue
[2025-01-03T21:32:42.087+0100] {logging_mixin.py:190} INFO - [2025-01-03T21:32:42.087+0100] {dagbag.py:588} INFO - Filling up the DagBag from /Users/azeez.ganiyu/airflow_venv/lib/python3.9/site-packages/airflow/example_dags/example_trigger_controller_dag.py
[2025-01-03T21:32:42.110+0100] {processor.py:925} INFO - DAG(s) 'example_trigger_controller_dag' retrieved from /Users/azeez.ganiyu/airflow_venv/lib/python3.9/site-packages/airflow/example_dags/example_trigger_controller_dag.py
[2025-01-03T21:32:42.256+0100] {logging_mixin.py:190} INFO - [2025-01-03T21:32:42.256+0100] {dag.py:3239} INFO - Sync 1 DAGs
[2025-01-03T21:32:42.271+0100] {logging_mixin.py:190} INFO - [2025-01-03T21:32:42.271+0100] {dag.py:4180} INFO - Setting next_dagrun for example_trigger_controller_dag to 2021-01-01 00:00:00+00:00, run_after=2021-01-01 00:00:00+00:00
[2025-01-03T21:32:42.295+0100] {processor.py:208} INFO - Processing /Users/azeez.ganiyu/airflow_venv/lib/python3.9/site-packages/airflow/example_dags/example_trigger_controller_dag.py took 0.222 seconds
[2025-01-03T21:36:35.524+0100] {processor.py:186} INFO - Started process (PID=81164) to work on /Users/azeez.ganiyu/airflow_venv/lib/python3.9/site-packages/airflow/example_dags/example_trigger_controller_dag.py
[2025-01-03T21:36:35.528+0100] {processor.py:914} INFO - Processing file /Users/azeez.ganiyu/airflow_venv/lib/python3.9/site-packages/airflow/example_dags/example_trigger_controller_dag.py for tasks to queue
[2025-01-03T21:36:35.529+0100] {logging_mixin.py:190} INFO - [2025-01-03T21:36:35.529+0100] {dagbag.py:588} INFO - Filling up the DagBag from /Users/azeez.ganiyu/airflow_venv/lib/python3.9/site-packages/airflow/example_dags/example_trigger_controller_dag.py
[2025-01-03T21:36:35.551+0100] {processor.py:925} INFO - DAG(s) 'example_trigger_controller_dag' retrieved from /Users/azeez.ganiyu/airflow_venv/lib/python3.9/site-packages/airflow/example_dags/example_trigger_controller_dag.py
[2025-01-03T21:36:35.685+0100] {logging_mixin.py:190} INFO - [2025-01-03T21:36:35.684+0100] {dag.py:3239} INFO - Sync 1 DAGs
[2025-01-03T21:36:35.699+0100] {logging_mixin.py:190} INFO - [2025-01-03T21:36:35.699+0100] {dag.py:4180} INFO - Setting next_dagrun for example_trigger_controller_dag to 2021-01-01 00:00:00+00:00, run_after=2021-01-01 00:00:00+00:00
[2025-01-03T21:36:35.718+0100] {processor.py:208} INFO - Processing /Users/azeez.ganiyu/airflow_venv/lib/python3.9/site-packages/airflow/example_dags/example_trigger_controller_dag.py took 0.202 seconds
[2025-01-03T21:39:46.932+0100] {processor.py:186} INFO - Started process (PID=82223) to work on /Users/azeez.ganiyu/airflow_venv/lib/python3.9/site-packages/airflow/example_dags/example_trigger_controller_dag.py
[2025-01-03T21:39:46.938+0100] {processor.py:914} INFO - Processing file /Users/azeez.ganiyu/airflow_venv/lib/python3.9/site-packages/airflow/example_dags/example_trigger_controller_dag.py for tasks to queue
[2025-01-03T21:39:46.942+0100] {logging_mixin.py:190} INFO - [2025-01-03T21:39:46.942+0100] {dagbag.py:588} INFO - Filling up the DagBag from /Users/azeez.ganiyu/airflow_venv/lib/python3.9/site-packages/airflow/example_dags/example_trigger_controller_dag.py
[2025-01-03T21:39:46.964+0100] {processor.py:925} INFO - DAG(s) 'example_trigger_controller_dag' retrieved from /Users/azeez.ganiyu/airflow_venv/lib/python3.9/site-packages/airflow/example_dags/example_trigger_controller_dag.py
[2025-01-03T21:39:47.094+0100] {logging_mixin.py:190} INFO - [2025-01-03T21:39:47.093+0100] {dag.py:3239} INFO - Sync 1 DAGs
[2025-01-03T21:39:47.110+0100] {logging_mixin.py:190} INFO - [2025-01-03T21:39:47.110+0100] {dag.py:4180} INFO - Setting next_dagrun for example_trigger_controller_dag to 2021-01-01 00:00:00+00:00, run_after=2021-01-01 00:00:00+00:00
[2025-01-03T21:39:47.130+0100] {processor.py:208} INFO - Processing /Users/azeez.ganiyu/airflow_venv/lib/python3.9/site-packages/airflow/example_dags/example_trigger_controller_dag.py took 0.206 seconds
[2025-01-03T21:42:53.432+0100] {processor.py:186} INFO - Started process (PID=84003) to work on /Users/azeez.ganiyu/airflow_venv/lib/python3.9/site-packages/airflow/example_dags/example_trigger_controller_dag.py
[2025-01-03T21:42:53.436+0100] {processor.py:914} INFO - Processing file /Users/azeez.ganiyu/airflow_venv/lib/python3.9/site-packages/airflow/example_dags/example_trigger_controller_dag.py for tasks to queue
[2025-01-03T21:42:53.437+0100] {logging_mixin.py:190} INFO - [2025-01-03T21:42:53.437+0100] {dagbag.py:588} INFO - Filling up the DagBag from /Users/azeez.ganiyu/airflow_venv/lib/python3.9/site-packages/airflow/example_dags/example_trigger_controller_dag.py
[2025-01-03T21:42:53.459+0100] {processor.py:925} INFO - DAG(s) 'example_trigger_controller_dag' retrieved from /Users/azeez.ganiyu/airflow_venv/lib/python3.9/site-packages/airflow/example_dags/example_trigger_controller_dag.py
[2025-01-03T21:42:53.587+0100] {logging_mixin.py:190} INFO - [2025-01-03T21:42:53.586+0100] {dag.py:3239} INFO - Sync 1 DAGs
[2025-01-03T21:42:53.600+0100] {logging_mixin.py:190} INFO - [2025-01-03T21:42:53.600+0100] {dag.py:4180} INFO - Setting next_dagrun for example_trigger_controller_dag to 2021-01-01 00:00:00+00:00, run_after=2021-01-01 00:00:00+00:00
[2025-01-03T21:42:53.620+0100] {processor.py:208} INFO - Processing /Users/azeez.ganiyu/airflow_venv/lib/python3.9/site-packages/airflow/example_dags/example_trigger_controller_dag.py took 0.195 seconds
[2025-01-03T21:46:01.361+0100] {processor.py:186} INFO - Started process (PID=85441) to work on /Users/azeez.ganiyu/airflow_venv/lib/python3.9/site-packages/airflow/example_dags/example_trigger_controller_dag.py
[2025-01-03T21:46:01.368+0100] {processor.py:914} INFO - Processing file /Users/azeez.ganiyu/airflow_venv/lib/python3.9/site-packages/airflow/example_dags/example_trigger_controller_dag.py for tasks to queue
[2025-01-03T21:46:01.370+0100] {logging_mixin.py:190} INFO - [2025-01-03T21:46:01.370+0100] {dagbag.py:588} INFO - Filling up the DagBag from /Users/azeez.ganiyu/airflow_venv/lib/python3.9/site-packages/airflow/example_dags/example_trigger_controller_dag.py
[2025-01-03T21:46:01.396+0100] {processor.py:925} INFO - DAG(s) 'example_trigger_controller_dag' retrieved from /Users/azeez.ganiyu/airflow_venv/lib/python3.9/site-packages/airflow/example_dags/example_trigger_controller_dag.py
[2025-01-03T21:46:01.527+0100] {logging_mixin.py:190} INFO - [2025-01-03T21:46:01.527+0100] {dag.py:3239} INFO - Sync 1 DAGs
[2025-01-03T21:46:01.540+0100] {logging_mixin.py:190} INFO - [2025-01-03T21:46:01.540+0100] {dag.py:4180} INFO - Setting next_dagrun for example_trigger_controller_dag to 2021-01-01 00:00:00+00:00, run_after=2021-01-01 00:00:00+00:00
[2025-01-03T21:46:01.560+0100] {processor.py:208} INFO - Processing /Users/azeez.ganiyu/airflow_venv/lib/python3.9/site-packages/airflow/example_dags/example_trigger_controller_dag.py took 0.208 seconds
[2025-01-03T21:49:16.906+0100] {processor.py:186} INFO - Started process (PID=86752) to work on /Users/azeez.ganiyu/airflow_venv/lib/python3.9/site-packages/airflow/example_dags/example_trigger_controller_dag.py
[2025-01-03T21:49:16.911+0100] {processor.py:914} INFO - Processing file /Users/azeez.ganiyu/airflow_venv/lib/python3.9/site-packages/airflow/example_dags/example_trigger_controller_dag.py for tasks to queue
[2025-01-03T21:49:16.912+0100] {logging_mixin.py:190} INFO - [2025-01-03T21:49:16.911+0100] {dagbag.py:588} INFO - Filling up the DagBag from /Users/azeez.ganiyu/airflow_venv/lib/python3.9/site-packages/airflow/example_dags/example_trigger_controller_dag.py
[2025-01-03T21:49:16.939+0100] {processor.py:925} INFO - DAG(s) 'example_trigger_controller_dag' retrieved from /Users/azeez.ganiyu/airflow_venv/lib/python3.9/site-packages/airflow/example_dags/example_trigger_controller_dag.py
[2025-01-03T21:49:17.083+0100] {logging_mixin.py:190} INFO - [2025-01-03T21:49:17.083+0100] {dag.py:3239} INFO - Sync 1 DAGs
[2025-01-03T21:49:17.097+0100] {logging_mixin.py:190} INFO - [2025-01-03T21:49:17.096+0100] {dag.py:4180} INFO - Setting next_dagrun for example_trigger_controller_dag to 2021-01-01 00:00:00+00:00, run_after=2021-01-01 00:00:00+00:00
[2025-01-03T21:49:17.118+0100] {processor.py:208} INFO - Processing /Users/azeez.ganiyu/airflow_venv/lib/python3.9/site-packages/airflow/example_dags/example_trigger_controller_dag.py took 0.219 seconds
