[2025-01-03T21:29:18.682+0100] {processor.py:186} INFO - Started process (PID=77972) to work on /Users/azeez.ganiyu/airflow_venv/lib/python3.9/site-packages/airflow/example_dags/example_short_circuit_operator.py
[2025-01-03T21:29:18.688+0100] {processor.py:914} INFO - Processing file /Users/azeez.ganiyu/airflow_venv/lib/python3.9/site-packages/airflow/example_dags/example_short_circuit_operator.py for tasks to queue
[2025-01-03T21:29:18.689+0100] {logging_mixin.py:190} INFO - [2025-01-03T21:29:18.689+0100] {dagbag.py:588} INFO - Filling up the DagBag from /Users/azeez.ganiyu/airflow_venv/lib/python3.9/site-packages/airflow/example_dags/example_short_circuit_operator.py
[2025-01-03T21:29:18.733+0100] {processor.py:925} INFO - DAG(s) 'example_short_circuit_operator' retrieved from /Users/azeez.ganiyu/airflow_venv/lib/python3.9/site-packages/airflow/example_dags/example_short_circuit_operator.py
[2025-01-03T21:29:19.012+0100] {logging_mixin.py:190} INFO - [2025-01-03T21:29:19.011+0100] {override.py:1912} INFO - Created Permission View: can edit on DAG:example_short_circuit_operator
[2025-01-03T21:29:19.022+0100] {logging_mixin.py:190} INFO - [2025-01-03T21:29:19.022+0100] {override.py:1912} INFO - Created Permission View: can read on DAG:example_short_circuit_operator
[2025-01-03T21:29:19.032+0100] {logging_mixin.py:190} INFO - [2025-01-03T21:29:19.031+0100] {override.py:1912} INFO - Created Permission View: can delete on DAG:example_short_circuit_operator
[2025-01-03T21:29:19.045+0100] {logging_mixin.py:190} INFO - [2025-01-03T21:29:19.045+0100] {override.py:1912} INFO - Created Permission View: can delete on DAG Run:example_short_circuit_operator
[2025-01-03T21:29:19.054+0100] {logging_mixin.py:190} INFO - [2025-01-03T21:29:19.053+0100] {override.py:1912} INFO - Created Permission View: menu access on DAG Run:example_short_circuit_operator
[2025-01-03T21:29:19.064+0100] {logging_mixin.py:190} INFO - [2025-01-03T21:29:19.063+0100] {override.py:1912} INFO - Created Permission View: can read on DAG Run:example_short_circuit_operator
[2025-01-03T21:29:19.072+0100] {logging_mixin.py:190} INFO - [2025-01-03T21:29:19.072+0100] {override.py:1912} INFO - Created Permission View: can create on DAG Run:example_short_circuit_operator
[2025-01-03T21:29:19.073+0100] {logging_mixin.py:190} INFO - [2025-01-03T21:29:19.072+0100] {dag.py:3239} INFO - Sync 1 DAGs
[2025-01-03T21:29:19.087+0100] {logging_mixin.py:190} INFO - [2025-01-03T21:29:19.086+0100] {dag.py:3262} INFO - Creating ORM DAG for example_short_circuit_operator
[2025-01-03T21:29:19.087+0100] {logging_mixin.py:190} INFO - [2025-01-03T21:29:19.087+0100] {dag.py:4180} INFO - Setting next_dagrun for example_short_circuit_operator to None, run_after=None
[2025-01-03T21:29:19.110+0100] {processor.py:208} INFO - Processing /Users/azeez.ganiyu/airflow_venv/lib/python3.9/site-packages/airflow/example_dags/example_short_circuit_operator.py took 0.435 seconds
[2025-01-03T21:33:09.082+0100] {processor.py:186} INFO - Started process (PID=79351) to work on /Users/azeez.ganiyu/airflow_venv/lib/python3.9/site-packages/airflow/example_dags/example_short_circuit_operator.py
[2025-01-03T21:33:09.088+0100] {processor.py:914} INFO - Processing file /Users/azeez.ganiyu/airflow_venv/lib/python3.9/site-packages/airflow/example_dags/example_short_circuit_operator.py for tasks to queue
[2025-01-03T21:33:09.090+0100] {logging_mixin.py:190} INFO - [2025-01-03T21:33:09.090+0100] {dagbag.py:588} INFO - Filling up the DagBag from /Users/azeez.ganiyu/airflow_venv/lib/python3.9/site-packages/airflow/example_dags/example_short_circuit_operator.py
[2025-01-03T21:33:09.139+0100] {processor.py:925} INFO - DAG(s) 'example_short_circuit_operator' retrieved from /Users/azeez.ganiyu/airflow_venv/lib/python3.9/site-packages/airflow/example_dags/example_short_circuit_operator.py
[2025-01-03T21:33:09.289+0100] {logging_mixin.py:190} INFO - [2025-01-03T21:33:09.289+0100] {dag.py:3239} INFO - Sync 1 DAGs
[2025-01-03T21:33:09.300+0100] {logging_mixin.py:190} INFO - [2025-01-03T21:33:09.300+0100] {dag.py:4180} INFO - Setting next_dagrun for example_short_circuit_operator to None, run_after=None
[2025-01-03T21:33:09.320+0100] {processor.py:208} INFO - Processing /Users/azeez.ganiyu/airflow_venv/lib/python3.9/site-packages/airflow/example_dags/example_short_circuit_operator.py took 0.246 seconds
[2025-01-03T21:37:06.296+0100] {processor.py:186} INFO - Started process (PID=81337) to work on /Users/azeez.ganiyu/airflow_venv/lib/python3.9/site-packages/airflow/example_dags/example_short_circuit_operator.py
[2025-01-03T21:37:06.302+0100] {processor.py:914} INFO - Processing file /Users/azeez.ganiyu/airflow_venv/lib/python3.9/site-packages/airflow/example_dags/example_short_circuit_operator.py for tasks to queue
[2025-01-03T21:37:06.303+0100] {logging_mixin.py:190} INFO - [2025-01-03T21:37:06.303+0100] {dagbag.py:588} INFO - Filling up the DagBag from /Users/azeez.ganiyu/airflow_venv/lib/python3.9/site-packages/airflow/example_dags/example_short_circuit_operator.py
[2025-01-03T21:37:06.343+0100] {processor.py:925} INFO - DAG(s) 'example_short_circuit_operator' retrieved from /Users/azeez.ganiyu/airflow_venv/lib/python3.9/site-packages/airflow/example_dags/example_short_circuit_operator.py
[2025-01-03T21:37:06.501+0100] {logging_mixin.py:190} INFO - [2025-01-03T21:37:06.500+0100] {dag.py:3239} INFO - Sync 1 DAGs
[2025-01-03T21:37:06.512+0100] {logging_mixin.py:190} INFO - [2025-01-03T21:37:06.511+0100] {dag.py:4180} INFO - Setting next_dagrun for example_short_circuit_operator to None, run_after=None
[2025-01-03T21:37:06.533+0100] {processor.py:208} INFO - Processing /Users/azeez.ganiyu/airflow_venv/lib/python3.9/site-packages/airflow/example_dags/example_short_circuit_operator.py took 0.245 seconds
[2025-01-03T21:40:12.503+0100] {processor.py:186} INFO - Started process (PID=82367) to work on /Users/azeez.ganiyu/airflow_venv/lib/python3.9/site-packages/airflow/example_dags/example_short_circuit_operator.py
[2025-01-03T21:40:12.510+0100] {processor.py:914} INFO - Processing file /Users/azeez.ganiyu/airflow_venv/lib/python3.9/site-packages/airflow/example_dags/example_short_circuit_operator.py for tasks to queue
[2025-01-03T21:40:12.511+0100] {logging_mixin.py:190} INFO - [2025-01-03T21:40:12.511+0100] {dagbag.py:588} INFO - Filling up the DagBag from /Users/azeez.ganiyu/airflow_venv/lib/python3.9/site-packages/airflow/example_dags/example_short_circuit_operator.py
[2025-01-03T21:40:12.552+0100] {processor.py:925} INFO - DAG(s) 'example_short_circuit_operator' retrieved from /Users/azeez.ganiyu/airflow_venv/lib/python3.9/site-packages/airflow/example_dags/example_short_circuit_operator.py
[2025-01-03T21:40:12.727+0100] {logging_mixin.py:190} INFO - [2025-01-03T21:40:12.726+0100] {dag.py:3239} INFO - Sync 1 DAGs
[2025-01-03T21:40:12.736+0100] {logging_mixin.py:190} INFO - [2025-01-03T21:40:12.736+0100] {dag.py:4180} INFO - Setting next_dagrun for example_short_circuit_operator to None, run_after=None
[2025-01-03T21:40:12.758+0100] {processor.py:208} INFO - Processing /Users/azeez.ganiyu/airflow_venv/lib/python3.9/site-packages/airflow/example_dags/example_short_circuit_operator.py took 0.263 seconds
[2025-01-03T21:43:18.601+0100] {processor.py:186} INFO - Started process (PID=84149) to work on /Users/azeez.ganiyu/airflow_venv/lib/python3.9/site-packages/airflow/example_dags/example_short_circuit_operator.py
[2025-01-03T21:43:18.607+0100] {processor.py:914} INFO - Processing file /Users/azeez.ganiyu/airflow_venv/lib/python3.9/site-packages/airflow/example_dags/example_short_circuit_operator.py for tasks to queue
[2025-01-03T21:43:18.609+0100] {logging_mixin.py:190} INFO - [2025-01-03T21:43:18.608+0100] {dagbag.py:588} INFO - Filling up the DagBag from /Users/azeez.ganiyu/airflow_venv/lib/python3.9/site-packages/airflow/example_dags/example_short_circuit_operator.py
[2025-01-03T21:43:18.650+0100] {processor.py:925} INFO - DAG(s) 'example_short_circuit_operator' retrieved from /Users/azeez.ganiyu/airflow_venv/lib/python3.9/site-packages/airflow/example_dags/example_short_circuit_operator.py
[2025-01-03T21:43:18.807+0100] {logging_mixin.py:190} INFO - [2025-01-03T21:43:18.806+0100] {dag.py:3239} INFO - Sync 1 DAGs
[2025-01-03T21:43:18.818+0100] {logging_mixin.py:190} INFO - [2025-01-03T21:43:18.818+0100] {dag.py:4180} INFO - Setting next_dagrun for example_short_circuit_operator to None, run_after=None
[2025-01-03T21:43:18.842+0100] {processor.py:208} INFO - Processing /Users/azeez.ganiyu/airflow_venv/lib/python3.9/site-packages/airflow/example_dags/example_short_circuit_operator.py took 0.248 seconds
[2025-01-03T21:46:28.783+0100] {processor.py:186} INFO - Started process (PID=85756) to work on /Users/azeez.ganiyu/airflow_venv/lib/python3.9/site-packages/airflow/example_dags/example_short_circuit_operator.py
[2025-01-03T21:46:28.788+0100] {processor.py:914} INFO - Processing file /Users/azeez.ganiyu/airflow_venv/lib/python3.9/site-packages/airflow/example_dags/example_short_circuit_operator.py for tasks to queue
[2025-01-03T21:46:28.789+0100] {logging_mixin.py:190} INFO - [2025-01-03T21:46:28.789+0100] {dagbag.py:588} INFO - Filling up the DagBag from /Users/azeez.ganiyu/airflow_venv/lib/python3.9/site-packages/airflow/example_dags/example_short_circuit_operator.py
[2025-01-03T21:46:28.833+0100] {processor.py:925} INFO - DAG(s) 'example_short_circuit_operator' retrieved from /Users/azeez.ganiyu/airflow_venv/lib/python3.9/site-packages/airflow/example_dags/example_short_circuit_operator.py
[2025-01-03T21:46:28.989+0100] {logging_mixin.py:190} INFO - [2025-01-03T21:46:28.988+0100] {dag.py:3239} INFO - Sync 1 DAGs
[2025-01-03T21:46:29.002+0100] {logging_mixin.py:190} INFO - [2025-01-03T21:46:29.002+0100] {dag.py:4180} INFO - Setting next_dagrun for example_short_circuit_operator to None, run_after=None
[2025-01-03T21:46:29.027+0100] {processor.py:208} INFO - Processing /Users/azeez.ganiyu/airflow_venv/lib/python3.9/site-packages/airflow/example_dags/example_short_circuit_operator.py took 0.252 seconds
[2025-01-03T21:49:42.029+0100] {processor.py:186} INFO - Started process (PID=86886) to work on /Users/azeez.ganiyu/airflow_venv/lib/python3.9/site-packages/airflow/example_dags/example_short_circuit_operator.py
[2025-01-03T21:49:42.035+0100] {processor.py:914} INFO - Processing file /Users/azeez.ganiyu/airflow_venv/lib/python3.9/site-packages/airflow/example_dags/example_short_circuit_operator.py for tasks to queue
[2025-01-03T21:49:42.036+0100] {logging_mixin.py:190} INFO - [2025-01-03T21:49:42.036+0100] {dagbag.py:588} INFO - Filling up the DagBag from /Users/azeez.ganiyu/airflow_venv/lib/python3.9/site-packages/airflow/example_dags/example_short_circuit_operator.py
[2025-01-03T21:49:42.081+0100] {processor.py:925} INFO - DAG(s) 'example_short_circuit_operator' retrieved from /Users/azeez.ganiyu/airflow_venv/lib/python3.9/site-packages/airflow/example_dags/example_short_circuit_operator.py
[2025-01-03T21:49:42.220+0100] {logging_mixin.py:190} INFO - [2025-01-03T21:49:42.219+0100] {dag.py:3239} INFO - Sync 1 DAGs
[2025-01-03T21:49:42.229+0100] {logging_mixin.py:190} INFO - [2025-01-03T21:49:42.229+0100] {dag.py:4180} INFO - Setting next_dagrun for example_short_circuit_operator to None, run_after=None
[2025-01-03T21:49:42.249+0100] {processor.py:208} INFO - Processing /Users/azeez.ganiyu/airflow_venv/lib/python3.9/site-packages/airflow/example_dags/example_short_circuit_operator.py took 0.228 seconds
