[2025-01-03T21:29:22.725+0100] {processor.py:186} INFO - Started process (PID=77984) to work on /Users/azeez.ganiyu/airflow_venv/lib/python3.9/site-packages/airflow/example_dags/example_short_circuit_decorator.py
[2025-01-03T21:29:22.730+0100] {processor.py:914} INFO - Processing file /Users/azeez.ganiyu/airflow_venv/lib/python3.9/site-packages/airflow/example_dags/example_short_circuit_decorator.py for tasks to queue
[2025-01-03T21:29:22.731+0100] {logging_mixin.py:190} INFO - [2025-01-03T21:29:22.731+0100] {dagbag.py:588} INFO - Filling up the DagBag from /Users/azeez.ganiyu/airflow_venv/lib/python3.9/site-packages/airflow/example_dags/example_short_circuit_decorator.py
[2025-01-03T21:29:22.809+0100] {processor.py:925} INFO - DAG(s) 'example_short_circuit_decorator' retrieved from /Users/azeez.ganiyu/airflow_venv/lib/python3.9/site-packages/airflow/example_dags/example_short_circuit_decorator.py
[2025-01-03T21:29:23.116+0100] {logging_mixin.py:190} INFO - [2025-01-03T21:29:23.116+0100] {override.py:1912} INFO - Created Permission View: can delete on DAG:example_short_circuit_decorator
[2025-01-03T21:29:23.128+0100] {logging_mixin.py:190} INFO - [2025-01-03T21:29:23.128+0100] {override.py:1912} INFO - Created Permission View: can read on DAG:example_short_circuit_decorator
[2025-01-03T21:29:23.138+0100] {logging_mixin.py:190} INFO - [2025-01-03T21:29:23.138+0100] {override.py:1912} INFO - Created Permission View: can edit on DAG:example_short_circuit_decorator
[2025-01-03T21:29:23.153+0100] {logging_mixin.py:190} INFO - [2025-01-03T21:29:23.153+0100] {override.py:1912} INFO - Created Permission View: menu access on DAG Run:example_short_circuit_decorator
[2025-01-03T21:29:23.163+0100] {logging_mixin.py:190} INFO - [2025-01-03T21:29:23.162+0100] {override.py:1912} INFO - Created Permission View: can delete on DAG Run:example_short_circuit_decorator
[2025-01-03T21:29:23.173+0100] {logging_mixin.py:190} INFO - [2025-01-03T21:29:23.173+0100] {override.py:1912} INFO - Created Permission View: can read on DAG Run:example_short_circuit_decorator
[2025-01-03T21:29:23.181+0100] {logging_mixin.py:190} INFO - [2025-01-03T21:29:23.181+0100] {override.py:1912} INFO - Created Permission View: can create on DAG Run:example_short_circuit_decorator
[2025-01-03T21:29:23.181+0100] {logging_mixin.py:190} INFO - [2025-01-03T21:29:23.181+0100] {dag.py:3239} INFO - Sync 1 DAGs
[2025-01-03T21:29:23.197+0100] {logging_mixin.py:190} INFO - [2025-01-03T21:29:23.196+0100] {dag.py:3262} INFO - Creating ORM DAG for example_short_circuit_decorator
[2025-01-03T21:29:23.197+0100] {logging_mixin.py:190} INFO - [2025-01-03T21:29:23.197+0100] {dag.py:4180} INFO - Setting next_dagrun for example_short_circuit_decorator to None, run_after=None
[2025-01-03T21:29:23.218+0100] {processor.py:208} INFO - Processing /Users/azeez.ganiyu/airflow_venv/lib/python3.9/site-packages/airflow/example_dags/example_short_circuit_decorator.py took 0.501 seconds
[2025-01-03T21:33:12.723+0100] {processor.py:186} INFO - Started process (PID=79363) to work on /Users/azeez.ganiyu/airflow_venv/lib/python3.9/site-packages/airflow/example_dags/example_short_circuit_decorator.py
[2025-01-03T21:33:12.728+0100] {processor.py:914} INFO - Processing file /Users/azeez.ganiyu/airflow_venv/lib/python3.9/site-packages/airflow/example_dags/example_short_circuit_decorator.py for tasks to queue
[2025-01-03T21:33:12.729+0100] {logging_mixin.py:190} INFO - [2025-01-03T21:33:12.728+0100] {dagbag.py:588} INFO - Filling up the DagBag from /Users/azeez.ganiyu/airflow_venv/lib/python3.9/site-packages/airflow/example_dags/example_short_circuit_decorator.py
[2025-01-03T21:33:12.789+0100] {processor.py:925} INFO - DAG(s) 'example_short_circuit_decorator' retrieved from /Users/azeez.ganiyu/airflow_venv/lib/python3.9/site-packages/airflow/example_dags/example_short_circuit_decorator.py
[2025-01-03T21:33:12.926+0100] {logging_mixin.py:190} INFO - [2025-01-03T21:33:12.925+0100] {dag.py:3239} INFO - Sync 1 DAGs
[2025-01-03T21:33:12.935+0100] {logging_mixin.py:190} INFO - [2025-01-03T21:33:12.934+0100] {dag.py:4180} INFO - Setting next_dagrun for example_short_circuit_decorator to None, run_after=None
[2025-01-03T21:33:12.954+0100] {processor.py:208} INFO - Processing /Users/azeez.ganiyu/airflow_venv/lib/python3.9/site-packages/airflow/example_dags/example_short_circuit_decorator.py took 0.238 seconds
[2025-01-03T21:37:10.169+0100] {processor.py:186} INFO - Started process (PID=81359) to work on /Users/azeez.ganiyu/airflow_venv/lib/python3.9/site-packages/airflow/example_dags/example_short_circuit_decorator.py
[2025-01-03T21:37:10.173+0100] {processor.py:914} INFO - Processing file /Users/azeez.ganiyu/airflow_venv/lib/python3.9/site-packages/airflow/example_dags/example_short_circuit_decorator.py for tasks to queue
[2025-01-03T21:37:10.174+0100] {logging_mixin.py:190} INFO - [2025-01-03T21:37:10.174+0100] {dagbag.py:588} INFO - Filling up the DagBag from /Users/azeez.ganiyu/airflow_venv/lib/python3.9/site-packages/airflow/example_dags/example_short_circuit_decorator.py
[2025-01-03T21:37:10.233+0100] {processor.py:925} INFO - DAG(s) 'example_short_circuit_decorator' retrieved from /Users/azeez.ganiyu/airflow_venv/lib/python3.9/site-packages/airflow/example_dags/example_short_circuit_decorator.py
[2025-01-03T21:37:10.403+0100] {logging_mixin.py:190} INFO - [2025-01-03T21:37:10.402+0100] {dag.py:3239} INFO - Sync 1 DAGs
[2025-01-03T21:37:10.413+0100] {logging_mixin.py:190} INFO - [2025-01-03T21:37:10.413+0100] {dag.py:4180} INFO - Setting next_dagrun for example_short_circuit_decorator to None, run_after=None
[2025-01-03T21:37:10.434+0100] {processor.py:208} INFO - Processing /Users/azeez.ganiyu/airflow_venv/lib/python3.9/site-packages/airflow/example_dags/example_short_circuit_decorator.py took 0.272 seconds
[2025-01-03T21:40:16.591+0100] {processor.py:186} INFO - Started process (PID=82389) to work on /Users/azeez.ganiyu/airflow_venv/lib/python3.9/site-packages/airflow/example_dags/example_short_circuit_decorator.py
[2025-01-03T21:40:16.597+0100] {processor.py:914} INFO - Processing file /Users/azeez.ganiyu/airflow_venv/lib/python3.9/site-packages/airflow/example_dags/example_short_circuit_decorator.py for tasks to queue
[2025-01-03T21:40:16.598+0100] {logging_mixin.py:190} INFO - [2025-01-03T21:40:16.598+0100] {dagbag.py:588} INFO - Filling up the DagBag from /Users/azeez.ganiyu/airflow_venv/lib/python3.9/site-packages/airflow/example_dags/example_short_circuit_decorator.py
[2025-01-03T21:40:16.661+0100] {processor.py:925} INFO - DAG(s) 'example_short_circuit_decorator' retrieved from /Users/azeez.ganiyu/airflow_venv/lib/python3.9/site-packages/airflow/example_dags/example_short_circuit_decorator.py
[2025-01-03T21:40:16.815+0100] {logging_mixin.py:190} INFO - [2025-01-03T21:40:16.815+0100] {dag.py:3239} INFO - Sync 1 DAGs
[2025-01-03T21:40:16.827+0100] {logging_mixin.py:190} INFO - [2025-01-03T21:40:16.826+0100] {dag.py:4180} INFO - Setting next_dagrun for example_short_circuit_decorator to None, run_after=None
[2025-01-03T21:40:16.848+0100] {processor.py:208} INFO - Processing /Users/azeez.ganiyu/airflow_venv/lib/python3.9/site-packages/airflow/example_dags/example_short_circuit_decorator.py took 0.266 seconds
[2025-01-03T21:43:22.477+0100] {processor.py:186} INFO - Started process (PID=84171) to work on /Users/azeez.ganiyu/airflow_venv/lib/python3.9/site-packages/airflow/example_dags/example_short_circuit_decorator.py
[2025-01-03T21:43:22.483+0100] {processor.py:914} INFO - Processing file /Users/azeez.ganiyu/airflow_venv/lib/python3.9/site-packages/airflow/example_dags/example_short_circuit_decorator.py for tasks to queue
[2025-01-03T21:43:22.484+0100] {logging_mixin.py:190} INFO - [2025-01-03T21:43:22.483+0100] {dagbag.py:588} INFO - Filling up the DagBag from /Users/azeez.ganiyu/airflow_venv/lib/python3.9/site-packages/airflow/example_dags/example_short_circuit_decorator.py
[2025-01-03T21:43:22.547+0100] {processor.py:925} INFO - DAG(s) 'example_short_circuit_decorator' retrieved from /Users/azeez.ganiyu/airflow_venv/lib/python3.9/site-packages/airflow/example_dags/example_short_circuit_decorator.py
[2025-01-03T21:43:22.695+0100] {logging_mixin.py:190} INFO - [2025-01-03T21:43:22.695+0100] {dag.py:3239} INFO - Sync 1 DAGs
[2025-01-03T21:43:22.705+0100] {logging_mixin.py:190} INFO - [2025-01-03T21:43:22.705+0100] {dag.py:4180} INFO - Setting next_dagrun for example_short_circuit_decorator to None, run_after=None
[2025-01-03T21:43:22.728+0100] {processor.py:208} INFO - Processing /Users/azeez.ganiyu/airflow_venv/lib/python3.9/site-packages/airflow/example_dags/example_short_circuit_decorator.py took 0.258 seconds
[2025-01-03T21:46:32.703+0100] {processor.py:186} INFO - Started process (PID=85780) to work on /Users/azeez.ganiyu/airflow_venv/lib/python3.9/site-packages/airflow/example_dags/example_short_circuit_decorator.py
[2025-01-03T21:46:32.708+0100] {processor.py:914} INFO - Processing file /Users/azeez.ganiyu/airflow_venv/lib/python3.9/site-packages/airflow/example_dags/example_short_circuit_decorator.py for tasks to queue
[2025-01-03T21:46:32.709+0100] {logging_mixin.py:190} INFO - [2025-01-03T21:46:32.709+0100] {dagbag.py:588} INFO - Filling up the DagBag from /Users/azeez.ganiyu/airflow_venv/lib/python3.9/site-packages/airflow/example_dags/example_short_circuit_decorator.py
[2025-01-03T21:46:32.819+0100] {processor.py:925} INFO - DAG(s) 'example_short_circuit_decorator' retrieved from /Users/azeez.ganiyu/airflow_venv/lib/python3.9/site-packages/airflow/example_dags/example_short_circuit_decorator.py
[2025-01-03T21:46:32.979+0100] {logging_mixin.py:190} INFO - [2025-01-03T21:46:32.979+0100] {dag.py:3239} INFO - Sync 1 DAGs
[2025-01-03T21:46:32.989+0100] {logging_mixin.py:190} INFO - [2025-01-03T21:46:32.988+0100] {dag.py:4180} INFO - Setting next_dagrun for example_short_circuit_decorator to None, run_after=None
[2025-01-03T21:46:33.008+0100] {processor.py:208} INFO - Processing /Users/azeez.ganiyu/airflow_venv/lib/python3.9/site-packages/airflow/example_dags/example_short_circuit_decorator.py took 0.313 seconds
[2025-01-03T21:49:46.232+0100] {processor.py:186} INFO - Started process (PID=86908) to work on /Users/azeez.ganiyu/airflow_venv/lib/python3.9/site-packages/airflow/example_dags/example_short_circuit_decorator.py
[2025-01-03T21:49:46.238+0100] {processor.py:914} INFO - Processing file /Users/azeez.ganiyu/airflow_venv/lib/python3.9/site-packages/airflow/example_dags/example_short_circuit_decorator.py for tasks to queue
[2025-01-03T21:49:46.239+0100] {logging_mixin.py:190} INFO - [2025-01-03T21:49:46.238+0100] {dagbag.py:588} INFO - Filling up the DagBag from /Users/azeez.ganiyu/airflow_venv/lib/python3.9/site-packages/airflow/example_dags/example_short_circuit_decorator.py
[2025-01-03T21:49:46.298+0100] {processor.py:925} INFO - DAG(s) 'example_short_circuit_decorator' retrieved from /Users/azeez.ganiyu/airflow_venv/lib/python3.9/site-packages/airflow/example_dags/example_short_circuit_decorator.py
[2025-01-03T21:49:46.436+0100] {logging_mixin.py:190} INFO - [2025-01-03T21:49:46.436+0100] {dag.py:3239} INFO - Sync 1 DAGs
[2025-01-03T21:49:46.446+0100] {logging_mixin.py:190} INFO - [2025-01-03T21:49:46.446+0100] {dag.py:4180} INFO - Setting next_dagrun for example_short_circuit_decorator to None, run_after=None
[2025-01-03T21:49:46.467+0100] {processor.py:208} INFO - Processing /Users/azeez.ganiyu/airflow_venv/lib/python3.9/site-packages/airflow/example_dags/example_short_circuit_decorator.py took 0.242 seconds
