[2025-01-03T21:28:19.609+0100] {processor.py:186} INFO - Started process (PID=77779) to work on /Users/azeez.ganiyu/airflow_venv/lib/python3.9/site-packages/airflow/example_dags/tutorial_taskflow_api.py
[2025-01-03T21:28:19.614+0100] {processor.py:914} INFO - Processing file /Users/azeez.ganiyu/airflow_venv/lib/python3.9/site-packages/airflow/example_dags/tutorial_taskflow_api.py for tasks to queue
[2025-01-03T21:28:19.615+0100] {logging_mixin.py:190} INFO - [2025-01-03T21:28:19.615+0100] {dagbag.py:588} INFO - Filling up the DagBag from /Users/azeez.ganiyu/airflow_venv/lib/python3.9/site-packages/airflow/example_dags/tutorial_taskflow_api.py
[2025-01-03T21:28:19.671+0100] {processor.py:925} INFO - DAG(s) 'tutorial_taskflow_api' retrieved from /Users/azeez.ganiyu/airflow_venv/lib/python3.9/site-packages/airflow/example_dags/tutorial_taskflow_api.py
[2025-01-03T21:28:19.945+0100] {logging_mixin.py:190} INFO - [2025-01-03T21:28:19.945+0100] {override.py:1912} INFO - Created Permission View: can delete on DAG:tutorial_taskflow_api
[2025-01-03T21:28:19.957+0100] {logging_mixin.py:190} INFO - [2025-01-03T21:28:19.957+0100] {override.py:1912} INFO - Created Permission View: can edit on DAG:tutorial_taskflow_api
[2025-01-03T21:28:19.966+0100] {logging_mixin.py:190} INFO - [2025-01-03T21:28:19.965+0100] {override.py:1912} INFO - Created Permission View: can read on DAG:tutorial_taskflow_api
[2025-01-03T21:28:19.979+0100] {logging_mixin.py:190} INFO - [2025-01-03T21:28:19.979+0100] {override.py:1912} INFO - Created Permission View: can delete on DAG Run:tutorial_taskflow_api
[2025-01-03T21:28:19.988+0100] {logging_mixin.py:190} INFO - [2025-01-03T21:28:19.988+0100] {override.py:1912} INFO - Created Permission View: can create on DAG Run:tutorial_taskflow_api
[2025-01-03T21:28:19.996+0100] {logging_mixin.py:190} INFO - [2025-01-03T21:28:19.996+0100] {override.py:1912} INFO - Created Permission View: menu access on DAG Run:tutorial_taskflow_api
[2025-01-03T21:28:20.005+0100] {logging_mixin.py:190} INFO - [2025-01-03T21:28:20.005+0100] {override.py:1912} INFO - Created Permission View: can read on DAG Run:tutorial_taskflow_api
[2025-01-03T21:28:20.006+0100] {logging_mixin.py:190} INFO - [2025-01-03T21:28:20.006+0100] {dag.py:3239} INFO - Sync 1 DAGs
[2025-01-03T21:28:20.017+0100] {logging_mixin.py:190} INFO - [2025-01-03T21:28:20.017+0100] {dag.py:3262} INFO - Creating ORM DAG for tutorial_taskflow_api
[2025-01-03T21:28:20.018+0100] {logging_mixin.py:190} INFO - [2025-01-03T21:28:20.017+0100] {dag.py:4180} INFO - Setting next_dagrun for tutorial_taskflow_api to None, run_after=None
[2025-01-03T21:28:20.039+0100] {processor.py:208} INFO - Processing /Users/azeez.ganiyu/airflow_venv/lib/python3.9/site-packages/airflow/example_dags/tutorial_taskflow_api.py took 0.439 seconds
[2025-01-03T21:32:10.566+0100] {processor.py:186} INFO - Started process (PID=79164) to work on /Users/azeez.ganiyu/airflow_venv/lib/python3.9/site-packages/airflow/example_dags/tutorial_taskflow_api.py
[2025-01-03T21:32:10.571+0100] {processor.py:914} INFO - Processing file /Users/azeez.ganiyu/airflow_venv/lib/python3.9/site-packages/airflow/example_dags/tutorial_taskflow_api.py for tasks to queue
[2025-01-03T21:32:10.572+0100] {logging_mixin.py:190} INFO - [2025-01-03T21:32:10.572+0100] {dagbag.py:588} INFO - Filling up the DagBag from /Users/azeez.ganiyu/airflow_venv/lib/python3.9/site-packages/airflow/example_dags/tutorial_taskflow_api.py
[2025-01-03T21:32:10.632+0100] {processor.py:925} INFO - DAG(s) 'tutorial_taskflow_api' retrieved from /Users/azeez.ganiyu/airflow_venv/lib/python3.9/site-packages/airflow/example_dags/tutorial_taskflow_api.py
[2025-01-03T21:32:10.768+0100] {logging_mixin.py:190} INFO - [2025-01-03T21:32:10.768+0100] {dag.py:3239} INFO - Sync 1 DAGs
[2025-01-03T21:32:10.777+0100] {logging_mixin.py:190} INFO - [2025-01-03T21:32:10.777+0100] {dag.py:4180} INFO - Setting next_dagrun for tutorial_taskflow_api to None, run_after=None
[2025-01-03T21:32:10.797+0100] {processor.py:208} INFO - Processing /Users/azeez.ganiyu/airflow_venv/lib/python3.9/site-packages/airflow/example_dags/tutorial_taskflow_api.py took 0.238 seconds
[2025-01-03T21:36:02.981+0100] {processor.py:186} INFO - Started process (PID=80986) to work on /Users/azeez.ganiyu/airflow_venv/lib/python3.9/site-packages/airflow/example_dags/tutorial_taskflow_api.py
[2025-01-03T21:36:02.986+0100] {processor.py:914} INFO - Processing file /Users/azeez.ganiyu/airflow_venv/lib/python3.9/site-packages/airflow/example_dags/tutorial_taskflow_api.py for tasks to queue
[2025-01-03T21:36:02.987+0100] {logging_mixin.py:190} INFO - [2025-01-03T21:36:02.987+0100] {dagbag.py:588} INFO - Filling up the DagBag from /Users/azeez.ganiyu/airflow_venv/lib/python3.9/site-packages/airflow/example_dags/tutorial_taskflow_api.py
[2025-01-03T21:36:03.063+0100] {processor.py:925} INFO - DAG(s) 'tutorial_taskflow_api' retrieved from /Users/azeez.ganiyu/airflow_venv/lib/python3.9/site-packages/airflow/example_dags/tutorial_taskflow_api.py
[2025-01-03T21:36:03.235+0100] {logging_mixin.py:190} INFO - [2025-01-03T21:36:03.235+0100] {dag.py:3239} INFO - Sync 1 DAGs
[2025-01-03T21:36:03.247+0100] {logging_mixin.py:190} INFO - [2025-01-03T21:36:03.246+0100] {dag.py:4180} INFO - Setting next_dagrun for tutorial_taskflow_api to None, run_after=None
[2025-01-03T21:36:03.270+0100] {processor.py:208} INFO - Processing /Users/azeez.ganiyu/airflow_venv/lib/python3.9/site-packages/airflow/example_dags/tutorial_taskflow_api.py took 0.298 seconds
[2025-01-03T21:39:18.048+0100] {processor.py:186} INFO - Started process (PID=82060) to work on /Users/azeez.ganiyu/airflow_venv/lib/python3.9/site-packages/airflow/example_dags/tutorial_taskflow_api.py
[2025-01-03T21:39:18.054+0100] {processor.py:914} INFO - Processing file /Users/azeez.ganiyu/airflow_venv/lib/python3.9/site-packages/airflow/example_dags/tutorial_taskflow_api.py for tasks to queue
[2025-01-03T21:39:18.055+0100] {logging_mixin.py:190} INFO - [2025-01-03T21:39:18.055+0100] {dagbag.py:588} INFO - Filling up the DagBag from /Users/azeez.ganiyu/airflow_venv/lib/python3.9/site-packages/airflow/example_dags/tutorial_taskflow_api.py
[2025-01-03T21:39:18.111+0100] {processor.py:925} INFO - DAG(s) 'tutorial_taskflow_api' retrieved from /Users/azeez.ganiyu/airflow_venv/lib/python3.9/site-packages/airflow/example_dags/tutorial_taskflow_api.py
[2025-01-03T21:39:18.249+0100] {logging_mixin.py:190} INFO - [2025-01-03T21:39:18.249+0100] {dag.py:3239} INFO - Sync 1 DAGs
[2025-01-03T21:39:18.258+0100] {logging_mixin.py:190} INFO - [2025-01-03T21:39:18.258+0100] {dag.py:4180} INFO - Setting next_dagrun for tutorial_taskflow_api to None, run_after=None
[2025-01-03T21:39:18.278+0100] {processor.py:208} INFO - Processing /Users/azeez.ganiyu/airflow_venv/lib/python3.9/site-packages/airflow/example_dags/tutorial_taskflow_api.py took 0.238 seconds
[2025-01-03T21:42:22.961+0100] {processor.py:186} INFO - Started process (PID=83812) to work on /Users/azeez.ganiyu/airflow_venv/lib/python3.9/site-packages/airflow/example_dags/tutorial_taskflow_api.py
[2025-01-03T21:42:22.969+0100] {processor.py:914} INFO - Processing file /Users/azeez.ganiyu/airflow_venv/lib/python3.9/site-packages/airflow/example_dags/tutorial_taskflow_api.py for tasks to queue
[2025-01-03T21:42:22.970+0100] {logging_mixin.py:190} INFO - [2025-01-03T21:42:22.970+0100] {dagbag.py:588} INFO - Filling up the DagBag from /Users/azeez.ganiyu/airflow_venv/lib/python3.9/site-packages/airflow/example_dags/tutorial_taskflow_api.py
[2025-01-03T21:42:23.091+0100] {processor.py:925} INFO - DAG(s) 'tutorial_taskflow_api' retrieved from /Users/azeez.ganiyu/airflow_venv/lib/python3.9/site-packages/airflow/example_dags/tutorial_taskflow_api.py
[2025-01-03T21:42:23.245+0100] {logging_mixin.py:190} INFO - [2025-01-03T21:42:23.245+0100] {dag.py:3239} INFO - Sync 1 DAGs
[2025-01-03T21:42:23.255+0100] {logging_mixin.py:190} INFO - [2025-01-03T21:42:23.255+0100] {dag.py:4180} INFO - Setting next_dagrun for tutorial_taskflow_api to None, run_after=None
[2025-01-03T21:42:23.278+0100] {processor.py:208} INFO - Processing /Users/azeez.ganiyu/airflow_venv/lib/python3.9/site-packages/airflow/example_dags/tutorial_taskflow_api.py took 0.325 seconds
[2025-01-03T21:45:30.477+0100] {processor.py:186} INFO - Started process (PID=84946) to work on /Users/azeez.ganiyu/airflow_venv/lib/python3.9/site-packages/airflow/example_dags/tutorial_taskflow_api.py
[2025-01-03T21:45:30.481+0100] {processor.py:914} INFO - Processing file /Users/azeez.ganiyu/airflow_venv/lib/python3.9/site-packages/airflow/example_dags/tutorial_taskflow_api.py for tasks to queue
[2025-01-03T21:45:30.482+0100] {logging_mixin.py:190} INFO - [2025-01-03T21:45:30.482+0100] {dagbag.py:588} INFO - Filling up the DagBag from /Users/azeez.ganiyu/airflow_venv/lib/python3.9/site-packages/airflow/example_dags/tutorial_taskflow_api.py
[2025-01-03T21:45:30.541+0100] {processor.py:925} INFO - DAG(s) 'tutorial_taskflow_api' retrieved from /Users/azeez.ganiyu/airflow_venv/lib/python3.9/site-packages/airflow/example_dags/tutorial_taskflow_api.py
[2025-01-03T21:45:30.674+0100] {logging_mixin.py:190} INFO - [2025-01-03T21:45:30.674+0100] {dag.py:3239} INFO - Sync 1 DAGs
[2025-01-03T21:45:30.683+0100] {logging_mixin.py:190} INFO - [2025-01-03T21:45:30.683+0100] {dag.py:4180} INFO - Setting next_dagrun for tutorial_taskflow_api to None, run_after=None
[2025-01-03T21:45:30.703+0100] {processor.py:208} INFO - Processing /Users/azeez.ganiyu/airflow_venv/lib/python3.9/site-packages/airflow/example_dags/tutorial_taskflow_api.py took 0.234 seconds
[2025-01-03T21:48:45.388+0100] {processor.py:186} INFO - Started process (PID=86585) to work on /Users/azeez.ganiyu/airflow_venv/lib/python3.9/site-packages/airflow/example_dags/tutorial_taskflow_api.py
[2025-01-03T21:48:45.392+0100] {processor.py:914} INFO - Processing file /Users/azeez.ganiyu/airflow_venv/lib/python3.9/site-packages/airflow/example_dags/tutorial_taskflow_api.py for tasks to queue
[2025-01-03T21:48:45.393+0100] {logging_mixin.py:190} INFO - [2025-01-03T21:48:45.393+0100] {dagbag.py:588} INFO - Filling up the DagBag from /Users/azeez.ganiyu/airflow_venv/lib/python3.9/site-packages/airflow/example_dags/tutorial_taskflow_api.py
[2025-01-03T21:48:45.449+0100] {processor.py:925} INFO - DAG(s) 'tutorial_taskflow_api' retrieved from /Users/azeez.ganiyu/airflow_venv/lib/python3.9/site-packages/airflow/example_dags/tutorial_taskflow_api.py
[2025-01-03T21:48:45.585+0100] {logging_mixin.py:190} INFO - [2025-01-03T21:48:45.584+0100] {dag.py:3239} INFO - Sync 1 DAGs
[2025-01-03T21:48:45.595+0100] {logging_mixin.py:190} INFO - [2025-01-03T21:48:45.595+0100] {dag.py:4180} INFO - Setting next_dagrun for tutorial_taskflow_api to None, run_after=None
[2025-01-03T21:48:45.616+0100] {processor.py:208} INFO - Processing /Users/azeez.ganiyu/airflow_venv/lib/python3.9/site-packages/airflow/example_dags/tutorial_taskflow_api.py took 0.235 seconds
[2025-01-03T21:51:48.500+0100] {processor.py:186} INFO - Started process (PID=87621) to work on /Users/azeez.ganiyu/airflow_venv/lib/python3.9/site-packages/airflow/example_dags/tutorial_taskflow_api.py
[2025-01-03T21:51:48.505+0100] {processor.py:914} INFO - Processing file /Users/azeez.ganiyu/airflow_venv/lib/python3.9/site-packages/airflow/example_dags/tutorial_taskflow_api.py for tasks to queue
[2025-01-03T21:51:48.507+0100] {logging_mixin.py:190} INFO - [2025-01-03T21:51:48.506+0100] {dagbag.py:588} INFO - Filling up the DagBag from /Users/azeez.ganiyu/airflow_venv/lib/python3.9/site-packages/airflow/example_dags/tutorial_taskflow_api.py
[2025-01-03T21:51:48.567+0100] {processor.py:925} INFO - DAG(s) 'tutorial_taskflow_api' retrieved from /Users/azeez.ganiyu/airflow_venv/lib/python3.9/site-packages/airflow/example_dags/tutorial_taskflow_api.py
[2025-01-03T21:51:48.715+0100] {logging_mixin.py:190} INFO - [2025-01-03T21:51:48.715+0100] {dag.py:3239} INFO - Sync 1 DAGs
[2025-01-03T21:51:48.726+0100] {logging_mixin.py:190} INFO - [2025-01-03T21:51:48.726+0100] {dag.py:4180} INFO - Setting next_dagrun for tutorial_taskflow_api to None, run_after=None
[2025-01-03T21:51:48.749+0100] {processor.py:208} INFO - Processing /Users/azeez.ganiyu/airflow_venv/lib/python3.9/site-packages/airflow/example_dags/tutorial_taskflow_api.py took 0.256 seconds
