[2025-01-03T21:28:27.846+0100] {processor.py:186} INFO - Started process (PID=77810) to work on /Users/azeez.ganiyu/airflow_venv/lib/python3.9/site-packages/airflow/example_dags/tutorial_dag.py
[2025-01-03T21:28:27.852+0100] {processor.py:914} INFO - Processing file /Users/azeez.ganiyu/airflow_venv/lib/python3.9/site-packages/airflow/example_dags/tutorial_dag.py for tasks to queue
[2025-01-03T21:28:27.853+0100] {logging_mixin.py:190} INFO - [2025-01-03T21:28:27.853+0100] {dagbag.py:588} INFO - Filling up the DagBag from /Users/azeez.ganiyu/airflow_venv/lib/python3.9/site-packages/airflow/example_dags/tutorial_dag.py
[2025-01-03T21:28:27.898+0100] {processor.py:925} INFO - DAG(s) 'tutorial_dag' retrieved from /Users/azeez.ganiyu/airflow_venv/lib/python3.9/site-packages/airflow/example_dags/tutorial_dag.py
[2025-01-03T21:28:28.180+0100] {logging_mixin.py:190} INFO - [2025-01-03T21:28:28.180+0100] {override.py:1912} INFO - Created Permission View: can read on DAG:tutorial_dag
[2025-01-03T21:28:28.193+0100] {logging_mixin.py:190} INFO - [2025-01-03T21:28:28.193+0100] {override.py:1912} INFO - Created Permission View: can edit on DAG:tutorial_dag
[2025-01-03T21:28:28.200+0100] {logging_mixin.py:190} INFO - [2025-01-03T21:28:28.200+0100] {override.py:1912} INFO - Created Permission View: can delete on DAG:tutorial_dag
[2025-01-03T21:28:28.214+0100] {logging_mixin.py:190} INFO - [2025-01-03T21:28:28.213+0100] {override.py:1912} INFO - Created Permission View: can read on DAG Run:tutorial_dag
[2025-01-03T21:28:28.223+0100] {logging_mixin.py:190} INFO - [2025-01-03T21:28:28.223+0100] {override.py:1912} INFO - Created Permission View: can create on DAG Run:tutorial_dag
[2025-01-03T21:28:28.230+0100] {logging_mixin.py:190} INFO - [2025-01-03T21:28:28.230+0100] {override.py:1912} INFO - Created Permission View: can delete on DAG Run:tutorial_dag
[2025-01-03T21:28:28.239+0100] {logging_mixin.py:190} INFO - [2025-01-03T21:28:28.239+0100] {override.py:1912} INFO - Created Permission View: menu access on DAG Run:tutorial_dag
[2025-01-03T21:28:28.240+0100] {logging_mixin.py:190} INFO - [2025-01-03T21:28:28.239+0100] {dag.py:3239} INFO - Sync 1 DAGs
[2025-01-03T21:28:28.251+0100] {logging_mixin.py:190} INFO - [2025-01-03T21:28:28.251+0100] {dag.py:3262} INFO - Creating ORM DAG for tutorial_dag
[2025-01-03T21:28:28.252+0100] {logging_mixin.py:190} INFO - [2025-01-03T21:28:28.252+0100] {dag.py:4180} INFO - Setting next_dagrun for tutorial_dag to None, run_after=None
[2025-01-03T21:28:28.274+0100] {processor.py:208} INFO - Processing /Users/azeez.ganiyu/airflow_venv/lib/python3.9/site-packages/airflow/example_dags/tutorial_dag.py took 0.435 seconds
[2025-01-03T21:32:18.155+0100] {processor.py:186} INFO - Started process (PID=79189) to work on /Users/azeez.ganiyu/airflow_venv/lib/python3.9/site-packages/airflow/example_dags/tutorial_dag.py
[2025-01-03T21:32:18.160+0100] {processor.py:914} INFO - Processing file /Users/azeez.ganiyu/airflow_venv/lib/python3.9/site-packages/airflow/example_dags/tutorial_dag.py for tasks to queue
[2025-01-03T21:32:18.161+0100] {logging_mixin.py:190} INFO - [2025-01-03T21:32:18.161+0100] {dagbag.py:588} INFO - Filling up the DagBag from /Users/azeez.ganiyu/airflow_venv/lib/python3.9/site-packages/airflow/example_dags/tutorial_dag.py
[2025-01-03T21:32:18.198+0100] {processor.py:925} INFO - DAG(s) 'tutorial_dag' retrieved from /Users/azeez.ganiyu/airflow_venv/lib/python3.9/site-packages/airflow/example_dags/tutorial_dag.py
[2025-01-03T21:32:18.330+0100] {logging_mixin.py:190} INFO - [2025-01-03T21:32:18.330+0100] {dag.py:3239} INFO - Sync 1 DAGs
[2025-01-03T21:32:18.339+0100] {logging_mixin.py:190} INFO - [2025-01-03T21:32:18.339+0100] {dag.py:4180} INFO - Setting next_dagrun for tutorial_dag to None, run_after=None
[2025-01-03T21:32:18.359+0100] {processor.py:208} INFO - Processing /Users/azeez.ganiyu/airflow_venv/lib/python3.9/site-packages/airflow/example_dags/tutorial_dag.py took 0.212 seconds
[2025-01-03T21:36:11.023+0100] {processor.py:186} INFO - Started process (PID=81035) to work on /Users/azeez.ganiyu/airflow_venv/lib/python3.9/site-packages/airflow/example_dags/tutorial_dag.py
[2025-01-03T21:36:11.028+0100] {processor.py:914} INFO - Processing file /Users/azeez.ganiyu/airflow_venv/lib/python3.9/site-packages/airflow/example_dags/tutorial_dag.py for tasks to queue
[2025-01-03T21:36:11.029+0100] {logging_mixin.py:190} INFO - [2025-01-03T21:36:11.028+0100] {dagbag.py:588} INFO - Filling up the DagBag from /Users/azeez.ganiyu/airflow_venv/lib/python3.9/site-packages/airflow/example_dags/tutorial_dag.py
[2025-01-03T21:36:11.073+0100] {processor.py:925} INFO - DAG(s) 'tutorial_dag' retrieved from /Users/azeez.ganiyu/airflow_venv/lib/python3.9/site-packages/airflow/example_dags/tutorial_dag.py
[2025-01-03T21:36:11.224+0100] {logging_mixin.py:190} INFO - [2025-01-03T21:36:11.224+0100] {dag.py:3239} INFO - Sync 1 DAGs
[2025-01-03T21:36:11.235+0100] {logging_mixin.py:190} INFO - [2025-01-03T21:36:11.235+0100] {dag.py:4180} INFO - Setting next_dagrun for tutorial_dag to None, run_after=None
[2025-01-03T21:36:11.258+0100] {processor.py:208} INFO - Processing /Users/azeez.ganiyu/airflow_venv/lib/python3.9/site-packages/airflow/example_dags/tutorial_dag.py took 0.242 seconds
[2025-01-03T21:39:25.443+0100] {processor.py:186} INFO - Started process (PID=82104) to work on /Users/azeez.ganiyu/airflow_venv/lib/python3.9/site-packages/airflow/example_dags/tutorial_dag.py
[2025-01-03T21:39:25.447+0100] {processor.py:914} INFO - Processing file /Users/azeez.ganiyu/airflow_venv/lib/python3.9/site-packages/airflow/example_dags/tutorial_dag.py for tasks to queue
[2025-01-03T21:39:25.448+0100] {logging_mixin.py:190} INFO - [2025-01-03T21:39:25.448+0100] {dagbag.py:588} INFO - Filling up the DagBag from /Users/azeez.ganiyu/airflow_venv/lib/python3.9/site-packages/airflow/example_dags/tutorial_dag.py
[2025-01-03T21:39:25.487+0100] {processor.py:925} INFO - DAG(s) 'tutorial_dag' retrieved from /Users/azeez.ganiyu/airflow_venv/lib/python3.9/site-packages/airflow/example_dags/tutorial_dag.py
[2025-01-03T21:39:25.623+0100] {logging_mixin.py:190} INFO - [2025-01-03T21:39:25.622+0100] {dag.py:3239} INFO - Sync 1 DAGs
[2025-01-03T21:39:25.632+0100] {logging_mixin.py:190} INFO - [2025-01-03T21:39:25.632+0100] {dag.py:4180} INFO - Setting next_dagrun for tutorial_dag to None, run_after=None
[2025-01-03T21:39:25.651+0100] {processor.py:208} INFO - Processing /Users/azeez.ganiyu/airflow_venv/lib/python3.9/site-packages/airflow/example_dags/tutorial_dag.py took 0.216 seconds
[2025-01-03T21:42:30.728+0100] {processor.py:186} INFO - Started process (PID=83861) to work on /Users/azeez.ganiyu/airflow_venv/lib/python3.9/site-packages/airflow/example_dags/tutorial_dag.py
[2025-01-03T21:42:30.733+0100] {processor.py:914} INFO - Processing file /Users/azeez.ganiyu/airflow_venv/lib/python3.9/site-packages/airflow/example_dags/tutorial_dag.py for tasks to queue
[2025-01-03T21:42:30.734+0100] {logging_mixin.py:190} INFO - [2025-01-03T21:42:30.734+0100] {dagbag.py:588} INFO - Filling up the DagBag from /Users/azeez.ganiyu/airflow_venv/lib/python3.9/site-packages/airflow/example_dags/tutorial_dag.py
[2025-01-03T21:42:30.780+0100] {processor.py:925} INFO - DAG(s) 'tutorial_dag' retrieved from /Users/azeez.ganiyu/airflow_venv/lib/python3.9/site-packages/airflow/example_dags/tutorial_dag.py
[2025-01-03T21:42:30.949+0100] {logging_mixin.py:190} INFO - [2025-01-03T21:42:30.948+0100] {dag.py:3239} INFO - Sync 1 DAGs
[2025-01-03T21:42:30.961+0100] {logging_mixin.py:190} INFO - [2025-01-03T21:42:30.960+0100] {dag.py:4180} INFO - Setting next_dagrun for tutorial_dag to None, run_after=None
[2025-01-03T21:42:30.982+0100] {processor.py:208} INFO - Processing /Users/azeez.ganiyu/airflow_venv/lib/python3.9/site-packages/airflow/example_dags/tutorial_dag.py took 0.261 seconds
[2025-01-03T21:45:37.421+0100] {processor.py:186} INFO - Started process (PID=84980) to work on /Users/azeez.ganiyu/airflow_venv/lib/python3.9/site-packages/airflow/example_dags/tutorial_dag.py
[2025-01-03T21:45:37.426+0100] {processor.py:914} INFO - Processing file /Users/azeez.ganiyu/airflow_venv/lib/python3.9/site-packages/airflow/example_dags/tutorial_dag.py for tasks to queue
[2025-01-03T21:45:37.427+0100] {logging_mixin.py:190} INFO - [2025-01-03T21:45:37.427+0100] {dagbag.py:588} INFO - Filling up the DagBag from /Users/azeez.ganiyu/airflow_venv/lib/python3.9/site-packages/airflow/example_dags/tutorial_dag.py
[2025-01-03T21:45:37.467+0100] {processor.py:925} INFO - DAG(s) 'tutorial_dag' retrieved from /Users/azeez.ganiyu/airflow_venv/lib/python3.9/site-packages/airflow/example_dags/tutorial_dag.py
[2025-01-03T21:45:37.608+0100] {logging_mixin.py:190} INFO - [2025-01-03T21:45:37.608+0100] {dag.py:3239} INFO - Sync 1 DAGs
[2025-01-03T21:45:37.618+0100] {logging_mixin.py:190} INFO - [2025-01-03T21:45:37.618+0100] {dag.py:4180} INFO - Setting next_dagrun for tutorial_dag to None, run_after=None
[2025-01-03T21:45:37.639+0100] {processor.py:208} INFO - Processing /Users/azeez.ganiyu/airflow_venv/lib/python3.9/site-packages/airflow/example_dags/tutorial_dag.py took 0.225 seconds
[2025-01-03T21:48:53.907+0100] {processor.py:186} INFO - Started process (PID=86619) to work on /Users/azeez.ganiyu/airflow_venv/lib/python3.9/site-packages/airflow/example_dags/tutorial_dag.py
[2025-01-03T21:48:53.912+0100] {processor.py:914} INFO - Processing file /Users/azeez.ganiyu/airflow_venv/lib/python3.9/site-packages/airflow/example_dags/tutorial_dag.py for tasks to queue
[2025-01-03T21:48:53.913+0100] {logging_mixin.py:190} INFO - [2025-01-03T21:48:53.913+0100] {dagbag.py:588} INFO - Filling up the DagBag from /Users/azeez.ganiyu/airflow_venv/lib/python3.9/site-packages/airflow/example_dags/tutorial_dag.py
[2025-01-03T21:48:53.951+0100] {processor.py:925} INFO - DAG(s) 'tutorial_dag' retrieved from /Users/azeez.ganiyu/airflow_venv/lib/python3.9/site-packages/airflow/example_dags/tutorial_dag.py
[2025-01-03T21:48:54.092+0100] {logging_mixin.py:190} INFO - [2025-01-03T21:48:54.091+0100] {dag.py:3239} INFO - Sync 1 DAGs
[2025-01-03T21:48:54.102+0100] {logging_mixin.py:190} INFO - [2025-01-03T21:48:54.101+0100] {dag.py:4180} INFO - Setting next_dagrun for tutorial_dag to None, run_after=None
[2025-01-03T21:48:54.122+0100] {processor.py:208} INFO - Processing /Users/azeez.ganiyu/airflow_venv/lib/python3.9/site-packages/airflow/example_dags/tutorial_dag.py took 0.223 seconds
[2025-01-03T21:51:54.491+0100] {processor.py:186} INFO - Started process (PID=87646) to work on /Users/azeez.ganiyu/airflow_venv/lib/python3.9/site-packages/airflow/example_dags/tutorial_dag.py
[2025-01-03T21:51:54.496+0100] {processor.py:914} INFO - Processing file /Users/azeez.ganiyu/airflow_venv/lib/python3.9/site-packages/airflow/example_dags/tutorial_dag.py for tasks to queue
[2025-01-03T21:51:54.498+0100] {logging_mixin.py:190} INFO - [2025-01-03T21:51:54.497+0100] {dagbag.py:588} INFO - Filling up the DagBag from /Users/azeez.ganiyu/airflow_venv/lib/python3.9/site-packages/airflow/example_dags/tutorial_dag.py
[2025-01-03T21:51:54.542+0100] {processor.py:925} INFO - DAG(s) 'tutorial_dag' retrieved from /Users/azeez.ganiyu/airflow_venv/lib/python3.9/site-packages/airflow/example_dags/tutorial_dag.py
[2025-01-03T21:51:54.678+0100] {logging_mixin.py:190} INFO - [2025-01-03T21:51:54.677+0100] {dag.py:3239} INFO - Sync 1 DAGs
[2025-01-03T21:51:54.687+0100] {logging_mixin.py:190} INFO - [2025-01-03T21:51:54.686+0100] {dag.py:4180} INFO - Setting next_dagrun for tutorial_dag to None, run_after=None
[2025-01-03T21:51:54.706+0100] {processor.py:208} INFO - Processing /Users/azeez.ganiyu/airflow_venv/lib/python3.9/site-packages/airflow/example_dags/tutorial_dag.py took 0.223 seconds
