[2025-01-03T21:28:31.610+0100] {processor.py:186} INFO - Started process (PID=77826) to work on /Users/azeez.ganiyu/airflow_venv/lib/python3.9/site-packages/airflow/example_dags/tutorial.py
[2025-01-03T21:28:31.616+0100] {processor.py:914} INFO - Processing file /Users/azeez.ganiyu/airflow_venv/lib/python3.9/site-packages/airflow/example_dags/tutorial.py for tasks to queue
[2025-01-03T21:28:31.617+0100] {logging_mixin.py:190} INFO - [2025-01-03T21:28:31.617+0100] {dagbag.py:588} INFO - Filling up the DagBag from /Users/azeez.ganiyu/airflow_venv/lib/python3.9/site-packages/airflow/example_dags/tutorial.py
[2025-01-03T21:28:31.635+0100] {processor.py:925} INFO - DAG(s) 'tutorial' retrieved from /Users/azeez.ganiyu/airflow_venv/lib/python3.9/site-packages/airflow/example_dags/tutorial.py
[2025-01-03T21:28:31.921+0100] {logging_mixin.py:190} INFO - [2025-01-03T21:28:31.920+0100] {override.py:1912} INFO - Created Permission View: can edit on DAG:tutorial
[2025-01-03T21:28:31.934+0100] {logging_mixin.py:190} INFO - [2025-01-03T21:28:31.933+0100] {override.py:1912} INFO - Created Permission View: can delete on DAG:tutorial
[2025-01-03T21:28:31.944+0100] {logging_mixin.py:190} INFO - [2025-01-03T21:28:31.944+0100] {override.py:1912} INFO - Created Permission View: can read on DAG:tutorial
[2025-01-03T21:28:31.958+0100] {logging_mixin.py:190} INFO - [2025-01-03T21:28:31.958+0100] {override.py:1912} INFO - Created Permission View: menu access on DAG Run:tutorial
[2025-01-03T21:28:31.968+0100] {logging_mixin.py:190} INFO - [2025-01-03T21:28:31.968+0100] {override.py:1912} INFO - Created Permission View: can delete on DAG Run:tutorial
[2025-01-03T21:28:31.975+0100] {logging_mixin.py:190} INFO - [2025-01-03T21:28:31.975+0100] {override.py:1912} INFO - Created Permission View: can create on DAG Run:tutorial
[2025-01-03T21:28:31.985+0100] {logging_mixin.py:190} INFO - [2025-01-03T21:28:31.985+0100] {override.py:1912} INFO - Created Permission View: can read on DAG Run:tutorial
[2025-01-03T21:28:31.986+0100] {logging_mixin.py:190} INFO - [2025-01-03T21:28:31.986+0100] {dag.py:3239} INFO - Sync 1 DAGs
[2025-01-03T21:28:31.997+0100] {logging_mixin.py:190} INFO - [2025-01-03T21:28:31.997+0100] {dag.py:3262} INFO - Creating ORM DAG for tutorial
[2025-01-03T21:28:32.008+0100] {logging_mixin.py:190} INFO - [2025-01-03T21:28:32.008+0100] {dag.py:4180} INFO - Setting next_dagrun for tutorial to 2025-01-02 00:00:00+00:00, run_after=2025-01-03 00:00:00+00:00
[2025-01-03T21:28:32.031+0100] {processor.py:208} INFO - Processing /Users/azeez.ganiyu/airflow_venv/lib/python3.9/site-packages/airflow/example_dags/tutorial.py took 0.429 seconds
[2025-01-03T21:32:21.795+0100] {processor.py:186} INFO - Started process (PID=79201) to work on /Users/azeez.ganiyu/airflow_venv/lib/python3.9/site-packages/airflow/example_dags/tutorial.py
[2025-01-03T21:32:21.800+0100] {processor.py:914} INFO - Processing file /Users/azeez.ganiyu/airflow_venv/lib/python3.9/site-packages/airflow/example_dags/tutorial.py for tasks to queue
[2025-01-03T21:32:21.801+0100] {logging_mixin.py:190} INFO - [2025-01-03T21:32:21.801+0100] {dagbag.py:588} INFO - Filling up the DagBag from /Users/azeez.ganiyu/airflow_venv/lib/python3.9/site-packages/airflow/example_dags/tutorial.py
[2025-01-03T21:32:21.817+0100] {processor.py:925} INFO - DAG(s) 'tutorial' retrieved from /Users/azeez.ganiyu/airflow_venv/lib/python3.9/site-packages/airflow/example_dags/tutorial.py
[2025-01-03T21:32:21.992+0100] {logging_mixin.py:190} INFO - [2025-01-03T21:32:21.992+0100] {dag.py:3239} INFO - Sync 1 DAGs
[2025-01-03T21:32:22.015+0100] {logging_mixin.py:190} INFO - [2025-01-03T21:32:22.014+0100] {dag.py:4180} INFO - Setting next_dagrun for tutorial to 2025-01-02 00:00:00+00:00, run_after=2025-01-03 00:00:00+00:00
[2025-01-03T21:32:22.039+0100] {processor.py:208} INFO - Processing /Users/azeez.ganiyu/airflow_venv/lib/python3.9/site-packages/airflow/example_dags/tutorial.py took 0.253 seconds
[2025-01-03T21:36:14.938+0100] {processor.py:186} INFO - Started process (PID=81052) to work on /Users/azeez.ganiyu/airflow_venv/lib/python3.9/site-packages/airflow/example_dags/tutorial.py
[2025-01-03T21:36:14.942+0100] {processor.py:914} INFO - Processing file /Users/azeez.ganiyu/airflow_venv/lib/python3.9/site-packages/airflow/example_dags/tutorial.py for tasks to queue
[2025-01-03T21:36:14.943+0100] {logging_mixin.py:190} INFO - [2025-01-03T21:36:14.943+0100] {dagbag.py:588} INFO - Filling up the DagBag from /Users/azeez.ganiyu/airflow_venv/lib/python3.9/site-packages/airflow/example_dags/tutorial.py
[2025-01-03T21:36:14.959+0100] {processor.py:925} INFO - DAG(s) 'tutorial' retrieved from /Users/azeez.ganiyu/airflow_venv/lib/python3.9/site-packages/airflow/example_dags/tutorial.py
[2025-01-03T21:36:15.096+0100] {logging_mixin.py:190} INFO - [2025-01-03T21:36:15.095+0100] {dag.py:3239} INFO - Sync 1 DAGs
[2025-01-03T21:36:15.114+0100] {logging_mixin.py:190} INFO - [2025-01-03T21:36:15.114+0100] {dag.py:4180} INFO - Setting next_dagrun for tutorial to 2025-01-02 00:00:00+00:00, run_after=2025-01-03 00:00:00+00:00
[2025-01-03T21:36:15.135+0100] {processor.py:208} INFO - Processing /Users/azeez.ganiyu/airflow_venv/lib/python3.9/site-packages/airflow/example_dags/tutorial.py took 0.204 seconds
[2025-01-03T21:39:29.071+0100] {processor.py:186} INFO - Started process (PID=82126) to work on /Users/azeez.ganiyu/airflow_venv/lib/python3.9/site-packages/airflow/example_dags/tutorial.py
[2025-01-03T21:39:29.075+0100] {processor.py:914} INFO - Processing file /Users/azeez.ganiyu/airflow_venv/lib/python3.9/site-packages/airflow/example_dags/tutorial.py for tasks to queue
[2025-01-03T21:39:29.076+0100] {logging_mixin.py:190} INFO - [2025-01-03T21:39:29.076+0100] {dagbag.py:588} INFO - Filling up the DagBag from /Users/azeez.ganiyu/airflow_venv/lib/python3.9/site-packages/airflow/example_dags/tutorial.py
[2025-01-03T21:39:29.092+0100] {processor.py:925} INFO - DAG(s) 'tutorial' retrieved from /Users/azeez.ganiyu/airflow_venv/lib/python3.9/site-packages/airflow/example_dags/tutorial.py
[2025-01-03T21:39:29.229+0100] {logging_mixin.py:190} INFO - [2025-01-03T21:39:29.229+0100] {dag.py:3239} INFO - Sync 1 DAGs
[2025-01-03T21:39:29.246+0100] {logging_mixin.py:190} INFO - [2025-01-03T21:39:29.246+0100] {dag.py:4180} INFO - Setting next_dagrun for tutorial to 2025-01-02 00:00:00+00:00, run_after=2025-01-03 00:00:00+00:00
[2025-01-03T21:39:29.266+0100] {processor.py:208} INFO - Processing /Users/azeez.ganiyu/airflow_venv/lib/python3.9/site-packages/airflow/example_dags/tutorial.py took 0.202 seconds
[2025-01-03T21:42:34.580+0100] {processor.py:186} INFO - Started process (PID=83883) to work on /Users/azeez.ganiyu/airflow_venv/lib/python3.9/site-packages/airflow/example_dags/tutorial.py
[2025-01-03T21:42:34.584+0100] {processor.py:914} INFO - Processing file /Users/azeez.ganiyu/airflow_venv/lib/python3.9/site-packages/airflow/example_dags/tutorial.py for tasks to queue
[2025-01-03T21:42:34.585+0100] {logging_mixin.py:190} INFO - [2025-01-03T21:42:34.585+0100] {dagbag.py:588} INFO - Filling up the DagBag from /Users/azeez.ganiyu/airflow_venv/lib/python3.9/site-packages/airflow/example_dags/tutorial.py
[2025-01-03T21:42:34.599+0100] {processor.py:925} INFO - DAG(s) 'tutorial' retrieved from /Users/azeez.ganiyu/airflow_venv/lib/python3.9/site-packages/airflow/example_dags/tutorial.py
[2025-01-03T21:42:34.749+0100] {logging_mixin.py:190} INFO - [2025-01-03T21:42:34.749+0100] {dag.py:3239} INFO - Sync 1 DAGs
[2025-01-03T21:42:34.770+0100] {logging_mixin.py:190} INFO - [2025-01-03T21:42:34.770+0100] {dag.py:4180} INFO - Setting next_dagrun for tutorial to 2025-01-02 00:00:00+00:00, run_after=2025-01-03 00:00:00+00:00
[2025-01-03T21:42:34.791+0100] {processor.py:208} INFO - Processing /Users/azeez.ganiyu/airflow_venv/lib/python3.9/site-packages/airflow/example_dags/tutorial.py took 0.218 seconds
[2025-01-03T21:45:41.067+0100] {processor.py:186} INFO - Started process (PID=85002) to work on /Users/azeez.ganiyu/airflow_venv/lib/python3.9/site-packages/airflow/example_dags/tutorial.py
[2025-01-03T21:45:41.074+0100] {processor.py:914} INFO - Processing file /Users/azeez.ganiyu/airflow_venv/lib/python3.9/site-packages/airflow/example_dags/tutorial.py for tasks to queue
[2025-01-03T21:45:41.076+0100] {logging_mixin.py:190} INFO - [2025-01-03T21:45:41.076+0100] {dagbag.py:588} INFO - Filling up the DagBag from /Users/azeez.ganiyu/airflow_venv/lib/python3.9/site-packages/airflow/example_dags/tutorial.py
[2025-01-03T21:45:41.093+0100] {processor.py:925} INFO - DAG(s) 'tutorial' retrieved from /Users/azeez.ganiyu/airflow_venv/lib/python3.9/site-packages/airflow/example_dags/tutorial.py
[2025-01-03T21:45:41.236+0100] {logging_mixin.py:190} INFO - [2025-01-03T21:45:41.236+0100] {dag.py:3239} INFO - Sync 1 DAGs
[2025-01-03T21:45:41.254+0100] {logging_mixin.py:190} INFO - [2025-01-03T21:45:41.254+0100] {dag.py:4180} INFO - Setting next_dagrun for tutorial to 2025-01-02 00:00:00+00:00, run_after=2025-01-03 00:00:00+00:00
[2025-01-03T21:45:41.276+0100] {processor.py:208} INFO - Processing /Users/azeez.ganiyu/airflow_venv/lib/python3.9/site-packages/airflow/example_dags/tutorial.py took 0.217 seconds
[2025-01-03T21:48:57.719+0100] {processor.py:186} INFO - Started process (PID=86642) to work on /Users/azeez.ganiyu/airflow_venv/lib/python3.9/site-packages/airflow/example_dags/tutorial.py
[2025-01-03T21:48:57.724+0100] {processor.py:914} INFO - Processing file /Users/azeez.ganiyu/airflow_venv/lib/python3.9/site-packages/airflow/example_dags/tutorial.py for tasks to queue
[2025-01-03T21:48:57.725+0100] {logging_mixin.py:190} INFO - [2025-01-03T21:48:57.725+0100] {dagbag.py:588} INFO - Filling up the DagBag from /Users/azeez.ganiyu/airflow_venv/lib/python3.9/site-packages/airflow/example_dags/tutorial.py
[2025-01-03T21:48:57.741+0100] {processor.py:925} INFO - DAG(s) 'tutorial' retrieved from /Users/azeez.ganiyu/airflow_venv/lib/python3.9/site-packages/airflow/example_dags/tutorial.py
[2025-01-03T21:48:57.943+0100] {logging_mixin.py:190} INFO - [2025-01-03T21:48:57.942+0100] {dag.py:3239} INFO - Sync 1 DAGs
[2025-01-03T21:48:57.969+0100] {logging_mixin.py:190} INFO - [2025-01-03T21:48:57.969+0100] {dag.py:4180} INFO - Setting next_dagrun for tutorial to 2025-01-02 00:00:00+00:00, run_after=2025-01-03 00:00:00+00:00
[2025-01-03T21:48:57.995+0100] {processor.py:208} INFO - Processing /Users/azeez.ganiyu/airflow_venv/lib/python3.9/site-packages/airflow/example_dags/tutorial.py took 0.284 seconds
[2025-01-03T21:51:57.134+0100] {processor.py:186} INFO - Started process (PID=87668) to work on /Users/azeez.ganiyu/airflow_venv/lib/python3.9/site-packages/airflow/example_dags/tutorial.py
[2025-01-03T21:51:57.139+0100] {processor.py:914} INFO - Processing file /Users/azeez.ganiyu/airflow_venv/lib/python3.9/site-packages/airflow/example_dags/tutorial.py for tasks to queue
[2025-01-03T21:51:57.140+0100] {logging_mixin.py:190} INFO - [2025-01-03T21:51:57.139+0100] {dagbag.py:588} INFO - Filling up the DagBag from /Users/azeez.ganiyu/airflow_venv/lib/python3.9/site-packages/airflow/example_dags/tutorial.py
[2025-01-03T21:51:57.155+0100] {processor.py:925} INFO - DAG(s) 'tutorial' retrieved from /Users/azeez.ganiyu/airflow_venv/lib/python3.9/site-packages/airflow/example_dags/tutorial.py
[2025-01-03T21:51:57.294+0100] {logging_mixin.py:190} INFO - [2025-01-03T21:51:57.294+0100] {dag.py:3239} INFO - Sync 1 DAGs
[2025-01-03T21:51:57.313+0100] {logging_mixin.py:190} INFO - [2025-01-03T21:51:57.313+0100] {dag.py:4180} INFO - Setting next_dagrun for tutorial to 2025-01-02 00:00:00+00:00, run_after=2025-01-03 00:00:00+00:00
[2025-01-03T21:51:57.334+0100] {processor.py:208} INFO - Processing /Users/azeez.ganiyu/airflow_venv/lib/python3.9/site-packages/airflow/example_dags/tutorial.py took 0.208 seconds
