[2025-01-03T21:28:23.640+0100] {processor.py:186} INFO - Started process (PID=77798) to work on /Users/azeez.ganiyu/airflow_venv/lib/python3.9/site-packages/airflow/example_dags/tutorial_objectstorage.py
[2025-01-03T21:28:23.645+0100] {processor.py:914} INFO - Processing file /Users/azeez.ganiyu/airflow_venv/lib/python3.9/site-packages/airflow/example_dags/tutorial_objectstorage.py for tasks to queue
[2025-01-03T21:28:23.647+0100] {logging_mixin.py:190} INFO - [2025-01-03T21:28:23.646+0100] {dagbag.py:588} INFO - Filling up the DagBag from /Users/azeez.ganiyu/airflow_venv/lib/python3.9/site-packages/airflow/example_dags/tutorial_objectstorage.py
[2025-01-03T21:28:23.705+0100] {processor.py:925} INFO - DAG(s) 'tutorial_objectstorage' retrieved from /Users/azeez.ganiyu/airflow_venv/lib/python3.9/site-packages/airflow/example_dags/tutorial_objectstorage.py
[2025-01-03T21:28:23.988+0100] {logging_mixin.py:190} INFO - [2025-01-03T21:28:23.987+0100] {override.py:1912} INFO - Created Permission View: can read on DAG:tutorial_objectstorage
[2025-01-03T21:28:24.000+0100] {logging_mixin.py:190} INFO - [2025-01-03T21:28:24.000+0100] {override.py:1912} INFO - Created Permission View: can edit on DAG:tutorial_objectstorage
[2025-01-03T21:28:24.009+0100] {logging_mixin.py:190} INFO - [2025-01-03T21:28:24.009+0100] {override.py:1912} INFO - Created Permission View: can delete on DAG:tutorial_objectstorage
[2025-01-03T21:28:24.022+0100] {logging_mixin.py:190} INFO - [2025-01-03T21:28:24.021+0100] {override.py:1912} INFO - Created Permission View: can create on DAG Run:tutorial_objectstorage
[2025-01-03T21:28:24.029+0100] {logging_mixin.py:190} INFO - [2025-01-03T21:28:24.029+0100] {override.py:1912} INFO - Created Permission View: can read on DAG Run:tutorial_objectstorage
[2025-01-03T21:28:24.038+0100] {logging_mixin.py:190} INFO - [2025-01-03T21:28:24.038+0100] {override.py:1912} INFO - Created Permission View: can delete on DAG Run:tutorial_objectstorage
[2025-01-03T21:28:24.045+0100] {logging_mixin.py:190} INFO - [2025-01-03T21:28:24.045+0100] {override.py:1912} INFO - Created Permission View: menu access on DAG Run:tutorial_objectstorage
[2025-01-03T21:28:24.046+0100] {logging_mixin.py:190} INFO - [2025-01-03T21:28:24.046+0100] {dag.py:3239} INFO - Sync 1 DAGs
[2025-01-03T21:28:24.059+0100] {logging_mixin.py:190} INFO - [2025-01-03T21:28:24.059+0100] {dag.py:3262} INFO - Creating ORM DAG for tutorial_objectstorage
[2025-01-03T21:28:24.060+0100] {logging_mixin.py:190} INFO - [2025-01-03T21:28:24.060+0100] {dag.py:4180} INFO - Setting next_dagrun for tutorial_objectstorage to None, run_after=None
[2025-01-03T21:28:24.079+0100] {processor.py:208} INFO - Processing /Users/azeez.ganiyu/airflow_venv/lib/python3.9/site-packages/airflow/example_dags/tutorial_objectstorage.py took 0.447 seconds
[2025-01-03T21:32:14.243+0100] {processor.py:186} INFO - Started process (PID=79180) to work on /Users/azeez.ganiyu/airflow_venv/lib/python3.9/site-packages/airflow/example_dags/tutorial_objectstorage.py
[2025-01-03T21:32:14.249+0100] {processor.py:914} INFO - Processing file /Users/azeez.ganiyu/airflow_venv/lib/python3.9/site-packages/airflow/example_dags/tutorial_objectstorage.py for tasks to queue
[2025-01-03T21:32:14.250+0100] {logging_mixin.py:190} INFO - [2025-01-03T21:32:14.250+0100] {dagbag.py:588} INFO - Filling up the DagBag from /Users/azeez.ganiyu/airflow_venv/lib/python3.9/site-packages/airflow/example_dags/tutorial_objectstorage.py
[2025-01-03T21:32:14.305+0100] {processor.py:925} INFO - DAG(s) 'tutorial_objectstorage' retrieved from /Users/azeez.ganiyu/airflow_venv/lib/python3.9/site-packages/airflow/example_dags/tutorial_objectstorage.py
[2025-01-03T21:32:14.452+0100] {logging_mixin.py:190} INFO - [2025-01-03T21:32:14.451+0100] {dag.py:3239} INFO - Sync 1 DAGs
[2025-01-03T21:32:14.462+0100] {logging_mixin.py:190} INFO - [2025-01-03T21:32:14.462+0100] {dag.py:4180} INFO - Setting next_dagrun for tutorial_objectstorage to None, run_after=None
[2025-01-03T21:32:14.482+0100] {processor.py:208} INFO - Processing /Users/azeez.ganiyu/airflow_venv/lib/python3.9/site-packages/airflow/example_dags/tutorial_objectstorage.py took 0.246 seconds
[2025-01-03T21:36:07.260+0100] {processor.py:186} INFO - Started process (PID=81009) to work on /Users/azeez.ganiyu/airflow_venv/lib/python3.9/site-packages/airflow/example_dags/tutorial_objectstorage.py
[2025-01-03T21:36:07.269+0100] {processor.py:914} INFO - Processing file /Users/azeez.ganiyu/airflow_venv/lib/python3.9/site-packages/airflow/example_dags/tutorial_objectstorage.py for tasks to queue
[2025-01-03T21:36:07.272+0100] {logging_mixin.py:190} INFO - [2025-01-03T21:36:07.271+0100] {dagbag.py:588} INFO - Filling up the DagBag from /Users/azeez.ganiyu/airflow_venv/lib/python3.9/site-packages/airflow/example_dags/tutorial_objectstorage.py
[2025-01-03T21:36:07.347+0100] {processor.py:925} INFO - DAG(s) 'tutorial_objectstorage' retrieved from /Users/azeez.ganiyu/airflow_venv/lib/python3.9/site-packages/airflow/example_dags/tutorial_objectstorage.py
[2025-01-03T21:36:07.499+0100] {logging_mixin.py:190} INFO - [2025-01-03T21:36:07.499+0100] {dag.py:3239} INFO - Sync 1 DAGs
[2025-01-03T21:36:07.509+0100] {logging_mixin.py:190} INFO - [2025-01-03T21:36:07.509+0100] {dag.py:4180} INFO - Setting next_dagrun for tutorial_objectstorage to None, run_after=None
[2025-01-03T21:36:07.530+0100] {processor.py:208} INFO - Processing /Users/azeez.ganiyu/airflow_venv/lib/python3.9/site-packages/airflow/example_dags/tutorial_objectstorage.py took 0.282 seconds
[2025-01-03T21:39:21.708+0100] {processor.py:186} INFO - Started process (PID=82082) to work on /Users/azeez.ganiyu/airflow_venv/lib/python3.9/site-packages/airflow/example_dags/tutorial_objectstorage.py
[2025-01-03T21:39:21.713+0100] {processor.py:914} INFO - Processing file /Users/azeez.ganiyu/airflow_venv/lib/python3.9/site-packages/airflow/example_dags/tutorial_objectstorage.py for tasks to queue
[2025-01-03T21:39:21.714+0100] {logging_mixin.py:190} INFO - [2025-01-03T21:39:21.714+0100] {dagbag.py:588} INFO - Filling up the DagBag from /Users/azeez.ganiyu/airflow_venv/lib/python3.9/site-packages/airflow/example_dags/tutorial_objectstorage.py
[2025-01-03T21:39:21.769+0100] {processor.py:925} INFO - DAG(s) 'tutorial_objectstorage' retrieved from /Users/azeez.ganiyu/airflow_venv/lib/python3.9/site-packages/airflow/example_dags/tutorial_objectstorage.py
[2025-01-03T21:39:21.904+0100] {logging_mixin.py:190} INFO - [2025-01-03T21:39:21.903+0100] {dag.py:3239} INFO - Sync 1 DAGs
[2025-01-03T21:39:21.913+0100] {logging_mixin.py:190} INFO - [2025-01-03T21:39:21.913+0100] {dag.py:4180} INFO - Setting next_dagrun for tutorial_objectstorage to None, run_after=None
[2025-01-03T21:39:21.933+0100] {processor.py:208} INFO - Processing /Users/azeez.ganiyu/airflow_venv/lib/python3.9/site-packages/airflow/example_dags/tutorial_objectstorage.py took 0.233 seconds
[2025-01-03T21:42:26.861+0100] {processor.py:186} INFO - Started process (PID=83838) to work on /Users/azeez.ganiyu/airflow_venv/lib/python3.9/site-packages/airflow/example_dags/tutorial_objectstorage.py
[2025-01-03T21:42:26.866+0100] {processor.py:914} INFO - Processing file /Users/azeez.ganiyu/airflow_venv/lib/python3.9/site-packages/airflow/example_dags/tutorial_objectstorage.py for tasks to queue
[2025-01-03T21:42:26.867+0100] {logging_mixin.py:190} INFO - [2025-01-03T21:42:26.867+0100] {dagbag.py:588} INFO - Filling up the DagBag from /Users/azeez.ganiyu/airflow_venv/lib/python3.9/site-packages/airflow/example_dags/tutorial_objectstorage.py
[2025-01-03T21:42:26.923+0100] {processor.py:925} INFO - DAG(s) 'tutorial_objectstorage' retrieved from /Users/azeez.ganiyu/airflow_venv/lib/python3.9/site-packages/airflow/example_dags/tutorial_objectstorage.py
[2025-01-03T21:42:27.065+0100] {logging_mixin.py:190} INFO - [2025-01-03T21:42:27.065+0100] {dag.py:3239} INFO - Sync 1 DAGs
[2025-01-03T21:42:27.075+0100] {logging_mixin.py:190} INFO - [2025-01-03T21:42:27.075+0100] {dag.py:4180} INFO - Setting next_dagrun for tutorial_objectstorage to None, run_after=None
[2025-01-03T21:42:27.095+0100] {processor.py:208} INFO - Processing /Users/azeez.ganiyu/airflow_venv/lib/python3.9/site-packages/airflow/example_dags/tutorial_objectstorage.py took 0.242 seconds
[2025-01-03T21:45:34.152+0100] {processor.py:186} INFO - Started process (PID=84968) to work on /Users/azeez.ganiyu/airflow_venv/lib/python3.9/site-packages/airflow/example_dags/tutorial_objectstorage.py
[2025-01-03T21:45:34.158+0100] {processor.py:914} INFO - Processing file /Users/azeez.ganiyu/airflow_venv/lib/python3.9/site-packages/airflow/example_dags/tutorial_objectstorage.py for tasks to queue
[2025-01-03T21:45:34.159+0100] {logging_mixin.py:190} INFO - [2025-01-03T21:45:34.159+0100] {dagbag.py:588} INFO - Filling up the DagBag from /Users/azeez.ganiyu/airflow_venv/lib/python3.9/site-packages/airflow/example_dags/tutorial_objectstorage.py
[2025-01-03T21:45:34.214+0100] {processor.py:925} INFO - DAG(s) 'tutorial_objectstorage' retrieved from /Users/azeez.ganiyu/airflow_venv/lib/python3.9/site-packages/airflow/example_dags/tutorial_objectstorage.py
[2025-01-03T21:45:34.352+0100] {logging_mixin.py:190} INFO - [2025-01-03T21:45:34.351+0100] {dag.py:3239} INFO - Sync 1 DAGs
[2025-01-03T21:45:34.361+0100] {logging_mixin.py:190} INFO - [2025-01-03T21:45:34.361+0100] {dag.py:4180} INFO - Setting next_dagrun for tutorial_objectstorage to None, run_after=None
[2025-01-03T21:45:34.381+0100] {processor.py:208} INFO - Processing /Users/azeez.ganiyu/airflow_venv/lib/python3.9/site-packages/airflow/example_dags/tutorial_objectstorage.py took 0.236 seconds
[2025-01-03T21:48:49.739+0100] {processor.py:186} INFO - Started process (PID=86597) to work on /Users/azeez.ganiyu/airflow_venv/lib/python3.9/site-packages/airflow/example_dags/tutorial_objectstorage.py
[2025-01-03T21:48:49.743+0100] {processor.py:914} INFO - Processing file /Users/azeez.ganiyu/airflow_venv/lib/python3.9/site-packages/airflow/example_dags/tutorial_objectstorage.py for tasks to queue
[2025-01-03T21:48:49.744+0100] {logging_mixin.py:190} INFO - [2025-01-03T21:48:49.744+0100] {dagbag.py:588} INFO - Filling up the DagBag from /Users/azeez.ganiyu/airflow_venv/lib/python3.9/site-packages/airflow/example_dags/tutorial_objectstorage.py
[2025-01-03T21:48:49.805+0100] {processor.py:925} INFO - DAG(s) 'tutorial_objectstorage' retrieved from /Users/azeez.ganiyu/airflow_venv/lib/python3.9/site-packages/airflow/example_dags/tutorial_objectstorage.py
[2025-01-03T21:48:49.972+0100] {logging_mixin.py:190} INFO - [2025-01-03T21:48:49.972+0100] {dag.py:3239} INFO - Sync 1 DAGs
[2025-01-03T21:48:49.983+0100] {logging_mixin.py:190} INFO - [2025-01-03T21:48:49.982+0100] {dag.py:4180} INFO - Setting next_dagrun for tutorial_objectstorage to None, run_after=None
[2025-01-03T21:48:50.004+0100] {processor.py:208} INFO - Processing /Users/azeez.ganiyu/airflow_venv/lib/python3.9/site-packages/airflow/example_dags/tutorial_objectstorage.py took 0.274 seconds
[2025-01-03T21:51:51.407+0100] {processor.py:186} INFO - Started process (PID=87634) to work on /Users/azeez.ganiyu/airflow_venv/lib/python3.9/site-packages/airflow/example_dags/tutorial_objectstorage.py
[2025-01-03T21:51:51.411+0100] {processor.py:914} INFO - Processing file /Users/azeez.ganiyu/airflow_venv/lib/python3.9/site-packages/airflow/example_dags/tutorial_objectstorage.py for tasks to queue
[2025-01-03T21:51:51.412+0100] {logging_mixin.py:190} INFO - [2025-01-03T21:51:51.412+0100] {dagbag.py:588} INFO - Filling up the DagBag from /Users/azeez.ganiyu/airflow_venv/lib/python3.9/site-packages/airflow/example_dags/tutorial_objectstorage.py
[2025-01-03T21:51:51.474+0100] {processor.py:925} INFO - DAG(s) 'tutorial_objectstorage' retrieved from /Users/azeez.ganiyu/airflow_venv/lib/python3.9/site-packages/airflow/example_dags/tutorial_objectstorage.py
[2025-01-03T21:51:51.621+0100] {logging_mixin.py:190} INFO - [2025-01-03T21:51:51.621+0100] {dag.py:3239} INFO - Sync 1 DAGs
[2025-01-03T21:51:51.631+0100] {logging_mixin.py:190} INFO - [2025-01-03T21:51:51.631+0100] {dag.py:4180} INFO - Setting next_dagrun for tutorial_objectstorage to None, run_after=None
[2025-01-03T21:51:51.653+0100] {processor.py:208} INFO - Processing /Users/azeez.ganiyu/airflow_venv/lib/python3.9/site-packages/airflow/example_dags/tutorial_objectstorage.py took 0.254 seconds
