[2025-01-03T21:28:11.702+0100] {processor.py:186} INFO - Started process (PID=77755) to work on /Users/azeez.ganiyu/airflow_venv/lib/python3.9/site-packages/airflow/example_dags/tutorial_taskflow_templates.py
[2025-01-03T21:28:11.707+0100] {processor.py:914} INFO - Processing file /Users/azeez.ganiyu/airflow_venv/lib/python3.9/site-packages/airflow/example_dags/tutorial_taskflow_templates.py for tasks to queue
[2025-01-03T21:28:11.708+0100] {logging_mixin.py:190} INFO - [2025-01-03T21:28:11.708+0100] {dagbag.py:588} INFO - Filling up the DagBag from /Users/azeez.ganiyu/airflow_venv/lib/python3.9/site-packages/airflow/example_dags/tutorial_taskflow_templates.py
[2025-01-03T21:28:11.778+0100] {processor.py:925} INFO - DAG(s) 'tutorial_taskflow_templates' retrieved from /Users/azeez.ganiyu/airflow_venv/lib/python3.9/site-packages/airflow/example_dags/tutorial_taskflow_templates.py
[2025-01-03T21:28:12.091+0100] {logging_mixin.py:190} INFO - [2025-01-03T21:28:12.090+0100] {override.py:1912} INFO - Created Permission View: can delete on DAG:tutorial_taskflow_templates
[2025-01-03T21:28:12.102+0100] {logging_mixin.py:190} INFO - [2025-01-03T21:28:12.101+0100] {override.py:1912} INFO - Created Permission View: can edit on DAG:tutorial_taskflow_templates
[2025-01-03T21:28:12.112+0100] {logging_mixin.py:190} INFO - [2025-01-03T21:28:12.111+0100] {override.py:1912} INFO - Created Permission View: can read on DAG:tutorial_taskflow_templates
[2025-01-03T21:28:12.126+0100] {logging_mixin.py:190} INFO - [2025-01-03T21:28:12.125+0100] {override.py:1912} INFO - Created Permission View: can delete on DAG Run:tutorial_taskflow_templates
[2025-01-03T21:28:12.134+0100] {logging_mixin.py:190} INFO - [2025-01-03T21:28:12.134+0100] {override.py:1912} INFO - Created Permission View: can create on DAG Run:tutorial_taskflow_templates
[2025-01-03T21:28:12.145+0100] {logging_mixin.py:190} INFO - [2025-01-03T21:28:12.144+0100] {override.py:1912} INFO - Created Permission View: menu access on DAG Run:tutorial_taskflow_templates
[2025-01-03T21:28:12.153+0100] {logging_mixin.py:190} INFO - [2025-01-03T21:28:12.152+0100] {override.py:1912} INFO - Created Permission View: can read on DAG Run:tutorial_taskflow_templates
[2025-01-03T21:28:12.154+0100] {logging_mixin.py:190} INFO - [2025-01-03T21:28:12.153+0100] {dag.py:3239} INFO - Sync 1 DAGs
[2025-01-03T21:28:12.167+0100] {logging_mixin.py:190} INFO - [2025-01-03T21:28:12.167+0100] {dag.py:3262} INFO - Creating ORM DAG for tutorial_taskflow_templates
[2025-01-03T21:28:12.174+0100] {logging_mixin.py:190} INFO - [2025-01-03T21:28:12.174+0100] {dag.py:4180} INFO - Setting next_dagrun for tutorial_taskflow_templates to 2025-01-02 00:00:00+00:00, run_after=2025-01-03 00:00:00+00:00
[2025-01-03T21:28:12.194+0100] {processor.py:208} INFO - Processing /Users/azeez.ganiyu/airflow_venv/lib/python3.9/site-packages/airflow/example_dags/tutorial_taskflow_templates.py took 0.500 seconds
[2025-01-03T21:32:02.777+0100] {processor.py:186} INFO - Started process (PID=79140) to work on /Users/azeez.ganiyu/airflow_venv/lib/python3.9/site-packages/airflow/example_dags/tutorial_taskflow_templates.py
[2025-01-03T21:32:02.782+0100] {processor.py:914} INFO - Processing file /Users/azeez.ganiyu/airflow_venv/lib/python3.9/site-packages/airflow/example_dags/tutorial_taskflow_templates.py for tasks to queue
[2025-01-03T21:32:02.783+0100] {logging_mixin.py:190} INFO - [2025-01-03T21:32:02.783+0100] {dagbag.py:588} INFO - Filling up the DagBag from /Users/azeez.ganiyu/airflow_venv/lib/python3.9/site-packages/airflow/example_dags/tutorial_taskflow_templates.py
[2025-01-03T21:32:02.844+0100] {processor.py:925} INFO - DAG(s) 'tutorial_taskflow_templates' retrieved from /Users/azeez.ganiyu/airflow_venv/lib/python3.9/site-packages/airflow/example_dags/tutorial_taskflow_templates.py
[2025-01-03T21:32:02.980+0100] {logging_mixin.py:190} INFO - [2025-01-03T21:32:02.980+0100] {dag.py:3239} INFO - Sync 1 DAGs
[2025-01-03T21:32:02.995+0100] {logging_mixin.py:190} INFO - [2025-01-03T21:32:02.995+0100] {dag.py:4180} INFO - Setting next_dagrun for tutorial_taskflow_templates to 2025-01-02 00:00:00+00:00, run_after=2025-01-03 00:00:00+00:00
[2025-01-03T21:32:03.015+0100] {processor.py:208} INFO - Processing /Users/azeez.ganiyu/airflow_venv/lib/python3.9/site-packages/airflow/example_dags/tutorial_taskflow_templates.py took 0.245 seconds
[2025-01-03T21:35:55.393+0100] {processor.py:186} INFO - Started process (PID=80933) to work on /Users/azeez.ganiyu/airflow_venv/lib/python3.9/site-packages/airflow/example_dags/tutorial_taskflow_templates.py
[2025-01-03T21:35:55.399+0100] {processor.py:914} INFO - Processing file /Users/azeez.ganiyu/airflow_venv/lib/python3.9/site-packages/airflow/example_dags/tutorial_taskflow_templates.py for tasks to queue
[2025-01-03T21:35:55.401+0100] {logging_mixin.py:190} INFO - [2025-01-03T21:35:55.401+0100] {dagbag.py:588} INFO - Filling up the DagBag from /Users/azeez.ganiyu/airflow_venv/lib/python3.9/site-packages/airflow/example_dags/tutorial_taskflow_templates.py
[2025-01-03T21:35:55.464+0100] {processor.py:925} INFO - DAG(s) 'tutorial_taskflow_templates' retrieved from /Users/azeez.ganiyu/airflow_venv/lib/python3.9/site-packages/airflow/example_dags/tutorial_taskflow_templates.py
[2025-01-03T21:35:55.601+0100] {logging_mixin.py:190} INFO - [2025-01-03T21:35:55.601+0100] {dag.py:3239} INFO - Sync 1 DAGs
[2025-01-03T21:35:55.617+0100] {logging_mixin.py:190} INFO - [2025-01-03T21:35:55.617+0100] {dag.py:4180} INFO - Setting next_dagrun for tutorial_taskflow_templates to 2025-01-02 00:00:00+00:00, run_after=2025-01-03 00:00:00+00:00
[2025-01-03T21:35:55.637+0100] {processor.py:208} INFO - Processing /Users/azeez.ganiyu/airflow_venv/lib/python3.9/site-packages/airflow/example_dags/tutorial_taskflow_templates.py took 0.253 seconds
[2025-01-03T21:39:11.181+0100] {processor.py:186} INFO - Started process (PID=82024) to work on /Users/azeez.ganiyu/airflow_venv/lib/python3.9/site-packages/airflow/example_dags/tutorial_taskflow_templates.py
[2025-01-03T21:39:11.186+0100] {processor.py:914} INFO - Processing file /Users/azeez.ganiyu/airflow_venv/lib/python3.9/site-packages/airflow/example_dags/tutorial_taskflow_templates.py for tasks to queue
[2025-01-03T21:39:11.187+0100] {logging_mixin.py:190} INFO - [2025-01-03T21:39:11.187+0100] {dagbag.py:588} INFO - Filling up the DagBag from /Users/azeez.ganiyu/airflow_venv/lib/python3.9/site-packages/airflow/example_dags/tutorial_taskflow_templates.py
[2025-01-03T21:39:11.248+0100] {processor.py:925} INFO - DAG(s) 'tutorial_taskflow_templates' retrieved from /Users/azeez.ganiyu/airflow_venv/lib/python3.9/site-packages/airflow/example_dags/tutorial_taskflow_templates.py
[2025-01-03T21:39:11.391+0100] {logging_mixin.py:190} INFO - [2025-01-03T21:39:11.390+0100] {dag.py:3239} INFO - Sync 1 DAGs
[2025-01-03T21:39:11.407+0100] {logging_mixin.py:190} INFO - [2025-01-03T21:39:11.407+0100] {dag.py:4180} INFO - Setting next_dagrun for tutorial_taskflow_templates to 2025-01-02 00:00:00+00:00, run_after=2025-01-03 00:00:00+00:00
[2025-01-03T21:39:11.428+0100] {processor.py:208} INFO - Processing /Users/azeez.ganiyu/airflow_venv/lib/python3.9/site-packages/airflow/example_dags/tutorial_taskflow_templates.py took 0.254 seconds
[2025-01-03T21:42:16.144+0100] {processor.py:186} INFO - Started process (PID=83766) to work on /Users/azeez.ganiyu/airflow_venv/lib/python3.9/site-packages/airflow/example_dags/tutorial_taskflow_templates.py
[2025-01-03T21:42:16.149+0100] {processor.py:914} INFO - Processing file /Users/azeez.ganiyu/airflow_venv/lib/python3.9/site-packages/airflow/example_dags/tutorial_taskflow_templates.py for tasks to queue
[2025-01-03T21:42:16.150+0100] {logging_mixin.py:190} INFO - [2025-01-03T21:42:16.149+0100] {dagbag.py:588} INFO - Filling up the DagBag from /Users/azeez.ganiyu/airflow_venv/lib/python3.9/site-packages/airflow/example_dags/tutorial_taskflow_templates.py
[2025-01-03T21:42:16.212+0100] {processor.py:925} INFO - DAG(s) 'tutorial_taskflow_templates' retrieved from /Users/azeez.ganiyu/airflow_venv/lib/python3.9/site-packages/airflow/example_dags/tutorial_taskflow_templates.py
[2025-01-03T21:42:16.345+0100] {logging_mixin.py:190} INFO - [2025-01-03T21:42:16.344+0100] {dag.py:3239} INFO - Sync 1 DAGs
[2025-01-03T21:42:16.360+0100] {logging_mixin.py:190} INFO - [2025-01-03T21:42:16.360+0100] {dag.py:4180} INFO - Setting next_dagrun for tutorial_taskflow_templates to 2025-01-02 00:00:00+00:00, run_after=2025-01-03 00:00:00+00:00
[2025-01-03T21:42:16.381+0100] {processor.py:208} INFO - Processing /Users/azeez.ganiyu/airflow_venv/lib/python3.9/site-packages/airflow/example_dags/tutorial_taskflow_templates.py took 0.244 seconds
[2025-01-03T21:45:23.165+0100] {processor.py:186} INFO - Started process (PID=84892) to work on /Users/azeez.ganiyu/airflow_venv/lib/python3.9/site-packages/airflow/example_dags/tutorial_taskflow_templates.py
[2025-01-03T21:45:23.170+0100] {processor.py:914} INFO - Processing file /Users/azeez.ganiyu/airflow_venv/lib/python3.9/site-packages/airflow/example_dags/tutorial_taskflow_templates.py for tasks to queue
[2025-01-03T21:45:23.171+0100] {logging_mixin.py:190} INFO - [2025-01-03T21:45:23.171+0100] {dagbag.py:588} INFO - Filling up the DagBag from /Users/azeez.ganiyu/airflow_venv/lib/python3.9/site-packages/airflow/example_dags/tutorial_taskflow_templates.py
[2025-01-03T21:45:23.233+0100] {processor.py:925} INFO - DAG(s) 'tutorial_taskflow_templates' retrieved from /Users/azeez.ganiyu/airflow_venv/lib/python3.9/site-packages/airflow/example_dags/tutorial_taskflow_templates.py
[2025-01-03T21:45:23.368+0100] {logging_mixin.py:190} INFO - [2025-01-03T21:45:23.368+0100] {dag.py:3239} INFO - Sync 1 DAGs
[2025-01-03T21:45:23.384+0100] {logging_mixin.py:190} INFO - [2025-01-03T21:45:23.383+0100] {dag.py:4180} INFO - Setting next_dagrun for tutorial_taskflow_templates to 2025-01-02 00:00:00+00:00, run_after=2025-01-03 00:00:00+00:00
[2025-01-03T21:45:23.405+0100] {processor.py:208} INFO - Processing /Users/azeez.ganiyu/airflow_venv/lib/python3.9/site-packages/airflow/example_dags/tutorial_taskflow_templates.py took 0.248 seconds
[2025-01-03T21:48:37.580+0100] {processor.py:186} INFO - Started process (PID=86541) to work on /Users/azeez.ganiyu/airflow_venv/lib/python3.9/site-packages/airflow/example_dags/tutorial_taskflow_templates.py
[2025-01-03T21:48:37.585+0100] {processor.py:914} INFO - Processing file /Users/azeez.ganiyu/airflow_venv/lib/python3.9/site-packages/airflow/example_dags/tutorial_taskflow_templates.py for tasks to queue
[2025-01-03T21:48:37.586+0100] {logging_mixin.py:190} INFO - [2025-01-03T21:48:37.586+0100] {dagbag.py:588} INFO - Filling up the DagBag from /Users/azeez.ganiyu/airflow_venv/lib/python3.9/site-packages/airflow/example_dags/tutorial_taskflow_templates.py
[2025-01-03T21:48:37.647+0100] {processor.py:925} INFO - DAG(s) 'tutorial_taskflow_templates' retrieved from /Users/azeez.ganiyu/airflow_venv/lib/python3.9/site-packages/airflow/example_dags/tutorial_taskflow_templates.py
[2025-01-03T21:48:37.791+0100] {logging_mixin.py:190} INFO - [2025-01-03T21:48:37.791+0100] {dag.py:3239} INFO - Sync 1 DAGs
[2025-01-03T21:48:37.808+0100] {logging_mixin.py:190} INFO - [2025-01-03T21:48:37.808+0100] {dag.py:4180} INFO - Setting next_dagrun for tutorial_taskflow_templates to 2025-01-02 00:00:00+00:00, run_after=2025-01-03 00:00:00+00:00
[2025-01-03T21:48:37.830+0100] {processor.py:208} INFO - Processing /Users/azeez.ganiyu/airflow_venv/lib/python3.9/site-packages/airflow/example_dags/tutorial_taskflow_templates.py took 0.258 seconds
[2025-01-03T21:51:42.742+0100] {processor.py:186} INFO - Started process (PID=87586) to work on /Users/azeez.ganiyu/airflow_venv/lib/python3.9/site-packages/airflow/example_dags/tutorial_taskflow_templates.py
[2025-01-03T21:51:42.747+0100] {processor.py:914} INFO - Processing file /Users/azeez.ganiyu/airflow_venv/lib/python3.9/site-packages/airflow/example_dags/tutorial_taskflow_templates.py for tasks to queue
[2025-01-03T21:51:42.748+0100] {logging_mixin.py:190} INFO - [2025-01-03T21:51:42.748+0100] {dagbag.py:588} INFO - Filling up the DagBag from /Users/azeez.ganiyu/airflow_venv/lib/python3.9/site-packages/airflow/example_dags/tutorial_taskflow_templates.py
[2025-01-03T21:51:42.817+0100] {processor.py:925} INFO - DAG(s) 'tutorial_taskflow_templates' retrieved from /Users/azeez.ganiyu/airflow_venv/lib/python3.9/site-packages/airflow/example_dags/tutorial_taskflow_templates.py
[2025-01-03T21:51:42.963+0100] {logging_mixin.py:190} INFO - [2025-01-03T21:51:42.963+0100] {dag.py:3239} INFO - Sync 1 DAGs
[2025-01-03T21:51:42.981+0100] {logging_mixin.py:190} INFO - [2025-01-03T21:51:42.981+0100] {dag.py:4180} INFO - Setting next_dagrun for tutorial_taskflow_templates to 2025-01-02 00:00:00+00:00, run_after=2025-01-03 00:00:00+00:00
[2025-01-03T21:51:43.004+0100] {processor.py:208} INFO - Processing /Users/azeez.ganiyu/airflow_venv/lib/python3.9/site-packages/airflow/example_dags/tutorial_taskflow_templates.py took 0.270 seconds
