[2025-02-01T19:58:25.074+0000] {local_task_job_runner.py:123} INFO - ::group::Pre task execution logs
[2025-02-01T19:58:25.089+0000] {taskinstance.py:2613} INFO - Dependencies all met for dep_context=non-requeueable deps ti=<TaskInstance: dag_with_postgres_operator_v03.create_postgres_table scheduled__2025-01-27T00:00:00+00:00 [queued]>
[2025-02-01T19:58:25.099+0000] {taskinstance.py:2613} INFO - Dependencies all met for dep_context=requeueable deps ti=<TaskInstance: dag_with_postgres_operator_v03.create_postgres_table scheduled__2025-01-27T00:00:00+00:00 [queued]>
[2025-02-01T19:58:25.100+0000] {taskinstance.py:2866} INFO - Starting attempt 1 of 6
[2025-02-01T19:58:25.126+0000] {taskinstance.py:2889} INFO - Executing <Task(PostgresOperator): create_postgres_table> on 2025-01-27 00:00:00+00:00
[2025-02-01T19:58:25.131+0000] {standard_task_runner.py:72} INFO - Started process 133 to run task
[2025-02-01T19:58:25.134+0000] {standard_task_runner.py:104} INFO - Running: ['airflow', 'tasks', 'run', 'dag_with_postgres_operator_v03', 'create_postgres_table', 'scheduled__2025-01-27T00:00:00+00:00', '--job-id', '87', '--raw', '--subdir', 'DAGS_FOLDER/dag_with_postgres_operator.py', '--cfg-path', '/tmp/tmpl19ugn9y']
[2025-02-01T19:58:25.136+0000] {standard_task_runner.py:105} INFO - Job 87: Subtask create_postgres_table
[2025-02-01T19:58:25.206+0000] {task_command.py:467} INFO - Running <TaskInstance: dag_with_postgres_operator_v03.create_postgres_table scheduled__2025-01-27T00:00:00+00:00 [running]> on host ba586a51095f
[2025-02-01T19:58:25.304+0000] {taskinstance.py:3132} INFO - Exporting env vars: AIRFLOW_CTX_DAG_OWNER='coder2j' AIRFLOW_CTX_DAG_ID='dag_with_postgres_operator_v03' AIRFLOW_CTX_TASK_ID='create_postgres_table' AIRFLOW_CTX_EXECUTION_DATE='2025-01-27T00:00:00+00:00' AIRFLOW_CTX_TRY_NUMBER='1' AIRFLOW_CTX_DAG_RUN_ID='scheduled__2025-01-27T00:00:00+00:00'
[2025-02-01T19:58:25.305+0000] {taskinstance.py:731} INFO - ::endgroup::
[2025-02-01T19:58:25.322+0000] {sql.py:278} INFO - Executing: 
            create table if not exists dag_runs (
                dt date,
                dag_id character varying,
                primary key (dt, dag_id)
            )
        
[2025-02-01T19:58:25.333+0000] {base.py:84} INFO - Retrieving connection 'postgres_localhost'
[2025-02-01T19:58:25.408+0000] {base.py:84} INFO - Retrieving connection 'postgres_localhost'
[2025-02-01T19:58:25.420+0000] {sql.py:553} INFO - Running statement: 
            create table if not exists dag_runs (
                dt date,
                dag_id character varying,
                primary key (dt, dag_id)
            )
        , parameters: None
[2025-02-01T19:58:25.433+0000] {taskinstance.py:340} INFO - ::group::Post task execution logs
[2025-02-01T19:58:25.434+0000] {taskinstance.py:352} INFO - Marking task as SUCCESS. dag_id=dag_with_postgres_operator_v03, task_id=create_postgres_table, run_id=scheduled__2025-01-27T00:00:00+00:00, execution_date=20250127T000000, start_date=20250201T195825, end_date=20250201T195825
[2025-02-01T19:58:25.478+0000] {local_task_job_runner.py:266} INFO - Task exited with return code 0
[2025-02-01T19:58:25.520+0000] {taskinstance.py:3895} INFO - 1 downstream tasks scheduled from follow-on schedule check
[2025-02-01T19:58:25.528+0000] {local_task_job_runner.py:245} INFO - ::endgroup::
