[2025-02-07T09:11:07.778+0000] {local_task_job_runner.py:123} INFO - ::group::Pre task execution logs
[2025-02-07T09:11:07.820+0000] {taskinstance.py:2613} INFO - Dependencies all met for dep_context=non-requeueable deps ti=<TaskInstance: Temp_elt_postgres.extract_weather_data manual__2025-02-07T09:10:42.443270+00:00 [queued]>
[2025-02-07T09:11:07.850+0000] {taskinstance.py:2613} INFO - Dependencies all met for dep_context=requeueable deps ti=<TaskInstance: Temp_elt_postgres.extract_weather_data manual__2025-02-07T09:10:42.443270+00:00 [queued]>
[2025-02-07T09:11:07.852+0000] {taskinstance.py:2866} INFO - Starting attempt 1 of 2
[2025-02-07T09:11:07.926+0000] {taskinstance.py:2889} INFO - Executing <Task(PythonOperator): extract_weather_data> on 2025-02-07 09:10:42.443270+00:00
[2025-02-07T09:11:07.947+0000] {standard_task_runner.py:104} INFO - Running: ['airflow', 'tasks', 'run', 'Temp_elt_postgres', 'extract_weather_data', 'manual__2025-02-07T09:10:42.443270+00:00', '--job-id', '204', '--raw', '--subdir', 'DAGS_FOLDER/weather_etl_postgres.py', '--cfg-path', '/tmp/tmpmg_34j2i']
[2025-02-07T09:11:07.961+0000] {standard_task_runner.py:105} INFO - Job 204: Subtask extract_weather_data
[2025-02-07T09:11:07.961+0000] {logging_mixin.py:190} WARNING - /home/airflow/.local/lib/python3.12/site-packages/airflow/task/task_runner/standard_task_runner.py:70 DeprecationWarning: This process (pid=100) is multi-threaded, use of fork() may lead to deadlocks in the child.
[2025-02-07T09:11:07.966+0000] {standard_task_runner.py:72} INFO - Started process 110 to run task
[2025-02-07T09:11:08.138+0000] {task_command.py:467} INFO - Running <TaskInstance: Temp_elt_postgres.extract_weather_data manual__2025-02-07T09:10:42.443270+00:00 [running]> on host 9ceba9be2552
[2025-02-07T09:11:08.439+0000] {taskinstance.py:3132} INFO - Exporting env vars: AIRFLOW_CTX_DAG_OWNER='zalihat' AIRFLOW_CTX_DAG_ID='Temp_elt_postgres' AIRFLOW_CTX_TASK_ID='extract_weather_data' AIRFLOW_CTX_EXECUTION_DATE='2025-02-07T09:10:42.443270+00:00' AIRFLOW_CTX_TRY_NUMBER='1' AIRFLOW_CTX_DAG_RUN_ID='manual__2025-02-07T09:10:42.443270+00:00'
[2025-02-07T09:11:08.443+0000] {taskinstance.py:731} INFO - ::endgroup::
[2025-02-07T09:11:09.227+0000] {logging_mixin.py:190} INFO - {'location': {'name': 'Gwagwaldda', 'region': 'Federal Capital Territory', 'country': 'Nigeria', 'lat': 8.9414, 'lon': 7.0919, 'tz_id': 'Africa/Lagos', 'localtime_epoch': 1738919449, 'localtime': '2025-02-07 10:10'}, 'current': {'last_updated_epoch': 1738918800, 'last_updated': '2025-02-07 10:00', 'temp_c': 31.5, 'temp_f': 88.7, 'is_day': 1, 'condition': {'text': 'Sunny', 'icon': '//cdn.weatherapi.com/weather/64x64/day/113.png', 'code': 1000}, 'wind_mph': 6.9, 'wind_kph': 11.2, 'wind_degree': 140, 'wind_dir': 'SE', 'pressure_mb': 1011.0, 'pressure_in': 29.84, 'precip_mm': 0.0, 'precip_in': 0.0, 'humidity': 10, 'cloud': 0, 'feelslike_c': 29.3, 'feelslike_f': 84.7, 'windchill_c': 31.5, 'windchill_f': 88.7, 'heatindex_c': 29.3, 'heatindex_f': 84.7, 'dewpoint_c': -3.7, 'dewpoint_f': 25.4, 'vis_km': 10.0, 'vis_miles': 6.0, 'uv': 4.3, 'gust_mph': 8.0, 'gust_kph': 12.9}}
[2025-02-07T09:11:09.317+0000] {logging_mixin.py:190} INFO -   location.name            location.region  ... current.gust_mph  current.gust_kph
0    Gwagwaldda  Federal Capital Territory  ...              8.0              12.9

[1 rows x 39 columns]
[2025-02-07T09:11:09.735+0000] {logging_mixin.py:190} INFO - Raw data saved partitioned by date.
[2025-02-07T09:11:09.737+0000] {python.py:240} INFO - Done. Returned value was: None
[2025-02-07T09:11:09.759+0000] {taskinstance.py:340} INFO - ::group::Post task execution logs
[2025-02-07T09:11:09.760+0000] {taskinstance.py:352} INFO - Marking task as SUCCESS. dag_id=Temp_elt_postgres, task_id=extract_weather_data, run_id=manual__2025-02-07T09:10:42.443270+00:00, execution_date=20250207T091042, start_date=20250207T091107, end_date=20250207T091109
[2025-02-07T09:11:09.855+0000] {local_task_job_runner.py:266} INFO - Task exited with return code 0
[2025-02-07T09:11:09.932+0000] {taskinstance.py:3895} INFO - 1 downstream tasks scheduled from follow-on schedule check
[2025-02-07T09:11:09.944+0000] {local_task_job_runner.py:245} INFO - ::endgroup::
